<?xml version="1.0" encoding="UTF-8"?>
<testsuites name="Prototyp Filialsuche (RC18) 13_03_2018" time="1470" tests="50" failures="7" errors="0">
   <testsuite name="Prototyp Filialsuche (RC18) 13_03_2018" tests="50" failures="7" errors="0" time="1470" timestamp="2018-03-13 10:44:53" hostname="lbut - Unitb-Dell22.Werk.UnitB.de" id="Test Suites/Prototyp Filialsuche (RC18) 13_03_2018">
      <properties>
         <property name="deviceName" value=""/>
         <property name="devicePlatform" value=""/>
         <property name="logFolder" value="C:\\Users\\lbut\\Downloads\\Prototyp1_12_03\\Prototyp1\\Reports\\Prototyp Filialsuche (RC18) 13_03_2018\\20180313_104448"/>
         <property name="logFiles" value="C:\\Users\\lbut\\Downloads\\Prototyp1_12_03\\Prototyp1\\Reports\\Prototyp Filialsuche (RC18) 13_03_2018\\20180313_104448\\execution0.log, C:\\Users\\lbut\\Downloads\\Prototyp1_12_03\\Prototyp1\\Reports\\Prototyp Filialsuche (RC18) 13_03_2018\\20180313_104448\\IEDriverServer.log"/>
         <property name="attachments" value="C:\\Users\\lbut\\Downloads\\Prototyp1_12_03\\Prototyp1\\Reports\\Prototyp Filialsuche (RC18) 13_03_2018\\20180313_104448\\1520934819174.png, C:\\Users\\lbut\\Downloads\\Prototyp1_12_03\\Prototyp1\\Reports\\Prototyp Filialsuche (RC18) 13_03_2018\\20180313_104448\\1520935266945.png, C:\\Users\\lbut\\Downloads\\Prototyp1_12_03\\Prototyp1\\Reports\\Prototyp Filialsuche (RC18) 13_03_2018\\20180313_104448\\1520935389669.png, C:\\Users\\lbut\\Downloads\\Prototyp1_12_03\\Prototyp1\\Reports\\Prototyp Filialsuche (RC18) 13_03_2018\\20180313_104448\\1520935548798.png, C:\\Users\\lbut\\Downloads\\Prototyp1_12_03\\Prototyp1\\Reports\\Prototyp Filialsuche (RC18) 13_03_2018\\20180313_104448\\1520935548871.png, C:\\Users\\lbut\\Downloads\\Prototyp1_12_03\\Prototyp1\\Reports\\Prototyp Filialsuche (RC18) 13_03_2018\\20180313_104448\\1520935557094.png, C:\\Users\\lbut\\Downloads\\Prototyp1_12_03\\Prototyp1\\Reports\\Prototyp Filialsuche (RC18) 13_03_2018\\20180313_104448\\1520935557203.png, C:\\Users\\lbut\\Downloads\\Prototyp1_12_03\\Prototyp1\\Reports\\Prototyp Filialsuche (RC18) 13_03_2018\\20180313_104448\\1520935719904.png"/>
         <property name="hostName" value="lbut - Unitb-Dell22.Werk.UnitB.de"/>
         <property name="os" value="Windows 7 64bit"/>
         <property name="katalonVersion" value="5.3.0.1"/>
         <property name="browser" value="IE 11"/>
         <property name="hostAddress" value="192.168.134.64"/>
         <property name="sessionId" value="e504df7f-6a79-4cbf-9d94-b5eda6ac0869"/>
         <property name="seleniumVersion" value="3.7.1"/>
         <property name="proxyInformation" value="ProxyInformation{proxyOption=NO_PROXY, proxyServerType=HTTP, password=, proxyServerAddress=, proxyServerPort=0}"/>
         <property name="platform" value="Windows 7"/>
      </properties>
      <testcase name="Test Cases/Prototyp_Filialsuche (RC 18)/01_Testfall" classname="Test Cases/Prototyp_Filialsuche (RC 18)/01_Testfall" status="PASSED">
         <system-out><![CDATA[2018-03-13 10:44:54 - [TEST_CASE][PASSED] - Test Cases/Prototyp_Filialsuche (RC 18)/01_Testfall: Test Cases/Prototyp_Filialsuche (RC 18)/01_Testfall

2018-03-13 10:44:55 - [TEST_STEP][PASSED] - openBrowser: Browser is opened with url: ''

2018-03-13 10:45:07 - [MESSAGE][PASSED] - Browser is opened with url: ''

2018-03-13 10:45:07 - [TEST_STEP][PASSED] - deleteAllCookies: Delete all cookies successfully

2018-03-13 10:45:07 - [MESSAGE][PASSED] - Delete all cookies successfully

2018-03-13 10:45:07 - [TEST_STEP][PASSED] - maximizeWindow: Current window maximized

2018-03-13 10:45:07 - [MESSAGE][PASSED] - Current window maximized

2018-03-13 10:45:07 - [TEST_STEP][PASSED] - navigateToUrl: Navigate to 'http://rc-ogrhtmlprototyp.testintern/18-1-0/filialsuche.html' successfully

2018-03-13 10:45:17 - [MESSAGE][PASSED] - Navigate to 'http://rc-ogrhtmlprototyp.testintern/18-1-0/filialsuche.html' successfully

2018-03-13 10:45:17 - [TEST_STEP][PASSED] - delay: Delayed 5 second(s)

2018-03-13 10:45:22 - [MESSAGE][PASSED] - Delayed 5 second(s)

2018-03-13 10:45:22 - [TEST_STEP][PASSED] - Statement - wes = com.kms.katalon.core.webui.common.WebUiCommonHelper.findWebElements(com.kms.katalon.core.testobject.ObjectRepository.findTestObject(filial_map), 5): Found 61 web elements with id: 'Object Repository/filial_map' located by 'By.xpath: //div[@class='aps-map__custom-marker']' in '5' second(s)

2018-03-13 10:45:24 - [TEST_STEP][PASSED] - Statement - For ([i = 0, i < wes.size(), (i++)]): null

2018-03-13 10:45:24 - [TEST_STEP][PASSED] - Statement - el = wes.get(i): null

2018-03-13 10:45:24 - [TEST_STEP][PASSED] - Statement - If (!(el.isDisplayed())): null

2018-03-13 10:45:24 - [TEST_STEP][PASSED] - Statement - el = wes.get(i): null

2018-03-13 10:45:24 - [TEST_STEP][PASSED] - Statement - If (!(el.isDisplayed())): null

2018-03-13 10:45:24 - [TEST_STEP][PASSED] - Statement - el = wes.get(i): null

2018-03-13 10:45:24 - [TEST_STEP][PASSED] - Statement - If (!(el.isDisplayed())): null

2018-03-13 10:45:24 - [TEST_STEP][PASSED] - Statement - el = wes.get(i): null

2018-03-13 10:45:24 - [TEST_STEP][PASSED] - Statement - If (!(el.isDisplayed())): null

2018-03-13 10:45:24 - [TEST_STEP][PASSED] - Statement - el = wes.get(i): null

2018-03-13 10:45:24 - [TEST_STEP][PASSED] - Statement - If (!(el.isDisplayed())): null

2018-03-13 10:45:25 - [TEST_STEP][PASSED] - Statement - el = wes.get(i): null

2018-03-13 10:45:25 - [TEST_STEP][PASSED] - Statement - If (!(el.isDisplayed())): null

2018-03-13 10:45:25 - [TEST_STEP][PASSED] - Statement - el = wes.get(i): null

2018-03-13 10:45:25 - [TEST_STEP][PASSED] - Statement - If (!(el.isDisplayed())): null

2018-03-13 10:45:25 - [TEST_STEP][PASSED] - Statement - el = wes.get(i): null

2018-03-13 10:45:25 - [TEST_STEP][PASSED] - Statement - If (!(el.isDisplayed())): null

2018-03-13 10:45:25 - [TEST_STEP][PASSED] - Statement - el = wes.get(i): null

2018-03-13 10:45:25 - [TEST_STEP][PASSED] - Statement - If (!(el.isDisplayed())): null

2018-03-13 10:45:25 - [TEST_STEP][PASSED] - Statement - el = wes.get(i): null

2018-03-13 10:45:25 - [TEST_STEP][PASSED] - Statement - If (!(el.isDisplayed())): null

2018-03-13 10:45:25 - [TEST_STEP][PASSED] - Statement - el = wes.get(i): null

2018-03-13 10:45:25 - [TEST_STEP][PASSED] - Statement - If (!(el.isDisplayed())): null

2018-03-13 10:45:25 - [TEST_STEP][PASSED] - Statement - el = wes.get(i): null

2018-03-13 10:45:25 - [TEST_STEP][PASSED] - Statement - If (!(el.isDisplayed())): null

2018-03-13 10:45:25 - [TEST_STEP][PASSED] - Statement - el = wes.get(i): null

2018-03-13 10:45:25 - [TEST_STEP][PASSED] - Statement - If (!(el.isDisplayed())): null

2018-03-13 10:45:25 - [TEST_STEP][PASSED] - Statement - el = wes.get(i): null

2018-03-13 10:45:25 - [TEST_STEP][PASSED] - Statement - If (!(el.isDisplayed())): null

2018-03-13 10:45:25 - [TEST_STEP][PASSED] - Statement - el = wes.get(i): null

2018-03-13 10:45:25 - [TEST_STEP][PASSED] - Statement - If (!(el.isDisplayed())): null

2018-03-13 10:45:25 - [TEST_STEP][PASSED] - Statement - el = wes.get(i): null

2018-03-13 10:45:25 - [TEST_STEP][PASSED] - Statement - If (!(el.isDisplayed())): null

2018-03-13 10:45:25 - [TEST_STEP][PASSED] - Statement - el = wes.get(i): null

2018-03-13 10:45:25 - [TEST_STEP][PASSED] - Statement - If (!(el.isDisplayed())): null

2018-03-13 10:45:25 - [TEST_STEP][PASSED] - Statement - el = wes.get(i): null

2018-03-13 10:45:25 - [TEST_STEP][PASSED] - Statement - If (!(el.isDisplayed())): null

2018-03-13 10:45:25 - [TEST_STEP][PASSED] - Statement - el = wes.get(i): null

2018-03-13 10:45:25 - [TEST_STEP][PASSED] - Statement - If (!(el.isDisplayed())): null

2018-03-13 10:45:25 - [TEST_STEP][PASSED] - Statement - el = wes.get(i): null

2018-03-13 10:45:25 - [TEST_STEP][PASSED] - Statement - If (!(el.isDisplayed())): null

2018-03-13 10:45:25 - [TEST_STEP][PASSED] - Statement - el = wes.get(i): null

2018-03-13 10:45:25 - [TEST_STEP][PASSED] - Statement - If (!(el.isDisplayed())): null

2018-03-13 10:45:25 - [TEST_STEP][PASSED] - Statement - el = wes.get(i): null

2018-03-13 10:45:25 - [TEST_STEP][PASSED] - Statement - If (!(el.isDisplayed())): null

2018-03-13 10:45:25 - [TEST_STEP][PASSED] - Statement - el = wes.get(i): null

2018-03-13 10:45:25 - [TEST_STEP][PASSED] - Statement - If (!(el.isDisplayed())): null

2018-03-13 10:45:25 - [TEST_STEP][PASSED] - Statement - el = wes.get(i): null

2018-03-13 10:45:25 - [TEST_STEP][PASSED] - Statement - If (!(el.isDisplayed())): null

2018-03-13 10:45:25 - [TEST_STEP][PASSED] - Statement - el = wes.get(i): null

2018-03-13 10:45:25 - [TEST_STEP][PASSED] - Statement - If (!(el.isDisplayed())): null

2018-03-13 10:45:25 - [TEST_STEP][PASSED] - Statement - el = wes.get(i): null

2018-03-13 10:45:25 - [TEST_STEP][PASSED] - Statement - If (!(el.isDisplayed())): null

2018-03-13 10:45:25 - [TEST_STEP][PASSED] - Statement - el = wes.get(i): null

2018-03-13 10:45:25 - [TEST_STEP][PASSED] - Statement - If (!(el.isDisplayed())): null

2018-03-13 10:45:25 - [TEST_STEP][PASSED] - Statement - el = wes.get(i): null

2018-03-13 10:45:25 - [TEST_STEP][PASSED] - Statement - If (!(el.isDisplayed())): null

2018-03-13 10:45:25 - [TEST_STEP][PASSED] - Statement - el = wes.get(i): null

2018-03-13 10:45:25 - [TEST_STEP][PASSED] - Statement - If (!(el.isDisplayed())): null

2018-03-13 10:45:26 - [TEST_STEP][PASSED] - Statement - el = wes.get(i): null

2018-03-13 10:45:26 - [TEST_STEP][PASSED] - Statement - If (!(el.isDisplayed())): null

2018-03-13 10:45:26 - [TEST_STEP][PASSED] - Statement - el = wes.get(i): null

2018-03-13 10:45:26 - [TEST_STEP][PASSED] - Statement - If (!(el.isDisplayed())): null

2018-03-13 10:45:26 - [TEST_STEP][PASSED] - Statement - el = wes.get(i): null

2018-03-13 10:45:26 - [TEST_STEP][PASSED] - Statement - If (!(el.isDisplayed())): null

2018-03-13 10:45:26 - [TEST_STEP][PASSED] - Statement - el = wes.get(i): null

2018-03-13 10:45:26 - [TEST_STEP][PASSED] - Statement - If (!(el.isDisplayed())): null

2018-03-13 10:45:26 - [TEST_STEP][PASSED] - Statement - el = wes.get(i): null

2018-03-13 10:45:26 - [TEST_STEP][PASSED] - Statement - If (!(el.isDisplayed())): null

2018-03-13 10:45:26 - [TEST_STEP][PASSED] - Statement - el = wes.get(i): null

2018-03-13 10:45:26 - [TEST_STEP][PASSED] - Statement - If (!(el.isDisplayed())): null

2018-03-13 10:45:26 - [TEST_STEP][PASSED] - Statement - el = wes.get(i): null

2018-03-13 10:45:26 - [TEST_STEP][PASSED] - Statement - If (!(el.isDisplayed())): null

2018-03-13 10:45:26 - [TEST_STEP][PASSED] - Statement - el = wes.get(i): null

2018-03-13 10:45:26 - [TEST_STEP][PASSED] - Statement - If (!(el.isDisplayed())): null

2018-03-13 10:45:26 - [TEST_STEP][PASSED] - Statement - el = wes.get(i): null

2018-03-13 10:45:26 - [TEST_STEP][PASSED] - Statement - If (!(el.isDisplayed())): null

2018-03-13 10:45:26 - [TEST_STEP][PASSED] - Statement - el = wes.get(i): null

2018-03-13 10:45:26 - [TEST_STEP][PASSED] - Statement - If (!(el.isDisplayed())): null

2018-03-13 10:45:26 - [TEST_STEP][PASSED] - Statement - el = wes.get(i): null

2018-03-13 10:45:26 - [TEST_STEP][PASSED] - Statement - If (!(el.isDisplayed())): null

2018-03-13 10:45:26 - [TEST_STEP][PASSED] - Statement - el = wes.get(i): null

2018-03-13 10:45:26 - [TEST_STEP][PASSED] - Statement - If (!(el.isDisplayed())): null

2018-03-13 10:45:26 - [TEST_STEP][PASSED] - Statement - el = wes.get(i): null

2018-03-13 10:45:26 - [TEST_STEP][PASSED] - Statement - If (!(el.isDisplayed())): null

2018-03-13 10:45:26 - [TEST_STEP][PASSED] - Statement - el = wes.get(i): null

2018-03-13 10:45:26 - [TEST_STEP][PASSED] - Statement - If (!(el.isDisplayed())): null

2018-03-13 10:45:26 - [TEST_STEP][PASSED] - Statement - el = wes.get(i): null

2018-03-13 10:45:26 - [TEST_STEP][PASSED] - Statement - If (!(el.isDisplayed())): null

2018-03-13 10:45:27 - [TEST_STEP][PASSED] - Statement - el = wes.get(i): null

2018-03-13 10:45:27 - [TEST_STEP][PASSED] - Statement - If (!(el.isDisplayed())): null

2018-03-13 10:45:27 - [TEST_STEP][PASSED] - Statement - el = wes.get(i): null

2018-03-13 10:45:27 - [TEST_STEP][PASSED] - Statement - If (!(el.isDisplayed())): null

2018-03-13 10:45:27 - [TEST_STEP][PASSED] - Statement - el = wes.get(i): null

2018-03-13 10:45:27 - [TEST_STEP][PASSED] - Statement - If (!(el.isDisplayed())): null

2018-03-13 10:45:27 - [TEST_STEP][PASSED] - Statement - el = wes.get(i): null

2018-03-13 10:45:27 - [TEST_STEP][PASSED] - Statement - If (!(el.isDisplayed())): null

2018-03-13 10:45:27 - [TEST_STEP][PASSED] - Statement - el = wes.get(i): null

2018-03-13 10:45:27 - [TEST_STEP][PASSED] - Statement - If (!(el.isDisplayed())): null

2018-03-13 10:45:27 - [TEST_STEP][PASSED] - Statement - el = wes.get(i): null

2018-03-13 10:45:27 - [TEST_STEP][PASSED] - Statement - If (!(el.isDisplayed())): null

2018-03-13 10:45:27 - [TEST_STEP][PASSED] - Statement - el = wes.get(i): null

2018-03-13 10:45:27 - [TEST_STEP][PASSED] - Statement - If (!(el.isDisplayed())): null

2018-03-13 10:45:27 - [TEST_STEP][PASSED] - Statement - el = wes.get(i): null

2018-03-13 10:45:27 - [TEST_STEP][PASSED] - Statement - If (!(el.isDisplayed())): null

2018-03-13 10:45:27 - [TEST_STEP][PASSED] - Statement - el = wes.get(i): null

2018-03-13 10:45:27 - [TEST_STEP][PASSED] - Statement - If (!(el.isDisplayed())): null

2018-03-13 10:45:27 - [TEST_STEP][PASSED] - Statement - el = wes.get(i): null

2018-03-13 10:45:27 - [TEST_STEP][PASSED] - Statement - If (!(el.isDisplayed())): null

2018-03-13 10:45:27 - [TEST_STEP][PASSED] - Statement - el = wes.get(i): null

2018-03-13 10:45:27 - [TEST_STEP][PASSED] - Statement - If (!(el.isDisplayed())): null

2018-03-13 10:45:27 - [TEST_STEP][PASSED] - Statement - el = wes.get(i): null

2018-03-13 10:45:27 - [TEST_STEP][PASSED] - Statement - If (!(el.isDisplayed())): null

2018-03-13 10:45:28 - [TEST_STEP][PASSED] - Statement - el = wes.get(i): null

2018-03-13 10:45:28 - [TEST_STEP][PASSED] - Statement - If (!(el.isDisplayed())): null

2018-03-13 10:45:28 - [TEST_STEP][PASSED] - Statement - el = wes.get(i): null

2018-03-13 10:45:28 - [TEST_STEP][PASSED] - Statement - If (!(el.isDisplayed())): null

2018-03-13 10:45:28 - [TEST_STEP][PASSED] - Statement - el = wes.get(i): null

2018-03-13 10:45:28 - [TEST_STEP][PASSED] - Statement - If (!(el.isDisplayed())): null

2018-03-13 10:45:28 - [TEST_STEP][PASSED] - Statement - el = wes.get(i): null

2018-03-13 10:45:28 - [TEST_STEP][PASSED] - Statement - If (!(el.isDisplayed())): null

2018-03-13 10:45:28 - [TEST_STEP][PASSED] - Statement - el = wes.get(i): null

2018-03-13 10:45:28 - [TEST_STEP][PASSED] - Statement - If (!(el.isDisplayed())): null

2018-03-13 10:45:28 - [TEST_STEP][PASSED] - closeBrowser: Browser is closed

2018-03-13 10:45:29 - [MESSAGE][PASSED] - Browser is closed]]></system-out>
         <system-err><![CDATA[]]></system-err>
      </testcase>
      <testcase name="Test Cases/Prototyp_Filialsuche (RC 18)/02_Testfall" classname="Test Cases/Prototyp_Filialsuche (RC 18)/02_Testfall" status="PASSED">
         <system-out><![CDATA[2018-03-13 10:45:29 - [TEST_CASE][PASSED] - Test Cases/Prototyp_Filialsuche (RC 18)/02_Testfall: Test Cases/Prototyp_Filialsuche (RC 18)/02_Testfall

2018-03-13 10:45:29 - [TEST_STEP][PASSED] - openBrowser: Browser is opened with url: ''

2018-03-13 10:45:31 - [MESSAGE][PASSED] - Browser is opened with url: ''

2018-03-13 10:45:31 - [TEST_STEP][PASSED] - deleteAllCookies: Delete all cookies successfully

2018-03-13 10:45:31 - [MESSAGE][PASSED] - Delete all cookies successfully

2018-03-13 10:45:31 - [TEST_STEP][PASSED] - maximizeWindow: Current window maximized

2018-03-13 10:45:31 - [MESSAGE][PASSED] - Current window maximized

2018-03-13 10:45:31 - [TEST_STEP][PASSED] - navigateToUrl: Navigate to 'http://rc-ogrhtmlprototyp.testintern/18-1-0/filialsuche-wangen.html' successfully

2018-03-13 10:45:32 - [MESSAGE][PASSED] - Navigate to 'http://rc-ogrhtmlprototyp.testintern/18-1-0/filialsuche-wangen.html' successfully

2018-03-13 10:45:32 - [TEST_STEP][PASSED] - delay: Delayed 5 second(s)

2018-03-13 10:45:37 - [MESSAGE][PASSED] - Delayed 5 second(s)

2018-03-13 10:45:37 - [TEST_STEP][PASSED] - Statement - wes = com.kms.katalon.core.webui.common.WebUiCommonHelper.findWebElements(com.kms.katalon.core.testobject.ObjectRepository.findTestObject(filial_map), 5): Found 4 web elements with id: 'Object Repository/filial_map' located by 'By.xpath: //div[@class='aps-map__custom-marker']' in '5' second(s)

2018-03-13 10:45:37 - [TEST_STEP][PASSED] - Statement - For ([i = 0, i < wes.size(), (i++)]): null

2018-03-13 10:45:37 - [TEST_STEP][PASSED] - Statement - el = wes.get(i): null

2018-03-13 10:45:37 - [TEST_STEP][PASSED] - Statement - If (!(el.isDisplayed())): null

2018-03-13 10:45:37 - [TEST_STEP][PASSED] - Statement - el = wes.get(i): null

2018-03-13 10:45:37 - [TEST_STEP][PASSED] - Statement - If (!(el.isDisplayed())): null

2018-03-13 10:45:38 - [TEST_STEP][PASSED] - Statement - el = wes.get(i): null

2018-03-13 10:45:38 - [TEST_STEP][PASSED] - Statement - If (!(el.isDisplayed())): null

2018-03-13 10:45:38 - [TEST_STEP][PASSED] - Statement - el = wes.get(i): null

2018-03-13 10:45:38 - [TEST_STEP][PASSED] - Statement - If (!(el.isDisplayed())): null

2018-03-13 10:45:38 - [TEST_STEP][PASSED] - closeBrowser: Browser is closed

2018-03-13 10:45:38 - [MESSAGE][PASSED] - Browser is closed]]></system-out>
         <system-err><![CDATA[]]></system-err>
      </testcase>
      <testcase name="Test Cases/Prototyp_Filialsuche (RC 18)/03_Testfall" classname="Test Cases/Prototyp_Filialsuche (RC 18)/03_Testfall" status="PASSED">
         <system-out><![CDATA[2018-03-13 10:45:38 - [TEST_CASE][PASSED] - Test Cases/Prototyp_Filialsuche (RC 18)/03_Testfall: Test Cases/Prototyp_Filialsuche (RC 18)/03_Testfall

2018-03-13 10:45:39 - [TEST_STEP][PASSED] - openBrowser: Browser is opened with url: ''

2018-03-13 10:45:41 - [MESSAGE][PASSED] - Browser is opened with url: ''

2018-03-13 10:45:41 - [TEST_STEP][PASSED] - deleteAllCookies: Delete all cookies successfully

2018-03-13 10:45:41 - [MESSAGE][PASSED] - Delete all cookies successfully

2018-03-13 10:45:41 - [TEST_STEP][PASSED] - maximizeWindow: Current window maximized

2018-03-13 10:45:41 - [MESSAGE][PASSED] - Current window maximized

2018-03-13 10:45:41 - [TEST_STEP][PASSED] - navigateToUrl: Navigate to 'http://rc-ogrhtmlprototyp.testintern/18-1-0/filialsuche-rotenburg.html' successfully

2018-03-13 10:45:41 - [MESSAGE][PASSED] - Navigate to 'http://rc-ogrhtmlprototyp.testintern/18-1-0/filialsuche-rotenburg.html' successfully

2018-03-13 10:45:41 - [TEST_STEP][PASSED] - delay: Delayed 5 second(s)

2018-03-13 10:45:46 - [MESSAGE][PASSED] - Delayed 5 second(s)

2018-03-13 10:45:46 - [TEST_STEP][PASSED] - Statement - wes = com.kms.katalon.core.webui.common.WebUiCommonHelper.findWebElements(com.kms.katalon.core.testobject.ObjectRepository.findTestObject(filial_map), 5): Found 19 web elements with id: 'Object Repository/filial_map' located by 'By.xpath: //div[@class='aps-map__custom-marker']' in '5' second(s)

2018-03-13 10:45:47 - [TEST_STEP][PASSED] - Statement - For ([i = 0, i < wes.size(), (i++)]): null

2018-03-13 10:45:47 - [TEST_STEP][PASSED] - Statement - el = wes.get(i): null

2018-03-13 10:45:47 - [TEST_STEP][PASSED] - Statement - If (!(el.isDisplayed())): null

2018-03-13 10:45:47 - [TEST_STEP][PASSED] - Statement - el = wes.get(i): null

2018-03-13 10:45:47 - [TEST_STEP][PASSED] - Statement - If (!(el.isDisplayed())): null

2018-03-13 10:45:47 - [TEST_STEP][PASSED] - Statement - el = wes.get(i): null

2018-03-13 10:45:47 - [TEST_STEP][PASSED] - Statement - If (!(el.isDisplayed())): null

2018-03-13 10:45:47 - [TEST_STEP][PASSED] - Statement - el = wes.get(i): null

2018-03-13 10:45:47 - [TEST_STEP][PASSED] - Statement - If (!(el.isDisplayed())): null

2018-03-13 10:45:47 - [TEST_STEP][PASSED] - Statement - el = wes.get(i): null

2018-03-13 10:45:47 - [TEST_STEP][PASSED] - Statement - If (!(el.isDisplayed())): null

2018-03-13 10:45:47 - [TEST_STEP][PASSED] - Statement - el = wes.get(i): null

2018-03-13 10:45:47 - [TEST_STEP][PASSED] - Statement - If (!(el.isDisplayed())): null

2018-03-13 10:45:47 - [TEST_STEP][PASSED] - Statement - el = wes.get(i): null

2018-03-13 10:45:47 - [TEST_STEP][PASSED] - Statement - If (!(el.isDisplayed())): null

2018-03-13 10:45:47 - [TEST_STEP][PASSED] - Statement - el = wes.get(i): null

2018-03-13 10:45:47 - [TEST_STEP][PASSED] - Statement - If (!(el.isDisplayed())): null

2018-03-13 10:45:48 - [TEST_STEP][PASSED] - Statement - el = wes.get(i): null

2018-03-13 10:45:48 - [TEST_STEP][PASSED] - Statement - If (!(el.isDisplayed())): null

2018-03-13 10:45:48 - [TEST_STEP][PASSED] - Statement - el = wes.get(i): null

2018-03-13 10:45:48 - [TEST_STEP][PASSED] - Statement - If (!(el.isDisplayed())): null

2018-03-13 10:45:48 - [TEST_STEP][PASSED] - Statement - el = wes.get(i): null

2018-03-13 10:45:48 - [TEST_STEP][PASSED] - Statement - If (!(el.isDisplayed())): null

2018-03-13 10:45:48 - [TEST_STEP][PASSED] - Statement - el = wes.get(i): null

2018-03-13 10:45:48 - [TEST_STEP][PASSED] - Statement - If (!(el.isDisplayed())): null

2018-03-13 10:45:48 - [TEST_STEP][PASSED] - Statement - el = wes.get(i): null

2018-03-13 10:45:48 - [TEST_STEP][PASSED] - Statement - If (!(el.isDisplayed())): null

2018-03-13 10:45:48 - [TEST_STEP][PASSED] - Statement - el = wes.get(i): null

2018-03-13 10:45:48 - [TEST_STEP][PASSED] - Statement - If (!(el.isDisplayed())): null

2018-03-13 10:45:48 - [TEST_STEP][PASSED] - Statement - el = wes.get(i): null

2018-03-13 10:45:48 - [TEST_STEP][PASSED] - Statement - If (!(el.isDisplayed())): null

2018-03-13 10:45:48 - [TEST_STEP][PASSED] - Statement - el = wes.get(i): null

2018-03-13 10:45:48 - [TEST_STEP][PASSED] - Statement - If (!(el.isDisplayed())): null

2018-03-13 10:45:48 - [TEST_STEP][PASSED] - Statement - el = wes.get(i): null

2018-03-13 10:45:48 - [TEST_STEP][PASSED] - Statement - If (!(el.isDisplayed())): null

2018-03-13 10:45:48 - [TEST_STEP][PASSED] - Statement - el = wes.get(i): null

2018-03-13 10:45:48 - [TEST_STEP][PASSED] - Statement - If (!(el.isDisplayed())): null

2018-03-13 10:45:48 - [TEST_STEP][PASSED] - Statement - el = wes.get(i): null

2018-03-13 10:45:48 - [TEST_STEP][PASSED] - Statement - If (!(el.isDisplayed())): null

2018-03-13 10:45:48 - [TEST_STEP][PASSED] - closeBrowser: Browser is closed

2018-03-13 10:45:49 - [MESSAGE][PASSED] - Browser is closed]]></system-out>
         <system-err><![CDATA[]]></system-err>
      </testcase>
      <testcase name="Test Cases/Prototyp_Filialsuche (RC 18)/04_Testfall" classname="Test Cases/Prototyp_Filialsuche (RC 18)/04_Testfall" status="PASSED">
         <system-out><![CDATA[2018-03-13 10:45:49 - [TEST_CASE][PASSED] - Test Cases/Prototyp_Filialsuche (RC 18)/04_Testfall: Test Cases/Prototyp_Filialsuche (RC 18)/04_Testfall

2018-03-13 10:45:49 - [TEST_STEP][PASSED] - openBrowser: Browser is opened with url: ''

2018-03-13 10:45:51 - [MESSAGE][PASSED] - Browser is opened with url: ''

2018-03-13 10:45:51 - [TEST_STEP][PASSED] - deleteAllCookies: Delete all cookies successfully

2018-03-13 10:45:51 - [MESSAGE][PASSED] - Delete all cookies successfully

2018-03-13 10:45:51 - [TEST_STEP][PASSED] - maximizeWindow: Current window maximized

2018-03-13 10:45:52 - [MESSAGE][PASSED] - Current window maximized

2018-03-13 10:45:52 - [TEST_STEP][PASSED] - navigateToUrl: Navigate to 'http://rc-ogrhtmlprototyp.testintern/18-1-0/filialsuche-nuernberg.html' successfully

2018-03-13 10:45:53 - [MESSAGE][PASSED] - Navigate to 'http://rc-ogrhtmlprototyp.testintern/18-1-0/filialsuche-nuernberg.html' successfully

2018-03-13 10:45:53 - [TEST_STEP][PASSED] - delay: Delayed 5 second(s)

2018-03-13 10:45:58 - [MESSAGE][PASSED] - Delayed 5 second(s)

2018-03-13 10:45:58 - [TEST_STEP][PASSED] - Statement - wes = com.kms.katalon.core.webui.common.WebUiCommonHelper.findWebElements(com.kms.katalon.core.testobject.ObjectRepository.findTestObject(filial_map), 5): Found 10 web elements with id: 'Object Repository/filial_map' located by 'By.xpath: //div[@class='aps-map__custom-marker']' in '5' second(s)

2018-03-13 10:46:01 - [TEST_STEP][PASSED] - Statement - For ([i = 0, i < wes.size(), (i++)]): null

2018-03-13 10:46:01 - [TEST_STEP][PASSED] - Statement - el = wes.get(i): null

2018-03-13 10:46:01 - [TEST_STEP][PASSED] - Statement - If (!(el.isDisplayed())): null

2018-03-13 10:46:01 - [TEST_STEP][PASSED] - Statement - el = wes.get(i): null

2018-03-13 10:46:01 - [TEST_STEP][PASSED] - Statement - If (!(el.isDisplayed())): null

2018-03-13 10:46:01 - [TEST_STEP][PASSED] - Statement - el = wes.get(i): null

2018-03-13 10:46:01 - [TEST_STEP][PASSED] - Statement - If (!(el.isDisplayed())): null

2018-03-13 10:46:01 - [TEST_STEP][PASSED] - Statement - el = wes.get(i): null

2018-03-13 10:46:01 - [TEST_STEP][PASSED] - Statement - If (!(el.isDisplayed())): null

2018-03-13 10:46:01 - [TEST_STEP][PASSED] - Statement - el = wes.get(i): null

2018-03-13 10:46:01 - [TEST_STEP][PASSED] - Statement - If (!(el.isDisplayed())): null

2018-03-13 10:46:01 - [TEST_STEP][PASSED] - Statement - el = wes.get(i): null

2018-03-13 10:46:01 - [TEST_STEP][PASSED] - Statement - If (!(el.isDisplayed())): null

2018-03-13 10:46:01 - [TEST_STEP][PASSED] - Statement - el = wes.get(i): null

2018-03-13 10:46:01 - [TEST_STEP][PASSED] - Statement - If (!(el.isDisplayed())): null

2018-03-13 10:46:01 - [TEST_STEP][PASSED] - Statement - el = wes.get(i): null

2018-03-13 10:46:01 - [TEST_STEP][PASSED] - Statement - If (!(el.isDisplayed())): null

2018-03-13 10:46:01 - [TEST_STEP][PASSED] - Statement - el = wes.get(i): null

2018-03-13 10:46:01 - [TEST_STEP][PASSED] - Statement - If (!(el.isDisplayed())): null

2018-03-13 10:46:01 - [TEST_STEP][PASSED] - Statement - el = wes.get(i): null

2018-03-13 10:46:01 - [TEST_STEP][PASSED] - Statement - If (!(el.isDisplayed())): null

2018-03-13 10:46:01 - [TEST_STEP][PASSED] - closeBrowser: Browser is closed

2018-03-13 10:46:02 - [MESSAGE][PASSED] - Browser is closed]]></system-out>
         <system-err><![CDATA[]]></system-err>
      </testcase>
      <testcase name="Test Cases/Prototyp_Filialsuche (RC 18)/05_Testfall" classname="Test Cases/Prototyp_Filialsuche (RC 18)/05_Testfall" status="PASSED">
         <system-out><![CDATA[2018-03-13 10:46:02 - [TEST_CASE][PASSED] - Test Cases/Prototyp_Filialsuche (RC 18)/05_Testfall: Test Cases/Prototyp_Filialsuche (RC 18)/05_Testfall

2018-03-13 10:46:02 - [TEST_STEP][PASSED] - openBrowser: Browser is opened with url: ''

2018-03-13 10:46:04 - [MESSAGE][PASSED] - Browser is opened with url: ''

2018-03-13 10:46:04 - [TEST_STEP][PASSED] - maximizeWindow: Current window maximized

2018-03-13 10:46:04 - [MESSAGE][PASSED] - Current window maximized

2018-03-13 10:46:04 - [TEST_STEP][PASSED] - deleteAllCookies: Delete all cookies successfully

2018-03-13 10:46:04 - [MESSAGE][PASSED] - Delete all cookies successfully

2018-03-13 10:46:04 - [TEST_STEP][PASSED] - navigateToUrl: Navigate to 'http://rc-ogrhtmlprototyp.testintern/18-1-0/filialsuche.html' successfully

2018-03-13 10:46:04 - [MESSAGE][PASSED] - Navigate to 'http://rc-ogrhtmlprototyp.testintern/18-1-0/filialsuche.html' successfully

2018-03-13 10:46:04 - [TEST_STEP][PASSED] - delay: Delayed 5 second(s)

2018-03-13 10:46:09 - [MESSAGE][PASSED] - Delayed 5 second(s)

2018-03-13 10:46:09 - [TEST_STEP][PASSED] - verifyElementNotPresent: Web element with id: 'Object Repository/Akkordeon_plus_filialsuche' located by 'By.xpath: //a[@class='acc-header acc-header--open']' is not present after '5' second(s)

2018-03-13 10:46:10 - [MESSAGE][PASSED] - Web element with id: 'Object Repository/Akkordeon_plus_filialsuche' located by 'By.xpath: //a[@class='acc-header acc-header--open']' is not present after '5' second(s)

2018-03-13 10:46:10 - [TEST_STEP][PASSED] - closeBrowser: Browser is closed

2018-03-13 10:46:10 - [MESSAGE][PASSED] - Browser is closed]]></system-out>
         <system-err><![CDATA[]]></system-err>
      </testcase>
      <testcase name="Test Cases/Prototyp_Filialsuche (RC 18)/06_Testfall" classname="Test Cases/Prototyp_Filialsuche (RC 18)/06_Testfall" status="PASSED">
         <system-out><![CDATA[2018-03-13 10:46:10 - [TEST_CASE][PASSED] - Test Cases/Prototyp_Filialsuche (RC 18)/06_Testfall: Test Cases/Prototyp_Filialsuche (RC 18)/06_Testfall

2018-03-13 10:46:10 - [TEST_STEP][PASSED] - openBrowser: Browser is opened with url: ''

2018-03-13 10:46:12 - [MESSAGE][PASSED] - Browser is opened with url: ''

2018-03-13 10:46:12 - [TEST_STEP][PASSED] - maximizeWindow: Current window maximized

2018-03-13 10:46:12 - [MESSAGE][PASSED] - Current window maximized

2018-03-13 10:46:12 - [TEST_STEP][PASSED] - deleteAllCookies: Delete all cookies successfully

2018-03-13 10:46:12 - [MESSAGE][PASSED] - Delete all cookies successfully

2018-03-13 10:46:12 - [TEST_STEP][PASSED] - navigateToUrl: Navigate to 'http://rc-ogrhtmlprototyp.testintern/18-1-0/filialsuche-wangen.html' successfully

2018-03-13 10:46:13 - [MESSAGE][PASSED] - Navigate to 'http://rc-ogrhtmlprototyp.testintern/18-1-0/filialsuche-wangen.html' successfully

2018-03-13 10:46:13 - [TEST_STEP][PASSED] - delay: Delayed 5 second(s)

2018-03-13 10:46:18 - [MESSAGE][PASSED] - Delayed 5 second(s)

2018-03-13 10:46:18 - [TEST_STEP][PASSED] - verifyElementNotPresent: Web element with id: 'Object Repository/Akkordeon_plus_filialsuche' located by 'By.xpath: //a[@class='acc-header acc-header--open']' is not present after '5' second(s)

2018-03-13 10:46:23 - [MESSAGE][PASSED] - Web element with id: 'Object Repository/Akkordeon_plus_filialsuche' located by 'By.xpath: //a[@class='acc-header acc-header--open']' is not present after '5' second(s)

2018-03-13 10:46:23 - [TEST_STEP][PASSED] - closeBrowser: Browser is closed

2018-03-13 10:46:24 - [MESSAGE][PASSED] - Browser is closed]]></system-out>
         <system-err><![CDATA[]]></system-err>
      </testcase>
      <testcase name="Test Cases/Prototyp_Filialsuche (RC 18)/07_Testfall" classname="Test Cases/Prototyp_Filialsuche (RC 18)/07_Testfall" status="PASSED">
         <system-out><![CDATA[2018-03-13 10:46:24 - [TEST_CASE][PASSED] - Test Cases/Prototyp_Filialsuche (RC 18)/07_Testfall: Test Cases/Prototyp_Filialsuche (RC 18)/07_Testfall

2018-03-13 10:46:24 - [TEST_STEP][PASSED] - openBrowser: Browser is opened with url: ''

2018-03-13 10:46:32 - [MESSAGE][PASSED] - Browser is opened with url: ''

2018-03-13 10:46:32 - [TEST_STEP][PASSED] - maximizeWindow: Current window maximized

2018-03-13 10:46:32 - [MESSAGE][PASSED] - Current window maximized

2018-03-13 10:46:32 - [TEST_STEP][PASSED] - deleteAllCookies: Delete all cookies successfully

2018-03-13 10:46:34 - [MESSAGE][PASSED] - Delete all cookies successfully

2018-03-13 10:46:34 - [TEST_STEP][PASSED] - navigateToUrl: Navigate to 'http://rc-ogrhtmlprototyp.testintern/18-1-0/filialsuche-rotenburg.html' successfully

2018-03-13 10:46:43 - [MESSAGE][PASSED] - Navigate to 'http://rc-ogrhtmlprototyp.testintern/18-1-0/filialsuche-rotenburg.html' successfully

2018-03-13 10:46:43 - [TEST_STEP][PASSED] - delay: Delayed 5 second(s)

2018-03-13 10:46:48 - [MESSAGE][PASSED] - Delayed 5 second(s)

2018-03-13 10:46:48 - [TEST_STEP][PASSED] - verifyElementNotPresent: Web element with id: 'Object Repository/Akkordeon_plus_filialsuche' located by 'By.xpath: //a[@class='acc-header acc-header--open']' is not present after '5' second(s)

2018-03-13 10:46:50 - [MESSAGE][PASSED] - Web element with id: 'Object Repository/Akkordeon_plus_filialsuche' located by 'By.xpath: //a[@class='acc-header acc-header--open']' is not present after '5' second(s)

2018-03-13 10:46:50 - [TEST_STEP][PASSED] - closeBrowser: Browser is closed

2018-03-13 10:46:50 - [MESSAGE][PASSED] - Browser is closed]]></system-out>
         <system-err><![CDATA[]]></system-err>
      </testcase>
      <testcase name="Test Cases/Prototyp_Filialsuche (RC 18)/08_Testfall" classname="Test Cases/Prototyp_Filialsuche (RC 18)/08_Testfall" status="PASSED">
         <system-out><![CDATA[2018-03-13 10:46:50 - [TEST_CASE][PASSED] - Test Cases/Prototyp_Filialsuche (RC 18)/08_Testfall: Test Cases/Prototyp_Filialsuche (RC 18)/08_Testfall

2018-03-13 10:46:50 - [TEST_STEP][PASSED] - openBrowser: Browser is opened with url: ''

2018-03-13 10:46:53 - [MESSAGE][PASSED] - Browser is opened with url: ''

2018-03-13 10:46:53 - [TEST_STEP][PASSED] - maximizeWindow: Current window maximized

2018-03-13 10:46:53 - [MESSAGE][PASSED] - Current window maximized

2018-03-13 10:46:53 - [TEST_STEP][PASSED] - deleteAllCookies: Delete all cookies successfully

2018-03-13 10:46:53 - [MESSAGE][PASSED] - Delete all cookies successfully

2018-03-13 10:46:53 - [TEST_STEP][PASSED] - navigateToUrl: Navigate to 'http://rc-ogrhtmlprototyp.testintern/18-1-0/filialsuche-nuernberg.html' successfully

2018-03-13 10:46:56 - [MESSAGE][PASSED] - Navigate to 'http://rc-ogrhtmlprototyp.testintern/18-1-0/filialsuche-nuernberg.html' successfully

2018-03-13 10:46:56 - [TEST_STEP][PASSED] - delay: Delayed 5 second(s)

2018-03-13 10:47:01 - [MESSAGE][PASSED] - Delayed 5 second(s)

2018-03-13 10:47:01 - [TEST_STEP][PASSED] - verifyElementNotPresent: Web element with id: 'Object Repository/Akkordeon_plus_filialsuche' located by 'By.xpath: //a[@class='acc-header acc-header--open']' is not present after '5' second(s)

2018-03-13 10:47:02 - [MESSAGE][PASSED] - Web element with id: 'Object Repository/Akkordeon_plus_filialsuche' located by 'By.xpath: //a[@class='acc-header acc-header--open']' is not present after '5' second(s)

2018-03-13 10:47:02 - [TEST_STEP][PASSED] - closeBrowser: Browser is closed

2018-03-13 10:47:02 - [MESSAGE][PASSED] - Browser is closed]]></system-out>
         <system-err><![CDATA[]]></system-err>
      </testcase>
      <testcase name="Test Cases/Prototyp_Filialsuche (RC 18)/09_Testfall" classname="Test Cases/Prototyp_Filialsuche (RC 18)/09_Testfall" status="PASSED">
         <system-out><![CDATA[2018-03-13 10:47:02 - [TEST_CASE][PASSED] - Test Cases/Prototyp_Filialsuche (RC 18)/09_Testfall: Test Cases/Prototyp_Filialsuche (RC 18)/09_Testfall

2018-03-13 10:47:02 - [TEST_STEP][PASSED] - openBrowser: Browser is opened with url: ''

2018-03-13 10:47:04 - [MESSAGE][PASSED] - Browser is opened with url: ''

2018-03-13 10:47:04 - [TEST_STEP][PASSED] - maximizeWindow: Current window maximized

2018-03-13 10:47:04 - [MESSAGE][PASSED] - Current window maximized

2018-03-13 10:47:04 - [TEST_STEP][PASSED] - deleteAllCookies: Delete all cookies successfully

2018-03-13 10:47:04 - [MESSAGE][PASSED] - Delete all cookies successfully

2018-03-13 10:47:04 - [TEST_STEP][PASSED] - navigateToUrl: Navigate to 'http://rc-ogrhtmlprototyp.testintern/18-1-0/filialsuche.html' successfully

2018-03-13 10:47:05 - [MESSAGE][PASSED] - Navigate to 'http://rc-ogrhtmlprototyp.testintern/18-1-0/filialsuche.html' successfully

2018-03-13 10:47:05 - [TEST_STEP][PASSED] - delay: Delayed 5 second(s)

2018-03-13 10:47:10 - [MESSAGE][PASSED] - Delayed 5 second(s)

2018-03-13 10:47:10 - [TEST_STEP][PASSED] - verifyElementNotPresent: Web element with id: 'Object Repository/Entfernung_filialsuche' located by 'By.xpath: //span[@class='loc-distance']' is not present after '5' second(s)

2018-03-13 10:47:11 - [MESSAGE][PASSED] - Web element with id: 'Object Repository/Entfernung_filialsuche' located by 'By.xpath: //span[@class='loc-distance']' is not present after '5' second(s)

2018-03-13 10:47:11 - [TEST_STEP][PASSED] - closeBrowser: Browser is closed

2018-03-13 10:47:12 - [MESSAGE][PASSED] - Browser is closed]]></system-out>
         <system-err><![CDATA[]]></system-err>
      </testcase>
      <testcase name="Test Cases/Prototyp_Filialsuche (RC 18)/10_Testfall" classname="Test Cases/Prototyp_Filialsuche (RC 18)/10_Testfall" status="PASSED">
         <system-out><![CDATA[2018-03-13 10:47:12 - [TEST_CASE][PASSED] - Test Cases/Prototyp_Filialsuche (RC 18)/10_Testfall: Test Cases/Prototyp_Filialsuche (RC 18)/10_Testfall

2018-03-13 10:47:12 - [TEST_STEP][PASSED] - openBrowser: Browser is opened with url: ''

2018-03-13 10:47:15 - [MESSAGE][PASSED] - Browser is opened with url: ''

2018-03-13 10:47:15 - [TEST_STEP][PASSED] - maximizeWindow: Current window maximized

2018-03-13 10:47:15 - [MESSAGE][PASSED] - Current window maximized

2018-03-13 10:47:15 - [TEST_STEP][PASSED] - deleteAllCookies: Delete all cookies successfully

2018-03-13 10:47:16 - [MESSAGE][PASSED] - Delete all cookies successfully

2018-03-13 10:47:16 - [TEST_STEP][PASSED] - navigateToUrl: Navigate to 'http://rc-ogrhtmlprototyp.testintern/18-1-0/filialsuche-wangen.html' successfully

2018-03-13 10:47:17 - [MESSAGE][PASSED] - Navigate to 'http://rc-ogrhtmlprototyp.testintern/18-1-0/filialsuche-wangen.html' successfully

2018-03-13 10:47:17 - [TEST_STEP][PASSED] - delay: Delayed 5 second(s)

2018-03-13 10:47:22 - [MESSAGE][PASSED] - Delayed 5 second(s)

2018-03-13 10:47:22 - [TEST_STEP][PASSED] - verifyElementNotPresent: Web element with id: 'Object Repository/Entfernung_filialsuche' located by 'By.xpath: //span[@class='loc-distance']' is not present after '5' second(s)

2018-03-13 10:47:22 - [MESSAGE][PASSED] - Web element with id: 'Object Repository/Entfernung_filialsuche' located by 'By.xpath: //span[@class='loc-distance']' is not present after '5' second(s)

2018-03-13 10:47:22 - [TEST_STEP][PASSED] - closeBrowser: Browser is closed

2018-03-13 10:47:23 - [MESSAGE][PASSED] - Browser is closed]]></system-out>
         <system-err><![CDATA[]]></system-err>
      </testcase>
      <testcase name="Test Cases/Prototyp_Filialsuche (RC 18)/11_Testfall" classname="Test Cases/Prototyp_Filialsuche (RC 18)/11_Testfall" status="PASSED">
         <system-out><![CDATA[2018-03-13 10:47:23 - [TEST_CASE][PASSED] - Test Cases/Prototyp_Filialsuche (RC 18)/11_Testfall: Test Cases/Prototyp_Filialsuche (RC 18)/11_Testfall

2018-03-13 10:47:23 - [TEST_STEP][PASSED] - openBrowser: Browser is opened with url: ''

2018-03-13 10:47:25 - [MESSAGE][PASSED] - Browser is opened with url: ''

2018-03-13 10:47:25 - [TEST_STEP][PASSED] - maximizeWindow: Current window maximized

2018-03-13 10:47:25 - [MESSAGE][PASSED] - Current window maximized

2018-03-13 10:47:25 - [TEST_STEP][PASSED] - deleteAllCookies: Delete all cookies successfully

2018-03-13 10:47:25 - [MESSAGE][PASSED] - Delete all cookies successfully

2018-03-13 10:47:25 - [TEST_STEP][PASSED] - navigateToUrl: Navigate to 'http://rc-ogrhtmlprototyp.testintern/18-1-0/filialsuche-rotenburg.html' successfully

2018-03-13 10:47:26 - [MESSAGE][PASSED] - Navigate to 'http://rc-ogrhtmlprototyp.testintern/18-1-0/filialsuche-rotenburg.html' successfully

2018-03-13 10:47:26 - [TEST_STEP][PASSED] - delay: Delayed 5 second(s)

2018-03-13 10:47:31 - [MESSAGE][PASSED] - Delayed 5 second(s)

2018-03-13 10:47:31 - [TEST_STEP][PASSED] - verifyElementNotPresent: Web element with id: 'Object Repository/Entfernung_filialsuche' located by 'By.xpath: //span[@class='loc-distance']' is not present after '5' second(s)

2018-03-13 10:47:32 - [MESSAGE][PASSED] - Web element with id: 'Object Repository/Entfernung_filialsuche' located by 'By.xpath: //span[@class='loc-distance']' is not present after '5' second(s)

2018-03-13 10:47:32 - [TEST_STEP][PASSED] - closeBrowser: Browser is closed

2018-03-13 10:47:32 - [MESSAGE][PASSED] - Browser is closed]]></system-out>
         <system-err><![CDATA[]]></system-err>
      </testcase>
      <testcase name="Test Cases/Prototyp_Filialsuche (RC 18)/12_Testfall" classname="Test Cases/Prototyp_Filialsuche (RC 18)/12_Testfall" status="PASSED">
         <system-out><![CDATA[2018-03-13 10:47:32 - [TEST_CASE][PASSED] - Test Cases/Prototyp_Filialsuche (RC 18)/12_Testfall: Test Cases/Prototyp_Filialsuche (RC 18)/12_Testfall

2018-03-13 10:47:32 - [TEST_STEP][PASSED] - openBrowser: Browser is opened with url: ''

2018-03-13 10:47:39 - [MESSAGE][PASSED] - Browser is opened with url: ''

2018-03-13 10:47:39 - [TEST_STEP][PASSED] - maximizeWindow: Current window maximized

2018-03-13 10:47:39 - [MESSAGE][PASSED] - Current window maximized

2018-03-13 10:47:39 - [TEST_STEP][PASSED] - deleteAllCookies: Delete all cookies successfully

2018-03-13 10:47:39 - [MESSAGE][PASSED] - Delete all cookies successfully

2018-03-13 10:47:39 - [TEST_STEP][PASSED] - navigateToUrl: Navigate to 'http://rc-ogrhtmlprototyp.testintern/18-1-0/filialsuche-nuernberg.html' successfully

2018-03-13 10:47:39 - [MESSAGE][PASSED] - Navigate to 'http://rc-ogrhtmlprototyp.testintern/18-1-0/filialsuche-nuernberg.html' successfully

2018-03-13 10:47:39 - [TEST_STEP][PASSED] - delay: Delayed 5 second(s)

2018-03-13 10:47:44 - [MESSAGE][PASSED] - Delayed 5 second(s)

2018-03-13 10:47:44 - [TEST_STEP][PASSED] - verifyElementNotPresent: Web element with id: 'Object Repository/Entfernung_filialsuche' located by 'By.xpath: //span[@class='loc-distance']' is not present after '5' second(s)

2018-03-13 10:47:45 - [MESSAGE][PASSED] - Web element with id: 'Object Repository/Entfernung_filialsuche' located by 'By.xpath: //span[@class='loc-distance']' is not present after '5' second(s)

2018-03-13 10:47:45 - [TEST_STEP][PASSED] - closeBrowser: Browser is closed

2018-03-13 10:47:46 - [MESSAGE][PASSED] - Browser is closed]]></system-out>
         <system-err><![CDATA[]]></system-err>
      </testcase>
      <testcase name="Test Cases/Prototyp_Filialsuche (RC 18)/13_Testfall" classname="Test Cases/Prototyp_Filialsuche (RC 18)/13_Testfall" status="PASSED">
         <system-out><![CDATA[2018-03-13 10:47:46 - [TEST_CASE][PASSED] - Test Cases/Prototyp_Filialsuche (RC 18)/13_Testfall: Test Cases/Prototyp_Filialsuche (RC 18)/13_Testfall

2018-03-13 10:47:46 - [TEST_STEP][PASSED] - openBrowser: Browser is opened with url: ''

2018-03-13 10:47:48 - [MESSAGE][PASSED] - Browser is opened with url: ''

2018-03-13 10:47:48 - [TEST_STEP][PASSED] - deleteAllCookies: Delete all cookies successfully

2018-03-13 10:47:48 - [MESSAGE][PASSED] - Delete all cookies successfully

2018-03-13 10:47:48 - [TEST_STEP][PASSED] - maximizeWindow: Current window maximized

2018-03-13 10:47:48 - [MESSAGE][PASSED] - Current window maximized

2018-03-13 10:47:48 - [TEST_STEP][PASSED] - navigateToUrl: Navigate to 'http://rc-ogrhtmlprototyp.testintern/18-1-0/filialsuche.html' successfully

2018-03-13 10:47:49 - [MESSAGE][PASSED] - Navigate to 'http://rc-ogrhtmlprototyp.testintern/18-1-0/filialsuche.html' successfully

2018-03-13 10:47:49 - [TEST_STEP][PASSED] - delay: Delayed 5 second(s)

2018-03-13 10:47:54 - [MESSAGE][PASSED] - Delayed 5 second(s)

2018-03-13 10:47:54 - [TEST_STEP][PASSED] - Statement - wes1 = com.kms.katalon.core.webui.common.WebUiCommonHelper.findWebElements(com.kms.katalon.core.testobject.ObjectRepository.findTestObject(filial_map), 5): Found 61 web elements with id: 'Object Repository/filial_map' located by 'By.xpath: //div[@class='aps-map__custom-marker']' in '5' second(s)

2018-03-13 10:47:56 - [TEST_STEP][PASSED] - Statement - wes2 = com.kms.katalon.core.webui.common.WebUiCommonHelper.findWebElements(com.kms.katalon.core.testobject.ObjectRepository.findTestObject(loc_steet_filialsuche), 5): Found 61 web elements with id: 'Object Repository/loc_steet_filialsuche' located by 'By.xpath: //div[@class='loc-street']' in '5' second(s)

2018-03-13 10:47:56 - [TEST_STEP][PASSED] - Statement - filial_maps_count = wes1.size(): null

2018-03-13 10:47:56 - [TEST_STEP][PASSED] - Statement - filial_accordeon_count = wes2.size(): null

2018-03-13 10:47:56 - [TEST_STEP][PASSED] - Statement - filial_count = 61: null

2018-03-13 10:47:56 - [TEST_STEP][PASSED] - Statement - If (filial_maps_count != filial_count): null

2018-03-13 10:47:56 - [TEST_STEP][PASSED] - closeBrowser: Browser is closed

2018-03-13 10:47:57 - [MESSAGE][PASSED] - Browser is closed]]></system-out>
         <system-err><![CDATA[]]></system-err>
      </testcase>
      <testcase name="Test Cases/Prototyp_Filialsuche (RC 18)/14_Testfall" classname="Test Cases/Prototyp_Filialsuche (RC 18)/14_Testfall" status="PASSED">
         <system-out><![CDATA[2018-03-13 10:47:57 - [TEST_CASE][PASSED] - Test Cases/Prototyp_Filialsuche (RC 18)/14_Testfall: Test Cases/Prototyp_Filialsuche (RC 18)/14_Testfall

2018-03-13 10:47:57 - [TEST_STEP][PASSED] - openBrowser: Browser is opened with url: ''

2018-03-13 10:47:59 - [MESSAGE][PASSED] - Browser is opened with url: ''

2018-03-13 10:47:59 - [TEST_STEP][PASSED] - deleteAllCookies: Delete all cookies successfully

2018-03-13 10:47:59 - [MESSAGE][PASSED] - Delete all cookies successfully

2018-03-13 10:47:59 - [TEST_STEP][PASSED] - maximizeWindow: Current window maximized

2018-03-13 10:47:59 - [MESSAGE][PASSED] - Current window maximized

2018-03-13 10:47:59 - [TEST_STEP][PASSED] - navigateToUrl: Navigate to 'http://rc-ogrhtmlprototyp.testintern/18-1-0/filialsuche.html' successfully

2018-03-13 10:48:01 - [MESSAGE][PASSED] - Navigate to 'http://rc-ogrhtmlprototyp.testintern/18-1-0/filialsuche.html' successfully

2018-03-13 10:48:01 - [TEST_STEP][PASSED] - delay: Delayed 5 second(s)

2018-03-13 10:48:06 - [MESSAGE][PASSED] - Delayed 5 second(s)

2018-03-13 10:48:06 - [TEST_STEP][PASSED] - click: Object: 'Object Repository/002/Page_Filialsuche-rotenburg - BVR HT/svg_dropdown-icons' is clicked on

2018-03-13 10:48:10 - [MESSAGE][PASSED] - Object: 'Object Repository/002/Page_Filialsuche-rotenburg - BVR HT/svg_dropdown-icons' is clicked on

2018-03-13 10:48:10 - [TEST_STEP][PASSED] - delay: Delayed 2 second(s)

2018-03-13 10:48:12 - [MESSAGE][PASSED] - Delayed 2 second(s)

2018-03-13 10:48:12 - [TEST_STEP][PASSED] - mouseOver: Object: 'Object Repository/Belitz_option' is hovered

2018-03-13 10:48:13 - [MESSAGE][PASSED] - Object: 'Object Repository/Belitz_option' is hovered

2018-03-13 10:48:13 - [TEST_STEP][PASSED] - delay: Delayed 2 second(s)

2018-03-13 10:48:15 - [MESSAGE][PASSED] - Delayed 2 second(s)

2018-03-13 10:48:15 - [TEST_STEP][PASSED] - click: Object: 'Object Repository/Belitz_option' is clicked on

2018-03-13 10:48:16 - [MESSAGE][PASSED] - Object: 'Object Repository/Belitz_option' is clicked on

2018-03-13 10:48:16 - [TEST_STEP][PASSED] - delay: Delayed 5 second(s)

2018-03-13 10:48:21 - [MESSAGE][PASSED] - Delayed 5 second(s)

2018-03-13 10:48:21 - [TEST_STEP][PASSED] - Statement - wes1 = com.kms.katalon.core.webui.common.WebUiCommonHelper.findWebElements(com.kms.katalon.core.testobject.ObjectRepository.findTestObject(filial_map), 5): Found 37 web elements with id: 'Object Repository/filial_map' located by 'By.xpath: //div[@class='aps-map__custom-marker']' in '5' second(s)

2018-03-13 10:48:21 - [TEST_STEP][PASSED] - Statement - wes2 = com.kms.katalon.core.webui.common.WebUiCommonHelper.findWebElements(com.kms.katalon.core.testobject.ObjectRepository.findTestObject(loc_steet_filialsuche), 5): Found 37 web elements with id: 'Object Repository/loc_steet_filialsuche' located by 'By.xpath: //div[@class='loc-street']' in '5' second(s)

2018-03-13 10:48:21 - [TEST_STEP][PASSED] - Statement - wes3 = com.kms.katalon.core.webui.common.WebUiCommonHelper.findWebElements(com.kms.katalon.core.testobject.ObjectRepository.findTestObject(filialsuche_loc_city), 5): Finding web element with id: 'Object Repository/filialsuche_loc_city' located by 'By.xpath: /div[@class='loc-city']' in '5' second(s)

2018-03-13 10:48:29 - [TEST_STEP][PASSED] - Statement - filial_maps_count = wes1.size(): null

2018-03-13 10:48:29 - [TEST_STEP][PASSED] - Statement - filial_accordeon_count = wes2.size(): null

2018-03-13 10:48:29 - [TEST_STEP][PASSED] - Statement - filial_count = 37: null

2018-03-13 10:48:29 - [TEST_STEP][PASSED] - Statement - city_name = "Berlin": null

2018-03-13 10:48:29 - [TEST_STEP][PASSED] - Statement - If (filial_maps_count != filial_count): null

2018-03-13 10:48:29 - [TEST_STEP][PASSED] - Statement - For ([i = 0, i < wes3.size(), (i++)]): null

2018-03-13 10:48:29 - [TEST_STEP][PASSED] - closeBrowser: Browser is closed

2018-03-13 10:48:30 - [MESSAGE][PASSED] - Browser is closed]]></system-out>
         <system-err><![CDATA[]]></system-err>
      </testcase>
      <testcase name="Test Cases/Prototyp_Filialsuche (RC 18)/15_Testfall" classname="Test Cases/Prototyp_Filialsuche (RC 18)/15_Testfall" status="PASSED">
         <system-out><![CDATA[2018-03-13 10:48:30 - [TEST_CASE][PASSED] - Test Cases/Prototyp_Filialsuche (RC 18)/15_Testfall: Test Cases/Prototyp_Filialsuche (RC 18)/15_Testfall

2018-03-13 10:48:30 - [TEST_STEP][PASSED] - openBrowser: Browser is opened with url: ''

2018-03-13 10:48:32 - [MESSAGE][PASSED] - Browser is opened with url: ''

2018-03-13 10:48:32 - [TEST_STEP][PASSED] - maximizeWindow: Current window maximized

2018-03-13 10:48:32 - [MESSAGE][PASSED] - Current window maximized

2018-03-13 10:48:32 - [TEST_STEP][PASSED] - deleteAllCookies: Delete all cookies successfully

2018-03-13 10:48:32 - [MESSAGE][PASSED] - Delete all cookies successfully

2018-03-13 10:48:32 - [TEST_STEP][PASSED] - navigateToUrl: Navigate to 'http://rc-ogrhtmlprototyp.testintern/18-1-0/filialsuche-textinput.html' successfully

2018-03-13 10:48:33 - [MESSAGE][PASSED] - Navigate to 'http://rc-ogrhtmlprototyp.testintern/18-1-0/filialsuche-textinput.html' successfully

2018-03-13 10:48:33 - [TEST_STEP][PASSED] - delay: Delayed 5 second(s)

2018-03-13 10:48:38 - [MESSAGE][PASSED] - Delayed 5 second(s)

2018-03-13 10:48:38 - [TEST_STEP][PASSED] - setText: Text 'Berlin' is set on object 'Object Repository/Filialsuche_Inputtext'

2018-03-13 10:48:40 - [MESSAGE][PASSED] - Text 'Berlin' is set on object 'Object Repository/Filialsuche_Inputtext'

2018-03-13 10:48:40 - [TEST_STEP][PASSED] - delay: Delayed 2 second(s)

2018-03-13 10:48:42 - [MESSAGE][PASSED] - Delayed 2 second(s)

2018-03-13 10:48:42 - [TEST_STEP][PASSED] - submit: The form containing object: 'Object Repository/Filialsuche_submit_button' is submitted

2018-03-13 10:48:42 - [MESSAGE][PASSED] - The form containing object: 'Object Repository/Filialsuche_submit_button' is submitted

2018-03-13 10:48:42 - [TEST_STEP][PASSED] - delay: Delayed 2 second(s)

2018-03-13 10:48:44 - [MESSAGE][PASSED] - Delayed 2 second(s)

2018-03-13 10:48:44 - [TEST_STEP][PASSED] - Statement - wes = com.kms.katalon.core.webui.common.WebUiCommonHelper.findWebElements(com.kms.katalon.core.testobject.ObjectRepository.findTestObject(Filialsuche_loc_distance), 5): Found 25 web elements with id: 'Object Repository/Filialsuche_loc_distance' located by 'By.xpath: //span[@class='loc-distance']' in '5' second(s)

2018-03-13 10:48:44 - [TEST_STEP][PASSED] - Statement - For ([i = 1, i < wes.size(), (i++)]): null

2018-03-13 10:48:44 - [TEST_STEP][PASSED] - Statement - el1 = wes.get(i): null

2018-03-13 10:48:44 - [TEST_STEP][PASSED] - Statement - text1 = el1.getAttribute("innerHTML"): null

2018-03-13 10:48:45 - [TEST_STEP][PASSED] - Statement - tmp1 = text1.split(" "): null

2018-03-13 10:48:45 - [TEST_STEP][PASSED] - Statement - num1 = tmp1[0].replaceAll(",", "."): null

2018-03-13 10:48:45 - [TEST_STEP][PASSED] - Statement - km1 = java.lang.Float.parseFloat(num1): null

2018-03-13 10:48:45 - [TEST_STEP][PASSED] - Statement - el2 = wes.get(i - 1): null

2018-03-13 10:48:45 - [TEST_STEP][PASSED] - Statement - text2 = el2.getAttribute("innerHTML"): null

2018-03-13 10:48:45 - [TEST_STEP][PASSED] - Statement - tmp2 = text2.split(" "): null

2018-03-13 10:48:45 - [TEST_STEP][PASSED] - Statement - num2 = tmp2[0].replaceAll(",", "."): null

2018-03-13 10:48:45 - [TEST_STEP][PASSED] - Statement - km2 = java.lang.Float.parseFloat(num2): null

2018-03-13 10:48:45 - [TEST_STEP][PASSED] - Statement - If (km2 > km1): null

2018-03-13 10:48:45 - [TEST_STEP][PASSED] - Statement - el1 = wes.get(i): null

2018-03-13 10:48:45 - [TEST_STEP][PASSED] - Statement - text1 = el1.getAttribute("innerHTML"): null

2018-03-13 10:48:45 - [TEST_STEP][PASSED] - Statement - tmp1 = text1.split(" "): null

2018-03-13 10:48:45 - [TEST_STEP][PASSED] - Statement - num1 = tmp1[0].replaceAll(",", "."): null

2018-03-13 10:48:45 - [TEST_STEP][PASSED] - Statement - km1 = java.lang.Float.parseFloat(num1): null

2018-03-13 10:48:45 - [TEST_STEP][PASSED] - Statement - el2 = wes.get(i - 1): null

2018-03-13 10:48:45 - [TEST_STEP][PASSED] - Statement - text2 = el2.getAttribute("innerHTML"): null

2018-03-13 10:48:45 - [TEST_STEP][PASSED] - Statement - tmp2 = text2.split(" "): null

2018-03-13 10:48:45 - [TEST_STEP][PASSED] - Statement - num2 = tmp2[0].replaceAll(",", "."): null

2018-03-13 10:48:45 - [TEST_STEP][PASSED] - Statement - km2 = java.lang.Float.parseFloat(num2): null

2018-03-13 10:48:45 - [TEST_STEP][PASSED] - Statement - If (km2 > km1): null

2018-03-13 10:48:45 - [TEST_STEP][PASSED] - Statement - el1 = wes.get(i): null

2018-03-13 10:48:45 - [TEST_STEP][PASSED] - Statement - text1 = el1.getAttribute("innerHTML"): null

2018-03-13 10:48:45 - [TEST_STEP][PASSED] - Statement - tmp1 = text1.split(" "): null

2018-03-13 10:48:45 - [TEST_STEP][PASSED] - Statement - num1 = tmp1[0].replaceAll(",", "."): null

2018-03-13 10:48:45 - [TEST_STEP][PASSED] - Statement - km1 = java.lang.Float.parseFloat(num1): null

2018-03-13 10:48:45 - [TEST_STEP][PASSED] - Statement - el2 = wes.get(i - 1): null

2018-03-13 10:48:45 - [TEST_STEP][PASSED] - Statement - text2 = el2.getAttribute("innerHTML"): null

2018-03-13 10:48:45 - [TEST_STEP][PASSED] - Statement - tmp2 = text2.split(" "): null

2018-03-13 10:48:45 - [TEST_STEP][PASSED] - Statement - num2 = tmp2[0].replaceAll(",", "."): null

2018-03-13 10:48:45 - [TEST_STEP][PASSED] - Statement - km2 = java.lang.Float.parseFloat(num2): null

2018-03-13 10:48:45 - [TEST_STEP][PASSED] - Statement - If (km2 > km1): null

2018-03-13 10:48:45 - [TEST_STEP][PASSED] - Statement - el1 = wes.get(i): null

2018-03-13 10:48:45 - [TEST_STEP][PASSED] - Statement - text1 = el1.getAttribute("innerHTML"): null

2018-03-13 10:48:45 - [TEST_STEP][PASSED] - Statement - tmp1 = text1.split(" "): null

2018-03-13 10:48:45 - [TEST_STEP][PASSED] - Statement - num1 = tmp1[0].replaceAll(",", "."): null

2018-03-13 10:48:45 - [TEST_STEP][PASSED] - Statement - km1 = java.lang.Float.parseFloat(num1): null

2018-03-13 10:48:45 - [TEST_STEP][PASSED] - Statement - el2 = wes.get(i - 1): null

2018-03-13 10:48:45 - [TEST_STEP][PASSED] - Statement - text2 = el2.getAttribute("innerHTML"): null

2018-03-13 10:48:46 - [TEST_STEP][PASSED] - Statement - tmp2 = text2.split(" "): null

2018-03-13 10:48:46 - [TEST_STEP][PASSED] - Statement - num2 = tmp2[0].replaceAll(",", "."): null

2018-03-13 10:48:46 - [TEST_STEP][PASSED] - Statement - km2 = java.lang.Float.parseFloat(num2): null

2018-03-13 10:48:46 - [TEST_STEP][PASSED] - Statement - If (km2 > km1): null

2018-03-13 10:48:46 - [TEST_STEP][PASSED] - Statement - el1 = wes.get(i): null

2018-03-13 10:48:46 - [TEST_STEP][PASSED] - Statement - text1 = el1.getAttribute("innerHTML"): null

2018-03-13 10:48:46 - [TEST_STEP][PASSED] - Statement - tmp1 = text1.split(" "): null

2018-03-13 10:48:46 - [TEST_STEP][PASSED] - Statement - num1 = tmp1[0].replaceAll(",", "."): null

2018-03-13 10:48:46 - [TEST_STEP][PASSED] - Statement - km1 = java.lang.Float.parseFloat(num1): null

2018-03-13 10:48:46 - [TEST_STEP][PASSED] - Statement - el2 = wes.get(i - 1): null

2018-03-13 10:48:46 - [TEST_STEP][PASSED] - Statement - text2 = el2.getAttribute("innerHTML"): null

2018-03-13 10:48:46 - [TEST_STEP][PASSED] - Statement - tmp2 = text2.split(" "): null

2018-03-13 10:48:46 - [TEST_STEP][PASSED] - Statement - num2 = tmp2[0].replaceAll(",", "."): null

2018-03-13 10:48:46 - [TEST_STEP][PASSED] - Statement - km2 = java.lang.Float.parseFloat(num2): null

2018-03-13 10:48:46 - [TEST_STEP][PASSED] - Statement - If (km2 > km1): null

2018-03-13 10:48:46 - [TEST_STEP][PASSED] - Statement - el1 = wes.get(i): null

2018-03-13 10:48:46 - [TEST_STEP][PASSED] - Statement - text1 = el1.getAttribute("innerHTML"): null

2018-03-13 10:48:46 - [TEST_STEP][PASSED] - Statement - tmp1 = text1.split(" "): null

2018-03-13 10:48:46 - [TEST_STEP][PASSED] - Statement - num1 = tmp1[0].replaceAll(",", "."): null

2018-03-13 10:48:46 - [TEST_STEP][PASSED] - Statement - km1 = java.lang.Float.parseFloat(num1): null

2018-03-13 10:48:46 - [TEST_STEP][PASSED] - Statement - el2 = wes.get(i - 1): null

2018-03-13 10:48:46 - [TEST_STEP][PASSED] - Statement - text2 = el2.getAttribute("innerHTML"): null

2018-03-13 10:48:46 - [TEST_STEP][PASSED] - Statement - tmp2 = text2.split(" "): null

2018-03-13 10:48:46 - [TEST_STEP][PASSED] - Statement - num2 = tmp2[0].replaceAll(",", "."): null

2018-03-13 10:48:46 - [TEST_STEP][PASSED] - Statement - km2 = java.lang.Float.parseFloat(num2): null

2018-03-13 10:48:46 - [TEST_STEP][PASSED] - Statement - If (km2 > km1): null

2018-03-13 10:48:46 - [TEST_STEP][PASSED] - Statement - el1 = wes.get(i): null

2018-03-13 10:48:46 - [TEST_STEP][PASSED] - Statement - text1 = el1.getAttribute("innerHTML"): null

2018-03-13 10:48:46 - [TEST_STEP][PASSED] - Statement - tmp1 = text1.split(" "): null

2018-03-13 10:48:46 - [TEST_STEP][PASSED] - Statement - num1 = tmp1[0].replaceAll(",", "."): null

2018-03-13 10:48:46 - [TEST_STEP][PASSED] - Statement - km1 = java.lang.Float.parseFloat(num1): null

2018-03-13 10:48:46 - [TEST_STEP][PASSED] - Statement - el2 = wes.get(i - 1): null

2018-03-13 10:48:46 - [TEST_STEP][PASSED] - Statement - text2 = el2.getAttribute("innerHTML"): null

2018-03-13 10:48:46 - [TEST_STEP][PASSED] - Statement - tmp2 = text2.split(" "): null

2018-03-13 10:48:46 - [TEST_STEP][PASSED] - Statement - num2 = tmp2[0].replaceAll(",", "."): null

2018-03-13 10:48:46 - [TEST_STEP][PASSED] - Statement - km2 = java.lang.Float.parseFloat(num2): null

2018-03-13 10:48:46 - [TEST_STEP][PASSED] - Statement - If (km2 > km1): null

2018-03-13 10:48:46 - [TEST_STEP][PASSED] - Statement - el1 = wes.get(i): null

2018-03-13 10:48:46 - [TEST_STEP][PASSED] - Statement - text1 = el1.getAttribute("innerHTML"): null

2018-03-13 10:48:46 - [TEST_STEP][PASSED] - Statement - tmp1 = text1.split(" "): null

2018-03-13 10:48:46 - [TEST_STEP][PASSED] - Statement - num1 = tmp1[0].replaceAll(",", "."): null

2018-03-13 10:48:46 - [TEST_STEP][PASSED] - Statement - km1 = java.lang.Float.parseFloat(num1): null

2018-03-13 10:48:46 - [TEST_STEP][PASSED] - Statement - el2 = wes.get(i - 1): null

2018-03-13 10:48:46 - [TEST_STEP][PASSED] - Statement - text2 = el2.getAttribute("innerHTML"): null

2018-03-13 10:48:46 - [TEST_STEP][PASSED] - Statement - tmp2 = text2.split(" "): null

2018-03-13 10:48:46 - [TEST_STEP][PASSED] - Statement - num2 = tmp2[0].replaceAll(",", "."): null

2018-03-13 10:48:46 - [TEST_STEP][PASSED] - Statement - km2 = java.lang.Float.parseFloat(num2): null

2018-03-13 10:48:46 - [TEST_STEP][PASSED] - Statement - If (km2 > km1): null

2018-03-13 10:48:46 - [TEST_STEP][PASSED] - Statement - el1 = wes.get(i): null

2018-03-13 10:48:46 - [TEST_STEP][PASSED] - Statement - text1 = el1.getAttribute("innerHTML"): null

2018-03-13 10:48:46 - [TEST_STEP][PASSED] - Statement - tmp1 = text1.split(" "): null

2018-03-13 10:48:46 - [TEST_STEP][PASSED] - Statement - num1 = tmp1[0].replaceAll(",", "."): null

2018-03-13 10:48:46 - [TEST_STEP][PASSED] - Statement - km1 = java.lang.Float.parseFloat(num1): null

2018-03-13 10:48:46 - [TEST_STEP][PASSED] - Statement - el2 = wes.get(i - 1): null

2018-03-13 10:48:46 - [TEST_STEP][PASSED] - Statement - text2 = el2.getAttribute("innerHTML"): null

2018-03-13 10:48:46 - [TEST_STEP][PASSED] - Statement - tmp2 = text2.split(" "): null

2018-03-13 10:48:46 - [TEST_STEP][PASSED] - Statement - num2 = tmp2[0].replaceAll(",", "."): null

2018-03-13 10:48:46 - [TEST_STEP][PASSED] - Statement - km2 = java.lang.Float.parseFloat(num2): null

2018-03-13 10:48:46 - [TEST_STEP][PASSED] - Statement - If (km2 > km1): null

2018-03-13 10:48:46 - [TEST_STEP][PASSED] - Statement - el1 = wes.get(i): null

2018-03-13 10:48:46 - [TEST_STEP][PASSED] - Statement - text1 = el1.getAttribute("innerHTML"): null

2018-03-13 10:48:46 - [TEST_STEP][PASSED] - Statement - tmp1 = text1.split(" "): null

2018-03-13 10:48:46 - [TEST_STEP][PASSED] - Statement - num1 = tmp1[0].replaceAll(",", "."): null

2018-03-13 10:48:46 - [TEST_STEP][PASSED] - Statement - km1 = java.lang.Float.parseFloat(num1): null

2018-03-13 10:48:46 - [TEST_STEP][PASSED] - Statement - el2 = wes.get(i - 1): null

2018-03-13 10:48:46 - [TEST_STEP][PASSED] - Statement - text2 = el2.getAttribute("innerHTML"): null

2018-03-13 10:48:46 - [TEST_STEP][PASSED] - Statement - tmp2 = text2.split(" "): null

2018-03-13 10:48:46 - [TEST_STEP][PASSED] - Statement - num2 = tmp2[0].replaceAll(",", "."): null

2018-03-13 10:48:46 - [TEST_STEP][PASSED] - Statement - km2 = java.lang.Float.parseFloat(num2): null

2018-03-13 10:48:46 - [TEST_STEP][PASSED] - Statement - If (km2 > km1): null

2018-03-13 10:48:46 - [TEST_STEP][PASSED] - Statement - el1 = wes.get(i): null

2018-03-13 10:48:46 - [TEST_STEP][PASSED] - Statement - text1 = el1.getAttribute("innerHTML"): null

2018-03-13 10:48:46 - [TEST_STEP][PASSED] - Statement - tmp1 = text1.split(" "): null

2018-03-13 10:48:46 - [TEST_STEP][PASSED] - Statement - num1 = tmp1[0].replaceAll(",", "."): null

2018-03-13 10:48:46 - [TEST_STEP][PASSED] - Statement - km1 = java.lang.Float.parseFloat(num1): null

2018-03-13 10:48:46 - [TEST_STEP][PASSED] - Statement - el2 = wes.get(i - 1): null

2018-03-13 10:48:46 - [TEST_STEP][PASSED] - Statement - text2 = el2.getAttribute("innerHTML"): null

2018-03-13 10:48:46 - [TEST_STEP][PASSED] - Statement - tmp2 = text2.split(" "): null

2018-03-13 10:48:46 - [TEST_STEP][PASSED] - Statement - num2 = tmp2[0].replaceAll(",", "."): null

2018-03-13 10:48:46 - [TEST_STEP][PASSED] - Statement - km2 = java.lang.Float.parseFloat(num2): null

2018-03-13 10:48:46 - [TEST_STEP][PASSED] - Statement - If (km2 > km1): null

2018-03-13 10:48:46 - [TEST_STEP][PASSED] - Statement - el1 = wes.get(i): null

2018-03-13 10:48:46 - [TEST_STEP][PASSED] - Statement - text1 = el1.getAttribute("innerHTML"): null

2018-03-13 10:48:46 - [TEST_STEP][PASSED] - Statement - tmp1 = text1.split(" "): null

2018-03-13 10:48:46 - [TEST_STEP][PASSED] - Statement - num1 = tmp1[0].replaceAll(",", "."): null

2018-03-13 10:48:46 - [TEST_STEP][PASSED] - Statement - km1 = java.lang.Float.parseFloat(num1): null

2018-03-13 10:48:46 - [TEST_STEP][PASSED] - Statement - el2 = wes.get(i - 1): null

2018-03-13 10:48:46 - [TEST_STEP][PASSED] - Statement - text2 = el2.getAttribute("innerHTML"): null

2018-03-13 10:48:46 - [TEST_STEP][PASSED] - Statement - tmp2 = text2.split(" "): null

2018-03-13 10:48:46 - [TEST_STEP][PASSED] - Statement - num2 = tmp2[0].replaceAll(",", "."): null

2018-03-13 10:48:46 - [TEST_STEP][PASSED] - Statement - km2 = java.lang.Float.parseFloat(num2): null

2018-03-13 10:48:46 - [TEST_STEP][PASSED] - Statement - If (km2 > km1): null

2018-03-13 10:48:46 - [TEST_STEP][PASSED] - Statement - el1 = wes.get(i): null

2018-03-13 10:48:46 - [TEST_STEP][PASSED] - Statement - text1 = el1.getAttribute("innerHTML"): null

2018-03-13 10:48:47 - [TEST_STEP][PASSED] - Statement - tmp1 = text1.split(" "): null

2018-03-13 10:48:47 - [TEST_STEP][PASSED] - Statement - num1 = tmp1[0].replaceAll(",", "."): null

2018-03-13 10:48:47 - [TEST_STEP][PASSED] - Statement - km1 = java.lang.Float.parseFloat(num1): null

2018-03-13 10:48:47 - [TEST_STEP][PASSED] - Statement - el2 = wes.get(i - 1): null

2018-03-13 10:48:47 - [TEST_STEP][PASSED] - Statement - text2 = el2.getAttribute("innerHTML"): null

2018-03-13 10:48:47 - [TEST_STEP][PASSED] - Statement - tmp2 = text2.split(" "): null

2018-03-13 10:48:47 - [TEST_STEP][PASSED] - Statement - num2 = tmp2[0].replaceAll(",", "."): null

2018-03-13 10:48:47 - [TEST_STEP][PASSED] - Statement - km2 = java.lang.Float.parseFloat(num2): null

2018-03-13 10:48:47 - [TEST_STEP][PASSED] - Statement - If (km2 > km1): null

2018-03-13 10:48:47 - [TEST_STEP][PASSED] - Statement - el1 = wes.get(i): null

2018-03-13 10:48:47 - [TEST_STEP][PASSED] - Statement - text1 = el1.getAttribute("innerHTML"): null

2018-03-13 10:48:47 - [TEST_STEP][PASSED] - Statement - tmp1 = text1.split(" "): null

2018-03-13 10:48:47 - [TEST_STEP][PASSED] - Statement - num1 = tmp1[0].replaceAll(",", "."): null

2018-03-13 10:48:47 - [TEST_STEP][PASSED] - Statement - km1 = java.lang.Float.parseFloat(num1): null

2018-03-13 10:48:47 - [TEST_STEP][PASSED] - Statement - el2 = wes.get(i - 1): null

2018-03-13 10:48:47 - [TEST_STEP][PASSED] - Statement - text2 = el2.getAttribute("innerHTML"): null

2018-03-13 10:48:47 - [TEST_STEP][PASSED] - Statement - tmp2 = text2.split(" "): null

2018-03-13 10:48:47 - [TEST_STEP][PASSED] - Statement - num2 = tmp2[0].replaceAll(",", "."): null

2018-03-13 10:48:47 - [TEST_STEP][PASSED] - Statement - km2 = java.lang.Float.parseFloat(num2): null

2018-03-13 10:48:47 - [TEST_STEP][PASSED] - Statement - If (km2 > km1): null

2018-03-13 10:48:47 - [TEST_STEP][PASSED] - Statement - el1 = wes.get(i): null

2018-03-13 10:48:47 - [TEST_STEP][PASSED] - Statement - text1 = el1.getAttribute("innerHTML"): null

2018-03-13 10:48:47 - [TEST_STEP][PASSED] - Statement - tmp1 = text1.split(" "): null

2018-03-13 10:48:47 - [TEST_STEP][PASSED] - Statement - num1 = tmp1[0].replaceAll(",", "."): null

2018-03-13 10:48:47 - [TEST_STEP][PASSED] - Statement - km1 = java.lang.Float.parseFloat(num1): null

2018-03-13 10:48:47 - [TEST_STEP][PASSED] - Statement - el2 = wes.get(i - 1): null

2018-03-13 10:48:47 - [TEST_STEP][PASSED] - Statement - text2 = el2.getAttribute("innerHTML"): null

2018-03-13 10:48:47 - [TEST_STEP][PASSED] - Statement - tmp2 = text2.split(" "): null

2018-03-13 10:48:47 - [TEST_STEP][PASSED] - Statement - num2 = tmp2[0].replaceAll(",", "."): null

2018-03-13 10:48:47 - [TEST_STEP][PASSED] - Statement - km2 = java.lang.Float.parseFloat(num2): null

2018-03-13 10:48:47 - [TEST_STEP][PASSED] - Statement - If (km2 > km1): null

2018-03-13 10:48:47 - [TEST_STEP][PASSED] - Statement - el1 = wes.get(i): null

2018-03-13 10:48:47 - [TEST_STEP][PASSED] - Statement - text1 = el1.getAttribute("innerHTML"): null

2018-03-13 10:48:47 - [TEST_STEP][PASSED] - Statement - tmp1 = text1.split(" "): null

2018-03-13 10:48:47 - [TEST_STEP][PASSED] - Statement - num1 = tmp1[0].replaceAll(",", "."): null

2018-03-13 10:48:47 - [TEST_STEP][PASSED] - Statement - km1 = java.lang.Float.parseFloat(num1): null

2018-03-13 10:48:47 - [TEST_STEP][PASSED] - Statement - el2 = wes.get(i - 1): null

2018-03-13 10:48:47 - [TEST_STEP][PASSED] - Statement - text2 = el2.getAttribute("innerHTML"): null

2018-03-13 10:48:47 - [TEST_STEP][PASSED] - Statement - tmp2 = text2.split(" "): null

2018-03-13 10:48:47 - [TEST_STEP][PASSED] - Statement - num2 = tmp2[0].replaceAll(",", "."): null

2018-03-13 10:48:47 - [TEST_STEP][PASSED] - Statement - km2 = java.lang.Float.parseFloat(num2): null

2018-03-13 10:48:47 - [TEST_STEP][PASSED] - Statement - If (km2 > km1): null

2018-03-13 10:48:47 - [TEST_STEP][PASSED] - Statement - el1 = wes.get(i): null

2018-03-13 10:48:47 - [TEST_STEP][PASSED] - Statement - text1 = el1.getAttribute("innerHTML"): null

2018-03-13 10:48:47 - [TEST_STEP][PASSED] - Statement - tmp1 = text1.split(" "): null

2018-03-13 10:48:47 - [TEST_STEP][PASSED] - Statement - num1 = tmp1[0].replaceAll(",", "."): null

2018-03-13 10:48:47 - [TEST_STEP][PASSED] - Statement - km1 = java.lang.Float.parseFloat(num1): null

2018-03-13 10:48:47 - [TEST_STEP][PASSED] - Statement - el2 = wes.get(i - 1): null

2018-03-13 10:48:47 - [TEST_STEP][PASSED] - Statement - text2 = el2.getAttribute("innerHTML"): null

2018-03-13 10:48:47 - [TEST_STEP][PASSED] - Statement - tmp2 = text2.split(" "): null

2018-03-13 10:48:47 - [TEST_STEP][PASSED] - Statement - num2 = tmp2[0].replaceAll(",", "."): null

2018-03-13 10:48:47 - [TEST_STEP][PASSED] - Statement - km2 = java.lang.Float.parseFloat(num2): null

2018-03-13 10:48:47 - [TEST_STEP][PASSED] - Statement - If (km2 > km1): null

2018-03-13 10:48:47 - [TEST_STEP][PASSED] - Statement - el1 = wes.get(i): null

2018-03-13 10:48:47 - [TEST_STEP][PASSED] - Statement - text1 = el1.getAttribute("innerHTML"): null

2018-03-13 10:48:47 - [TEST_STEP][PASSED] - Statement - tmp1 = text1.split(" "): null

2018-03-13 10:48:47 - [TEST_STEP][PASSED] - Statement - num1 = tmp1[0].replaceAll(",", "."): null

2018-03-13 10:48:47 - [TEST_STEP][PASSED] - Statement - km1 = java.lang.Float.parseFloat(num1): null

2018-03-13 10:48:47 - [TEST_STEP][PASSED] - Statement - el2 = wes.get(i - 1): null

2018-03-13 10:48:47 - [TEST_STEP][PASSED] - Statement - text2 = el2.getAttribute("innerHTML"): null

2018-03-13 10:48:47 - [TEST_STEP][PASSED] - Statement - tmp2 = text2.split(" "): null

2018-03-13 10:48:47 - [TEST_STEP][PASSED] - Statement - num2 = tmp2[0].replaceAll(",", "."): null

2018-03-13 10:48:47 - [TEST_STEP][PASSED] - Statement - km2 = java.lang.Float.parseFloat(num2): null

2018-03-13 10:48:47 - [TEST_STEP][PASSED] - Statement - If (km2 > km1): null

2018-03-13 10:48:47 - [TEST_STEP][PASSED] - Statement - el1 = wes.get(i): null

2018-03-13 10:48:47 - [TEST_STEP][PASSED] - Statement - text1 = el1.getAttribute("innerHTML"): null

2018-03-13 10:48:47 - [TEST_STEP][PASSED] - Statement - tmp1 = text1.split(" "): null

2018-03-13 10:48:47 - [TEST_STEP][PASSED] - Statement - num1 = tmp1[0].replaceAll(",", "."): null

2018-03-13 10:48:47 - [TEST_STEP][PASSED] - Statement - km1 = java.lang.Float.parseFloat(num1): null

2018-03-13 10:48:47 - [TEST_STEP][PASSED] - Statement - el2 = wes.get(i - 1): null

2018-03-13 10:48:47 - [TEST_STEP][PASSED] - Statement - text2 = el2.getAttribute("innerHTML"): null

2018-03-13 10:48:47 - [TEST_STEP][PASSED] - Statement - tmp2 = text2.split(" "): null

2018-03-13 10:48:47 - [TEST_STEP][PASSED] - Statement - num2 = tmp2[0].replaceAll(",", "."): null

2018-03-13 10:48:47 - [TEST_STEP][PASSED] - Statement - km2 = java.lang.Float.parseFloat(num2): null

2018-03-13 10:48:47 - [TEST_STEP][PASSED] - Statement - If (km2 > km1): null

2018-03-13 10:48:47 - [TEST_STEP][PASSED] - Statement - el1 = wes.get(i): null

2018-03-13 10:48:47 - [TEST_STEP][PASSED] - Statement - text1 = el1.getAttribute("innerHTML"): null

2018-03-13 10:48:47 - [TEST_STEP][PASSED] - Statement - tmp1 = text1.split(" "): null

2018-03-13 10:48:47 - [TEST_STEP][PASSED] - Statement - num1 = tmp1[0].replaceAll(",", "."): null

2018-03-13 10:48:47 - [TEST_STEP][PASSED] - Statement - km1 = java.lang.Float.parseFloat(num1): null

2018-03-13 10:48:47 - [TEST_STEP][PASSED] - Statement - el2 = wes.get(i - 1): null

2018-03-13 10:48:47 - [TEST_STEP][PASSED] - Statement - text2 = el2.getAttribute("innerHTML"): null

2018-03-13 10:48:47 - [TEST_STEP][PASSED] - Statement - tmp2 = text2.split(" "): null

2018-03-13 10:48:47 - [TEST_STEP][PASSED] - Statement - num2 = tmp2[0].replaceAll(",", "."): null

2018-03-13 10:48:47 - [TEST_STEP][PASSED] - Statement - km2 = java.lang.Float.parseFloat(num2): null

2018-03-13 10:48:47 - [TEST_STEP][PASSED] - Statement - If (km2 > km1): null

2018-03-13 10:48:47 - [TEST_STEP][PASSED] - Statement - el1 = wes.get(i): null

2018-03-13 10:48:47 - [TEST_STEP][PASSED] - Statement - text1 = el1.getAttribute("innerHTML"): null

2018-03-13 10:48:47 - [TEST_STEP][PASSED] - Statement - tmp1 = text1.split(" "): null

2018-03-13 10:48:47 - [TEST_STEP][PASSED] - Statement - num1 = tmp1[0].replaceAll(",", "."): null

2018-03-13 10:48:47 - [TEST_STEP][PASSED] - Statement - km1 = java.lang.Float.parseFloat(num1): null

2018-03-13 10:48:47 - [TEST_STEP][PASSED] - Statement - el2 = wes.get(i - 1): null

2018-03-13 10:48:47 - [TEST_STEP][PASSED] - Statement - text2 = el2.getAttribute("innerHTML"): null

2018-03-13 10:48:48 - [TEST_STEP][PASSED] - Statement - tmp2 = text2.split(" "): null

2018-03-13 10:48:48 - [TEST_STEP][PASSED] - Statement - num2 = tmp2[0].replaceAll(",", "."): null

2018-03-13 10:48:48 - [TEST_STEP][PASSED] - Statement - km2 = java.lang.Float.parseFloat(num2): null

2018-03-13 10:48:48 - [TEST_STEP][PASSED] - Statement - If (km2 > km1): null

2018-03-13 10:48:48 - [TEST_STEP][PASSED] - Statement - el1 = wes.get(i): null

2018-03-13 10:48:48 - [TEST_STEP][PASSED] - Statement - text1 = el1.getAttribute("innerHTML"): null

2018-03-13 10:48:48 - [TEST_STEP][PASSED] - Statement - tmp1 = text1.split(" "): null

2018-03-13 10:48:48 - [TEST_STEP][PASSED] - Statement - num1 = tmp1[0].replaceAll(",", "."): null

2018-03-13 10:48:48 - [TEST_STEP][PASSED] - Statement - km1 = java.lang.Float.parseFloat(num1): null

2018-03-13 10:48:48 - [TEST_STEP][PASSED] - Statement - el2 = wes.get(i - 1): null

2018-03-13 10:48:48 - [TEST_STEP][PASSED] - Statement - text2 = el2.getAttribute("innerHTML"): null

2018-03-13 10:48:48 - [TEST_STEP][PASSED] - Statement - tmp2 = text2.split(" "): null

2018-03-13 10:48:48 - [TEST_STEP][PASSED] - Statement - num2 = tmp2[0].replaceAll(",", "."): null

2018-03-13 10:48:48 - [TEST_STEP][PASSED] - Statement - km2 = java.lang.Float.parseFloat(num2): null

2018-03-13 10:48:48 - [TEST_STEP][PASSED] - Statement - If (km2 > km1): null

2018-03-13 10:48:48 - [TEST_STEP][PASSED] - Statement - el1 = wes.get(i): null

2018-03-13 10:48:48 - [TEST_STEP][PASSED] - Statement - text1 = el1.getAttribute("innerHTML"): null

2018-03-13 10:48:48 - [TEST_STEP][PASSED] - Statement - tmp1 = text1.split(" "): null

2018-03-13 10:48:48 - [TEST_STEP][PASSED] - Statement - num1 = tmp1[0].replaceAll(",", "."): null

2018-03-13 10:48:48 - [TEST_STEP][PASSED] - Statement - km1 = java.lang.Float.parseFloat(num1): null

2018-03-13 10:48:48 - [TEST_STEP][PASSED] - Statement - el2 = wes.get(i - 1): null

2018-03-13 10:48:48 - [TEST_STEP][PASSED] - Statement - text2 = el2.getAttribute("innerHTML"): null

2018-03-13 10:48:48 - [TEST_STEP][PASSED] - Statement - tmp2 = text2.split(" "): null

2018-03-13 10:48:48 - [TEST_STEP][PASSED] - Statement - num2 = tmp2[0].replaceAll(",", "."): null

2018-03-13 10:48:48 - [TEST_STEP][PASSED] - Statement - km2 = java.lang.Float.parseFloat(num2): null

2018-03-13 10:48:48 - [TEST_STEP][PASSED] - Statement - If (km2 > km1): null

2018-03-13 10:48:48 - [TEST_STEP][PASSED] - Statement - el1 = wes.get(i): null

2018-03-13 10:48:48 - [TEST_STEP][PASSED] - Statement - text1 = el1.getAttribute("innerHTML"): null

2018-03-13 10:48:48 - [TEST_STEP][PASSED] - Statement - tmp1 = text1.split(" "): null

2018-03-13 10:48:48 - [TEST_STEP][PASSED] - Statement - num1 = tmp1[0].replaceAll(",", "."): null

2018-03-13 10:48:48 - [TEST_STEP][PASSED] - Statement - km1 = java.lang.Float.parseFloat(num1): null

2018-03-13 10:48:48 - [TEST_STEP][PASSED] - Statement - el2 = wes.get(i - 1): null

2018-03-13 10:48:48 - [TEST_STEP][PASSED] - Statement - text2 = el2.getAttribute("innerHTML"): null

2018-03-13 10:48:48 - [TEST_STEP][PASSED] - Statement - tmp2 = text2.split(" "): null

2018-03-13 10:48:48 - [TEST_STEP][PASSED] - Statement - num2 = tmp2[0].replaceAll(",", "."): null

2018-03-13 10:48:48 - [TEST_STEP][PASSED] - Statement - km2 = java.lang.Float.parseFloat(num2): null

2018-03-13 10:48:48 - [TEST_STEP][PASSED] - Statement - If (km2 > km1): null

2018-03-13 10:48:48 - [TEST_STEP][PASSED] - closeBrowser: Browser is closed

2018-03-13 10:48:48 - [MESSAGE][PASSED] - Browser is closed]]></system-out>
         <system-err><![CDATA[]]></system-err>
      </testcase>
      <testcase name="Test Cases/Prototyp_Filialsuche (RC 18)/16_Testfall" classname="Test Cases/Prototyp_Filialsuche (RC 18)/16_Testfall" status="PASSED">
         <system-out><![CDATA[2018-03-13 10:48:48 - [TEST_CASE][PASSED] - Test Cases/Prototyp_Filialsuche (RC 18)/16_Testfall: Test Cases/Prototyp_Filialsuche (RC 18)/16_Testfall

2018-03-13 10:48:48 - [TEST_STEP][PASSED] - openBrowser: Browser is opened with url: ''

2018-03-13 10:48:51 - [MESSAGE][PASSED] - Browser is opened with url: ''

2018-03-13 10:48:51 - [TEST_STEP][PASSED] - maximizeWindow: Current window maximized

2018-03-13 10:48:51 - [MESSAGE][PASSED] - Current window maximized

2018-03-13 10:48:51 - [TEST_STEP][PASSED] - deleteAllCookies: Delete all cookies successfully

2018-03-13 10:48:51 - [MESSAGE][PASSED] - Delete all cookies successfully

2018-03-13 10:48:51 - [TEST_STEP][PASSED] - navigateToUrl: Navigate to 'http://rc-ogrhtmlprototyp.testintern/18-1-0/filialsuche-textinput.html' successfully

2018-03-13 10:48:52 - [MESSAGE][PASSED] - Navigate to 'http://rc-ogrhtmlprototyp.testintern/18-1-0/filialsuche-textinput.html' successfully

2018-03-13 10:48:52 - [TEST_STEP][PASSED] - delay: Delayed 5 second(s)

2018-03-13 10:48:57 - [MESSAGE][PASSED] - Delayed 5 second(s)

2018-03-13 10:48:57 - [TEST_STEP][PASSED] - setText: Text 'Berlin' is set on object 'Object Repository/Filialsuche_Inputtext'

2018-03-13 10:48:57 - [MESSAGE][PASSED] - Text 'Berlin' is set on object 'Object Repository/Filialsuche_Inputtext'

2018-03-13 10:48:57 - [TEST_STEP][PASSED] - delay: Delayed 2 second(s)

2018-03-13 10:48:59 - [MESSAGE][PASSED] - Delayed 2 second(s)

2018-03-13 10:48:59 - [TEST_STEP][PASSED] - submit: The form containing object: 'Object Repository/Filialsuche_submit_button' is submitted

2018-03-13 10:48:59 - [MESSAGE][PASSED] - The form containing object: 'Object Repository/Filialsuche_submit_button' is submitted

2018-03-13 10:48:59 - [TEST_STEP][PASSED] - delay: Delayed 2 second(s)

2018-03-13 10:49:01 - [MESSAGE][PASSED] - Delayed 2 second(s)

2018-03-13 10:49:01 - [TEST_STEP][PASSED] - verifyElementVisible: Object 'Object Repository/Entfernung_filialsuche' is visible

2018-03-13 10:49:02 - [MESSAGE][PASSED] - Object 'Object Repository/Entfernung_filialsuche' is visible

2018-03-13 10:49:02 - [TEST_STEP][PASSED] - closeBrowser: Browser is closed

2018-03-13 10:49:02 - [MESSAGE][PASSED] - Browser is closed]]></system-out>
         <system-err><![CDATA[]]></system-err>
      </testcase>
      <testcase name="Test Cases/Prototyp_Filialsuche (RC 18)/17_Testfall" classname="Test Cases/Prototyp_Filialsuche (RC 18)/17_Testfall" status="PASSED">
         <system-out><![CDATA[2018-03-13 10:49:02 - [TEST_CASE][PASSED] - Test Cases/Prototyp_Filialsuche (RC 18)/17_Testfall: Test Cases/Prototyp_Filialsuche (RC 18)/17_Testfall

2018-03-13 10:49:02 - [TEST_STEP][PASSED] - openBrowser: Browser is opened with url: ''

2018-03-13 10:49:05 - [MESSAGE][PASSED] - Browser is opened with url: ''

2018-03-13 10:49:05 - [TEST_STEP][PASSED] - deleteAllCookies: Delete all cookies successfully

2018-03-13 10:49:05 - [MESSAGE][PASSED] - Delete all cookies successfully

2018-03-13 10:49:05 - [TEST_STEP][PASSED] - maximizeWindow: Current window maximized

2018-03-13 10:49:05 - [MESSAGE][PASSED] - Current window maximized

2018-03-13 10:49:05 - [TEST_STEP][PASSED] - navigateToUrl: Navigate to 'http://rc-ogrhtmlprototyp.testintern/18-1-0/filialsuche.html' successfully

2018-03-13 10:49:05 - [MESSAGE][PASSED] - Navigate to 'http://rc-ogrhtmlprototyp.testintern/18-1-0/filialsuche.html' successfully

2018-03-13 10:49:05 - [TEST_STEP][PASSED] - delay: Delayed 2 second(s)

2018-03-13 10:49:07 - [MESSAGE][PASSED] - Delayed 2 second(s)

2018-03-13 10:49:07 - [TEST_STEP][PASSED] - waitForPageLoad: Wait for page load successfully

2018-03-13 10:49:07 - [MESSAGE][WARNING] - Timeout '0' is invalid. Using default page load timeout: '30'

2018-03-13 10:49:09 - [MESSAGE][PASSED] - Wait for page load successfully

2018-03-13 10:49:09 - [TEST_STEP][PASSED] - delay: Delayed 2 second(s)

2018-03-13 10:49:11 - [MESSAGE][PASSED] - Delayed 2 second(s)

2018-03-13 10:49:11 - [TEST_STEP][PASSED] - click: Object: 'Object Repository/03/Page_Filialsuche-rotenburg - BVR HT/svg_dropdown-icons' is clicked on

2018-03-13 10:49:14 - [MESSAGE][PASSED] - Object: 'Object Repository/03/Page_Filialsuche-rotenburg - BVR HT/svg_dropdown-icons' is clicked on

2018-03-13 10:49:14 - [TEST_STEP][PASSED] - delay: Delayed 2 second(s)

2018-03-13 10:49:16 - [MESSAGE][PASSED] - Delayed 2 second(s)

2018-03-13 10:49:16 - [TEST_STEP][PASSED] - mouseOver: Object: 'Object Repository/002/Page_Filialsuche - BVR HTML Prototy/div_Berlin' is hovered

2018-03-13 10:49:16 - [MESSAGE][PASSED] - Object: 'Object Repository/002/Page_Filialsuche - BVR HTML Prototy/div_Berlin' is hovered

2018-03-13 10:49:16 - [TEST_STEP][PASSED] - delay: Delayed 2 second(s)

2018-03-13 10:49:18 - [MESSAGE][PASSED] - Delayed 2 second(s)

2018-03-13 10:49:18 - [TEST_STEP][PASSED] - click: Object: 'Object Repository/002/Page_Filialsuche - BVR HTML Prototy/div_Berlin' is clicked on

2018-03-13 10:49:20 - [MESSAGE][PASSED] - Object: 'Object Repository/002/Page_Filialsuche - BVR HTML Prototy/div_Berlin' is clicked on

2018-03-13 10:49:20 - [TEST_STEP][PASSED] - delay: Delayed 5 second(s)

2018-03-13 10:49:25 - [MESSAGE][PASSED] - Delayed 5 second(s)

2018-03-13 10:49:25 - [TEST_STEP][PASSED] - click: Object: 'Object Repository/TF17/Page_Filialsuche - BVR HTML Prototy/span_Berliner Volksbank eG Fil' is clicked on

2018-03-13 10:49:27 - [MESSAGE][PASSED] - Object: 'Object Repository/TF17/Page_Filialsuche - BVR HTML Prototy/span_Berliner Volksbank eG Fil' is clicked on

2018-03-13 10:49:27 - [TEST_STEP][PASSED] - delay: Delayed 2 second(s)

2018-03-13 10:49:29 - [MESSAGE][PASSED] - Delayed 2 second(s)

2018-03-13 10:49:29 - [TEST_STEP][PASSED] - verifyTextPresent: Text 'Alt-Moabit 82' is present on page 

2018-03-13 10:49:32 - [MESSAGE][PASSED] - Text 'Alt-Moabit 82' is present on page 

2018-03-13 10:49:32 - [TEST_STEP][PASSED] - verifyTextPresent: Text '10555 Berlin' is present on page 

2018-03-13 10:49:34 - [MESSAGE][PASSED] - Text '10555 Berlin' is present on page 

2018-03-13 10:49:34 - [TEST_STEP][PASSED] - click: Object: 'Object Repository/TF17/Page_Filialsuche - BVR HTML Prototy/span_Berliner Volksbank eG Fil_1' is clicked on

2018-03-13 10:49:36 - [MESSAGE][PASSED] - Object: 'Object Repository/TF17/Page_Filialsuche - BVR HTML Prototy/span_Berliner Volksbank eG Fil_1' is clicked on

2018-03-13 10:49:36 - [TEST_STEP][PASSED] - delay: Delayed 2 second(s)

2018-03-13 10:49:38 - [MESSAGE][PASSED] - Delayed 2 second(s)

2018-03-13 10:49:38 - [TEST_STEP][PASSED] - verifyTextPresent: Text 'Alt-Rudow 71' is present on page 

2018-03-13 10:49:39 - [MESSAGE][PASSED] - Text 'Alt-Rudow 71' is present on page 

2018-03-13 10:49:39 - [TEST_STEP][PASSED] - verifyTextPresent: Text '12355 Berlin' is present on page 

2018-03-13 10:49:41 - [MESSAGE][PASSED] - Text '12355 Berlin' is present on page 

2018-03-13 10:49:41 - [TEST_STEP][PASSED] - click: Object: 'Object Repository/TF17/Page_Filialsuche - BVR HTML Prototy/span_Berliner Volksbank eG Fin' is clicked on

2018-03-13 10:49:43 - [MESSAGE][PASSED] - Object: 'Object Repository/TF17/Page_Filialsuche - BVR HTML Prototy/span_Berliner Volksbank eG Fin' is clicked on

2018-03-13 10:49:43 - [TEST_STEP][PASSED] - delay: Delayed 2 second(s)

2018-03-13 10:49:45 - [MESSAGE][PASSED] - Delayed 2 second(s)

2018-03-13 10:49:45 - [TEST_STEP][PASSED] - verifyTextPresent: Text 'Bahnhofstr. 19' is present on page 

2018-03-13 10:49:47 - [MESSAGE][PASSED] - Text 'Bahnhofstr. 19' is present on page 

2018-03-13 10:49:47 - [TEST_STEP][PASSED] - verifyTextPresent: Text '12555 Berlin' is present on page 

2018-03-13 10:49:49 - [MESSAGE][PASSED] - Text '12555 Berlin' is present on page 

2018-03-13 10:49:49 - [TEST_STEP][PASSED] - click: Object: 'Object Repository/TF17/Page_Filialsuche - BVR HTML Prototy/span_Berliner Volksbank eG Fin_1' is clicked on

2018-03-13 10:49:51 - [MESSAGE][PASSED] - Object: 'Object Repository/TF17/Page_Filialsuche - BVR HTML Prototy/span_Berliner Volksbank eG Fin_1' is clicked on

2018-03-13 10:49:51 - [TEST_STEP][PASSED] - delay: Delayed 2 second(s)

2018-03-13 10:49:53 - [MESSAGE][PASSED] - Delayed 2 second(s)

2018-03-13 10:49:53 - [TEST_STEP][PASSED] - verifyTextPresent: Text 'Bahnhofstr. 50' is present on page 

2018-03-13 10:49:56 - [MESSAGE][PASSED] - Text 'Bahnhofstr. 50' is present on page 

2018-03-13 10:49:56 - [TEST_STEP][PASSED] - verifyTextPresent: Text '12305 Berlin' is present on page 

2018-03-13 10:49:57 - [MESSAGE][PASSED] - Text '12305 Berlin' is present on page 

2018-03-13 10:49:57 - [TEST_STEP][PASSED] - click: Object: 'Object Repository/TF17/Page_Filialsuche - BVR HTML Prototy/span_Berliner Volksbank eG Fil_2' is clicked on

2018-03-13 10:49:59 - [MESSAGE][PASSED] - Object: 'Object Repository/TF17/Page_Filialsuche - BVR HTML Prototy/span_Berliner Volksbank eG Fil_2' is clicked on

2018-03-13 10:49:59 - [TEST_STEP][PASSED] - delay: Delayed 2 second(s)

2018-03-13 10:50:01 - [MESSAGE][PASSED] - Delayed 2 second(s)

2018-03-13 10:50:01 - [TEST_STEP][PASSED] - verifyTextPresent: Text 'Baumschulenstr. 96' is present on page 

2018-03-13 10:50:03 - [MESSAGE][PASSED] - Text 'Baumschulenstr. 96' is present on page 

2018-03-13 10:50:03 - [TEST_STEP][PASSED] - verifyTextPresent: Text '12437 Berlin' is present on page 

2018-03-13 10:50:05 - [MESSAGE][PASSED] - Text '12437 Berlin' is present on page 

2018-03-13 10:50:05 - [TEST_STEP][PASSED] - scrollToElement: Scroll to object 'Object Repository/TF17/Page_Filialsuche - BVR HTML Prototy/span_Berliner Volksbank eG Fin_2' successfully

2018-03-13 10:50:05 - [MESSAGE][WARNING] - Timeout '0' is invalid. Using default page load timeout: '30'

2018-03-13 10:50:05 - [MESSAGE][PASSED] - Scroll to object 'Object Repository/TF17/Page_Filialsuche - BVR HTML Prototy/span_Berliner Volksbank eG Fin_2' successfully

2018-03-13 10:50:05 - [TEST_STEP][PASSED] - click: Object: 'Object Repository/TF17/Page_Filialsuche - BVR HTML Prototy/span_Berliner Volksbank eG Fin_2' is clicked on

2018-03-13 10:50:07 - [MESSAGE][PASSED] - Object: 'Object Repository/TF17/Page_Filialsuche - BVR HTML Prototy/span_Berliner Volksbank eG Fin_2' is clicked on

2018-03-13 10:50:07 - [TEST_STEP][PASSED] - delay: Delayed 2 second(s)

2018-03-13 10:50:09 - [MESSAGE][PASSED] - Delayed 2 second(s)

2018-03-13 10:50:09 - [TEST_STEP][PASSED] - verifyTextPresent: Text 'Berliner Allee 19-21' is present on page 

2018-03-13 10:50:10 - [MESSAGE][PASSED] - Text 'Berliner Allee 19-21' is present on page 

2018-03-13 10:50:10 - [TEST_STEP][PASSED] - verifyTextPresent: Text '13088 Berlin' is present on page 

2018-03-13 10:50:12 - [MESSAGE][PASSED] - Text '13088 Berlin' is present on page 

2018-03-13 10:50:12 - [TEST_STEP][PASSED] - click: Object: 'Object Repository/TF17/Page_Filialsuche - BVR HTML Prototy/a_2' is clicked on

2018-03-13 10:50:13 - [MESSAGE][PASSED] - Object: 'Object Repository/TF17/Page_Filialsuche - BVR HTML Prototy/a_2' is clicked on

2018-03-13 10:50:13 - [TEST_STEP][PASSED] - click: Object: 'Object Repository/TF17/Page_Filialsuche - BVR HTML Prototy/span_Berliner Volksbank eG Fin_3' is clicked on

2018-03-13 10:50:15 - [MESSAGE][PASSED] - Object: 'Object Repository/TF17/Page_Filialsuche - BVR HTML Prototy/span_Berliner Volksbank eG Fin_3' is clicked on

2018-03-13 10:50:15 - [TEST_STEP][PASSED] - delay: Delayed 2 second(s)

2018-03-13 10:50:17 - [MESSAGE][PASSED] - Delayed 2 second(s)

2018-03-13 10:50:17 - [TEST_STEP][PASSED] - verifyTextPresent: Text 'Berliner Str. 98' is present on page 

2018-03-13 10:50:19 - [MESSAGE][PASSED] - Text 'Berliner Str. 98' is present on page 

2018-03-13 10:50:19 - [TEST_STEP][PASSED] - verifyTextPresent: Text '13507 Berlin' is present on page 

2018-03-13 10:50:21 - [MESSAGE][PASSED] - Text '13507 Berlin' is present on page 

2018-03-13 10:50:21 - [TEST_STEP][PASSED] - click: Object: 'Object Repository/TF17/Page_Filialsuche - BVR HTML Prototy (1)/span_Berliner Volksbank eG Fil' is clicked on

2018-03-13 10:50:22 - [MESSAGE][PASSED] - Object: 'Object Repository/TF17/Page_Filialsuche - BVR HTML Prototy (1)/span_Berliner Volksbank eG Fil' is clicked on

2018-03-13 10:50:22 - [TEST_STEP][PASSED] - delay: Delayed 2 second(s)

2018-03-13 10:50:24 - [MESSAGE][PASSED] - Delayed 2 second(s)

2018-03-13 10:50:24 - [TEST_STEP][PASSED] - verifyTextPresent: Text 'Bornholmer Str. 1' is present on page 

2018-03-13 10:50:26 - [MESSAGE][PASSED] - Text 'Bornholmer Str. 1' is present on page 

2018-03-13 10:50:26 - [TEST_STEP][PASSED] - verifyTextPresent: Text '10439 Berlin' is present on page 

2018-03-13 10:50:28 - [MESSAGE][PASSED] - Text '10439 Berlin' is present on page 

2018-03-13 10:50:28 - [TEST_STEP][PASSED] - click: Object: 'Object Repository/TF17/Page_Filialsuche - BVR HTML Prototy (1)/span_Berliner Volksbank eG Fin' is clicked on

2018-03-13 10:50:29 - [MESSAGE][PASSED] - Object: 'Object Repository/TF17/Page_Filialsuche - BVR HTML Prototy (1)/span_Berliner Volksbank eG Fin' is clicked on

2018-03-13 10:50:29 - [TEST_STEP][PASSED] - delay: Delayed 2 second(s)

2018-03-13 10:50:31 - [MESSAGE][PASSED] - Delayed 2 second(s)

2018-03-13 10:50:31 - [TEST_STEP][PASSED] - verifyTextPresent: Text 'Brandenburgische Str. 86-87' is present on page 

2018-03-13 10:50:33 - [MESSAGE][PASSED] - Text 'Brandenburgische Str. 86-87' is present on page 

2018-03-13 10:50:33 - [TEST_STEP][PASSED] - verifyTextPresent: Text '10713 Berlin' is present on page 

2018-03-13 10:50:35 - [MESSAGE][PASSED] - Text '10713 Berlin' is present on page 

2018-03-13 10:50:35 - [TEST_STEP][PASSED] - click: Object: 'Object Repository/TF17/Page_Filialsuche - BVR HTML Prototy (1)/span_Berliner Volksbank eG Fin_1' is clicked on

2018-03-13 10:50:36 - [MESSAGE][PASSED] - Object: 'Object Repository/TF17/Page_Filialsuche - BVR HTML Prototy (1)/span_Berliner Volksbank eG Fin_1' is clicked on

2018-03-13 10:50:36 - [TEST_STEP][PASSED] - delay: Delayed 2 second(s)

2018-03-13 10:50:38 - [MESSAGE][PASSED] - Delayed 2 second(s)

2018-03-13 10:50:38 - [TEST_STEP][PASSED] - verifyTextPresent: Text 'Brodauer Str. 45' is present on page 

2018-03-13 10:50:40 - [MESSAGE][PASSED] - Text 'Brodauer Str. 45' is present on page 

2018-03-13 10:50:40 - [TEST_STEP][PASSED] - verifyTextPresent: Text '12621 Berlin' is present on page 

2018-03-13 10:50:42 - [MESSAGE][PASSED] - Text '12621 Berlin' is present on page 

2018-03-13 10:50:42 - [TEST_STEP][PASSED] - click: Object: 'Object Repository/TF17/Page_Filialsuche - BVR HTML Prototy (1)/span_Berliner Volksbank eG Fin_2' is clicked on

2018-03-13 10:50:43 - [MESSAGE][PASSED] - Object: 'Object Repository/TF17/Page_Filialsuche - BVR HTML Prototy (1)/span_Berliner Volksbank eG Fin_2' is clicked on

2018-03-13 10:50:43 - [TEST_STEP][PASSED] - delay: Delayed 2 second(s)

2018-03-13 10:50:45 - [MESSAGE][PASSED] - Delayed 2 second(s)

2018-03-13 10:50:45 - [TEST_STEP][PASSED] - verifyTextPresent: Text 'Frankfurter Allee 69' is present on page 

2018-03-13 10:50:47 - [MESSAGE][PASSED] - Text 'Frankfurter Allee 69' is present on page 

2018-03-13 10:50:47 - [TEST_STEP][PASSED] - verifyTextPresent: Text '10247 Berlin' is present on page 

2018-03-13 10:50:49 - [MESSAGE][PASSED] - Text '10247 Berlin' is present on page 

2018-03-13 10:50:49 - [TEST_STEP][PASSED] - click: Object: 'Object Repository/TF17/Page_Filialsuche - BVR HTML Prototy (1)/span_Berliner Volksbank eG Fin_3' is clicked on

2018-03-13 10:50:51 - [MESSAGE][PASSED] - Object: 'Object Repository/TF17/Page_Filialsuche - BVR HTML Prototy (1)/span_Berliner Volksbank eG Fin_3' is clicked on

2018-03-13 10:50:51 - [TEST_STEP][PASSED] - delay: Delayed 2 second(s)

2018-03-13 10:50:53 - [MESSAGE][PASSED] - Delayed 2 second(s)

2018-03-13 10:50:53 - [TEST_STEP][PASSED] - verifyTextPresent: Text 'Friedrichstr. 108-109' is present on page 

2018-03-13 10:50:55 - [MESSAGE][PASSED] - Text 'Friedrichstr. 108-109' is present on page 

2018-03-13 10:50:55 - [TEST_STEP][PASSED] - verifyTextPresent: Text '10117 Berlin' is present on page 

2018-03-13 10:50:57 - [MESSAGE][PASSED] - Text '10117 Berlin' is present on page 

2018-03-13 10:50:57 - [TEST_STEP][PASSED] - click: Object: 'Object Repository/TF17/Page_Filialsuche - BVR HTML Prototy (1)/a_3' is clicked on

2018-03-13 10:50:58 - [MESSAGE][PASSED] - Object: 'Object Repository/TF17/Page_Filialsuche - BVR HTML Prototy (1)/a_3' is clicked on

2018-03-13 10:50:58 - [TEST_STEP][PASSED] - click: Object: 'Object Repository/TF17/Page_Filialsuche - BVR HTML Prototy (1)/span_Berliner Volksbank eG Fil_1' is clicked on

2018-03-13 10:51:00 - [MESSAGE][PASSED] - Object: 'Object Repository/TF17/Page_Filialsuche - BVR HTML Prototy (1)/span_Berliner Volksbank eG Fil_1' is clicked on

2018-03-13 10:51:00 - [TEST_STEP][PASSED] - delay: Delayed 2 second(s)

2018-03-13 10:51:02 - [MESSAGE][PASSED] - Delayed 2 second(s)

2018-03-13 10:51:02 - [TEST_STEP][PASSED] - verifyTextPresent: Text 'Karl-Marx-Str. 71' is present on page 

2018-03-13 10:51:04 - [MESSAGE][PASSED] - Text 'Karl-Marx-Str. 71' is present on page 

2018-03-13 10:51:04 - [TEST_STEP][PASSED] - verifyTextPresent: Text '12043 Berlin' is present on page 

2018-03-13 10:51:06 - [MESSAGE][PASSED] - Text '12043 Berlin' is present on page 

2018-03-13 10:51:06 - [TEST_STEP][PASSED] - click: Object: 'Object Repository/TF17/Page_Filialsuche - BVR HTML Prototy (1)/span_Berliner Volksbank eG Fil_2' is clicked on

2018-03-13 10:51:08 - [MESSAGE][PASSED] - Object: 'Object Repository/TF17/Page_Filialsuche - BVR HTML Prototy (1)/span_Berliner Volksbank eG Fil_2' is clicked on

2018-03-13 10:51:08 - [TEST_STEP][PASSED] - click: Object: 'Object Repository/TF17/Page_Filialsuche - BVR HTML Prototy (1)/span_Berliner Volksbank eG Fin_4' is clicked on

2018-03-13 10:51:10 - [MESSAGE][PASSED] - Object: 'Object Repository/TF17/Page_Filialsuche - BVR HTML Prototy (1)/span_Berliner Volksbank eG Fin_4' is clicked on

2018-03-13 10:51:10 - [TEST_STEP][PASSED] - click: Object: 'Object Repository/TF17/Page_Filialsuche - BVR HTML Prototy (1)/span_Berliner Volksbank eG Fil_3' is clicked on

2018-03-13 10:51:11 - [MESSAGE][PASSED] - Object: 'Object Repository/TF17/Page_Filialsuche - BVR HTML Prototy (1)/span_Berliner Volksbank eG Fil_3' is clicked on

2018-03-13 10:51:11 - [TEST_STEP][PASSED] - delay: Delayed 2 second(s)

2018-03-13 10:51:13 - [MESSAGE][PASSED] - Delayed 2 second(s)

2018-03-13 10:51:13 - [TEST_STEP][PASSED] - verifyTextPresent: Text 'Kranoldplatz 2' is present on page 

2018-03-13 10:51:15 - [MESSAGE][PASSED] - Text 'Kranoldplatz 2' is present on page 

2018-03-13 10:51:15 - [TEST_STEP][PASSED] - verifyTextPresent: Text '12209 Berlin' is present on page 

2018-03-13 10:51:17 - [MESSAGE][PASSED] - Text '12209 Berlin' is present on page 

2018-03-13 10:51:17 - [TEST_STEP][PASSED] - click: Object: 'Object Repository/TF17/Page_Filialsuche - BVR HTML Prototy (1)/span_Berliner Volksbank eG Fil_4' is clicked on

2018-03-13 10:51:19 - [MESSAGE][PASSED] - Object: 'Object Repository/TF17/Page_Filialsuche - BVR HTML Prototy (1)/span_Berliner Volksbank eG Fil_4' is clicked on

2018-03-13 10:51:19 - [TEST_STEP][PASSED] - click: Object: 'Object Repository/TF17/Page_Filialsuche - BVR HTML Prototy (1)/span_Berliner Volksbank eG Fin_5' is clicked on

2018-03-13 10:51:21 - [MESSAGE][PASSED] - Object: 'Object Repository/TF17/Page_Filialsuche - BVR HTML Prototy (1)/span_Berliner Volksbank eG Fin_5' is clicked on

2018-03-13 10:51:21 - [TEST_STEP][PASSED] - delay: Delayed 2 second(s)

2018-03-13 10:51:23 - [MESSAGE][PASSED] - Delayed 2 second(s)

2018-03-13 10:51:23 - [TEST_STEP][PASSED] - verifyTextPresent: Text 'Kurfürstendamm 46' is present on page 

2018-03-13 10:51:25 - [MESSAGE][PASSED] - Text 'Kurfürstendamm 46' is present on page 

2018-03-13 10:51:25 - [TEST_STEP][PASSED] - verifyTextPresent: Text '10707 Berlin' is present on page 

2018-03-13 10:51:27 - [MESSAGE][PASSED] - Text '10707 Berlin' is present on page 

2018-03-13 10:51:27 - [TEST_STEP][PASSED] - click: Object: 'Object Repository/TF17/Page_Filialsuche - BVR HTML Prototy (1)/a_4' is clicked on

2018-03-13 10:51:28 - [MESSAGE][PASSED] - Object: 'Object Repository/TF17/Page_Filialsuche - BVR HTML Prototy (1)/a_4' is clicked on

2018-03-13 10:51:28 - [TEST_STEP][PASSED] - click: Object: 'Object Repository/TF17/Page_Filialsuche - BVR HTML Prototy (1)/span_Berliner Volksbank eG Fil_5' is clicked on

2018-03-13 10:51:30 - [MESSAGE][PASSED] - Object: 'Object Repository/TF17/Page_Filialsuche - BVR HTML Prototy (1)/span_Berliner Volksbank eG Fil_5' is clicked on

2018-03-13 10:51:30 - [TEST_STEP][PASSED] - delay: Delayed 2 second(s)

2018-03-13 10:51:32 - [MESSAGE][PASSED] - Delayed 2 second(s)

2018-03-13 10:51:32 - [TEST_STEP][PASSED] - verifyTextPresent: Text 'Ludolfingerplatz 7' is present on page 

2018-03-13 10:51:34 - [MESSAGE][PASSED] - Text 'Ludolfingerplatz 7' is present on page 

2018-03-13 10:51:34 - [TEST_STEP][PASSED] - verifyTextPresent: Text '13465 Berlin' is present on page 

2018-03-13 10:51:35 - [MESSAGE][PASSED] - Text '13465 Berlin' is present on page 

2018-03-13 10:51:35 - [TEST_STEP][PASSED] - click: Object: 'Object Repository/TF17/Page_Filialsuche - BVR HTML Prototy (1)/span_Berliner Volksbank eG Fin_6' is clicked on

2018-03-13 10:51:37 - [MESSAGE][PASSED] - Object: 'Object Repository/TF17/Page_Filialsuche - BVR HTML Prototy (1)/span_Berliner Volksbank eG Fin_6' is clicked on

2018-03-13 10:51:37 - [TEST_STEP][PASSED] - delay: Delayed 2 second(s)

2018-03-13 10:51:39 - [MESSAGE][PASSED] - Delayed 2 second(s)

2018-03-13 10:51:39 - [TEST_STEP][PASSED] - verifyTextPresent: Text 'Mariendorfer Damm 88-90' is present on page 

2018-03-13 10:51:41 - [MESSAGE][PASSED] - Text 'Mariendorfer Damm 88-90' is present on page 

2018-03-13 10:51:41 - [TEST_STEP][PASSED] - verifyTextPresent: Text '12109 Berlin' is present on page 

2018-03-13 10:51:42 - [MESSAGE][PASSED] - Text '12109 Berlin' is present on page 

2018-03-13 10:51:42 - [TEST_STEP][PASSED] - click: Object: 'Object Repository/TF17/Page_Filialsuche - BVR HTML Prototy (1)/span_Berliner Volksbank eG Fil_6' is clicked on

2018-03-13 10:51:44 - [MESSAGE][PASSED] - Object: 'Object Repository/TF17/Page_Filialsuche - BVR HTML Prototy (1)/span_Berliner Volksbank eG Fil_6' is clicked on

2018-03-13 10:51:44 - [TEST_STEP][PASSED] - click: Object: 'Object Repository/TF17/Page_Filialsuche - BVR HTML Prototy (1)/span_Berliner Volksbank eG Fin_7' is clicked on

2018-03-13 10:51:46 - [MESSAGE][PASSED] - Object: 'Object Repository/TF17/Page_Filialsuche - BVR HTML Prototy (1)/span_Berliner Volksbank eG Fin_7' is clicked on

2018-03-13 10:51:46 - [TEST_STEP][PASSED] - click: Object: 'Object Repository/TF17/Page_Filialsuche - BVR HTML Prototy (1)/span_Berliner Volksbank eG Fil_7' is clicked on

2018-03-13 10:51:47 - [MESSAGE][PASSED] - Object: 'Object Repository/TF17/Page_Filialsuche - BVR HTML Prototy (1)/span_Berliner Volksbank eG Fil_7' is clicked on

2018-03-13 10:51:47 - [TEST_STEP][PASSED] - click: Object: 'Object Repository/TF17/Page_Filialsuche - BVR HTML Prototy (1)/span_Berliner Volksbank eG Fil_8' is clicked on

2018-03-13 10:51:48 - [MESSAGE][PASSED] - Object: 'Object Repository/TF17/Page_Filialsuche - BVR HTML Prototy (1)/span_Berliner Volksbank eG Fil_8' is clicked on

2018-03-13 10:51:48 - [TEST_STEP][PASSED] - click: Object: 'Object Repository/TF17/Page_Filialsuche - BVR HTML Prototy (1)/a_5' is clicked on

2018-03-13 10:51:50 - [MESSAGE][PASSED] - Object: 'Object Repository/TF17/Page_Filialsuche - BVR HTML Prototy (1)/a_5' is clicked on

2018-03-13 10:51:50 - [TEST_STEP][PASSED] - click: Object: 'Object Repository/TF17/Page_Filialsuche - BVR HTML Prototy (1)/span_Berliner Volksbank eG Fil_9' is clicked on

2018-03-13 10:51:52 - [MESSAGE][PASSED] - Object: 'Object Repository/TF17/Page_Filialsuche - BVR HTML Prototy (1)/span_Berliner Volksbank eG Fil_9' is clicked on

2018-03-13 10:51:52 - [TEST_STEP][PASSED] - click: Object: 'Object Repository/TF17/Page_Filialsuche - BVR HTML Prototy (1)/span_Berliner Volksbank eG Fil_10' is clicked on

2018-03-13 10:51:54 - [MESSAGE][PASSED] - Object: 'Object Repository/TF17/Page_Filialsuche - BVR HTML Prototy (1)/span_Berliner Volksbank eG Fil_10' is clicked on

2018-03-13 10:51:54 - [TEST_STEP][PASSED] - click: Object: 'Object Repository/TF17/Page_Filialsuche - BVR HTML Prototy (1)/span_Berliner Volksbank eG Fil_11' is clicked on

2018-03-13 10:51:55 - [MESSAGE][PASSED] - Object: 'Object Repository/TF17/Page_Filialsuche - BVR HTML Prototy (1)/span_Berliner Volksbank eG Fil_11' is clicked on

2018-03-13 10:51:55 - [TEST_STEP][PASSED] - click: Object: 'Object Repository/TF17/Page_Filialsuche - BVR HTML Prototy (1)/span_Berliner Volksbank eG Fil_12' is clicked on

2018-03-13 10:51:57 - [MESSAGE][PASSED] - Object: 'Object Repository/TF17/Page_Filialsuche - BVR HTML Prototy (1)/span_Berliner Volksbank eG Fil_12' is clicked on

2018-03-13 10:51:57 - [TEST_STEP][PASSED] - click: Object: 'Object Repository/TF17/Page_Filialsuche - BVR HTML Prototy (1)/span_Berliner Volksbank eG Fil_13' is clicked on

2018-03-13 10:51:58 - [MESSAGE][PASSED] - Object: 'Object Repository/TF17/Page_Filialsuche - BVR HTML Prototy (1)/span_Berliner Volksbank eG Fil_13' is clicked on

2018-03-13 10:51:58 - [TEST_STEP][PASSED] - delay: Delayed 2 second(s)

2018-03-13 10:52:00 - [MESSAGE][PASSED] - Delayed 2 second(s)

2018-03-13 10:52:00 - [TEST_STEP][PASSED] - verifyTextPresent: Text 'Scharnweberstr. 14' is present on page 

2018-03-13 10:52:02 - [MESSAGE][PASSED] - Text 'Scharnweberstr. 14' is present on page 

2018-03-13 10:52:02 - [TEST_STEP][PASSED] - verifyTextPresent: Text '13405 Berlin' is present on page 

2018-03-13 10:52:04 - [MESSAGE][PASSED] - Text '13405 Berlin' is present on page 

2018-03-13 10:52:04 - [TEST_STEP][PASSED] - click: Object: 'Object Repository/TF17/Page_Filialsuche - BVR HTML Prototy (1)/span_Berliner Volksbank eG Fin_8' is clicked on

2018-03-13 10:52:05 - [MESSAGE][PASSED] - Object: 'Object Repository/TF17/Page_Filialsuche - BVR HTML Prototy (1)/span_Berliner Volksbank eG Fin_8' is clicked on

2018-03-13 10:52:05 - [TEST_STEP][PASSED] - delay: Delayed 2 second(s)

2018-03-13 10:52:07 - [MESSAGE][PASSED] - Delayed 2 second(s)

2018-03-13 10:52:07 - [TEST_STEP][PASSED] - verifyTextPresent: Text 'Schloßstr. 46' is present on page 

2018-03-13 10:52:09 - [MESSAGE][PASSED] - Text 'Schloßstr. 46' is present on page 

2018-03-13 10:52:09 - [TEST_STEP][PASSED] - verifyTextPresent: Text '12165 Berlin' is present on page 

2018-03-13 10:52:11 - [MESSAGE][PASSED] - Text '12165 Berlin' is present on page 

2018-03-13 10:52:11 - [TEST_STEP][PASSED] - click: Object: 'Object Repository/TF17/Page_Filialsuche - BVR HTML Prototy (1)/a_6' is clicked on

2018-03-13 10:52:12 - [MESSAGE][PASSED] - Object: 'Object Repository/TF17/Page_Filialsuche - BVR HTML Prototy (1)/a_6' is clicked on

2018-03-13 10:52:12 - [TEST_STEP][PASSED] - click: Object: 'Object Repository/TF17/Page_Filialsuche - BVR HTML Prototy (1)/span_Berliner Volksbank eG Fil_14' is clicked on

2018-03-13 10:52:14 - [MESSAGE][PASSED] - Object: 'Object Repository/TF17/Page_Filialsuche - BVR HTML Prototy (1)/span_Berliner Volksbank eG Fil_14' is clicked on

2018-03-13 10:52:14 - [TEST_STEP][PASSED] - click: Object: 'Object Repository/TF17/Page_Filialsuche - BVR HTML Prototy (1)/span_Berliner Volksbank eG Fin_9' is clicked on

2018-03-13 10:52:15 - [MESSAGE][PASSED] - Object: 'Object Repository/TF17/Page_Filialsuche - BVR HTML Prototy (1)/span_Berliner Volksbank eG Fin_9' is clicked on

2018-03-13 10:52:15 - [TEST_STEP][PASSED] - click: Object: 'Object Repository/TF17/Page_Filialsuche - BVR HTML Prototy (1)/span_Berliner Volksbank eG Fil_15' is clicked on

2018-03-13 10:52:17 - [MESSAGE][PASSED] - Object: 'Object Repository/TF17/Page_Filialsuche - BVR HTML Prototy (1)/span_Berliner Volksbank eG Fil_15' is clicked on

2018-03-13 10:52:17 - [TEST_STEP][PASSED] - delay: Delayed 2 second(s)

2018-03-13 10:52:19 - [MESSAGE][PASSED] - Delayed 2 second(s)

2018-03-13 10:52:19 - [TEST_STEP][PASSED] - verifyTextPresent: Text 'Tempelhofer Damm 159' is present on page 

2018-03-13 10:52:21 - [MESSAGE][PASSED] - Text 'Tempelhofer Damm 159' is present on page 

2018-03-13 10:52:21 - [TEST_STEP][PASSED] - verifyTextPresent: Text '12099 Berlin' is present on page 

2018-03-13 10:52:23 - [MESSAGE][PASSED] - Text '12099 Berlin' is present on page 

2018-03-13 10:52:23 - [TEST_STEP][PASSED] - click: Object: 'Object Repository/TF17/Page_Filialsuche - BVR HTML Prototy (1)/span_Berliner Volksbank eG Fin_10' is clicked on

2018-03-13 10:52:24 - [MESSAGE][PASSED] - Object: 'Object Repository/TF17/Page_Filialsuche - BVR HTML Prototy (1)/span_Berliner Volksbank eG Fin_10' is clicked on

2018-03-13 10:52:24 - [TEST_STEP][PASSED] - delay: Delayed 2 second(s)

2018-03-13 10:52:26 - [MESSAGE][PASSED] - Delayed 2 second(s)

2018-03-13 10:52:26 - [TEST_STEP][PASSED] - verifyTextPresent: Text 'Wilmersdorfer Straße 65/66' is present on page 

2018-03-13 10:52:28 - [MESSAGE][PASSED] - Text 'Wilmersdorfer Straße 65/66' is present on page 

2018-03-13 10:52:28 - [TEST_STEP][PASSED] - verifyTextPresent: Text '10627 Berlin' is present on page 

2018-03-13 10:52:29 - [MESSAGE][PASSED] - Text '10627 Berlin' is present on page 

2018-03-13 10:52:29 - [TEST_STEP][PASSED] - click: Object: 'Object Repository/TF17/Page_Filialsuche - BVR HTML Prototy (1)/span_Berliner Volksbank eG' is clicked on

2018-03-13 10:52:31 - [MESSAGE][PASSED] - Object: 'Object Repository/TF17/Page_Filialsuche - BVR HTML Prototy (1)/span_Berliner Volksbank eG' is clicked on

2018-03-13 10:52:31 - [TEST_STEP][PASSED] - click: Object: 'Object Repository/TF17/Page_Filialsuche - BVR HTML Prototy (1)/span_Berliner Volksbank eG Fin_11' is clicked on

2018-03-13 10:52:32 - [MESSAGE][PASSED] - Object: 'Object Repository/TF17/Page_Filialsuche - BVR HTML Prototy (1)/span_Berliner Volksbank eG Fin_11' is clicked on

2018-03-13 10:52:32 - [TEST_STEP][PASSED] - click: Object: 'Object Repository/TF17/Page_Filialsuche - BVR HTML Prototy (1)/a_7' is clicked on

2018-03-13 10:52:34 - [MESSAGE][PASSED] - Object: 'Object Repository/TF17/Page_Filialsuche - BVR HTML Prototy (1)/a_7' is clicked on

2018-03-13 10:52:34 - [TEST_STEP][PASSED] - click: Object: 'Object Repository/TF17/Page_Filialsuche - BVR HTML Prototy (1)/span_Berliner Volksbank eG Fil_16' is clicked on

2018-03-13 10:52:35 - [MESSAGE][PASSED] - Object: 'Object Repository/TF17/Page_Filialsuche - BVR HTML Prototy (1)/span_Berliner Volksbank eG Fil_16' is clicked on

2018-03-13 10:52:35 - [TEST_STEP][PASSED] - delay: Delayed 2 second(s)

2018-03-13 10:52:37 - [MESSAGE][PASSED] - Delayed 2 second(s)

2018-03-13 10:52:37 - [TEST_STEP][PASSED] - verifyTextPresent: Text 'Wormser Str. 6' is present on page 

2018-03-13 10:52:39 - [MESSAGE][PASSED] - Text 'Wormser Str. 6' is present on page 

2018-03-13 10:52:39 - [TEST_STEP][PASSED] - verifyTextPresent: Text '10789 Berlin' is present on page 

2018-03-13 10:52:41 - [MESSAGE][PASSED] - Text '10789 Berlin' is present on page 

2018-03-13 10:52:41 - [TEST_STEP][PASSED] - closeBrowser: Browser is closed

2018-03-13 10:52:41 - [MESSAGE][PASSED] - Browser is closed]]></system-out>
         <system-err><![CDATA[]]></system-err>
      </testcase>
      <testcase name="Test Cases/Prototyp_Filialsuche (RC 18)/18_Testfall" classname="Test Cases/Prototyp_Filialsuche (RC 18)/18_Testfall" status="FAILED">
         <failure type="FAILED" message="Unable to move mouse over object 'Object Repository/002/Page_Filialsuche-rotenburg - BVR HT/div_Bad Hersfeld' (Root cause: com.kms.katalon.core.webui.exception.WebElementNotFoundException: Web element with id: 'Object Repository/002/Page_Filialsuche-rotenburg - BVR HT/div_Bad Hersfeld' located by 'By.xpath: //div[@id = 'ui-id-5' and (text() = 'Bad Hersfeld' or . = 'Bad Hersfeld')]' not found)"/>
         <system-out><![CDATA[2018-03-13 10:52:41 - [TEST_CASE][FAILED] - Test Cases/Prototyp_Filialsuche (RC 18)/18_Testfall: Test Cases/Prototyp_Filialsuche (RC 18)/18_Testfall FAILED because (of) Unable to move mouse over object 'Object Repository/002/Page_Filialsuche-rotenburg - BVR HT/div_Bad Hersfeld' (Root cause: com.kms.katalon.core.webui.exception.WebElementNotFoundException: Web element with id: 'Object Repository/002/Page_Filialsuche-rotenburg - BVR HT/div_Bad Hersfeld' located by 'By.xpath: //div[@id = 'ui-id-5' and (text() = 'Bad Hersfeld' or . = 'Bad Hersfeld')]' not found)

2018-03-13 10:52:41 - [TEST_STEP][PASSED] - openBrowser: Browser is opened with url: ''

2018-03-13 10:52:43 - [MESSAGE][PASSED] - Browser is opened with url: ''

2018-03-13 10:52:43 - [TEST_STEP][PASSED] - deleteAllCookies: Delete all cookies successfully

2018-03-13 10:52:43 - [MESSAGE][PASSED] - Delete all cookies successfully

2018-03-13 10:52:43 - [TEST_STEP][PASSED] - maximizeWindow: Current window maximized

2018-03-13 10:52:43 - [MESSAGE][PASSED] - Current window maximized

2018-03-13 10:52:43 - [TEST_STEP][PASSED] - navigateToUrl: Navigate to 'http://rc-ogrhtmlprototyp.testintern/18-1-0/filialsuche-rotenburg.html' successfully

2018-03-13 10:52:44 - [MESSAGE][PASSED] - Navigate to 'http://rc-ogrhtmlprototyp.testintern/18-1-0/filialsuche-rotenburg.html' successfully

2018-03-13 10:52:44 - [TEST_STEP][PASSED] - waitForPageLoad: Wait for page load successfully

2018-03-13 10:52:44 - [MESSAGE][WARNING] - Timeout '0' is invalid. Using default page load timeout: '30'

2018-03-13 10:52:44 - [MESSAGE][PASSED] - Wait for page load successfully

2018-03-13 10:52:44 - [TEST_STEP][PASSED] - delay: Delayed 4 second(s)

2018-03-13 10:52:48 - [MESSAGE][PASSED] - Delayed 4 second(s)

2018-03-13 10:52:48 - [TEST_STEP][PASSED] - click: Object: 'Object Repository/03/Page_Filialsuche-rotenburg - BVR HT/svg_dropdown-icons' is clicked on

2018-03-13 10:52:49 - [MESSAGE][PASSED] - Object: 'Object Repository/03/Page_Filialsuche-rotenburg - BVR HT/svg_dropdown-icons' is clicked on

2018-03-13 10:52:49 - [TEST_STEP][PASSED] - delay: Delayed 2 second(s)

2018-03-13 10:52:51 - [MESSAGE][PASSED] - Delayed 2 second(s)

2018-03-13 10:52:51 - [TEST_STEP][FAILED] - mouseOver: Unable to move mouse over object 'Object Repository/002/Page_Filialsuche-rotenburg - BVR HT/div_Bad Hersfeld' (Root cause: com.kms.katalon.core.webui.exception.WebElementNotFoundException: Web element with id: 'Object Repository/002/Page_Filialsuche-rotenburg - BVR HT/div_Bad Hersfeld' located by 'By.xpath: //div[@id = 'ui-id-5' and (text() = 'Bad Hersfeld' or . = 'Bad Hersfeld')]' not found)

2018-03-13 10:53:39 - [MESSAGE][FAILED] - Unable to move mouse over object 'Object Repository/002/Page_Filialsuche-rotenburg - BVR HT/div_Bad Hersfeld' (Root cause: com.kms.katalon.core.webui.exception.WebElementNotFoundException: Web element with id: 'Object Repository/002/Page_Filialsuche-rotenburg - BVR HT/div_Bad Hersfeld' located by 'By.xpath: //div[@id = 'ui-id-5' and (text() = 'Bad Hersfeld' or . = 'Bad Hersfeld')]' not found)
[[ATTACHMENT|C:\\Users\\lbut\\Downloads\\Prototyp1_12_03\\Prototyp1\\Reports\\Prototyp Filialsuche (RC18) 13_03_2018\\20180313_104448\\1520934819174.png]]]]></system-out>
         <system-err><![CDATA[2018-03-13 10:52:41 - [TEST_CASE][FAILED] - Test Cases/Prototyp_Filialsuche (RC 18)/18_Testfall: Test Cases/Prototyp_Filialsuche (RC 18)/18_Testfall FAILED because (of) Unable to move mouse over object 'Object Repository/002/Page_Filialsuche-rotenburg - BVR HT/div_Bad Hersfeld' (Root cause: com.kms.katalon.core.webui.exception.WebElementNotFoundException: Web element with id: 'Object Repository/002/Page_Filialsuche-rotenburg - BVR HT/div_Bad Hersfeld' located by 'By.xpath: //div[@id = 'ui-id-5' and (text() = 'Bad Hersfeld' or . = 'Bad Hersfeld')]' not found)]]></system-err>
      </testcase>
      <testcase name="Test Cases/Prototyp_Filialsuche (RC 18)/19_Testfall" classname="Test Cases/Prototyp_Filialsuche (RC 18)/19_Testfall" status="PASSED">
         <system-out><![CDATA[2018-03-13 10:53:39 - [TEST_CASE][PASSED] - Test Cases/Prototyp_Filialsuche (RC 18)/19_Testfall: Test Cases/Prototyp_Filialsuche (RC 18)/19_Testfall

2018-03-13 10:53:39 - [TEST_STEP][PASSED] - openBrowser: Browser is opened with url: ''

2018-03-13 10:53:39 - [MESSAGE][WARNING] - A browser is already opened. Closing browser and opening a new one

2018-03-13 10:53:41 - [MESSAGE][PASSED] - Browser is opened with url: ''

2018-03-13 10:53:41 - [TEST_STEP][PASSED] - maximizeWindow: Current window maximized

2018-03-13 10:53:41 - [MESSAGE][PASSED] - Current window maximized

2018-03-13 10:53:41 - [TEST_STEP][PASSED] - navigateToUrl: Navigate to 'http://rc-ogrhtmlprototyp.testintern/18-1-0/filialsuche.html' successfully

2018-03-13 10:53:42 - [MESSAGE][PASSED] - Navigate to 'http://rc-ogrhtmlprototyp.testintern/18-1-0/filialsuche.html' successfully

2018-03-13 10:53:42 - [TEST_STEP][PASSED] - delay: Delayed 2 second(s)

2018-03-13 10:53:44 - [MESSAGE][PASSED] - Delayed 2 second(s)

2018-03-13 10:53:44 - [TEST_STEP][PASSED] - click: Object: 'Object Repository/44_TF/Page_Filialsuche - BVR HTML Prototy/a_Weiter' is clicked on

2018-03-13 10:53:46 - [MESSAGE][PASSED] - Object: 'Object Repository/44_TF/Page_Filialsuche - BVR HTML Prototy/a_Weiter' is clicked on

2018-03-13 10:53:46 - [TEST_STEP][PASSED] - click: Object: 'Object Repository/44_TF/Page_Filialsuche - BVR HTML Prototy/a_Weiter' is clicked on

2018-03-13 10:53:47 - [MESSAGE][PASSED] - Object: 'Object Repository/44_TF/Page_Filialsuche - BVR HTML Prototy/a_Weiter' is clicked on

2018-03-13 10:53:47 - [TEST_STEP][PASSED] - click: Object: 'Object Repository/44_TF/Page_Filialsuche - BVR HTML Prototy/a_4' is clicked on

2018-03-13 10:53:49 - [MESSAGE][PASSED] - Object: 'Object Repository/44_TF/Page_Filialsuche - BVR HTML Prototy/a_4' is clicked on

2018-03-13 10:53:49 - [TEST_STEP][PASSED] - click: Object: 'Object Repository/44_TF/Page_Filialsuche - BVR HTML Prototy/a_Weiter' is clicked on

2018-03-13 10:53:50 - [MESSAGE][PASSED] - Object: 'Object Repository/44_TF/Page_Filialsuche - BVR HTML Prototy/a_Weiter' is clicked on

2018-03-13 10:53:50 - [TEST_STEP][PASSED] - click: Object: 'Object Repository/44_TF/Page_Filialsuche - BVR HTML Prototy/a_Weiter' is clicked on

2018-03-13 10:53:51 - [MESSAGE][PASSED] - Object: 'Object Repository/44_TF/Page_Filialsuche - BVR HTML Prototy/a_Weiter' is clicked on

2018-03-13 10:53:51 - [TEST_STEP][PASSED] - click: Object: 'Object Repository/44_TF/Page_Filialsuche - BVR HTML Prototy/a_Weiter' is clicked on

2018-03-13 10:53:52 - [MESSAGE][PASSED] - Object: 'Object Repository/44_TF/Page_Filialsuche - BVR HTML Prototy/a_Weiter' is clicked on

2018-03-13 10:53:52 - [TEST_STEP][PASSED] - click: Object: 'Object Repository/44_TF/Page_Filialsuche - BVR HTML Prototy/a_Weiter' is clicked on

2018-03-13 10:53:54 - [MESSAGE][PASSED] - Object: 'Object Repository/44_TF/Page_Filialsuche - BVR HTML Prototy/a_Weiter' is clicked on

2018-03-13 10:53:54 - [TEST_STEP][PASSED] - click: Object: 'Object Repository/44_TF/Page_Filialsuche - BVR HTML Prototy/a_Weiter' is clicked on

2018-03-13 10:53:55 - [MESSAGE][PASSED] - Object: 'Object Repository/44_TF/Page_Filialsuche - BVR HTML Prototy/a_Weiter' is clicked on

2018-03-13 10:53:55 - [TEST_STEP][PASSED] - click: Object: 'Object Repository/44_TF/Page_Filialsuche - BVR HTML Prototy/a_Zum Anfang' is clicked on

2018-03-13 10:53:56 - [MESSAGE][PASSED] - Object: 'Object Repository/44_TF/Page_Filialsuche - BVR HTML Prototy/a_Zum Anfang' is clicked on

2018-03-13 10:53:56 - [TEST_STEP][PASSED] - click: Object: 'Object Repository/44_TF/Page_Filialsuche - BVR HTML Prototy/a_7' is clicked on

2018-03-13 10:53:58 - [MESSAGE][PASSED] - Object: 'Object Repository/44_TF/Page_Filialsuche - BVR HTML Prototy/a_7' is clicked on

2018-03-13 10:53:58 - [TEST_STEP][PASSED] - click: Object: 'Object Repository/44_TF/Page_Filialsuche - BVR HTML Prototy/a_Zurck' is clicked on

2018-03-13 10:53:59 - [MESSAGE][PASSED] - Object: 'Object Repository/44_TF/Page_Filialsuche - BVR HTML Prototy/a_Zurck' is clicked on

2018-03-13 10:53:59 - [TEST_STEP][PASSED] - click: Object: 'Object Repository/44_TF/Page_Filialsuche - BVR HTML Prototy/a_Zurck' is clicked on

2018-03-13 10:54:00 - [MESSAGE][PASSED] - Object: 'Object Repository/44_TF/Page_Filialsuche - BVR HTML Prototy/a_Zurck' is clicked on

2018-03-13 10:54:00 - [TEST_STEP][PASSED] - click: Object: 'Object Repository/44_TF/Page_Filialsuche - BVR HTML Prototy/a_Zurck' is clicked on

2018-03-13 10:54:01 - [MESSAGE][PASSED] - Object: 'Object Repository/44_TF/Page_Filialsuche - BVR HTML Prototy/a_Zurck' is clicked on

2018-03-13 10:54:01 - [TEST_STEP][PASSED] - click: Object: 'Object Repository/44_TF/Page_Filialsuche - BVR HTML Prototy/a_Zurck' is clicked on

2018-03-13 10:54:02 - [MESSAGE][PASSED] - Object: 'Object Repository/44_TF/Page_Filialsuche - BVR HTML Prototy/a_Zurck' is clicked on

2018-03-13 10:54:02 - [TEST_STEP][PASSED] - click: Object: 'Object Repository/44_TF/Page_Filialsuche - BVR HTML Prototy/a_Zurck' is clicked on

2018-03-13 10:54:04 - [MESSAGE][PASSED] - Object: 'Object Repository/44_TF/Page_Filialsuche - BVR HTML Prototy/a_Zurck' is clicked on

2018-03-13 10:54:04 - [TEST_STEP][PASSED] - click: Object: 'Object Repository/44_TF/Page_Filialsuche - BVR HTML Prototy/a_Zum Ende' is clicked on

2018-03-13 10:54:05 - [MESSAGE][PASSED] - Object: 'Object Repository/44_TF/Page_Filialsuche - BVR HTML Prototy/a_Zum Ende' is clicked on

2018-03-13 10:54:05 - [TEST_STEP][PASSED] - closeBrowser: Browser is closed

2018-03-13 10:54:05 - [MESSAGE][PASSED] - Browser is closed]]></system-out>
         <system-err><![CDATA[]]></system-err>
      </testcase>
      <testcase name="Test Cases/Prototyp_Filialsuche (RC 18)/20_Testfall" classname="Test Cases/Prototyp_Filialsuche (RC 18)/20_Testfall" status="PASSED">
         <system-out><![CDATA[2018-03-13 10:54:05 - [TEST_CASE][PASSED] - Test Cases/Prototyp_Filialsuche (RC 18)/20_Testfall: Test Cases/Prototyp_Filialsuche (RC 18)/20_Testfall

2018-03-13 10:54:05 - [TEST_STEP][PASSED] - openBrowser: Browser is opened with url: ''

2018-03-13 10:54:07 - [MESSAGE][PASSED] - Browser is opened with url: ''

2018-03-13 10:54:07 - [TEST_STEP][PASSED] - maximizeWindow: Current window maximized

2018-03-13 10:54:07 - [MESSAGE][PASSED] - Current window maximized

2018-03-13 10:54:07 - [TEST_STEP][PASSED] - deleteAllCookies: Delete all cookies successfully

2018-03-13 10:54:07 - [MESSAGE][PASSED] - Delete all cookies successfully

2018-03-13 10:54:07 - [TEST_STEP][PASSED] - navigateToUrl: Navigate to 'http://rc-ogrhtmlprototyp.testintern/18-1-0/filialsuche-wangen-textinput.html' successfully

2018-03-13 10:54:08 - [MESSAGE][PASSED] - Navigate to 'http://rc-ogrhtmlprototyp.testintern/18-1-0/filialsuche-wangen-textinput.html' successfully

2018-03-13 10:54:08 - [TEST_STEP][PASSED] - delay: Delayed 5 second(s)

2018-03-13 10:54:13 - [MESSAGE][PASSED] - Delayed 5 second(s)

2018-03-13 10:54:13 - [TEST_STEP][PASSED] - setText: Text 'Rechberghausen' is set on object 'Object Repository/Filialsuche_Inputtext'

2018-03-13 10:54:14 - [MESSAGE][PASSED] - Text 'Rechberghausen' is set on object 'Object Repository/Filialsuche_Inputtext'

2018-03-13 10:54:14 - [TEST_STEP][PASSED] - delay: Delayed 2 second(s)

2018-03-13 10:54:16 - [MESSAGE][PASSED] - Delayed 2 second(s)

2018-03-13 10:54:16 - [TEST_STEP][PASSED] - submit: The form containing object: 'Object Repository/Filialsuche_submit_button' is submitted

2018-03-13 10:54:16 - [MESSAGE][PASSED] - The form containing object: 'Object Repository/Filialsuche_submit_button' is submitted

2018-03-13 10:54:16 - [TEST_STEP][PASSED] - delay: Delayed 2 second(s)

2018-03-13 10:54:18 - [MESSAGE][PASSED] - Delayed 2 second(s)

2018-03-13 10:54:18 - [TEST_STEP][PASSED] - verifyElementVisible: Object 'Object Repository/Entfernung_filialsuche' is visible

2018-03-13 10:54:18 - [MESSAGE][PASSED] - Object 'Object Repository/Entfernung_filialsuche' is visible

2018-03-13 10:54:18 - [TEST_STEP][PASSED] - closeBrowser: Browser is closed

2018-03-13 10:54:18 - [MESSAGE][PASSED] - Browser is closed]]></system-out>
         <system-err><![CDATA[]]></system-err>
      </testcase>
      <testcase name="Test Cases/Prototyp_Filialsuche (RC 18)/21_Testfall" classname="Test Cases/Prototyp_Filialsuche (RC 18)/21_Testfall" status="PASSED">
         <system-out><![CDATA[2018-03-13 10:54:18 - [TEST_CASE][PASSED] - Test Cases/Prototyp_Filialsuche (RC 18)/21_Testfall: Test Cases/Prototyp_Filialsuche (RC 18)/21_Testfall

2018-03-13 10:54:18 - [TEST_STEP][PASSED] - openBrowser: Browser is opened with url: ''

2018-03-13 10:54:21 - [MESSAGE][PASSED] - Browser is opened with url: ''

2018-03-13 10:54:21 - [TEST_STEP][PASSED] - maximizeWindow: Current window maximized

2018-03-13 10:54:21 - [MESSAGE][PASSED] - Current window maximized

2018-03-13 10:54:21 - [TEST_STEP][PASSED] - deleteAllCookies: Delete all cookies successfully

2018-03-13 10:54:21 - [MESSAGE][PASSED] - Delete all cookies successfully

2018-03-13 10:54:21 - [TEST_STEP][PASSED] - navigateToUrl: Navigate to 'http://rc-ogrhtmlprototyp.testintern/18-1-0/filialsuche.html' successfully

2018-03-13 10:54:21 - [MESSAGE][PASSED] - Navigate to 'http://rc-ogrhtmlprototyp.testintern/18-1-0/filialsuche.html' successfully

2018-03-13 10:54:21 - [TEST_STEP][PASSED] - waitForPageLoad: Wait for page load successfully

2018-03-13 10:54:21 - [MESSAGE][WARNING] - Timeout '0' is invalid. Using default page load timeout: '30'

2018-03-13 10:54:21 - [MESSAGE][PASSED] - Wait for page load successfully

2018-03-13 10:54:21 - [TEST_STEP][PASSED] - delay: Delayed 2 second(s)

2018-03-13 10:54:23 - [MESSAGE][PASSED] - Delayed 2 second(s)

2018-03-13 10:54:23 - [TEST_STEP][PASSED] - click: Object: 'Object Repository/03/Page_Filialsuche-rotenburg - BVR HT/svg_dropdown-icons' is clicked on

2018-03-13 10:54:25 - [MESSAGE][PASSED] - Object: 'Object Repository/03/Page_Filialsuche-rotenburg - BVR HT/svg_dropdown-icons' is clicked on

2018-03-13 10:54:25 - [TEST_STEP][PASSED] - delay: Delayed 2 second(s)

2018-03-13 10:54:27 - [MESSAGE][PASSED] - Delayed 2 second(s)

2018-03-13 10:54:27 - [TEST_STEP][PASSED] - mouseOver: Object: 'Object Repository/002/Page_Filialsuche - BVR HTML Prototy/div_Berlin' is hovered

2018-03-13 10:54:28 - [MESSAGE][PASSED] - Object: 'Object Repository/002/Page_Filialsuche - BVR HTML Prototy/div_Berlin' is hovered

2018-03-13 10:54:28 - [TEST_STEP][PASSED] - delay: Delayed 2 second(s)

2018-03-13 10:54:30 - [MESSAGE][PASSED] - Delayed 2 second(s)

2018-03-13 10:54:30 - [TEST_STEP][PASSED] - click: Object: 'Object Repository/002/Page_Filialsuche - BVR HTML Prototy/div_Berlin' is clicked on

2018-03-13 10:54:31 - [MESSAGE][PASSED] - Object: 'Object Repository/002/Page_Filialsuche - BVR HTML Prototy/div_Berlin' is clicked on

2018-03-13 10:54:31 - [TEST_STEP][PASSED] - delay: Delayed 5 second(s)

2018-03-13 10:54:36 - [MESSAGE][PASSED] - Delayed 5 second(s)

2018-03-13 10:54:36 - [TEST_STEP][PASSED] - verifyElementNotPresent: Web element with id: 'Object Repository/Akkordeon_plus_filialsuche' located by 'By.xpath: //a[@class='acc-header acc-header--open']' is not present after '5' second(s)

2018-03-13 10:54:37 - [MESSAGE][PASSED] - Web element with id: 'Object Repository/Akkordeon_plus_filialsuche' located by 'By.xpath: //a[@class='acc-header acc-header--open']' is not present after '5' second(s)

2018-03-13 10:54:37 - [TEST_STEP][PASSED] - closeBrowser: Browser is closed

2018-03-13 10:54:37 - [MESSAGE][PASSED] - Browser is closed]]></system-out>
         <system-err><![CDATA[]]></system-err>
      </testcase>
      <testcase name="Test Cases/Prototyp_Filialsuche (RC 18)/22_Testfall" classname="Test Cases/Prototyp_Filialsuche (RC 18)/22_Testfall" status="PASSED">
         <system-out><![CDATA[2018-03-13 10:54:37 - [TEST_CASE][PASSED] - Test Cases/Prototyp_Filialsuche (RC 18)/22_Testfall: Test Cases/Prototyp_Filialsuche (RC 18)/22_Testfall

2018-03-13 10:54:37 - [TEST_STEP][PASSED] - openBrowser: Browser is opened with url: ''

2018-03-13 10:54:39 - [MESSAGE][PASSED] - Browser is opened with url: ''

2018-03-13 10:54:39 - [TEST_STEP][PASSED] - maximizeWindow: Current window maximized

2018-03-13 10:54:39 - [MESSAGE][PASSED] - Current window maximized

2018-03-13 10:54:39 - [TEST_STEP][PASSED] - deleteAllCookies: Delete all cookies successfully

2018-03-13 10:54:39 - [MESSAGE][PASSED] - Delete all cookies successfully

2018-03-13 10:54:39 - [TEST_STEP][PASSED] - navigateToUrl: Navigate to 'http://rc-ogrhtmlprototyp.testintern/18-1-0/home-6-filialsuche.html' successfully

2018-03-13 10:54:40 - [MESSAGE][PASSED] - Navigate to 'http://rc-ogrhtmlprototyp.testintern/18-1-0/home-6-filialsuche.html' successfully

2018-03-13 10:54:40 - [TEST_STEP][PASSED] - waitForPageLoad: Wait for page load successfully

2018-03-13 10:54:40 - [MESSAGE][WARNING] - Timeout '0' is invalid. Using default page load timeout: '30'

2018-03-13 10:54:40 - [MESSAGE][PASSED] - Wait for page load successfully

2018-03-13 10:54:40 - [TEST_STEP][PASSED] - delay: Delayed 2 second(s)

2018-03-13 10:54:42 - [MESSAGE][PASSED] - Delayed 2 second(s)

2018-03-13 10:54:42 - [TEST_STEP][PASSED] - click: Object: 'Object Repository/03/Page_Filialsuche-rotenburg - BVR HT/Page_Home-6-filialsuche - BVR HTML/svg_dropdown-icons' is clicked on

2018-03-13 10:54:43 - [MESSAGE][PASSED] - Object: 'Object Repository/03/Page_Filialsuche-rotenburg - BVR HT/Page_Home-6-filialsuche - BVR HTML/svg_dropdown-icons' is clicked on

2018-03-13 10:54:43 - [TEST_STEP][PASSED] - delay: Delayed 2 second(s)

2018-03-13 10:54:45 - [MESSAGE][PASSED] - Delayed 2 second(s)

2018-03-13 10:54:45 - [TEST_STEP][PASSED] - mouseOver: Object: 'Object Repository/002/Page_Home-6-filialsuche - BVR HTML/div_Berlin' is hovered

2018-03-13 10:54:46 - [MESSAGE][PASSED] - Object: 'Object Repository/002/Page_Home-6-filialsuche - BVR HTML/div_Berlin' is hovered

2018-03-13 10:54:46 - [TEST_STEP][PASSED] - delay: Delayed 2 second(s)

2018-03-13 10:54:48 - [MESSAGE][PASSED] - Delayed 2 second(s)

2018-03-13 10:54:48 - [TEST_STEP][PASSED] - click: Object: 'Object Repository/002/Page_Home-6-filialsuche - BVR HTML/div_Berlin' is clicked on

2018-03-13 10:54:51 - [MESSAGE][PASSED] - Object: 'Object Repository/002/Page_Home-6-filialsuche - BVR HTML/div_Berlin' is clicked on

2018-03-13 10:54:51 - [TEST_STEP][PASSED] - delay: Delayed 5 second(s)

2018-03-13 10:54:56 - [MESSAGE][PASSED] - Delayed 5 second(s)

2018-03-13 10:54:56 - [TEST_STEP][PASSED] - verifyElementNotPresent: Web element with id: 'Object Repository/Akkordeon_plus_filialsuche' located by 'By.xpath: //a[@class='acc-header acc-header--open']' is not present after '5' second(s)

2018-03-13 10:54:56 - [MESSAGE][PASSED] - Web element with id: 'Object Repository/Akkordeon_plus_filialsuche' located by 'By.xpath: //a[@class='acc-header acc-header--open']' is not present after '5' second(s)

2018-03-13 10:54:56 - [TEST_STEP][PASSED] - closeBrowser: Browser is closed

2018-03-13 10:54:57 - [MESSAGE][PASSED] - Browser is closed]]></system-out>
         <system-err><![CDATA[]]></system-err>
      </testcase>
      <testcase name="Test Cases/Prototyp_Filialsuche (RC 18)/23_Testfall" classname="Test Cases/Prototyp_Filialsuche (RC 18)/23_Testfall" status="PASSED">
         <system-out><![CDATA[2018-03-13 10:54:57 - [TEST_CASE][PASSED] - Test Cases/Prototyp_Filialsuche (RC 18)/23_Testfall: Test Cases/Prototyp_Filialsuche (RC 18)/23_Testfall

2018-03-13 10:54:57 - [TEST_STEP][PASSED] - openBrowser: Browser is opened with url: ''

2018-03-13 10:54:59 - [MESSAGE][PASSED] - Browser is opened with url: ''

2018-03-13 10:54:59 - [TEST_STEP][PASSED] - maximizeWindow: Current window maximized

2018-03-13 10:54:59 - [MESSAGE][PASSED] - Current window maximized

2018-03-13 10:54:59 - [TEST_STEP][PASSED] - deleteAllCookies: Delete all cookies successfully

2018-03-13 10:54:59 - [MESSAGE][PASSED] - Delete all cookies successfully

2018-03-13 10:54:59 - [TEST_STEP][PASSED] - navigateToUrl: Navigate to 'http://rc-ogrhtmlprototyp.testintern/18-1-0/detail.html' successfully

2018-03-13 10:55:06 - [MESSAGE][PASSED] - Navigate to 'http://rc-ogrhtmlprototyp.testintern/18-1-0/detail.html' successfully

2018-03-13 10:55:06 - [TEST_STEP][PASSED] - waitForPageLoad: Wait for page load successfully

2018-03-13 10:55:06 - [MESSAGE][WARNING] - Timeout '0' is invalid. Using default page load timeout: '30'

2018-03-13 10:55:06 - [MESSAGE][PASSED] - Wait for page load successfully

2018-03-13 10:55:06 - [TEST_STEP][PASSED] - delay: Delayed 2 second(s)

2018-03-13 10:55:08 - [MESSAGE][PASSED] - Delayed 2 second(s)

2018-03-13 10:55:08 - [TEST_STEP][PASSED] - click: Object: 'Object Repository/002/Page_Detail - BVR HTML Prototyp/svg_dropdown-icons' is clicked on

2018-03-13 10:55:09 - [MESSAGE][PASSED] - Object: 'Object Repository/002/Page_Detail - BVR HTML Prototyp/svg_dropdown-icons' is clicked on

2018-03-13 10:55:09 - [TEST_STEP][PASSED] - delay: Delayed 2 second(s)

2018-03-13 10:55:11 - [MESSAGE][PASSED] - Delayed 2 second(s)

2018-03-13 10:55:11 - [TEST_STEP][PASSED] - mouseOver: Object: 'Object Repository/002/Page_Detail - BVR HTML Prototyp (1)/div_Berlin' is hovered

2018-03-13 10:55:12 - [MESSAGE][PASSED] - Object: 'Object Repository/002/Page_Detail - BVR HTML Prototyp (1)/div_Berlin' is hovered

2018-03-13 10:55:12 - [TEST_STEP][PASSED] - delay: Delayed 2 second(s)

2018-03-13 10:55:14 - [MESSAGE][PASSED] - Delayed 2 second(s)

2018-03-13 10:55:14 - [TEST_STEP][PASSED] - click: Object: 'Object Repository/002/Page_Detail - BVR HTML Prototyp (1)/div_Berlin' is clicked on

2018-03-13 10:55:15 - [MESSAGE][PASSED] - Object: 'Object Repository/002/Page_Detail - BVR HTML Prototyp (1)/div_Berlin' is clicked on

2018-03-13 10:55:15 - [TEST_STEP][PASSED] - delay: Delayed 5 second(s)

2018-03-13 10:55:20 - [MESSAGE][PASSED] - Delayed 5 second(s)

2018-03-13 10:55:20 - [TEST_STEP][PASSED] - verifyElementNotPresent: Web element with id: 'Object Repository/Akkordeon_plus_filialsuche' located by 'By.xpath: //a[@class='acc-header acc-header--open']' is not present after '5' second(s)

2018-03-13 10:55:20 - [MESSAGE][PASSED] - Web element with id: 'Object Repository/Akkordeon_plus_filialsuche' located by 'By.xpath: //a[@class='acc-header acc-header--open']' is not present after '5' second(s)

2018-03-13 10:55:20 - [TEST_STEP][PASSED] - closeBrowser: Browser is closed

2018-03-13 10:55:21 - [MESSAGE][PASSED] - Browser is closed]]></system-out>
         <system-err><![CDATA[]]></system-err>
      </testcase>
      <testcase name="Test Cases/Prototyp_Filialsuche (RC 18)/24_Testfall" classname="Test Cases/Prototyp_Filialsuche (RC 18)/24_Testfall" status="PASSED">
         <system-out><![CDATA[2018-03-13 10:55:21 - [TEST_CASE][PASSED] - Test Cases/Prototyp_Filialsuche (RC 18)/24_Testfall: Test Cases/Prototyp_Filialsuche (RC 18)/24_Testfall

2018-03-13 10:55:21 - [TEST_STEP][PASSED] - openBrowser: Browser is opened with url: ''

2018-03-13 10:55:23 - [MESSAGE][PASSED] - Browser is opened with url: ''

2018-03-13 10:55:23 - [TEST_STEP][PASSED] - maximizeWindow: Current window maximized

2018-03-13 10:55:23 - [MESSAGE][PASSED] - Current window maximized

2018-03-13 10:55:23 - [TEST_STEP][PASSED] - deleteAllCookies: Delete all cookies successfully

2018-03-13 10:55:23 - [MESSAGE][PASSED] - Delete all cookies successfully

2018-03-13 10:55:23 - [TEST_STEP][PASSED] - navigateToUrl: Navigate to 'http://rc-ogrhtmlprototyp.testintern/18-1-0/filialsuche.html' successfully

2018-03-13 10:55:23 - [MESSAGE][PASSED] - Navigate to 'http://rc-ogrhtmlprototyp.testintern/18-1-0/filialsuche.html' successfully

2018-03-13 10:55:23 - [TEST_STEP][PASSED] - waitForPageLoad: Wait for page load successfully

2018-03-13 10:55:23 - [MESSAGE][WARNING] - Timeout '0' is invalid. Using default page load timeout: '30'

2018-03-13 10:55:23 - [MESSAGE][PASSED] - Wait for page load successfully

2018-03-13 10:55:23 - [TEST_STEP][PASSED] - delay: Delayed 2 second(s)

2018-03-13 10:55:25 - [MESSAGE][PASSED] - Delayed 2 second(s)

2018-03-13 10:55:25 - [TEST_STEP][PASSED] - click: Object: 'Object Repository/002/Page_Filialsuche - BVR HTML Prototy (1)/svg_dropdown-icons' is clicked on

2018-03-13 10:55:28 - [MESSAGE][PASSED] - Object: 'Object Repository/002/Page_Filialsuche - BVR HTML Prototy (1)/svg_dropdown-icons' is clicked on

2018-03-13 10:55:28 - [TEST_STEP][PASSED] - delay: Delayed 2 second(s)

2018-03-13 10:55:30 - [MESSAGE][PASSED] - Delayed 2 second(s)

2018-03-13 10:55:30 - [TEST_STEP][PASSED] - mouseOver: Object: 'Object Repository/berlin/Page_Filialsuche - BVR HTML Prototy/div_Berlin' is hovered

2018-03-13 10:55:30 - [MESSAGE][PASSED] - Object: 'Object Repository/berlin/Page_Filialsuche - BVR HTML Prototy/div_Berlin' is hovered

2018-03-13 10:55:30 - [TEST_STEP][PASSED] - delay: Delayed 2 second(s)

2018-03-13 10:55:32 - [MESSAGE][PASSED] - Delayed 2 second(s)

2018-03-13 10:55:32 - [TEST_STEP][PASSED] - click: Object: 'Object Repository/berlin/Page_Filialsuche - BVR HTML Prototy/div_Berlin' is clicked on

2018-03-13 10:55:34 - [MESSAGE][PASSED] - Object: 'Object Repository/berlin/Page_Filialsuche - BVR HTML Prototy/div_Berlin' is clicked on

2018-03-13 10:55:34 - [TEST_STEP][PASSED] - delay: Delayed 5 second(s)

2018-03-13 10:55:39 - [MESSAGE][PASSED] - Delayed 5 second(s)

2018-03-13 10:55:39 - [TEST_STEP][PASSED] - verifyElementNotPresent: Web element with id: 'Object Repository/Akkordeon_plus_filialsuche' located by 'By.xpath: //a[@class='acc-header acc-header--open']' is not present after '5' second(s)

2018-03-13 10:55:39 - [MESSAGE][PASSED] - Web element with id: 'Object Repository/Akkordeon_plus_filialsuche' located by 'By.xpath: //a[@class='acc-header acc-header--open']' is not present after '5' second(s)

2018-03-13 10:55:39 - [TEST_STEP][PASSED] - closeBrowser: Browser is closed

2018-03-13 10:55:39 - [MESSAGE][PASSED] - Browser is closed]]></system-out>
         <system-err><![CDATA[]]></system-err>
      </testcase>
      <testcase name="Test Cases/Prototyp_Filialsuche (RC 18)/25_Testfall" classname="Test Cases/Prototyp_Filialsuche (RC 18)/25_Testfall" status="PASSED">
         <system-out><![CDATA[2018-03-13 10:55:39 - [TEST_CASE][PASSED] - Test Cases/Prototyp_Filialsuche (RC 18)/25_Testfall: Test Cases/Prototyp_Filialsuche (RC 18)/25_Testfall

2018-03-13 10:55:40 - [TEST_STEP][PASSED] - openBrowser: Browser is opened with url: ''

2018-03-13 10:55:42 - [MESSAGE][PASSED] - Browser is opened with url: ''

2018-03-13 10:55:42 - [TEST_STEP][PASSED] - deleteAllCookies: Delete all cookies successfully

2018-03-13 10:55:42 - [MESSAGE][PASSED] - Delete all cookies successfully

2018-03-13 10:55:42 - [TEST_STEP][PASSED] - maximizeWindow: Current window maximized

2018-03-13 10:55:42 - [MESSAGE][PASSED] - Current window maximized

2018-03-13 10:55:42 - [TEST_STEP][PASSED] - navigateToUrl: Navigate to 'http://rc-ogrhtmlprototyp.testintern/18-1-0/filialsuche.html' successfully

2018-03-13 10:55:42 - [MESSAGE][PASSED] - Navigate to 'http://rc-ogrhtmlprototyp.testintern/18-1-0/filialsuche.html' successfully

2018-03-13 10:55:42 - [TEST_STEP][PASSED] - waitForPageLoad: Wait for page load successfully

2018-03-13 10:55:42 - [MESSAGE][WARNING] - Timeout '0' is invalid. Using default page load timeout: '30'

2018-03-13 10:55:42 - [MESSAGE][PASSED] - Wait for page load successfully

2018-03-13 10:55:42 - [TEST_STEP][PASSED] - delay: Delayed 2 second(s)

2018-03-13 10:55:44 - [MESSAGE][PASSED] - Delayed 2 second(s)

2018-03-13 10:55:44 - [TEST_STEP][PASSED] - click: Object: 'Object Repository/03/Page_Filialsuche-rotenburg - BVR HT/svg_dropdown-icons' is clicked on

2018-03-13 10:55:46 - [MESSAGE][PASSED] - Object: 'Object Repository/03/Page_Filialsuche-rotenburg - BVR HT/svg_dropdown-icons' is clicked on

2018-03-13 10:55:46 - [TEST_STEP][PASSED] - delay: Delayed 2 second(s)

2018-03-13 10:55:48 - [MESSAGE][PASSED] - Delayed 2 second(s)

2018-03-13 10:55:48 - [TEST_STEP][PASSED] - mouseOver: Object: 'Object Repository/002/Page_Filialsuche - BVR HTML Prototy/div_Berlin' is hovered

2018-03-13 10:55:49 - [MESSAGE][PASSED] - Object: 'Object Repository/002/Page_Filialsuche - BVR HTML Prototy/div_Berlin' is hovered

2018-03-13 10:55:49 - [TEST_STEP][PASSED] - delay: Delayed 2 second(s)

2018-03-13 10:55:51 - [MESSAGE][PASSED] - Delayed 2 second(s)

2018-03-13 10:55:51 - [TEST_STEP][PASSED] - click: Object: 'Object Repository/002/Page_Filialsuche - BVR HTML Prototy/div_Berlin' is clicked on

2018-03-13 10:55:52 - [MESSAGE][PASSED] - Object: 'Object Repository/002/Page_Filialsuche - BVR HTML Prototy/div_Berlin' is clicked on

2018-03-13 10:55:52 - [TEST_STEP][PASSED] - delay: Delayed 5 second(s)

2018-03-13 10:55:57 - [MESSAGE][PASSED] - Delayed 5 second(s)

2018-03-13 10:55:57 - [TEST_STEP][PASSED] - Statement - wes = com.kms.katalon.core.webui.common.WebUiCommonHelper.findWebElements(com.kms.katalon.core.testobject.ObjectRepository.findTestObject(filial_map), 5): Found 37 web elements with id: 'Object Repository/filial_map' located by 'By.xpath: //div[@class='aps-map__custom-marker']' in '5' second(s)

2018-03-13 10:55:57 - [TEST_STEP][PASSED] - Statement - For ([i = 0, i < wes.size(), (i++)]): null

2018-03-13 10:55:57 - [TEST_STEP][PASSED] - Statement - el = wes.get(i): null

2018-03-13 10:55:57 - [TEST_STEP][PASSED] - Statement - If (!(el.isDisplayed())): null

2018-03-13 10:55:57 - [TEST_STEP][PASSED] - Statement - el = wes.get(i): null

2018-03-13 10:55:57 - [TEST_STEP][PASSED] - Statement - If (!(el.isDisplayed())): null

2018-03-13 10:55:57 - [TEST_STEP][PASSED] - Statement - el = wes.get(i): null

2018-03-13 10:55:57 - [TEST_STEP][PASSED] - Statement - If (!(el.isDisplayed())): null

2018-03-13 10:55:57 - [TEST_STEP][PASSED] - Statement - el = wes.get(i): null

2018-03-13 10:55:57 - [TEST_STEP][PASSED] - Statement - If (!(el.isDisplayed())): null

2018-03-13 10:55:57 - [TEST_STEP][PASSED] - Statement - el = wes.get(i): null

2018-03-13 10:55:57 - [TEST_STEP][PASSED] - Statement - If (!(el.isDisplayed())): null

2018-03-13 10:55:58 - [TEST_STEP][PASSED] - Statement - el = wes.get(i): null

2018-03-13 10:55:58 - [TEST_STEP][PASSED] - Statement - If (!(el.isDisplayed())): null

2018-03-13 10:55:58 - [TEST_STEP][PASSED] - Statement - el = wes.get(i): null

2018-03-13 10:55:58 - [TEST_STEP][PASSED] - Statement - If (!(el.isDisplayed())): null

2018-03-13 10:55:58 - [TEST_STEP][PASSED] - Statement - el = wes.get(i): null

2018-03-13 10:55:58 - [TEST_STEP][PASSED] - Statement - If (!(el.isDisplayed())): null

2018-03-13 10:55:58 - [TEST_STEP][PASSED] - Statement - el = wes.get(i): null

2018-03-13 10:55:58 - [TEST_STEP][PASSED] - Statement - If (!(el.isDisplayed())): null

2018-03-13 10:55:58 - [TEST_STEP][PASSED] - Statement - el = wes.get(i): null

2018-03-13 10:55:58 - [TEST_STEP][PASSED] - Statement - If (!(el.isDisplayed())): null

2018-03-13 10:55:58 - [TEST_STEP][PASSED] - Statement - el = wes.get(i): null

2018-03-13 10:55:58 - [TEST_STEP][PASSED] - Statement - If (!(el.isDisplayed())): null

2018-03-13 10:55:58 - [TEST_STEP][PASSED] - Statement - el = wes.get(i): null

2018-03-13 10:55:58 - [TEST_STEP][PASSED] - Statement - If (!(el.isDisplayed())): null

2018-03-13 10:55:58 - [TEST_STEP][PASSED] - Statement - el = wes.get(i): null

2018-03-13 10:55:58 - [TEST_STEP][PASSED] - Statement - If (!(el.isDisplayed())): null

2018-03-13 10:55:58 - [TEST_STEP][PASSED] - Statement - el = wes.get(i): null

2018-03-13 10:55:58 - [TEST_STEP][PASSED] - Statement - If (!(el.isDisplayed())): null

2018-03-13 10:55:58 - [TEST_STEP][PASSED] - Statement - el = wes.get(i): null

2018-03-13 10:55:58 - [TEST_STEP][PASSED] - Statement - If (!(el.isDisplayed())): null

2018-03-13 10:55:58 - [TEST_STEP][PASSED] - Statement - el = wes.get(i): null

2018-03-13 10:55:58 - [TEST_STEP][PASSED] - Statement - If (!(el.isDisplayed())): null

2018-03-13 10:55:58 - [TEST_STEP][PASSED] - Statement - el = wes.get(i): null

2018-03-13 10:55:58 - [TEST_STEP][PASSED] - Statement - If (!(el.isDisplayed())): null

2018-03-13 10:55:58 - [TEST_STEP][PASSED] - Statement - el = wes.get(i): null

2018-03-13 10:55:58 - [TEST_STEP][PASSED] - Statement - If (!(el.isDisplayed())): null

2018-03-13 10:55:58 - [TEST_STEP][PASSED] - Statement - el = wes.get(i): null

2018-03-13 10:55:58 - [TEST_STEP][PASSED] - Statement - If (!(el.isDisplayed())): null

2018-03-13 10:55:58 - [TEST_STEP][PASSED] - Statement - el = wes.get(i): null

2018-03-13 10:55:58 - [TEST_STEP][PASSED] - Statement - If (!(el.isDisplayed())): null

2018-03-13 10:55:58 - [TEST_STEP][PASSED] - Statement - el = wes.get(i): null

2018-03-13 10:55:58 - [TEST_STEP][PASSED] - Statement - If (!(el.isDisplayed())): null

2018-03-13 10:55:58 - [TEST_STEP][PASSED] - Statement - el = wes.get(i): null

2018-03-13 10:55:58 - [TEST_STEP][PASSED] - Statement - If (!(el.isDisplayed())): null

2018-03-13 10:55:58 - [TEST_STEP][PASSED] - Statement - el = wes.get(i): null

2018-03-13 10:55:58 - [TEST_STEP][PASSED] - Statement - If (!(el.isDisplayed())): null

2018-03-13 10:55:58 - [TEST_STEP][PASSED] - Statement - el = wes.get(i): null

2018-03-13 10:55:58 - [TEST_STEP][PASSED] - Statement - If (!(el.isDisplayed())): null

2018-03-13 10:55:58 - [TEST_STEP][PASSED] - Statement - el = wes.get(i): null

2018-03-13 10:55:58 - [TEST_STEP][PASSED] - Statement - If (!(el.isDisplayed())): null

2018-03-13 10:55:58 - [TEST_STEP][PASSED] - Statement - el = wes.get(i): null

2018-03-13 10:55:58 - [TEST_STEP][PASSED] - Statement - If (!(el.isDisplayed())): null

2018-03-13 10:55:58 - [TEST_STEP][PASSED] - Statement - el = wes.get(i): null

2018-03-13 10:55:58 - [TEST_STEP][PASSED] - Statement - If (!(el.isDisplayed())): null

2018-03-13 10:55:58 - [TEST_STEP][PASSED] - Statement - el = wes.get(i): null

2018-03-13 10:55:58 - [TEST_STEP][PASSED] - Statement - If (!(el.isDisplayed())): null

2018-03-13 10:55:58 - [TEST_STEP][PASSED] - Statement - el = wes.get(i): null

2018-03-13 10:55:58 - [TEST_STEP][PASSED] - Statement - If (!(el.isDisplayed())): null

2018-03-13 10:55:58 - [TEST_STEP][PASSED] - Statement - el = wes.get(i): null

2018-03-13 10:55:58 - [TEST_STEP][PASSED] - Statement - If (!(el.isDisplayed())): null

2018-03-13 10:55:59 - [TEST_STEP][PASSED] - Statement - el = wes.get(i): null

2018-03-13 10:55:59 - [TEST_STEP][PASSED] - Statement - If (!(el.isDisplayed())): null

2018-03-13 10:55:59 - [TEST_STEP][PASSED] - Statement - el = wes.get(i): null

2018-03-13 10:55:59 - [TEST_STEP][PASSED] - Statement - If (!(el.isDisplayed())): null

2018-03-13 10:55:59 - [TEST_STEP][PASSED] - Statement - el = wes.get(i): null

2018-03-13 10:55:59 - [TEST_STEP][PASSED] - Statement - If (!(el.isDisplayed())): null

2018-03-13 10:55:59 - [TEST_STEP][PASSED] - Statement - el = wes.get(i): null

2018-03-13 10:55:59 - [TEST_STEP][PASSED] - Statement - If (!(el.isDisplayed())): null

2018-03-13 10:55:59 - [TEST_STEP][PASSED] - Statement - el = wes.get(i): null

2018-03-13 10:55:59 - [TEST_STEP][PASSED] - Statement - If (!(el.isDisplayed())): null

2018-03-13 10:55:59 - [TEST_STEP][PASSED] - Statement - el = wes.get(i): null

2018-03-13 10:55:59 - [TEST_STEP][PASSED] - Statement - If (!(el.isDisplayed())): null

2018-03-13 10:55:59 - [TEST_STEP][PASSED] - Statement - el = wes.get(i): null

2018-03-13 10:55:59 - [TEST_STEP][PASSED] - Statement - If (!(el.isDisplayed())): null

2018-03-13 10:55:59 - [TEST_STEP][PASSED] - closeBrowser: Browser is closed

2018-03-13 10:55:59 - [MESSAGE][PASSED] - Browser is closed]]></system-out>
         <system-err><![CDATA[]]></system-err>
      </testcase>
      <testcase name="Test Cases/Prototyp_Filialsuche (RC 18)/26_Testfall" classname="Test Cases/Prototyp_Filialsuche (RC 18)/26_Testfall" status="PASSED">
         <system-out><![CDATA[2018-03-13 10:55:59 - [TEST_CASE][PASSED] - Test Cases/Prototyp_Filialsuche (RC 18)/26_Testfall: Test Cases/Prototyp_Filialsuche (RC 18)/26_Testfall

2018-03-13 10:55:59 - [TEST_STEP][PASSED] - openBrowser: Browser is opened with url: ''

2018-03-13 10:56:01 - [MESSAGE][PASSED] - Browser is opened with url: ''

2018-03-13 10:56:01 - [TEST_STEP][PASSED] - deleteAllCookies: Delete all cookies successfully

2018-03-13 10:56:01 - [MESSAGE][PASSED] - Delete all cookies successfully

2018-03-13 10:56:01 - [TEST_STEP][PASSED] - maximizeWindow: Current window maximized

2018-03-13 10:56:01 - [MESSAGE][PASSED] - Current window maximized

2018-03-13 10:56:01 - [TEST_STEP][PASSED] - navigateToUrl: Navigate to 'http://rc-ogrhtmlprototyp.testintern/18-1-0/home-6-filialsuche.html' successfully

2018-03-13 10:56:02 - [MESSAGE][PASSED] - Navigate to 'http://rc-ogrhtmlprototyp.testintern/18-1-0/home-6-filialsuche.html' successfully

2018-03-13 10:56:02 - [TEST_STEP][PASSED] - waitForPageLoad: Wait for page load successfully

2018-03-13 10:56:02 - [MESSAGE][WARNING] - Timeout '0' is invalid. Using default page load timeout: '30'

2018-03-13 10:56:02 - [MESSAGE][PASSED] - Wait for page load successfully

2018-03-13 10:56:02 - [TEST_STEP][PASSED] - delay: Delayed 2 second(s)

2018-03-13 10:56:04 - [MESSAGE][PASSED] - Delayed 2 second(s)

2018-03-13 10:56:04 - [TEST_STEP][PASSED] - click: Object: 'Object Repository/03/Page_Filialsuche-rotenburg - BVR HT/Page_Home-6-filialsuche - BVR HTML/svg_dropdown-icons' is clicked on

2018-03-13 10:56:05 - [MESSAGE][PASSED] - Object: 'Object Repository/03/Page_Filialsuche-rotenburg - BVR HT/Page_Home-6-filialsuche - BVR HTML/svg_dropdown-icons' is clicked on

2018-03-13 10:56:05 - [TEST_STEP][PASSED] - delay: Delayed 2 second(s)

2018-03-13 10:56:07 - [MESSAGE][PASSED] - Delayed 2 second(s)

2018-03-13 10:56:07 - [TEST_STEP][PASSED] - mouseOver: Object: 'Object Repository/002/Page_Home-6-filialsuche - BVR HTML/div_Berlin' is hovered

2018-03-13 10:56:07 - [MESSAGE][PASSED] - Object: 'Object Repository/002/Page_Home-6-filialsuche - BVR HTML/div_Berlin' is hovered

2018-03-13 10:56:07 - [TEST_STEP][PASSED] - delay: Delayed 2 second(s)

2018-03-13 10:56:09 - [MESSAGE][PASSED] - Delayed 2 second(s)

2018-03-13 10:56:09 - [TEST_STEP][PASSED] - click: Object: 'Object Repository/002/Page_Home-6-filialsuche - BVR HTML/div_Berlin' is clicked on

2018-03-13 10:56:11 - [MESSAGE][PASSED] - Object: 'Object Repository/002/Page_Home-6-filialsuche - BVR HTML/div_Berlin' is clicked on

2018-03-13 10:56:11 - [TEST_STEP][PASSED] - delay: Delayed 5 second(s)

2018-03-13 10:56:16 - [MESSAGE][PASSED] - Delayed 5 second(s)

2018-03-13 10:56:16 - [TEST_STEP][PASSED] - Statement - wes = com.kms.katalon.core.webui.common.WebUiCommonHelper.findWebElements(com.kms.katalon.core.testobject.ObjectRepository.findTestObject(filial_map), 5): Found 37 web elements with id: 'Object Repository/filial_map' located by 'By.xpath: //div[@class='aps-map__custom-marker']' in '5' second(s)

2018-03-13 10:56:16 - [TEST_STEP][PASSED] - Statement - For ([i = 0, i < wes.size(), (i++)]): null

2018-03-13 10:56:16 - [TEST_STEP][PASSED] - Statement - el = wes.get(i): null

2018-03-13 10:56:16 - [TEST_STEP][PASSED] - Statement - If (!(el.isDisplayed())): null

2018-03-13 10:56:16 - [TEST_STEP][PASSED] - Statement - el = wes.get(i): null

2018-03-13 10:56:16 - [TEST_STEP][PASSED] - Statement - If (!(el.isDisplayed())): null

2018-03-13 10:56:16 - [TEST_STEP][PASSED] - Statement - el = wes.get(i): null

2018-03-13 10:56:16 - [TEST_STEP][PASSED] - Statement - If (!(el.isDisplayed())): null

2018-03-13 10:56:16 - [TEST_STEP][PASSED] - Statement - el = wes.get(i): null

2018-03-13 10:56:16 - [TEST_STEP][PASSED] - Statement - If (!(el.isDisplayed())): null

2018-03-13 10:56:16 - [TEST_STEP][PASSED] - Statement - el = wes.get(i): null

2018-03-13 10:56:16 - [TEST_STEP][PASSED] - Statement - If (!(el.isDisplayed())): null

2018-03-13 10:56:16 - [TEST_STEP][PASSED] - Statement - el = wes.get(i): null

2018-03-13 10:56:16 - [TEST_STEP][PASSED] - Statement - If (!(el.isDisplayed())): null

2018-03-13 10:56:16 - [TEST_STEP][PASSED] - Statement - el = wes.get(i): null

2018-03-13 10:56:16 - [TEST_STEP][PASSED] - Statement - If (!(el.isDisplayed())): null

2018-03-13 10:56:16 - [TEST_STEP][PASSED] - Statement - el = wes.get(i): null

2018-03-13 10:56:16 - [TEST_STEP][PASSED] - Statement - If (!(el.isDisplayed())): null

2018-03-13 10:56:16 - [TEST_STEP][PASSED] - Statement - el = wes.get(i): null

2018-03-13 10:56:16 - [TEST_STEP][PASSED] - Statement - If (!(el.isDisplayed())): null

2018-03-13 10:56:16 - [TEST_STEP][PASSED] - Statement - el = wes.get(i): null

2018-03-13 10:56:16 - [TEST_STEP][PASSED] - Statement - If (!(el.isDisplayed())): null

2018-03-13 10:56:16 - [TEST_STEP][PASSED] - Statement - el = wes.get(i): null

2018-03-13 10:56:16 - [TEST_STEP][PASSED] - Statement - If (!(el.isDisplayed())): null

2018-03-13 10:56:16 - [TEST_STEP][PASSED] - Statement - el = wes.get(i): null

2018-03-13 10:56:16 - [TEST_STEP][PASSED] - Statement - If (!(el.isDisplayed())): null

2018-03-13 10:56:17 - [TEST_STEP][PASSED] - Statement - el = wes.get(i): null

2018-03-13 10:56:17 - [TEST_STEP][PASSED] - Statement - If (!(el.isDisplayed())): null

2018-03-13 10:56:17 - [TEST_STEP][PASSED] - Statement - el = wes.get(i): null

2018-03-13 10:56:17 - [TEST_STEP][PASSED] - Statement - If (!(el.isDisplayed())): null

2018-03-13 10:56:17 - [TEST_STEP][PASSED] - Statement - el = wes.get(i): null

2018-03-13 10:56:17 - [TEST_STEP][PASSED] - Statement - If (!(el.isDisplayed())): null

2018-03-13 10:56:17 - [TEST_STEP][PASSED] - Statement - el = wes.get(i): null

2018-03-13 10:56:17 - [TEST_STEP][PASSED] - Statement - If (!(el.isDisplayed())): null

2018-03-13 10:56:17 - [TEST_STEP][PASSED] - Statement - el = wes.get(i): null

2018-03-13 10:56:17 - [TEST_STEP][PASSED] - Statement - If (!(el.isDisplayed())): null

2018-03-13 10:56:17 - [TEST_STEP][PASSED] - Statement - el = wes.get(i): null

2018-03-13 10:56:17 - [TEST_STEP][PASSED] - Statement - If (!(el.isDisplayed())): null

2018-03-13 10:56:17 - [TEST_STEP][PASSED] - Statement - el = wes.get(i): null

2018-03-13 10:56:17 - [TEST_STEP][PASSED] - Statement - If (!(el.isDisplayed())): null

2018-03-13 10:56:17 - [TEST_STEP][PASSED] - Statement - el = wes.get(i): null

2018-03-13 10:56:17 - [TEST_STEP][PASSED] - Statement - If (!(el.isDisplayed())): null

2018-03-13 10:56:17 - [TEST_STEP][PASSED] - Statement - el = wes.get(i): null

2018-03-13 10:56:17 - [TEST_STEP][PASSED] - Statement - If (!(el.isDisplayed())): null

2018-03-13 10:56:17 - [TEST_STEP][PASSED] - Statement - el = wes.get(i): null

2018-03-13 10:56:17 - [TEST_STEP][PASSED] - Statement - If (!(el.isDisplayed())): null

2018-03-13 10:56:17 - [TEST_STEP][PASSED] - Statement - el = wes.get(i): null

2018-03-13 10:56:17 - [TEST_STEP][PASSED] - Statement - If (!(el.isDisplayed())): null

2018-03-13 10:56:17 - [TEST_STEP][PASSED] - Statement - el = wes.get(i): null

2018-03-13 10:56:17 - [TEST_STEP][PASSED] - Statement - If (!(el.isDisplayed())): null

2018-03-13 10:56:17 - [TEST_STEP][PASSED] - Statement - el = wes.get(i): null

2018-03-13 10:56:17 - [TEST_STEP][PASSED] - Statement - If (!(el.isDisplayed())): null

2018-03-13 10:56:17 - [TEST_STEP][PASSED] - Statement - el = wes.get(i): null

2018-03-13 10:56:17 - [TEST_STEP][PASSED] - Statement - If (!(el.isDisplayed())): null

2018-03-13 10:56:17 - [TEST_STEP][PASSED] - Statement - el = wes.get(i): null

2018-03-13 10:56:17 - [TEST_STEP][PASSED] - Statement - If (!(el.isDisplayed())): null

2018-03-13 10:56:17 - [TEST_STEP][PASSED] - Statement - el = wes.get(i): null

2018-03-13 10:56:17 - [TEST_STEP][PASSED] - Statement - If (!(el.isDisplayed())): null

2018-03-13 10:56:17 - [TEST_STEP][PASSED] - Statement - el = wes.get(i): null

2018-03-13 10:56:17 - [TEST_STEP][PASSED] - Statement - If (!(el.isDisplayed())): null

2018-03-13 10:56:17 - [TEST_STEP][PASSED] - Statement - el = wes.get(i): null

2018-03-13 10:56:17 - [TEST_STEP][PASSED] - Statement - If (!(el.isDisplayed())): null

2018-03-13 10:56:17 - [TEST_STEP][PASSED] - Statement - el = wes.get(i): null

2018-03-13 10:56:17 - [TEST_STEP][PASSED] - Statement - If (!(el.isDisplayed())): null

2018-03-13 10:56:17 - [TEST_STEP][PASSED] - Statement - el = wes.get(i): null

2018-03-13 10:56:17 - [TEST_STEP][PASSED] - Statement - If (!(el.isDisplayed())): null

2018-03-13 10:56:17 - [TEST_STEP][PASSED] - Statement - el = wes.get(i): null

2018-03-13 10:56:17 - [TEST_STEP][PASSED] - Statement - If (!(el.isDisplayed())): null

2018-03-13 10:56:17 - [TEST_STEP][PASSED] - Statement - el = wes.get(i): null

2018-03-13 10:56:17 - [TEST_STEP][PASSED] - Statement - If (!(el.isDisplayed())): null

2018-03-13 10:56:17 - [TEST_STEP][PASSED] - Statement - el = wes.get(i): null

2018-03-13 10:56:17 - [TEST_STEP][PASSED] - Statement - If (!(el.isDisplayed())): null

2018-03-13 10:56:17 - [TEST_STEP][PASSED] - Statement - el = wes.get(i): null

2018-03-13 10:56:17 - [TEST_STEP][PASSED] - Statement - If (!(el.isDisplayed())): null

2018-03-13 10:56:17 - [TEST_STEP][PASSED] - Statement - el = wes.get(i): null

2018-03-13 10:56:17 - [TEST_STEP][PASSED] - Statement - If (!(el.isDisplayed())): null

2018-03-13 10:56:17 - [TEST_STEP][PASSED] - closeBrowser: Browser is closed

2018-03-13 10:56:18 - [MESSAGE][PASSED] - Browser is closed]]></system-out>
         <system-err><![CDATA[]]></system-err>
      </testcase>
      <testcase name="Test Cases/Prototyp_Filialsuche (RC 18)/27_Testfall" classname="Test Cases/Prototyp_Filialsuche (RC 18)/27_Testfall" status="PASSED">
         <system-out><![CDATA[2018-03-13 10:56:18 - [TEST_CASE][PASSED] - Test Cases/Prototyp_Filialsuche (RC 18)/27_Testfall: Test Cases/Prototyp_Filialsuche (RC 18)/27_Testfall

2018-03-13 10:56:18 - [TEST_STEP][PASSED] - openBrowser: Browser is opened with url: ''

2018-03-13 10:56:20 - [MESSAGE][PASSED] - Browser is opened with url: ''

2018-03-13 10:56:20 - [TEST_STEP][PASSED] - deleteAllCookies: Delete all cookies successfully

2018-03-13 10:56:20 - [MESSAGE][PASSED] - Delete all cookies successfully

2018-03-13 10:56:20 - [TEST_STEP][PASSED] - maximizeWindow: Current window maximized

2018-03-13 10:56:20 - [MESSAGE][PASSED] - Current window maximized

2018-03-13 10:56:20 - [TEST_STEP][PASSED] - navigateToUrl: Navigate to 'http://rc-ogrhtmlprototyp.testintern/18-1-0/detail.html' successfully

2018-03-13 10:56:23 - [MESSAGE][PASSED] - Navigate to 'http://rc-ogrhtmlprototyp.testintern/18-1-0/detail.html' successfully

2018-03-13 10:56:23 - [TEST_STEP][PASSED] - waitForPageLoad: Wait for page load successfully

2018-03-13 10:56:23 - [MESSAGE][WARNING] - Timeout '0' is invalid. Using default page load timeout: '30'

2018-03-13 10:56:23 - [MESSAGE][PASSED] - Wait for page load successfully

2018-03-13 10:56:23 - [TEST_STEP][PASSED] - delay: Delayed 2 second(s)

2018-03-13 10:56:25 - [MESSAGE][PASSED] - Delayed 2 second(s)

2018-03-13 10:56:25 - [TEST_STEP][PASSED] - click: Object: 'Object Repository/002/Page_Detail - BVR HTML Prototyp/svg_dropdown-icons' is clicked on

2018-03-13 10:56:26 - [MESSAGE][PASSED] - Object: 'Object Repository/002/Page_Detail - BVR HTML Prototyp/svg_dropdown-icons' is clicked on

2018-03-13 10:56:26 - [TEST_STEP][PASSED] - delay: Delayed 2 second(s)

2018-03-13 10:56:28 - [MESSAGE][PASSED] - Delayed 2 second(s)

2018-03-13 10:56:28 - [TEST_STEP][PASSED] - mouseOver: Object: 'Object Repository/002/Page_Detail - BVR HTML Prototyp (1)/div_Berlin' is hovered

2018-03-13 10:56:29 - [MESSAGE][PASSED] - Object: 'Object Repository/002/Page_Detail - BVR HTML Prototyp (1)/div_Berlin' is hovered

2018-03-13 10:56:29 - [TEST_STEP][PASSED] - delay: Delayed 2 second(s)

2018-03-13 10:56:31 - [MESSAGE][PASSED] - Delayed 2 second(s)

2018-03-13 10:56:31 - [TEST_STEP][PASSED] - click: Object: 'Object Repository/002/Page_Detail - BVR HTML Prototyp (1)/div_Berlin' is clicked on

2018-03-13 10:56:32 - [MESSAGE][PASSED] - Object: 'Object Repository/002/Page_Detail - BVR HTML Prototyp (1)/div_Berlin' is clicked on

2018-03-13 10:56:32 - [TEST_STEP][PASSED] - delay: Delayed 5 second(s)

2018-03-13 10:56:37 - [MESSAGE][PASSED] - Delayed 5 second(s)

2018-03-13 10:56:37 - [TEST_STEP][PASSED] - Statement - wes = com.kms.katalon.core.webui.common.WebUiCommonHelper.findWebElements(com.kms.katalon.core.testobject.ObjectRepository.findTestObject(filial_map), 5): Found 37 web elements with id: 'Object Repository/filial_map' located by 'By.xpath: //div[@class='aps-map__custom-marker']' in '5' second(s)

2018-03-13 10:56:38 - [TEST_STEP][PASSED] - Statement - For ([i = 0, i < wes.size(), (i++)]): null

2018-03-13 10:56:38 - [TEST_STEP][PASSED] - Statement - el = wes.get(i): null

2018-03-13 10:56:38 - [TEST_STEP][PASSED] - Statement - If (!(el.isDisplayed())): null

2018-03-13 10:56:38 - [TEST_STEP][PASSED] - Statement - el = wes.get(i): null

2018-03-13 10:56:38 - [TEST_STEP][PASSED] - Statement - If (!(el.isDisplayed())): null

2018-03-13 10:56:38 - [TEST_STEP][PASSED] - Statement - el = wes.get(i): null

2018-03-13 10:56:38 - [TEST_STEP][PASSED] - Statement - If (!(el.isDisplayed())): null

2018-03-13 10:56:38 - [TEST_STEP][PASSED] - Statement - el = wes.get(i): null

2018-03-13 10:56:38 - [TEST_STEP][PASSED] - Statement - If (!(el.isDisplayed())): null

2018-03-13 10:56:38 - [TEST_STEP][PASSED] - Statement - el = wes.get(i): null

2018-03-13 10:56:38 - [TEST_STEP][PASSED] - Statement - If (!(el.isDisplayed())): null

2018-03-13 10:56:38 - [TEST_STEP][PASSED] - Statement - el = wes.get(i): null

2018-03-13 10:56:38 - [TEST_STEP][PASSED] - Statement - If (!(el.isDisplayed())): null

2018-03-13 10:56:38 - [TEST_STEP][PASSED] - Statement - el = wes.get(i): null

2018-03-13 10:56:38 - [TEST_STEP][PASSED] - Statement - If (!(el.isDisplayed())): null

2018-03-13 10:56:38 - [TEST_STEP][PASSED] - Statement - el = wes.get(i): null

2018-03-13 10:56:38 - [TEST_STEP][PASSED] - Statement - If (!(el.isDisplayed())): null

2018-03-13 10:56:38 - [TEST_STEP][PASSED] - Statement - el = wes.get(i): null

2018-03-13 10:56:38 - [TEST_STEP][PASSED] - Statement - If (!(el.isDisplayed())): null

2018-03-13 10:56:38 - [TEST_STEP][PASSED] - Statement - el = wes.get(i): null

2018-03-13 10:56:38 - [TEST_STEP][PASSED] - Statement - If (!(el.isDisplayed())): null

2018-03-13 10:56:38 - [TEST_STEP][PASSED] - Statement - el = wes.get(i): null

2018-03-13 10:56:38 - [TEST_STEP][PASSED] - Statement - If (!(el.isDisplayed())): null

2018-03-13 10:56:38 - [TEST_STEP][PASSED] - Statement - el = wes.get(i): null

2018-03-13 10:56:38 - [TEST_STEP][PASSED] - Statement - If (!(el.isDisplayed())): null

2018-03-13 10:56:38 - [TEST_STEP][PASSED] - Statement - el = wes.get(i): null

2018-03-13 10:56:38 - [TEST_STEP][PASSED] - Statement - If (!(el.isDisplayed())): null

2018-03-13 10:56:38 - [TEST_STEP][PASSED] - Statement - el = wes.get(i): null

2018-03-13 10:56:38 - [TEST_STEP][PASSED] - Statement - If (!(el.isDisplayed())): null

2018-03-13 10:56:38 - [TEST_STEP][PASSED] - Statement - el = wes.get(i): null

2018-03-13 10:56:38 - [TEST_STEP][PASSED] - Statement - If (!(el.isDisplayed())): null

2018-03-13 10:56:38 - [TEST_STEP][PASSED] - Statement - el = wes.get(i): null

2018-03-13 10:56:38 - [TEST_STEP][PASSED] - Statement - If (!(el.isDisplayed())): null

2018-03-13 10:56:38 - [TEST_STEP][PASSED] - Statement - el = wes.get(i): null

2018-03-13 10:56:38 - [TEST_STEP][PASSED] - Statement - If (!(el.isDisplayed())): null

2018-03-13 10:56:38 - [TEST_STEP][PASSED] - Statement - el = wes.get(i): null

2018-03-13 10:56:38 - [TEST_STEP][PASSED] - Statement - If (!(el.isDisplayed())): null

2018-03-13 10:56:38 - [TEST_STEP][PASSED] - Statement - el = wes.get(i): null

2018-03-13 10:56:38 - [TEST_STEP][PASSED] - Statement - If (!(el.isDisplayed())): null

2018-03-13 10:56:38 - [TEST_STEP][PASSED] - Statement - el = wes.get(i): null

2018-03-13 10:56:38 - [TEST_STEP][PASSED] - Statement - If (!(el.isDisplayed())): null

2018-03-13 10:56:38 - [TEST_STEP][PASSED] - Statement - el = wes.get(i): null

2018-03-13 10:56:38 - [TEST_STEP][PASSED] - Statement - If (!(el.isDisplayed())): null

2018-03-13 10:56:38 - [TEST_STEP][PASSED] - Statement - el = wes.get(i): null

2018-03-13 10:56:38 - [TEST_STEP][PASSED] - Statement - If (!(el.isDisplayed())): null

2018-03-13 10:56:39 - [TEST_STEP][PASSED] - Statement - el = wes.get(i): null

2018-03-13 10:56:39 - [TEST_STEP][PASSED] - Statement - If (!(el.isDisplayed())): null

2018-03-13 10:56:39 - [TEST_STEP][PASSED] - Statement - el = wes.get(i): null

2018-03-13 10:56:39 - [TEST_STEP][PASSED] - Statement - If (!(el.isDisplayed())): null

2018-03-13 10:56:39 - [TEST_STEP][PASSED] - Statement - el = wes.get(i): null

2018-03-13 10:56:39 - [TEST_STEP][PASSED] - Statement - If (!(el.isDisplayed())): null

2018-03-13 10:56:39 - [TEST_STEP][PASSED] - Statement - el = wes.get(i): null

2018-03-13 10:56:39 - [TEST_STEP][PASSED] - Statement - If (!(el.isDisplayed())): null

2018-03-13 10:56:39 - [TEST_STEP][PASSED] - Statement - el = wes.get(i): null

2018-03-13 10:56:39 - [TEST_STEP][PASSED] - Statement - If (!(el.isDisplayed())): null

2018-03-13 10:56:39 - [TEST_STEP][PASSED] - Statement - el = wes.get(i): null

2018-03-13 10:56:39 - [TEST_STEP][PASSED] - Statement - If (!(el.isDisplayed())): null

2018-03-13 10:56:39 - [TEST_STEP][PASSED] - Statement - el = wes.get(i): null

2018-03-13 10:56:39 - [TEST_STEP][PASSED] - Statement - If (!(el.isDisplayed())): null

2018-03-13 10:56:39 - [TEST_STEP][PASSED] - Statement - el = wes.get(i): null

2018-03-13 10:56:39 - [TEST_STEP][PASSED] - Statement - If (!(el.isDisplayed())): null

2018-03-13 10:56:39 - [TEST_STEP][PASSED] - Statement - el = wes.get(i): null

2018-03-13 10:56:39 - [TEST_STEP][PASSED] - Statement - If (!(el.isDisplayed())): null

2018-03-13 10:56:39 - [TEST_STEP][PASSED] - Statement - el = wes.get(i): null

2018-03-13 10:56:39 - [TEST_STEP][PASSED] - Statement - If (!(el.isDisplayed())): null

2018-03-13 10:56:39 - [TEST_STEP][PASSED] - Statement - el = wes.get(i): null

2018-03-13 10:56:39 - [TEST_STEP][PASSED] - Statement - If (!(el.isDisplayed())): null

2018-03-13 10:56:39 - [TEST_STEP][PASSED] - Statement - el = wes.get(i): null

2018-03-13 10:56:39 - [TEST_STEP][PASSED] - Statement - If (!(el.isDisplayed())): null

2018-03-13 10:56:39 - [TEST_STEP][PASSED] - Statement - el = wes.get(i): null

2018-03-13 10:56:39 - [TEST_STEP][PASSED] - Statement - If (!(el.isDisplayed())): null

2018-03-13 10:56:39 - [TEST_STEP][PASSED] - Statement - el = wes.get(i): null

2018-03-13 10:56:39 - [TEST_STEP][PASSED] - Statement - If (!(el.isDisplayed())): null

2018-03-13 10:56:39 - [TEST_STEP][PASSED] - Statement - el = wes.get(i): null

2018-03-13 10:56:39 - [TEST_STEP][PASSED] - Statement - If (!(el.isDisplayed())): null

2018-03-13 10:56:39 - [TEST_STEP][PASSED] - closeBrowser: Browser is closed

2018-03-13 10:56:40 - [MESSAGE][PASSED] - Browser is closed]]></system-out>
         <system-err><![CDATA[]]></system-err>
      </testcase>
      <testcase name="Test Cases/Prototyp_Filialsuche (RC 18)/28_Testfall" classname="Test Cases/Prototyp_Filialsuche (RC 18)/28_Testfall" status="PASSED">
         <system-out><![CDATA[2018-03-13 10:56:40 - [TEST_CASE][PASSED] - Test Cases/Prototyp_Filialsuche (RC 18)/28_Testfall: Test Cases/Prototyp_Filialsuche (RC 18)/28_Testfall

2018-03-13 10:56:40 - [TEST_STEP][PASSED] - openBrowser: Browser is opened with url: ''

2018-03-13 10:56:42 - [MESSAGE][PASSED] - Browser is opened with url: ''

2018-03-13 10:56:42 - [TEST_STEP][PASSED] - deleteAllCookies: Delete all cookies successfully

2018-03-13 10:56:42 - [MESSAGE][PASSED] - Delete all cookies successfully

2018-03-13 10:56:42 - [TEST_STEP][PASSED] - maximizeWindow: Current window maximized

2018-03-13 10:56:42 - [MESSAGE][PASSED] - Current window maximized

2018-03-13 10:56:42 - [TEST_STEP][PASSED] - navigateToUrl: Navigate to 'http://rc-ogrhtmlprototyp.testintern/18-1-0/filialsuche.html' successfully

2018-03-13 10:56:43 - [MESSAGE][PASSED] - Navigate to 'http://rc-ogrhtmlprototyp.testintern/18-1-0/filialsuche.html' successfully

2018-03-13 10:56:43 - [TEST_STEP][PASSED] - waitForPageLoad: Wait for page load successfully

2018-03-13 10:56:43 - [MESSAGE][WARNING] - Timeout '0' is invalid. Using default page load timeout: '30'

2018-03-13 10:56:43 - [MESSAGE][PASSED] - Wait for page load successfully

2018-03-13 10:56:43 - [TEST_STEP][PASSED] - delay: Delayed 2 second(s)

2018-03-13 10:56:45 - [MESSAGE][PASSED] - Delayed 2 second(s)

2018-03-13 10:56:45 - [TEST_STEP][PASSED] - click: Object: 'Object Repository/002/Page_Filialsuche - BVR HTML Prototy (1)/svg_dropdown-icons' is clicked on

2018-03-13 10:56:47 - [MESSAGE][PASSED] - Object: 'Object Repository/002/Page_Filialsuche - BVR HTML Prototy (1)/svg_dropdown-icons' is clicked on

2018-03-13 10:56:47 - [TEST_STEP][PASSED] - delay: Delayed 2 second(s)

2018-03-13 10:56:49 - [MESSAGE][PASSED] - Delayed 2 second(s)

2018-03-13 10:56:49 - [TEST_STEP][PASSED] - mouseOver: Object: 'Object Repository/berlin/Page_Filialsuche - BVR HTML Prototy/div_Berlin' is hovered

2018-03-13 10:56:50 - [MESSAGE][PASSED] - Object: 'Object Repository/berlin/Page_Filialsuche - BVR HTML Prototy/div_Berlin' is hovered

2018-03-13 10:56:50 - [TEST_STEP][PASSED] - delay: Delayed 2 second(s)

2018-03-13 10:56:52 - [MESSAGE][PASSED] - Delayed 2 second(s)

2018-03-13 10:56:52 - [TEST_STEP][PASSED] - click: Object: 'Object Repository/berlin/Page_Filialsuche - BVR HTML Prototy/div_Berlin' is clicked on

2018-03-13 10:56:53 - [MESSAGE][PASSED] - Object: 'Object Repository/berlin/Page_Filialsuche - BVR HTML Prototy/div_Berlin' is clicked on

2018-03-13 10:56:53 - [TEST_STEP][PASSED] - delay: Delayed 5 second(s)

2018-03-13 10:56:58 - [MESSAGE][PASSED] - Delayed 5 second(s)

2018-03-13 10:56:58 - [TEST_STEP][PASSED] - Statement - wes = com.kms.katalon.core.webui.common.WebUiCommonHelper.findWebElements(com.kms.katalon.core.testobject.ObjectRepository.findTestObject(filial_map), 5): Found 37 web elements with id: 'Object Repository/filial_map' located by 'By.xpath: //div[@class='aps-map__custom-marker']' in '5' second(s)

2018-03-13 10:56:58 - [TEST_STEP][PASSED] - Statement - For ([i = 0, i < wes.size(), (i++)]): null

2018-03-13 10:56:58 - [TEST_STEP][PASSED] - Statement - el = wes.get(i): null

2018-03-13 10:56:58 - [TEST_STEP][PASSED] - Statement - If (!(el.isDisplayed())): null

2018-03-13 10:56:58 - [TEST_STEP][PASSED] - Statement - el = wes.get(i): null

2018-03-13 10:56:58 - [TEST_STEP][PASSED] - Statement - If (!(el.isDisplayed())): null

2018-03-13 10:56:58 - [TEST_STEP][PASSED] - Statement - el = wes.get(i): null

2018-03-13 10:56:58 - [TEST_STEP][PASSED] - Statement - If (!(el.isDisplayed())): null

2018-03-13 10:56:58 - [TEST_STEP][PASSED] - Statement - el = wes.get(i): null

2018-03-13 10:56:58 - [TEST_STEP][PASSED] - Statement - If (!(el.isDisplayed())): null

2018-03-13 10:56:58 - [TEST_STEP][PASSED] - Statement - el = wes.get(i): null

2018-03-13 10:56:58 - [TEST_STEP][PASSED] - Statement - If (!(el.isDisplayed())): null

2018-03-13 10:56:59 - [TEST_STEP][PASSED] - Statement - el = wes.get(i): null

2018-03-13 10:56:59 - [TEST_STEP][PASSED] - Statement - If (!(el.isDisplayed())): null

2018-03-13 10:56:59 - [TEST_STEP][PASSED] - Statement - el = wes.get(i): null

2018-03-13 10:56:59 - [TEST_STEP][PASSED] - Statement - If (!(el.isDisplayed())): null

2018-03-13 10:56:59 - [TEST_STEP][PASSED] - Statement - el = wes.get(i): null

2018-03-13 10:56:59 - [TEST_STEP][PASSED] - Statement - If (!(el.isDisplayed())): null

2018-03-13 10:56:59 - [TEST_STEP][PASSED] - Statement - el = wes.get(i): null

2018-03-13 10:56:59 - [TEST_STEP][PASSED] - Statement - If (!(el.isDisplayed())): null

2018-03-13 10:56:59 - [TEST_STEP][PASSED] - Statement - el = wes.get(i): null

2018-03-13 10:56:59 - [TEST_STEP][PASSED] - Statement - If (!(el.isDisplayed())): null

2018-03-13 10:56:59 - [TEST_STEP][PASSED] - Statement - el = wes.get(i): null

2018-03-13 10:56:59 - [TEST_STEP][PASSED] - Statement - If (!(el.isDisplayed())): null

2018-03-13 10:56:59 - [TEST_STEP][PASSED] - Statement - el = wes.get(i): null

2018-03-13 10:56:59 - [TEST_STEP][PASSED] - Statement - If (!(el.isDisplayed())): null

2018-03-13 10:56:59 - [TEST_STEP][PASSED] - Statement - el = wes.get(i): null

2018-03-13 10:56:59 - [TEST_STEP][PASSED] - Statement - If (!(el.isDisplayed())): null

2018-03-13 10:56:59 - [TEST_STEP][PASSED] - Statement - el = wes.get(i): null

2018-03-13 10:56:59 - [TEST_STEP][PASSED] - Statement - If (!(el.isDisplayed())): null

2018-03-13 10:56:59 - [TEST_STEP][PASSED] - Statement - el = wes.get(i): null

2018-03-13 10:56:59 - [TEST_STEP][PASSED] - Statement - If (!(el.isDisplayed())): null

2018-03-13 10:56:59 - [TEST_STEP][PASSED] - Statement - el = wes.get(i): null

2018-03-13 10:56:59 - [TEST_STEP][PASSED] - Statement - If (!(el.isDisplayed())): null

2018-03-13 10:56:59 - [TEST_STEP][PASSED] - Statement - el = wes.get(i): null

2018-03-13 10:56:59 - [TEST_STEP][PASSED] - Statement - If (!(el.isDisplayed())): null

2018-03-13 10:56:59 - [TEST_STEP][PASSED] - Statement - el = wes.get(i): null

2018-03-13 10:56:59 - [TEST_STEP][PASSED] - Statement - If (!(el.isDisplayed())): null

2018-03-13 10:56:59 - [TEST_STEP][PASSED] - Statement - el = wes.get(i): null

2018-03-13 10:56:59 - [TEST_STEP][PASSED] - Statement - If (!(el.isDisplayed())): null

2018-03-13 10:56:59 - [TEST_STEP][PASSED] - Statement - el = wes.get(i): null

2018-03-13 10:56:59 - [TEST_STEP][PASSED] - Statement - If (!(el.isDisplayed())): null

2018-03-13 10:56:59 - [TEST_STEP][PASSED] - Statement - el = wes.get(i): null

2018-03-13 10:56:59 - [TEST_STEP][PASSED] - Statement - If (!(el.isDisplayed())): null

2018-03-13 10:56:59 - [TEST_STEP][PASSED] - Statement - el = wes.get(i): null

2018-03-13 10:56:59 - [TEST_STEP][PASSED] - Statement - If (!(el.isDisplayed())): null

2018-03-13 10:56:59 - [TEST_STEP][PASSED] - Statement - el = wes.get(i): null

2018-03-13 10:56:59 - [TEST_STEP][PASSED] - Statement - If (!(el.isDisplayed())): null

2018-03-13 10:56:59 - [TEST_STEP][PASSED] - Statement - el = wes.get(i): null

2018-03-13 10:56:59 - [TEST_STEP][PASSED] - Statement - If (!(el.isDisplayed())): null

2018-03-13 10:56:59 - [TEST_STEP][PASSED] - Statement - el = wes.get(i): null

2018-03-13 10:56:59 - [TEST_STEP][PASSED] - Statement - If (!(el.isDisplayed())): null

2018-03-13 10:56:59 - [TEST_STEP][PASSED] - Statement - el = wes.get(i): null

2018-03-13 10:56:59 - [TEST_STEP][PASSED] - Statement - If (!(el.isDisplayed())): null

2018-03-13 10:56:59 - [TEST_STEP][PASSED] - Statement - el = wes.get(i): null

2018-03-13 10:56:59 - [TEST_STEP][PASSED] - Statement - If (!(el.isDisplayed())): null

2018-03-13 10:56:59 - [TEST_STEP][PASSED] - Statement - el = wes.get(i): null

2018-03-13 10:56:59 - [TEST_STEP][PASSED] - Statement - If (!(el.isDisplayed())): null

2018-03-13 10:56:59 - [TEST_STEP][PASSED] - Statement - el = wes.get(i): null

2018-03-13 10:56:59 - [TEST_STEP][PASSED] - Statement - If (!(el.isDisplayed())): null

2018-03-13 10:56:59 - [TEST_STEP][PASSED] - Statement - el = wes.get(i): null

2018-03-13 10:56:59 - [TEST_STEP][PASSED] - Statement - If (!(el.isDisplayed())): null

2018-03-13 10:56:59 - [TEST_STEP][PASSED] - Statement - el = wes.get(i): null

2018-03-13 10:56:59 - [TEST_STEP][PASSED] - Statement - If (!(el.isDisplayed())): null

2018-03-13 10:57:00 - [TEST_STEP][PASSED] - Statement - el = wes.get(i): null

2018-03-13 10:57:00 - [TEST_STEP][PASSED] - Statement - If (!(el.isDisplayed())): null

2018-03-13 10:57:00 - [TEST_STEP][PASSED] - Statement - el = wes.get(i): null

2018-03-13 10:57:00 - [TEST_STEP][PASSED] - Statement - If (!(el.isDisplayed())): null

2018-03-13 10:57:00 - [TEST_STEP][PASSED] - Statement - el = wes.get(i): null

2018-03-13 10:57:00 - [TEST_STEP][PASSED] - Statement - If (!(el.isDisplayed())): null

2018-03-13 10:57:00 - [TEST_STEP][PASSED] - Statement - el = wes.get(i): null

2018-03-13 10:57:00 - [TEST_STEP][PASSED] - Statement - If (!(el.isDisplayed())): null

2018-03-13 10:57:00 - [TEST_STEP][PASSED] - Statement - el = wes.get(i): null

2018-03-13 10:57:00 - [TEST_STEP][PASSED] - Statement - If (!(el.isDisplayed())): null

2018-03-13 10:57:00 - [TEST_STEP][PASSED] - Statement - el = wes.get(i): null

2018-03-13 10:57:00 - [TEST_STEP][PASSED] - Statement - If (!(el.isDisplayed())): null

2018-03-13 10:57:00 - [TEST_STEP][PASSED] - closeBrowser: Browser is closed

2018-03-13 10:57:00 - [MESSAGE][PASSED] - Browser is closed]]></system-out>
         <system-err><![CDATA[]]></system-err>
      </testcase>
      <testcase name="Test Cases/Prototyp_Filialsuche (RC 18)/29_Testfall" classname="Test Cases/Prototyp_Filialsuche (RC 18)/29_Testfall" status="PASSED">
         <system-out><![CDATA[2018-03-13 10:57:00 - [TEST_CASE][PASSED] - Test Cases/Prototyp_Filialsuche (RC 18)/29_Testfall: Test Cases/Prototyp_Filialsuche (RC 18)/29_Testfall

2018-03-13 10:57:00 - [TEST_STEP][PASSED] - openBrowser: Browser is opened with url: ''

2018-03-13 10:57:03 - [MESSAGE][PASSED] - Browser is opened with url: ''

2018-03-13 10:57:03 - [TEST_STEP][PASSED] - maximizeWindow: Current window maximized

2018-03-13 10:57:03 - [MESSAGE][PASSED] - Current window maximized

2018-03-13 10:57:03 - [TEST_STEP][PASSED] - deleteAllCookies: Delete all cookies successfully

2018-03-13 10:57:03 - [MESSAGE][PASSED] - Delete all cookies successfully

2018-03-13 10:57:03 - [TEST_STEP][PASSED] - navigateToUrl: Navigate to 'http://rc-ogrhtmlprototyp.testintern/18-1-0/filialsuche.html' successfully

2018-03-13 10:57:04 - [MESSAGE][PASSED] - Navigate to 'http://rc-ogrhtmlprototyp.testintern/18-1-0/filialsuche.html' successfully

2018-03-13 10:57:04 - [TEST_STEP][PASSED] - delay: Delayed 2 second(s)

2018-03-13 10:57:06 - [MESSAGE][PASSED] - Delayed 2 second(s)

2018-03-13 10:57:06 - [TEST_STEP][PASSED] - click: Object: 'Object Repository/03/Page_Filialsuche-rotenburg - BVR HT/svg_dropdown-icons' is clicked on

2018-03-13 10:57:07 - [MESSAGE][PASSED] - Object: 'Object Repository/03/Page_Filialsuche-rotenburg - BVR HT/svg_dropdown-icons' is clicked on

2018-03-13 10:57:07 - [TEST_STEP][PASSED] - delay: Delayed 2 second(s)

2018-03-13 10:57:09 - [MESSAGE][PASSED] - Delayed 2 second(s)

2018-03-13 10:57:09 - [TEST_STEP][PASSED] - mouseOver: Object: 'Object Repository/x/Page_Filialsuche - BVR HTML Prototy/div_Berlin' is hovered

2018-03-13 10:57:11 - [MESSAGE][PASSED] - Object: 'Object Repository/x/Page_Filialsuche - BVR HTML Prototy/div_Berlin' is hovered

2018-03-13 10:57:11 - [TEST_STEP][PASSED] - delay: Delayed 2 second(s)

2018-03-13 10:57:13 - [MESSAGE][PASSED] - Delayed 2 second(s)

2018-03-13 10:57:13 - [TEST_STEP][PASSED] - click: Object: 'Object Repository/x/Page_Filialsuche - BVR HTML Prototy/div_Berlin' is clicked on

2018-03-13 10:57:14 - [MESSAGE][PASSED] - Object: 'Object Repository/x/Page_Filialsuche - BVR HTML Prototy/div_Berlin' is clicked on

2018-03-13 10:57:14 - [TEST_STEP][PASSED] - delay: Delayed 5 second(s)

2018-03-13 10:57:19 - [MESSAGE][PASSED] - Delayed 5 second(s)

2018-03-13 10:57:19 - [TEST_STEP][PASSED] - verifyElementNotPresent: Web element with id: 'Object Repository/Entfernung_filialsuche' located by 'By.xpath: //span[@class='loc-distance']' is not present after '5' second(s)

2018-03-13 10:57:20 - [MESSAGE][PASSED] - Web element with id: 'Object Repository/Entfernung_filialsuche' located by 'By.xpath: //span[@class='loc-distance']' is not present after '5' second(s)

2018-03-13 10:57:20 - [TEST_STEP][PASSED] - closeBrowser: Browser is closed

2018-03-13 10:57:20 - [MESSAGE][PASSED] - Browser is closed]]></system-out>
         <system-err><![CDATA[]]></system-err>
      </testcase>
      <testcase name="Test Cases/Prototyp_Filialsuche (RC 18)/30_Testfall" classname="Test Cases/Prototyp_Filialsuche (RC 18)/30_Testfall" status="PASSED">
         <system-out><![CDATA[2018-03-13 10:57:20 - [TEST_CASE][PASSED] - Test Cases/Prototyp_Filialsuche (RC 18)/30_Testfall: Test Cases/Prototyp_Filialsuche (RC 18)/30_Testfall

2018-03-13 10:57:20 - [TEST_STEP][PASSED] - openBrowser: Browser is opened with url: ''

2018-03-13 10:57:22 - [MESSAGE][PASSED] - Browser is opened with url: ''

2018-03-13 10:57:22 - [TEST_STEP][PASSED] - maximizeWindow: Current window maximized

2018-03-13 10:57:22 - [MESSAGE][PASSED] - Current window maximized

2018-03-13 10:57:22 - [TEST_STEP][PASSED] - deleteAllCookies: Delete all cookies successfully

2018-03-13 10:57:22 - [MESSAGE][PASSED] - Delete all cookies successfully

2018-03-13 10:57:22 - [TEST_STEP][PASSED] - navigateToUrl: Navigate to 'http://rc-ogrhtmlprototyp.testintern/18-1-0/home-6-filialsuche.html' successfully

2018-03-13 10:57:22 - [MESSAGE][PASSED] - Navigate to 'http://rc-ogrhtmlprototyp.testintern/18-1-0/home-6-filialsuche.html' successfully

2018-03-13 10:57:22 - [TEST_STEP][PASSED] - delay: Delayed 5 second(s)

2018-03-13 10:57:27 - [MESSAGE][PASSED] - Delayed 5 second(s)

2018-03-13 10:57:27 - [TEST_STEP][PASSED] - click: Object: 'Object Repository/03/Page_Filialsuche-rotenburg - BVR HT/Page_Home-6-filialsuche - BVR HTML/svg_dropdown-icons' is clicked on

2018-03-13 10:57:28 - [MESSAGE][PASSED] - Object: 'Object Repository/03/Page_Filialsuche-rotenburg - BVR HT/Page_Home-6-filialsuche - BVR HTML/svg_dropdown-icons' is clicked on

2018-03-13 10:57:28 - [TEST_STEP][PASSED] - delay: Delayed 2 second(s)

2018-03-13 10:57:30 - [MESSAGE][PASSED] - Delayed 2 second(s)

2018-03-13 10:57:30 - [TEST_STEP][PASSED] - mouseOver: Object: 'Object Repository/002/Page_Home-6-filialsuche - BVR HTML/div_Berlin' is hovered

2018-03-13 10:57:31 - [MESSAGE][PASSED] - Object: 'Object Repository/002/Page_Home-6-filialsuche - BVR HTML/div_Berlin' is hovered

2018-03-13 10:57:31 - [TEST_STEP][PASSED] - delay: Delayed 2 second(s)

2018-03-13 10:57:33 - [MESSAGE][PASSED] - Delayed 2 second(s)

2018-03-13 10:57:33 - [TEST_STEP][PASSED] - click: Object: 'Object Repository/002/Page_Home-6-filialsuche - BVR HTML/div_Berlin' is clicked on

2018-03-13 10:57:36 - [MESSAGE][PASSED] - Object: 'Object Repository/002/Page_Home-6-filialsuche - BVR HTML/div_Berlin' is clicked on

2018-03-13 10:57:36 - [TEST_STEP][PASSED] - delay: Delayed 5 second(s)

2018-03-13 10:57:41 - [MESSAGE][PASSED] - Delayed 5 second(s)

2018-03-13 10:57:41 - [TEST_STEP][PASSED] - verifyElementNotPresent: Web element with id: 'Object Repository/Entfernung_filialsuche' located by 'By.xpath: //span[@class='loc-distance']' is not present after '5' second(s)

2018-03-13 10:57:42 - [MESSAGE][PASSED] - Web element with id: 'Object Repository/Entfernung_filialsuche' located by 'By.xpath: //span[@class='loc-distance']' is not present after '5' second(s)

2018-03-13 10:57:42 - [TEST_STEP][PASSED] - closeBrowser: Browser is closed

2018-03-13 10:57:42 - [MESSAGE][PASSED] - Browser is closed]]></system-out>
         <system-err><![CDATA[]]></system-err>
      </testcase>
      <testcase name="Test Cases/Prototyp_Filialsuche (RC 18)/31_Testfall" classname="Test Cases/Prototyp_Filialsuche (RC 18)/31_Testfall" status="PASSED">
         <system-out><![CDATA[2018-03-13 10:57:42 - [TEST_CASE][PASSED] - Test Cases/Prototyp_Filialsuche (RC 18)/31_Testfall: Test Cases/Prototyp_Filialsuche (RC 18)/31_Testfall

2018-03-13 10:57:42 - [TEST_STEP][PASSED] - openBrowser: Browser is opened with url: ''

2018-03-13 10:57:44 - [MESSAGE][PASSED] - Browser is opened with url: ''

2018-03-13 10:57:44 - [TEST_STEP][PASSED] - maximizeWindow: Current window maximized

2018-03-13 10:57:44 - [MESSAGE][PASSED] - Current window maximized

2018-03-13 10:57:44 - [TEST_STEP][PASSED] - deleteAllCookies: Delete all cookies successfully

2018-03-13 10:57:44 - [MESSAGE][PASSED] - Delete all cookies successfully

2018-03-13 10:57:44 - [TEST_STEP][PASSED] - navigateToUrl: Navigate to 'http://rc-ogrhtmlprototyp.testintern/18-1-0/detail.html' successfully

2018-03-13 10:57:45 - [MESSAGE][PASSED] - Navigate to 'http://rc-ogrhtmlprototyp.testintern/18-1-0/detail.html' successfully

2018-03-13 10:57:45 - [TEST_STEP][PASSED] - delay: Delayed 5 second(s)

2018-03-13 10:57:50 - [MESSAGE][PASSED] - Delayed 5 second(s)

2018-03-13 10:57:50 - [TEST_STEP][PASSED] - click: Object: 'Object Repository/002/Page_Detail - BVR HTML Prototyp/svg_dropdown-icons' is clicked on

2018-03-13 10:57:52 - [MESSAGE][PASSED] - Object: 'Object Repository/002/Page_Detail - BVR HTML Prototyp/svg_dropdown-icons' is clicked on

2018-03-13 10:57:52 - [TEST_STEP][PASSED] - delay: Delayed 2 second(s)

2018-03-13 10:57:54 - [MESSAGE][PASSED] - Delayed 2 second(s)

2018-03-13 10:57:54 - [TEST_STEP][PASSED] - mouseOver: Object: 'Object Repository/002/Page_Detail - BVR HTML Prototyp (1)/div_Berlin' is hovered

2018-03-13 10:57:54 - [MESSAGE][PASSED] - Object: 'Object Repository/002/Page_Detail - BVR HTML Prototyp (1)/div_Berlin' is hovered

2018-03-13 10:57:54 - [TEST_STEP][PASSED] - delay: Delayed 2 second(s)

2018-03-13 10:57:56 - [MESSAGE][PASSED] - Delayed 2 second(s)

2018-03-13 10:57:56 - [TEST_STEP][PASSED] - click: Object: 'Object Repository/002/Page_Detail - BVR HTML Prototyp (1)/div_Berlin' is clicked on

2018-03-13 10:57:58 - [MESSAGE][PASSED] - Object: 'Object Repository/002/Page_Detail - BVR HTML Prototyp (1)/div_Berlin' is clicked on

2018-03-13 10:57:58 - [TEST_STEP][PASSED] - delay: Delayed 5 second(s)

2018-03-13 10:58:03 - [MESSAGE][PASSED] - Delayed 5 second(s)

2018-03-13 10:58:03 - [TEST_STEP][PASSED] - verifyElementNotPresent: Web element with id: 'Object Repository/Entfernung_filialsuche' located by 'By.xpath: //span[@class='loc-distance']' is not present after '5' second(s)

2018-03-13 10:58:03 - [MESSAGE][PASSED] - Web element with id: 'Object Repository/Entfernung_filialsuche' located by 'By.xpath: //span[@class='loc-distance']' is not present after '5' second(s)

2018-03-13 10:58:03 - [TEST_STEP][PASSED] - closeBrowser: Browser is closed

2018-03-13 10:58:04 - [MESSAGE][PASSED] - Browser is closed]]></system-out>
         <system-err><![CDATA[]]></system-err>
      </testcase>
      <testcase name="Test Cases/Prototyp_Filialsuche (RC 18)/32_Testfall" classname="Test Cases/Prototyp_Filialsuche (RC 18)/32_Testfall" status="PASSED">
         <system-out><![CDATA[2018-03-13 10:58:04 - [TEST_CASE][PASSED] - Test Cases/Prototyp_Filialsuche (RC 18)/32_Testfall: Test Cases/Prototyp_Filialsuche (RC 18)/32_Testfall

2018-03-13 10:58:04 - [TEST_STEP][PASSED] - openBrowser: Browser is opened with url: ''

2018-03-13 10:58:06 - [MESSAGE][PASSED] - Browser is opened with url: ''

2018-03-13 10:58:06 - [TEST_STEP][PASSED] - maximizeWindow: Current window maximized

2018-03-13 10:58:06 - [MESSAGE][PASSED] - Current window maximized

2018-03-13 10:58:06 - [TEST_STEP][PASSED] - deleteAllCookies: Delete all cookies successfully

2018-03-13 10:58:06 - [MESSAGE][PASSED] - Delete all cookies successfully

2018-03-13 10:58:06 - [TEST_STEP][PASSED] - navigateToUrl: Navigate to 'http://rc-ogrhtmlprototyp.testintern/18-1-0/filialsuche.html' successfully

2018-03-13 10:58:07 - [MESSAGE][PASSED] - Navigate to 'http://rc-ogrhtmlprototyp.testintern/18-1-0/filialsuche.html' successfully

2018-03-13 10:58:07 - [TEST_STEP][PASSED] - delay: Delayed 5 second(s)

2018-03-13 10:58:12 - [MESSAGE][PASSED] - Delayed 5 second(s)

2018-03-13 10:58:12 - [TEST_STEP][PASSED] - click: Object: 'Object Repository/002/Page_Filialsuche - BVR HTML Prototy (1)/svg_dropdown-icons' is clicked on

2018-03-13 10:58:13 - [MESSAGE][PASSED] - Object: 'Object Repository/002/Page_Filialsuche - BVR HTML Prototy (1)/svg_dropdown-icons' is clicked on

2018-03-13 10:58:13 - [TEST_STEP][PASSED] - delay: Delayed 3 second(s)

2018-03-13 10:58:16 - [MESSAGE][PASSED] - Delayed 3 second(s)

2018-03-13 10:58:16 - [TEST_STEP][PASSED] - mouseOver: Object: 'Object Repository/berlin/Page_Filialsuche - BVR HTML Prototy/div_Berlin' is hovered

2018-03-13 10:58:17 - [MESSAGE][PASSED] - Object: 'Object Repository/berlin/Page_Filialsuche - BVR HTML Prototy/div_Berlin' is hovered

2018-03-13 10:58:17 - [TEST_STEP][PASSED] - delay: Delayed 3 second(s)

2018-03-13 10:58:20 - [MESSAGE][PASSED] - Delayed 3 second(s)

2018-03-13 10:58:20 - [TEST_STEP][PASSED] - click: Object: 'Object Repository/berlin/Page_Filialsuche - BVR HTML Prototy/div_Berlin' is clicked on

2018-03-13 10:58:21 - [MESSAGE][PASSED] - Object: 'Object Repository/berlin/Page_Filialsuche - BVR HTML Prototy/div_Berlin' is clicked on

2018-03-13 10:58:21 - [TEST_STEP][PASSED] - delay: Delayed 5 second(s)

2018-03-13 10:58:26 - [MESSAGE][PASSED] - Delayed 5 second(s)

2018-03-13 10:58:26 - [TEST_STEP][PASSED] - verifyElementNotPresent: Web element with id: 'Object Repository/Entfernung_filialsuche' located by 'By.xpath: //span[@class='loc-distance']' is not present after '5' second(s)

2018-03-13 10:58:27 - [MESSAGE][PASSED] - Web element with id: 'Object Repository/Entfernung_filialsuche' located by 'By.xpath: //span[@class='loc-distance']' is not present after '5' second(s)

2018-03-13 10:58:27 - [TEST_STEP][PASSED] - closeBrowser: Browser is closed

2018-03-13 10:58:27 - [MESSAGE][PASSED] - Browser is closed]]></system-out>
         <system-err><![CDATA[]]></system-err>
      </testcase>
      <testcase name="Test Cases/Prototyp_Filialsuche (RC 18)/33_Testfall" classname="Test Cases/Prototyp_Filialsuche (RC 18)/33_Testfall" status="PASSED">
         <system-out><![CDATA[2018-03-13 10:58:27 - [TEST_CASE][PASSED] - Test Cases/Prototyp_Filialsuche (RC 18)/33_Testfall: Test Cases/Prototyp_Filialsuche (RC 18)/33_Testfall

2018-03-13 10:58:27 - [TEST_STEP][PASSED] - openBrowser: Browser is opened with url: ''

2018-03-13 10:58:29 - [MESSAGE][PASSED] - Browser is opened with url: ''

2018-03-13 10:58:29 - [TEST_STEP][PASSED] - maximizeWindow: Current window maximized

2018-03-13 10:58:29 - [MESSAGE][PASSED] - Current window maximized

2018-03-13 10:58:29 - [TEST_STEP][PASSED] - deleteAllCookies: Delete all cookies successfully

2018-03-13 10:58:29 - [MESSAGE][PASSED] - Delete all cookies successfully

2018-03-13 10:58:29 - [TEST_STEP][PASSED] - navigateToUrl: Navigate to 'http://rc-ogrhtmlprototyp.testintern/18-1-0/filialsuche-textinput.html' successfully

2018-03-13 10:58:30 - [MESSAGE][PASSED] - Navigate to 'http://rc-ogrhtmlprototyp.testintern/18-1-0/filialsuche-textinput.html' successfully

2018-03-13 10:58:30 - [TEST_STEP][PASSED] - delay: Delayed 5 second(s)

2018-03-13 10:58:35 - [MESSAGE][PASSED] - Delayed 5 second(s)

2018-03-13 10:58:35 - [TEST_STEP][PASSED] - Statement - Try: Object 'Object Repository/Accordeon_filialsuche' is NOT visible

2018-03-13 10:58:35 - [TEST_STEP][PASSED] - verifyElementNotVisible: Object 'Object Repository/Accordeon_filialsuche' is NOT visible

2018-03-13 10:58:35 - [MESSAGE][PASSED] - Object 'Object Repository/Accordeon_filialsuche' is NOT visible

2018-03-13 10:58:35 - [TEST_STEP][PASSED] - verifyElementNotPresent: Web element with id: 'Object Repository/filial_map' located by 'By.xpath: //div[@class='aps-map__custom-marker']' is not present after '2' second(s)

2018-03-13 10:58:36 - [MESSAGE][PASSED] - Web element with id: 'Object Repository/filial_map' located by 'By.xpath: //div[@class='aps-map__custom-marker']' is not present after '2' second(s)

2018-03-13 10:58:36 - [TEST_STEP][PASSED] - closeBrowser: Browser is closed

2018-03-13 10:58:36 - [MESSAGE][PASSED] - Browser is closed]]></system-out>
         <system-err><![CDATA[]]></system-err>
      </testcase>
      <testcase name="Test Cases/Prototyp_Filialsuche (RC 18)/34_Testfall" classname="Test Cases/Prototyp_Filialsuche (RC 18)/34_Testfall" status="PASSED">
         <system-out><![CDATA[2018-03-13 10:58:36 - [TEST_CASE][PASSED] - Test Cases/Prototyp_Filialsuche (RC 18)/34_Testfall: Test Cases/Prototyp_Filialsuche (RC 18)/34_Testfall

2018-03-13 10:58:36 - [TEST_STEP][PASSED] - openBrowser: Browser is opened with url: ''

2018-03-13 10:58:38 - [MESSAGE][PASSED] - Browser is opened with url: ''

2018-03-13 10:58:38 - [TEST_STEP][PASSED] - maximizeWindow: Current window maximized

2018-03-13 10:58:38 - [MESSAGE][PASSED] - Current window maximized

2018-03-13 10:58:38 - [TEST_STEP][PASSED] - deleteAllCookies: Delete all cookies successfully

2018-03-13 10:58:38 - [MESSAGE][PASSED] - Delete all cookies successfully

2018-03-13 10:58:38 - [TEST_STEP][PASSED] - navigateToUrl: Navigate to 'http://rc-ogrhtmlprototyp.testintern/18-1-0/filialsuche-textinput.html' successfully

2018-03-13 10:58:39 - [MESSAGE][PASSED] - Navigate to 'http://rc-ogrhtmlprototyp.testintern/18-1-0/filialsuche-textinput.html' successfully

2018-03-13 10:58:39 - [TEST_STEP][PASSED] - delay: Delayed 2 second(s)

2018-03-13 10:58:41 - [MESSAGE][PASSED] - Delayed 2 second(s)

2018-03-13 10:58:41 - [TEST_STEP][PASSED] - setText: Text 'berlin' is set on object 'Object Repository/34TF/Page_Filialsuche-textinput - BVR HT/input_city'

2018-03-13 10:58:41 - [MESSAGE][PASSED] - Text 'berlin' is set on object 'Object Repository/34TF/Page_Filialsuche-textinput - BVR HT/input_city'

2018-03-13 10:58:41 - [TEST_STEP][PASSED] - click: Object: 'Object Repository/34TF/Page_Filialsuche-textinput - BVR HT (1)/button_Suchen' is clicked on

2018-03-13 10:58:42 - [MESSAGE][PASSED] - Object: 'Object Repository/34TF/Page_Filialsuche-textinput - BVR HT (1)/button_Suchen' is clicked on

2018-03-13 10:58:42 - [TEST_STEP][PASSED] - delay: Delayed 3 second(s)

2018-03-13 10:58:45 - [MESSAGE][PASSED] - Delayed 3 second(s)

2018-03-13 10:58:45 - [TEST_STEP][PASSED] - verifyElementNotPresent: Web element with id: 'Object Repository/Akkordeon_plus_filialsuche' located by 'By.xpath: //a[@class='acc-header acc-header--open']' is not present after '5' second(s)

2018-03-13 10:58:45 - [MESSAGE][PASSED] - Web element with id: 'Object Repository/Akkordeon_plus_filialsuche' located by 'By.xpath: //a[@class='acc-header acc-header--open']' is not present after '5' second(s)

2018-03-13 10:58:45 - [TEST_STEP][PASSED] - closeBrowser: Browser is closed

2018-03-13 10:58:46 - [MESSAGE][PASSED] - Browser is closed]]></system-out>
         <system-err><![CDATA[]]></system-err>
      </testcase>
      <testcase name="Test Cases/Prototyp_Filialsuche (RC 18)/35_Testfall" classname="Test Cases/Prototyp_Filialsuche (RC 18)/35_Testfall" status="PASSED">
         <system-out><![CDATA[2018-03-13 10:58:46 - [TEST_CASE][PASSED] - Test Cases/Prototyp_Filialsuche (RC 18)/35_Testfall: Test Cases/Prototyp_Filialsuche (RC 18)/35_Testfall

2018-03-13 10:58:46 - [TEST_STEP][PASSED] - openBrowser: Browser is opened with url: ''

2018-03-13 10:58:48 - [MESSAGE][PASSED] - Browser is opened with url: ''

2018-03-13 10:58:48 - [TEST_STEP][PASSED] - maximizeWindow: Current window maximized

2018-03-13 10:58:48 - [MESSAGE][PASSED] - Current window maximized

2018-03-13 10:58:48 - [TEST_STEP][PASSED] - deleteAllCookies: Delete all cookies successfully

2018-03-13 10:58:48 - [MESSAGE][PASSED] - Delete all cookies successfully

2018-03-13 10:58:48 - [TEST_STEP][PASSED] - navigateToUrl: Navigate to 'http://rc-ogrhtmlprototyp.testintern/18-1-0/filialsuche-rotenburg-textinput.html' successfully

2018-03-13 10:58:49 - [MESSAGE][PASSED] - Navigate to 'http://rc-ogrhtmlprototyp.testintern/18-1-0/filialsuche-rotenburg-textinput.html' successfully

2018-03-13 10:58:49 - [TEST_STEP][PASSED] - delay: Delayed 5 second(s)

2018-03-13 10:58:54 - [MESSAGE][PASSED] - Delayed 5 second(s)

2018-03-13 10:58:54 - [TEST_STEP][PASSED] - setText: Text 'Bad Hersfeld' is set on object 'Object Repository/Filialsuche_Inputtext'

2018-03-13 10:58:54 - [MESSAGE][PASSED] - Text 'Bad Hersfeld' is set on object 'Object Repository/Filialsuche_Inputtext'

2018-03-13 10:58:54 - [TEST_STEP][PASSED] - delay: Delayed 2 second(s)

2018-03-13 10:58:56 - [MESSAGE][PASSED] - Delayed 2 second(s)

2018-03-13 10:58:56 - [TEST_STEP][PASSED] - submit: The form containing object: 'Object Repository/Filialsuche_submit_button' is submitted

2018-03-13 10:58:56 - [MESSAGE][PASSED] - The form containing object: 'Object Repository/Filialsuche_submit_button' is submitted

2018-03-13 10:58:56 - [TEST_STEP][PASSED] - delay: Delayed 2 second(s)

2018-03-13 10:58:58 - [MESSAGE][PASSED] - Delayed 2 second(s)

2018-03-13 10:58:58 - [TEST_STEP][PASSED] - verifyElementVisible: Object 'Object Repository/Entfernung_filialsuche' is visible

2018-03-13 10:58:58 - [MESSAGE][PASSED] - Object 'Object Repository/Entfernung_filialsuche' is visible

2018-03-13 10:58:58 - [TEST_STEP][PASSED] - closeBrowser: Browser is closed

2018-03-13 10:58:59 - [MESSAGE][PASSED] - Browser is closed]]></system-out>
         <system-err><![CDATA[]]></system-err>
      </testcase>
      <testcase name="Test Cases/Prototyp_Filialsuche (RC 18)/36_Testfall" classname="Test Cases/Prototyp_Filialsuche (RC 18)/36_Testfall" status="PASSED">
         <system-out><![CDATA[2018-03-13 10:58:59 - [TEST_CASE][PASSED] - Test Cases/Prototyp_Filialsuche (RC 18)/36_Testfall: Test Cases/Prototyp_Filialsuche (RC 18)/36_Testfall

2018-03-13 10:58:59 - [TEST_STEP][PASSED] - openBrowser: Browser is opened with url: ''

2018-03-13 10:59:01 - [MESSAGE][PASSED] - Browser is opened with url: ''

2018-03-13 10:59:01 - [TEST_STEP][PASSED] - maximizeWindow: Current window maximized

2018-03-13 10:59:01 - [MESSAGE][PASSED] - Current window maximized

2018-03-13 10:59:01 - [TEST_STEP][PASSED] - deleteAllCookies: Delete all cookies successfully

2018-03-13 10:59:01 - [MESSAGE][PASSED] - Delete all cookies successfully

2018-03-13 10:59:01 - [TEST_STEP][PASSED] - navigateToUrl: Navigate to 'http://rc-ogrhtmlprototyp.testintern/18-1-0/filialsuche-rotenburg-textinput.html' successfully

2018-03-13 10:59:01 - [MESSAGE][PASSED] - Navigate to 'http://rc-ogrhtmlprototyp.testintern/18-1-0/filialsuche-rotenburg-textinput.html' successfully

2018-03-13 10:59:01 - [TEST_STEP][PASSED] - delay: Delayed 2 second(s)

2018-03-13 10:59:03 - [MESSAGE][PASSED] - Delayed 2 second(s)

2018-03-13 10:59:03 - [TEST_STEP][PASSED] - setText: Text 'Bad Hersfeld' is set on object 'Object Repository/34TF/Page_Filialsuche-textinput - BVR HT/input_city'

2018-03-13 10:59:03 - [MESSAGE][PASSED] - Text 'Bad Hersfeld' is set on object 'Object Repository/34TF/Page_Filialsuche-textinput - BVR HT/input_city'

2018-03-13 10:59:03 - [TEST_STEP][PASSED] - click: Object: 'Object Repository/34TF/Page_Filialsuche-textinput - BVR HT (1)/button_Suchen' is clicked on

2018-03-13 10:59:04 - [MESSAGE][PASSED] - Object: 'Object Repository/34TF/Page_Filialsuche-textinput - BVR HT (1)/button_Suchen' is clicked on

2018-03-13 10:59:04 - [TEST_STEP][PASSED] - delay: Delayed 3 second(s)

2018-03-13 10:59:07 - [MESSAGE][PASSED] - Delayed 3 second(s)

2018-03-13 10:59:07 - [TEST_STEP][PASSED] - verifyElementNotPresent: Web element with id: 'Object Repository/Akkordeon_plus_filialsuche' located by 'By.xpath: //a[@class='acc-header acc-header--open']' is not present after '5' second(s)

2018-03-13 10:59:08 - [MESSAGE][PASSED] - Web element with id: 'Object Repository/Akkordeon_plus_filialsuche' located by 'By.xpath: //a[@class='acc-header acc-header--open']' is not present after '5' second(s)

2018-03-13 10:59:08 - [TEST_STEP][PASSED] - closeBrowser: Browser is closed

2018-03-13 10:59:08 - [MESSAGE][PASSED] - Browser is closed]]></system-out>
         <system-err><![CDATA[]]></system-err>
      </testcase>
      <testcase name="Test Cases/Prototyp_Filialsuche (RC 18)/37_Testfall" classname="Test Cases/Prototyp_Filialsuche (RC 18)/37_Testfall" status="PASSED">
         <system-out><![CDATA[2018-03-13 10:59:08 - [TEST_CASE][PASSED] - Test Cases/Prototyp_Filialsuche (RC 18)/37_Testfall: Test Cases/Prototyp_Filialsuche (RC 18)/37_Testfall

2018-03-13 10:59:08 - [TEST_STEP][PASSED] - openBrowser: Browser is opened with url: ''

2018-03-13 10:59:10 - [MESSAGE][PASSED] - Browser is opened with url: ''

2018-03-13 10:59:10 - [TEST_STEP][PASSED] - maximizeWindow: Current window maximized

2018-03-13 10:59:10 - [MESSAGE][PASSED] - Current window maximized

2018-03-13 10:59:10 - [TEST_STEP][PASSED] - deleteAllCookies: Delete all cookies successfully

2018-03-13 10:59:10 - [MESSAGE][PASSED] - Delete all cookies successfully

2018-03-13 10:59:10 - [TEST_STEP][PASSED] - navigateToUrl: Navigate to 'http://rc-ogrhtmlprototyp.testintern/18-1-0/filialsuche-nuernberg-textinput.html' successfully

2018-03-13 10:59:11 - [MESSAGE][PASSED] - Navigate to 'http://rc-ogrhtmlprototyp.testintern/18-1-0/filialsuche-nuernberg-textinput.html' successfully

2018-03-13 10:59:11 - [TEST_STEP][PASSED] - delay: Delayed 5 second(s)

2018-03-13 10:59:16 - [MESSAGE][PASSED] - Delayed 5 second(s)

2018-03-13 10:59:16 - [TEST_STEP][PASSED] - setText: Text 'Nürnberg' is set on object 'Object Repository/Filialsuche_Inputtext'

2018-03-13 10:59:16 - [MESSAGE][PASSED] - Text 'Nürnberg' is set on object 'Object Repository/Filialsuche_Inputtext'

2018-03-13 10:59:16 - [TEST_STEP][PASSED] - delay: Delayed 2 second(s)

2018-03-13 10:59:18 - [MESSAGE][PASSED] - Delayed 2 second(s)

2018-03-13 10:59:18 - [TEST_STEP][PASSED] - submit: The form containing object: 'Object Repository/Filialsuche_submit_button' is submitted

2018-03-13 10:59:19 - [MESSAGE][PASSED] - The form containing object: 'Object Repository/Filialsuche_submit_button' is submitted

2018-03-13 10:59:19 - [TEST_STEP][PASSED] - delay: Delayed 2 second(s)

2018-03-13 10:59:21 - [MESSAGE][PASSED] - Delayed 2 second(s)

2018-03-13 10:59:21 - [TEST_STEP][PASSED] - verifyElementVisible: Object 'Object Repository/Entfernung_filialsuche' is visible

2018-03-13 10:59:21 - [MESSAGE][PASSED] - Object 'Object Repository/Entfernung_filialsuche' is visible

2018-03-13 10:59:21 - [TEST_STEP][PASSED] - closeBrowser: Browser is closed

2018-03-13 10:59:21 - [MESSAGE][PASSED] - Browser is closed]]></system-out>
         <system-err><![CDATA[]]></system-err>
      </testcase>
      <testcase name="Test Cases/Prototyp_Filialsuche (RC 18)/38_Testfall" classname="Test Cases/Prototyp_Filialsuche (RC 18)/38_Testfall" status="PASSED">
         <system-out><![CDATA[2018-03-13 10:59:21 - [TEST_CASE][PASSED] - Test Cases/Prototyp_Filialsuche (RC 18)/38_Testfall: Test Cases/Prototyp_Filialsuche (RC 18)/38_Testfall

2018-03-13 10:59:21 - [TEST_STEP][PASSED] - openBrowser: Browser is opened with url: ''

2018-03-13 10:59:23 - [MESSAGE][PASSED] - Browser is opened with url: ''

2018-03-13 10:59:23 - [TEST_STEP][PASSED] - deleteAllCookies: Delete all cookies successfully

2018-03-13 10:59:23 - [MESSAGE][PASSED] - Delete all cookies successfully

2018-03-13 10:59:23 - [TEST_STEP][PASSED] - maximizeWindow: Current window maximized

2018-03-13 10:59:23 - [MESSAGE][PASSED] - Current window maximized

2018-03-13 10:59:23 - [TEST_STEP][PASSED] - navigateToUrl: Navigate to 'http://rc-ogrhtmlprototyp.testintern/18-1-0/filialsuche-wangen.html' successfully

2018-03-13 10:59:24 - [MESSAGE][PASSED] - Navigate to 'http://rc-ogrhtmlprototyp.testintern/18-1-0/filialsuche-wangen.html' successfully

2018-03-13 10:59:24 - [TEST_STEP][PASSED] - delay: Delayed 2 second(s)

2018-03-13 10:59:26 - [MESSAGE][PASSED] - Delayed 2 second(s)

2018-03-13 10:59:26 - [TEST_STEP][PASSED] - click: Object: 'Object Repository/16TF/Page_Filialsuche-wangen - BVR HTML/span_Geschftsstelle Brtlingen' is clicked on

2018-03-13 10:59:27 - [MESSAGE][PASSED] - Object: 'Object Repository/16TF/Page_Filialsuche-wangen - BVR HTML/span_Geschftsstelle Brtlingen' is clicked on

2018-03-13 10:59:27 - [TEST_STEP][PASSED] - delay: Delayed 2 second(s)

2018-03-13 10:59:29 - [MESSAGE][PASSED] - Delayed 2 second(s)

2018-03-13 10:59:29 - [TEST_STEP][PASSED] - verifyTextPresent: Text 'Hauptstr. 56' is present on page 

2018-03-13 10:59:29 - [MESSAGE][PASSED] - Text 'Hauptstr. 56' is present on page 

2018-03-13 10:59:29 - [TEST_STEP][PASSED] - verifyTextPresent: Text '73104 Börtlingen' is present on page 

2018-03-13 10:59:30 - [MESSAGE][PASSED] - Text '73104 Börtlingen' is present on page 

2018-03-13 10:59:30 - [TEST_STEP][PASSED] - click: Object: 'Object Repository/16TF/Page_Filialsuche-wangen - BVR HTML/span_Geschftsstelle Rechbergha' is clicked on

2018-03-13 10:59:31 - [MESSAGE][PASSED] - Object: 'Object Repository/16TF/Page_Filialsuche-wangen - BVR HTML/span_Geschftsstelle Rechbergha' is clicked on

2018-03-13 10:59:31 - [TEST_STEP][PASSED] - delay: Delayed 2 second(s)

2018-03-13 10:59:33 - [MESSAGE][PASSED] - Delayed 2 second(s)

2018-03-13 10:59:33 - [TEST_STEP][PASSED] - verifyTextPresent: Text 'Hauptstr. 37' is present on page 

2018-03-13 10:59:34 - [MESSAGE][PASSED] - Text 'Hauptstr. 37' is present on page 

2018-03-13 10:59:34 - [TEST_STEP][PASSED] - verifyTextPresent: Text '73098 Rechberghausen' is present on page 

2018-03-13 10:59:34 - [MESSAGE][PASSED] - Text '73098 Rechberghausen' is present on page 

2018-03-13 10:59:34 - [TEST_STEP][PASSED] - scrollToElement: Scroll to object 'Object Repository/16TF/Page_Filialsuche-wangen - BVR HTML/span_Geschftsstelle Uhingen-Ho' successfully

2018-03-13 10:59:34 - [MESSAGE][WARNING] - Timeout '0' is invalid. Using default page load timeout: '30'

2018-03-13 10:59:35 - [MESSAGE][PASSED] - Scroll to object 'Object Repository/16TF/Page_Filialsuche-wangen - BVR HTML/span_Geschftsstelle Uhingen-Ho' successfully

2018-03-13 10:59:35 - [TEST_STEP][PASSED] - click: Object: 'Object Repository/16TF/Page_Filialsuche-wangen - BVR HTML/span_Geschftsstelle Uhingen-Ho' is clicked on

2018-03-13 10:59:36 - [MESSAGE][PASSED] - Object: 'Object Repository/16TF/Page_Filialsuche-wangen - BVR HTML/span_Geschftsstelle Uhingen-Ho' is clicked on

2018-03-13 10:59:36 - [TEST_STEP][PASSED] - delay: Delayed 3 second(s)

2018-03-13 10:59:39 - [MESSAGE][PASSED] - Delayed 3 second(s)

2018-03-13 10:59:39 - [TEST_STEP][PASSED] - verifyTextPresent: Text 'Dorfstr. 17 a' is present on page 

2018-03-13 10:59:39 - [MESSAGE][PASSED] - Text 'Dorfstr. 17 a' is present on page 

2018-03-13 10:59:39 - [TEST_STEP][PASSED] - verifyTextPresent: Text '73066 Uhingen' is present on page 

2018-03-13 10:59:40 - [MESSAGE][PASSED] - Text '73066 Uhingen' is present on page 

2018-03-13 10:59:40 - [TEST_STEP][PASSED] - scrollToElement: Scroll to object 'Object Repository/16TF/Page_Filialsuche-wangen - BVR HTML/span_Raiffeisenbank Wangen eG' successfully

2018-03-13 10:59:40 - [MESSAGE][WARNING] - Timeout '0' is invalid. Using default page load timeout: '30'

2018-03-13 10:59:40 - [MESSAGE][PASSED] - Scroll to object 'Object Repository/16TF/Page_Filialsuche-wangen - BVR HTML/span_Raiffeisenbank Wangen eG' successfully

2018-03-13 10:59:40 - [TEST_STEP][PASSED] - click: Object: 'Object Repository/16TF/Page_Filialsuche-wangen - BVR HTML/span_Raiffeisenbank Wangen eG' is clicked on

2018-03-13 10:59:41 - [MESSAGE][PASSED] - Object: 'Object Repository/16TF/Page_Filialsuche-wangen - BVR HTML/span_Raiffeisenbank Wangen eG' is clicked on

2018-03-13 10:59:41 - [TEST_STEP][PASSED] - delay: Delayed 2 second(s)

2018-03-13 10:59:43 - [MESSAGE][PASSED] - Delayed 2 second(s)

2018-03-13 10:59:43 - [TEST_STEP][PASSED] - verifyTextPresent: Text 'Hauptstr.44' is present on page 

2018-03-13 10:59:44 - [MESSAGE][PASSED] - Text 'Hauptstr.44' is present on page 

2018-03-13 10:59:44 - [TEST_STEP][PASSED] - verifyTextPresent: Text '73117 Wangen' is present on page 

2018-03-13 10:59:44 - [MESSAGE][PASSED] - Text '73117 Wangen' is present on page 

2018-03-13 10:59:44 - [TEST_STEP][PASSED] - closeBrowser: Browser is closed

2018-03-13 10:59:45 - [MESSAGE][PASSED] - Browser is closed]]></system-out>
         <system-err><![CDATA[]]></system-err>
      </testcase>
      <testcase name="Test Cases/Prototyp_Filialsuche (RC 18)/39_Testfall" classname="Test Cases/Prototyp_Filialsuche (RC 18)/39_Testfall" status="PASSED">
         <system-out><![CDATA[2018-03-13 10:59:45 - [TEST_CASE][PASSED] - Test Cases/Prototyp_Filialsuche (RC 18)/39_Testfall: Test Cases/Prototyp_Filialsuche (RC 18)/39_Testfall

2018-03-13 10:59:45 - [TEST_STEP][PASSED] - openBrowser: Browser is opened with url: ''

2018-03-13 10:59:47 - [MESSAGE][PASSED] - Browser is opened with url: ''

2018-03-13 10:59:47 - [TEST_STEP][PASSED] - maximizeWindow: Current window maximized

2018-03-13 10:59:47 - [MESSAGE][PASSED] - Current window maximized

2018-03-13 10:59:47 - [TEST_STEP][PASSED] - deleteAllCookies: Delete all cookies successfully

2018-03-13 10:59:47 - [MESSAGE][PASSED] - Delete all cookies successfully

2018-03-13 10:59:47 - [TEST_STEP][PASSED] - navigateToUrl: Navigate to 'http://rc-ogrhtmlprototyp.testintern/18-1-0/filialsuche.html' successfully

2018-03-13 10:59:48 - [MESSAGE][PASSED] - Navigate to 'http://rc-ogrhtmlprototyp.testintern/18-1-0/filialsuche.html' successfully

2018-03-13 10:59:48 - [TEST_STEP][PASSED] - delay: Delayed 5 second(s)

2018-03-13 10:59:53 - [MESSAGE][PASSED] - Delayed 5 second(s)

2018-03-13 10:59:53 - [TEST_STEP][PASSED] - click: Object: 'Object Repository/002/Page_Filialsuche-rotenburg - BVR HT/svg_dropdown-icons' is clicked on

2018-03-13 10:59:54 - [MESSAGE][PASSED] - Object: 'Object Repository/002/Page_Filialsuche-rotenburg - BVR HT/svg_dropdown-icons' is clicked on

2018-03-13 10:59:54 - [TEST_STEP][PASSED] - delay: Delayed 2 second(s)

2018-03-13 10:59:56 - [MESSAGE][PASSED] - Delayed 2 second(s)

2018-03-13 10:59:56 - [TEST_STEP][PASSED] - scrollToElement: Scroll to object 'Object Repository/Belitz_option' successfully

2018-03-13 10:59:56 - [MESSAGE][PASSED] - Scroll to object 'Object Repository/Belitz_option' successfully

2018-03-13 10:59:56 - [TEST_STEP][PASSED] - delay: Delayed 2 second(s)

2018-03-13 10:59:58 - [MESSAGE][PASSED] - Delayed 2 second(s)

2018-03-13 10:59:58 - [TEST_STEP][PASSED] - mouseOver: Object: 'Object Repository/Belitz_option' is hovered

2018-03-13 10:59:59 - [MESSAGE][PASSED] - Object: 'Object Repository/Belitz_option' is hovered

2018-03-13 10:59:59 - [TEST_STEP][PASSED] - delay: Delayed 2 second(s)

2018-03-13 11:00:01 - [MESSAGE][PASSED] - Delayed 2 second(s)

2018-03-13 11:00:01 - [TEST_STEP][PASSED] - click: Object: 'Object Repository/Belitz_option' is clicked on

2018-03-13 11:00:03 - [MESSAGE][PASSED] - Object: 'Object Repository/Belitz_option' is clicked on

2018-03-13 11:00:03 - [TEST_STEP][PASSED] - delay: Delayed 5 second(s)

2018-03-13 11:00:08 - [MESSAGE][PASSED] - Delayed 5 second(s)

2018-03-13 11:00:08 - [TEST_STEP][PASSED] - Statement - wes = com.kms.katalon.core.webui.common.WebUiCommonHelper.findWebElements(com.kms.katalon.core.testobject.ObjectRepository.findTestObject(loc_steet_filialsuche), 5): Found 37 web elements with id: 'Object Repository/loc_steet_filialsuche' located by 'By.xpath: //div[@class='loc-street']' in '5' second(s)

2018-03-13 11:00:08 - [TEST_STEP][PASSED] - Statement - For ([i = 1, i < wes.size(), (i++)]): null

2018-03-13 11:00:08 - [TEST_STEP][PASSED] - Statement - el = wes.get(i): null

2018-03-13 11:00:08 - [TEST_STEP][PASSED] - Statement - el_prev = wes.get(i - 1): null

2018-03-13 11:00:08 - [TEST_STEP][PASSED] - Statement - text = el.getAttribute("innerHTML"): null

2018-03-13 11:00:08 - [TEST_STEP][PASSED] - Statement - text_prev = el_prev.getAttribute("innerHTML"): null

2018-03-13 11:00:08 - [TEST_STEP][PASSED] - Statement - text = text.replaceAll("ö", "o"): null

2018-03-13 11:00:08 - [TEST_STEP][PASSED] - Statement - text = text.replaceAll("Ö", "O"): null

2018-03-13 11:00:08 - [TEST_STEP][PASSED] - Statement - text_prev = text_prev.replaceAll("ö", "o"): null

2018-03-13 11:00:08 - [TEST_STEP][PASSED] - Statement - text_prev = text_prev.replaceAll("Ö", "O"): null

2018-03-13 11:00:08 - [TEST_STEP][PASSED] - Statement - text = text.replaceAll("ä", "a"): null

2018-03-13 11:00:08 - [TEST_STEP][PASSED] - Statement - text = text.replaceAll("Ä", "A"): null

2018-03-13 11:00:08 - [TEST_STEP][PASSED] - Statement - text_prev = text_prev.replaceAll("ä", "a"): null

2018-03-13 11:00:08 - [TEST_STEP][PASSED] - Statement - text_prev = text_prev.replaceAll("Ä", "A"): null

2018-03-13 11:00:08 - [TEST_STEP][PASSED] - Statement - text = text.replaceAll("ü", "u"): null

2018-03-13 11:00:08 - [TEST_STEP][PASSED] - Statement - text = text.replaceAll("Ü", "U"): null

2018-03-13 11:00:08 - [TEST_STEP][PASSED] - Statement - text_prev = text_prev.replaceAll("ü", "u"): null

2018-03-13 11:00:08 - [TEST_STEP][PASSED] - Statement - text_prev = text_prev.replaceAll("Ü", "U"): null

2018-03-13 11:00:08 - [TEST_STEP][PASSED] - Statement - ch = text.charAt(0): null

2018-03-13 11:00:08 - [TEST_STEP][PASSED] - Statement - ch_prev = el_prev.getAttribute("innerHTML").charAt(0): null

2018-03-13 11:00:08 - [TEST_STEP][PASSED] - Statement - If (ch_prev > ch): null

2018-03-13 11:00:08 - [TEST_STEP][PASSED] - Statement - Else If (ch_prev == ch): null

2018-03-13 11:00:08 - [TEST_STEP][PASSED] - Statement - ch = text.charAt(1): null

2018-03-13 11:00:08 - [TEST_STEP][PASSED] - Statement - ch_prev = text_prev.charAt(1): null

2018-03-13 11:00:08 - [TEST_STEP][PASSED] - Statement - If (ch_prev > ch): null

2018-03-13 11:00:08 - [TEST_STEP][PASSED] - Statement - Else If (ch_prev == ch): null

2018-03-13 11:00:08 - [TEST_STEP][PASSED] - Statement - ch = text.charAt(2): null

2018-03-13 11:00:08 - [TEST_STEP][PASSED] - Statement - ch_prev = text_prev.charAt(2): null

2018-03-13 11:00:08 - [TEST_STEP][PASSED] - Statement - If (ch_prev > ch): null

2018-03-13 11:00:08 - [TEST_STEP][PASSED] - Statement - el = wes.get(i): null

2018-03-13 11:00:08 - [TEST_STEP][PASSED] - Statement - el_prev = wes.get(i - 1): null

2018-03-13 11:00:08 - [TEST_STEP][PASSED] - Statement - text = el.getAttribute("innerHTML"): null

2018-03-13 11:00:08 - [TEST_STEP][PASSED] - Statement - text_prev = el_prev.getAttribute("innerHTML"): null

2018-03-13 11:00:08 - [TEST_STEP][PASSED] - Statement - text = text.replaceAll("ö", "o"): null

2018-03-13 11:00:08 - [TEST_STEP][PASSED] - Statement - text = text.replaceAll("Ö", "O"): null

2018-03-13 11:00:08 - [TEST_STEP][PASSED] - Statement - text_prev = text_prev.replaceAll("ö", "o"): null

2018-03-13 11:00:08 - [TEST_STEP][PASSED] - Statement - text_prev = text_prev.replaceAll("Ö", "O"): null

2018-03-13 11:00:08 - [TEST_STEP][PASSED] - Statement - text = text.replaceAll("ä", "a"): null

2018-03-13 11:00:08 - [TEST_STEP][PASSED] - Statement - text = text.replaceAll("Ä", "A"): null

2018-03-13 11:00:08 - [TEST_STEP][PASSED] - Statement - text_prev = text_prev.replaceAll("ä", "a"): null

2018-03-13 11:00:08 - [TEST_STEP][PASSED] - Statement - text_prev = text_prev.replaceAll("Ä", "A"): null

2018-03-13 11:00:08 - [TEST_STEP][PASSED] - Statement - text = text.replaceAll("ü", "u"): null

2018-03-13 11:00:08 - [TEST_STEP][PASSED] - Statement - text = text.replaceAll("Ü", "U"): null

2018-03-13 11:00:08 - [TEST_STEP][PASSED] - Statement - text_prev = text_prev.replaceAll("ü", "u"): null

2018-03-13 11:00:08 - [TEST_STEP][PASSED] - Statement - text_prev = text_prev.replaceAll("Ü", "U"): null

2018-03-13 11:00:08 - [TEST_STEP][PASSED] - Statement - ch = text.charAt(0): null

2018-03-13 11:00:08 - [TEST_STEP][PASSED] - Statement - ch_prev = el_prev.getAttribute("innerHTML").charAt(0): null

2018-03-13 11:00:08 - [TEST_STEP][PASSED] - Statement - If (ch_prev > ch): null

2018-03-13 11:00:08 - [TEST_STEP][PASSED] - Statement - el = wes.get(i): null

2018-03-13 11:00:08 - [TEST_STEP][PASSED] - Statement - el_prev = wes.get(i - 1): null

2018-03-13 11:00:08 - [TEST_STEP][PASSED] - Statement - text = el.getAttribute("innerHTML"): null

2018-03-13 11:00:08 - [TEST_STEP][PASSED] - Statement - text_prev = el_prev.getAttribute("innerHTML"): null

2018-03-13 11:00:08 - [TEST_STEP][PASSED] - Statement - text = text.replaceAll("ö", "o"): null

2018-03-13 11:00:08 - [TEST_STEP][PASSED] - Statement - text = text.replaceAll("Ö", "O"): null

2018-03-13 11:00:08 - [TEST_STEP][PASSED] - Statement - text_prev = text_prev.replaceAll("ö", "o"): null

2018-03-13 11:00:08 - [TEST_STEP][PASSED] - Statement - text_prev = text_prev.replaceAll("Ö", "O"): null

2018-03-13 11:00:08 - [TEST_STEP][PASSED] - Statement - text = text.replaceAll("ä", "a"): null

2018-03-13 11:00:08 - [TEST_STEP][PASSED] - Statement - text = text.replaceAll("Ä", "A"): null

2018-03-13 11:00:08 - [TEST_STEP][PASSED] - Statement - text_prev = text_prev.replaceAll("ä", "a"): null

2018-03-13 11:00:08 - [TEST_STEP][PASSED] - Statement - text_prev = text_prev.replaceAll("Ä", "A"): null

2018-03-13 11:00:08 - [TEST_STEP][PASSED] - Statement - text = text.replaceAll("ü", "u"): null

2018-03-13 11:00:08 - [TEST_STEP][PASSED] - Statement - text = text.replaceAll("Ü", "U"): null

2018-03-13 11:00:08 - [TEST_STEP][PASSED] - Statement - text_prev = text_prev.replaceAll("ü", "u"): null

2018-03-13 11:00:08 - [TEST_STEP][PASSED] - Statement - text_prev = text_prev.replaceAll("Ü", "U"): null

2018-03-13 11:00:08 - [TEST_STEP][PASSED] - Statement - ch = text.charAt(0): null

2018-03-13 11:00:08 - [TEST_STEP][PASSED] - Statement - ch_prev = el_prev.getAttribute("innerHTML").charAt(0): null

2018-03-13 11:00:08 - [TEST_STEP][PASSED] - Statement - If (ch_prev > ch): null

2018-03-13 11:00:08 - [TEST_STEP][PASSED] - Statement - Else If (ch_prev == ch): null

2018-03-13 11:00:08 - [TEST_STEP][PASSED] - Statement - ch = text.charAt(1): null

2018-03-13 11:00:08 - [TEST_STEP][PASSED] - Statement - ch_prev = text_prev.charAt(1): null

2018-03-13 11:00:08 - [TEST_STEP][PASSED] - Statement - If (ch_prev > ch): null

2018-03-13 11:00:08 - [TEST_STEP][PASSED] - Statement - Else If (ch_prev == ch): null

2018-03-13 11:00:08 - [TEST_STEP][PASSED] - Statement - ch = text.charAt(2): null

2018-03-13 11:00:08 - [TEST_STEP][PASSED] - Statement - ch_prev = text_prev.charAt(2): null

2018-03-13 11:00:08 - [TEST_STEP][PASSED] - Statement - If (ch_prev > ch): null

2018-03-13 11:00:08 - [TEST_STEP][PASSED] - Statement - el = wes.get(i): null

2018-03-13 11:00:08 - [TEST_STEP][PASSED] - Statement - el_prev = wes.get(i - 1): null

2018-03-13 11:00:08 - [TEST_STEP][PASSED] - Statement - text = el.getAttribute("innerHTML"): null

2018-03-13 11:00:08 - [TEST_STEP][PASSED] - Statement - text_prev = el_prev.getAttribute("innerHTML"): null

2018-03-13 11:00:08 - [TEST_STEP][PASSED] - Statement - text = text.replaceAll("ö", "o"): null

2018-03-13 11:00:08 - [TEST_STEP][PASSED] - Statement - text = text.replaceAll("Ö", "O"): null

2018-03-13 11:00:08 - [TEST_STEP][PASSED] - Statement - text_prev = text_prev.replaceAll("ö", "o"): null

2018-03-13 11:00:08 - [TEST_STEP][PASSED] - Statement - text_prev = text_prev.replaceAll("Ö", "O"): null

2018-03-13 11:00:08 - [TEST_STEP][PASSED] - Statement - text = text.replaceAll("ä", "a"): null

2018-03-13 11:00:08 - [TEST_STEP][PASSED] - Statement - text = text.replaceAll("Ä", "A"): null

2018-03-13 11:00:08 - [TEST_STEP][PASSED] - Statement - text_prev = text_prev.replaceAll("ä", "a"): null

2018-03-13 11:00:08 - [TEST_STEP][PASSED] - Statement - text_prev = text_prev.replaceAll("Ä", "A"): null

2018-03-13 11:00:08 - [TEST_STEP][PASSED] - Statement - text = text.replaceAll("ü", "u"): null

2018-03-13 11:00:08 - [TEST_STEP][PASSED] - Statement - text = text.replaceAll("Ü", "U"): null

2018-03-13 11:00:08 - [TEST_STEP][PASSED] - Statement - text_prev = text_prev.replaceAll("ü", "u"): null

2018-03-13 11:00:08 - [TEST_STEP][PASSED] - Statement - text_prev = text_prev.replaceAll("Ü", "U"): null

2018-03-13 11:00:08 - [TEST_STEP][PASSED] - Statement - ch = text.charAt(0): null

2018-03-13 11:00:08 - [TEST_STEP][PASSED] - Statement - ch_prev = el_prev.getAttribute("innerHTML").charAt(0): null

2018-03-13 11:00:08 - [TEST_STEP][PASSED] - Statement - If (ch_prev > ch): null

2018-03-13 11:00:08 - [TEST_STEP][PASSED] - Statement - Else If (ch_prev == ch): null

2018-03-13 11:00:08 - [TEST_STEP][PASSED] - Statement - ch = text.charAt(1): null

2018-03-13 11:00:08 - [TEST_STEP][PASSED] - Statement - ch_prev = text_prev.charAt(1): null

2018-03-13 11:00:08 - [TEST_STEP][PASSED] - Statement - If (ch_prev > ch): null

2018-03-13 11:00:08 - [TEST_STEP][PASSED] - Statement - Else If (ch_prev == ch): null

2018-03-13 11:00:08 - [TEST_STEP][PASSED] - Statement - ch = text.charAt(2): null

2018-03-13 11:00:08 - [TEST_STEP][PASSED] - Statement - ch_prev = text_prev.charAt(2): null

2018-03-13 11:00:08 - [TEST_STEP][PASSED] - Statement - If (ch_prev > ch): null

2018-03-13 11:00:08 - [TEST_STEP][PASSED] - Statement - el = wes.get(i): null

2018-03-13 11:00:08 - [TEST_STEP][PASSED] - Statement - el_prev = wes.get(i - 1): null

2018-03-13 11:00:08 - [TEST_STEP][PASSED] - Statement - text = el.getAttribute("innerHTML"): null

2018-03-13 11:00:08 - [TEST_STEP][PASSED] - Statement - text_prev = el_prev.getAttribute("innerHTML"): null

2018-03-13 11:00:08 - [TEST_STEP][PASSED] - Statement - text = text.replaceAll("ö", "o"): null

2018-03-13 11:00:08 - [TEST_STEP][PASSED] - Statement - text = text.replaceAll("Ö", "O"): null

2018-03-13 11:00:08 - [TEST_STEP][PASSED] - Statement - text_prev = text_prev.replaceAll("ö", "o"): null

2018-03-13 11:00:08 - [TEST_STEP][PASSED] - Statement - text_prev = text_prev.replaceAll("Ö", "O"): null

2018-03-13 11:00:08 - [TEST_STEP][PASSED] - Statement - text = text.replaceAll("ä", "a"): null

2018-03-13 11:00:08 - [TEST_STEP][PASSED] - Statement - text = text.replaceAll("Ä", "A"): null

2018-03-13 11:00:08 - [TEST_STEP][PASSED] - Statement - text_prev = text_prev.replaceAll("ä", "a"): null

2018-03-13 11:00:08 - [TEST_STEP][PASSED] - Statement - text_prev = text_prev.replaceAll("Ä", "A"): null

2018-03-13 11:00:08 - [TEST_STEP][PASSED] - Statement - text = text.replaceAll("ü", "u"): null

2018-03-13 11:00:08 - [TEST_STEP][PASSED] - Statement - text = text.replaceAll("Ü", "U"): null

2018-03-13 11:00:08 - [TEST_STEP][PASSED] - Statement - text_prev = text_prev.replaceAll("ü", "u"): null

2018-03-13 11:00:08 - [TEST_STEP][PASSED] - Statement - text_prev = text_prev.replaceAll("Ü", "U"): null

2018-03-13 11:00:08 - [TEST_STEP][PASSED] - Statement - ch = text.charAt(0): null

2018-03-13 11:00:08 - [TEST_STEP][PASSED] - Statement - ch_prev = el_prev.getAttribute("innerHTML").charAt(0): null

2018-03-13 11:00:08 - [TEST_STEP][PASSED] - Statement - If (ch_prev > ch): null

2018-03-13 11:00:08 - [TEST_STEP][PASSED] - Statement - Else If (ch_prev == ch): null

2018-03-13 11:00:08 - [TEST_STEP][PASSED] - Statement - ch = text.charAt(1): null

2018-03-13 11:00:08 - [TEST_STEP][PASSED] - Statement - ch_prev = text_prev.charAt(1): null

2018-03-13 11:00:08 - [TEST_STEP][PASSED] - Statement - If (ch_prev > ch): null

2018-03-13 11:00:08 - [TEST_STEP][PASSED] - Statement - el = wes.get(i): null

2018-03-13 11:00:08 - [TEST_STEP][PASSED] - Statement - el_prev = wes.get(i - 1): null

2018-03-13 11:00:08 - [TEST_STEP][PASSED] - Statement - text = el.getAttribute("innerHTML"): null

2018-03-13 11:00:08 - [TEST_STEP][PASSED] - Statement - text_prev = el_prev.getAttribute("innerHTML"): null

2018-03-13 11:00:08 - [TEST_STEP][PASSED] - Statement - text = text.replaceAll("ö", "o"): null

2018-03-13 11:00:08 - [TEST_STEP][PASSED] - Statement - text = text.replaceAll("Ö", "O"): null

2018-03-13 11:00:08 - [TEST_STEP][PASSED] - Statement - text_prev = text_prev.replaceAll("ö", "o"): null

2018-03-13 11:00:08 - [TEST_STEP][PASSED] - Statement - text_prev = text_prev.replaceAll("Ö", "O"): null

2018-03-13 11:00:08 - [TEST_STEP][PASSED] - Statement - text = text.replaceAll("ä", "a"): null

2018-03-13 11:00:08 - [TEST_STEP][PASSED] - Statement - text = text.replaceAll("Ä", "A"): null

2018-03-13 11:00:08 - [TEST_STEP][PASSED] - Statement - text_prev = text_prev.replaceAll("ä", "a"): null

2018-03-13 11:00:08 - [TEST_STEP][PASSED] - Statement - text_prev = text_prev.replaceAll("Ä", "A"): null

2018-03-13 11:00:08 - [TEST_STEP][PASSED] - Statement - text = text.replaceAll("ü", "u"): null

2018-03-13 11:00:08 - [TEST_STEP][PASSED] - Statement - text = text.replaceAll("Ü", "U"): null

2018-03-13 11:00:08 - [TEST_STEP][PASSED] - Statement - text_prev = text_prev.replaceAll("ü", "u"): null

2018-03-13 11:00:08 - [TEST_STEP][PASSED] - Statement - text_prev = text_prev.replaceAll("Ü", "U"): null

2018-03-13 11:00:08 - [TEST_STEP][PASSED] - Statement - ch = text.charAt(0): null

2018-03-13 11:00:08 - [TEST_STEP][PASSED] - Statement - ch_prev = el_prev.getAttribute("innerHTML").charAt(0): null

2018-03-13 11:00:08 - [TEST_STEP][PASSED] - Statement - If (ch_prev > ch): null

2018-03-13 11:00:08 - [TEST_STEP][PASSED] - Statement - Else If (ch_prev == ch): null

2018-03-13 11:00:08 - [TEST_STEP][PASSED] - Statement - ch = text.charAt(1): null

2018-03-13 11:00:08 - [TEST_STEP][PASSED] - Statement - ch_prev = text_prev.charAt(1): null

2018-03-13 11:00:08 - [TEST_STEP][PASSED] - Statement - If (ch_prev > ch): null

2018-03-13 11:00:08 - [TEST_STEP][PASSED] - Statement - Else If (ch_prev == ch): null

2018-03-13 11:00:08 - [TEST_STEP][PASSED] - Statement - ch = text.charAt(2): null

2018-03-13 11:00:08 - [TEST_STEP][PASSED] - Statement - ch_prev = text_prev.charAt(2): null

2018-03-13 11:00:08 - [TEST_STEP][PASSED] - Statement - If (ch_prev > ch): null

2018-03-13 11:00:08 - [TEST_STEP][PASSED] - Statement - el = wes.get(i): null

2018-03-13 11:00:08 - [TEST_STEP][PASSED] - Statement - el_prev = wes.get(i - 1): null

2018-03-13 11:00:08 - [TEST_STEP][PASSED] - Statement - text = el.getAttribute("innerHTML"): null

2018-03-13 11:00:09 - [TEST_STEP][PASSED] - Statement - text_prev = el_prev.getAttribute("innerHTML"): null

2018-03-13 11:00:09 - [TEST_STEP][PASSED] - Statement - text = text.replaceAll("ö", "o"): null

2018-03-13 11:00:09 - [TEST_STEP][PASSED] - Statement - text = text.replaceAll("Ö", "O"): null

2018-03-13 11:00:09 - [TEST_STEP][PASSED] - Statement - text_prev = text_prev.replaceAll("ö", "o"): null

2018-03-13 11:00:09 - [TEST_STEP][PASSED] - Statement - text_prev = text_prev.replaceAll("Ö", "O"): null

2018-03-13 11:00:09 - [TEST_STEP][PASSED] - Statement - text = text.replaceAll("ä", "a"): null

2018-03-13 11:00:09 - [TEST_STEP][PASSED] - Statement - text = text.replaceAll("Ä", "A"): null

2018-03-13 11:00:09 - [TEST_STEP][PASSED] - Statement - text_prev = text_prev.replaceAll("ä", "a"): null

2018-03-13 11:00:09 - [TEST_STEP][PASSED] - Statement - text_prev = text_prev.replaceAll("Ä", "A"): null

2018-03-13 11:00:09 - [TEST_STEP][PASSED] - Statement - text = text.replaceAll("ü", "u"): null

2018-03-13 11:00:09 - [TEST_STEP][PASSED] - Statement - text = text.replaceAll("Ü", "U"): null

2018-03-13 11:00:09 - [TEST_STEP][PASSED] - Statement - text_prev = text_prev.replaceAll("ü", "u"): null

2018-03-13 11:00:09 - [TEST_STEP][PASSED] - Statement - text_prev = text_prev.replaceAll("Ü", "U"): null

2018-03-13 11:00:09 - [TEST_STEP][PASSED] - Statement - ch = text.charAt(0): null

2018-03-13 11:00:09 - [TEST_STEP][PASSED] - Statement - ch_prev = el_prev.getAttribute("innerHTML").charAt(0): null

2018-03-13 11:00:09 - [TEST_STEP][PASSED] - Statement - If (ch_prev > ch): null

2018-03-13 11:00:09 - [TEST_STEP][PASSED] - Statement - Else If (ch_prev == ch): null

2018-03-13 11:00:09 - [TEST_STEP][PASSED] - Statement - ch = text.charAt(1): null

2018-03-13 11:00:09 - [TEST_STEP][PASSED] - Statement - ch_prev = text_prev.charAt(1): null

2018-03-13 11:00:09 - [TEST_STEP][PASSED] - Statement - If (ch_prev > ch): null

2018-03-13 11:00:09 - [TEST_STEP][PASSED] - Statement - el = wes.get(i): null

2018-03-13 11:00:09 - [TEST_STEP][PASSED] - Statement - el_prev = wes.get(i - 1): null

2018-03-13 11:00:09 - [TEST_STEP][PASSED] - Statement - text = el.getAttribute("innerHTML"): null

2018-03-13 11:00:09 - [TEST_STEP][PASSED] - Statement - text_prev = el_prev.getAttribute("innerHTML"): null

2018-03-13 11:00:09 - [TEST_STEP][PASSED] - Statement - text = text.replaceAll("ö", "o"): null

2018-03-13 11:00:09 - [TEST_STEP][PASSED] - Statement - text = text.replaceAll("Ö", "O"): null

2018-03-13 11:00:09 - [TEST_STEP][PASSED] - Statement - text_prev = text_prev.replaceAll("ö", "o"): null

2018-03-13 11:00:09 - [TEST_STEP][PASSED] - Statement - text_prev = text_prev.replaceAll("Ö", "O"): null

2018-03-13 11:00:09 - [TEST_STEP][PASSED] - Statement - text = text.replaceAll("ä", "a"): null

2018-03-13 11:00:09 - [TEST_STEP][PASSED] - Statement - text = text.replaceAll("Ä", "A"): null

2018-03-13 11:00:09 - [TEST_STEP][PASSED] - Statement - text_prev = text_prev.replaceAll("ä", "a"): null

2018-03-13 11:00:09 - [TEST_STEP][PASSED] - Statement - text_prev = text_prev.replaceAll("Ä", "A"): null

2018-03-13 11:00:09 - [TEST_STEP][PASSED] - Statement - text = text.replaceAll("ü", "u"): null

2018-03-13 11:00:09 - [TEST_STEP][PASSED] - Statement - text = text.replaceAll("Ü", "U"): null

2018-03-13 11:00:09 - [TEST_STEP][PASSED] - Statement - text_prev = text_prev.replaceAll("ü", "u"): null

2018-03-13 11:00:09 - [TEST_STEP][PASSED] - Statement - text_prev = text_prev.replaceAll("Ü", "U"): null

2018-03-13 11:00:09 - [TEST_STEP][PASSED] - Statement - ch = text.charAt(0): null

2018-03-13 11:00:09 - [TEST_STEP][PASSED] - Statement - ch_prev = el_prev.getAttribute("innerHTML").charAt(0): null

2018-03-13 11:00:09 - [TEST_STEP][PASSED] - Statement - If (ch_prev > ch): null

2018-03-13 11:00:09 - [TEST_STEP][PASSED] - Statement - Else If (ch_prev == ch): null

2018-03-13 11:00:09 - [TEST_STEP][PASSED] - Statement - ch = text.charAt(1): null

2018-03-13 11:00:09 - [TEST_STEP][PASSED] - Statement - ch_prev = text_prev.charAt(1): null

2018-03-13 11:00:09 - [TEST_STEP][PASSED] - Statement - If (ch_prev > ch): null

2018-03-13 11:00:09 - [TEST_STEP][PASSED] - Statement - el = wes.get(i): null

2018-03-13 11:00:09 - [TEST_STEP][PASSED] - Statement - el_prev = wes.get(i - 1): null

2018-03-13 11:00:09 - [TEST_STEP][PASSED] - Statement - text = el.getAttribute("innerHTML"): null

2018-03-13 11:00:09 - [TEST_STEP][PASSED] - Statement - text_prev = el_prev.getAttribute("innerHTML"): null

2018-03-13 11:00:09 - [TEST_STEP][PASSED] - Statement - text = text.replaceAll("ö", "o"): null

2018-03-13 11:00:09 - [TEST_STEP][PASSED] - Statement - text = text.replaceAll("Ö", "O"): null

2018-03-13 11:00:09 - [TEST_STEP][PASSED] - Statement - text_prev = text_prev.replaceAll("ö", "o"): null

2018-03-13 11:00:09 - [TEST_STEP][PASSED] - Statement - text_prev = text_prev.replaceAll("Ö", "O"): null

2018-03-13 11:00:09 - [TEST_STEP][PASSED] - Statement - text = text.replaceAll("ä", "a"): null

2018-03-13 11:00:09 - [TEST_STEP][PASSED] - Statement - text = text.replaceAll("Ä", "A"): null

2018-03-13 11:00:09 - [TEST_STEP][PASSED] - Statement - text_prev = text_prev.replaceAll("ä", "a"): null

2018-03-13 11:00:09 - [TEST_STEP][PASSED] - Statement - text_prev = text_prev.replaceAll("Ä", "A"): null

2018-03-13 11:00:09 - [TEST_STEP][PASSED] - Statement - text = text.replaceAll("ü", "u"): null

2018-03-13 11:00:09 - [TEST_STEP][PASSED] - Statement - text = text.replaceAll("Ü", "U"): null

2018-03-13 11:00:09 - [TEST_STEP][PASSED] - Statement - text_prev = text_prev.replaceAll("ü", "u"): null

2018-03-13 11:00:09 - [TEST_STEP][PASSED] - Statement - text_prev = text_prev.replaceAll("Ü", "U"): null

2018-03-13 11:00:09 - [TEST_STEP][PASSED] - Statement - ch = text.charAt(0): null

2018-03-13 11:00:09 - [TEST_STEP][PASSED] - Statement - ch_prev = el_prev.getAttribute("innerHTML").charAt(0): null

2018-03-13 11:00:09 - [TEST_STEP][PASSED] - Statement - If (ch_prev > ch): null

2018-03-13 11:00:09 - [TEST_STEP][PASSED] - Statement - Else If (ch_prev == ch): null

2018-03-13 11:00:09 - [TEST_STEP][PASSED] - Statement - ch = text.charAt(1): null

2018-03-13 11:00:09 - [TEST_STEP][PASSED] - Statement - ch_prev = text_prev.charAt(1): null

2018-03-13 11:00:09 - [TEST_STEP][PASSED] - Statement - If (ch_prev > ch): null

2018-03-13 11:00:09 - [TEST_STEP][PASSED] - Statement - Else If (ch_prev == ch): null

2018-03-13 11:00:09 - [TEST_STEP][PASSED] - Statement - ch = text.charAt(2): null

2018-03-13 11:00:09 - [TEST_STEP][PASSED] - Statement - ch_prev = text_prev.charAt(2): null

2018-03-13 11:00:09 - [TEST_STEP][PASSED] - Statement - If (ch_prev > ch): null

2018-03-13 11:00:09 - [TEST_STEP][PASSED] - Statement - el = wes.get(i): null

2018-03-13 11:00:09 - [TEST_STEP][PASSED] - Statement - el_prev = wes.get(i - 1): null

2018-03-13 11:00:09 - [TEST_STEP][PASSED] - Statement - text = el.getAttribute("innerHTML"): null

2018-03-13 11:00:09 - [TEST_STEP][PASSED] - Statement - text_prev = el_prev.getAttribute("innerHTML"): null

2018-03-13 11:00:09 - [TEST_STEP][PASSED] - Statement - text = text.replaceAll("ö", "o"): null

2018-03-13 11:00:09 - [TEST_STEP][PASSED] - Statement - text = text.replaceAll("Ö", "O"): null

2018-03-13 11:00:09 - [TEST_STEP][PASSED] - Statement - text_prev = text_prev.replaceAll("ö", "o"): null

2018-03-13 11:00:09 - [TEST_STEP][PASSED] - Statement - text_prev = text_prev.replaceAll("Ö", "O"): null

2018-03-13 11:00:09 - [TEST_STEP][PASSED] - Statement - text = text.replaceAll("ä", "a"): null

2018-03-13 11:00:09 - [TEST_STEP][PASSED] - Statement - text = text.replaceAll("Ä", "A"): null

2018-03-13 11:00:09 - [TEST_STEP][PASSED] - Statement - text_prev = text_prev.replaceAll("ä", "a"): null

2018-03-13 11:00:09 - [TEST_STEP][PASSED] - Statement - text_prev = text_prev.replaceAll("Ä", "A"): null

2018-03-13 11:00:09 - [TEST_STEP][PASSED] - Statement - text = text.replaceAll("ü", "u"): null

2018-03-13 11:00:09 - [TEST_STEP][PASSED] - Statement - text = text.replaceAll("Ü", "U"): null

2018-03-13 11:00:09 - [TEST_STEP][PASSED] - Statement - text_prev = text_prev.replaceAll("ü", "u"): null

2018-03-13 11:00:09 - [TEST_STEP][PASSED] - Statement - text_prev = text_prev.replaceAll("Ü", "U"): null

2018-03-13 11:00:09 - [TEST_STEP][PASSED] - Statement - ch = text.charAt(0): null

2018-03-13 11:00:09 - [TEST_STEP][PASSED] - Statement - ch_prev = el_prev.getAttribute("innerHTML").charAt(0): null

2018-03-13 11:00:09 - [TEST_STEP][PASSED] - Statement - If (ch_prev > ch): null

2018-03-13 11:00:09 - [TEST_STEP][PASSED] - Statement - el = wes.get(i): null

2018-03-13 11:00:09 - [TEST_STEP][PASSED] - Statement - el_prev = wes.get(i - 1): null

2018-03-13 11:00:09 - [TEST_STEP][PASSED] - Statement - text = el.getAttribute("innerHTML"): null

2018-03-13 11:00:09 - [TEST_STEP][PASSED] - Statement - text_prev = el_prev.getAttribute("innerHTML"): null

2018-03-13 11:00:09 - [TEST_STEP][PASSED] - Statement - text = text.replaceAll("ö", "o"): null

2018-03-13 11:00:09 - [TEST_STEP][PASSED] - Statement - text = text.replaceAll("Ö", "O"): null

2018-03-13 11:00:09 - [TEST_STEP][PASSED] - Statement - text_prev = text_prev.replaceAll("ö", "o"): null

2018-03-13 11:00:09 - [TEST_STEP][PASSED] - Statement - text_prev = text_prev.replaceAll("Ö", "O"): null

2018-03-13 11:00:09 - [TEST_STEP][PASSED] - Statement - text = text.replaceAll("ä", "a"): null

2018-03-13 11:00:09 - [TEST_STEP][PASSED] - Statement - text = text.replaceAll("Ä", "A"): null

2018-03-13 11:00:09 - [TEST_STEP][PASSED] - Statement - text_prev = text_prev.replaceAll("ä", "a"): null

2018-03-13 11:00:09 - [TEST_STEP][PASSED] - Statement - text_prev = text_prev.replaceAll("Ä", "A"): null

2018-03-13 11:00:09 - [TEST_STEP][PASSED] - Statement - text = text.replaceAll("ü", "u"): null

2018-03-13 11:00:09 - [TEST_STEP][PASSED] - Statement - text = text.replaceAll("Ü", "U"): null

2018-03-13 11:00:09 - [TEST_STEP][PASSED] - Statement - text_prev = text_prev.replaceAll("ü", "u"): null

2018-03-13 11:00:09 - [TEST_STEP][PASSED] - Statement - text_prev = text_prev.replaceAll("Ü", "U"): null

2018-03-13 11:00:09 - [TEST_STEP][PASSED] - Statement - ch = text.charAt(0): null

2018-03-13 11:00:09 - [TEST_STEP][PASSED] - Statement - ch_prev = el_prev.getAttribute("innerHTML").charAt(0): null

2018-03-13 11:00:09 - [TEST_STEP][PASSED] - Statement - If (ch_prev > ch): null

2018-03-13 11:00:09 - [TEST_STEP][PASSED] - Statement - Else If (ch_prev == ch): null

2018-03-13 11:00:09 - [TEST_STEP][PASSED] - Statement - ch = text.charAt(1): null

2018-03-13 11:00:09 - [TEST_STEP][PASSED] - Statement - ch_prev = text_prev.charAt(1): null

2018-03-13 11:00:09 - [TEST_STEP][PASSED] - Statement - If (ch_prev > ch): null

2018-03-13 11:00:09 - [TEST_STEP][PASSED] - Statement - Else If (ch_prev == ch): null

2018-03-13 11:00:09 - [TEST_STEP][PASSED] - Statement - ch = text.charAt(2): null

2018-03-13 11:00:09 - [TEST_STEP][PASSED] - Statement - ch_prev = text_prev.charAt(2): null

2018-03-13 11:00:09 - [TEST_STEP][PASSED] - Statement - If (ch_prev > ch): null

2018-03-13 11:00:09 - [TEST_STEP][PASSED] - Statement - el = wes.get(i): null

2018-03-13 11:00:09 - [TEST_STEP][PASSED] - Statement - el_prev = wes.get(i - 1): null

2018-03-13 11:00:09 - [TEST_STEP][PASSED] - Statement - text = el.getAttribute("innerHTML"): null

2018-03-13 11:00:09 - [TEST_STEP][PASSED] - Statement - text_prev = el_prev.getAttribute("innerHTML"): null

2018-03-13 11:00:09 - [TEST_STEP][PASSED] - Statement - text = text.replaceAll("ö", "o"): null

2018-03-13 11:00:09 - [TEST_STEP][PASSED] - Statement - text = text.replaceAll("Ö", "O"): null

2018-03-13 11:00:09 - [TEST_STEP][PASSED] - Statement - text_prev = text_prev.replaceAll("ö", "o"): null

2018-03-13 11:00:09 - [TEST_STEP][PASSED] - Statement - text_prev = text_prev.replaceAll("Ö", "O"): null

2018-03-13 11:00:09 - [TEST_STEP][PASSED] - Statement - text = text.replaceAll("ä", "a"): null

2018-03-13 11:00:09 - [TEST_STEP][PASSED] - Statement - text = text.replaceAll("Ä", "A"): null

2018-03-13 11:00:09 - [TEST_STEP][PASSED] - Statement - text_prev = text_prev.replaceAll("ä", "a"): null

2018-03-13 11:00:09 - [TEST_STEP][PASSED] - Statement - text_prev = text_prev.replaceAll("Ä", "A"): null

2018-03-13 11:00:09 - [TEST_STEP][PASSED] - Statement - text = text.replaceAll("ü", "u"): null

2018-03-13 11:00:09 - [TEST_STEP][PASSED] - Statement - text = text.replaceAll("Ü", "U"): null

2018-03-13 11:00:09 - [TEST_STEP][PASSED] - Statement - text_prev = text_prev.replaceAll("ü", "u"): null

2018-03-13 11:00:09 - [TEST_STEP][PASSED] - Statement - text_prev = text_prev.replaceAll("Ü", "U"): null

2018-03-13 11:00:09 - [TEST_STEP][PASSED] - Statement - ch = text.charAt(0): null

2018-03-13 11:00:09 - [TEST_STEP][PASSED] - Statement - ch_prev = el_prev.getAttribute("innerHTML").charAt(0): null

2018-03-13 11:00:09 - [TEST_STEP][PASSED] - Statement - If (ch_prev > ch): null

2018-03-13 11:00:09 - [TEST_STEP][PASSED] - Statement - el = wes.get(i): null

2018-03-13 11:00:09 - [TEST_STEP][PASSED] - Statement - el_prev = wes.get(i - 1): null

2018-03-13 11:00:09 - [TEST_STEP][PASSED] - Statement - text = el.getAttribute("innerHTML"): null

2018-03-13 11:00:09 - [TEST_STEP][PASSED] - Statement - text_prev = el_prev.getAttribute("innerHTML"): null

2018-03-13 11:00:09 - [TEST_STEP][PASSED] - Statement - text = text.replaceAll("ö", "o"): null

2018-03-13 11:00:09 - [TEST_STEP][PASSED] - Statement - text = text.replaceAll("Ö", "O"): null

2018-03-13 11:00:09 - [TEST_STEP][PASSED] - Statement - text_prev = text_prev.replaceAll("ö", "o"): null

2018-03-13 11:00:09 - [TEST_STEP][PASSED] - Statement - text_prev = text_prev.replaceAll("Ö", "O"): null

2018-03-13 11:00:09 - [TEST_STEP][PASSED] - Statement - text = text.replaceAll("ä", "a"): null

2018-03-13 11:00:09 - [TEST_STEP][PASSED] - Statement - text = text.replaceAll("Ä", "A"): null

2018-03-13 11:00:09 - [TEST_STEP][PASSED] - Statement - text_prev = text_prev.replaceAll("ä", "a"): null

2018-03-13 11:00:09 - [TEST_STEP][PASSED] - Statement - text_prev = text_prev.replaceAll("Ä", "A"): null

2018-03-13 11:00:09 - [TEST_STEP][PASSED] - Statement - text = text.replaceAll("ü", "u"): null

2018-03-13 11:00:09 - [TEST_STEP][PASSED] - Statement - text = text.replaceAll("Ü", "U"): null

2018-03-13 11:00:09 - [TEST_STEP][PASSED] - Statement - text_prev = text_prev.replaceAll("ü", "u"): null

2018-03-13 11:00:09 - [TEST_STEP][PASSED] - Statement - text_prev = text_prev.replaceAll("Ü", "U"): null

2018-03-13 11:00:09 - [TEST_STEP][PASSED] - Statement - ch = text.charAt(0): null

2018-03-13 11:00:09 - [TEST_STEP][PASSED] - Statement - ch_prev = el_prev.getAttribute("innerHTML").charAt(0): null

2018-03-13 11:00:09 - [TEST_STEP][PASSED] - Statement - If (ch_prev > ch): null

2018-03-13 11:00:09 - [TEST_STEP][PASSED] - Statement - Else If (ch_prev == ch): null

2018-03-13 11:00:09 - [TEST_STEP][PASSED] - Statement - ch = text.charAt(1): null

2018-03-13 11:00:09 - [TEST_STEP][PASSED] - Statement - ch_prev = text_prev.charAt(1): null

2018-03-13 11:00:09 - [TEST_STEP][PASSED] - Statement - If (ch_prev > ch): null

2018-03-13 11:00:09 - [TEST_STEP][PASSED] - Statement - el = wes.get(i): null

2018-03-13 11:00:09 - [TEST_STEP][PASSED] - Statement - el_prev = wes.get(i - 1): null

2018-03-13 11:00:09 - [TEST_STEP][PASSED] - Statement - text = el.getAttribute("innerHTML"): null

2018-03-13 11:00:09 - [TEST_STEP][PASSED] - Statement - text_prev = el_prev.getAttribute("innerHTML"): null

2018-03-13 11:00:09 - [TEST_STEP][PASSED] - Statement - text = text.replaceAll("ö", "o"): null

2018-03-13 11:00:09 - [TEST_STEP][PASSED] - Statement - text = text.replaceAll("Ö", "O"): null

2018-03-13 11:00:09 - [TEST_STEP][PASSED] - Statement - text_prev = text_prev.replaceAll("ö", "o"): null

2018-03-13 11:00:09 - [TEST_STEP][PASSED] - Statement - text_prev = text_prev.replaceAll("Ö", "O"): null

2018-03-13 11:00:09 - [TEST_STEP][PASSED] - Statement - text = text.replaceAll("ä", "a"): null

2018-03-13 11:00:09 - [TEST_STEP][PASSED] - Statement - text = text.replaceAll("Ä", "A"): null

2018-03-13 11:00:09 - [TEST_STEP][PASSED] - Statement - text_prev = text_prev.replaceAll("ä", "a"): null

2018-03-13 11:00:09 - [TEST_STEP][PASSED] - Statement - text_prev = text_prev.replaceAll("Ä", "A"): null

2018-03-13 11:00:09 - [TEST_STEP][PASSED] - Statement - text = text.replaceAll("ü", "u"): null

2018-03-13 11:00:09 - [TEST_STEP][PASSED] - Statement - text = text.replaceAll("Ü", "U"): null

2018-03-13 11:00:09 - [TEST_STEP][PASSED] - Statement - text_prev = text_prev.replaceAll("ü", "u"): null

2018-03-13 11:00:09 - [TEST_STEP][PASSED] - Statement - text_prev = text_prev.replaceAll("Ü", "U"): null

2018-03-13 11:00:09 - [TEST_STEP][PASSED] - Statement - ch = text.charAt(0): null

2018-03-13 11:00:09 - [TEST_STEP][PASSED] - Statement - ch_prev = el_prev.getAttribute("innerHTML").charAt(0): null

2018-03-13 11:00:09 - [TEST_STEP][PASSED] - Statement - If (ch_prev > ch): null

2018-03-13 11:00:09 - [TEST_STEP][PASSED] - Statement - Else If (ch_prev == ch): null

2018-03-13 11:00:09 - [TEST_STEP][PASSED] - Statement - ch = text.charAt(1): null

2018-03-13 11:00:09 - [TEST_STEP][PASSED] - Statement - ch_prev = text_prev.charAt(1): null

2018-03-13 11:00:09 - [TEST_STEP][PASSED] - Statement - If (ch_prev > ch): null

2018-03-13 11:00:09 - [TEST_STEP][PASSED] - Statement - Else If (ch_prev == ch): null

2018-03-13 11:00:09 - [TEST_STEP][PASSED] - Statement - ch = text.charAt(2): null

2018-03-13 11:00:09 - [TEST_STEP][PASSED] - Statement - ch_prev = text_prev.charAt(2): null

2018-03-13 11:00:09 - [TEST_STEP][PASSED] - Statement - If (ch_prev > ch): null

2018-03-13 11:00:09 - [TEST_STEP][PASSED] - Statement - el = wes.get(i): null

2018-03-13 11:00:09 - [TEST_STEP][PASSED] - Statement - el_prev = wes.get(i - 1): null

2018-03-13 11:00:09 - [TEST_STEP][PASSED] - Statement - text = el.getAttribute("innerHTML"): null

2018-03-13 11:00:09 - [TEST_STEP][PASSED] - Statement - text_prev = el_prev.getAttribute("innerHTML"): null

2018-03-13 11:00:09 - [TEST_STEP][PASSED] - Statement - text = text.replaceAll("ö", "o"): null

2018-03-13 11:00:09 - [TEST_STEP][PASSED] - Statement - text = text.replaceAll("Ö", "O"): null

2018-03-13 11:00:09 - [TEST_STEP][PASSED] - Statement - text_prev = text_prev.replaceAll("ö", "o"): null

2018-03-13 11:00:09 - [TEST_STEP][PASSED] - Statement - text_prev = text_prev.replaceAll("Ö", "O"): null

2018-03-13 11:00:09 - [TEST_STEP][PASSED] - Statement - text = text.replaceAll("ä", "a"): null

2018-03-13 11:00:09 - [TEST_STEP][PASSED] - Statement - text = text.replaceAll("Ä", "A"): null

2018-03-13 11:00:09 - [TEST_STEP][PASSED] - Statement - text_prev = text_prev.replaceAll("ä", "a"): null

2018-03-13 11:00:09 - [TEST_STEP][PASSED] - Statement - text_prev = text_prev.replaceAll("Ä", "A"): null

2018-03-13 11:00:09 - [TEST_STEP][PASSED] - Statement - text = text.replaceAll("ü", "u"): null

2018-03-13 11:00:09 - [TEST_STEP][PASSED] - Statement - text = text.replaceAll("Ü", "U"): null

2018-03-13 11:00:09 - [TEST_STEP][PASSED] - Statement - text_prev = text_prev.replaceAll("ü", "u"): null

2018-03-13 11:00:09 - [TEST_STEP][PASSED] - Statement - text_prev = text_prev.replaceAll("Ü", "U"): null

2018-03-13 11:00:09 - [TEST_STEP][PASSED] - Statement - ch = text.charAt(0): null

2018-03-13 11:00:09 - [TEST_STEP][PASSED] - Statement - ch_prev = el_prev.getAttribute("innerHTML").charAt(0): null

2018-03-13 11:00:09 - [TEST_STEP][PASSED] - Statement - If (ch_prev > ch): null

2018-03-13 11:00:09 - [TEST_STEP][PASSED] - Statement - Else If (ch_prev == ch): null

2018-03-13 11:00:09 - [TEST_STEP][PASSED] - Statement - ch = text.charAt(1): null

2018-03-13 11:00:09 - [TEST_STEP][PASSED] - Statement - ch_prev = text_prev.charAt(1): null

2018-03-13 11:00:09 - [TEST_STEP][PASSED] - Statement - If (ch_prev > ch): null

2018-03-13 11:00:09 - [TEST_STEP][PASSED] - Statement - el = wes.get(i): null

2018-03-13 11:00:09 - [TEST_STEP][PASSED] - Statement - el_prev = wes.get(i - 1): null

2018-03-13 11:00:09 - [TEST_STEP][PASSED] - Statement - text = el.getAttribute("innerHTML"): null

2018-03-13 11:00:09 - [TEST_STEP][PASSED] - Statement - text_prev = el_prev.getAttribute("innerHTML"): null

2018-03-13 11:00:09 - [TEST_STEP][PASSED] - Statement - text = text.replaceAll("ö", "o"): null

2018-03-13 11:00:09 - [TEST_STEP][PASSED] - Statement - text = text.replaceAll("Ö", "O"): null

2018-03-13 11:00:09 - [TEST_STEP][PASSED] - Statement - text_prev = text_prev.replaceAll("ö", "o"): null

2018-03-13 11:00:09 - [TEST_STEP][PASSED] - Statement - text_prev = text_prev.replaceAll("Ö", "O"): null

2018-03-13 11:00:09 - [TEST_STEP][PASSED] - Statement - text = text.replaceAll("ä", "a"): null

2018-03-13 11:00:09 - [TEST_STEP][PASSED] - Statement - text = text.replaceAll("Ä", "A"): null

2018-03-13 11:00:09 - [TEST_STEP][PASSED] - Statement - text_prev = text_prev.replaceAll("ä", "a"): null

2018-03-13 11:00:09 - [TEST_STEP][PASSED] - Statement - text_prev = text_prev.replaceAll("Ä", "A"): null

2018-03-13 11:00:09 - [TEST_STEP][PASSED] - Statement - text = text.replaceAll("ü", "u"): null

2018-03-13 11:00:09 - [TEST_STEP][PASSED] - Statement - text = text.replaceAll("Ü", "U"): null

2018-03-13 11:00:09 - [TEST_STEP][PASSED] - Statement - text_prev = text_prev.replaceAll("ü", "u"): null

2018-03-13 11:00:09 - [TEST_STEP][PASSED] - Statement - text_prev = text_prev.replaceAll("Ü", "U"): null

2018-03-13 11:00:09 - [TEST_STEP][PASSED] - Statement - ch = text.charAt(0): null

2018-03-13 11:00:09 - [TEST_STEP][PASSED] - Statement - ch_prev = el_prev.getAttribute("innerHTML").charAt(0): null

2018-03-13 11:00:09 - [TEST_STEP][PASSED] - Statement - If (ch_prev > ch): null

2018-03-13 11:00:09 - [TEST_STEP][PASSED] - Statement - Else If (ch_prev == ch): null

2018-03-13 11:00:09 - [TEST_STEP][PASSED] - Statement - ch = text.charAt(1): null

2018-03-13 11:00:09 - [TEST_STEP][PASSED] - Statement - ch_prev = text_prev.charAt(1): null

2018-03-13 11:00:09 - [TEST_STEP][PASSED] - Statement - If (ch_prev > ch): null

2018-03-13 11:00:09 - [TEST_STEP][PASSED] - Statement - el = wes.get(i): null

2018-03-13 11:00:09 - [TEST_STEP][PASSED] - Statement - el_prev = wes.get(i - 1): null

2018-03-13 11:00:09 - [TEST_STEP][PASSED] - Statement - text = el.getAttribute("innerHTML"): null

2018-03-13 11:00:09 - [TEST_STEP][PASSED] - Statement - text_prev = el_prev.getAttribute("innerHTML"): null

2018-03-13 11:00:09 - [TEST_STEP][PASSED] - Statement - text = text.replaceAll("ö", "o"): null

2018-03-13 11:00:09 - [TEST_STEP][PASSED] - Statement - text = text.replaceAll("Ö", "O"): null

2018-03-13 11:00:09 - [TEST_STEP][PASSED] - Statement - text_prev = text_prev.replaceAll("ö", "o"): null

2018-03-13 11:00:09 - [TEST_STEP][PASSED] - Statement - text_prev = text_prev.replaceAll("Ö", "O"): null

2018-03-13 11:00:09 - [TEST_STEP][PASSED] - Statement - text = text.replaceAll("ä", "a"): null

2018-03-13 11:00:09 - [TEST_STEP][PASSED] - Statement - text = text.replaceAll("Ä", "A"): null

2018-03-13 11:00:09 - [TEST_STEP][PASSED] - Statement - text_prev = text_prev.replaceAll("ä", "a"): null

2018-03-13 11:00:09 - [TEST_STEP][PASSED] - Statement - text_prev = text_prev.replaceAll("Ä", "A"): null

2018-03-13 11:00:09 - [TEST_STEP][PASSED] - Statement - text = text.replaceAll("ü", "u"): null

2018-03-13 11:00:09 - [TEST_STEP][PASSED] - Statement - text = text.replaceAll("Ü", "U"): null

2018-03-13 11:00:09 - [TEST_STEP][PASSED] - Statement - text_prev = text_prev.replaceAll("ü", "u"): null

2018-03-13 11:00:09 - [TEST_STEP][PASSED] - Statement - text_prev = text_prev.replaceAll("Ü", "U"): null

2018-03-13 11:00:09 - [TEST_STEP][PASSED] - Statement - ch = text.charAt(0): null

2018-03-13 11:00:09 - [TEST_STEP][PASSED] - Statement - ch_prev = el_prev.getAttribute("innerHTML").charAt(0): null

2018-03-13 11:00:09 - [TEST_STEP][PASSED] - Statement - If (ch_prev > ch): null

2018-03-13 11:00:09 - [TEST_STEP][PASSED] - Statement - Else If (ch_prev == ch): null

2018-03-13 11:00:09 - [TEST_STEP][PASSED] - Statement - ch = text.charAt(1): null

2018-03-13 11:00:09 - [TEST_STEP][PASSED] - Statement - ch_prev = text_prev.charAt(1): null

2018-03-13 11:00:09 - [TEST_STEP][PASSED] - Statement - If (ch_prev > ch): null

2018-03-13 11:00:09 - [TEST_STEP][PASSED] - Statement - Else If (ch_prev == ch): null

2018-03-13 11:00:09 - [TEST_STEP][PASSED] - Statement - ch = text.charAt(2): null

2018-03-13 11:00:09 - [TEST_STEP][PASSED] - Statement - ch_prev = text_prev.charAt(2): null

2018-03-13 11:00:09 - [TEST_STEP][PASSED] - Statement - If (ch_prev > ch): null

2018-03-13 11:00:09 - [TEST_STEP][PASSED] - Statement - el = wes.get(i): null

2018-03-13 11:00:09 - [TEST_STEP][PASSED] - Statement - el_prev = wes.get(i - 1): null

2018-03-13 11:00:09 - [TEST_STEP][PASSED] - Statement - text = el.getAttribute("innerHTML"): null

2018-03-13 11:00:09 - [TEST_STEP][PASSED] - Statement - text_prev = el_prev.getAttribute("innerHTML"): null

2018-03-13 11:00:09 - [TEST_STEP][PASSED] - Statement - text = text.replaceAll("ö", "o"): null

2018-03-13 11:00:09 - [TEST_STEP][PASSED] - Statement - text = text.replaceAll("Ö", "O"): null

2018-03-13 11:00:09 - [TEST_STEP][PASSED] - Statement - text_prev = text_prev.replaceAll("ö", "o"): null

2018-03-13 11:00:09 - [TEST_STEP][PASSED] - Statement - text_prev = text_prev.replaceAll("Ö", "O"): null

2018-03-13 11:00:09 - [TEST_STEP][PASSED] - Statement - text = text.replaceAll("ä", "a"): null

2018-03-13 11:00:09 - [TEST_STEP][PASSED] - Statement - text = text.replaceAll("Ä", "A"): null

2018-03-13 11:00:09 - [TEST_STEP][PASSED] - Statement - text_prev = text_prev.replaceAll("ä", "a"): null

2018-03-13 11:00:09 - [TEST_STEP][PASSED] - Statement - text_prev = text_prev.replaceAll("Ä", "A"): null

2018-03-13 11:00:09 - [TEST_STEP][PASSED] - Statement - text = text.replaceAll("ü", "u"): null

2018-03-13 11:00:09 - [TEST_STEP][PASSED] - Statement - text = text.replaceAll("Ü", "U"): null

2018-03-13 11:00:09 - [TEST_STEP][PASSED] - Statement - text_prev = text_prev.replaceAll("ü", "u"): null

2018-03-13 11:00:09 - [TEST_STEP][PASSED] - Statement - text_prev = text_prev.replaceAll("Ü", "U"): null

2018-03-13 11:00:09 - [TEST_STEP][PASSED] - Statement - ch = text.charAt(0): null

2018-03-13 11:00:09 - [TEST_STEP][PASSED] - Statement - ch_prev = el_prev.getAttribute("innerHTML").charAt(0): null

2018-03-13 11:00:09 - [TEST_STEP][PASSED] - Statement - If (ch_prev > ch): null

2018-03-13 11:00:09 - [TEST_STEP][PASSED] - Statement - el = wes.get(i): null

2018-03-13 11:00:09 - [TEST_STEP][PASSED] - Statement - el_prev = wes.get(i - 1): null

2018-03-13 11:00:09 - [TEST_STEP][PASSED] - Statement - text = el.getAttribute("innerHTML"): null

2018-03-13 11:00:10 - [TEST_STEP][PASSED] - Statement - text_prev = el_prev.getAttribute("innerHTML"): null

2018-03-13 11:00:10 - [TEST_STEP][PASSED] - Statement - text = text.replaceAll("ö", "o"): null

2018-03-13 11:00:10 - [TEST_STEP][PASSED] - Statement - text = text.replaceAll("Ö", "O"): null

2018-03-13 11:00:10 - [TEST_STEP][PASSED] - Statement - text_prev = text_prev.replaceAll("ö", "o"): null

2018-03-13 11:00:10 - [TEST_STEP][PASSED] - Statement - text_prev = text_prev.replaceAll("Ö", "O"): null

2018-03-13 11:00:10 - [TEST_STEP][PASSED] - Statement - text = text.replaceAll("ä", "a"): null

2018-03-13 11:00:10 - [TEST_STEP][PASSED] - Statement - text = text.replaceAll("Ä", "A"): null

2018-03-13 11:00:10 - [TEST_STEP][PASSED] - Statement - text_prev = text_prev.replaceAll("ä", "a"): null

2018-03-13 11:00:10 - [TEST_STEP][PASSED] - Statement - text_prev = text_prev.replaceAll("Ä", "A"): null

2018-03-13 11:00:10 - [TEST_STEP][PASSED] - Statement - text = text.replaceAll("ü", "u"): null

2018-03-13 11:00:10 - [TEST_STEP][PASSED] - Statement - text = text.replaceAll("Ü", "U"): null

2018-03-13 11:00:10 - [TEST_STEP][PASSED] - Statement - text_prev = text_prev.replaceAll("ü", "u"): null

2018-03-13 11:00:10 - [TEST_STEP][PASSED] - Statement - text_prev = text_prev.replaceAll("Ü", "U"): null

2018-03-13 11:00:10 - [TEST_STEP][PASSED] - Statement - ch = text.charAt(0): null

2018-03-13 11:00:10 - [TEST_STEP][PASSED] - Statement - ch_prev = el_prev.getAttribute("innerHTML").charAt(0): null

2018-03-13 11:00:10 - [TEST_STEP][PASSED] - Statement - If (ch_prev > ch): null

2018-03-13 11:00:10 - [TEST_STEP][PASSED] - Statement - el = wes.get(i): null

2018-03-13 11:00:10 - [TEST_STEP][PASSED] - Statement - el_prev = wes.get(i - 1): null

2018-03-13 11:00:10 - [TEST_STEP][PASSED] - Statement - text = el.getAttribute("innerHTML"): null

2018-03-13 11:00:10 - [TEST_STEP][PASSED] - Statement - text_prev = el_prev.getAttribute("innerHTML"): null

2018-03-13 11:00:10 - [TEST_STEP][PASSED] - Statement - text = text.replaceAll("ö", "o"): null

2018-03-13 11:00:10 - [TEST_STEP][PASSED] - Statement - text = text.replaceAll("Ö", "O"): null

2018-03-13 11:00:10 - [TEST_STEP][PASSED] - Statement - text_prev = text_prev.replaceAll("ö", "o"): null

2018-03-13 11:00:10 - [TEST_STEP][PASSED] - Statement - text_prev = text_prev.replaceAll("Ö", "O"): null

2018-03-13 11:00:10 - [TEST_STEP][PASSED] - Statement - text = text.replaceAll("ä", "a"): null

2018-03-13 11:00:10 - [TEST_STEP][PASSED] - Statement - text = text.replaceAll("Ä", "A"): null

2018-03-13 11:00:10 - [TEST_STEP][PASSED] - Statement - text_prev = text_prev.replaceAll("ä", "a"): null

2018-03-13 11:00:10 - [TEST_STEP][PASSED] - Statement - text_prev = text_prev.replaceAll("Ä", "A"): null

2018-03-13 11:00:10 - [TEST_STEP][PASSED] - Statement - text = text.replaceAll("ü", "u"): null

2018-03-13 11:00:10 - [TEST_STEP][PASSED] - Statement - text = text.replaceAll("Ü", "U"): null

2018-03-13 11:00:10 - [TEST_STEP][PASSED] - Statement - text_prev = text_prev.replaceAll("ü", "u"): null

2018-03-13 11:00:10 - [TEST_STEP][PASSED] - Statement - text_prev = text_prev.replaceAll("Ü", "U"): null

2018-03-13 11:00:10 - [TEST_STEP][PASSED] - Statement - ch = text.charAt(0): null

2018-03-13 11:00:10 - [TEST_STEP][PASSED] - Statement - ch_prev = el_prev.getAttribute("innerHTML").charAt(0): null

2018-03-13 11:00:10 - [TEST_STEP][PASSED] - Statement - If (ch_prev > ch): null

2018-03-13 11:00:10 - [TEST_STEP][PASSED] - Statement - Else If (ch_prev == ch): null

2018-03-13 11:00:10 - [TEST_STEP][PASSED] - Statement - ch = text.charAt(1): null

2018-03-13 11:00:10 - [TEST_STEP][PASSED] - Statement - ch_prev = text_prev.charAt(1): null

2018-03-13 11:00:10 - [TEST_STEP][PASSED] - Statement - If (ch_prev > ch): null

2018-03-13 11:00:10 - [TEST_STEP][PASSED] - Statement - Else If (ch_prev == ch): null

2018-03-13 11:00:10 - [TEST_STEP][PASSED] - Statement - ch = text.charAt(2): null

2018-03-13 11:00:10 - [TEST_STEP][PASSED] - Statement - ch_prev = text_prev.charAt(2): null

2018-03-13 11:00:10 - [TEST_STEP][PASSED] - Statement - If (ch_prev > ch): null

2018-03-13 11:00:10 - [TEST_STEP][PASSED] - Statement - el = wes.get(i): null

2018-03-13 11:00:10 - [TEST_STEP][PASSED] - Statement - el_prev = wes.get(i - 1): null

2018-03-13 11:00:10 - [TEST_STEP][PASSED] - Statement - text = el.getAttribute("innerHTML"): null

2018-03-13 11:00:10 - [TEST_STEP][PASSED] - Statement - text_prev = el_prev.getAttribute("innerHTML"): null

2018-03-13 11:00:10 - [TEST_STEP][PASSED] - Statement - text = text.replaceAll("ö", "o"): null

2018-03-13 11:00:10 - [TEST_STEP][PASSED] - Statement - text = text.replaceAll("Ö", "O"): null

2018-03-13 11:00:10 - [TEST_STEP][PASSED] - Statement - text_prev = text_prev.replaceAll("ö", "o"): null

2018-03-13 11:00:10 - [TEST_STEP][PASSED] - Statement - text_prev = text_prev.replaceAll("Ö", "O"): null

2018-03-13 11:00:10 - [TEST_STEP][PASSED] - Statement - text = text.replaceAll("ä", "a"): null

2018-03-13 11:00:10 - [TEST_STEP][PASSED] - Statement - text = text.replaceAll("Ä", "A"): null

2018-03-13 11:00:10 - [TEST_STEP][PASSED] - Statement - text_prev = text_prev.replaceAll("ä", "a"): null

2018-03-13 11:00:10 - [TEST_STEP][PASSED] - Statement - text_prev = text_prev.replaceAll("Ä", "A"): null

2018-03-13 11:00:10 - [TEST_STEP][PASSED] - Statement - text = text.replaceAll("ü", "u"): null

2018-03-13 11:00:10 - [TEST_STEP][PASSED] - Statement - text = text.replaceAll("Ü", "U"): null

2018-03-13 11:00:10 - [TEST_STEP][PASSED] - Statement - text_prev = text_prev.replaceAll("ü", "u"): null

2018-03-13 11:00:10 - [TEST_STEP][PASSED] - Statement - text_prev = text_prev.replaceAll("Ü", "U"): null

2018-03-13 11:00:10 - [TEST_STEP][PASSED] - Statement - ch = text.charAt(0): null

2018-03-13 11:00:10 - [TEST_STEP][PASSED] - Statement - ch_prev = el_prev.getAttribute("innerHTML").charAt(0): null

2018-03-13 11:00:10 - [TEST_STEP][PASSED] - Statement - If (ch_prev > ch): null

2018-03-13 11:00:10 - [TEST_STEP][PASSED] - Statement - Else If (ch_prev == ch): null

2018-03-13 11:00:10 - [TEST_STEP][PASSED] - Statement - ch = text.charAt(1): null

2018-03-13 11:00:10 - [TEST_STEP][PASSED] - Statement - ch_prev = text_prev.charAt(1): null

2018-03-13 11:00:10 - [TEST_STEP][PASSED] - Statement - If (ch_prev > ch): null

2018-03-13 11:00:10 - [TEST_STEP][PASSED] - Statement - Else If (ch_prev == ch): null

2018-03-13 11:00:10 - [TEST_STEP][PASSED] - Statement - ch = text.charAt(2): null

2018-03-13 11:00:10 - [TEST_STEP][PASSED] - Statement - ch_prev = text_prev.charAt(2): null

2018-03-13 11:00:10 - [TEST_STEP][PASSED] - Statement - If (ch_prev > ch): null

2018-03-13 11:00:10 - [TEST_STEP][PASSED] - Statement - el = wes.get(i): null

2018-03-13 11:00:10 - [TEST_STEP][PASSED] - Statement - el_prev = wes.get(i - 1): null

2018-03-13 11:00:10 - [TEST_STEP][PASSED] - Statement - text = el.getAttribute("innerHTML"): null

2018-03-13 11:00:10 - [TEST_STEP][PASSED] - Statement - text_prev = el_prev.getAttribute("innerHTML"): null

2018-03-13 11:00:10 - [TEST_STEP][PASSED] - Statement - text = text.replaceAll("ö", "o"): null

2018-03-13 11:00:10 - [TEST_STEP][PASSED] - Statement - text = text.replaceAll("Ö", "O"): null

2018-03-13 11:00:10 - [TEST_STEP][PASSED] - Statement - text_prev = text_prev.replaceAll("ö", "o"): null

2018-03-13 11:00:10 - [TEST_STEP][PASSED] - Statement - text_prev = text_prev.replaceAll("Ö", "O"): null

2018-03-13 11:00:10 - [TEST_STEP][PASSED] - Statement - text = text.replaceAll("ä", "a"): null

2018-03-13 11:00:10 - [TEST_STEP][PASSED] - Statement - text = text.replaceAll("Ä", "A"): null

2018-03-13 11:00:10 - [TEST_STEP][PASSED] - Statement - text_prev = text_prev.replaceAll("ä", "a"): null

2018-03-13 11:00:10 - [TEST_STEP][PASSED] - Statement - text_prev = text_prev.replaceAll("Ä", "A"): null

2018-03-13 11:00:10 - [TEST_STEP][PASSED] - Statement - text = text.replaceAll("ü", "u"): null

2018-03-13 11:00:10 - [TEST_STEP][PASSED] - Statement - text = text.replaceAll("Ü", "U"): null

2018-03-13 11:00:10 - [TEST_STEP][PASSED] - Statement - text_prev = text_prev.replaceAll("ü", "u"): null

2018-03-13 11:00:10 - [TEST_STEP][PASSED] - Statement - text_prev = text_prev.replaceAll("Ü", "U"): null

2018-03-13 11:00:10 - [TEST_STEP][PASSED] - Statement - ch = text.charAt(0): null

2018-03-13 11:00:10 - [TEST_STEP][PASSED] - Statement - ch_prev = el_prev.getAttribute("innerHTML").charAt(0): null

2018-03-13 11:00:10 - [TEST_STEP][PASSED] - Statement - If (ch_prev > ch): null

2018-03-13 11:00:10 - [TEST_STEP][PASSED] - Statement - Else If (ch_prev == ch): null

2018-03-13 11:00:10 - [TEST_STEP][PASSED] - Statement - ch = text.charAt(1): null

2018-03-13 11:00:10 - [TEST_STEP][PASSED] - Statement - ch_prev = text_prev.charAt(1): null

2018-03-13 11:00:10 - [TEST_STEP][PASSED] - Statement - If (ch_prev > ch): null

2018-03-13 11:00:10 - [TEST_STEP][PASSED] - Statement - el = wes.get(i): null

2018-03-13 11:00:10 - [TEST_STEP][PASSED] - Statement - el_prev = wes.get(i - 1): null

2018-03-13 11:00:10 - [TEST_STEP][PASSED] - Statement - text = el.getAttribute("innerHTML"): null

2018-03-13 11:00:10 - [TEST_STEP][PASSED] - Statement - text_prev = el_prev.getAttribute("innerHTML"): null

2018-03-13 11:00:10 - [TEST_STEP][PASSED] - Statement - text = text.replaceAll("ö", "o"): null

2018-03-13 11:00:10 - [TEST_STEP][PASSED] - Statement - text = text.replaceAll("Ö", "O"): null

2018-03-13 11:00:10 - [TEST_STEP][PASSED] - Statement - text_prev = text_prev.replaceAll("ö", "o"): null

2018-03-13 11:00:10 - [TEST_STEP][PASSED] - Statement - text_prev = text_prev.replaceAll("Ö", "O"): null

2018-03-13 11:00:10 - [TEST_STEP][PASSED] - Statement - text = text.replaceAll("ä", "a"): null

2018-03-13 11:00:10 - [TEST_STEP][PASSED] - Statement - text = text.replaceAll("Ä", "A"): null

2018-03-13 11:00:10 - [TEST_STEP][PASSED] - Statement - text_prev = text_prev.replaceAll("ä", "a"): null

2018-03-13 11:00:10 - [TEST_STEP][PASSED] - Statement - text_prev = text_prev.replaceAll("Ä", "A"): null

2018-03-13 11:00:10 - [TEST_STEP][PASSED] - Statement - text = text.replaceAll("ü", "u"): null

2018-03-13 11:00:10 - [TEST_STEP][PASSED] - Statement - text = text.replaceAll("Ü", "U"): null

2018-03-13 11:00:10 - [TEST_STEP][PASSED] - Statement - text_prev = text_prev.replaceAll("ü", "u"): null

2018-03-13 11:00:10 - [TEST_STEP][PASSED] - Statement - text_prev = text_prev.replaceAll("Ü", "U"): null

2018-03-13 11:00:10 - [TEST_STEP][PASSED] - Statement - ch = text.charAt(0): null

2018-03-13 11:00:10 - [TEST_STEP][PASSED] - Statement - ch_prev = el_prev.getAttribute("innerHTML").charAt(0): null

2018-03-13 11:00:10 - [TEST_STEP][PASSED] - Statement - If (ch_prev > ch): null

2018-03-13 11:00:10 - [TEST_STEP][PASSED] - Statement - Else If (ch_prev == ch): null

2018-03-13 11:00:10 - [TEST_STEP][PASSED] - Statement - ch = text.charAt(1): null

2018-03-13 11:00:10 - [TEST_STEP][PASSED] - Statement - ch_prev = text_prev.charAt(1): null

2018-03-13 11:00:10 - [TEST_STEP][PASSED] - Statement - If (ch_prev > ch): null

2018-03-13 11:00:10 - [TEST_STEP][PASSED] - Statement - el = wes.get(i): null

2018-03-13 11:00:10 - [TEST_STEP][PASSED] - Statement - el_prev = wes.get(i - 1): null

2018-03-13 11:00:10 - [TEST_STEP][PASSED] - Statement - text = el.getAttribute("innerHTML"): null

2018-03-13 11:00:10 - [TEST_STEP][PASSED] - Statement - text_prev = el_prev.getAttribute("innerHTML"): null

2018-03-13 11:00:10 - [TEST_STEP][PASSED] - Statement - text = text.replaceAll("ö", "o"): null

2018-03-13 11:00:10 - [TEST_STEP][PASSED] - Statement - text = text.replaceAll("Ö", "O"): null

2018-03-13 11:00:10 - [TEST_STEP][PASSED] - Statement - text_prev = text_prev.replaceAll("ö", "o"): null

2018-03-13 11:00:10 - [TEST_STEP][PASSED] - Statement - text_prev = text_prev.replaceAll("Ö", "O"): null

2018-03-13 11:00:10 - [TEST_STEP][PASSED] - Statement - text = text.replaceAll("ä", "a"): null

2018-03-13 11:00:10 - [TEST_STEP][PASSED] - Statement - text = text.replaceAll("Ä", "A"): null

2018-03-13 11:00:10 - [TEST_STEP][PASSED] - Statement - text_prev = text_prev.replaceAll("ä", "a"): null

2018-03-13 11:00:10 - [TEST_STEP][PASSED] - Statement - text_prev = text_prev.replaceAll("Ä", "A"): null

2018-03-13 11:00:10 - [TEST_STEP][PASSED] - Statement - text = text.replaceAll("ü", "u"): null

2018-03-13 11:00:10 - [TEST_STEP][PASSED] - Statement - text = text.replaceAll("Ü", "U"): null

2018-03-13 11:00:10 - [TEST_STEP][PASSED] - Statement - text_prev = text_prev.replaceAll("ü", "u"): null

2018-03-13 11:00:10 - [TEST_STEP][PASSED] - Statement - text_prev = text_prev.replaceAll("Ü", "U"): null

2018-03-13 11:00:10 - [TEST_STEP][PASSED] - Statement - ch = text.charAt(0): null

2018-03-13 11:00:10 - [TEST_STEP][PASSED] - Statement - ch_prev = el_prev.getAttribute("innerHTML").charAt(0): null

2018-03-13 11:00:10 - [TEST_STEP][PASSED] - Statement - If (ch_prev > ch): null

2018-03-13 11:00:10 - [TEST_STEP][PASSED] - Statement - el = wes.get(i): null

2018-03-13 11:00:10 - [TEST_STEP][PASSED] - Statement - el_prev = wes.get(i - 1): null

2018-03-13 11:00:10 - [TEST_STEP][PASSED] - Statement - text = el.getAttribute("innerHTML"): null

2018-03-13 11:00:10 - [TEST_STEP][PASSED] - Statement - text_prev = el_prev.getAttribute("innerHTML"): null

2018-03-13 11:00:10 - [TEST_STEP][PASSED] - Statement - text = text.replaceAll("ö", "o"): null

2018-03-13 11:00:10 - [TEST_STEP][PASSED] - Statement - text = text.replaceAll("Ö", "O"): null

2018-03-13 11:00:10 - [TEST_STEP][PASSED] - Statement - text_prev = text_prev.replaceAll("ö", "o"): null

2018-03-13 11:00:10 - [TEST_STEP][PASSED] - Statement - text_prev = text_prev.replaceAll("Ö", "O"): null

2018-03-13 11:00:10 - [TEST_STEP][PASSED] - Statement - text = text.replaceAll("ä", "a"): null

2018-03-13 11:00:10 - [TEST_STEP][PASSED] - Statement - text = text.replaceAll("Ä", "A"): null

2018-03-13 11:00:10 - [TEST_STEP][PASSED] - Statement - text_prev = text_prev.replaceAll("ä", "a"): null

2018-03-13 11:00:10 - [TEST_STEP][PASSED] - Statement - text_prev = text_prev.replaceAll("Ä", "A"): null

2018-03-13 11:00:10 - [TEST_STEP][PASSED] - Statement - text = text.replaceAll("ü", "u"): null

2018-03-13 11:00:10 - [TEST_STEP][PASSED] - Statement - text = text.replaceAll("Ü", "U"): null

2018-03-13 11:00:10 - [TEST_STEP][PASSED] - Statement - text_prev = text_prev.replaceAll("ü", "u"): null

2018-03-13 11:00:10 - [TEST_STEP][PASSED] - Statement - text_prev = text_prev.replaceAll("Ü", "U"): null

2018-03-13 11:00:10 - [TEST_STEP][PASSED] - Statement - ch = text.charAt(0): null

2018-03-13 11:00:10 - [TEST_STEP][PASSED] - Statement - ch_prev = el_prev.getAttribute("innerHTML").charAt(0): null

2018-03-13 11:00:10 - [TEST_STEP][PASSED] - Statement - If (ch_prev > ch): null

2018-03-13 11:00:10 - [TEST_STEP][PASSED] - Statement - el = wes.get(i): null

2018-03-13 11:00:10 - [TEST_STEP][PASSED] - Statement - el_prev = wes.get(i - 1): null

2018-03-13 11:00:10 - [TEST_STEP][PASSED] - Statement - text = el.getAttribute("innerHTML"): null

2018-03-13 11:00:10 - [TEST_STEP][PASSED] - Statement - text_prev = el_prev.getAttribute("innerHTML"): null

2018-03-13 11:00:10 - [TEST_STEP][PASSED] - Statement - text = text.replaceAll("ö", "o"): null

2018-03-13 11:00:10 - [TEST_STEP][PASSED] - Statement - text = text.replaceAll("Ö", "O"): null

2018-03-13 11:00:10 - [TEST_STEP][PASSED] - Statement - text_prev = text_prev.replaceAll("ö", "o"): null

2018-03-13 11:00:10 - [TEST_STEP][PASSED] - Statement - text_prev = text_prev.replaceAll("Ö", "O"): null

2018-03-13 11:00:10 - [TEST_STEP][PASSED] - Statement - text = text.replaceAll("ä", "a"): null

2018-03-13 11:00:10 - [TEST_STEP][PASSED] - Statement - text = text.replaceAll("Ä", "A"): null

2018-03-13 11:00:10 - [TEST_STEP][PASSED] - Statement - text_prev = text_prev.replaceAll("ä", "a"): null

2018-03-13 11:00:10 - [TEST_STEP][PASSED] - Statement - text_prev = text_prev.replaceAll("Ä", "A"): null

2018-03-13 11:00:10 - [TEST_STEP][PASSED] - Statement - text = text.replaceAll("ü", "u"): null

2018-03-13 11:00:10 - [TEST_STEP][PASSED] - Statement - text = text.replaceAll("Ü", "U"): null

2018-03-13 11:00:10 - [TEST_STEP][PASSED] - Statement - text_prev = text_prev.replaceAll("ü", "u"): null

2018-03-13 11:00:10 - [TEST_STEP][PASSED] - Statement - text_prev = text_prev.replaceAll("Ü", "U"): null

2018-03-13 11:00:10 - [TEST_STEP][PASSED] - Statement - ch = text.charAt(0): null

2018-03-13 11:00:10 - [TEST_STEP][PASSED] - Statement - ch_prev = el_prev.getAttribute("innerHTML").charAt(0): null

2018-03-13 11:00:10 - [TEST_STEP][PASSED] - Statement - If (ch_prev > ch): null

2018-03-13 11:00:10 - [TEST_STEP][PASSED] - Statement - Else If (ch_prev == ch): null

2018-03-13 11:00:10 - [TEST_STEP][PASSED] - Statement - ch = text.charAt(1): null

2018-03-13 11:00:10 - [TEST_STEP][PASSED] - Statement - ch_prev = text_prev.charAt(1): null

2018-03-13 11:00:10 - [TEST_STEP][PASSED] - Statement - If (ch_prev > ch): null

2018-03-13 11:00:10 - [TEST_STEP][PASSED] - Statement - el = wes.get(i): null

2018-03-13 11:00:10 - [TEST_STEP][PASSED] - Statement - el_prev = wes.get(i - 1): null

2018-03-13 11:00:10 - [TEST_STEP][PASSED] - Statement - text = el.getAttribute("innerHTML"): null

2018-03-13 11:00:10 - [TEST_STEP][PASSED] - Statement - text_prev = el_prev.getAttribute("innerHTML"): null

2018-03-13 11:00:10 - [TEST_STEP][PASSED] - Statement - text = text.replaceAll("ö", "o"): null

2018-03-13 11:00:10 - [TEST_STEP][PASSED] - Statement - text = text.replaceAll("Ö", "O"): null

2018-03-13 11:00:10 - [TEST_STEP][PASSED] - Statement - text_prev = text_prev.replaceAll("ö", "o"): null

2018-03-13 11:00:10 - [TEST_STEP][PASSED] - Statement - text_prev = text_prev.replaceAll("Ö", "O"): null

2018-03-13 11:00:10 - [TEST_STEP][PASSED] - Statement - text = text.replaceAll("ä", "a"): null

2018-03-13 11:00:10 - [TEST_STEP][PASSED] - Statement - text = text.replaceAll("Ä", "A"): null

2018-03-13 11:00:10 - [TEST_STEP][PASSED] - Statement - text_prev = text_prev.replaceAll("ä", "a"): null

2018-03-13 11:00:10 - [TEST_STEP][PASSED] - Statement - text_prev = text_prev.replaceAll("Ä", "A"): null

2018-03-13 11:00:10 - [TEST_STEP][PASSED] - Statement - text = text.replaceAll("ü", "u"): null

2018-03-13 11:00:10 - [TEST_STEP][PASSED] - Statement - text = text.replaceAll("Ü", "U"): null

2018-03-13 11:00:10 - [TEST_STEP][PASSED] - Statement - text_prev = text_prev.replaceAll("ü", "u"): null

2018-03-13 11:00:10 - [TEST_STEP][PASSED] - Statement - text_prev = text_prev.replaceAll("Ü", "U"): null

2018-03-13 11:00:10 - [TEST_STEP][PASSED] - Statement - ch = text.charAt(0): null

2018-03-13 11:00:10 - [TEST_STEP][PASSED] - Statement - ch_prev = el_prev.getAttribute("innerHTML").charAt(0): null

2018-03-13 11:00:10 - [TEST_STEP][PASSED] - Statement - If (ch_prev > ch): null

2018-03-13 11:00:10 - [TEST_STEP][PASSED] - Statement - el = wes.get(i): null

2018-03-13 11:00:10 - [TEST_STEP][PASSED] - Statement - el_prev = wes.get(i - 1): null

2018-03-13 11:00:10 - [TEST_STEP][PASSED] - Statement - text = el.getAttribute("innerHTML"): null

2018-03-13 11:00:10 - [TEST_STEP][PASSED] - Statement - text_prev = el_prev.getAttribute("innerHTML"): null

2018-03-13 11:00:10 - [TEST_STEP][PASSED] - Statement - text = text.replaceAll("ö", "o"): null

2018-03-13 11:00:10 - [TEST_STEP][PASSED] - Statement - text = text.replaceAll("Ö", "O"): null

2018-03-13 11:00:10 - [TEST_STEP][PASSED] - Statement - text_prev = text_prev.replaceAll("ö", "o"): null

2018-03-13 11:00:10 - [TEST_STEP][PASSED] - Statement - text_prev = text_prev.replaceAll("Ö", "O"): null

2018-03-13 11:00:10 - [TEST_STEP][PASSED] - Statement - text = text.replaceAll("ä", "a"): null

2018-03-13 11:00:10 - [TEST_STEP][PASSED] - Statement - text = text.replaceAll("Ä", "A"): null

2018-03-13 11:00:10 - [TEST_STEP][PASSED] - Statement - text_prev = text_prev.replaceAll("ä", "a"): null

2018-03-13 11:00:10 - [TEST_STEP][PASSED] - Statement - text_prev = text_prev.replaceAll("Ä", "A"): null

2018-03-13 11:00:10 - [TEST_STEP][PASSED] - Statement - text = text.replaceAll("ü", "u"): null

2018-03-13 11:00:10 - [TEST_STEP][PASSED] - Statement - text = text.replaceAll("Ü", "U"): null

2018-03-13 11:00:10 - [TEST_STEP][PASSED] - Statement - text_prev = text_prev.replaceAll("ü", "u"): null

2018-03-13 11:00:10 - [TEST_STEP][PASSED] - Statement - text_prev = text_prev.replaceAll("Ü", "U"): null

2018-03-13 11:00:10 - [TEST_STEP][PASSED] - Statement - ch = text.charAt(0): null

2018-03-13 11:00:10 - [TEST_STEP][PASSED] - Statement - ch_prev = el_prev.getAttribute("innerHTML").charAt(0): null

2018-03-13 11:00:10 - [TEST_STEP][PASSED] - Statement - If (ch_prev > ch): null

2018-03-13 11:00:10 - [TEST_STEP][PASSED] - Statement - Else If (ch_prev == ch): null

2018-03-13 11:00:10 - [TEST_STEP][PASSED] - Statement - ch = text.charAt(1): null

2018-03-13 11:00:10 - [TEST_STEP][PASSED] - Statement - ch_prev = text_prev.charAt(1): null

2018-03-13 11:00:10 - [TEST_STEP][PASSED] - Statement - If (ch_prev > ch): null

2018-03-13 11:00:10 - [TEST_STEP][PASSED] - Statement - el = wes.get(i): null

2018-03-13 11:00:10 - [TEST_STEP][PASSED] - Statement - el_prev = wes.get(i - 1): null

2018-03-13 11:00:10 - [TEST_STEP][PASSED] - Statement - text = el.getAttribute("innerHTML"): null

2018-03-13 11:00:10 - [TEST_STEP][PASSED] - Statement - text_prev = el_prev.getAttribute("innerHTML"): null

2018-03-13 11:00:10 - [TEST_STEP][PASSED] - Statement - text = text.replaceAll("ö", "o"): null

2018-03-13 11:00:10 - [TEST_STEP][PASSED] - Statement - text = text.replaceAll("Ö", "O"): null

2018-03-13 11:00:10 - [TEST_STEP][PASSED] - Statement - text_prev = text_prev.replaceAll("ö", "o"): null

2018-03-13 11:00:10 - [TEST_STEP][PASSED] - Statement - text_prev = text_prev.replaceAll("Ö", "O"): null

2018-03-13 11:00:10 - [TEST_STEP][PASSED] - Statement - text = text.replaceAll("ä", "a"): null

2018-03-13 11:00:10 - [TEST_STEP][PASSED] - Statement - text = text.replaceAll("Ä", "A"): null

2018-03-13 11:00:10 - [TEST_STEP][PASSED] - Statement - text_prev = text_prev.replaceAll("ä", "a"): null

2018-03-13 11:00:10 - [TEST_STEP][PASSED] - Statement - text_prev = text_prev.replaceAll("Ä", "A"): null

2018-03-13 11:00:10 - [TEST_STEP][PASSED] - Statement - text = text.replaceAll("ü", "u"): null

2018-03-13 11:00:10 - [TEST_STEP][PASSED] - Statement - text = text.replaceAll("Ü", "U"): null

2018-03-13 11:00:10 - [TEST_STEP][PASSED] - Statement - text_prev = text_prev.replaceAll("ü", "u"): null

2018-03-13 11:00:10 - [TEST_STEP][PASSED] - Statement - text_prev = text_prev.replaceAll("Ü", "U"): null

2018-03-13 11:00:10 - [TEST_STEP][PASSED] - Statement - ch = text.charAt(0): null

2018-03-13 11:00:10 - [TEST_STEP][PASSED] - Statement - ch_prev = el_prev.getAttribute("innerHTML").charAt(0): null

2018-03-13 11:00:10 - [TEST_STEP][PASSED] - Statement - If (ch_prev > ch): null

2018-03-13 11:00:10 - [TEST_STEP][PASSED] - Statement - Else If (ch_prev == ch): null

2018-03-13 11:00:10 - [TEST_STEP][PASSED] - Statement - ch = text.charAt(1): null

2018-03-13 11:00:10 - [TEST_STEP][PASSED] - Statement - ch_prev = text_prev.charAt(1): null

2018-03-13 11:00:10 - [TEST_STEP][PASSED] - Statement - If (ch_prev > ch): null

2018-03-13 11:00:10 - [TEST_STEP][PASSED] - Statement - Else If (ch_prev == ch): null

2018-03-13 11:00:10 - [TEST_STEP][PASSED] - Statement - ch = text.charAt(2): null

2018-03-13 11:00:10 - [TEST_STEP][PASSED] - Statement - ch_prev = text_prev.charAt(2): null

2018-03-13 11:00:10 - [TEST_STEP][PASSED] - Statement - If (ch_prev > ch): null

2018-03-13 11:00:10 - [TEST_STEP][PASSED] - Statement - el = wes.get(i): null

2018-03-13 11:00:10 - [TEST_STEP][PASSED] - Statement - el_prev = wes.get(i - 1): null

2018-03-13 11:00:10 - [TEST_STEP][PASSED] - Statement - text = el.getAttribute("innerHTML"): null

2018-03-13 11:00:11 - [TEST_STEP][PASSED] - Statement - text_prev = el_prev.getAttribute("innerHTML"): null

2018-03-13 11:00:11 - [TEST_STEP][PASSED] - Statement - text = text.replaceAll("ö", "o"): null

2018-03-13 11:00:11 - [TEST_STEP][PASSED] - Statement - text = text.replaceAll("Ö", "O"): null

2018-03-13 11:00:11 - [TEST_STEP][PASSED] - Statement - text_prev = text_prev.replaceAll("ö", "o"): null

2018-03-13 11:00:11 - [TEST_STEP][PASSED] - Statement - text_prev = text_prev.replaceAll("Ö", "O"): null

2018-03-13 11:00:11 - [TEST_STEP][PASSED] - Statement - text = text.replaceAll("ä", "a"): null

2018-03-13 11:00:11 - [TEST_STEP][PASSED] - Statement - text = text.replaceAll("Ä", "A"): null

2018-03-13 11:00:11 - [TEST_STEP][PASSED] - Statement - text_prev = text_prev.replaceAll("ä", "a"): null

2018-03-13 11:00:11 - [TEST_STEP][PASSED] - Statement - text_prev = text_prev.replaceAll("Ä", "A"): null

2018-03-13 11:00:11 - [TEST_STEP][PASSED] - Statement - text = text.replaceAll("ü", "u"): null

2018-03-13 11:00:11 - [TEST_STEP][PASSED] - Statement - text = text.replaceAll("Ü", "U"): null

2018-03-13 11:00:11 - [TEST_STEP][PASSED] - Statement - text_prev = text_prev.replaceAll("ü", "u"): null

2018-03-13 11:00:11 - [TEST_STEP][PASSED] - Statement - text_prev = text_prev.replaceAll("Ü", "U"): null

2018-03-13 11:00:11 - [TEST_STEP][PASSED] - Statement - ch = text.charAt(0): null

2018-03-13 11:00:11 - [TEST_STEP][PASSED] - Statement - ch_prev = el_prev.getAttribute("innerHTML").charAt(0): null

2018-03-13 11:00:11 - [TEST_STEP][PASSED] - Statement - If (ch_prev > ch): null

2018-03-13 11:00:11 - [TEST_STEP][PASSED] - Statement - Else If (ch_prev == ch): null

2018-03-13 11:00:11 - [TEST_STEP][PASSED] - Statement - ch = text.charAt(1): null

2018-03-13 11:00:11 - [TEST_STEP][PASSED] - Statement - ch_prev = text_prev.charAt(1): null

2018-03-13 11:00:11 - [TEST_STEP][PASSED] - Statement - If (ch_prev > ch): null

2018-03-13 11:00:11 - [TEST_STEP][PASSED] - Statement - el = wes.get(i): null

2018-03-13 11:00:11 - [TEST_STEP][PASSED] - Statement - el_prev = wes.get(i - 1): null

2018-03-13 11:00:11 - [TEST_STEP][PASSED] - Statement - text = el.getAttribute("innerHTML"): null

2018-03-13 11:00:11 - [TEST_STEP][PASSED] - Statement - text_prev = el_prev.getAttribute("innerHTML"): null

2018-03-13 11:00:11 - [TEST_STEP][PASSED] - Statement - text = text.replaceAll("ö", "o"): null

2018-03-13 11:00:11 - [TEST_STEP][PASSED] - Statement - text = text.replaceAll("Ö", "O"): null

2018-03-13 11:00:11 - [TEST_STEP][PASSED] - Statement - text_prev = text_prev.replaceAll("ö", "o"): null

2018-03-13 11:00:11 - [TEST_STEP][PASSED] - Statement - text_prev = text_prev.replaceAll("Ö", "O"): null

2018-03-13 11:00:11 - [TEST_STEP][PASSED] - Statement - text = text.replaceAll("ä", "a"): null

2018-03-13 11:00:11 - [TEST_STEP][PASSED] - Statement - text = text.replaceAll("Ä", "A"): null

2018-03-13 11:00:11 - [TEST_STEP][PASSED] - Statement - text_prev = text_prev.replaceAll("ä", "a"): null

2018-03-13 11:00:11 - [TEST_STEP][PASSED] - Statement - text_prev = text_prev.replaceAll("Ä", "A"): null

2018-03-13 11:00:11 - [TEST_STEP][PASSED] - Statement - text = text.replaceAll("ü", "u"): null

2018-03-13 11:00:11 - [TEST_STEP][PASSED] - Statement - text = text.replaceAll("Ü", "U"): null

2018-03-13 11:00:11 - [TEST_STEP][PASSED] - Statement - text_prev = text_prev.replaceAll("ü", "u"): null

2018-03-13 11:00:11 - [TEST_STEP][PASSED] - Statement - text_prev = text_prev.replaceAll("Ü", "U"): null

2018-03-13 11:00:11 - [TEST_STEP][PASSED] - Statement - ch = text.charAt(0): null

2018-03-13 11:00:11 - [TEST_STEP][PASSED] - Statement - ch_prev = el_prev.getAttribute("innerHTML").charAt(0): null

2018-03-13 11:00:11 - [TEST_STEP][PASSED] - Statement - If (ch_prev > ch): null

2018-03-13 11:00:11 - [TEST_STEP][PASSED] - Statement - el = wes.get(i): null

2018-03-13 11:00:11 - [TEST_STEP][PASSED] - Statement - el_prev = wes.get(i - 1): null

2018-03-13 11:00:11 - [TEST_STEP][PASSED] - Statement - text = el.getAttribute("innerHTML"): null

2018-03-13 11:00:11 - [TEST_STEP][PASSED] - Statement - text_prev = el_prev.getAttribute("innerHTML"): null

2018-03-13 11:00:11 - [TEST_STEP][PASSED] - Statement - text = text.replaceAll("ö", "o"): null

2018-03-13 11:00:11 - [TEST_STEP][PASSED] - Statement - text = text.replaceAll("Ö", "O"): null

2018-03-13 11:00:11 - [TEST_STEP][PASSED] - Statement - text_prev = text_prev.replaceAll("ö", "o"): null

2018-03-13 11:00:11 - [TEST_STEP][PASSED] - Statement - text_prev = text_prev.replaceAll("Ö", "O"): null

2018-03-13 11:00:11 - [TEST_STEP][PASSED] - Statement - text = text.replaceAll("ä", "a"): null

2018-03-13 11:00:11 - [TEST_STEP][PASSED] - Statement - text = text.replaceAll("Ä", "A"): null

2018-03-13 11:00:11 - [TEST_STEP][PASSED] - Statement - text_prev = text_prev.replaceAll("ä", "a"): null

2018-03-13 11:00:11 - [TEST_STEP][PASSED] - Statement - text_prev = text_prev.replaceAll("Ä", "A"): null

2018-03-13 11:00:11 - [TEST_STEP][PASSED] - Statement - text = text.replaceAll("ü", "u"): null

2018-03-13 11:00:11 - [TEST_STEP][PASSED] - Statement - text = text.replaceAll("Ü", "U"): null

2018-03-13 11:00:11 - [TEST_STEP][PASSED] - Statement - text_prev = text_prev.replaceAll("ü", "u"): null

2018-03-13 11:00:11 - [TEST_STEP][PASSED] - Statement - text_prev = text_prev.replaceAll("Ü", "U"): null

2018-03-13 11:00:11 - [TEST_STEP][PASSED] - Statement - ch = text.charAt(0): null

2018-03-13 11:00:11 - [TEST_STEP][PASSED] - Statement - ch_prev = el_prev.getAttribute("innerHTML").charAt(0): null

2018-03-13 11:00:11 - [TEST_STEP][PASSED] - Statement - If (ch_prev > ch): null

2018-03-13 11:00:11 - [TEST_STEP][PASSED] - Statement - Else If (ch_prev == ch): null

2018-03-13 11:00:11 - [TEST_STEP][PASSED] - Statement - ch = text.charAt(1): null

2018-03-13 11:00:11 - [TEST_STEP][PASSED] - Statement - ch_prev = text_prev.charAt(1): null

2018-03-13 11:00:11 - [TEST_STEP][PASSED] - Statement - If (ch_prev > ch): null

2018-03-13 11:00:11 - [TEST_STEP][PASSED] - Statement - Else If (ch_prev == ch): null

2018-03-13 11:00:11 - [TEST_STEP][PASSED] - Statement - ch = text.charAt(2): null

2018-03-13 11:00:11 - [TEST_STEP][PASSED] - Statement - ch_prev = text_prev.charAt(2): null

2018-03-13 11:00:11 - [TEST_STEP][PASSED] - Statement - If (ch_prev > ch): null

2018-03-13 11:00:11 - [TEST_STEP][PASSED] - Statement - el = wes.get(i): null

2018-03-13 11:00:11 - [TEST_STEP][PASSED] - Statement - el_prev = wes.get(i - 1): null

2018-03-13 11:00:11 - [TEST_STEP][PASSED] - Statement - text = el.getAttribute("innerHTML"): null

2018-03-13 11:00:11 - [TEST_STEP][PASSED] - Statement - text_prev = el_prev.getAttribute("innerHTML"): null

2018-03-13 11:00:11 - [TEST_STEP][PASSED] - Statement - text = text.replaceAll("ö", "o"): null

2018-03-13 11:00:11 - [TEST_STEP][PASSED] - Statement - text = text.replaceAll("Ö", "O"): null

2018-03-13 11:00:11 - [TEST_STEP][PASSED] - Statement - text_prev = text_prev.replaceAll("ö", "o"): null

2018-03-13 11:00:11 - [TEST_STEP][PASSED] - Statement - text_prev = text_prev.replaceAll("Ö", "O"): null

2018-03-13 11:00:11 - [TEST_STEP][PASSED] - Statement - text = text.replaceAll("ä", "a"): null

2018-03-13 11:00:11 - [TEST_STEP][PASSED] - Statement - text = text.replaceAll("Ä", "A"): null

2018-03-13 11:00:11 - [TEST_STEP][PASSED] - Statement - text_prev = text_prev.replaceAll("ä", "a"): null

2018-03-13 11:00:11 - [TEST_STEP][PASSED] - Statement - text_prev = text_prev.replaceAll("Ä", "A"): null

2018-03-13 11:00:11 - [TEST_STEP][PASSED] - Statement - text = text.replaceAll("ü", "u"): null

2018-03-13 11:00:11 - [TEST_STEP][PASSED] - Statement - text = text.replaceAll("Ü", "U"): null

2018-03-13 11:00:11 - [TEST_STEP][PASSED] - Statement - text_prev = text_prev.replaceAll("ü", "u"): null

2018-03-13 11:00:11 - [TEST_STEP][PASSED] - Statement - text_prev = text_prev.replaceAll("Ü", "U"): null

2018-03-13 11:00:11 - [TEST_STEP][PASSED] - Statement - ch = text.charAt(0): null

2018-03-13 11:00:11 - [TEST_STEP][PASSED] - Statement - ch_prev = el_prev.getAttribute("innerHTML").charAt(0): null

2018-03-13 11:00:11 - [TEST_STEP][PASSED] - Statement - If (ch_prev > ch): null

2018-03-13 11:00:11 - [TEST_STEP][PASSED] - Statement - el = wes.get(i): null

2018-03-13 11:00:11 - [TEST_STEP][PASSED] - Statement - el_prev = wes.get(i - 1): null

2018-03-13 11:00:11 - [TEST_STEP][PASSED] - Statement - text = el.getAttribute("innerHTML"): null

2018-03-13 11:00:11 - [TEST_STEP][PASSED] - Statement - text_prev = el_prev.getAttribute("innerHTML"): null

2018-03-13 11:00:11 - [TEST_STEP][PASSED] - Statement - text = text.replaceAll("ö", "o"): null

2018-03-13 11:00:11 - [TEST_STEP][PASSED] - Statement - text = text.replaceAll("Ö", "O"): null

2018-03-13 11:00:11 - [TEST_STEP][PASSED] - Statement - text_prev = text_prev.replaceAll("ö", "o"): null

2018-03-13 11:00:11 - [TEST_STEP][PASSED] - Statement - text_prev = text_prev.replaceAll("Ö", "O"): null

2018-03-13 11:00:11 - [TEST_STEP][PASSED] - Statement - text = text.replaceAll("ä", "a"): null

2018-03-13 11:00:11 - [TEST_STEP][PASSED] - Statement - text = text.replaceAll("Ä", "A"): null

2018-03-13 11:00:11 - [TEST_STEP][PASSED] - Statement - text_prev = text_prev.replaceAll("ä", "a"): null

2018-03-13 11:00:11 - [TEST_STEP][PASSED] - Statement - text_prev = text_prev.replaceAll("Ä", "A"): null

2018-03-13 11:00:11 - [TEST_STEP][PASSED] - Statement - text = text.replaceAll("ü", "u"): null

2018-03-13 11:00:11 - [TEST_STEP][PASSED] - Statement - text = text.replaceAll("Ü", "U"): null

2018-03-13 11:00:11 - [TEST_STEP][PASSED] - Statement - text_prev = text_prev.replaceAll("ü", "u"): null

2018-03-13 11:00:11 - [TEST_STEP][PASSED] - Statement - text_prev = text_prev.replaceAll("Ü", "U"): null

2018-03-13 11:00:11 - [TEST_STEP][PASSED] - Statement - ch = text.charAt(0): null

2018-03-13 11:00:11 - [TEST_STEP][PASSED] - Statement - ch_prev = el_prev.getAttribute("innerHTML").charAt(0): null

2018-03-13 11:00:11 - [TEST_STEP][PASSED] - Statement - If (ch_prev > ch): null

2018-03-13 11:00:11 - [TEST_STEP][PASSED] - Statement - Else If (ch_prev == ch): null

2018-03-13 11:00:11 - [TEST_STEP][PASSED] - Statement - ch = text.charAt(1): null

2018-03-13 11:00:11 - [TEST_STEP][PASSED] - Statement - ch_prev = text_prev.charAt(1): null

2018-03-13 11:00:11 - [TEST_STEP][PASSED] - Statement - If (ch_prev > ch): null

2018-03-13 11:00:11 - [TEST_STEP][PASSED] - Statement - Else If (ch_prev == ch): null

2018-03-13 11:00:11 - [TEST_STEP][PASSED] - Statement - ch = text.charAt(2): null

2018-03-13 11:00:11 - [TEST_STEP][PASSED] - Statement - ch_prev = text_prev.charAt(2): null

2018-03-13 11:00:11 - [TEST_STEP][PASSED] - Statement - If (ch_prev > ch): null

2018-03-13 11:00:11 - [TEST_STEP][PASSED] - Statement - el = wes.get(i): null

2018-03-13 11:00:11 - [TEST_STEP][PASSED] - Statement - el_prev = wes.get(i - 1): null

2018-03-13 11:00:11 - [TEST_STEP][PASSED] - Statement - text = el.getAttribute("innerHTML"): null

2018-03-13 11:00:11 - [TEST_STEP][PASSED] - Statement - text_prev = el_prev.getAttribute("innerHTML"): null

2018-03-13 11:00:11 - [TEST_STEP][PASSED] - Statement - text = text.replaceAll("ö", "o"): null

2018-03-13 11:00:11 - [TEST_STEP][PASSED] - Statement - text = text.replaceAll("Ö", "O"): null

2018-03-13 11:00:11 - [TEST_STEP][PASSED] - Statement - text_prev = text_prev.replaceAll("ö", "o"): null

2018-03-13 11:00:11 - [TEST_STEP][PASSED] - Statement - text_prev = text_prev.replaceAll("Ö", "O"): null

2018-03-13 11:00:11 - [TEST_STEP][PASSED] - Statement - text = text.replaceAll("ä", "a"): null

2018-03-13 11:00:11 - [TEST_STEP][PASSED] - Statement - text = text.replaceAll("Ä", "A"): null

2018-03-13 11:00:11 - [TEST_STEP][PASSED] - Statement - text_prev = text_prev.replaceAll("ä", "a"): null

2018-03-13 11:00:11 - [TEST_STEP][PASSED] - Statement - text_prev = text_prev.replaceAll("Ä", "A"): null

2018-03-13 11:00:11 - [TEST_STEP][PASSED] - Statement - text = text.replaceAll("ü", "u"): null

2018-03-13 11:00:11 - [TEST_STEP][PASSED] - Statement - text = text.replaceAll("Ü", "U"): null

2018-03-13 11:00:11 - [TEST_STEP][PASSED] - Statement - text_prev = text_prev.replaceAll("ü", "u"): null

2018-03-13 11:00:11 - [TEST_STEP][PASSED] - Statement - text_prev = text_prev.replaceAll("Ü", "U"): null

2018-03-13 11:00:11 - [TEST_STEP][PASSED] - Statement - ch = text.charAt(0): null

2018-03-13 11:00:11 - [TEST_STEP][PASSED] - Statement - ch_prev = el_prev.getAttribute("innerHTML").charAt(0): null

2018-03-13 11:00:11 - [TEST_STEP][PASSED] - Statement - If (ch_prev > ch): null

2018-03-13 11:00:11 - [TEST_STEP][PASSED] - Statement - Else If (ch_prev == ch): null

2018-03-13 11:00:11 - [TEST_STEP][PASSED] - Statement - ch = text.charAt(1): null

2018-03-13 11:00:11 - [TEST_STEP][PASSED] - Statement - ch_prev = text_prev.charAt(1): null

2018-03-13 11:00:11 - [TEST_STEP][PASSED] - Statement - If (ch_prev > ch): null

2018-03-13 11:00:11 - [TEST_STEP][PASSED] - Statement - el = wes.get(i): null

2018-03-13 11:00:11 - [TEST_STEP][PASSED] - Statement - el_prev = wes.get(i - 1): null

2018-03-13 11:00:11 - [TEST_STEP][PASSED] - Statement - text = el.getAttribute("innerHTML"): null

2018-03-13 11:00:11 - [TEST_STEP][PASSED] - Statement - text_prev = el_prev.getAttribute("innerHTML"): null

2018-03-13 11:00:11 - [TEST_STEP][PASSED] - Statement - text = text.replaceAll("ö", "o"): null

2018-03-13 11:00:11 - [TEST_STEP][PASSED] - Statement - text = text.replaceAll("Ö", "O"): null

2018-03-13 11:00:11 - [TEST_STEP][PASSED] - Statement - text_prev = text_prev.replaceAll("ö", "o"): null

2018-03-13 11:00:11 - [TEST_STEP][PASSED] - Statement - text_prev = text_prev.replaceAll("Ö", "O"): null

2018-03-13 11:00:11 - [TEST_STEP][PASSED] - Statement - text = text.replaceAll("ä", "a"): null

2018-03-13 11:00:11 - [TEST_STEP][PASSED] - Statement - text = text.replaceAll("Ä", "A"): null

2018-03-13 11:00:11 - [TEST_STEP][PASSED] - Statement - text_prev = text_prev.replaceAll("ä", "a"): null

2018-03-13 11:00:11 - [TEST_STEP][PASSED] - Statement - text_prev = text_prev.replaceAll("Ä", "A"): null

2018-03-13 11:00:11 - [TEST_STEP][PASSED] - Statement - text = text.replaceAll("ü", "u"): null

2018-03-13 11:00:11 - [TEST_STEP][PASSED] - Statement - text = text.replaceAll("Ü", "U"): null

2018-03-13 11:00:11 - [TEST_STEP][PASSED] - Statement - text_prev = text_prev.replaceAll("ü", "u"): null

2018-03-13 11:00:11 - [TEST_STEP][PASSED] - Statement - text_prev = text_prev.replaceAll("Ü", "U"): null

2018-03-13 11:00:11 - [TEST_STEP][PASSED] - Statement - ch = text.charAt(0): null

2018-03-13 11:00:11 - [TEST_STEP][PASSED] - Statement - ch_prev = el_prev.getAttribute("innerHTML").charAt(0): null

2018-03-13 11:00:11 - [TEST_STEP][PASSED] - Statement - If (ch_prev > ch): null

2018-03-13 11:00:11 - [TEST_STEP][PASSED] - Statement - Else If (ch_prev == ch): null

2018-03-13 11:00:11 - [TEST_STEP][PASSED] - Statement - ch = text.charAt(1): null

2018-03-13 11:00:11 - [TEST_STEP][PASSED] - Statement - ch_prev = text_prev.charAt(1): null

2018-03-13 11:00:11 - [TEST_STEP][PASSED] - Statement - If (ch_prev > ch): null

2018-03-13 11:00:11 - [TEST_STEP][PASSED] - Statement - Else If (ch_prev == ch): null

2018-03-13 11:00:11 - [TEST_STEP][PASSED] - Statement - ch = text.charAt(2): null

2018-03-13 11:00:11 - [TEST_STEP][PASSED] - Statement - ch_prev = text_prev.charAt(2): null

2018-03-13 11:00:11 - [TEST_STEP][PASSED] - Statement - If (ch_prev > ch): null

2018-03-13 11:00:11 - [TEST_STEP][PASSED] - closeBrowser: Browser is closed

2018-03-13 11:00:12 - [MESSAGE][PASSED] - Browser is closed]]></system-out>
         <system-err><![CDATA[]]></system-err>
      </testcase>
      <testcase name="Test Cases/Prototyp_Filialsuche (RC 18)/40_Testfall" classname="Test Cases/Prototyp_Filialsuche (RC 18)/40_Testfall" status="FAILED">
         <failure type="FAILED" message="Unable to move mouse over object 'Object Repository/40_TF/Page_Filialsuche-wangen - BVR HTML/div_Brtlingen' (Root cause: com.kms.katalon.core.webui.exception.WebElementNotFoundException: Web element with id: 'Object Repository/40_TF/Page_Filialsuche-wangen - BVR HTML/div_Brtlingen' located by 'By.xpath: //div[@id = 'ui-id-5' and (text() = 'Börtlingen' or . = 'Börtlingen')]' not found)"/>
         <system-out><![CDATA[2018-03-13 11:00:12 - [TEST_CASE][FAILED] - Test Cases/Prototyp_Filialsuche (RC 18)/40_Testfall: Test Cases/Prototyp_Filialsuche (RC 18)/40_Testfall FAILED because (of) Unable to move mouse over object 'Object Repository/40_TF/Page_Filialsuche-wangen - BVR HTML/div_Brtlingen' (Root cause: com.kms.katalon.core.webui.exception.WebElementNotFoundException: Web element with id: 'Object Repository/40_TF/Page_Filialsuche-wangen - BVR HTML/div_Brtlingen' located by 'By.xpath: //div[@id = 'ui-id-5' and (text() = 'Börtlingen' or . = 'Börtlingen')]' not found)

2018-03-13 11:00:12 - [TEST_STEP][PASSED] - openBrowser: Browser is opened with url: ''

2018-03-13 11:00:14 - [MESSAGE][PASSED] - Browser is opened with url: ''

2018-03-13 11:00:14 - [TEST_STEP][PASSED] - deleteAllCookies: Delete all cookies successfully

2018-03-13 11:00:14 - [MESSAGE][PASSED] - Delete all cookies successfully

2018-03-13 11:00:14 - [TEST_STEP][PASSED] - maximizeWindow: Current window maximized

2018-03-13 11:00:14 - [MESSAGE][PASSED] - Current window maximized

2018-03-13 11:00:14 - [TEST_STEP][PASSED] - navigateToUrl: Navigate to 'http://rc-ogrhtmlprototyp.testintern/18-1-0/filialsuche-wangen.html' successfully

2018-03-13 11:00:14 - [MESSAGE][PASSED] - Navigate to 'http://rc-ogrhtmlprototyp.testintern/18-1-0/filialsuche-wangen.html' successfully

2018-03-13 11:00:14 - [TEST_STEP][PASSED] - delay: Delayed 2 second(s)

2018-03-13 11:00:16 - [MESSAGE][PASSED] - Delayed 2 second(s)

2018-03-13 11:00:16 - [TEST_STEP][PASSED] - click: Object: 'Object Repository/40_TF/Page_Filialsuche-wangen - BVR HTML/svg_dropdown-icons' is clicked on

2018-03-13 11:00:17 - [MESSAGE][PASSED] - Object: 'Object Repository/40_TF/Page_Filialsuche-wangen - BVR HTML/svg_dropdown-icons' is clicked on

2018-03-13 11:00:17 - [TEST_STEP][PASSED] - delay: Delayed 2 second(s)

2018-03-13 11:00:19 - [MESSAGE][PASSED] - Delayed 2 second(s)

2018-03-13 11:00:19 - [TEST_STEP][FAILED] - mouseOver: Unable to move mouse over object 'Object Repository/40_TF/Page_Filialsuche-wangen - BVR HTML/div_Brtlingen' (Root cause: com.kms.katalon.core.webui.exception.WebElementNotFoundException: Web element with id: 'Object Repository/40_TF/Page_Filialsuche-wangen - BVR HTML/div_Brtlingen' located by 'By.xpath: //div[@id = 'ui-id-5' and (text() = 'Börtlingen' or . = 'Börtlingen')]' not found)

2018-03-13 11:01:07 - [MESSAGE][FAILED] - Unable to move mouse over object 'Object Repository/40_TF/Page_Filialsuche-wangen - BVR HTML/div_Brtlingen' (Root cause: com.kms.katalon.core.webui.exception.WebElementNotFoundException: Web element with id: 'Object Repository/40_TF/Page_Filialsuche-wangen - BVR HTML/div_Brtlingen' located by 'By.xpath: //div[@id = 'ui-id-5' and (text() = 'Börtlingen' or . = 'Börtlingen')]' not found)
[[ATTACHMENT|C:\\Users\\lbut\\Downloads\\Prototyp1_12_03\\Prototyp1\\Reports\\Prototyp Filialsuche (RC18) 13_03_2018\\20180313_104448\\1520935266945.png]]]]></system-out>
         <system-err><![CDATA[2018-03-13 11:00:12 - [TEST_CASE][FAILED] - Test Cases/Prototyp_Filialsuche (RC 18)/40_Testfall: Test Cases/Prototyp_Filialsuche (RC 18)/40_Testfall FAILED because (of) Unable to move mouse over object 'Object Repository/40_TF/Page_Filialsuche-wangen - BVR HTML/div_Brtlingen' (Root cause: com.kms.katalon.core.webui.exception.WebElementNotFoundException: Web element with id: 'Object Repository/40_TF/Page_Filialsuche-wangen - BVR HTML/div_Brtlingen' located by 'By.xpath: //div[@id = 'ui-id-5' and (text() = 'Börtlingen' or . = 'Börtlingen')]' not found)]]></system-err>
      </testcase>
      <testcase name="Test Cases/Prototyp_Filialsuche (RC 18)/41_Testfall" classname="Test Cases/Prototyp_Filialsuche (RC 18)/41_Testfall" status="PASSED">
         <system-out><![CDATA[2018-03-13 11:01:07 - [TEST_CASE][PASSED] - Test Cases/Prototyp_Filialsuche (RC 18)/41_Testfall: Test Cases/Prototyp_Filialsuche (RC 18)/41_Testfall

2018-03-13 11:01:07 - [TEST_STEP][PASSED] - openBrowser: Browser is opened with url: ''

2018-03-13 11:01:07 - [MESSAGE][WARNING] - A browser is already opened. Closing browser and opening a new one

2018-03-13 11:01:09 - [MESSAGE][PASSED] - Browser is opened with url: ''

2018-03-13 11:01:09 - [TEST_STEP][PASSED] - deleteAllCookies: Delete all cookies successfully

2018-03-13 11:01:09 - [MESSAGE][PASSED] - Delete all cookies successfully

2018-03-13 11:01:09 - [TEST_STEP][PASSED] - maximizeWindow: Current window maximized

2018-03-13 11:01:09 - [MESSAGE][PASSED] - Current window maximized

2018-03-13 11:01:09 - [TEST_STEP][PASSED] - navigateToUrl: Navigate to 'http://rc-ogrhtmlprototyp.testintern/18-1-0/filialsuche-nuernberg-textinput.html' successfully

2018-03-13 11:01:10 - [MESSAGE][PASSED] - Navigate to 'http://rc-ogrhtmlprototyp.testintern/18-1-0/filialsuche-nuernberg-textinput.html' successfully

2018-03-13 11:01:10 - [TEST_STEP][PASSED] - delay: Delayed 2 second(s)

2018-03-13 11:01:12 - [MESSAGE][PASSED] - Delayed 2 second(s)

2018-03-13 11:01:12 - [TEST_STEP][PASSED] - setText: Text 'Ansbach' is set on object 'Object Repository/Filialsuche_Inputtext'

2018-03-13 11:01:12 - [MESSAGE][PASSED] - Text 'Ansbach' is set on object 'Object Repository/Filialsuche_Inputtext'

2018-03-13 11:01:12 - [TEST_STEP][PASSED] - submit: The form containing object: 'Object Repository/Filialsuche_submit_button' is submitted

2018-03-13 11:01:12 - [MESSAGE][PASSED] - The form containing object: 'Object Repository/Filialsuche_submit_button' is submitted

2018-03-13 11:01:12 - [TEST_STEP][PASSED] - delay: Delayed 2 second(s)

2018-03-13 11:01:14 - [MESSAGE][PASSED] - Delayed 2 second(s)

2018-03-13 11:01:14 - [TEST_STEP][PASSED] - verifyTextPresent: Text 'Martin-Luther-Platz 20' is present on page 

2018-03-13 11:01:15 - [MESSAGE][PASSED] - Text 'Martin-Luther-Platz 20' is present on page 

2018-03-13 11:01:15 - [TEST_STEP][PASSED] - verifyTextPresent: Text 'PSD Bank Nürnberg eG' is present on page 

2018-03-13 11:01:15 - [MESSAGE][PASSED] - Text 'PSD Bank Nürnberg eG' is present on page 

2018-03-13 11:01:15 - [TEST_STEP][PASSED] - setText: Text 'nürnberg' is set on object 'Object Repository/Filialsuche_Inputtext'

2018-03-13 11:01:16 - [MESSAGE][PASSED] - Text 'nürnberg' is set on object 'Object Repository/Filialsuche_Inputtext'

2018-03-13 11:01:16 - [TEST_STEP][PASSED] - submit: The form containing object: 'Object Repository/Filialsuche_submit_button' is submitted

2018-03-13 11:01:16 - [MESSAGE][PASSED] - The form containing object: 'Object Repository/Filialsuche_submit_button' is submitted

2018-03-13 11:01:16 - [TEST_STEP][PASSED] - delay: Delayed 2 second(s)

2018-03-13 11:01:18 - [MESSAGE][PASSED] - Delayed 2 second(s)

2018-03-13 11:01:18 - [TEST_STEP][PASSED] - verifyTextPresent: Text 'PSD Bank Nürnberg eG' is present on page 

2018-03-13 11:01:18 - [MESSAGE][PASSED] - Text 'PSD Bank Nürnberg eG' is present on page 

2018-03-13 11:01:18 - [TEST_STEP][PASSED] - verifyTextPresent: Text 'Willy-Brandt-Platz 8' is present on page 

2018-03-13 11:01:19 - [MESSAGE][PASSED] - Text 'Willy-Brandt-Platz 8' is present on page 

2018-03-13 11:01:19 - [TEST_STEP][PASSED] - verifyTextPresent: Text '90402 Nürnberg' is present on page 

2018-03-13 11:01:20 - [MESSAGE][PASSED] - Text '90402 Nürnberg' is present on page 

2018-03-13 11:01:20 - [TEST_STEP][PASSED] - verifyTextPresent: Text 'Beratungsbüro Ansbach' is present on page 

2018-03-13 11:01:20 - [MESSAGE][PASSED] - Text 'Beratungsbüro Ansbach' is present on page 

2018-03-13 11:01:20 - [TEST_STEP][PASSED] - setText: Text 'Bamberg' is set on object 'Object Repository/41_TF/Page_Filialsuche-nuernberg-textinpu/input_city'

2018-03-13 11:01:20 - [MESSAGE][PASSED] - Text 'Bamberg' is set on object 'Object Repository/41_TF/Page_Filialsuche-nuernberg-textinpu/input_city'

2018-03-13 11:01:20 - [TEST_STEP][PASSED] - submit: The form containing object: 'Object Repository/Filialsuche_submit_button' is submitted

2018-03-13 11:01:20 - [MESSAGE][PASSED] - The form containing object: 'Object Repository/Filialsuche_submit_button' is submitted

2018-03-13 11:01:20 - [TEST_STEP][PASSED] - delay: Delayed 2 second(s)

2018-03-13 11:01:22 - [MESSAGE][PASSED] - Delayed 2 second(s)

2018-03-13 11:01:22 - [TEST_STEP][PASSED] - verifyTextPresent: Text 'PSD Bank Nürnberg eG, Filiale Bamberg' is present on page 

2018-03-13 11:01:23 - [MESSAGE][PASSED] - Text 'PSD Bank Nürnberg eG, Filiale Bamberg' is present on page 

2018-03-13 11:01:23 - [TEST_STEP][PASSED] - verifyTextPresent: Text 'Hauptwachstr. 11' is present on page 

2018-03-13 11:01:24 - [MESSAGE][PASSED] - Text 'Hauptwachstr. 11' is present on page 

2018-03-13 11:01:24 - [TEST_STEP][PASSED] - verifyTextPresent: Text '96047 Bamberg' is present on page 

2018-03-13 11:01:24 - [MESSAGE][PASSED] - Text '96047 Bamberg' is present on page 

2018-03-13 11:01:24 - [TEST_STEP][PASSED] - verifyTextPresent: Text 'Beratungsbüro Bayreuth' is present on page 

2018-03-13 11:01:25 - [MESSAGE][PASSED] - Text 'Beratungsbüro Bayreuth' is present on page 

2018-03-13 11:01:25 - [TEST_STEP][PASSED] - setText: Text 'Bayreuth' is set on object 'Object Repository/41_TF/Page_Filialsuche-nuernberg-textinpu/input_city'

2018-03-13 11:01:25 - [MESSAGE][PASSED] - Text 'Bayreuth' is set on object 'Object Repository/41_TF/Page_Filialsuche-nuernberg-textinpu/input_city'

2018-03-13 11:01:25 - [TEST_STEP][PASSED] - submit: The form containing object: 'Object Repository/Filialsuche_submit_button' is submitted

2018-03-13 11:01:25 - [MESSAGE][PASSED] - The form containing object: 'Object Repository/Filialsuche_submit_button' is submitted

2018-03-13 11:01:25 - [TEST_STEP][PASSED] - delay: Delayed 2 second(s)

2018-03-13 11:01:27 - [MESSAGE][PASSED] - Delayed 2 second(s)

2018-03-13 11:01:27 - [TEST_STEP][PASSED] - verifyTextPresent: Text 'Beratungsbüro Bayreuth' is present on page 

2018-03-13 11:01:28 - [MESSAGE][PASSED] - Text 'Beratungsbüro Bayreuth' is present on page 

2018-03-13 11:01:28 - [TEST_STEP][PASSED] - verifyTextPresent: Text 'Wölfelstraße 7' is present on page 

2018-03-13 11:01:29 - [MESSAGE][PASSED] - Text 'Wölfelstraße 7' is present on page 

2018-03-13 11:01:29 - [TEST_STEP][PASSED] - verifyTextPresent: Text '95444 Bayreuth' is present on page 

2018-03-13 11:01:29 - [MESSAGE][PASSED] - Text '95444 Bayreuth' is present on page 

2018-03-13 11:01:29 - [TEST_STEP][PASSED] - verifyTextPresent: Text 'PSD Bank Nürnberg eG, Filiale Bamberg' is present on page 

2018-03-13 11:01:30 - [MESSAGE][PASSED] - Text 'PSD Bank Nürnberg eG, Filiale Bamberg' is present on page 

2018-03-13 11:01:30 - [TEST_STEP][PASSED] - closeBrowser: Browser is closed

2018-03-13 11:01:30 - [MESSAGE][PASSED] - Browser is closed]]></system-out>
         <system-err><![CDATA[]]></system-err>
      </testcase>
      <testcase name="Test Cases/Prototyp_Filialsuche (RC 18)/42_Testfall" classname="Test Cases/Prototyp_Filialsuche (RC 18)/42_Testfall" status="FAILED">
         <failure type="FAILED" message="Unable to move mouse over object 'Object Repository/42TF/Page_Filialsuche-nuernberg - BVR HT (2)/div_Ansbach' (Root cause: com.kms.katalon.core.webui.exception.WebElementNotFoundException: Web element with id: 'Object Repository/42TF/Page_Filialsuche-nuernberg - BVR HT (2)/div_Ansbach' located by 'By.xpath: //div[@id = 'ui-id-5' and (text() = 'Ansbach' or . = 'Ansbach')]' not found)"/>
         <system-out><![CDATA[2018-03-13 11:01:30 - [TEST_CASE][FAILED] - Test Cases/Prototyp_Filialsuche (RC 18)/42_Testfall: Test Cases/Prototyp_Filialsuche (RC 18)/42_Testfall FAILED because (of) Unable to move mouse over object 'Object Repository/42TF/Page_Filialsuche-nuernberg - BVR HT (2)/div_Ansbach' (Root cause: com.kms.katalon.core.webui.exception.WebElementNotFoundException: Web element with id: 'Object Repository/42TF/Page_Filialsuche-nuernberg - BVR HT (2)/div_Ansbach' located by 'By.xpath: //div[@id = 'ui-id-5' and (text() = 'Ansbach' or . = 'Ansbach')]' not found)

2018-03-13 11:01:30 - [TEST_STEP][PASSED] - openBrowser: Browser is opened with url: ''

2018-03-13 11:01:32 - [MESSAGE][PASSED] - Browser is opened with url: ''

2018-03-13 11:01:32 - [TEST_STEP][PASSED] - deleteAllCookies: Delete all cookies successfully

2018-03-13 11:01:32 - [MESSAGE][PASSED] - Delete all cookies successfully

2018-03-13 11:01:32 - [TEST_STEP][PASSED] - maximizeWindow: Current window maximized

2018-03-13 11:01:32 - [MESSAGE][PASSED] - Current window maximized

2018-03-13 11:01:32 - [TEST_STEP][PASSED] - navigateToUrl: Navigate to 'http://rc-ogrhtmlprototyp.testintern/18-1-0/filialsuche-nuernberg.html' successfully

2018-03-13 11:01:33 - [MESSAGE][PASSED] - Navigate to 'http://rc-ogrhtmlprototyp.testintern/18-1-0/filialsuche-nuernberg.html' successfully

2018-03-13 11:01:33 - [TEST_STEP][PASSED] - delay: Delayed 2 second(s)

2018-03-13 11:01:35 - [MESSAGE][PASSED] - Delayed 2 second(s)

2018-03-13 11:01:35 - [TEST_STEP][PASSED] - click: Object: 'Object Repository/42TF/Page_Filialsuche-nuernberg - BVR HT/span_PSD Bank Nrnberg eG' is clicked on

2018-03-13 11:01:36 - [MESSAGE][PASSED] - Object: 'Object Repository/42TF/Page_Filialsuche-nuernberg - BVR HT/span_PSD Bank Nrnberg eG' is clicked on

2018-03-13 11:01:36 - [TEST_STEP][PASSED] - verifyTextPresent: Text 'PSD Bank Nürnberg eG' is present on page 

2018-03-13 11:01:37 - [MESSAGE][PASSED] - Text 'PSD Bank Nürnberg eG' is present on page 

2018-03-13 11:01:37 - [TEST_STEP][PASSED] - verifyTextPresent: Text 'Willy-Brandt-Platz 8' is present on page 

2018-03-13 11:01:38 - [MESSAGE][PASSED] - Text 'Willy-Brandt-Platz 8' is present on page 

2018-03-13 11:01:38 - [TEST_STEP][PASSED] - verifyTextPresent: Text '90402 Nürnberg' is present on page 

2018-03-13 11:01:39 - [MESSAGE][PASSED] - Text '90402 Nürnberg' is present on page 

2018-03-13 11:01:39 - [TEST_STEP][PASSED] - click: Object: 'Object Repository/42TF/Page_Filialsuche-nuernberg - BVR HT/span_Beratungsbro Ansbach' is clicked on

2018-03-13 11:01:40 - [MESSAGE][PASSED] - Object: 'Object Repository/42TF/Page_Filialsuche-nuernberg - BVR HT/span_Beratungsbro Ansbach' is clicked on

2018-03-13 11:01:40 - [TEST_STEP][PASSED] - verifyTextPresent: Text 'Beratungsbüro Ansbach' is present on page 

2018-03-13 11:01:41 - [MESSAGE][PASSED] - Text 'Beratungsbüro Ansbach' is present on page 

2018-03-13 11:01:41 - [TEST_STEP][PASSED] - verifyTextPresent: Text 'Martin-Luther-Platz 20' is present on page 

2018-03-13 11:01:42 - [MESSAGE][PASSED] - Text 'Martin-Luther-Platz 20' is present on page 

2018-03-13 11:01:42 - [TEST_STEP][PASSED] - verifyTextPresent: Text '91522 Ansbach' is present on page 

2018-03-13 11:01:43 - [MESSAGE][PASSED] - Text '91522 Ansbach' is present on page 

2018-03-13 11:01:43 - [TEST_STEP][PASSED] - click: Object: 'Object Repository/42TF/Page_Filialsuche-nuernberg - BVR HT/span_PSD Bank Nrnberg eG Filia' is clicked on

2018-03-13 11:01:44 - [MESSAGE][PASSED] - Object: 'Object Repository/42TF/Page_Filialsuche-nuernberg - BVR HT/span_PSD Bank Nrnberg eG Filia' is clicked on

2018-03-13 11:01:44 - [TEST_STEP][PASSED] - verifyTextPresent: Text 'PSD Bank Nürnberg eG, Filiale Bamberg' is present on page 

2018-03-13 11:01:45 - [MESSAGE][PASSED] - Text 'PSD Bank Nürnberg eG, Filiale Bamberg' is present on page 

2018-03-13 11:01:45 - [TEST_STEP][PASSED] - verifyTextPresent: Text 'Hauptwachstr. 11' is present on page 

2018-03-13 11:01:46 - [MESSAGE][PASSED] - Text 'Hauptwachstr. 11' is present on page 

2018-03-13 11:01:46 - [TEST_STEP][PASSED] - verifyTextPresent: Text '96047 Bamberg' is present on page 

2018-03-13 11:01:47 - [MESSAGE][PASSED] - Text '96047 Bamberg' is present on page 

2018-03-13 11:01:47 - [TEST_STEP][PASSED] - click: Object: 'Object Repository/42TF/Page_Filialsuche-nuernberg - BVR HT/span_Beratungsbro Bayreuth' is clicked on

2018-03-13 11:01:48 - [MESSAGE][PASSED] - Object: 'Object Repository/42TF/Page_Filialsuche-nuernberg - BVR HT/span_Beratungsbro Bayreuth' is clicked on

2018-03-13 11:01:48 - [TEST_STEP][PASSED] - verifyTextPresent: Text 'Beratungsbüro Bayreuth' is present on page 

2018-03-13 11:01:49 - [MESSAGE][PASSED] - Text 'Beratungsbüro Bayreuth' is present on page 

2018-03-13 11:01:49 - [TEST_STEP][PASSED] - verifyTextPresent: Text 'Wölfelstraße 7' is present on page 

2018-03-13 11:01:50 - [MESSAGE][PASSED] - Text 'Wölfelstraße 7' is present on page 

2018-03-13 11:01:50 - [TEST_STEP][PASSED] - verifyTextPresent: Text '95444 Bayreuth' is present on page 

2018-03-13 11:01:51 - [MESSAGE][PASSED] - Text '95444 Bayreuth' is present on page 

2018-03-13 11:01:51 - [TEST_STEP][PASSED] - click: Object: 'Object Repository/42TF/Page_Filialsuche-nuernberg - BVR HT/span_Beratungsbro Regensburg' is clicked on

2018-03-13 11:01:52 - [MESSAGE][PASSED] - Object: 'Object Repository/42TF/Page_Filialsuche-nuernberg - BVR HT/span_Beratungsbro Regensburg' is clicked on

2018-03-13 11:01:52 - [TEST_STEP][PASSED] - verifyTextPresent: Text 'Beratungsbüro Regensburg' is present on page 

2018-03-13 11:01:54 - [MESSAGE][PASSED] - Text 'Beratungsbüro Regensburg' is present on page 

2018-03-13 11:01:54 - [TEST_STEP][PASSED] - verifyTextPresent: Text 'Dr.-Leo-Ritter-Str. 2 (1. OG)' is present on page 

2018-03-13 11:01:55 - [MESSAGE][PASSED] - Text 'Dr.-Leo-Ritter-Str. 2 (1. OG)' is present on page 

2018-03-13 11:01:55 - [TEST_STEP][PASSED] - verifyTextPresent: Text '93049 Regensburg' is present on page 

2018-03-13 11:01:55 - [MESSAGE][PASSED] - Text '93049 Regensburg' is present on page 

2018-03-13 11:01:55 - [TEST_STEP][PASSED] - click: Object: 'Object Repository/42TF/Page_Filialsuche-nuernberg - BVR HT/span_PSD Bank Nrnberg eG Filia_1' is clicked on

2018-03-13 11:01:56 - [MESSAGE][PASSED] - Object: 'Object Repository/42TF/Page_Filialsuche-nuernberg - BVR HT/span_PSD Bank Nrnberg eG Filia_1' is clicked on

2018-03-13 11:01:56 - [TEST_STEP][PASSED] - verifyTextPresent: Text 'PSD Bank Nürnberg eG, Filiale Würzburg' is present on page 

2018-03-13 11:01:58 - [MESSAGE][PASSED] - Text 'PSD Bank Nürnberg eG, Filiale Würzburg' is present on page 

2018-03-13 11:01:58 - [TEST_STEP][PASSED] - verifyTextPresent: Text 'Ludwigstr. 22' is present on page 

2018-03-13 11:01:58 - [MESSAGE][PASSED] - Text 'Ludwigstr. 22' is present on page 

2018-03-13 11:01:58 - [TEST_STEP][PASSED] - verifyTextPresent: Text '97070 Würzburg' is present on page 

2018-03-13 11:01:59 - [MESSAGE][PASSED] - Text '97070 Würzburg' is present on page 

2018-03-13 11:01:59 - [TEST_STEP][PASSED] - click: Object: 'Object Repository/42TF/Page_Filialsuche-nuernberg - BVR HT/a_Weiter' is clicked on

2018-03-13 11:02:00 - [MESSAGE][PASSED] - Object: 'Object Repository/42TF/Page_Filialsuche-nuernberg - BVR HT/a_Weiter' is clicked on

2018-03-13 11:02:00 - [TEST_STEP][PASSED] - click: Object: 'Object Repository/42TF/Page_Filialsuche-nuernberg - BVR HT (1)/span_Beratungsbro Aschaffenbur' is clicked on

2018-03-13 11:02:01 - [MESSAGE][PASSED] - Object: 'Object Repository/42TF/Page_Filialsuche-nuernberg - BVR HT (1)/span_Beratungsbro Aschaffenbur' is clicked on

2018-03-13 11:02:01 - [TEST_STEP][PASSED] - verifyTextPresent: Text 'Beratungsbüro Aschaffenburg' is present on page 

2018-03-13 11:02:03 - [MESSAGE][PASSED] - Text 'Beratungsbüro Aschaffenburg' is present on page 

2018-03-13 11:02:03 - [TEST_STEP][PASSED] - verifyTextPresent: Text 'Ludwigstr. 25' is present on page 

2018-03-13 11:02:03 - [MESSAGE][PASSED] - Text 'Ludwigstr. 25' is present on page 

2018-03-13 11:02:03 - [TEST_STEP][PASSED] - verifyTextPresent: Text '63739 Aschaffenburg' is present on page 

2018-03-13 11:02:04 - [MESSAGE][PASSED] - Text '63739 Aschaffenburg' is present on page 

2018-03-13 11:02:04 - [TEST_STEP][PASSED] - click: Object: 'Object Repository/42TF/Page_Filialsuche-nuernberg - BVR HT (1)/span_PSD Bank Nrnberg eG Filia' is clicked on

2018-03-13 11:02:05 - [MESSAGE][PASSED] - Object: 'Object Repository/42TF/Page_Filialsuche-nuernberg - BVR HT (1)/span_PSD Bank Nrnberg eG Filia' is clicked on

2018-03-13 11:02:05 - [TEST_STEP][PASSED] - verifyTextPresent: Text 'PSD Bank Nürnberg eG, Filiale Chemnitz' is present on page 

2018-03-13 11:02:06 - [MESSAGE][PASSED] - Text 'PSD Bank Nürnberg eG, Filiale Chemnitz' is present on page 

2018-03-13 11:02:06 - [TEST_STEP][PASSED] - verifyTextPresent: Text 'Bahnhofstraße 54a' is present on page 

2018-03-13 11:02:07 - [MESSAGE][PASSED] - Text 'Bahnhofstraße 54a' is present on page 

2018-03-13 11:02:07 - [TEST_STEP][PASSED] - verifyTextPresent: Text '09111 Chemnitz' is present on page 

2018-03-13 11:02:08 - [MESSAGE][PASSED] - Text '09111 Chemnitz' is present on page 

2018-03-13 11:02:08 - [TEST_STEP][PASSED] - click: Object: 'Object Repository/42TF/Page_Filialsuche-nuernberg - BVR HT (1)/span_PSD Bank Nrnberg eG Filia_1' is clicked on

2018-03-13 11:02:09 - [MESSAGE][PASSED] - Object: 'Object Repository/42TF/Page_Filialsuche-nuernberg - BVR HT (1)/span_PSD Bank Nrnberg eG Filia_1' is clicked on

2018-03-13 11:02:09 - [TEST_STEP][PASSED] - verifyTextPresent: Text 'PSD Bank Nürnberg eG, Filiale Leipzig' is present on page 

2018-03-13 11:02:10 - [MESSAGE][PASSED] - Text 'PSD Bank Nürnberg eG, Filiale Leipzig' is present on page 

2018-03-13 11:02:10 - [TEST_STEP][PASSED] - verifyTextPresent: Text 'Brühl 65' is present on page 

2018-03-13 11:02:11 - [MESSAGE][PASSED] - Text 'Brühl 65' is present on page 

2018-03-13 11:02:11 - [TEST_STEP][PASSED] - verifyTextPresent: Text '04109 Leipzig' is present on page 

2018-03-13 11:02:12 - [MESSAGE][PASSED] - Text '04109 Leipzig' is present on page 

2018-03-13 11:02:12 - [TEST_STEP][PASSED] - click: Object: 'Object Repository/42TF/Page_Filialsuche-nuernberg - BVR HT (1)/span_PSD Bank Nrnberg eG Filia_2' is clicked on

2018-03-13 11:02:13 - [MESSAGE][PASSED] - Object: 'Object Repository/42TF/Page_Filialsuche-nuernberg - BVR HT (1)/span_PSD Bank Nrnberg eG Filia_2' is clicked on

2018-03-13 11:02:13 - [TEST_STEP][PASSED] - verifyTextPresent: Text 'PSD Bank Nürnberg eG, Filiale Dresden' is present on page 

2018-03-13 11:02:14 - [MESSAGE][PASSED] - Text 'PSD Bank Nürnberg eG, Filiale Dresden' is present on page 

2018-03-13 11:02:14 - [TEST_STEP][PASSED] - verifyTextPresent: Text 'Hauptstr. 36' is present on page 

2018-03-13 11:02:15 - [MESSAGE][PASSED] - Text 'Hauptstr. 36' is present on page 

2018-03-13 11:02:15 - [TEST_STEP][PASSED] - verifyTextPresent: Text '01097 Dresden' is present on page 

2018-03-13 11:02:16 - [MESSAGE][PASSED] - Text '01097 Dresden' is present on page 

2018-03-13 11:02:16 - [TEST_STEP][PASSED] - click: Object: 'Object Repository/42TF/Page_Filialsuche-nuernberg - BVR HT/a_1' is clicked on

2018-03-13 11:02:17 - [MESSAGE][PASSED] - Object: 'Object Repository/42TF/Page_Filialsuche-nuernberg - BVR HT/a_1' is clicked on

2018-03-13 11:02:17 - [TEST_STEP][PASSED] - delay: Delayed 2 second(s)

2018-03-13 11:02:19 - [MESSAGE][PASSED] - Delayed 2 second(s)

2018-03-13 11:02:19 - [TEST_STEP][PASSED] - click: Object: 'Object Repository/42TF/Page_Filialsuche-nuernberg - BVR HT (2)/svg_dropdown-icons' is clicked on

2018-03-13 11:02:20 - [MESSAGE][PASSED] - Object: 'Object Repository/42TF/Page_Filialsuche-nuernberg - BVR HT (2)/svg_dropdown-icons' is clicked on

2018-03-13 11:02:20 - [TEST_STEP][PASSED] - delay: Delayed 2 second(s)

2018-03-13 11:02:22 - [MESSAGE][PASSED] - Delayed 2 second(s)

2018-03-13 11:02:22 - [TEST_STEP][FAILED] - mouseOver: Unable to move mouse over object 'Object Repository/42TF/Page_Filialsuche-nuernberg - BVR HT (2)/div_Ansbach' (Root cause: com.kms.katalon.core.webui.exception.WebElementNotFoundException: Web element with id: 'Object Repository/42TF/Page_Filialsuche-nuernberg - BVR HT (2)/div_Ansbach' located by 'By.xpath: //div[@id = 'ui-id-5' and (text() = 'Ansbach' or . = 'Ansbach')]' not found)

2018-03-13 11:03:09 - [MESSAGE][FAILED] - Unable to move mouse over object 'Object Repository/42TF/Page_Filialsuche-nuernberg - BVR HT (2)/div_Ansbach' (Root cause: com.kms.katalon.core.webui.exception.WebElementNotFoundException: Web element with id: 'Object Repository/42TF/Page_Filialsuche-nuernberg - BVR HT (2)/div_Ansbach' located by 'By.xpath: //div[@id = 'ui-id-5' and (text() = 'Ansbach' or . = 'Ansbach')]' not found)
[[ATTACHMENT|C:\\Users\\lbut\\Downloads\\Prototyp1_12_03\\Prototyp1\\Reports\\Prototyp Filialsuche (RC18) 13_03_2018\\20180313_104448\\1520935389669.png]]]]></system-out>
         <system-err><![CDATA[2018-03-13 11:01:30 - [TEST_CASE][FAILED] - Test Cases/Prototyp_Filialsuche (RC 18)/42_Testfall: Test Cases/Prototyp_Filialsuche (RC 18)/42_Testfall FAILED because (of) Unable to move mouse over object 'Object Repository/42TF/Page_Filialsuche-nuernberg - BVR HT (2)/div_Ansbach' (Root cause: com.kms.katalon.core.webui.exception.WebElementNotFoundException: Web element with id: 'Object Repository/42TF/Page_Filialsuche-nuernberg - BVR HT (2)/div_Ansbach' located by 'By.xpath: //div[@id = 'ui-id-5' and (text() = 'Ansbach' or . = 'Ansbach')]' not found)]]></system-err>
      </testcase>
      <testcase name="Test Cases/Prototyp_Filialsuche (RC 18)/43_Testfall" classname="Test Cases/Prototyp_Filialsuche (RC 18)/43_Testfall" status="PASSED">
         <system-out><![CDATA[2018-03-13 11:03:09 - [TEST_CASE][PASSED] - Test Cases/Prototyp_Filialsuche (RC 18)/43_Testfall: Test Cases/Prototyp_Filialsuche (RC 18)/43_Testfall

2018-03-13 11:03:09 - [TEST_STEP][PASSED] - openBrowser: Browser is opened with url: ''

2018-03-13 11:03:09 - [MESSAGE][WARNING] - A browser is already opened. Closing browser and opening a new one

2018-03-13 11:03:12 - [MESSAGE][PASSED] - Browser is opened with url: ''

2018-03-13 11:03:12 - [TEST_STEP][PASSED] - deleteAllCookies: Delete all cookies successfully

2018-03-13 11:03:12 - [MESSAGE][PASSED] - Delete all cookies successfully

2018-03-13 11:03:12 - [TEST_STEP][PASSED] - maximizeWindow: Current window maximized

2018-03-13 11:03:12 - [MESSAGE][PASSED] - Current window maximized

2018-03-13 11:03:12 - [TEST_STEP][PASSED] - navigateToUrl: Navigate to 'http://rc-ogrhtmlprototyp.testintern/18-1-0/filialsuche-nuernberg.html' successfully

2018-03-13 11:03:12 - [MESSAGE][PASSED] - Navigate to 'http://rc-ogrhtmlprototyp.testintern/18-1-0/filialsuche-nuernberg.html' successfully

2018-03-13 11:03:12 - [TEST_STEP][PASSED] - delay: Delayed 5 second(s)

2018-03-13 11:03:17 - [MESSAGE][PASSED] - Delayed 5 second(s)

2018-03-13 11:03:17 - [TEST_STEP][PASSED] - Statement - wes1 = com.kms.katalon.core.webui.common.WebUiCommonHelper.findWebElements(com.kms.katalon.core.testobject.ObjectRepository.findTestObject(filial_map), 5): Found 10 web elements with id: 'Object Repository/filial_map' located by 'By.xpath: //div[@class='aps-map__custom-marker']' in '5' second(s)

2018-03-13 11:03:18 - [TEST_STEP][PASSED] - Statement - wes2 = com.kms.katalon.core.webui.common.WebUiCommonHelper.findWebElements(com.kms.katalon.core.testobject.ObjectRepository.findTestObject(loc_steet_filialsuche), 5): Found 10 web elements with id: 'Object Repository/loc_steet_filialsuche' located by 'By.xpath: //div[@class='loc-street']' in '5' second(s)

2018-03-13 11:03:18 - [TEST_STEP][PASSED] - Statement - filial_maps_count = wes1.size(): null

2018-03-13 11:03:18 - [TEST_STEP][PASSED] - Statement - filial_accordeon_count = wes2.size(): null

2018-03-13 11:03:18 - [TEST_STEP][PASSED] - Statement - filial_count = 10: null

2018-03-13 11:03:18 - [TEST_STEP][PASSED] - Statement - If (filial_maps_count != filial_count): null

2018-03-13 11:03:18 - [TEST_STEP][PASSED] - closeBrowser: Browser is closed

2018-03-13 11:03:18 - [MESSAGE][PASSED] - Browser is closed]]></system-out>
         <system-err><![CDATA[]]></system-err>
      </testcase>
      <testcase name="Test Cases/Prototyp_Filialsuche (RC 18)/44-Testfall" classname="Test Cases/Prototyp_Filialsuche (RC 18)/44-Testfall" status="PASSED">
         <system-out><![CDATA[2018-03-13 11:03:18 - [TEST_CASE][PASSED] - Test Cases/Prototyp_Filialsuche (RC 18)/44-Testfall: Test Cases/Prototyp_Filialsuche (RC 18)/44-Testfall

2018-03-13 11:03:18 - [TEST_STEP][PASSED] - openBrowser: Browser is opened with url: ''

2018-03-13 11:03:21 - [MESSAGE][PASSED] - Browser is opened with url: ''

2018-03-13 11:03:21 - [TEST_STEP][PASSED] - deleteAllCookies: Delete all cookies successfully

2018-03-13 11:03:21 - [MESSAGE][PASSED] - Delete all cookies successfully

2018-03-13 11:03:21 - [TEST_STEP][PASSED] - maximizeWindow: Current window maximized

2018-03-13 11:03:21 - [MESSAGE][PASSED] - Current window maximized

2018-03-13 11:03:21 - [TEST_STEP][PASSED] - navigateToUrl: Navigate to 'http://rc-ogrhtmlprototyp.testintern/18-1-0/filialsuche-wangen.html' successfully

2018-03-13 11:03:21 - [MESSAGE][PASSED] - Navigate to 'http://rc-ogrhtmlprototyp.testintern/18-1-0/filialsuche-wangen.html' successfully

2018-03-13 11:03:21 - [TEST_STEP][PASSED] - delay: Delayed 5 second(s)

2018-03-13 11:03:26 - [MESSAGE][PASSED] - Delayed 5 second(s)

2018-03-13 11:03:26 - [TEST_STEP][PASSED] - Statement - wes1 = com.kms.katalon.core.webui.common.WebUiCommonHelper.findWebElements(com.kms.katalon.core.testobject.ObjectRepository.findTestObject(filial_map), 5): Found 4 web elements with id: 'Object Repository/filial_map' located by 'By.xpath: //div[@class='aps-map__custom-marker']' in '5' second(s)

2018-03-13 11:03:26 - [TEST_STEP][PASSED] - Statement - wes2 = com.kms.katalon.core.webui.common.WebUiCommonHelper.findWebElements(com.kms.katalon.core.testobject.ObjectRepository.findTestObject(loc_steet_filialsuche), 5): Found 4 web elements with id: 'Object Repository/loc_steet_filialsuche' located by 'By.xpath: //div[@class='loc-street']' in '5' second(s)

2018-03-13 11:03:26 - [TEST_STEP][PASSED] - Statement - filial_maps_count = wes1.size(): null

2018-03-13 11:03:26 - [TEST_STEP][PASSED] - Statement - filial_accordeon_count = wes2.size(): null

2018-03-13 11:03:26 - [TEST_STEP][PASSED] - Statement - filial_count = 4: null

2018-03-13 11:03:26 - [TEST_STEP][PASSED] - Statement - If (filial_maps_count != filial_count): null

2018-03-13 11:03:26 - [TEST_STEP][PASSED] - closeBrowser: Browser is closed

2018-03-13 11:03:27 - [MESSAGE][PASSED] - Browser is closed]]></system-out>
         <system-err><![CDATA[]]></system-err>
      </testcase>
      <testcase name="Test Cases/Prototyp_Filialsuche (RC 18)/45_Testfall" classname="Test Cases/Prototyp_Filialsuche (RC 18)/45_Testfall" status="PASSED">
         <system-out><![CDATA[2018-03-13 11:03:27 - [TEST_CASE][PASSED] - Test Cases/Prototyp_Filialsuche (RC 18)/45_Testfall: Test Cases/Prototyp_Filialsuche (RC 18)/45_Testfall

2018-03-13 11:03:27 - [TEST_STEP][PASSED] - openBrowser: Browser is opened with url: ''

2018-03-13 11:03:29 - [MESSAGE][PASSED] - Browser is opened with url: ''

2018-03-13 11:03:29 - [TEST_STEP][PASSED] - deleteAllCookies: Delete all cookies successfully

2018-03-13 11:03:29 - [MESSAGE][PASSED] - Delete all cookies successfully

2018-03-13 11:03:29 - [TEST_STEP][PASSED] - maximizeWindow: Current window maximized

2018-03-13 11:03:29 - [MESSAGE][PASSED] - Current window maximized

2018-03-13 11:03:29 - [TEST_STEP][PASSED] - navigateToUrl: Navigate to 'http://rc-ogrhtmlprototyp.testintern/18-1-0/filialsuche-textinput.html' successfully

2018-03-13 11:03:29 - [MESSAGE][PASSED] - Navigate to 'http://rc-ogrhtmlprototyp.testintern/18-1-0/filialsuche-textinput.html' successfully

2018-03-13 11:03:29 - [TEST_STEP][PASSED] - delay: Delayed 5 second(s)

2018-03-13 11:03:34 - [MESSAGE][PASSED] - Delayed 5 second(s)

2018-03-13 11:03:34 - [TEST_STEP][PASSED] - setText: Text 'berlin' is set on object 'Object Repository/34TF/Page_Filialsuche-textinput - BVR HT/input_city'

2018-03-13 11:03:35 - [MESSAGE][PASSED] - Text 'berlin' is set on object 'Object Repository/34TF/Page_Filialsuche-textinput - BVR HT/input_city'

2018-03-13 11:03:35 - [TEST_STEP][PASSED] - click: Object: 'Object Repository/34TF/Page_Filialsuche-textinput - BVR HT (1)/button_Suchen' is clicked on

2018-03-13 11:03:36 - [MESSAGE][PASSED] - Object: 'Object Repository/34TF/Page_Filialsuche-textinput - BVR HT (1)/button_Suchen' is clicked on

2018-03-13 11:03:36 - [TEST_STEP][PASSED] - delay: Delayed 3 second(s)

2018-03-13 11:03:39 - [MESSAGE][PASSED] - Delayed 3 second(s)

2018-03-13 11:03:39 - [TEST_STEP][PASSED] - Statement - wes1 = com.kms.katalon.core.webui.common.WebUiCommonHelper.findWebElements(com.kms.katalon.core.testobject.ObjectRepository.findTestObject(filial_map), 5): Found 25 web elements with id: 'Object Repository/filial_map' located by 'By.xpath: //div[@class='aps-map__custom-marker']' in '5' second(s)

2018-03-13 11:03:39 - [TEST_STEP][PASSED] - Statement - wes2 = com.kms.katalon.core.webui.common.WebUiCommonHelper.findWebElements(com.kms.katalon.core.testobject.ObjectRepository.findTestObject(loc_steet_filialsuche), 5): Found 25 web elements with id: 'Object Repository/loc_steet_filialsuche' located by 'By.xpath: //div[@class='loc-street']' in '5' second(s)

2018-03-13 11:03:39 - [TEST_STEP][PASSED] - Statement - filial_maps_count = wes1.size(): null

2018-03-13 11:03:39 - [TEST_STEP][PASSED] - Statement - filial_accordeon_count = wes2.size(): null

2018-03-13 11:03:39 - [TEST_STEP][PASSED] - Statement - filial_count = 25: null

2018-03-13 11:03:39 - [TEST_STEP][PASSED] - Statement - If (filial_maps_count != filial_count): null

2018-03-13 11:03:39 - [TEST_STEP][PASSED] - closeBrowser: Browser is closed

2018-03-13 11:03:40 - [MESSAGE][PASSED] - Browser is closed]]></system-out>
         <system-err><![CDATA[]]></system-err>
      </testcase>
      <testcase name="Test Cases/Prototyp_Filialsuche (RC 18)/46_Testfall" classname="Test Cases/Prototyp_Filialsuche (RC 18)/46_Testfall" status="PASSED">
         <system-out><![CDATA[2018-03-13 11:03:40 - [TEST_CASE][PASSED] - Test Cases/Prototyp_Filialsuche (RC 18)/46_Testfall: Test Cases/Prototyp_Filialsuche (RC 18)/46_Testfall

2018-03-13 11:03:40 - [TEST_STEP][PASSED] - openBrowser: Browser is opened with url: ''

2018-03-13 11:03:42 - [MESSAGE][PASSED] - Browser is opened with url: ''

2018-03-13 11:03:42 - [TEST_STEP][PASSED] - maximizeWindow: Current window maximized

2018-03-13 11:03:42 - [MESSAGE][PASSED] - Current window maximized

2018-03-13 11:03:42 - [TEST_STEP][PASSED] - deleteAllCookies: Delete all cookies successfully

2018-03-13 11:03:42 - [MESSAGE][PASSED] - Delete all cookies successfully

2018-03-13 11:03:42 - [TEST_STEP][PASSED] - navigateToUrl: Navigate to 'http://kundentest.dev-unitb.de/ogrhtmlprototyp/ogrhtmlprototyp/filialsuche-wangen-textinput.html' successfully

2018-03-13 11:03:44 - [MESSAGE][PASSED] - Navigate to 'http://kundentest.dev-unitb.de/ogrhtmlprototyp/ogrhtmlprototyp/filialsuche-wangen-textinput.html' successfully

2018-03-13 11:03:44 - [TEST_STEP][PASSED] - delay: Delayed 5 second(s)

2018-03-13 11:03:49 - [MESSAGE][PASSED] - Delayed 5 second(s)

2018-03-13 11:03:49 - [TEST_STEP][PASSED] - setText: Text 'Rechberghausen' is set on object 'Object Repository/Filialsuche_Inputtext'

2018-03-13 11:03:49 - [MESSAGE][PASSED] - Text 'Rechberghausen' is set on object 'Object Repository/Filialsuche_Inputtext'

2018-03-13 11:03:49 - [TEST_STEP][PASSED] - delay: Delayed 2 second(s)

2018-03-13 11:03:51 - [MESSAGE][PASSED] - Delayed 2 second(s)

2018-03-13 11:03:51 - [TEST_STEP][PASSED] - submit: The form containing object: 'Object Repository/Filialsuche_submit_button' is submitted

2018-03-13 11:03:51 - [MESSAGE][PASSED] - The form containing object: 'Object Repository/Filialsuche_submit_button' is submitted

2018-03-13 11:03:51 - [TEST_STEP][PASSED] - delay: Delayed 2 second(s)

2018-03-13 11:03:54 - [MESSAGE][PASSED] - Delayed 2 second(s)

2018-03-13 11:03:54 - [TEST_STEP][PASSED] - verifyTextPresent: Text 'Geschäftsstelle Rechberghausen' is present on page 

2018-03-13 11:03:54 - [MESSAGE][PASSED] - Text 'Geschäftsstelle Rechberghausen' is present on page 

2018-03-13 11:03:54 - [TEST_STEP][PASSED] - verifyTextPresent: Text 'Hauptstr. 37' is present on page 

2018-03-13 11:03:55 - [MESSAGE][PASSED] - Text 'Hauptstr. 37' is present on page 

2018-03-13 11:03:55 - [TEST_STEP][PASSED] - verifyTextPresent: Text '73098 Rechberghausen' is present on page 

2018-03-13 11:03:56 - [MESSAGE][PASSED] - Text '73098 Rechberghausen' is present on page 

2018-03-13 11:04:37 - [TEST_STEP][PASSED] - verifyTextPresent: Text 'Geschäftsstelle Börtlingen' is present on page 

2018-03-13 11:04:38 - [MESSAGE][PASSED] - Text 'Geschäftsstelle Börtlingen' is present on page 

2018-03-13 11:04:38 - [TEST_STEP][PASSED] - verifyTextPresent: Text 'Geschäftsstelle Uhingen-Holzhausen' is present on page 

2018-03-13 11:04:39 - [MESSAGE][PASSED] - Text 'Geschäftsstelle Uhingen-Holzhausen' is present on page 

2018-03-13 11:04:39 - [TEST_STEP][PASSED] - verifyTextPresent: Text 'Raiffeisenbank Wangen eG' is present on page 

2018-03-13 11:04:40 - [MESSAGE][PASSED] - Text 'Raiffeisenbank Wangen eG' is present on page 

2018-03-13 11:04:40 - [TEST_STEP][PASSED] - delay: Delayed 2 second(s)

2018-03-13 11:04:42 - [MESSAGE][PASSED] - Delayed 2 second(s)

2018-03-13 11:04:42 - [TEST_STEP][PASSED] - setText: Text 'Börtlingen' is set on object 'Object Repository/Filialsuche_Inputtext'

2018-03-13 11:04:42 - [MESSAGE][PASSED] - Text 'Börtlingen' is set on object 'Object Repository/Filialsuche_Inputtext'

2018-03-13 11:04:42 - [TEST_STEP][PASSED] - delay: Delayed 2 second(s)

2018-03-13 11:04:44 - [MESSAGE][PASSED] - Delayed 2 second(s)

2018-03-13 11:04:44 - [TEST_STEP][PASSED] - submit: The form containing object: 'Object Repository/Filialsuche_submit_button' is submitted

2018-03-13 11:04:44 - [MESSAGE][PASSED] - The form containing object: 'Object Repository/Filialsuche_submit_button' is submitted

2018-03-13 11:04:44 - [TEST_STEP][PASSED] - delay: Delayed 2 second(s)

2018-03-13 11:04:46 - [MESSAGE][PASSED] - Delayed 2 second(s)

2018-03-13 11:04:46 - [TEST_STEP][PASSED] - verifyTextPresent: Text 'Geschäftsstelle Börtlingen' is present on page 

2018-03-13 11:04:47 - [MESSAGE][PASSED] - Text 'Geschäftsstelle Börtlingen' is present on page 

2018-03-13 11:04:47 - [TEST_STEP][PASSED] - verifyTextPresent: Text 'Hauptstr. 56' is present on page 

2018-03-13 11:04:48 - [MESSAGE][PASSED] - Text 'Hauptstr. 56' is present on page 

2018-03-13 11:04:48 - [TEST_STEP][PASSED] - verifyTextPresent: Text '73104 Börtlingen' is present on page 

2018-03-13 11:04:48 - [MESSAGE][PASSED] - Text '73104 Börtlingen' is present on page 

2018-03-13 11:04:48 - [TEST_STEP][PASSED] - verifyTextPresent: Text 'Geschäftsstelle Rechberghausen' is present on page 

2018-03-13 11:04:49 - [MESSAGE][PASSED] - Text 'Geschäftsstelle Rechberghausen' is present on page 

2018-03-13 11:04:49 - [TEST_STEP][PASSED] - verifyTextPresent: Text 'Geschäftsstelle Uhingen-Holzhausen' is present on page 

2018-03-13 11:04:50 - [MESSAGE][PASSED] - Text 'Geschäftsstelle Uhingen-Holzhausen' is present on page 

2018-03-13 11:04:50 - [TEST_STEP][PASSED] - verifyTextPresent: Text 'Raiffeisenbank Wangen eG' is present on page 

2018-03-13 11:04:50 - [MESSAGE][PASSED] - Text 'Raiffeisenbank Wangen eG' is present on page 

2018-03-13 11:04:50 - [TEST_STEP][PASSED] - delay: Delayed 2 second(s)

2018-03-13 11:04:52 - [MESSAGE][PASSED] - Delayed 2 second(s)

2018-03-13 11:04:52 - [TEST_STEP][PASSED] - setText: Text 'Uhingen ' is set on object 'Object Repository/Filialsuche_Inputtext'

2018-03-13 11:04:53 - [MESSAGE][PASSED] - Text 'Uhingen ' is set on object 'Object Repository/Filialsuche_Inputtext'

2018-03-13 11:04:53 - [TEST_STEP][PASSED] - delay: Delayed 2 second(s)

2018-03-13 11:04:55 - [MESSAGE][PASSED] - Delayed 2 second(s)

2018-03-13 11:04:55 - [TEST_STEP][PASSED] - submit: The form containing object: 'Object Repository/Filialsuche_submit_button' is submitted

2018-03-13 11:04:55 - [MESSAGE][PASSED] - The form containing object: 'Object Repository/Filialsuche_submit_button' is submitted

2018-03-13 11:04:55 - [TEST_STEP][PASSED] - delay: Delayed 2 second(s)

2018-03-13 11:04:57 - [MESSAGE][PASSED] - Delayed 2 second(s)

2018-03-13 11:04:57 - [TEST_STEP][PASSED] - verifyTextPresent: Text 'Geschäftsstelle Uhingen-Holzhausen' is present on page 

2018-03-13 11:04:58 - [MESSAGE][PASSED] - Text 'Geschäftsstelle Uhingen-Holzhausen' is present on page 

2018-03-13 11:04:58 - [TEST_STEP][PASSED] - verifyTextPresent: Text 'Dorfstr. 17 a' is present on page 

2018-03-13 11:04:58 - [MESSAGE][PASSED] - Text 'Dorfstr. 17 a' is present on page 

2018-03-13 11:04:58 - [TEST_STEP][PASSED] - verifyTextPresent: Text '73066 Uhingen' is present on page 

2018-03-13 11:04:59 - [MESSAGE][PASSED] - Text '73066 Uhingen' is present on page 

2018-03-13 11:04:59 - [TEST_STEP][PASSED] - verifyTextPresent: Text 'Geschäftsstelle Börtlingen' is present on page 

2018-03-13 11:05:00 - [MESSAGE][PASSED] - Text 'Geschäftsstelle Börtlingen' is present on page 

2018-03-13 11:05:00 - [TEST_STEP][PASSED] - verifyTextPresent: Text 'Geschäftsstelle Rechberghausen' is present on page 

2018-03-13 11:05:00 - [MESSAGE][PASSED] - Text 'Geschäftsstelle Rechberghausen' is present on page 

2018-03-13 11:05:00 - [TEST_STEP][PASSED] - verifyTextPresent: Text 'Raiffeisenbank Wangen eG' is present on page 

2018-03-13 11:05:01 - [MESSAGE][PASSED] - Text 'Raiffeisenbank Wangen eG' is present on page 

2018-03-13 11:05:01 - [TEST_STEP][PASSED] - closeBrowser: Browser is closed

2018-03-13 11:05:02 - [MESSAGE][PASSED] - Browser is closed]]></system-out>
         <system-err><![CDATA[]]></system-err>
      </testcase>
      <testcase name="Test Cases/Prototyp_Filialsuche (RC 18)/47TF" classname="Test Cases/Prototyp_Filialsuche (RC 18)/47TF" status="FAILED">
         <failure type="FAILED" message="Anzahl Accordeons 20 ist NICHT gleich Anzahl Filialen 19"/>
         <system-out><![CDATA[2018-03-13 11:05:02 - [TEST_CASE][FAILED] - Test Cases/Prototyp_Filialsuche (RC 18)/47TF: Test Cases/Prototyp_Filialsuche (RC 18)/47TF FAILED because (of) Anzahl Accordeons 20 ist NICHT gleich Anzahl Filialen 19

2018-03-13 11:05:02 - [TEST_STEP][PASSED] - openBrowser: Browser is opened with url: ''

2018-03-13 11:05:04 - [MESSAGE][PASSED] - Browser is opened with url: ''

2018-03-13 11:05:04 - [TEST_STEP][PASSED] - deleteAllCookies: Delete all cookies successfully

2018-03-13 11:05:04 - [MESSAGE][PASSED] - Delete all cookies successfully

2018-03-13 11:05:04 - [TEST_STEP][PASSED] - maximizeWindow: Current window maximized

2018-03-13 11:05:04 - [MESSAGE][PASSED] - Current window maximized

2018-03-13 11:05:04 - [TEST_STEP][PASSED] - navigateToUrl: Navigate to 'http://rc-ogrhtmlprototyp.testintern/18-1-0/filialsuche-rotenburg.html' successfully

2018-03-13 11:05:04 - [MESSAGE][PASSED] - Navigate to 'http://rc-ogrhtmlprototyp.testintern/18-1-0/filialsuche-rotenburg.html' successfully

2018-03-13 11:05:04 - [TEST_STEP][PASSED] - delay: Delayed 5 second(s)

2018-03-13 11:05:09 - [MESSAGE][PASSED] - Delayed 5 second(s)

2018-03-13 11:05:09 - [TEST_STEP][PASSED] - Statement - wes1 = com.kms.katalon.core.webui.common.WebUiCommonHelper.findWebElements(com.kms.katalon.core.testobject.ObjectRepository.findTestObject(filial_map), 5): Found 19 web elements with id: 'Object Repository/filial_map' located by 'By.xpath: //div[@class='aps-map__custom-marker']' in '5' second(s)

2018-03-13 11:05:09 - [TEST_STEP][PASSED] - Statement - wes2 = com.kms.katalon.core.webui.common.WebUiCommonHelper.findWebElements(com.kms.katalon.core.testobject.ObjectRepository.findTestObject(loc_steet_filialsuche), 5): Found 20 web elements with id: 'Object Repository/loc_steet_filialsuche' located by 'By.xpath: //div[@class='loc-street']' in '5' second(s)

2018-03-13 11:05:10 - [TEST_STEP][PASSED] - Statement - filial_maps_count = wes1.size(): null

2018-03-13 11:05:10 - [TEST_STEP][PASSED] - Statement - filial_accordeon_count = wes2.size(): null

2018-03-13 11:05:10 - [TEST_STEP][PASSED] - Statement - filial_count = 19: null

2018-03-13 11:05:10 - [TEST_STEP][PASSED] - Statement - If (filial_maps_count != filial_count): null

2018-03-13 11:05:10 - [TEST_STEP][PASSED] - Statement - Else If (filial_accordeon_count != filial_count): null

2018-03-13 11:05:10 - [TEST_STEP][PASSED] - comment: Anzahl Accordeons 20 ist NICHT gleich Anzahl Filialen 19

2018-03-13 11:05:10 - [TEST_STEP][PASSED] - closeBrowser: Browser is closed

2018-03-13 11:05:10 - [MESSAGE][PASSED] - Browser is closed

2018-03-13 11:05:10 - [TEST_STEP][PASSED] - Statement - Throw new com.kms.katalon.core.exception.StepFailedException((((Anzahl Accordeons  + filial_accordeon_count) +  ist NICHT gleich Anzahl Filialen ) + filial_count)): null]]></system-out>
         <system-err><![CDATA[2018-03-13 11:05:02 - [TEST_CASE][FAILED] - Test Cases/Prototyp_Filialsuche (RC 18)/47TF: Test Cases/Prototyp_Filialsuche (RC 18)/47TF FAILED because (of) Anzahl Accordeons 20 ist NICHT gleich Anzahl Filialen 19]]></system-err>
      </testcase>
      <testcase name="Test Cases/Prototyp_Filialsuche (RC 18)/47_Testfall" classname="Test Cases/Prototyp_Filialsuche (RC 18)/47_Testfall" status="PASSED">
         <system-out><![CDATA[2018-03-13 11:05:10 - [TEST_CASE][PASSED] - Test Cases/Prototyp_Filialsuche (RC 18)/47_Testfall: Test Cases/Prototyp_Filialsuche (RC 18)/47_Testfall

2018-03-13 11:05:10 - [TEST_STEP][PASSED] - openBrowser: Browser is opened with url: ''

2018-03-13 11:05:12 - [MESSAGE][PASSED] - Browser is opened with url: ''

2018-03-13 11:05:12 - [TEST_STEP][PASSED] - maximizeWindow: Current window maximized

2018-03-13 11:05:12 - [MESSAGE][PASSED] - Current window maximized

2018-03-13 11:05:12 - [TEST_STEP][PASSED] - deleteAllCookies: Delete all cookies successfully

2018-03-13 11:05:12 - [MESSAGE][PASSED] - Delete all cookies successfully

2018-03-13 11:05:12 - [TEST_STEP][PASSED] - navigateToUrl: Navigate to 'http://rc-ogrhtmlprototyp.testintern/18-1-0/filialsuche-textinput.html' successfully

2018-03-13 11:05:12 - [MESSAGE][PASSED] - Navigate to 'http://rc-ogrhtmlprototyp.testintern/18-1-0/filialsuche-textinput.html' successfully

2018-03-13 11:05:12 - [TEST_STEP][PASSED] - delay: Delayed 5 second(s)

2018-03-13 11:05:17 - [MESSAGE][PASSED] - Delayed 5 second(s)

2018-03-13 11:05:17 - [TEST_STEP][PASSED] - setText: Text 'Berlin' is set on object 'Object Repository/OGRPrototypFilialsuche - Berlin Zentrum/input_city'

2018-03-13 11:05:18 - [MESSAGE][PASSED] - Text 'Berlin' is set on object 'Object Repository/OGRPrototypFilialsuche - Berlin Zentrum/input_city'

2018-03-13 11:05:18 - [TEST_STEP][PASSED] - sendKeys: Keys 'ENTER + ' sent to object: 'Object Repository/OGRPrototypFilialsuche - Berlin Zentrum/input_city'

2018-03-13 11:05:18 - [MESSAGE][PASSED] - Keys 'ENTER + ' sent to object: 'Object Repository/OGRPrototypFilialsuche - Berlin Zentrum/input_city'

2018-03-13 11:05:18 - [TEST_STEP][PASSED] - delay: Delayed 5 second(s)

2018-03-13 11:05:23 - [MESSAGE][PASSED] - Delayed 5 second(s)

2018-03-13 11:05:23 - [TEST_STEP][PASSED] - verifyElementText: Actual text and expected text of test object 'Object Repository/OGRPrototypFilialsuche - Berlin Zentrum/01ErgebnisText' are matched.

2018-03-13 11:05:23 - [MESSAGE][PASSED] - Actual text and expected text of test object 'Object Repository/OGRPrototypFilialsuche - Berlin Zentrum/01ErgebnisText' are matched.

2018-03-13 11:05:23 - [TEST_STEP][PASSED] - verifyElementText: Actual text and expected text of test object 'Object Repository/OGRPrototypFilialsuche - Berlin Zentrum/02ErgebnisText' are matched.

2018-03-13 11:05:23 - [MESSAGE][PASSED] - Actual text and expected text of test object 'Object Repository/OGRPrototypFilialsuche - Berlin Zentrum/02ErgebnisText' are matched.

2018-03-13 11:05:23 - [TEST_STEP][PASSED] - verifyElementText: Actual text and expected text of test object 'Object Repository/OGRPrototypFilialsuche - Berlin Zentrum/03ErgebnisTest' are matched.

2018-03-13 11:05:23 - [MESSAGE][PASSED] - Actual text and expected text of test object 'Object Repository/OGRPrototypFilialsuche - Berlin Zentrum/03ErgebnisTest' are matched.

2018-03-13 11:05:23 - [TEST_STEP][PASSED] - verifyElementText: Actual text and expected text of test object 'Object Repository/OGRPrototypFilialsuche - Berlin Zentrum/04ErgebnisTest' are matched.

2018-03-13 11:05:23 - [MESSAGE][PASSED] - Actual text and expected text of test object 'Object Repository/OGRPrototypFilialsuche - Berlin Zentrum/04ErgebnisTest' are matched.

2018-03-13 11:05:23 - [TEST_STEP][PASSED] - verifyElementText: Actual text and expected text of test object 'Object Repository/OGRPrototypFilialsuche - Berlin Zentrum/05ErgebnisTest' are matched.

2018-03-13 11:05:23 - [MESSAGE][PASSED] - Actual text and expected text of test object 'Object Repository/OGRPrototypFilialsuche - Berlin Zentrum/05ErgebnisTest' are matched.

2018-03-13 11:05:23 - [TEST_STEP][PASSED] - verifyElementText: Actual text and expected text of test object 'Object Repository/OGRPrototypFilialsuche - Berlin Zentrum/06ErgebnisTest' are matched.

2018-03-13 11:05:23 - [MESSAGE][PASSED] - Actual text and expected text of test object 'Object Repository/OGRPrototypFilialsuche - Berlin Zentrum/06ErgebnisTest' are matched.

2018-03-13 11:05:23 - [TEST_STEP][PASSED] - click: Object: 'Object Repository/naechsteSeite' is clicked on

2018-03-13 11:05:25 - [MESSAGE][PASSED] - Object: 'Object Repository/naechsteSeite' is clicked on

2018-03-13 11:05:25 - [TEST_STEP][PASSED] - delay: Delayed 2 second(s)

2018-03-13 11:05:27 - [MESSAGE][PASSED] - Delayed 2 second(s)

2018-03-13 11:05:27 - [TEST_STEP][PASSED] - verifyElementText: Actual text and expected text of test object 'Object Repository/OGRPrototypFilialsuche - Berlin Zentrum/07ErgebnisTest' are matched.

2018-03-13 11:05:27 - [MESSAGE][PASSED] - Actual text and expected text of test object 'Object Repository/OGRPrototypFilialsuche - Berlin Zentrum/07ErgebnisTest' are matched.

2018-03-13 11:05:27 - [TEST_STEP][PASSED] - verifyElementText: Actual text and expected text of test object 'Object Repository/OGRPrototypFilialsuche - Berlin Zentrum/08ErgebnisTest' are matched.

2018-03-13 11:05:27 - [MESSAGE][PASSED] - Actual text and expected text of test object 'Object Repository/OGRPrototypFilialsuche - Berlin Zentrum/08ErgebnisTest' are matched.

2018-03-13 11:05:27 - [TEST_STEP][PASSED] - verifyElementText: Actual text and expected text of test object 'Object Repository/OGRPrototypFilialsuche - Berlin Zentrum/09ErgebnisTest' are matched.

2018-03-13 11:05:27 - [MESSAGE][PASSED] - Actual text and expected text of test object 'Object Repository/OGRPrototypFilialsuche - Berlin Zentrum/09ErgebnisTest' are matched.

2018-03-13 11:05:27 - [TEST_STEP][PASSED] - verifyElementText: Actual text and expected text of test object 'Object Repository/OGRPrototypFilialsuche - Berlin Zentrum/10ErgebnisTest' are matched.

2018-03-13 11:05:27 - [MESSAGE][PASSED] - Actual text and expected text of test object 'Object Repository/OGRPrototypFilialsuche - Berlin Zentrum/10ErgebnisTest' are matched.

2018-03-13 11:05:27 - [TEST_STEP][PASSED] - verifyElementText: Actual text and expected text of test object 'Object Repository/OGRPrototypFilialsuche - Berlin Zentrum/11ErgebnisTest' are matched.

2018-03-13 11:05:27 - [MESSAGE][PASSED] - Actual text and expected text of test object 'Object Repository/OGRPrototypFilialsuche - Berlin Zentrum/11ErgebnisTest' are matched.

2018-03-13 11:05:27 - [TEST_STEP][PASSED] - verifyElementText: Actual text and expected text of test object 'Object Repository/OGRPrototypFilialsuche - Berlin Zentrum/12ErgebnisTest' are matched.

2018-03-13 11:05:27 - [MESSAGE][PASSED] - Actual text and expected text of test object 'Object Repository/OGRPrototypFilialsuche - Berlin Zentrum/12ErgebnisTest' are matched.

2018-03-13 11:05:27 - [TEST_STEP][PASSED] - click: Object: 'Object Repository/naechsteSeite' is clicked on

2018-03-13 11:05:28 - [MESSAGE][PASSED] - Object: 'Object Repository/naechsteSeite' is clicked on

2018-03-13 11:05:28 - [TEST_STEP][PASSED] - delay: Delayed 2 second(s)

2018-03-13 11:05:30 - [MESSAGE][PASSED] - Delayed 2 second(s)

2018-03-13 11:05:30 - [TEST_STEP][PASSED] - verifyElementText: Actual text and expected text of test object 'Object Repository/OGRPrototypFilialsuche - Berlin Zentrum/13ErgebnisTest' are matched.

2018-03-13 11:05:30 - [MESSAGE][PASSED] - Actual text and expected text of test object 'Object Repository/OGRPrototypFilialsuche - Berlin Zentrum/13ErgebnisTest' are matched.

2018-03-13 11:05:30 - [TEST_STEP][PASSED] - verifyElementText: Actual text and expected text of test object 'Object Repository/OGRPrototypFilialsuche - Berlin Zentrum/14ErgebnisTest' are matched.

2018-03-13 11:05:30 - [MESSAGE][PASSED] - Actual text and expected text of test object 'Object Repository/OGRPrototypFilialsuche - Berlin Zentrum/14ErgebnisTest' are matched.

2018-03-13 11:05:30 - [TEST_STEP][PASSED] - verifyElementText: Actual text and expected text of test object 'Object Repository/OGRPrototypFilialsuche - Berlin Zentrum/15ErgebnisTest' are matched.

2018-03-13 11:05:30 - [MESSAGE][PASSED] - Actual text and expected text of test object 'Object Repository/OGRPrototypFilialsuche - Berlin Zentrum/15ErgebnisTest' are matched.

2018-03-13 11:05:30 - [TEST_STEP][PASSED] - verifyElementText: Actual text and expected text of test object 'Object Repository/OGRPrototypFilialsuche - Berlin Zentrum/16ErgebnisTest' are matched.

2018-03-13 11:05:30 - [MESSAGE][PASSED] - Actual text and expected text of test object 'Object Repository/OGRPrototypFilialsuche - Berlin Zentrum/16ErgebnisTest' are matched.

2018-03-13 11:05:30 - [TEST_STEP][PASSED] - verifyElementText: Actual text and expected text of test object 'Object Repository/OGRPrototypFilialsuche - Berlin Zentrum/17ErgebnisTest' are matched.

2018-03-13 11:05:30 - [MESSAGE][PASSED] - Actual text and expected text of test object 'Object Repository/OGRPrototypFilialsuche - Berlin Zentrum/17ErgebnisTest' are matched.

2018-03-13 11:05:30 - [TEST_STEP][PASSED] - verifyElementText: Actual text and expected text of test object 'Object Repository/OGRPrototypFilialsuche - Berlin Zentrum/18ErgebnisTest' are matched.

2018-03-13 11:05:30 - [MESSAGE][PASSED] - Actual text and expected text of test object 'Object Repository/OGRPrototypFilialsuche - Berlin Zentrum/18ErgebnisTest' are matched.

2018-03-13 11:05:30 - [TEST_STEP][PASSED] - click: Object: 'Object Repository/naechsteSeite' is clicked on

2018-03-13 11:05:31 - [MESSAGE][PASSED] - Object: 'Object Repository/naechsteSeite' is clicked on

2018-03-13 11:05:31 - [TEST_STEP][PASSED] - delay: Delayed 2 second(s)

2018-03-13 11:05:33 - [MESSAGE][PASSED] - Delayed 2 second(s)

2018-03-13 11:05:33 - [TEST_STEP][PASSED] - verifyElementText: Actual text and expected text of test object 'Object Repository/OGRPrototypFilialsuche - Berlin Zentrum/19ErgebnisTest' are matched.

2018-03-13 11:05:33 - [MESSAGE][PASSED] - Actual text and expected text of test object 'Object Repository/OGRPrototypFilialsuche - Berlin Zentrum/19ErgebnisTest' are matched.

2018-03-13 11:05:33 - [TEST_STEP][PASSED] - verifyElementText: Actual text and expected text of test object 'Object Repository/OGRPrototypFilialsuche - Berlin Zentrum/20ErgebnisTest' are matched.

2018-03-13 11:05:33 - [MESSAGE][PASSED] - Actual text and expected text of test object 'Object Repository/OGRPrototypFilialsuche - Berlin Zentrum/20ErgebnisTest' are matched.

2018-03-13 11:05:33 - [TEST_STEP][PASSED] - verifyElementText: Actual text and expected text of test object 'Object Repository/OGRPrototypFilialsuche - Berlin Zentrum/21ErgebnisTest' are matched.

2018-03-13 11:05:34 - [MESSAGE][PASSED] - Actual text and expected text of test object 'Object Repository/OGRPrototypFilialsuche - Berlin Zentrum/21ErgebnisTest' are matched.

2018-03-13 11:05:34 - [TEST_STEP][PASSED] - verifyElementText: Actual text and expected text of test object 'Object Repository/OGRPrototypFilialsuche - Berlin Zentrum/22ErgebnisTest' are matched.

2018-03-13 11:05:34 - [MESSAGE][PASSED] - Actual text and expected text of test object 'Object Repository/OGRPrototypFilialsuche - Berlin Zentrum/22ErgebnisTest' are matched.

2018-03-13 11:05:34 - [TEST_STEP][PASSED] - verifyElementText: Actual text and expected text of test object 'Object Repository/OGRPrototypFilialsuche - Berlin Zentrum/23ErgebnisTest' are matched.

2018-03-13 11:05:34 - [MESSAGE][PASSED] - Actual text and expected text of test object 'Object Repository/OGRPrototypFilialsuche - Berlin Zentrum/23ErgebnisTest' are matched.

2018-03-13 11:05:34 - [TEST_STEP][PASSED] - verifyElementText: Actual text and expected text of test object 'Object Repository/OGRPrototypFilialsuche - Berlin Zentrum/24ErgebnisTest' are matched.

2018-03-13 11:05:34 - [MESSAGE][PASSED] - Actual text and expected text of test object 'Object Repository/OGRPrototypFilialsuche - Berlin Zentrum/24ErgebnisTest' are matched.

2018-03-13 11:05:34 - [TEST_STEP][PASSED] - click: Object: 'Object Repository/naechsteSeite' is clicked on

2018-03-13 11:05:35 - [MESSAGE][PASSED] - Object: 'Object Repository/naechsteSeite' is clicked on

2018-03-13 11:05:35 - [TEST_STEP][PASSED] - delay: Delayed 2 second(s)

2018-03-13 11:05:37 - [MESSAGE][PASSED] - Delayed 2 second(s)

2018-03-13 11:05:37 - [TEST_STEP][PASSED] - verifyElementText: Actual text and expected text of test object 'Object Repository/OGRPrototypFilialsuche - Berlin Zentrum/25ErgebnisTest' are matched.

2018-03-13 11:05:37 - [MESSAGE][PASSED] - Actual text and expected text of test object 'Object Repository/OGRPrototypFilialsuche - Berlin Zentrum/25ErgebnisTest' are matched.

2018-03-13 11:05:37 - [TEST_STEP][PASSED] - closeBrowser: Browser is closed

2018-03-13 11:05:37 - [MESSAGE][PASSED] - Browser is closed]]></system-out>
         <system-err><![CDATA[]]></system-err>
      </testcase>
      <testcase name="Test Cases/Prototyp_Filialsuche (RC 18)/48_Testfall" classname="Test Cases/Prototyp_Filialsuche (RC 18)/48_Testfall" status="FAILED">
         <failure type="FAILED" message="Verify element text of test object 'Object Repository/OGRPrototypFilialsuche - DistanzNuernberg/07ErgebnisTest' FAILED. (Root cause: Actual text '' and expected text 'Beratungsbüro Aschaffenburg' of test object 'Object Repository/OGRPrototypFilialsuche - DistanzNuernberg/07ErgebnisTest' are NOT matched.)"/>
         <system-out><![CDATA[2018-03-13 11:05:37 - [TEST_CASE][FAILED] - Test Cases/Prototyp_Filialsuche (RC 18)/48_Testfall: Test Cases/Prototyp_Filialsuche (RC 18)/48_Testfall FAILED because (of) Verify element text of test object 'Object Repository/OGRPrototypFilialsuche - DistanzNuernberg/07ErgebnisTest' FAILED. (Root cause: Actual text '' and expected text 'Beratungsbüro Aschaffenburg' of test object 'Object Repository/OGRPrototypFilialsuche - DistanzNuernberg/07ErgebnisTest' are NOT matched.)

2018-03-13 11:05:37 - [TEST_STEP][PASSED] - openBrowser: Browser is opened with url: ''

2018-03-13 11:05:39 - [MESSAGE][PASSED] - Browser is opened with url: ''

2018-03-13 11:05:39 - [TEST_STEP][PASSED] - deleteAllCookies: Delete all cookies successfully

2018-03-13 11:05:39 - [MESSAGE][PASSED] - Delete all cookies successfully

2018-03-13 11:05:39 - [TEST_STEP][PASSED] - navigateToUrl: Navigate to 'http://rc-ogrhtmlprototyp.testintern/18-1-0/filialsuche-nuernberg.html' successfully

2018-03-13 11:05:40 - [MESSAGE][PASSED] - Navigate to 'http://rc-ogrhtmlprototyp.testintern/18-1-0/filialsuche-nuernberg.html' successfully

2018-03-13 11:05:40 - [TEST_STEP][PASSED] - delay: Delayed 5 second(s)

2018-03-13 11:05:45 - [MESSAGE][PASSED] - Delayed 5 second(s)

2018-03-13 11:05:45 - [TEST_STEP][PASSED] - verifyElementText: Actual text and expected text of test object 'Object Repository/OGRPrototypFilialsuche - DistanzNuernberg/01ErgebnisText' are matched.

2018-03-13 11:05:45 - [MESSAGE][PASSED] - Actual text and expected text of test object 'Object Repository/OGRPrototypFilialsuche - DistanzNuernberg/01ErgebnisText' are matched.

2018-03-13 11:05:45 - [TEST_STEP][PASSED] - verifyElementText: Actual text and expected text of test object 'Object Repository/OGRPrototypFilialsuche - DistanzNuernberg/02ErgebnisText' are matched.

2018-03-13 11:05:45 - [MESSAGE][PASSED] - Actual text and expected text of test object 'Object Repository/OGRPrototypFilialsuche - DistanzNuernberg/02ErgebnisText' are matched.

2018-03-13 11:05:45 - [TEST_STEP][PASSED] - verifyElementText: Actual text and expected text of test object 'Object Repository/OGRPrototypFilialsuche - DistanzNuernberg/03ErgebnisTest' are matched.

2018-03-13 11:05:45 - [MESSAGE][PASSED] - Actual text and expected text of test object 'Object Repository/OGRPrototypFilialsuche - DistanzNuernberg/03ErgebnisTest' are matched.

2018-03-13 11:05:45 - [TEST_STEP][PASSED] - verifyElementText: Actual text and expected text of test object 'Object Repository/OGRPrototypFilialsuche - DistanzNuernberg/04ErgebnisTest' are matched.

2018-03-13 11:05:45 - [MESSAGE][PASSED] - Actual text and expected text of test object 'Object Repository/OGRPrototypFilialsuche - DistanzNuernberg/04ErgebnisTest' are matched.

2018-03-13 11:05:45 - [TEST_STEP][PASSED] - verifyElementText: Actual text and expected text of test object 'Object Repository/OGRPrototypFilialsuche - DistanzNuernberg/05ErgebnisTest' are matched.

2018-03-13 11:05:45 - [MESSAGE][PASSED] - Actual text and expected text of test object 'Object Repository/OGRPrototypFilialsuche - DistanzNuernberg/05ErgebnisTest' are matched.

2018-03-13 11:05:45 - [TEST_STEP][PASSED] - verifyElementText: Actual text and expected text of test object 'Object Repository/OGRPrototypFilialsuche - DistanzNuernberg/06ErgebnisTest' are matched.

2018-03-13 11:05:45 - [MESSAGE][PASSED] - Actual text and expected text of test object 'Object Repository/OGRPrototypFilialsuche - DistanzNuernberg/06ErgebnisTest' are matched.

2018-03-13 11:05:45 - [TEST_STEP][PASSED] - click: Object: 'Object Repository/naechsteSeite' is clicked on

2018-03-13 11:05:46 - [MESSAGE][PASSED] - Object: 'Object Repository/naechsteSeite' is clicked on

2018-03-13 11:05:46 - [TEST_STEP][PASSED] - delay: Delayed 2 second(s)

2018-03-13 11:05:48 - [MESSAGE][PASSED] - Delayed 2 second(s)

2018-03-13 11:05:48 - [TEST_STEP][FAILED] - verifyElementText: Verify element text of test object 'Object Repository/OGRPrototypFilialsuche - DistanzNuernberg/07ErgebnisTest' FAILED. (Root cause: Actual text '' and expected text 'Beratungsbüro Aschaffenburg' of test object 'Object Repository/OGRPrototypFilialsuche - DistanzNuernberg/07ErgebnisTest' are NOT matched.)

2018-03-13 11:05:48 - [MESSAGE][FAILED] - Actual text '' and expected text 'Beratungsbüro Aschaffenburg' of test object 'Object Repository/OGRPrototypFilialsuche - DistanzNuernberg/07ErgebnisTest' are NOT matched.
[[ATTACHMENT|C:\\Users\\lbut\\Downloads\\Prototyp1_12_03\\Prototyp1\\Reports\\Prototyp Filialsuche (RC18) 13_03_2018\\20180313_104448\\1520935548798.png]]

2018-03-13 11:05:48 - [MESSAGE][FAILED] - Verify element text of test object 'Object Repository/OGRPrototypFilialsuche - DistanzNuernberg/07ErgebnisTest' FAILED. (Root cause: Actual text '' and expected text 'Beratungsbüro Aschaffenburg' of test object 'Object Repository/OGRPrototypFilialsuche - DistanzNuernberg/07ErgebnisTest' are NOT matched.)
[[ATTACHMENT|C:\\Users\\lbut\\Downloads\\Prototyp1_12_03\\Prototyp1\\Reports\\Prototyp Filialsuche (RC18) 13_03_2018\\20180313_104448\\1520935548871.png]]]]></system-out>
         <system-err><![CDATA[2018-03-13 11:05:37 - [TEST_CASE][FAILED] - Test Cases/Prototyp_Filialsuche (RC 18)/48_Testfall: Test Cases/Prototyp_Filialsuche (RC 18)/48_Testfall FAILED because (of) Verify element text of test object 'Object Repository/OGRPrototypFilialsuche - DistanzNuernberg/07ErgebnisTest' FAILED. (Root cause: Actual text '' and expected text 'Beratungsbüro Aschaffenburg' of test object 'Object Repository/OGRPrototypFilialsuche - DistanzNuernberg/07ErgebnisTest' are NOT matched.)]]></system-err>
      </testcase>
      <testcase name="Test Cases/Prototyp_Filialsuche (RC 18)/49_Testfall" classname="Test Cases/Prototyp_Filialsuche (RC 18)/49_Testfall" status="FAILED">
         <failure type="FAILED" message="Verify element text of test object 'Object Repository/OGRPrototypFilialsuche - DistanzRotenburg/01ErgebnisTest' FAILED. (Root cause: Actual text 'VR-Bankverein Bad Hersfeld-Rotenburg eG SB-Stelle Autohof Süd' and expected text 'VR-Bankverein Bad Hersfeld-Rotenburg eG Filiale Bad Hersfeld' of test object 'Object Repository/OGRPrototypFilialsuche - DistanzRotenburg/01ErgebnisTest' are NOT matched.)"/>
         <system-out><![CDATA[2018-03-13 11:05:48 - [TEST_CASE][FAILED] - Test Cases/Prototyp_Filialsuche (RC 18)/49_Testfall: Test Cases/Prototyp_Filialsuche (RC 18)/49_Testfall FAILED because (of) Verify element text of test object 'Object Repository/OGRPrototypFilialsuche - DistanzRotenburg/01ErgebnisTest' FAILED. (Root cause: Actual text 'VR-Bankverein Bad Hersfeld-Rotenburg eG SB-Stelle Autohof Süd' and expected text 'VR-Bankverein Bad Hersfeld-Rotenburg eG Filiale Bad Hersfeld' of test object 'Object Repository/OGRPrototypFilialsuche - DistanzRotenburg/01ErgebnisTest' are NOT matched.)

2018-03-13 11:05:49 - [TEST_STEP][PASSED] - openBrowser: Browser is opened with url: ''

2018-03-13 11:05:49 - [MESSAGE][WARNING] - A browser is already opened. Closing browser and opening a new one

2018-03-13 11:05:51 - [MESSAGE][PASSED] - Browser is opened with url: ''

2018-03-13 11:05:51 - [TEST_STEP][PASSED] - maximizeWindow: Current window maximized

2018-03-13 11:05:51 - [MESSAGE][PASSED] - Current window maximized

2018-03-13 11:05:51 - [TEST_STEP][PASSED] - deleteAllCookies: Delete all cookies successfully

2018-03-13 11:05:51 - [MESSAGE][PASSED] - Delete all cookies successfully

2018-03-13 11:05:51 - [TEST_STEP][PASSED] - navigateToUrl: Navigate to 'http://rc-ogrhtmlprototyp.testintern/18-1-0/filialsuche-rotenburg.html' successfully

2018-03-13 11:05:52 - [MESSAGE][PASSED] - Navigate to 'http://rc-ogrhtmlprototyp.testintern/18-1-0/filialsuche-rotenburg.html' successfully

2018-03-13 11:05:52 - [TEST_STEP][PASSED] - delay: Delayed 5 second(s)

2018-03-13 11:05:57 - [MESSAGE][PASSED] - Delayed 5 second(s)

2018-03-13 11:05:57 - [TEST_STEP][FAILED] - verifyElementText: Verify element text of test object 'Object Repository/OGRPrototypFilialsuche - DistanzRotenburg/01ErgebnisTest' FAILED. (Root cause: Actual text 'VR-Bankverein Bad Hersfeld-Rotenburg eG SB-Stelle Autohof Süd' and expected text 'VR-Bankverein Bad Hersfeld-Rotenburg eG Filiale Bad Hersfeld' of test object 'Object Repository/OGRPrototypFilialsuche - DistanzRotenburg/01ErgebnisTest' are NOT matched.)

2018-03-13 11:05:57 - [MESSAGE][FAILED] - Actual text 'VR-Bankverein Bad Hersfeld-Rotenburg eG SB-Stelle Autohof Süd' and expected text 'VR-Bankverein Bad Hersfeld-Rotenburg eG Filiale Bad Hersfeld' of test object 'Object Repository/OGRPrototypFilialsuche - DistanzRotenburg/01ErgebnisTest' are NOT matched.
[[ATTACHMENT|C:\\Users\\lbut\\Downloads\\Prototyp1_12_03\\Prototyp1\\Reports\\Prototyp Filialsuche (RC18) 13_03_2018\\20180313_104448\\1520935557094.png]]

2018-03-13 11:05:57 - [MESSAGE][FAILED] - Verify element text of test object 'Object Repository/OGRPrototypFilialsuche - DistanzRotenburg/01ErgebnisTest' FAILED. (Root cause: Actual text 'VR-Bankverein Bad Hersfeld-Rotenburg eG SB-Stelle Autohof Süd' and expected text 'VR-Bankverein Bad Hersfeld-Rotenburg eG Filiale Bad Hersfeld' of test object 'Object Repository/OGRPrototypFilialsuche - DistanzRotenburg/01ErgebnisTest' are NOT matched.)
[[ATTACHMENT|C:\\Users\\lbut\\Downloads\\Prototyp1_12_03\\Prototyp1\\Reports\\Prototyp Filialsuche (RC18) 13_03_2018\\20180313_104448\\1520935557203.png]]]]></system-out>
         <system-err><![CDATA[2018-03-13 11:05:48 - [TEST_CASE][FAILED] - Test Cases/Prototyp_Filialsuche (RC 18)/49_Testfall: Test Cases/Prototyp_Filialsuche (RC 18)/49_Testfall FAILED because (of) Verify element text of test object 'Object Repository/OGRPrototypFilialsuche - DistanzRotenburg/01ErgebnisTest' FAILED. (Root cause: Actual text 'VR-Bankverein Bad Hersfeld-Rotenburg eG SB-Stelle Autohof Süd' and expected text 'VR-Bankverein Bad Hersfeld-Rotenburg eG Filiale Bad Hersfeld' of test object 'Object Repository/OGRPrototypFilialsuche - DistanzRotenburg/01ErgebnisTest' are NOT matched.)]]></system-err>
      </testcase>
      <testcase name="Test Cases/Prototyp_Filialsuche (RC 18)/50_Testfall" classname="Test Cases/Prototyp_Filialsuche (RC 18)/50_Testfall" status="PASSED">
         <system-out><![CDATA[2018-03-13 11:05:57 - [TEST_CASE][PASSED] - Test Cases/Prototyp_Filialsuche (RC 18)/50_Testfall: Test Cases/Prototyp_Filialsuche (RC 18)/50_Testfall

2018-03-13 11:05:57 - [TEST_STEP][PASSED] - openBrowser: Browser is opened with url: ''

2018-03-13 11:05:57 - [MESSAGE][WARNING] - A browser is already opened. Closing browser and opening a new one

2018-03-13 11:05:59 - [MESSAGE][PASSED] - Browser is opened with url: ''

2018-03-13 11:05:59 - [TEST_STEP][PASSED] - maximizeWindow: Current window maximized

2018-03-13 11:05:59 - [MESSAGE][PASSED] - Current window maximized

2018-03-13 11:05:59 - [TEST_STEP][PASSED] - deleteAllCookies: Delete all cookies successfully

2018-03-13 11:06:00 - [MESSAGE][PASSED] - Delete all cookies successfully

2018-03-13 11:06:00 - [TEST_STEP][PASSED] - navigateToUrl: Navigate to 'http://rc-ogrhtmlprototyp.testintern/18-1-0/filialsuche.html' successfully

2018-03-13 11:06:00 - [MESSAGE][PASSED] - Navigate to 'http://rc-ogrhtmlprototyp.testintern/18-1-0/filialsuche.html' successfully

2018-03-13 11:06:00 - [TEST_STEP][PASSED] - delay: Delayed 5 second(s)

2018-03-13 11:06:05 - [MESSAGE][PASSED] - Delayed 5 second(s)

2018-03-13 11:06:05 - [TEST_STEP][PASSED] - click: Object: 'Object Repository/03/Page_Filialsuche-rotenburg - BVR HT/svg_dropdown-icons' is clicked on

2018-03-13 11:06:06 - [MESSAGE][PASSED] - Object: 'Object Repository/03/Page_Filialsuche-rotenburg - BVR HT/svg_dropdown-icons' is clicked on

2018-03-13 11:06:06 - [TEST_STEP][PASSED] - delay: Delayed 2 second(s)

2018-03-13 11:06:08 - [MESSAGE][PASSED] - Delayed 2 second(s)

2018-03-13 11:06:08 - [TEST_STEP][PASSED] - mouseOver: Object: 'Object Repository/Belitz_option' is hovered

2018-03-13 11:06:09 - [MESSAGE][PASSED] - Object: 'Object Repository/Belitz_option' is hovered

2018-03-13 11:06:09 - [TEST_STEP][PASSED] - delay: Delayed 2 second(s)

2018-03-13 11:06:11 - [MESSAGE][PASSED] - Delayed 2 second(s)

2018-03-13 11:06:11 - [TEST_STEP][PASSED] - click: Object: 'Object Repository/Belitz_option' is clicked on

2018-03-13 11:06:12 - [MESSAGE][PASSED] - Object: 'Object Repository/Belitz_option' is clicked on

2018-03-13 11:06:12 - [TEST_STEP][PASSED] - delay: Delayed 2 second(s)

2018-03-13 11:06:14 - [MESSAGE][PASSED] - Delayed 2 second(s)

2018-03-13 11:06:14 - [TEST_STEP][PASSED] - verifyElementText: Actual text and expected text of test object 'Object Repository/OGRPrototypFilialsuche - Footer/01ErgebnisText' are matched.

2018-03-13 11:06:15 - [MESSAGE][PASSED] - Actual text and expected text of test object 'Object Repository/OGRPrototypFilialsuche - Footer/01ErgebnisText' are matched.

2018-03-13 11:06:15 - [TEST_STEP][PASSED] - verifyElementText: Actual text and expected text of test object 'Object Repository/OGRPrototypFilialsuche - Footer/02ErgebnisText' are matched.

2018-03-13 11:06:15 - [MESSAGE][PASSED] - Actual text and expected text of test object 'Object Repository/OGRPrototypFilialsuche - Footer/02ErgebnisText' are matched.

2018-03-13 11:06:15 - [TEST_STEP][PASSED] - verifyElementText: Actual text and expected text of test object 'Object Repository/OGRPrototypFilialsuche - Footer/03ErgebnisTest' are matched.

2018-03-13 11:06:15 - [MESSAGE][PASSED] - Actual text and expected text of test object 'Object Repository/OGRPrototypFilialsuche - Footer/03ErgebnisTest' are matched.

2018-03-13 11:06:15 - [TEST_STEP][PASSED] - verifyElementText: Actual text and expected text of test object 'Object Repository/OGRPrototypFilialsuche - Footer/04ErgebnisTest' are matched.

2018-03-13 11:06:15 - [MESSAGE][PASSED] - Actual text and expected text of test object 'Object Repository/OGRPrototypFilialsuche - Footer/04ErgebnisTest' are matched.

2018-03-13 11:06:15 - [TEST_STEP][PASSED] - verifyElementText: Actual text and expected text of test object 'Object Repository/OGRPrototypFilialsuche - Footer/05ErgebnisTest' are matched.

2018-03-13 11:06:15 - [MESSAGE][PASSED] - Actual text and expected text of test object 'Object Repository/OGRPrototypFilialsuche - Footer/05ErgebnisTest' are matched.

2018-03-13 11:06:15 - [TEST_STEP][PASSED] - verifyElementText: Actual text and expected text of test object 'Object Repository/OGRPrototypFilialsuche - Footer/06ErgebnisTest' are matched.

2018-03-13 11:06:15 - [MESSAGE][PASSED] - Actual text and expected text of test object 'Object Repository/OGRPrototypFilialsuche - Footer/06ErgebnisTest' are matched.

2018-03-13 11:06:15 - [TEST_STEP][PASSED] - click: Object: 'Object Repository/naechsteSeite' is clicked on

2018-03-13 11:06:16 - [MESSAGE][PASSED] - Object: 'Object Repository/naechsteSeite' is clicked on

2018-03-13 11:06:16 - [TEST_STEP][PASSED] - delay: Delayed 2 second(s)

2018-03-13 11:06:18 - [MESSAGE][PASSED] - Delayed 2 second(s)

2018-03-13 11:06:18 - [TEST_STEP][PASSED] - verifyElementText: Actual text and expected text of test object 'Object Repository/OGRPrototypFilialsuche - Footer/07ErgebnisTest' are matched.

2018-03-13 11:06:18 - [MESSAGE][PASSED] - Actual text and expected text of test object 'Object Repository/OGRPrototypFilialsuche - Footer/07ErgebnisTest' are matched.

2018-03-13 11:06:18 - [TEST_STEP][PASSED] - verifyElementText: Actual text and expected text of test object 'Object Repository/OGRPrototypFilialsuche - Footer/08ErgebnisTest' are matched.

2018-03-13 11:06:18 - [MESSAGE][PASSED] - Actual text and expected text of test object 'Object Repository/OGRPrototypFilialsuche - Footer/08ErgebnisTest' are matched.

2018-03-13 11:06:18 - [TEST_STEP][PASSED] - verifyElementText: Actual text and expected text of test object 'Object Repository/OGRPrototypFilialsuche - Footer/09ErgebnisTest' are matched.

2018-03-13 11:06:18 - [MESSAGE][PASSED] - Actual text and expected text of test object 'Object Repository/OGRPrototypFilialsuche - Footer/09ErgebnisTest' are matched.

2018-03-13 11:06:18 - [TEST_STEP][PASSED] - verifyElementText: Actual text and expected text of test object 'Object Repository/OGRPrototypFilialsuche - Footer/10ErgebnisTest' are matched.

2018-03-13 11:06:19 - [MESSAGE][PASSED] - Actual text and expected text of test object 'Object Repository/OGRPrototypFilialsuche - Footer/10ErgebnisTest' are matched.

2018-03-13 11:06:19 - [TEST_STEP][PASSED] - verifyElementText: Actual text and expected text of test object 'Object Repository/OGRPrototypFilialsuche - Footer/11ErgebnisTest' are matched.

2018-03-13 11:06:19 - [MESSAGE][PASSED] - Actual text and expected text of test object 'Object Repository/OGRPrototypFilialsuche - Footer/11ErgebnisTest' are matched.

2018-03-13 11:06:19 - [TEST_STEP][PASSED] - verifyElementText: Actual text and expected text of test object 'Object Repository/OGRPrototypFilialsuche - Footer/12ErgebnisTest' are matched.

2018-03-13 11:06:19 - [MESSAGE][PASSED] - Actual text and expected text of test object 'Object Repository/OGRPrototypFilialsuche - Footer/12ErgebnisTest' are matched.

2018-03-13 11:06:19 - [TEST_STEP][PASSED] - click: Object: 'Object Repository/naechsteSeite' is clicked on

2018-03-13 11:06:20 - [MESSAGE][PASSED] - Object: 'Object Repository/naechsteSeite' is clicked on

2018-03-13 11:06:20 - [TEST_STEP][PASSED] - verifyElementText: Actual text and expected text of test object 'Object Repository/OGRPrototypFilialsuche - Footer/13ErgebnisTest' are matched.

2018-03-13 11:06:20 - [MESSAGE][PASSED] - Actual text and expected text of test object 'Object Repository/OGRPrototypFilialsuche - Footer/13ErgebnisTest' are matched.

2018-03-13 11:06:20 - [TEST_STEP][PASSED] - verifyElementText: Actual text and expected text of test object 'Object Repository/OGRPrototypFilialsuche - Footer/14ErgebnisTest' are matched.

2018-03-13 11:06:20 - [MESSAGE][PASSED] - Actual text and expected text of test object 'Object Repository/OGRPrototypFilialsuche - Footer/14ErgebnisTest' are matched.

2018-03-13 11:06:20 - [TEST_STEP][PASSED] - verifyElementText: Actual text and expected text of test object 'Object Repository/OGRPrototypFilialsuche - Footer/15ErgebnisTest' are matched.

2018-03-13 11:06:20 - [MESSAGE][PASSED] - Actual text and expected text of test object 'Object Repository/OGRPrototypFilialsuche - Footer/15ErgebnisTest' are matched.

2018-03-13 11:06:20 - [TEST_STEP][PASSED] - verifyElementText: Actual text and expected text of test object 'Object Repository/OGRPrototypFilialsuche - Footer/16ErgebnisTest' are matched.

2018-03-13 11:06:20 - [MESSAGE][PASSED] - Actual text and expected text of test object 'Object Repository/OGRPrototypFilialsuche - Footer/16ErgebnisTest' are matched.

2018-03-13 11:06:20 - [TEST_STEP][PASSED] - verifyElementText: Actual text and expected text of test object 'Object Repository/OGRPrototypFilialsuche - Footer/17ErgebnisTest' are matched.

2018-03-13 11:06:20 - [MESSAGE][PASSED] - Actual text and expected text of test object 'Object Repository/OGRPrototypFilialsuche - Footer/17ErgebnisTest' are matched.

2018-03-13 11:06:20 - [TEST_STEP][PASSED] - verifyElementText: Actual text and expected text of test object 'Object Repository/OGRPrototypFilialsuche - Footer/18ErgebnisTest' are matched.

2018-03-13 11:06:21 - [MESSAGE][PASSED] - Actual text and expected text of test object 'Object Repository/OGRPrototypFilialsuche - Footer/18ErgebnisTest' are matched.

2018-03-13 11:06:21 - [TEST_STEP][PASSED] - click: Object: 'Object Repository/naechsteSeite' is clicked on

2018-03-13 11:06:21 - [MESSAGE][PASSED] - Object: 'Object Repository/naechsteSeite' is clicked on

2018-03-13 11:06:21 - [TEST_STEP][PASSED] - verifyElementText: Actual text and expected text of test object 'Object Repository/OGRPrototypFilialsuche - Footer/19ErgebnisTest' are matched.

2018-03-13 11:06:22 - [MESSAGE][PASSED] - Actual text and expected text of test object 'Object Repository/OGRPrototypFilialsuche - Footer/19ErgebnisTest' are matched.

2018-03-13 11:06:22 - [TEST_STEP][PASSED] - verifyElementText: Actual text and expected text of test object 'Object Repository/OGRPrototypFilialsuche - Footer/20ErgebnisTest' are matched.

2018-03-13 11:06:22 - [MESSAGE][PASSED] - Actual text and expected text of test object 'Object Repository/OGRPrototypFilialsuche - Footer/20ErgebnisTest' are matched.

2018-03-13 11:06:22 - [TEST_STEP][PASSED] - verifyElementText: Actual text and expected text of test object 'Object Repository/OGRPrototypFilialsuche - Footer/21ErgebnisTest' are matched.

2018-03-13 11:06:22 - [MESSAGE][PASSED] - Actual text and expected text of test object 'Object Repository/OGRPrototypFilialsuche - Footer/21ErgebnisTest' are matched.

2018-03-13 11:06:22 - [TEST_STEP][PASSED] - verifyElementText: Actual text and expected text of test object 'Object Repository/OGRPrototypFilialsuche - Footer/22ErgebnisTest' are matched.

2018-03-13 11:06:22 - [MESSAGE][PASSED] - Actual text and expected text of test object 'Object Repository/OGRPrototypFilialsuche - Footer/22ErgebnisTest' are matched.

2018-03-13 11:06:22 - [TEST_STEP][PASSED] - verifyElementText: Actual text and expected text of test object 'Object Repository/OGRPrototypFilialsuche - Footer/23ErgebnisTest' are matched.

2018-03-13 11:06:22 - [MESSAGE][PASSED] - Actual text and expected text of test object 'Object Repository/OGRPrototypFilialsuche - Footer/23ErgebnisTest' are matched.

2018-03-13 11:06:22 - [TEST_STEP][PASSED] - verifyElementText: Actual text and expected text of test object 'Object Repository/OGRPrototypFilialsuche - Footer/24ErgebnisTest' are matched.

2018-03-13 11:06:22 - [MESSAGE][PASSED] - Actual text and expected text of test object 'Object Repository/OGRPrototypFilialsuche - Footer/24ErgebnisTest' are matched.

2018-03-13 11:06:22 - [TEST_STEP][PASSED] - click: Object: 'Object Repository/naechsteSeite' is clicked on

2018-03-13 11:06:23 - [MESSAGE][PASSED] - Object: 'Object Repository/naechsteSeite' is clicked on

2018-03-13 11:06:23 - [TEST_STEP][PASSED] - delay: Delayed 2 second(s)

2018-03-13 11:06:25 - [MESSAGE][PASSED] - Delayed 2 second(s)

2018-03-13 11:06:25 - [TEST_STEP][PASSED] - verifyElementText: Actual text and expected text of test object 'Object Repository/OGRPrototypFilialsuche - Footer/25ErgebnisTest' are matched.

2018-03-13 11:06:25 - [MESSAGE][PASSED] - Actual text and expected text of test object 'Object Repository/OGRPrototypFilialsuche - Footer/25ErgebnisTest' are matched.

2018-03-13 11:06:25 - [TEST_STEP][PASSED] - verifyElementText: Actual text and expected text of test object 'Object Repository/OGRPrototypFilialsuche - Footer/26ErgebnisTest' are matched.

2018-03-13 11:06:25 - [MESSAGE][PASSED] - Actual text and expected text of test object 'Object Repository/OGRPrototypFilialsuche - Footer/26ErgebnisTest' are matched.

2018-03-13 11:06:25 - [TEST_STEP][PASSED] - verifyElementText: Actual text and expected text of test object 'Object Repository/OGRPrototypFilialsuche - Footer/27ErgebnisTest' are matched.

2018-03-13 11:06:25 - [MESSAGE][PASSED] - Actual text and expected text of test object 'Object Repository/OGRPrototypFilialsuche - Footer/27ErgebnisTest' are matched.

2018-03-13 11:06:25 - [TEST_STEP][PASSED] - verifyElementText: Actual text and expected text of test object 'Object Repository/OGRPrototypFilialsuche - Footer/28ErgebnisTest' are matched.

2018-03-13 11:06:25 - [MESSAGE][PASSED] - Actual text and expected text of test object 'Object Repository/OGRPrototypFilialsuche - Footer/28ErgebnisTest' are matched.

2018-03-13 11:06:25 - [TEST_STEP][PASSED] - verifyElementText: Actual text and expected text of test object 'Object Repository/OGRPrototypFilialsuche - Footer/29ErgebnisTest' are matched.

2018-03-13 11:06:25 - [MESSAGE][PASSED] - Actual text and expected text of test object 'Object Repository/OGRPrototypFilialsuche - Footer/29ErgebnisTest' are matched.

2018-03-13 11:06:25 - [TEST_STEP][PASSED] - verifyElementText: Actual text and expected text of test object 'Object Repository/OGRPrototypFilialsuche - Footer/30ErgebnisTest' are matched.

2018-03-13 11:06:25 - [MESSAGE][PASSED] - Actual text and expected text of test object 'Object Repository/OGRPrototypFilialsuche - Footer/30ErgebnisTest' are matched.

2018-03-13 11:06:25 - [TEST_STEP][PASSED] - click: Object: 'Object Repository/naechsteSeite' is clicked on

2018-03-13 11:06:26 - [MESSAGE][PASSED] - Object: 'Object Repository/naechsteSeite' is clicked on

2018-03-13 11:06:26 - [TEST_STEP][PASSED] - delay: Delayed 2 second(s)

2018-03-13 11:06:28 - [MESSAGE][PASSED] - Delayed 2 second(s)

2018-03-13 11:06:28 - [TEST_STEP][PASSED] - verifyElementText: Actual text and expected text of test object 'Object Repository/OGRPrototypFilialsuche - Footer/31ErgebnisTest' are matched.

2018-03-13 11:06:28 - [MESSAGE][PASSED] - Actual text and expected text of test object 'Object Repository/OGRPrototypFilialsuche - Footer/31ErgebnisTest' are matched.

2018-03-13 11:06:28 - [TEST_STEP][PASSED] - verifyElementText: Actual text and expected text of test object 'Object Repository/OGRPrototypFilialsuche - Footer/32ErgebnisTest' are matched.

2018-03-13 11:06:28 - [MESSAGE][PASSED] - Actual text and expected text of test object 'Object Repository/OGRPrototypFilialsuche - Footer/32ErgebnisTest' are matched.

2018-03-13 11:06:28 - [TEST_STEP][PASSED] - verifyElementText: Actual text and expected text of test object 'Object Repository/OGRPrototypFilialsuche - Footer/33ErgebnisTest' are matched.

2018-03-13 11:06:28 - [MESSAGE][PASSED] - Actual text and expected text of test object 'Object Repository/OGRPrototypFilialsuche - Footer/33ErgebnisTest' are matched.

2018-03-13 11:06:28 - [TEST_STEP][PASSED] - verifyElementText: Actual text and expected text of test object 'Object Repository/OGRPrototypFilialsuche - Footer/34ErgebnisTest' are matched.

2018-03-13 11:06:28 - [MESSAGE][PASSED] - Actual text and expected text of test object 'Object Repository/OGRPrototypFilialsuche - Footer/34ErgebnisTest' are matched.

2018-03-13 11:06:28 - [TEST_STEP][PASSED] - verifyElementText: Actual text and expected text of test object 'Object Repository/OGRPrototypFilialsuche - Footer/35ErgebnisTest' are matched.

2018-03-13 11:06:29 - [MESSAGE][PASSED] - Actual text and expected text of test object 'Object Repository/OGRPrototypFilialsuche - Footer/35ErgebnisTest' are matched.

2018-03-13 11:06:29 - [TEST_STEP][PASSED] - verifyElementText: Actual text and expected text of test object 'Object Repository/OGRPrototypFilialsuche - Footer/36ErgebnisTest' are matched.

2018-03-13 11:06:29 - [MESSAGE][PASSED] - Actual text and expected text of test object 'Object Repository/OGRPrototypFilialsuche - Footer/36ErgebnisTest' are matched.

2018-03-13 11:06:29 - [TEST_STEP][PASSED] - click: Object: 'Object Repository/naechsteSeite' is clicked on

2018-03-13 11:06:30 - [MESSAGE][PASSED] - Object: 'Object Repository/naechsteSeite' is clicked on

2018-03-13 11:06:30 - [TEST_STEP][PASSED] - delay: Delayed 2 second(s)

2018-03-13 11:06:32 - [MESSAGE][PASSED] - Delayed 2 second(s)

2018-03-13 11:06:32 - [TEST_STEP][PASSED] - verifyElementText: Actual text and expected text of test object 'Object Repository/OGRPrototypFilialsuche - Footer/37ErgebnisTest' are matched.

2018-03-13 11:06:32 - [MESSAGE][PASSED] - Actual text and expected text of test object 'Object Repository/OGRPrototypFilialsuche - Footer/37ErgebnisTest' are matched.

2018-03-13 11:06:32 - [TEST_STEP][PASSED] - closeBrowser: Browser is closed

2018-03-13 11:06:32 - [MESSAGE][PASSED] - Browser is closed]]></system-out>
         <system-err><![CDATA[]]></system-err>
      </testcase>
      <testcase name="Test Cases/Prototyp_Filialsuche (RC 18)/51_Testfall" classname="Test Cases/Prototyp_Filialsuche (RC 18)/51_Testfall" status="PASSED">
         <system-out><![CDATA[2018-03-13 11:06:32 - [TEST_CASE][PASSED] - Test Cases/Prototyp_Filialsuche (RC 18)/51_Testfall: Test Cases/Prototyp_Filialsuche (RC 18)/51_Testfall

2018-03-13 11:06:32 - [TEST_STEP][PASSED] - openBrowser: Browser is opened with url: ''

2018-03-13 11:06:34 - [MESSAGE][PASSED] - Browser is opened with url: ''

2018-03-13 11:06:34 - [TEST_STEP][PASSED] - maximizeWindow: Current window maximized

2018-03-13 11:06:34 - [MESSAGE][PASSED] - Current window maximized

2018-03-13 11:06:34 - [TEST_STEP][PASSED] - deleteAllCookies: Delete all cookies successfully

2018-03-13 11:06:34 - [MESSAGE][PASSED] - Delete all cookies successfully

2018-03-13 11:06:34 - [TEST_STEP][PASSED] - navigateToUrl: Navigate to 'http://rc-ogrhtmlprototyp.testintern/18-1-0/filialsuche.html' successfully

2018-03-13 11:06:35 - [MESSAGE][PASSED] - Navigate to 'http://rc-ogrhtmlprototyp.testintern/18-1-0/filialsuche.html' successfully

2018-03-13 11:06:35 - [TEST_STEP][PASSED] - delay: Delayed 5 second(s)

2018-03-13 11:06:40 - [MESSAGE][PASSED] - Delayed 5 second(s)

2018-03-13 11:06:40 - [TEST_STEP][PASSED] - verifyElementText: Actual text and expected text of test object 'Object Repository/OGRPrototypFiliasuche - DistanzZentralbank/01ErgebnisText' are matched.

2018-03-13 11:06:40 - [MESSAGE][PASSED] - Actual text and expected text of test object 'Object Repository/OGRPrototypFiliasuche - DistanzZentralbank/01ErgebnisText' are matched.

2018-03-13 11:06:40 - [TEST_STEP][PASSED] - verifyElementText: Actual text and expected text of test object 'Object Repository/OGRPrototypFiliasuche - DistanzZentralbank/02ErgebnisText' are matched.

2018-03-13 11:06:40 - [MESSAGE][PASSED] - Actual text and expected text of test object 'Object Repository/OGRPrototypFiliasuche - DistanzZentralbank/02ErgebnisText' are matched.

2018-03-13 11:06:40 - [TEST_STEP][PASSED] - verifyElementText: Actual text and expected text of test object 'Object Repository/OGRPrototypFiliasuche - DistanzZentralbank/03ErgebnisTest' are matched.

2018-03-13 11:06:40 - [MESSAGE][PASSED] - Actual text and expected text of test object 'Object Repository/OGRPrototypFiliasuche - DistanzZentralbank/03ErgebnisTest' are matched.

2018-03-13 11:06:40 - [TEST_STEP][PASSED] - verifyElementText: Actual text and expected text of test object 'Object Repository/OGRPrototypFiliasuche - DistanzZentralbank/04ErgebnisTest' are matched.

2018-03-13 11:06:40 - [MESSAGE][PASSED] - Actual text and expected text of test object 'Object Repository/OGRPrototypFiliasuche - DistanzZentralbank/04ErgebnisTest' are matched.

2018-03-13 11:06:40 - [TEST_STEP][PASSED] - verifyElementText: Actual text and expected text of test object 'Object Repository/OGRPrototypFiliasuche - DistanzZentralbank/05ErgebnisTest' are matched.

2018-03-13 11:06:40 - [MESSAGE][PASSED] - Actual text and expected text of test object 'Object Repository/OGRPrototypFiliasuche - DistanzZentralbank/05ErgebnisTest' are matched.

2018-03-13 11:06:40 - [TEST_STEP][PASSED] - verifyElementText: Actual text and expected text of test object 'Object Repository/OGRPrototypFiliasuche - DistanzZentralbank/06ErgebnisTest' are matched.

2018-03-13 11:06:40 - [MESSAGE][PASSED] - Actual text and expected text of test object 'Object Repository/OGRPrototypFiliasuche - DistanzZentralbank/06ErgebnisTest' are matched.

2018-03-13 11:06:40 - [TEST_STEP][PASSED] - click: Object: 'Object Repository/naechsteSeite' is clicked on

2018-03-13 11:06:42 - [MESSAGE][PASSED] - Object: 'Object Repository/naechsteSeite' is clicked on

2018-03-13 11:06:42 - [TEST_STEP][PASSED] - delay: Delayed 2 second(s)

2018-03-13 11:06:44 - [MESSAGE][PASSED] - Delayed 2 second(s)

2018-03-13 11:06:44 - [TEST_STEP][PASSED] - verifyElementText: Actual text and expected text of test object 'Object Repository/OGRPrototypFiliasuche - DistanzZentralbank/07ErgebnisTest' are matched.

2018-03-13 11:06:44 - [MESSAGE][PASSED] - Actual text and expected text of test object 'Object Repository/OGRPrototypFiliasuche - DistanzZentralbank/07ErgebnisTest' are matched.

2018-03-13 11:06:44 - [TEST_STEP][PASSED] - verifyElementText: Actual text and expected text of test object 'Object Repository/OGRPrototypFiliasuche - DistanzZentralbank/08ErgebnisTest' are matched.

2018-03-13 11:06:44 - [MESSAGE][PASSED] - Actual text and expected text of test object 'Object Repository/OGRPrototypFiliasuche - DistanzZentralbank/08ErgebnisTest' are matched.

2018-03-13 11:06:44 - [TEST_STEP][PASSED] - verifyElementText: Actual text and expected text of test object 'Object Repository/OGRPrototypFiliasuche - DistanzZentralbank/09ErgebnisTest' are matched.

2018-03-13 11:06:44 - [MESSAGE][PASSED] - Actual text and expected text of test object 'Object Repository/OGRPrototypFiliasuche - DistanzZentralbank/09ErgebnisTest' are matched.

2018-03-13 11:06:44 - [TEST_STEP][PASSED] - verifyElementText: Actual text and expected text of test object 'Object Repository/OGRPrototypFiliasuche - DistanzZentralbank/10ErgebnisTest' are matched.

2018-03-13 11:06:44 - [MESSAGE][PASSED] - Actual text and expected text of test object 'Object Repository/OGRPrototypFiliasuche - DistanzZentralbank/10ErgebnisTest' are matched.

2018-03-13 11:06:44 - [TEST_STEP][PASSED] - verifyElementText: Actual text and expected text of test object 'Object Repository/OGRPrototypFiliasuche - DistanzZentralbank/11ErgebnisTest' are matched.

2018-03-13 11:06:44 - [MESSAGE][PASSED] - Actual text and expected text of test object 'Object Repository/OGRPrototypFiliasuche - DistanzZentralbank/11ErgebnisTest' are matched.

2018-03-13 11:06:44 - [TEST_STEP][PASSED] - verifyElementText: Actual text and expected text of test object 'Object Repository/OGRPrototypFiliasuche - DistanzZentralbank/12ErgebnisTest' are matched.

2018-03-13 11:06:44 - [MESSAGE][PASSED] - Actual text and expected text of test object 'Object Repository/OGRPrototypFiliasuche - DistanzZentralbank/12ErgebnisTest' are matched.

2018-03-13 11:06:44 - [TEST_STEP][PASSED] - click: Object: 'Object Repository/naechsteSeite' is clicked on

2018-03-13 11:06:45 - [MESSAGE][PASSED] - Object: 'Object Repository/naechsteSeite' is clicked on

2018-03-13 11:06:45 - [TEST_STEP][PASSED] - delay: Delayed 2 second(s)

2018-03-13 11:06:47 - [MESSAGE][PASSED] - Delayed 2 second(s)

2018-03-13 11:06:47 - [TEST_STEP][PASSED] - verifyElementText: Actual text and expected text of test object 'Object Repository/OGRPrototypFiliasuche - DistanzZentralbank/13ErgebnisTest' are matched.

2018-03-13 11:06:47 - [MESSAGE][PASSED] - Actual text and expected text of test object 'Object Repository/OGRPrototypFiliasuche - DistanzZentralbank/13ErgebnisTest' are matched.

2018-03-13 11:06:47 - [TEST_STEP][PASSED] - verifyElementText: Actual text and expected text of test object 'Object Repository/OGRPrototypFiliasuche - DistanzZentralbank/14ErgebnisTest' are matched.

2018-03-13 11:06:47 - [MESSAGE][PASSED] - Actual text and expected text of test object 'Object Repository/OGRPrototypFiliasuche - DistanzZentralbank/14ErgebnisTest' are matched.

2018-03-13 11:06:47 - [TEST_STEP][PASSED] - verifyElementText: Actual text and expected text of test object 'Object Repository/OGRPrototypFiliasuche - DistanzZentralbank/15ErgebnisTest' are matched.

2018-03-13 11:06:47 - [MESSAGE][PASSED] - Actual text and expected text of test object 'Object Repository/OGRPrototypFiliasuche - DistanzZentralbank/15ErgebnisTest' are matched.

2018-03-13 11:06:47 - [TEST_STEP][PASSED] - verifyElementText: Actual text and expected text of test object 'Object Repository/OGRPrototypFiliasuche - DistanzZentralbank/16ErgebnisTest' are matched.

2018-03-13 11:06:47 - [MESSAGE][PASSED] - Actual text and expected text of test object 'Object Repository/OGRPrototypFiliasuche - DistanzZentralbank/16ErgebnisTest' are matched.

2018-03-13 11:06:47 - [TEST_STEP][PASSED] - verifyElementText: Actual text and expected text of test object 'Object Repository/OGRPrototypFiliasuche - DistanzZentralbank/17ErgebnisTest' are matched.

2018-03-13 11:06:47 - [MESSAGE][PASSED] - Actual text and expected text of test object 'Object Repository/OGRPrototypFiliasuche - DistanzZentralbank/17ErgebnisTest' are matched.

2018-03-13 11:06:47 - [TEST_STEP][PASSED] - verifyElementText: Actual text and expected text of test object 'Object Repository/OGRPrototypFiliasuche - DistanzZentralbank/18ErgebnisTest' are matched.

2018-03-13 11:06:47 - [MESSAGE][PASSED] - Actual text and expected text of test object 'Object Repository/OGRPrototypFiliasuche - DistanzZentralbank/18ErgebnisTest' are matched.

2018-03-13 11:06:47 - [TEST_STEP][PASSED] - click: Object: 'Object Repository/naechsteSeite' is clicked on

2018-03-13 11:06:48 - [MESSAGE][PASSED] - Object: 'Object Repository/naechsteSeite' is clicked on

2018-03-13 11:06:48 - [TEST_STEP][PASSED] - delay: Delayed 2 second(s)

2018-03-13 11:06:50 - [MESSAGE][PASSED] - Delayed 2 second(s)

2018-03-13 11:06:50 - [TEST_STEP][PASSED] - verifyElementText: Actual text and expected text of test object 'Object Repository/OGRPrototypFiliasuche - DistanzZentralbank/19ErgebnisTest' are matched.

2018-03-13 11:06:50 - [MESSAGE][PASSED] - Actual text and expected text of test object 'Object Repository/OGRPrototypFiliasuche - DistanzZentralbank/19ErgebnisTest' are matched.

2018-03-13 11:06:50 - [TEST_STEP][PASSED] - verifyElementText: Actual text and expected text of test object 'Object Repository/OGRPrototypFiliasuche - DistanzZentralbank/20ErgebnisTest' are matched.

2018-03-13 11:06:50 - [MESSAGE][PASSED] - Actual text and expected text of test object 'Object Repository/OGRPrototypFiliasuche - DistanzZentralbank/20ErgebnisTest' are matched.

2018-03-13 11:06:50 - [TEST_STEP][PASSED] - verifyElementText: Actual text and expected text of test object 'Object Repository/OGRPrototypFiliasuche - DistanzZentralbank/21ErgebnisTest' are matched.

2018-03-13 11:06:51 - [MESSAGE][PASSED] - Actual text and expected text of test object 'Object Repository/OGRPrototypFiliasuche - DistanzZentralbank/21ErgebnisTest' are matched.

2018-03-13 11:06:51 - [TEST_STEP][PASSED] - verifyElementText: Actual text and expected text of test object 'Object Repository/OGRPrototypFiliasuche - DistanzZentralbank/22ErgebnisTest' are matched.

2018-03-13 11:06:51 - [MESSAGE][PASSED] - Actual text and expected text of test object 'Object Repository/OGRPrototypFiliasuche - DistanzZentralbank/22ErgebnisTest' are matched.

2018-03-13 11:06:51 - [TEST_STEP][PASSED] - verifyElementText: Actual text and expected text of test object 'Object Repository/OGRPrototypFiliasuche - DistanzZentralbank/23ErgebnisTest' are matched.

2018-03-13 11:06:51 - [MESSAGE][PASSED] - Actual text and expected text of test object 'Object Repository/OGRPrototypFiliasuche - DistanzZentralbank/23ErgebnisTest' are matched.

2018-03-13 11:06:51 - [TEST_STEP][PASSED] - verifyElementText: Actual text and expected text of test object 'Object Repository/OGRPrototypFiliasuche - DistanzZentralbank/24ErgebnisTest' are matched.

2018-03-13 11:06:51 - [MESSAGE][PASSED] - Actual text and expected text of test object 'Object Repository/OGRPrototypFiliasuche - DistanzZentralbank/24ErgebnisTest' are matched.

2018-03-13 11:06:51 - [TEST_STEP][PASSED] - click: Object: 'Object Repository/naechsteSeite' is clicked on

2018-03-13 11:06:52 - [MESSAGE][PASSED] - Object: 'Object Repository/naechsteSeite' is clicked on

2018-03-13 11:06:52 - [TEST_STEP][PASSED] - delay: Delayed 2 second(s)

2018-03-13 11:06:54 - [MESSAGE][PASSED] - Delayed 2 second(s)

2018-03-13 11:06:54 - [TEST_STEP][PASSED] - verifyElementText: Actual text and expected text of test object 'Object Repository/OGRPrototypFiliasuche - DistanzZentralbank/25ErgebnisTest' are matched.

2018-03-13 11:06:54 - [MESSAGE][PASSED] - Actual text and expected text of test object 'Object Repository/OGRPrototypFiliasuche - DistanzZentralbank/25ErgebnisTest' are matched.

2018-03-13 11:06:54 - [TEST_STEP][PASSED] - verifyElementText: Actual text and expected text of test object 'Object Repository/OGRPrototypFiliasuche - DistanzZentralbank/26ErgebnisTest' are matched.

2018-03-13 11:06:54 - [MESSAGE][PASSED] - Actual text and expected text of test object 'Object Repository/OGRPrototypFiliasuche - DistanzZentralbank/26ErgebnisTest' are matched.

2018-03-13 11:06:54 - [TEST_STEP][PASSED] - verifyElementText: Actual text and expected text of test object 'Object Repository/OGRPrototypFiliasuche - DistanzZentralbank/27ErgebnisTest' are matched.

2018-03-13 11:06:54 - [MESSAGE][PASSED] - Actual text and expected text of test object 'Object Repository/OGRPrototypFiliasuche - DistanzZentralbank/27ErgebnisTest' are matched.

2018-03-13 11:06:54 - [TEST_STEP][PASSED] - verifyElementText: Actual text and expected text of test object 'Object Repository/OGRPrototypFiliasuche - DistanzZentralbank/28ErgebnisTest' are matched.

2018-03-13 11:06:54 - [MESSAGE][PASSED] - Actual text and expected text of test object 'Object Repository/OGRPrototypFiliasuche - DistanzZentralbank/28ErgebnisTest' are matched.

2018-03-13 11:06:54 - [TEST_STEP][PASSED] - verifyElementText: Actual text and expected text of test object 'Object Repository/OGRPrototypFiliasuche - DistanzZentralbank/29ErgebnisTest' are matched.

2018-03-13 11:06:54 - [MESSAGE][PASSED] - Actual text and expected text of test object 'Object Repository/OGRPrototypFiliasuche - DistanzZentralbank/29ErgebnisTest' are matched.

2018-03-13 11:06:54 - [TEST_STEP][PASSED] - verifyElementText: Actual text and expected text of test object 'Object Repository/OGRPrototypFiliasuche - DistanzZentralbank/30ErgebnisTest' are matched.

2018-03-13 11:06:54 - [MESSAGE][PASSED] - Actual text and expected text of test object 'Object Repository/OGRPrototypFiliasuche - DistanzZentralbank/30ErgebnisTest' are matched.

2018-03-13 11:06:54 - [TEST_STEP][PASSED] - click: Object: 'Object Repository/naechsteSeite' is clicked on

2018-03-13 11:06:55 - [MESSAGE][PASSED] - Object: 'Object Repository/naechsteSeite' is clicked on

2018-03-13 11:06:55 - [TEST_STEP][PASSED] - delay: Delayed 2 second(s)

2018-03-13 11:06:57 - [MESSAGE][PASSED] - Delayed 2 second(s)

2018-03-13 11:06:57 - [TEST_STEP][PASSED] - verifyElementText: Actual text and expected text of test object 'Object Repository/OGRPrototypFiliasuche - DistanzZentralbank/31ErgebnisTest' are matched.

2018-03-13 11:06:57 - [MESSAGE][PASSED] - Actual text and expected text of test object 'Object Repository/OGRPrototypFiliasuche - DistanzZentralbank/31ErgebnisTest' are matched.

2018-03-13 11:06:57 - [TEST_STEP][PASSED] - verifyElementText: Actual text and expected text of test object 'Object Repository/OGRPrototypFiliasuche - DistanzZentralbank/32ErgebnisTest' are matched.

2018-03-13 11:06:57 - [MESSAGE][PASSED] - Actual text and expected text of test object 'Object Repository/OGRPrototypFiliasuche - DistanzZentralbank/32ErgebnisTest' are matched.

2018-03-13 11:06:57 - [TEST_STEP][PASSED] - verifyElementText: Actual text and expected text of test object 'Object Repository/OGRPrototypFiliasuche - DistanzZentralbank/33ErgebnisTest' are matched.

2018-03-13 11:06:57 - [MESSAGE][PASSED] - Actual text and expected text of test object 'Object Repository/OGRPrototypFiliasuche - DistanzZentralbank/33ErgebnisTest' are matched.

2018-03-13 11:06:57 - [TEST_STEP][PASSED] - verifyElementText: Actual text and expected text of test object 'Object Repository/OGRPrototypFiliasuche - DistanzZentralbank/34ErgebnisTest' are matched.

2018-03-13 11:06:58 - [MESSAGE][PASSED] - Actual text and expected text of test object 'Object Repository/OGRPrototypFiliasuche - DistanzZentralbank/34ErgebnisTest' are matched.

2018-03-13 11:06:58 - [TEST_STEP][PASSED] - verifyElementText: Actual text and expected text of test object 'Object Repository/OGRPrototypFiliasuche - DistanzZentralbank/35ErgebnisTest' are matched.

2018-03-13 11:06:58 - [MESSAGE][PASSED] - Actual text and expected text of test object 'Object Repository/OGRPrototypFiliasuche - DistanzZentralbank/35ErgebnisTest' are matched.

2018-03-13 11:06:58 - [TEST_STEP][PASSED] - verifyElementText: Actual text and expected text of test object 'Object Repository/OGRPrototypFiliasuche - DistanzZentralbank/36ErgebnisTest' are matched.

2018-03-13 11:06:58 - [MESSAGE][PASSED] - Actual text and expected text of test object 'Object Repository/OGRPrototypFiliasuche - DistanzZentralbank/36ErgebnisTest' are matched.

2018-03-13 11:06:58 - [TEST_STEP][PASSED] - click: Object: 'Object Repository/naechsteSeite' is clicked on

2018-03-13 11:06:59 - [MESSAGE][PASSED] - Object: 'Object Repository/naechsteSeite' is clicked on

2018-03-13 11:06:59 - [TEST_STEP][PASSED] - delay: Delayed 2 second(s)

2018-03-13 11:07:01 - [MESSAGE][PASSED] - Delayed 2 second(s)

2018-03-13 11:07:01 - [TEST_STEP][PASSED] - verifyElementText: Actual text and expected text of test object 'Object Repository/OGRPrototypFiliasuche - DistanzZentralbank/37ErgebnisTest' are matched.

2018-03-13 11:07:01 - [MESSAGE][PASSED] - Actual text and expected text of test object 'Object Repository/OGRPrototypFiliasuche - DistanzZentralbank/37ErgebnisTest' are matched.

2018-03-13 11:07:01 - [TEST_STEP][PASSED] - verifyElementText: Actual text and expected text of test object 'Object Repository/OGRPrototypFiliasuche - DistanzZentralbank/38ErgebnisTest' are matched.

2018-03-13 11:07:01 - [MESSAGE][PASSED] - Actual text and expected text of test object 'Object Repository/OGRPrototypFiliasuche - DistanzZentralbank/38ErgebnisTest' are matched.

2018-03-13 11:07:01 - [TEST_STEP][PASSED] - verifyElementText: Actual text and expected text of test object 'Object Repository/OGRPrototypFiliasuche - DistanzZentralbank/39ErgebnisTest' are matched.

2018-03-13 11:07:01 - [MESSAGE][PASSED] - Actual text and expected text of test object 'Object Repository/OGRPrototypFiliasuche - DistanzZentralbank/39ErgebnisTest' are matched.

2018-03-13 11:07:01 - [TEST_STEP][PASSED] - verifyElementText: Actual text and expected text of test object 'Object Repository/OGRPrototypFiliasuche - DistanzZentralbank/40ErgebnisTest' are matched.

2018-03-13 11:07:01 - [MESSAGE][PASSED] - Actual text and expected text of test object 'Object Repository/OGRPrototypFiliasuche - DistanzZentralbank/40ErgebnisTest' are matched.

2018-03-13 11:07:01 - [TEST_STEP][PASSED] - verifyElementText: Actual text and expected text of test object 'Object Repository/OGRPrototypFiliasuche - DistanzZentralbank/41ErgebnisTest' are matched.

2018-03-13 11:07:01 - [MESSAGE][PASSED] - Actual text and expected text of test object 'Object Repository/OGRPrototypFiliasuche - DistanzZentralbank/41ErgebnisTest' are matched.

2018-03-13 11:07:01 - [TEST_STEP][PASSED] - verifyElementText: Actual text and expected text of test object 'Object Repository/OGRPrototypFiliasuche - DistanzZentralbank/42ErgebnisTest' are matched.

2018-03-13 11:07:01 - [MESSAGE][PASSED] - Actual text and expected text of test object 'Object Repository/OGRPrototypFiliasuche - DistanzZentralbank/42ErgebnisTest' are matched.

2018-03-13 11:07:01 - [TEST_STEP][PASSED] - click: Object: 'Object Repository/naechsteSeite' is clicked on

2018-03-13 11:07:02 - [MESSAGE][PASSED] - Object: 'Object Repository/naechsteSeite' is clicked on

2018-03-13 11:07:02 - [TEST_STEP][PASSED] - delay: Delayed 2 second(s)

2018-03-13 11:07:04 - [MESSAGE][PASSED] - Delayed 2 second(s)

2018-03-13 11:07:04 - [TEST_STEP][PASSED] - verifyElementText: Actual text and expected text of test object 'Object Repository/OGRPrototypFiliasuche - DistanzZentralbank/43ErgebnisTest' are matched.

2018-03-13 11:07:04 - [MESSAGE][PASSED] - Actual text and expected text of test object 'Object Repository/OGRPrototypFiliasuche - DistanzZentralbank/43ErgebnisTest' are matched.

2018-03-13 11:07:04 - [TEST_STEP][PASSED] - verifyElementText: Actual text and expected text of test object 'Object Repository/OGRPrototypFiliasuche - DistanzZentralbank/44ErgebnisTest' are matched.

2018-03-13 11:07:04 - [MESSAGE][PASSED] - Actual text and expected text of test object 'Object Repository/OGRPrototypFiliasuche - DistanzZentralbank/44ErgebnisTest' are matched.

2018-03-13 11:07:04 - [TEST_STEP][PASSED] - verifyElementText: Actual text and expected text of test object 'Object Repository/OGRPrototypFiliasuche - DistanzZentralbank/45ErgebnisTest' are matched.

2018-03-13 11:07:04 - [MESSAGE][PASSED] - Actual text and expected text of test object 'Object Repository/OGRPrototypFiliasuche - DistanzZentralbank/45ErgebnisTest' are matched.

2018-03-13 11:07:04 - [TEST_STEP][PASSED] - verifyElementText: Actual text and expected text of test object 'Object Repository/OGRPrototypFiliasuche - DistanzZentralbank/46ErgebnisTest' are matched.

2018-03-13 11:07:04 - [MESSAGE][PASSED] - Actual text and expected text of test object 'Object Repository/OGRPrototypFiliasuche - DistanzZentralbank/46ErgebnisTest' are matched.

2018-03-13 11:07:04 - [TEST_STEP][PASSED] - verifyElementText: Actual text and expected text of test object 'Object Repository/OGRPrototypFiliasuche - DistanzZentralbank/47ErgebnisTest' are matched.

2018-03-13 11:07:04 - [MESSAGE][PASSED] - Actual text and expected text of test object 'Object Repository/OGRPrototypFiliasuche - DistanzZentralbank/47ErgebnisTest' are matched.

2018-03-13 11:07:04 - [TEST_STEP][PASSED] - verifyElementText: Actual text and expected text of test object 'Object Repository/OGRPrototypFiliasuche - DistanzZentralbank/48ErgebnisTest' are matched.

2018-03-13 11:07:05 - [MESSAGE][PASSED] - Actual text and expected text of test object 'Object Repository/OGRPrototypFiliasuche - DistanzZentralbank/48ErgebnisTest' are matched.

2018-03-13 11:07:05 - [TEST_STEP][PASSED] - click: Object: 'Object Repository/naechsteSeite' is clicked on

2018-03-13 11:07:06 - [MESSAGE][PASSED] - Object: 'Object Repository/naechsteSeite' is clicked on

2018-03-13 11:07:06 - [TEST_STEP][PASSED] - delay: Delayed 2 second(s)

2018-03-13 11:07:08 - [MESSAGE][PASSED] - Delayed 2 second(s)

2018-03-13 11:07:08 - [TEST_STEP][PASSED] - verifyElementText: Actual text and expected text of test object 'Object Repository/OGRPrototypFiliasuche - DistanzZentralbank/49ErgebnisTest' are matched.

2018-03-13 11:07:08 - [MESSAGE][PASSED] - Actual text and expected text of test object 'Object Repository/OGRPrototypFiliasuche - DistanzZentralbank/49ErgebnisTest' are matched.

2018-03-13 11:07:08 - [TEST_STEP][PASSED] - verifyElementText: Actual text and expected text of test object 'Object Repository/OGRPrototypFiliasuche - DistanzZentralbank/50ErgebnisTest' are matched.

2018-03-13 11:07:08 - [MESSAGE][PASSED] - Actual text and expected text of test object 'Object Repository/OGRPrototypFiliasuche - DistanzZentralbank/50ErgebnisTest' are matched.

2018-03-13 11:07:08 - [TEST_STEP][PASSED] - verifyElementText: Actual text and expected text of test object 'Object Repository/OGRPrototypFiliasuche - DistanzZentralbank/51ErgebnisTest' are matched.

2018-03-13 11:07:08 - [MESSAGE][PASSED] - Actual text and expected text of test object 'Object Repository/OGRPrototypFiliasuche - DistanzZentralbank/51ErgebnisTest' are matched.

2018-03-13 11:07:08 - [TEST_STEP][PASSED] - verifyElementText: Actual text and expected text of test object 'Object Repository/OGRPrototypFiliasuche - DistanzZentralbank/52ErgebnisTest' are matched.

2018-03-13 11:07:08 - [MESSAGE][PASSED] - Actual text and expected text of test object 'Object Repository/OGRPrototypFiliasuche - DistanzZentralbank/52ErgebnisTest' are matched.

2018-03-13 11:07:08 - [TEST_STEP][PASSED] - verifyElementText: Actual text and expected text of test object 'Object Repository/OGRPrototypFiliasuche - DistanzZentralbank/53ErgebnisTest' are matched.

2018-03-13 11:07:08 - [MESSAGE][PASSED] - Actual text and expected text of test object 'Object Repository/OGRPrototypFiliasuche - DistanzZentralbank/53ErgebnisTest' are matched.

2018-03-13 11:07:08 - [TEST_STEP][PASSED] - verifyElementText: Actual text and expected text of test object 'Object Repository/OGRPrototypFiliasuche - DistanzZentralbank/54ErgebnisTest' are matched.

2018-03-13 11:07:08 - [MESSAGE][PASSED] - Actual text and expected text of test object 'Object Repository/OGRPrototypFiliasuche - DistanzZentralbank/54ErgebnisTest' are matched.

2018-03-13 11:07:08 - [TEST_STEP][PASSED] - click: Object: 'Object Repository/naechsteSeite' is clicked on

2018-03-13 11:07:09 - [MESSAGE][PASSED] - Object: 'Object Repository/naechsteSeite' is clicked on

2018-03-13 11:07:09 - [TEST_STEP][PASSED] - delay: Delayed 2 second(s)

2018-03-13 11:07:11 - [MESSAGE][PASSED] - Delayed 2 second(s)

2018-03-13 11:07:11 - [TEST_STEP][PASSED] - verifyElementText: Actual text and expected text of test object 'Object Repository/OGRPrototypFiliasuche - DistanzZentralbank/55ErgebnisTest' are matched.

2018-03-13 11:07:11 - [MESSAGE][PASSED] - Actual text and expected text of test object 'Object Repository/OGRPrototypFiliasuche - DistanzZentralbank/55ErgebnisTest' are matched.

2018-03-13 11:07:11 - [TEST_STEP][PASSED] - verifyElementText: Actual text and expected text of test object 'Object Repository/OGRPrototypFiliasuche - DistanzZentralbank/56ErgebnisTest' are matched.

2018-03-13 11:07:11 - [MESSAGE][PASSED] - Actual text and expected text of test object 'Object Repository/OGRPrototypFiliasuche - DistanzZentralbank/56ErgebnisTest' are matched.

2018-03-13 11:07:11 - [TEST_STEP][PASSED] - verifyElementText: Actual text and expected text of test object 'Object Repository/OGRPrototypFiliasuche - DistanzZentralbank/57ErgebnisTest' are matched.

2018-03-13 11:07:11 - [MESSAGE][PASSED] - Actual text and expected text of test object 'Object Repository/OGRPrototypFiliasuche - DistanzZentralbank/57ErgebnisTest' are matched.

2018-03-13 11:07:11 - [TEST_STEP][PASSED] - verifyElementText: Actual text and expected text of test object 'Object Repository/OGRPrototypFiliasuche - DistanzZentralbank/58ErgebnisTest' are matched.

2018-03-13 11:07:11 - [MESSAGE][PASSED] - Actual text and expected text of test object 'Object Repository/OGRPrototypFiliasuche - DistanzZentralbank/58ErgebnisTest' are matched.

2018-03-13 11:07:11 - [TEST_STEP][PASSED] - verifyElementText: Actual text and expected text of test object 'Object Repository/OGRPrototypFiliasuche - DistanzZentralbank/59ErgebnisTest' are matched.

2018-03-13 11:07:11 - [MESSAGE][PASSED] - Actual text and expected text of test object 'Object Repository/OGRPrototypFiliasuche - DistanzZentralbank/59ErgebnisTest' are matched.

2018-03-13 11:07:11 - [TEST_STEP][PASSED] - verifyElementText: Actual text and expected text of test object 'Object Repository/OGRPrototypFiliasuche - DistanzZentralbank/60ErgebnisTest' are matched.

2018-03-13 11:07:11 - [MESSAGE][PASSED] - Actual text and expected text of test object 'Object Repository/OGRPrototypFiliasuche - DistanzZentralbank/60ErgebnisTest' are matched.

2018-03-13 11:07:11 - [TEST_STEP][PASSED] - click: Object: 'Object Repository/naechsteSeite' is clicked on

2018-03-13 11:07:12 - [MESSAGE][PASSED] - Object: 'Object Repository/naechsteSeite' is clicked on

2018-03-13 11:07:12 - [TEST_STEP][PASSED] - delay: Delayed 2 second(s)

2018-03-13 11:07:14 - [MESSAGE][PASSED] - Delayed 2 second(s)

2018-03-13 11:07:14 - [TEST_STEP][PASSED] - verifyElementText: Actual text and expected text of test object 'Object Repository/OGRPrototypFiliasuche - DistanzZentralbank/61ErgebnisTest' are matched.

2018-03-13 11:07:15 - [MESSAGE][PASSED] - Actual text and expected text of test object 'Object Repository/OGRPrototypFiliasuche - DistanzZentralbank/61ErgebnisTest' are matched.

2018-03-13 11:07:15 - [TEST_STEP][PASSED] - closeBrowser: Browser is closed

2018-03-13 11:07:15 - [MESSAGE][PASSED] - Browser is closed]]></system-out>
         <system-err><![CDATA[]]></system-err>
      </testcase>
      <testcase name="Test Cases/Prototyp_Filialsuche (RC 18)/52_Testfall" classname="Test Cases/Prototyp_Filialsuche (RC 18)/52_Testfall" status="PASSED">
         <system-out><![CDATA[2018-03-13 11:07:15 - [TEST_CASE][PASSED] - Test Cases/Prototyp_Filialsuche (RC 18)/52_Testfall: Test Cases/Prototyp_Filialsuche (RC 18)/52_Testfall

2018-03-13 11:07:15 - [TEST_STEP][PASSED] - openBrowser: Browser is opened with url: ''

2018-03-13 11:07:17 - [MESSAGE][PASSED] - Browser is opened with url: ''

2018-03-13 11:07:17 - [TEST_STEP][PASSED] - maximizeWindow: Current window maximized

2018-03-13 11:07:17 - [MESSAGE][PASSED] - Current window maximized

2018-03-13 11:07:17 - [TEST_STEP][PASSED] - deleteAllCookies: Delete all cookies successfully

2018-03-13 11:07:17 - [MESSAGE][PASSED] - Delete all cookies successfully

2018-03-13 11:07:17 - [TEST_STEP][PASSED] - navigateToUrl: Navigate to 'http://rc-ogrhtmlprototyp.testintern/18-1-0/home-6-filialsuche.html' successfully

2018-03-13 11:07:18 - [MESSAGE][PASSED] - Navigate to 'http://rc-ogrhtmlprototyp.testintern/18-1-0/home-6-filialsuche.html' successfully

2018-03-13 11:07:18 - [TEST_STEP][PASSED] - delay: Delayed 5 second(s)

2018-03-13 11:07:23 - [MESSAGE][PASSED] - Delayed 5 second(s)

2018-03-13 11:07:23 - [TEST_STEP][PASSED] - click: Object: 'Object Repository/OGRPrototypFilialsuche - Kontakt-Box/svg_dropdown-icons' is clicked on

2018-03-13 11:07:23 - [MESSAGE][PASSED] - Object: 'Object Repository/OGRPrototypFilialsuche - Kontakt-Box/svg_dropdown-icons' is clicked on

2018-03-13 11:07:23 - [TEST_STEP][PASSED] - delay: Delayed 2 second(s)

2018-03-13 11:07:25 - [MESSAGE][PASSED] - Delayed 2 second(s)

2018-03-13 11:07:25 - [TEST_STEP][PASSED] - mouseOver: Object: 'Object Repository/Belitz_option' is hovered

2018-03-13 11:07:26 - [MESSAGE][PASSED] - Object: 'Object Repository/Belitz_option' is hovered

2018-03-13 11:07:26 - [TEST_STEP][PASSED] - delay: Delayed 2 second(s)

2018-03-13 11:07:28 - [MESSAGE][PASSED] - Delayed 2 second(s)

2018-03-13 11:07:28 - [TEST_STEP][PASSED] - click: Object: 'Object Repository/Belitz_option' is clicked on

2018-03-13 11:07:29 - [MESSAGE][PASSED] - Object: 'Object Repository/Belitz_option' is clicked on

2018-03-13 11:07:29 - [TEST_STEP][PASSED] - delay: Delayed 4 second(s)

2018-03-13 11:07:33 - [MESSAGE][PASSED] - Delayed 4 second(s)

2018-03-13 11:07:33 - [TEST_STEP][PASSED] - verifyElementText: Actual text and expected text of test object 'Object Repository/OGRPrototypFilialsuche - Kontakt-Box/01ErgebnisText' are matched.

2018-03-13 11:07:33 - [MESSAGE][PASSED] - Actual text and expected text of test object 'Object Repository/OGRPrototypFilialsuche - Kontakt-Box/01ErgebnisText' are matched.

2018-03-13 11:07:33 - [TEST_STEP][PASSED] - verifyElementText: Actual text and expected text of test object 'Object Repository/OGRPrototypFilialsuche - Kontakt-Box/02ErgebnisText' are matched.

2018-03-13 11:07:33 - [MESSAGE][PASSED] - Actual text and expected text of test object 'Object Repository/OGRPrototypFilialsuche - Kontakt-Box/02ErgebnisText' are matched.

2018-03-13 11:07:33 - [TEST_STEP][PASSED] - verifyElementText: Actual text and expected text of test object 'Object Repository/OGRPrototypFilialsuche - Kontakt-Box/03ErgebnisTest' are matched.

2018-03-13 11:07:33 - [MESSAGE][PASSED] - Actual text and expected text of test object 'Object Repository/OGRPrototypFilialsuche - Kontakt-Box/03ErgebnisTest' are matched.

2018-03-13 11:07:33 - [TEST_STEP][PASSED] - verifyElementText: Actual text and expected text of test object 'Object Repository/OGRPrototypFilialsuche - Kontakt-Box/04ErgebnisTest' are matched.

2018-03-13 11:07:34 - [MESSAGE][PASSED] - Actual text and expected text of test object 'Object Repository/OGRPrototypFilialsuche - Kontakt-Box/04ErgebnisTest' are matched.

2018-03-13 11:07:34 - [TEST_STEP][PASSED] - verifyElementText: Actual text and expected text of test object 'Object Repository/OGRPrototypFilialsuche - Kontakt-Box/05ErgebnisTest' are matched.

2018-03-13 11:07:34 - [MESSAGE][PASSED] - Actual text and expected text of test object 'Object Repository/OGRPrototypFilialsuche - Kontakt-Box/05ErgebnisTest' are matched.

2018-03-13 11:07:34 - [TEST_STEP][PASSED] - verifyElementText: Actual text and expected text of test object 'Object Repository/OGRPrototypFilialsuche - Kontakt-Box/06ErgebnisTest' are matched.

2018-03-13 11:07:34 - [MESSAGE][PASSED] - Actual text and expected text of test object 'Object Repository/OGRPrototypFilialsuche - Kontakt-Box/06ErgebnisTest' are matched.

2018-03-13 11:07:34 - [TEST_STEP][PASSED] - click: Object: 'Object Repository/naechsteSeite' is clicked on

2018-03-13 11:07:35 - [MESSAGE][PASSED] - Object: 'Object Repository/naechsteSeite' is clicked on

2018-03-13 11:07:35 - [TEST_STEP][PASSED] - verifyElementText: Actual text and expected text of test object 'Object Repository/OGRPrototypFilialsuche - Kontakt-Box/07ErgebnisTest' are matched.

2018-03-13 11:07:35 - [MESSAGE][PASSED] - Actual text and expected text of test object 'Object Repository/OGRPrototypFilialsuche - Kontakt-Box/07ErgebnisTest' are matched.

2018-03-13 11:07:35 - [TEST_STEP][PASSED] - verifyElementText: Actual text and expected text of test object 'Object Repository/OGRPrototypFilialsuche - Kontakt-Box/08ErgebnisTest' are matched.

2018-03-13 11:07:35 - [MESSAGE][PASSED] - Actual text and expected text of test object 'Object Repository/OGRPrototypFilialsuche - Kontakt-Box/08ErgebnisTest' are matched.

2018-03-13 11:07:35 - [TEST_STEP][PASSED] - verifyElementText: Actual text and expected text of test object 'Object Repository/OGRPrototypFilialsuche - Kontakt-Box/09ErgebnisTest' are matched.

2018-03-13 11:07:35 - [MESSAGE][PASSED] - Actual text and expected text of test object 'Object Repository/OGRPrototypFilialsuche - Kontakt-Box/09ErgebnisTest' are matched.

2018-03-13 11:07:35 - [TEST_STEP][PASSED] - verifyElementText: Actual text and expected text of test object 'Object Repository/OGRPrototypFilialsuche - Kontakt-Box/10ErgebnisTest' are matched.

2018-03-13 11:07:35 - [MESSAGE][PASSED] - Actual text and expected text of test object 'Object Repository/OGRPrototypFilialsuche - Kontakt-Box/10ErgebnisTest' are matched.

2018-03-13 11:07:35 - [TEST_STEP][PASSED] - verifyElementText: Actual text and expected text of test object 'Object Repository/OGRPrototypFilialsuche - Kontakt-Box/11ErgebnisTest' are matched.

2018-03-13 11:07:35 - [MESSAGE][PASSED] - Actual text and expected text of test object 'Object Repository/OGRPrototypFilialsuche - Kontakt-Box/11ErgebnisTest' are matched.

2018-03-13 11:07:35 - [TEST_STEP][PASSED] - verifyElementText: Actual text and expected text of test object 'Object Repository/OGRPrototypFilialsuche - Kontakt-Box/12ErgebnisTest' are matched.

2018-03-13 11:07:35 - [MESSAGE][PASSED] - Actual text and expected text of test object 'Object Repository/OGRPrototypFilialsuche - Kontakt-Box/12ErgebnisTest' are matched.

2018-03-13 11:07:35 - [TEST_STEP][PASSED] - click: Object: 'Object Repository/naechsteSeite' is clicked on

2018-03-13 11:07:36 - [MESSAGE][PASSED] - Object: 'Object Repository/naechsteSeite' is clicked on

2018-03-13 11:07:36 - [TEST_STEP][PASSED] - verifyElementText: Actual text and expected text of test object 'Object Repository/OGRPrototypFilialsuche - Kontakt-Box/13ErgebnisTest' are matched.

2018-03-13 11:07:36 - [MESSAGE][PASSED] - Actual text and expected text of test object 'Object Repository/OGRPrototypFilialsuche - Kontakt-Box/13ErgebnisTest' are matched.

2018-03-13 11:07:36 - [TEST_STEP][PASSED] - verifyElementText: Actual text and expected text of test object 'Object Repository/OGRPrototypFilialsuche - Kontakt-Box/14ErgebnisTest' are matched.

2018-03-13 11:07:37 - [MESSAGE][PASSED] - Actual text and expected text of test object 'Object Repository/OGRPrototypFilialsuche - Kontakt-Box/14ErgebnisTest' are matched.

2018-03-13 11:07:37 - [TEST_STEP][PASSED] - verifyElementText: Actual text and expected text of test object 'Object Repository/OGRPrototypFilialsuche - Kontakt-Box/15ErgebnisTest' are matched.

2018-03-13 11:07:37 - [MESSAGE][PASSED] - Actual text and expected text of test object 'Object Repository/OGRPrototypFilialsuche - Kontakt-Box/15ErgebnisTest' are matched.

2018-03-13 11:07:37 - [TEST_STEP][PASSED] - verifyElementText: Actual text and expected text of test object 'Object Repository/OGRPrototypFilialsuche - Kontakt-Box/16ErgebnisTest' are matched.

2018-03-13 11:07:37 - [MESSAGE][PASSED] - Actual text and expected text of test object 'Object Repository/OGRPrototypFilialsuche - Kontakt-Box/16ErgebnisTest' are matched.

2018-03-13 11:07:37 - [TEST_STEP][PASSED] - verifyElementText: Actual text and expected text of test object 'Object Repository/OGRPrototypFilialsuche - Kontakt-Box/17ErgebnisTest' are matched.

2018-03-13 11:07:37 - [MESSAGE][PASSED] - Actual text and expected text of test object 'Object Repository/OGRPrototypFilialsuche - Kontakt-Box/17ErgebnisTest' are matched.

2018-03-13 11:07:37 - [TEST_STEP][PASSED] - verifyElementText: Actual text and expected text of test object 'Object Repository/OGRPrototypFilialsuche - Kontakt-Box/18ErgebnisTest' are matched.

2018-03-13 11:07:37 - [MESSAGE][PASSED] - Actual text and expected text of test object 'Object Repository/OGRPrototypFilialsuche - Kontakt-Box/18ErgebnisTest' are matched.

2018-03-13 11:07:37 - [TEST_STEP][PASSED] - click: Object: 'Object Repository/naechsteSeite' is clicked on

2018-03-13 11:07:38 - [MESSAGE][PASSED] - Object: 'Object Repository/naechsteSeite' is clicked on

2018-03-13 11:07:38 - [TEST_STEP][PASSED] - verifyElementText: Actual text and expected text of test object 'Object Repository/OGRPrototypFilialsuche - Kontakt-Box/19ErgebnisTest' are matched.

2018-03-13 11:07:38 - [MESSAGE][PASSED] - Actual text and expected text of test object 'Object Repository/OGRPrototypFilialsuche - Kontakt-Box/19ErgebnisTest' are matched.

2018-03-13 11:07:38 - [TEST_STEP][PASSED] - verifyElementText: Actual text and expected text of test object 'Object Repository/OGRPrototypFilialsuche - Kontakt-Box/20ErgebnisTest' are matched.

2018-03-13 11:07:38 - [MESSAGE][PASSED] - Actual text and expected text of test object 'Object Repository/OGRPrototypFilialsuche - Kontakt-Box/20ErgebnisTest' are matched.

2018-03-13 11:07:38 - [TEST_STEP][PASSED] - verifyElementText: Actual text and expected text of test object 'Object Repository/OGRPrototypFilialsuche - Kontakt-Box/21ErgebnisTest' are matched.

2018-03-13 11:07:38 - [MESSAGE][PASSED] - Actual text and expected text of test object 'Object Repository/OGRPrototypFilialsuche - Kontakt-Box/21ErgebnisTest' are matched.

2018-03-13 11:07:38 - [TEST_STEP][PASSED] - verifyElementText: Actual text and expected text of test object 'Object Repository/OGRPrototypFilialsuche - Kontakt-Box/22ErgebnisTest' are matched.

2018-03-13 11:07:38 - [MESSAGE][PASSED] - Actual text and expected text of test object 'Object Repository/OGRPrototypFilialsuche - Kontakt-Box/22ErgebnisTest' are matched.

2018-03-13 11:07:38 - [TEST_STEP][PASSED] - verifyElementText: Actual text and expected text of test object 'Object Repository/OGRPrototypFilialsuche - Kontakt-Box/23ErgebnisTest' are matched.

2018-03-13 11:07:38 - [MESSAGE][PASSED] - Actual text and expected text of test object 'Object Repository/OGRPrototypFilialsuche - Kontakt-Box/23ErgebnisTest' are matched.

2018-03-13 11:07:38 - [TEST_STEP][PASSED] - verifyElementText: Actual text and expected text of test object 'Object Repository/OGRPrototypFilialsuche - Kontakt-Box/24ErgebnisTest' are matched.

2018-03-13 11:07:38 - [MESSAGE][PASSED] - Actual text and expected text of test object 'Object Repository/OGRPrototypFilialsuche - Kontakt-Box/24ErgebnisTest' are matched.

2018-03-13 11:07:38 - [TEST_STEP][PASSED] - click: Object: 'Object Repository/naechsteSeite' is clicked on

2018-03-13 11:07:39 - [MESSAGE][PASSED] - Object: 'Object Repository/naechsteSeite' is clicked on

2018-03-13 11:07:39 - [TEST_STEP][PASSED] - verifyElementText: Actual text and expected text of test object 'Object Repository/OGRPrototypFilialsuche - Kontakt-Box/25ErgebnisTest' are matched.

2018-03-13 11:07:39 - [MESSAGE][PASSED] - Actual text and expected text of test object 'Object Repository/OGRPrototypFilialsuche - Kontakt-Box/25ErgebnisTest' are matched.

2018-03-13 11:07:39 - [TEST_STEP][PASSED] - verifyElementText: Actual text and expected text of test object 'Object Repository/OGRPrototypFilialsuche - Kontakt-Box/26ErgebnisTest' are matched.

2018-03-13 11:07:39 - [MESSAGE][PASSED] - Actual text and expected text of test object 'Object Repository/OGRPrototypFilialsuche - Kontakt-Box/26ErgebnisTest' are matched.

2018-03-13 11:07:39 - [TEST_STEP][PASSED] - verifyElementText: Actual text and expected text of test object 'Object Repository/OGRPrototypFilialsuche - Kontakt-Box/27ErgebnisTest' are matched.

2018-03-13 11:07:39 - [MESSAGE][PASSED] - Actual text and expected text of test object 'Object Repository/OGRPrototypFilialsuche - Kontakt-Box/27ErgebnisTest' are matched.

2018-03-13 11:07:39 - [TEST_STEP][PASSED] - verifyElementText: Actual text and expected text of test object 'Object Repository/OGRPrototypFilialsuche - Kontakt-Box/28ErgebnisTest' are matched.

2018-03-13 11:07:39 - [MESSAGE][PASSED] - Actual text and expected text of test object 'Object Repository/OGRPrototypFilialsuche - Kontakt-Box/28ErgebnisTest' are matched.

2018-03-13 11:07:39 - [TEST_STEP][PASSED] - verifyElementText: Actual text and expected text of test object 'Object Repository/OGRPrototypFilialsuche - Kontakt-Box/29ErgebnisTest' are matched.

2018-03-13 11:07:39 - [MESSAGE][PASSED] - Actual text and expected text of test object 'Object Repository/OGRPrototypFilialsuche - Kontakt-Box/29ErgebnisTest' are matched.

2018-03-13 11:07:39 - [TEST_STEP][PASSED] - verifyElementText: Actual text and expected text of test object 'Object Repository/OGRPrototypFilialsuche - Kontakt-Box/30ErgebnisTest' are matched.

2018-03-13 11:07:39 - [MESSAGE][PASSED] - Actual text and expected text of test object 'Object Repository/OGRPrototypFilialsuche - Kontakt-Box/30ErgebnisTest' are matched.

2018-03-13 11:07:39 - [TEST_STEP][PASSED] - click: Object: 'Object Repository/naechsteSeite' is clicked on

2018-03-13 11:07:40 - [MESSAGE][PASSED] - Object: 'Object Repository/naechsteSeite' is clicked on

2018-03-13 11:07:40 - [TEST_STEP][PASSED] - verifyElementText: Actual text and expected text of test object 'Object Repository/OGRPrototypFilialsuche - Kontakt-Box/31ErgebnisTest' are matched.

2018-03-13 11:07:40 - [MESSAGE][PASSED] - Actual text and expected text of test object 'Object Repository/OGRPrototypFilialsuche - Kontakt-Box/31ErgebnisTest' are matched.

2018-03-13 11:07:40 - [TEST_STEP][PASSED] - verifyElementText: Actual text and expected text of test object 'Object Repository/OGRPrototypFilialsuche - Kontakt-Box/32ErgebnisTest' are matched.

2018-03-13 11:07:40 - [MESSAGE][PASSED] - Actual text and expected text of test object 'Object Repository/OGRPrototypFilialsuche - Kontakt-Box/32ErgebnisTest' are matched.

2018-03-13 11:07:40 - [TEST_STEP][PASSED] - verifyElementText: Actual text and expected text of test object 'Object Repository/OGRPrototypFilialsuche - Kontakt-Box/33ErgebnisTest' are matched.

2018-03-13 11:07:41 - [MESSAGE][PASSED] - Actual text and expected text of test object 'Object Repository/OGRPrototypFilialsuche - Kontakt-Box/33ErgebnisTest' are matched.

2018-03-13 11:07:41 - [TEST_STEP][PASSED] - verifyElementText: Actual text and expected text of test object 'Object Repository/OGRPrototypFilialsuche - Kontakt-Box/34ErgebnisTest' are matched.

2018-03-13 11:07:41 - [MESSAGE][PASSED] - Actual text and expected text of test object 'Object Repository/OGRPrototypFilialsuche - Kontakt-Box/34ErgebnisTest' are matched.

2018-03-13 11:07:41 - [TEST_STEP][PASSED] - verifyElementText: Actual text and expected text of test object 'Object Repository/OGRPrototypFilialsuche - Kontakt-Box/35ErgebnisTest' are matched.

2018-03-13 11:07:41 - [MESSAGE][PASSED] - Actual text and expected text of test object 'Object Repository/OGRPrototypFilialsuche - Kontakt-Box/35ErgebnisTest' are matched.

2018-03-13 11:07:41 - [TEST_STEP][PASSED] - verifyElementText: Actual text and expected text of test object 'Object Repository/OGRPrototypFilialsuche - Kontakt-Box/36ErgebnisTest' are matched.

2018-03-13 11:07:41 - [MESSAGE][PASSED] - Actual text and expected text of test object 'Object Repository/OGRPrototypFilialsuche - Kontakt-Box/36ErgebnisTest' are matched.

2018-03-13 11:07:41 - [TEST_STEP][PASSED] - click: Object: 'Object Repository/naechsteSeite' is clicked on

2018-03-13 11:07:42 - [MESSAGE][PASSED] - Object: 'Object Repository/naechsteSeite' is clicked on

2018-03-13 11:07:42 - [TEST_STEP][PASSED] - verifyElementText: Actual text and expected text of test object 'Object Repository/OGRPrototypFilialsuche - Kontakt-Box/37ErgebnisTest' are matched.

2018-03-13 11:07:42 - [MESSAGE][PASSED] - Actual text and expected text of test object 'Object Repository/OGRPrototypFilialsuche - Kontakt-Box/37ErgebnisTest' are matched.

2018-03-13 11:07:42 - [TEST_STEP][PASSED] - closeBrowser: Browser is closed

2018-03-13 11:07:42 - [MESSAGE][PASSED] - Browser is closed]]></system-out>
         <system-err><![CDATA[]]></system-err>
      </testcase>
      <testcase name="Test Cases/Prototyp_Filialsuche (RC 18)/53_Testfall" classname="Test Cases/Prototyp_Filialsuche (RC 18)/53_Testfall" status="FAILED">
         <failure type="FAILED" message="Unable to click on object 'Object Repository/OGRPrototypFilialsuche - Marginalspalte/svg_dropdown-icons' (Root cause: com.kms.katalon.core.webui.exception.WebElementNotFoundException: Web element with id: 'Object Repository/OGRPrototypFilialsuche - Marginalspalte/svg_dropdown-icons' located by 'By.xpath: /html/body/div[2]/div[3]/div[4]/aside/div/div[3]/div/div/form/div/span/span' not found)"/>
         <system-out><![CDATA[2018-03-13 11:07:42 - [TEST_CASE][FAILED] - Test Cases/Prototyp_Filialsuche (RC 18)/53_Testfall: Test Cases/Prototyp_Filialsuche (RC 18)/53_Testfall FAILED because (of) Unable to click on object 'Object Repository/OGRPrototypFilialsuche - Marginalspalte/svg_dropdown-icons' (Root cause: com.kms.katalon.core.webui.exception.WebElementNotFoundException: Web element with id: 'Object Repository/OGRPrototypFilialsuche - Marginalspalte/svg_dropdown-icons' located by 'By.xpath: /html/body/div[2]/div[3]/div[4]/aside/div/div[3]/div/div/form/div/span/span' not found)

2018-03-13 11:07:42 - [TEST_STEP][PASSED] - openBrowser: Browser is opened with url: ''

2018-03-13 11:07:44 - [MESSAGE][PASSED] - Browser is opened with url: ''

2018-03-13 11:07:44 - [TEST_STEP][PASSED] - maximizeWindow: Current window maximized

2018-03-13 11:07:44 - [MESSAGE][PASSED] - Current window maximized

2018-03-13 11:07:44 - [TEST_STEP][PASSED] - deleteAllCookies: Delete all cookies successfully

2018-03-13 11:07:44 - [MESSAGE][PASSED] - Delete all cookies successfully

2018-03-13 11:07:44 - [TEST_STEP][PASSED] - navigateToUrl: Navigate to 'http://rc-ogrhtmlprototyp.testintern/18-1-0/detail.html' successfully

2018-03-13 11:07:48 - [MESSAGE][PASSED] - Navigate to 'http://rc-ogrhtmlprototyp.testintern/18-1-0/detail.html' successfully

2018-03-13 11:07:48 - [TEST_STEP][PASSED] - delay: Delayed 5 second(s)

2018-03-13 11:07:53 - [MESSAGE][PASSED] - Delayed 5 second(s)

2018-03-13 11:07:53 - [TEST_STEP][FAILED] - click: Unable to click on object 'Object Repository/OGRPrototypFilialsuche - Marginalspalte/svg_dropdown-icons' (Root cause: com.kms.katalon.core.webui.exception.WebElementNotFoundException: Web element with id: 'Object Repository/OGRPrototypFilialsuche - Marginalspalte/svg_dropdown-icons' located by 'By.xpath: /html/body/div[2]/div[3]/div[4]/aside/div/div[3]/div/div/form/div/span/span' not found)

2018-03-13 11:08:40 - [MESSAGE][FAILED] - Unable to click on object 'Object Repository/OGRPrototypFilialsuche - Marginalspalte/svg_dropdown-icons' (Root cause: com.kms.katalon.core.webui.exception.WebElementNotFoundException: Web element with id: 'Object Repository/OGRPrototypFilialsuche - Marginalspalte/svg_dropdown-icons' located by 'By.xpath: /html/body/div[2]/div[3]/div[4]/aside/div/div[3]/div/div/form/div/span/span' not found)
[[ATTACHMENT|C:\\Users\\lbut\\Downloads\\Prototyp1_12_03\\Prototyp1\\Reports\\Prototyp Filialsuche (RC18) 13_03_2018\\20180313_104448\\1520935719904.png]]]]></system-out>
         <system-err><![CDATA[2018-03-13 11:07:42 - [TEST_CASE][FAILED] - Test Cases/Prototyp_Filialsuche (RC 18)/53_Testfall: Test Cases/Prototyp_Filialsuche (RC 18)/53_Testfall FAILED because (of) Unable to click on object 'Object Repository/OGRPrototypFilialsuche - Marginalspalte/svg_dropdown-icons' (Root cause: com.kms.katalon.core.webui.exception.WebElementNotFoundException: Web element with id: 'Object Repository/OGRPrototypFilialsuche - Marginalspalte/svg_dropdown-icons' located by 'By.xpath: /html/body/div[2]/div[3]/div[4]/aside/div/div[3]/div/div/form/div/span/span' not found)]]></system-err>
      </testcase>
      <testcase name="Test Cases/Prototyp_Filialsuche (RC 18)/54_Testfall" classname="Test Cases/Prototyp_Filialsuche (RC 18)/54_Testfall" status="PASSED">
         <system-out><![CDATA[2018-03-13 11:08:40 - [TEST_CASE][PASSED] - Test Cases/Prototyp_Filialsuche (RC 18)/54_Testfall: Test Cases/Prototyp_Filialsuche (RC 18)/54_Testfall

2018-03-13 11:08:41 - [TEST_STEP][PASSED] - openBrowser: Browser is opened with url: ''

2018-03-13 11:08:41 - [MESSAGE][WARNING] - A browser is already opened. Closing browser and opening a new one

2018-03-13 11:08:43 - [MESSAGE][PASSED] - Browser is opened with url: ''

2018-03-13 11:08:43 - [TEST_STEP][PASSED] - maximizeWindow: Current window maximized

2018-03-13 11:08:43 - [MESSAGE][PASSED] - Current window maximized

2018-03-13 11:08:43 - [TEST_STEP][PASSED] - deleteAllCookies: Delete all cookies successfully

2018-03-13 11:08:43 - [MESSAGE][PASSED] - Delete all cookies successfully

2018-03-13 11:08:43 - [TEST_STEP][PASSED] - navigateToUrl: Navigate to 'http://rc-ogrhtmlprototyp.testintern/18-1-0/filialsuche-wangen.html' successfully

2018-03-13 11:08:44 - [MESSAGE][PASSED] - Navigate to 'http://rc-ogrhtmlprototyp.testintern/18-1-0/filialsuche-wangen.html' successfully

2018-03-13 11:08:44 - [TEST_STEP][PASSED] - delay: Delayed 5 second(s)

2018-03-13 11:08:49 - [MESSAGE][PASSED] - Delayed 5 second(s)

2018-03-13 11:08:49 - [TEST_STEP][PASSED] - verifyElementText: Actual text and expected text of test object 'Object Repository/OGRProtoypFilialsuche - Ort/01ErgebnisText' are matched.

2018-03-13 11:08:49 - [MESSAGE][PASSED] - Actual text and expected text of test object 'Object Repository/OGRProtoypFilialsuche - Ort/01ErgebnisText' are matched.

2018-03-13 11:08:49 - [TEST_STEP][PASSED] - verifyElementText: Actual text and expected text of test object 'Object Repository/OGRProtoypFilialsuche - Ort/02ErgebnisText' are matched.

2018-03-13 11:08:49 - [MESSAGE][PASSED] - Actual text and expected text of test object 'Object Repository/OGRProtoypFilialsuche - Ort/02ErgebnisText' are matched.

2018-03-13 11:08:49 - [TEST_STEP][PASSED] - verifyElementText: Actual text and expected text of test object 'Object Repository/OGRProtoypFilialsuche - Ort/03ErgebnisTest' are matched.

2018-03-13 11:08:49 - [MESSAGE][PASSED] - Actual text and expected text of test object 'Object Repository/OGRProtoypFilialsuche - Ort/03ErgebnisTest' are matched.

2018-03-13 11:08:49 - [TEST_STEP][PASSED] - verifyElementText: Actual text and expected text of test object 'Object Repository/OGRProtoypFilialsuche - Ort/04ErgebnisTest' are matched.

2018-03-13 11:08:49 - [MESSAGE][PASSED] - Actual text and expected text of test object 'Object Repository/OGRProtoypFilialsuche - Ort/04ErgebnisTest' are matched.

2018-03-13 11:08:49 - [TEST_STEP][PASSED] - closeBrowser: Browser is closed

2018-03-13 11:08:49 - [MESSAGE][PASSED] - Browser is closed]]></system-out>
         <system-err><![CDATA[]]></system-err>
      </testcase>
      <testcase name="Test Cases/Prototyp_Filialsuche (RC 18)/55_Testfall" classname="Test Cases/Prototyp_Filialsuche (RC 18)/55_Testfall" status="PASSED">
         <system-out><![CDATA[2018-03-13 11:08:49 - [TEST_CASE][PASSED] - Test Cases/Prototyp_Filialsuche (RC 18)/55_Testfall: Test Cases/Prototyp_Filialsuche (RC 18)/55_Testfall

2018-03-13 11:08:50 - [TEST_STEP][PASSED] - openBrowser: Browser is opened with url: ''

2018-03-13 11:08:51 - [MESSAGE][PASSED] - Browser is opened with url: ''

2018-03-13 11:08:51 - [TEST_STEP][PASSED] - maximizeWindow: Current window maximized

2018-03-13 11:08:51 - [MESSAGE][PASSED] - Current window maximized

2018-03-13 11:08:51 - [TEST_STEP][PASSED] - deleteAllCookies: Delete all cookies successfully

2018-03-13 11:08:51 - [MESSAGE][PASSED] - Delete all cookies successfully

2018-03-13 11:08:51 - [TEST_STEP][PASSED] - navigateToUrl: Navigate to 'http://rc-ogrhtmlprototyp.testintern/18-1-0/filialsuche.html' successfully

2018-03-13 11:08:52 - [MESSAGE][PASSED] - Navigate to 'http://rc-ogrhtmlprototyp.testintern/18-1-0/filialsuche.html' successfully

2018-03-13 11:08:52 - [TEST_STEP][PASSED] - delay: Delayed 5 second(s)

2018-03-13 11:08:57 - [MESSAGE][PASSED] - Delayed 5 second(s)

2018-03-13 11:08:57 - [TEST_STEP][PASSED] - click: Object: 'Object Repository/Page_Filialsuche - Strassenname Hausnummer/svg_dropdown-icons' is clicked on

2018-03-13 11:08:58 - [MESSAGE][PASSED] - Object: 'Object Repository/Page_Filialsuche - Strassenname Hausnummer/svg_dropdown-icons' is clicked on

2018-03-13 11:08:58 - [TEST_STEP][PASSED] - delay: Delayed 2 second(s)

2018-03-13 11:09:00 - [MESSAGE][PASSED] - Delayed 2 second(s)

2018-03-13 11:09:00 - [TEST_STEP][PASSED] - mouseOver: Object: 'Object Repository/Belitz_option' is hovered

2018-03-13 11:09:00 - [MESSAGE][PASSED] - Object: 'Object Repository/Belitz_option' is hovered

2018-03-13 11:09:00 - [TEST_STEP][PASSED] - delay: Delayed 2 second(s)

2018-03-13 11:09:02 - [MESSAGE][PASSED] - Delayed 2 second(s)

2018-03-13 11:09:02 - [TEST_STEP][PASSED] - click: Object: 'Object Repository/Belitz_option' is clicked on

2018-03-13 11:09:04 - [MESSAGE][PASSED] - Object: 'Object Repository/Belitz_option' is clicked on

2018-03-13 11:09:04 - [TEST_STEP][PASSED] - delay: Delayed 2 second(s)

2018-03-13 11:09:06 - [MESSAGE][PASSED] - Delayed 2 second(s)

2018-03-13 11:09:06 - [TEST_STEP][PASSED] - verifyElementText: Actual text and expected text of test object 'Object Repository/Page_Filialsuche - Strassenname Hausnummer/01ErgebnisText' are matched.

2018-03-13 11:09:06 - [MESSAGE][PASSED] - Actual text and expected text of test object 'Object Repository/Page_Filialsuche - Strassenname Hausnummer/01ErgebnisText' are matched.

2018-03-13 11:09:06 - [TEST_STEP][PASSED] - verifyElementText: Actual text and expected text of test object 'Object Repository/Page_Filialsuche - Strassenname Hausnummer/02ErgebnisText' are matched.

2018-03-13 11:09:06 - [MESSAGE][PASSED] - Actual text and expected text of test object 'Object Repository/Page_Filialsuche - Strassenname Hausnummer/02ErgebnisText' are matched.

2018-03-13 11:09:06 - [TEST_STEP][PASSED] - verifyElementText: Actual text and expected text of test object 'Object Repository/Page_Filialsuche - Strassenname Hausnummer/03ErgebnisTest' are matched.

2018-03-13 11:09:06 - [MESSAGE][PASSED] - Actual text and expected text of test object 'Object Repository/Page_Filialsuche - Strassenname Hausnummer/03ErgebnisTest' are matched.

2018-03-13 11:09:06 - [TEST_STEP][PASSED] - verifyElementText: Actual text and expected text of test object 'Object Repository/Page_Filialsuche - Strassenname Hausnummer/04ErgebnisTest' are matched.

2018-03-13 11:09:06 - [MESSAGE][PASSED] - Actual text and expected text of test object 'Object Repository/Page_Filialsuche - Strassenname Hausnummer/04ErgebnisTest' are matched.

2018-03-13 11:09:06 - [TEST_STEP][PASSED] - verifyElementText: Actual text and expected text of test object 'Object Repository/Page_Filialsuche - Strassenname Hausnummer/05ErgebnisTest' are matched.

2018-03-13 11:09:06 - [MESSAGE][PASSED] - Actual text and expected text of test object 'Object Repository/Page_Filialsuche - Strassenname Hausnummer/05ErgebnisTest' are matched.

2018-03-13 11:09:06 - [TEST_STEP][PASSED] - verifyElementText: Actual text and expected text of test object 'Object Repository/Page_Filialsuche - Strassenname Hausnummer/06ErgebnisTest' are matched.

2018-03-13 11:09:06 - [MESSAGE][PASSED] - Actual text and expected text of test object 'Object Repository/Page_Filialsuche - Strassenname Hausnummer/06ErgebnisTest' are matched.

2018-03-13 11:09:06 - [TEST_STEP][PASSED] - click: Object: 'Object Repository/naechsteSeite' is clicked on

2018-03-13 11:09:08 - [MESSAGE][PASSED] - Object: 'Object Repository/naechsteSeite' is clicked on

2018-03-13 11:09:08 - [TEST_STEP][PASSED] - verifyElementText: Actual text and expected text of test object 'Object Repository/Page_Filialsuche - Strassenname Hausnummer/07ErgebnisTest' are matched.

2018-03-13 11:09:08 - [MESSAGE][PASSED] - Actual text and expected text of test object 'Object Repository/Page_Filialsuche - Strassenname Hausnummer/07ErgebnisTest' are matched.

2018-03-13 11:09:08 - [TEST_STEP][PASSED] - verifyElementText: Actual text and expected text of test object 'Object Repository/Page_Filialsuche - Strassenname Hausnummer/08ErgebnisTest' are matched.

2018-03-13 11:09:08 - [MESSAGE][PASSED] - Actual text and expected text of test object 'Object Repository/Page_Filialsuche - Strassenname Hausnummer/08ErgebnisTest' are matched.

2018-03-13 11:09:08 - [TEST_STEP][PASSED] - verifyElementText: Actual text and expected text of test object 'Object Repository/Page_Filialsuche - Strassenname Hausnummer/09ErgebnisTest' are matched.

2018-03-13 11:09:08 - [MESSAGE][PASSED] - Actual text and expected text of test object 'Object Repository/Page_Filialsuche - Strassenname Hausnummer/09ErgebnisTest' are matched.

2018-03-13 11:09:08 - [TEST_STEP][PASSED] - verifyElementText: Actual text and expected text of test object 'Object Repository/Page_Filialsuche - Strassenname Hausnummer/10ErgebnisTest' are matched.

2018-03-13 11:09:08 - [MESSAGE][PASSED] - Actual text and expected text of test object 'Object Repository/Page_Filialsuche - Strassenname Hausnummer/10ErgebnisTest' are matched.

2018-03-13 11:09:08 - [TEST_STEP][PASSED] - verifyElementText: Actual text and expected text of test object 'Object Repository/Page_Filialsuche - Strassenname Hausnummer/11ErgebnisTest' are matched.

2018-03-13 11:09:08 - [MESSAGE][PASSED] - Actual text and expected text of test object 'Object Repository/Page_Filialsuche - Strassenname Hausnummer/11ErgebnisTest' are matched.

2018-03-13 11:09:08 - [TEST_STEP][PASSED] - verifyElementText: Actual text and expected text of test object 'Object Repository/Page_Filialsuche - Strassenname Hausnummer/12ErgebnisTest' are matched.

2018-03-13 11:09:08 - [MESSAGE][PASSED] - Actual text and expected text of test object 'Object Repository/Page_Filialsuche - Strassenname Hausnummer/12ErgebnisTest' are matched.

2018-03-13 11:09:08 - [TEST_STEP][PASSED] - click: Object: 'Object Repository/naechsteSeite' is clicked on

2018-03-13 11:09:09 - [MESSAGE][PASSED] - Object: 'Object Repository/naechsteSeite' is clicked on

2018-03-13 11:09:09 - [TEST_STEP][PASSED] - verifyElementText: Actual text and expected text of test object 'Object Repository/Page_Filialsuche - Strassenname Hausnummer/13ErgebnisTest' are matched.

2018-03-13 11:09:09 - [MESSAGE][PASSED] - Actual text and expected text of test object 'Object Repository/Page_Filialsuche - Strassenname Hausnummer/13ErgebnisTest' are matched.

2018-03-13 11:09:09 - [TEST_STEP][PASSED] - verifyElementText: Actual text and expected text of test object 'Object Repository/Page_Filialsuche - Strassenname Hausnummer/14ErgebnisTest' are matched.

2018-03-13 11:09:09 - [MESSAGE][PASSED] - Actual text and expected text of test object 'Object Repository/Page_Filialsuche - Strassenname Hausnummer/14ErgebnisTest' are matched.

2018-03-13 11:09:09 - [TEST_STEP][PASSED] - verifyElementText: Actual text and expected text of test object 'Object Repository/Page_Filialsuche - Strassenname Hausnummer/15ErgebnisTest' are matched.

2018-03-13 11:09:09 - [MESSAGE][PASSED] - Actual text and expected text of test object 'Object Repository/Page_Filialsuche - Strassenname Hausnummer/15ErgebnisTest' are matched.

2018-03-13 11:09:09 - [TEST_STEP][PASSED] - verifyElementText: Actual text and expected text of test object 'Object Repository/Page_Filialsuche - Strassenname Hausnummer/16ErgebnisTest' are matched.

2018-03-13 11:09:09 - [MESSAGE][PASSED] - Actual text and expected text of test object 'Object Repository/Page_Filialsuche - Strassenname Hausnummer/16ErgebnisTest' are matched.

2018-03-13 11:09:09 - [TEST_STEP][PASSED] - verifyElementText: Actual text and expected text of test object 'Object Repository/Page_Filialsuche - Strassenname Hausnummer/17ErgebnisTest' are matched.

2018-03-13 11:09:09 - [MESSAGE][PASSED] - Actual text and expected text of test object 'Object Repository/Page_Filialsuche - Strassenname Hausnummer/17ErgebnisTest' are matched.

2018-03-13 11:09:09 - [TEST_STEP][PASSED] - verifyElementText: Actual text and expected text of test object 'Object Repository/Page_Filialsuche - Strassenname Hausnummer/18ErgebnisTest' are matched.

2018-03-13 11:09:09 - [MESSAGE][PASSED] - Actual text and expected text of test object 'Object Repository/Page_Filialsuche - Strassenname Hausnummer/18ErgebnisTest' are matched.

2018-03-13 11:09:09 - [TEST_STEP][PASSED] - click: Object: 'Object Repository/naechsteSeite' is clicked on

2018-03-13 11:09:10 - [MESSAGE][PASSED] - Object: 'Object Repository/naechsteSeite' is clicked on

2018-03-13 11:09:10 - [TEST_STEP][PASSED] - verifyElementText: Actual text and expected text of test object 'Object Repository/Page_Filialsuche - Strassenname Hausnummer/19ErgebnisTest' are matched.

2018-03-13 11:09:10 - [MESSAGE][PASSED] - Actual text and expected text of test object 'Object Repository/Page_Filialsuche - Strassenname Hausnummer/19ErgebnisTest' are matched.

2018-03-13 11:09:10 - [TEST_STEP][PASSED] - verifyElementText: Actual text and expected text of test object 'Object Repository/Page_Filialsuche - Strassenname Hausnummer/20ErgebnisTest' are matched.

2018-03-13 11:09:10 - [MESSAGE][PASSED] - Actual text and expected text of test object 'Object Repository/Page_Filialsuche - Strassenname Hausnummer/20ErgebnisTest' are matched.

2018-03-13 11:09:10 - [TEST_STEP][PASSED] - verifyElementText: Actual text and expected text of test object 'Object Repository/Page_Filialsuche - Strassenname Hausnummer/21ErgebnisTest' are matched.

2018-03-13 11:09:10 - [MESSAGE][PASSED] - Actual text and expected text of test object 'Object Repository/Page_Filialsuche - Strassenname Hausnummer/21ErgebnisTest' are matched.

2018-03-13 11:09:10 - [TEST_STEP][PASSED] - verifyElementText: Actual text and expected text of test object 'Object Repository/Page_Filialsuche - Strassenname Hausnummer/22ErgebnisTest' are matched.

2018-03-13 11:09:10 - [MESSAGE][PASSED] - Actual text and expected text of test object 'Object Repository/Page_Filialsuche - Strassenname Hausnummer/22ErgebnisTest' are matched.

2018-03-13 11:09:10 - [TEST_STEP][PASSED] - verifyElementText: Actual text and expected text of test object 'Object Repository/Page_Filialsuche - Strassenname Hausnummer/23ErgebnisTest' are matched.

2018-03-13 11:09:11 - [MESSAGE][PASSED] - Actual text and expected text of test object 'Object Repository/Page_Filialsuche - Strassenname Hausnummer/23ErgebnisTest' are matched.

2018-03-13 11:09:11 - [TEST_STEP][PASSED] - verifyElementText: Actual text and expected text of test object 'Object Repository/Page_Filialsuche - Strassenname Hausnummer/24ErgebnisTest' are matched.

2018-03-13 11:09:11 - [MESSAGE][PASSED] - Actual text and expected text of test object 'Object Repository/Page_Filialsuche - Strassenname Hausnummer/24ErgebnisTest' are matched.

2018-03-13 11:09:11 - [TEST_STEP][PASSED] - click: Object: 'Object Repository/naechsteSeite' is clicked on

2018-03-13 11:09:11 - [MESSAGE][PASSED] - Object: 'Object Repository/naechsteSeite' is clicked on

2018-03-13 11:09:11 - [TEST_STEP][PASSED] - verifyElementText: Actual text and expected text of test object 'Object Repository/Page_Filialsuche - Strassenname Hausnummer/25ErgebnisTest' are matched.

2018-03-13 11:09:12 - [MESSAGE][PASSED] - Actual text and expected text of test object 'Object Repository/Page_Filialsuche - Strassenname Hausnummer/25ErgebnisTest' are matched.

2018-03-13 11:09:12 - [TEST_STEP][PASSED] - verifyElementText: Actual text and expected text of test object 'Object Repository/Page_Filialsuche - Strassenname Hausnummer/26ErgebnisTest' are matched.

2018-03-13 11:09:12 - [MESSAGE][PASSED] - Actual text and expected text of test object 'Object Repository/Page_Filialsuche - Strassenname Hausnummer/26ErgebnisTest' are matched.

2018-03-13 11:09:12 - [TEST_STEP][PASSED] - verifyElementText: Actual text and expected text of test object 'Object Repository/Page_Filialsuche - Strassenname Hausnummer/27ErgebnisTest' are matched.

2018-03-13 11:09:12 - [MESSAGE][PASSED] - Actual text and expected text of test object 'Object Repository/Page_Filialsuche - Strassenname Hausnummer/27ErgebnisTest' are matched.

2018-03-13 11:09:12 - [TEST_STEP][PASSED] - verifyElementText: Actual text and expected text of test object 'Object Repository/Page_Filialsuche - Strassenname Hausnummer/28ErgebnisTest' are matched.

2018-03-13 11:09:12 - [MESSAGE][PASSED] - Actual text and expected text of test object 'Object Repository/Page_Filialsuche - Strassenname Hausnummer/28ErgebnisTest' are matched.

2018-03-13 11:09:12 - [TEST_STEP][PASSED] - verifyElementText: Actual text and expected text of test object 'Object Repository/Page_Filialsuche - Strassenname Hausnummer/29ErgebnisTest' are matched.

2018-03-13 11:09:12 - [MESSAGE][PASSED] - Actual text and expected text of test object 'Object Repository/Page_Filialsuche - Strassenname Hausnummer/29ErgebnisTest' are matched.

2018-03-13 11:09:12 - [TEST_STEP][PASSED] - verifyElementText: Actual text and expected text of test object 'Object Repository/Page_Filialsuche - Strassenname Hausnummer/30ErgebnisTest' are matched.

2018-03-13 11:09:12 - [MESSAGE][PASSED] - Actual text and expected text of test object 'Object Repository/Page_Filialsuche - Strassenname Hausnummer/30ErgebnisTest' are matched.

2018-03-13 11:09:12 - [TEST_STEP][PASSED] - click: Object: 'Object Repository/naechsteSeite' is clicked on

2018-03-13 11:09:13 - [MESSAGE][PASSED] - Object: 'Object Repository/naechsteSeite' is clicked on

2018-03-13 11:09:13 - [TEST_STEP][PASSED] - verifyElementText: Actual text and expected text of test object 'Object Repository/Page_Filialsuche - Strassenname Hausnummer/31ErgebnisTest' are matched.

2018-03-13 11:09:13 - [MESSAGE][PASSED] - Actual text and expected text of test object 'Object Repository/Page_Filialsuche - Strassenname Hausnummer/31ErgebnisTest' are matched.

2018-03-13 11:09:13 - [TEST_STEP][PASSED] - verifyElementText: Actual text and expected text of test object 'Object Repository/Page_Filialsuche - Strassenname Hausnummer/32ErgebnisTest' are matched.

2018-03-13 11:09:13 - [MESSAGE][PASSED] - Actual text and expected text of test object 'Object Repository/Page_Filialsuche - Strassenname Hausnummer/32ErgebnisTest' are matched.

2018-03-13 11:09:13 - [TEST_STEP][PASSED] - verifyElementText: Actual text and expected text of test object 'Object Repository/Page_Filialsuche - Strassenname Hausnummer/33ErgebnisTest' are matched.

2018-03-13 11:09:13 - [MESSAGE][PASSED] - Actual text and expected text of test object 'Object Repository/Page_Filialsuche - Strassenname Hausnummer/33ErgebnisTest' are matched.

2018-03-13 11:09:13 - [TEST_STEP][PASSED] - verifyElementText: Actual text and expected text of test object 'Object Repository/Page_Filialsuche - Strassenname Hausnummer/34ErgebnisTest' are matched.

2018-03-13 11:09:13 - [MESSAGE][PASSED] - Actual text and expected text of test object 'Object Repository/Page_Filialsuche - Strassenname Hausnummer/34ErgebnisTest' are matched.

2018-03-13 11:09:13 - [TEST_STEP][PASSED] - verifyElementText: Actual text and expected text of test object 'Object Repository/Page_Filialsuche - Strassenname Hausnummer/35ErgebnisTest' are matched.

2018-03-13 11:09:13 - [MESSAGE][PASSED] - Actual text and expected text of test object 'Object Repository/Page_Filialsuche - Strassenname Hausnummer/35ErgebnisTest' are matched.

2018-03-13 11:09:13 - [TEST_STEP][PASSED] - verifyElementText: Actual text and expected text of test object 'Object Repository/Page_Filialsuche - Strassenname Hausnummer/36ErgebnisTest' are matched.

2018-03-13 11:09:13 - [MESSAGE][PASSED] - Actual text and expected text of test object 'Object Repository/Page_Filialsuche - Strassenname Hausnummer/36ErgebnisTest' are matched.

2018-03-13 11:09:13 - [TEST_STEP][PASSED] - click: Object: 'Object Repository/naechsteSeite' is clicked on

2018-03-13 11:09:14 - [MESSAGE][PASSED] - Object: 'Object Repository/naechsteSeite' is clicked on

2018-03-13 11:09:14 - [TEST_STEP][PASSED] - verifyElementText: Actual text and expected text of test object 'Object Repository/Page_Filialsuche - Strassenname Hausnummer/37ErgebnisTest' are matched.

2018-03-13 11:09:14 - [MESSAGE][PASSED] - Actual text and expected text of test object 'Object Repository/Page_Filialsuche - Strassenname Hausnummer/37ErgebnisTest' are matched.

2018-03-13 11:09:14 - [TEST_STEP][PASSED] - closeBrowser: Browser is closed

2018-03-13 11:09:15 - [MESSAGE][PASSED] - Browser is closed]]></system-out>
         <system-err><![CDATA[]]></system-err>
      </testcase>
      <testcase name="Test Cases/Prototyp_Filialsuche (RC 18)/56_Testfall" classname="Test Cases/Prototyp_Filialsuche (RC 18)/56_Testfall" status="PASSED">
         <system-out><![CDATA[2018-03-13 11:09:15 - [TEST_CASE][PASSED] - Test Cases/Prototyp_Filialsuche (RC 18)/56_Testfall: Test Cases/Prototyp_Filialsuche (RC 18)/56_Testfall

2018-03-13 11:09:15 - [TEST_STEP][PASSED] - openBrowser: Browser is opened with url: ''

2018-03-13 11:09:17 - [MESSAGE][PASSED] - Browser is opened with url: ''

2018-03-13 11:09:17 - [TEST_STEP][PASSED] - maximizeWindow: Current window maximized

2018-03-13 11:09:17 - [MESSAGE][PASSED] - Current window maximized

2018-03-13 11:09:17 - [TEST_STEP][PASSED] - deleteAllCookies: Delete all cookies successfully

2018-03-13 11:09:17 - [MESSAGE][PASSED] - Delete all cookies successfully

2018-03-13 11:09:17 - [TEST_STEP][PASSED] - navigateToUrl: Navigate to 'http://rc-ogrhtmlprototyp.testintern/18-1-0/filialsuche-nuernberg.html' successfully

2018-03-13 11:09:17 - [MESSAGE][PASSED] - Navigate to 'http://rc-ogrhtmlprototyp.testintern/18-1-0/filialsuche-nuernberg.html' successfully

2018-03-13 11:09:17 - [TEST_STEP][PASSED] - delay: Delayed 5 second(s)

2018-03-13 11:09:22 - [MESSAGE][PASSED] - Delayed 5 second(s)

2018-03-13 11:09:22 - [TEST_STEP][PASSED] - Statement - wes = com.kms.katalon.core.webui.common.WebUiCommonHelper.findWebElements(com.kms.katalon.core.testobject.ObjectRepository.findTestObject(filial_map), 5): Found 10 web elements with id: 'Object Repository/filial_map' located by 'By.xpath: //div[@class='aps-map__custom-marker']' in '5' second(s)

2018-03-13 11:09:22 - [TEST_STEP][PASSED] - Statement - For ([i = 0, i < wes.size(), (i++)]): null

2018-03-13 11:09:22 - [TEST_STEP][PASSED] - Statement - el = wes.get(i): null

2018-03-13 11:09:22 - [TEST_STEP][PASSED] - Statement - text = el.getCssValue("background-image"): null

2018-03-13 11:09:23 - [TEST_STEP][PASSED] - Statement - If (!(text.contains("psd_bank.png"))): null

2018-03-13 11:09:23 - [TEST_STEP][PASSED] - Statement - el = wes.get(i): null

2018-03-13 11:09:23 - [TEST_STEP][PASSED] - Statement - text = el.getCssValue("background-image"): null

2018-03-13 11:09:23 - [TEST_STEP][PASSED] - Statement - If (!(text.contains("psd_bank.png"))): null

2018-03-13 11:09:23 - [TEST_STEP][PASSED] - Statement - el = wes.get(i): null

2018-03-13 11:09:23 - [TEST_STEP][PASSED] - Statement - text = el.getCssValue("background-image"): null

2018-03-13 11:09:23 - [TEST_STEP][PASSED] - Statement - If (!(text.contains("psd_bank.png"))): null

2018-03-13 11:09:23 - [TEST_STEP][PASSED] - Statement - el = wes.get(i): null

2018-03-13 11:09:23 - [TEST_STEP][PASSED] - Statement - text = el.getCssValue("background-image"): null

2018-03-13 11:09:23 - [TEST_STEP][PASSED] - Statement - If (!(text.contains("psd_bank.png"))): null

2018-03-13 11:09:23 - [TEST_STEP][PASSED] - Statement - el = wes.get(i): null

2018-03-13 11:09:23 - [TEST_STEP][PASSED] - Statement - text = el.getCssValue("background-image"): null

2018-03-13 11:09:23 - [TEST_STEP][PASSED] - Statement - If (!(text.contains("psd_bank.png"))): null

2018-03-13 11:09:23 - [TEST_STEP][PASSED] - Statement - el = wes.get(i): null

2018-03-13 11:09:23 - [TEST_STEP][PASSED] - Statement - text = el.getCssValue("background-image"): null

2018-03-13 11:09:23 - [TEST_STEP][PASSED] - Statement - If (!(text.contains("psd_bank.png"))): null

2018-03-13 11:09:23 - [TEST_STEP][PASSED] - Statement - el = wes.get(i): null

2018-03-13 11:09:23 - [TEST_STEP][PASSED] - Statement - text = el.getCssValue("background-image"): null

2018-03-13 11:09:23 - [TEST_STEP][PASSED] - Statement - If (!(text.contains("psd_bank.png"))): null

2018-03-13 11:09:23 - [TEST_STEP][PASSED] - Statement - el = wes.get(i): null

2018-03-13 11:09:23 - [TEST_STEP][PASSED] - Statement - text = el.getCssValue("background-image"): null

2018-03-13 11:09:23 - [TEST_STEP][PASSED] - Statement - If (!(text.contains("psd_bank.png"))): null

2018-03-13 11:09:23 - [TEST_STEP][PASSED] - Statement - el = wes.get(i): null

2018-03-13 11:09:23 - [TEST_STEP][PASSED] - Statement - text = el.getCssValue("background-image"): null

2018-03-13 11:09:23 - [TEST_STEP][PASSED] - Statement - If (!(text.contains("psd_bank.png"))): null

2018-03-13 11:09:23 - [TEST_STEP][PASSED] - Statement - el = wes.get(i): null

2018-03-13 11:09:23 - [TEST_STEP][PASSED] - Statement - text = el.getCssValue("background-image"): null

2018-03-13 11:09:23 - [TEST_STEP][PASSED] - Statement - If (!(text.contains("psd_bank.png"))): null

2018-03-13 11:09:23 - [TEST_STEP][PASSED] - closeBrowser: Browser is closed

2018-03-13 11:09:23 - [MESSAGE][PASSED] - Browser is closed]]></system-out>
         <system-err><![CDATA[]]></system-err>
      </testcase>
      <system-out><![CDATA[2018-03-13 10:44:53 - [TEST_SUITE][FAILED] - Prototyp Filialsuche (RC18) 13_03_2018: Test Cases/Prototyp_Filialsuche (RC 18)/18_Testfall FAILED because (of) Unable to move mouse over object 'Object Repository/002/Page_Filialsuche-rotenburg - BVR HT/div_Bad Hersfeld' (Root cause: com.kms.katalon.core.webui.exception.WebElementNotFoundException: Web element with id: 'Object Repository/002/Page_Filialsuche-rotenburg - BVR HT/div_Bad Hersfeld' located by 'By.xpath: //div[@id = 'ui-id-5' and (text() = 'Bad Hersfeld' or . = 'Bad Hersfeld')]' not found)]]></system-out>
      <system-err><![CDATA[2018-03-13 10:44:53 - [TEST_SUITE][FAILED] - Prototyp Filialsuche (RC18) 13_03_2018: Test Cases/Prototyp_Filialsuche (RC 18)/18_Testfall FAILED because (of) Unable to move mouse over object 'Object Repository/002/Page_Filialsuche-rotenburg - BVR HT/div_Bad Hersfeld' (Root cause: com.kms.katalon.core.webui.exception.WebElementNotFoundException: Web element with id: 'Object Repository/002/Page_Filialsuche-rotenburg - BVR HT/div_Bad Hersfeld' located by 'By.xpath: //div[@id = 'ui-id-5' and (text() = 'Bad Hersfeld' or . = 'Bad Hersfeld')]' not found)]]></system-err>
   </testsuite>
</testsuites>
