<?xml version="1.0" encoding="UTF-8"?>
<testsuites name="Prototyp Filialsuche (RC18) 13_03_2018" time="1136" tests="50" failures="7" errors="0">
   <testsuite name="Prototyp Filialsuche (RC18) 13_03_2018" tests="50" failures="7" errors="0" time="1136" timestamp="2018-03-13 10:44:51" hostname="lbut - Unitb-Dell22.Werk.UnitB.de" id="Test Suites/Prototyp Filialsuche (RC18) 13_03_2018">
      <properties>
         <property name="deviceName" value=""/>
         <property name="devicePlatform" value=""/>
         <property name="logFolder" value="C:\\Users\\lbut\\Downloads\\Prototyp1_12_03\\Prototyp1\\Reports\\Prototyp Filialsuche (RC18) 13_03_2018\\20180313_104447"/>
         <property name="logFiles" value="C:\\Users\\lbut\\Downloads\\Prototyp1_12_03\\Prototyp1\\Reports\\Prototyp Filialsuche (RC18) 13_03_2018\\20180313_104447\\execution0.log"/>
         <property name="attachments" value="C:\\Users\\lbut\\Downloads\\Prototyp1_12_03\\Prototyp1\\Reports\\Prototyp Filialsuche (RC18) 13_03_2018\\20180313_104447\\1520934686570.png, C:\\Users\\lbut\\Downloads\\Prototyp1_12_03\\Prototyp1\\Reports\\Prototyp Filialsuche (RC18) 13_03_2018\\20180313_104447\\1520934800130.png, C:\\Users\\lbut\\Downloads\\Prototyp1_12_03\\Prototyp1\\Reports\\Prototyp Filialsuche (RC18) 13_03_2018\\20180313_104447\\1520934871351.png, C:\\Users\\lbut\\Downloads\\Prototyp1_12_03\\Prototyp1\\Reports\\Prototyp Filialsuche (RC18) 13_03_2018\\20180313_104447\\1520935067218.png, C:\\Users\\lbut\\Downloads\\Prototyp1_12_03\\Prototyp1\\Reports\\Prototyp Filialsuche (RC18) 13_03_2018\\20180313_104447\\1520935077118.png, C:\\Users\\lbut\\Downloads\\Prototyp1_12_03\\Prototyp1\\Reports\\Prototyp Filialsuche (RC18) 13_03_2018\\20180313_104447\\1520935280676.png, C:\\Users\\lbut\\Downloads\\Prototyp1_12_03\\Prototyp1\\Reports\\Prototyp Filialsuche (RC18) 13_03_2018\\20180313_104447\\1520935281097.png"/>
         <property name="hostName" value="lbut - Unitb-Dell22.Werk.UnitB.de"/>
         <property name="os" value="Windows 7 64bit"/>
         <property name="katalonVersion" value="5.3.0.1"/>
         <property name="browser" value="Chrome 64.0.3282.186"/>
         <property name="hostAddress" value="192.168.134.64"/>
         <property name="sessionId" value="37e42af8fb9016ca51c2d9a4d14c3306"/>
         <property name="seleniumVersion" value="3.7.1"/>
         <property name="proxyInformation" value="ProxyInformation{proxyOption=NO_PROXY, proxyServerType=HTTP, password=, proxyServerAddress=, proxyServerPort=0}"/>
         <property name="platform" value="Windows 7"/>
      </properties>
      <testcase name="Test Cases/Prototyp_Filialsuche (RC 18)/01_Testfall" classname="Test Cases/Prototyp_Filialsuche (RC 18)/01_Testfall" status="PASSED">
         <system-out><![CDATA[2018-03-13 10:44:51 - [TEST_CASE][PASSED] - Test Cases/Prototyp_Filialsuche (RC 18)/01_Testfall: Test Cases/Prototyp_Filialsuche (RC 18)/01_Testfall

2018-03-13 10:44:52 - [TEST_STEP][PASSED] - openBrowser: Browser is opened with url: ''

2018-03-13 10:45:03 - [MESSAGE][PASSED] - Browser is opened with url: ''

2018-03-13 10:45:03 - [TEST_STEP][PASSED] - deleteAllCookies: Delete all cookies successfully

2018-03-13 10:45:06 - [MESSAGE][PASSED] - Delete all cookies successfully

2018-03-13 10:45:06 - [TEST_STEP][PASSED] - maximizeWindow: Current window maximized

2018-03-13 10:45:07 - [MESSAGE][PASSED] - Current window maximized

2018-03-13 10:45:07 - [TEST_STEP][PASSED] - navigateToUrl: Navigate to 'http://rc-ogrhtmlprototyp.testintern/18-1-0/filialsuche.html' successfully

2018-03-13 10:45:21 - [MESSAGE][PASSED] - Navigate to 'http://rc-ogrhtmlprototyp.testintern/18-1-0/filialsuche.html' successfully

2018-03-13 10:45:21 - [TEST_STEP][PASSED] - delay: Delayed 5 second(s)

2018-03-13 10:45:26 - [MESSAGE][PASSED] - Delayed 5 second(s)

2018-03-13 10:45:26 - [TEST_STEP][PASSED] - Statement - wes = com.kms.katalon.core.webui.common.WebUiCommonHelper.findWebElements(com.kms.katalon.core.testobject.ObjectRepository.findTestObject(filial_map), 5): Found 61 web elements with id: 'Object Repository/filial_map' located by 'By.xpath: //div[@class='aps-map__custom-marker']' in '5' second(s)

2018-03-13 10:45:27 - [TEST_STEP][PASSED] - Statement - For ([i = 0, i < wes.size(), (i++)]): null

2018-03-13 10:45:27 - [TEST_STEP][PASSED] - Statement - el = wes.get(i): null

2018-03-13 10:45:27 - [TEST_STEP][PASSED] - Statement - If (!(el.isDisplayed())): null

2018-03-13 10:45:27 - [TEST_STEP][PASSED] - Statement - el = wes.get(i): null

2018-03-13 10:45:27 - [TEST_STEP][PASSED] - Statement - If (!(el.isDisplayed())): null

2018-03-13 10:45:27 - [TEST_STEP][PASSED] - Statement - el = wes.get(i): null

2018-03-13 10:45:27 - [TEST_STEP][PASSED] - Statement - If (!(el.isDisplayed())): null

2018-03-13 10:45:27 - [TEST_STEP][PASSED] - Statement - el = wes.get(i): null

2018-03-13 10:45:27 - [TEST_STEP][PASSED] - Statement - If (!(el.isDisplayed())): null

2018-03-13 10:45:27 - [TEST_STEP][PASSED] - Statement - el = wes.get(i): null

2018-03-13 10:45:27 - [TEST_STEP][PASSED] - Statement - If (!(el.isDisplayed())): null

2018-03-13 10:45:27 - [TEST_STEP][PASSED] - Statement - el = wes.get(i): null

2018-03-13 10:45:27 - [TEST_STEP][PASSED] - Statement - If (!(el.isDisplayed())): null

2018-03-13 10:45:27 - [TEST_STEP][PASSED] - Statement - el = wes.get(i): null

2018-03-13 10:45:27 - [TEST_STEP][PASSED] - Statement - If (!(el.isDisplayed())): null

2018-03-13 10:45:27 - [TEST_STEP][PASSED] - Statement - el = wes.get(i): null

2018-03-13 10:45:27 - [TEST_STEP][PASSED] - Statement - If (!(el.isDisplayed())): null

2018-03-13 10:45:27 - [TEST_STEP][PASSED] - Statement - el = wes.get(i): null

2018-03-13 10:45:27 - [TEST_STEP][PASSED] - Statement - If (!(el.isDisplayed())): null

2018-03-13 10:45:27 - [TEST_STEP][PASSED] - Statement - el = wes.get(i): null

2018-03-13 10:45:27 - [TEST_STEP][PASSED] - Statement - If (!(el.isDisplayed())): null

2018-03-13 10:45:27 - [TEST_STEP][PASSED] - Statement - el = wes.get(i): null

2018-03-13 10:45:27 - [TEST_STEP][PASSED] - Statement - If (!(el.isDisplayed())): null

2018-03-13 10:45:27 - [TEST_STEP][PASSED] - Statement - el = wes.get(i): null

2018-03-13 10:45:27 - [TEST_STEP][PASSED] - Statement - If (!(el.isDisplayed())): null

2018-03-13 10:45:27 - [TEST_STEP][PASSED] - Statement - el = wes.get(i): null

2018-03-13 10:45:27 - [TEST_STEP][PASSED] - Statement - If (!(el.isDisplayed())): null

2018-03-13 10:45:27 - [TEST_STEP][PASSED] - Statement - el = wes.get(i): null

2018-03-13 10:45:27 - [TEST_STEP][PASSED] - Statement - If (!(el.isDisplayed())): null

2018-03-13 10:45:27 - [TEST_STEP][PASSED] - Statement - el = wes.get(i): null

2018-03-13 10:45:27 - [TEST_STEP][PASSED] - Statement - If (!(el.isDisplayed())): null

2018-03-13 10:45:27 - [TEST_STEP][PASSED] - Statement - el = wes.get(i): null

2018-03-13 10:45:27 - [TEST_STEP][PASSED] - Statement - If (!(el.isDisplayed())): null

2018-03-13 10:45:27 - [TEST_STEP][PASSED] - Statement - el = wes.get(i): null

2018-03-13 10:45:27 - [TEST_STEP][PASSED] - Statement - If (!(el.isDisplayed())): null

2018-03-13 10:45:27 - [TEST_STEP][PASSED] - Statement - el = wes.get(i): null

2018-03-13 10:45:27 - [TEST_STEP][PASSED] - Statement - If (!(el.isDisplayed())): null

2018-03-13 10:45:27 - [TEST_STEP][PASSED] - Statement - el = wes.get(i): null

2018-03-13 10:45:27 - [TEST_STEP][PASSED] - Statement - If (!(el.isDisplayed())): null

2018-03-13 10:45:27 - [TEST_STEP][PASSED] - Statement - el = wes.get(i): null

2018-03-13 10:45:27 - [TEST_STEP][PASSED] - Statement - If (!(el.isDisplayed())): null

2018-03-13 10:45:27 - [TEST_STEP][PASSED] - Statement - el = wes.get(i): null

2018-03-13 10:45:27 - [TEST_STEP][PASSED] - Statement - If (!(el.isDisplayed())): null

2018-03-13 10:45:27 - [TEST_STEP][PASSED] - Statement - el = wes.get(i): null

2018-03-13 10:45:27 - [TEST_STEP][PASSED] - Statement - If (!(el.isDisplayed())): null

2018-03-13 10:45:27 - [TEST_STEP][PASSED] - Statement - el = wes.get(i): null

2018-03-13 10:45:27 - [TEST_STEP][PASSED] - Statement - If (!(el.isDisplayed())): null

2018-03-13 10:45:27 - [TEST_STEP][PASSED] - Statement - el = wes.get(i): null

2018-03-13 10:45:27 - [TEST_STEP][PASSED] - Statement - If (!(el.isDisplayed())): null

2018-03-13 10:45:27 - [TEST_STEP][PASSED] - Statement - el = wes.get(i): null

2018-03-13 10:45:27 - [TEST_STEP][PASSED] - Statement - If (!(el.isDisplayed())): null

2018-03-13 10:45:27 - [TEST_STEP][PASSED] - Statement - el = wes.get(i): null

2018-03-13 10:45:27 - [TEST_STEP][PASSED] - Statement - If (!(el.isDisplayed())): null

2018-03-13 10:45:27 - [TEST_STEP][PASSED] - Statement - el = wes.get(i): null

2018-03-13 10:45:27 - [TEST_STEP][PASSED] - Statement - If (!(el.isDisplayed())): null

2018-03-13 10:45:27 - [TEST_STEP][PASSED] - Statement - el = wes.get(i): null

2018-03-13 10:45:27 - [TEST_STEP][PASSED] - Statement - If (!(el.isDisplayed())): null

2018-03-13 10:45:28 - [TEST_STEP][PASSED] - Statement - el = wes.get(i): null

2018-03-13 10:45:28 - [TEST_STEP][PASSED] - Statement - If (!(el.isDisplayed())): null

2018-03-13 10:45:28 - [TEST_STEP][PASSED] - Statement - el = wes.get(i): null

2018-03-13 10:45:28 - [TEST_STEP][PASSED] - Statement - If (!(el.isDisplayed())): null

2018-03-13 10:45:28 - [TEST_STEP][PASSED] - Statement - el = wes.get(i): null

2018-03-13 10:45:28 - [TEST_STEP][PASSED] - Statement - If (!(el.isDisplayed())): null

2018-03-13 10:45:28 - [TEST_STEP][PASSED] - Statement - el = wes.get(i): null

2018-03-13 10:45:28 - [TEST_STEP][PASSED] - Statement - If (!(el.isDisplayed())): null

2018-03-13 10:45:28 - [TEST_STEP][PASSED] - Statement - el = wes.get(i): null

2018-03-13 10:45:28 - [TEST_STEP][PASSED] - Statement - If (!(el.isDisplayed())): null

2018-03-13 10:45:28 - [TEST_STEP][PASSED] - Statement - el = wes.get(i): null

2018-03-13 10:45:28 - [TEST_STEP][PASSED] - Statement - If (!(el.isDisplayed())): null

2018-03-13 10:45:28 - [TEST_STEP][PASSED] - Statement - el = wes.get(i): null

2018-03-13 10:45:28 - [TEST_STEP][PASSED] - Statement - If (!(el.isDisplayed())): null

2018-03-13 10:45:28 - [TEST_STEP][PASSED] - Statement - el = wes.get(i): null

2018-03-13 10:45:28 - [TEST_STEP][PASSED] - Statement - If (!(el.isDisplayed())): null

2018-03-13 10:45:28 - [TEST_STEP][PASSED] - Statement - el = wes.get(i): null

2018-03-13 10:45:28 - [TEST_STEP][PASSED] - Statement - If (!(el.isDisplayed())): null

2018-03-13 10:45:28 - [TEST_STEP][PASSED] - Statement - el = wes.get(i): null

2018-03-13 10:45:28 - [TEST_STEP][PASSED] - Statement - If (!(el.isDisplayed())): null

2018-03-13 10:45:28 - [TEST_STEP][PASSED] - Statement - el = wes.get(i): null

2018-03-13 10:45:28 - [TEST_STEP][PASSED] - Statement - If (!(el.isDisplayed())): null

2018-03-13 10:45:28 - [TEST_STEP][PASSED] - Statement - el = wes.get(i): null

2018-03-13 10:45:28 - [TEST_STEP][PASSED] - Statement - If (!(el.isDisplayed())): null

2018-03-13 10:45:28 - [TEST_STEP][PASSED] - Statement - el = wes.get(i): null

2018-03-13 10:45:28 - [TEST_STEP][PASSED] - Statement - If (!(el.isDisplayed())): null

2018-03-13 10:45:28 - [TEST_STEP][PASSED] - Statement - el = wes.get(i): null

2018-03-13 10:45:28 - [TEST_STEP][PASSED] - Statement - If (!(el.isDisplayed())): null

2018-03-13 10:45:28 - [TEST_STEP][PASSED] - Statement - el = wes.get(i): null

2018-03-13 10:45:28 - [TEST_STEP][PASSED] - Statement - If (!(el.isDisplayed())): null

2018-03-13 10:45:28 - [TEST_STEP][PASSED] - Statement - el = wes.get(i): null

2018-03-13 10:45:28 - [TEST_STEP][PASSED] - Statement - If (!(el.isDisplayed())): null

2018-03-13 10:45:28 - [TEST_STEP][PASSED] - Statement - el = wes.get(i): null

2018-03-13 10:45:28 - [TEST_STEP][PASSED] - Statement - If (!(el.isDisplayed())): null

2018-03-13 10:45:28 - [TEST_STEP][PASSED] - Statement - el = wes.get(i): null

2018-03-13 10:45:28 - [TEST_STEP][PASSED] - Statement - If (!(el.isDisplayed())): null

2018-03-13 10:45:28 - [TEST_STEP][PASSED] - Statement - el = wes.get(i): null

2018-03-13 10:45:28 - [TEST_STEP][PASSED] - Statement - If (!(el.isDisplayed())): null

2018-03-13 10:45:28 - [TEST_STEP][PASSED] - Statement - el = wes.get(i): null

2018-03-13 10:45:28 - [TEST_STEP][PASSED] - Statement - If (!(el.isDisplayed())): null

2018-03-13 10:45:28 - [TEST_STEP][PASSED] - Statement - el = wes.get(i): null

2018-03-13 10:45:28 - [TEST_STEP][PASSED] - Statement - If (!(el.isDisplayed())): null

2018-03-13 10:45:28 - [TEST_STEP][PASSED] - Statement - el = wes.get(i): null

2018-03-13 10:45:28 - [TEST_STEP][PASSED] - Statement - If (!(el.isDisplayed())): null

2018-03-13 10:45:28 - [TEST_STEP][PASSED] - Statement - el = wes.get(i): null

2018-03-13 10:45:28 - [TEST_STEP][PASSED] - Statement - If (!(el.isDisplayed())): null

2018-03-13 10:45:28 - [TEST_STEP][PASSED] - Statement - el = wes.get(i): null

2018-03-13 10:45:28 - [TEST_STEP][PASSED] - Statement - If (!(el.isDisplayed())): null

2018-03-13 10:45:28 - [TEST_STEP][PASSED] - Statement - el = wes.get(i): null

2018-03-13 10:45:28 - [TEST_STEP][PASSED] - Statement - If (!(el.isDisplayed())): null

2018-03-13 10:45:28 - [TEST_STEP][PASSED] - Statement - el = wes.get(i): null

2018-03-13 10:45:28 - [TEST_STEP][PASSED] - Statement - If (!(el.isDisplayed())): null

2018-03-13 10:45:28 - [TEST_STEP][PASSED] - Statement - el = wes.get(i): null

2018-03-13 10:45:28 - [TEST_STEP][PASSED] - Statement - If (!(el.isDisplayed())): null

2018-03-13 10:45:29 - [TEST_STEP][PASSED] - Statement - el = wes.get(i): null

2018-03-13 10:45:29 - [TEST_STEP][PASSED] - Statement - If (!(el.isDisplayed())): null

2018-03-13 10:45:29 - [TEST_STEP][PASSED] - Statement - el = wes.get(i): null

2018-03-13 10:45:29 - [TEST_STEP][PASSED] - Statement - If (!(el.isDisplayed())): null

2018-03-13 10:45:29 - [TEST_STEP][PASSED] - Statement - el = wes.get(i): null

2018-03-13 10:45:29 - [TEST_STEP][PASSED] - Statement - If (!(el.isDisplayed())): null

2018-03-13 10:45:29 - [TEST_STEP][PASSED] - Statement - el = wes.get(i): null

2018-03-13 10:45:29 - [TEST_STEP][PASSED] - Statement - If (!(el.isDisplayed())): null

2018-03-13 10:45:29 - [TEST_STEP][PASSED] - Statement - el = wes.get(i): null

2018-03-13 10:45:29 - [TEST_STEP][PASSED] - Statement - If (!(el.isDisplayed())): null

2018-03-13 10:45:29 - [TEST_STEP][PASSED] - Statement - el = wes.get(i): null

2018-03-13 10:45:29 - [TEST_STEP][PASSED] - Statement - If (!(el.isDisplayed())): null

2018-03-13 10:45:29 - [TEST_STEP][PASSED] - closeBrowser: Browser is closed

2018-03-13 10:45:30 - [MESSAGE][PASSED] - Browser is closed]]></system-out>
         <system-err><![CDATA[]]></system-err>
      </testcase>
      <testcase name="Test Cases/Prototyp_Filialsuche (RC 18)/02_Testfall" classname="Test Cases/Prototyp_Filialsuche (RC 18)/02_Testfall" status="PASSED">
         <system-out><![CDATA[2018-03-13 10:45:30 - [TEST_CASE][PASSED] - Test Cases/Prototyp_Filialsuche (RC 18)/02_Testfall: Test Cases/Prototyp_Filialsuche (RC 18)/02_Testfall

2018-03-13 10:45:30 - [TEST_STEP][PASSED] - openBrowser: Browser is opened with url: ''

2018-03-13 10:45:32 - [MESSAGE][PASSED] - Browser is opened with url: ''

2018-03-13 10:45:32 - [TEST_STEP][PASSED] - deleteAllCookies: Delete all cookies successfully

2018-03-13 10:45:34 - [MESSAGE][PASSED] - Delete all cookies successfully

2018-03-13 10:45:34 - [TEST_STEP][PASSED] - maximizeWindow: Current window maximized

2018-03-13 10:45:35 - [MESSAGE][PASSED] - Current window maximized

2018-03-13 10:45:35 - [TEST_STEP][PASSED] - navigateToUrl: Navigate to 'http://rc-ogrhtmlprototyp.testintern/18-1-0/filialsuche-wangen.html' successfully

2018-03-13 10:45:37 - [MESSAGE][PASSED] - Navigate to 'http://rc-ogrhtmlprototyp.testintern/18-1-0/filialsuche-wangen.html' successfully

2018-03-13 10:45:37 - [TEST_STEP][PASSED] - delay: Delayed 5 second(s)

2018-03-13 10:45:42 - [MESSAGE][PASSED] - Delayed 5 second(s)

2018-03-13 10:45:42 - [TEST_STEP][PASSED] - Statement - wes = com.kms.katalon.core.webui.common.WebUiCommonHelper.findWebElements(com.kms.katalon.core.testobject.ObjectRepository.findTestObject(filial_map), 5): Found 4 web elements with id: 'Object Repository/filial_map' located by 'By.xpath: //div[@class='aps-map__custom-marker']' in '5' second(s)

2018-03-13 10:45:42 - [TEST_STEP][PASSED] - Statement - For ([i = 0, i < wes.size(), (i++)]): null

2018-03-13 10:45:42 - [TEST_STEP][PASSED] - Statement - el = wes.get(i): null

2018-03-13 10:45:42 - [TEST_STEP][PASSED] - Statement - If (!(el.isDisplayed())): null

2018-03-13 10:45:42 - [TEST_STEP][PASSED] - Statement - el = wes.get(i): null

2018-03-13 10:45:42 - [TEST_STEP][PASSED] - Statement - If (!(el.isDisplayed())): null

2018-03-13 10:45:42 - [TEST_STEP][PASSED] - Statement - el = wes.get(i): null

2018-03-13 10:45:42 - [TEST_STEP][PASSED] - Statement - If (!(el.isDisplayed())): null

2018-03-13 10:45:42 - [TEST_STEP][PASSED] - Statement - el = wes.get(i): null

2018-03-13 10:45:42 - [TEST_STEP][PASSED] - Statement - If (!(el.isDisplayed())): null

2018-03-13 10:45:42 - [TEST_STEP][PASSED] - closeBrowser: Browser is closed

2018-03-13 10:45:43 - [MESSAGE][PASSED] - Browser is closed]]></system-out>
         <system-err><![CDATA[]]></system-err>
      </testcase>
      <testcase name="Test Cases/Prototyp_Filialsuche (RC 18)/03_Testfall" classname="Test Cases/Prototyp_Filialsuche (RC 18)/03_Testfall" status="PASSED">
         <system-out><![CDATA[2018-03-13 10:45:43 - [TEST_CASE][PASSED] - Test Cases/Prototyp_Filialsuche (RC 18)/03_Testfall: Test Cases/Prototyp_Filialsuche (RC 18)/03_Testfall

2018-03-13 10:45:43 - [TEST_STEP][PASSED] - openBrowser: Browser is opened with url: ''

2018-03-13 10:45:47 - [MESSAGE][PASSED] - Browser is opened with url: ''

2018-03-13 10:45:47 - [TEST_STEP][PASSED] - deleteAllCookies: Delete all cookies successfully

2018-03-13 10:45:50 - [MESSAGE][PASSED] - Delete all cookies successfully

2018-03-13 10:45:50 - [TEST_STEP][PASSED] - maximizeWindow: Current window maximized

2018-03-13 10:45:51 - [MESSAGE][PASSED] - Current window maximized

2018-03-13 10:45:51 - [TEST_STEP][PASSED] - navigateToUrl: Navigate to 'http://rc-ogrhtmlprototyp.testintern/18-1-0/filialsuche-rotenburg.html' successfully

2018-03-13 10:45:53 - [MESSAGE][PASSED] - Navigate to 'http://rc-ogrhtmlprototyp.testintern/18-1-0/filialsuche-rotenburg.html' successfully

2018-03-13 10:45:53 - [TEST_STEP][PASSED] - delay: Delayed 5 second(s)

2018-03-13 10:45:58 - [MESSAGE][PASSED] - Delayed 5 second(s)

2018-03-13 10:45:58 - [TEST_STEP][PASSED] - Statement - wes = com.kms.katalon.core.webui.common.WebUiCommonHelper.findWebElements(com.kms.katalon.core.testobject.ObjectRepository.findTestObject(filial_map), 5): Found 19 web elements with id: 'Object Repository/filial_map' located by 'By.xpath: //div[@class='aps-map__custom-marker']' in '5' second(s)

2018-03-13 10:46:03 - [TEST_STEP][PASSED] - Statement - For ([i = 0, i < wes.size(), (i++)]): null

2018-03-13 10:46:03 - [TEST_STEP][PASSED] - Statement - el = wes.get(i): null

2018-03-13 10:46:03 - [TEST_STEP][PASSED] - Statement - If (!(el.isDisplayed())): null

2018-03-13 10:46:03 - [TEST_STEP][PASSED] - Statement - el = wes.get(i): null

2018-03-13 10:46:03 - [TEST_STEP][PASSED] - Statement - If (!(el.isDisplayed())): null

2018-03-13 10:46:03 - [TEST_STEP][PASSED] - Statement - el = wes.get(i): null

2018-03-13 10:46:03 - [TEST_STEP][PASSED] - Statement - If (!(el.isDisplayed())): null

2018-03-13 10:46:03 - [TEST_STEP][PASSED] - Statement - el = wes.get(i): null

2018-03-13 10:46:03 - [TEST_STEP][PASSED] - Statement - If (!(el.isDisplayed())): null

2018-03-13 10:46:03 - [TEST_STEP][PASSED] - Statement - el = wes.get(i): null

2018-03-13 10:46:03 - [TEST_STEP][PASSED] - Statement - If (!(el.isDisplayed())): null

2018-03-13 10:46:03 - [TEST_STEP][PASSED] - Statement - el = wes.get(i): null

2018-03-13 10:46:03 - [TEST_STEP][PASSED] - Statement - If (!(el.isDisplayed())): null

2018-03-13 10:46:03 - [TEST_STEP][PASSED] - Statement - el = wes.get(i): null

2018-03-13 10:46:03 - [TEST_STEP][PASSED] - Statement - If (!(el.isDisplayed())): null

2018-03-13 10:46:03 - [TEST_STEP][PASSED] - Statement - el = wes.get(i): null

2018-03-13 10:46:03 - [TEST_STEP][PASSED] - Statement - If (!(el.isDisplayed())): null

2018-03-13 10:46:03 - [TEST_STEP][PASSED] - Statement - el = wes.get(i): null

2018-03-13 10:46:03 - [TEST_STEP][PASSED] - Statement - If (!(el.isDisplayed())): null

2018-03-13 10:46:03 - [TEST_STEP][PASSED] - Statement - el = wes.get(i): null

2018-03-13 10:46:03 - [TEST_STEP][PASSED] - Statement - If (!(el.isDisplayed())): null

2018-03-13 10:46:03 - [TEST_STEP][PASSED] - Statement - el = wes.get(i): null

2018-03-13 10:46:03 - [TEST_STEP][PASSED] - Statement - If (!(el.isDisplayed())): null

2018-03-13 10:46:03 - [TEST_STEP][PASSED] - Statement - el = wes.get(i): null

2018-03-13 10:46:03 - [TEST_STEP][PASSED] - Statement - If (!(el.isDisplayed())): null

2018-03-13 10:46:03 - [TEST_STEP][PASSED] - Statement - el = wes.get(i): null

2018-03-13 10:46:03 - [TEST_STEP][PASSED] - Statement - If (!(el.isDisplayed())): null

2018-03-13 10:46:03 - [TEST_STEP][PASSED] - Statement - el = wes.get(i): null

2018-03-13 10:46:03 - [TEST_STEP][PASSED] - Statement - If (!(el.isDisplayed())): null

2018-03-13 10:46:03 - [TEST_STEP][PASSED] - Statement - el = wes.get(i): null

2018-03-13 10:46:03 - [TEST_STEP][PASSED] - Statement - If (!(el.isDisplayed())): null

2018-03-13 10:46:03 - [TEST_STEP][PASSED] - Statement - el = wes.get(i): null

2018-03-13 10:46:03 - [TEST_STEP][PASSED] - Statement - If (!(el.isDisplayed())): null

2018-03-13 10:46:03 - [TEST_STEP][PASSED] - Statement - el = wes.get(i): null

2018-03-13 10:46:03 - [TEST_STEP][PASSED] - Statement - If (!(el.isDisplayed())): null

2018-03-13 10:46:03 - [TEST_STEP][PASSED] - Statement - el = wes.get(i): null

2018-03-13 10:46:03 - [TEST_STEP][PASSED] - Statement - If (!(el.isDisplayed())): null

2018-03-13 10:46:03 - [TEST_STEP][PASSED] - Statement - el = wes.get(i): null

2018-03-13 10:46:03 - [TEST_STEP][PASSED] - Statement - If (!(el.isDisplayed())): null

2018-03-13 10:46:03 - [TEST_STEP][PASSED] - closeBrowser: Browser is closed

2018-03-13 10:46:05 - [MESSAGE][PASSED] - Browser is closed]]></system-out>
         <system-err><![CDATA[]]></system-err>
      </testcase>
      <testcase name="Test Cases/Prototyp_Filialsuche (RC 18)/04_Testfall" classname="Test Cases/Prototyp_Filialsuche (RC 18)/04_Testfall" status="PASSED">
         <system-out><![CDATA[2018-03-13 10:46:05 - [TEST_CASE][PASSED] - Test Cases/Prototyp_Filialsuche (RC 18)/04_Testfall: Test Cases/Prototyp_Filialsuche (RC 18)/04_Testfall

2018-03-13 10:46:05 - [TEST_STEP][PASSED] - openBrowser: Browser is opened with url: ''

2018-03-13 10:46:08 - [MESSAGE][PASSED] - Browser is opened with url: ''

2018-03-13 10:46:08 - [TEST_STEP][PASSED] - deleteAllCookies: Delete all cookies successfully

2018-03-13 10:46:10 - [MESSAGE][PASSED] - Delete all cookies successfully

2018-03-13 10:46:10 - [TEST_STEP][PASSED] - maximizeWindow: Current window maximized

2018-03-13 10:46:11 - [MESSAGE][PASSED] - Current window maximized

2018-03-13 10:46:11 - [TEST_STEP][PASSED] - navigateToUrl: Navigate to 'http://rc-ogrhtmlprototyp.testintern/18-1-0/filialsuche-nuernberg.html' successfully

2018-03-13 10:46:13 - [MESSAGE][PASSED] - Navigate to 'http://rc-ogrhtmlprototyp.testintern/18-1-0/filialsuche-nuernberg.html' successfully

2018-03-13 10:46:13 - [TEST_STEP][PASSED] - delay: Delayed 5 second(s)

2018-03-13 10:46:18 - [MESSAGE][PASSED] - Delayed 5 second(s)

2018-03-13 10:46:18 - [TEST_STEP][PASSED] - Statement - wes = com.kms.katalon.core.webui.common.WebUiCommonHelper.findWebElements(com.kms.katalon.core.testobject.ObjectRepository.findTestObject(filial_map), 5): Finding web element with id: 'Object Repository/filial_map' located by 'By.xpath: //div[@class='aps-map__custom-marker']' in '5' second(s)

2018-03-13 10:46:23 - [TEST_STEP][PASSED] - Statement - For ([i = 0, i < wes.size(), (i++)]): null

2018-03-13 10:46:23 - [TEST_STEP][PASSED] - closeBrowser: Browser is closed

2018-03-13 10:46:25 - [MESSAGE][PASSED] - Browser is closed]]></system-out>
         <system-err><![CDATA[]]></system-err>
      </testcase>
      <testcase name="Test Cases/Prototyp_Filialsuche (RC 18)/05_Testfall" classname="Test Cases/Prototyp_Filialsuche (RC 18)/05_Testfall" status="PASSED">
         <system-out><![CDATA[2018-03-13 10:46:25 - [TEST_CASE][PASSED] - Test Cases/Prototyp_Filialsuche (RC 18)/05_Testfall: Test Cases/Prototyp_Filialsuche (RC 18)/05_Testfall

2018-03-13 10:46:26 - [TEST_STEP][PASSED] - openBrowser: Browser is opened with url: ''

2018-03-13 10:46:40 - [MESSAGE][PASSED] - Browser is opened with url: ''

2018-03-13 10:46:40 - [TEST_STEP][PASSED] - maximizeWindow: Current window maximized

2018-03-13 10:46:42 - [MESSAGE][PASSED] - Current window maximized

2018-03-13 10:46:42 - [TEST_STEP][PASSED] - deleteAllCookies: Delete all cookies successfully

2018-03-13 10:46:52 - [MESSAGE][PASSED] - Delete all cookies successfully

2018-03-13 10:46:52 - [TEST_STEP][PASSED] - navigateToUrl: Navigate to 'http://rc-ogrhtmlprototyp.testintern/18-1-0/filialsuche.html' successfully

2018-03-13 10:46:58 - [MESSAGE][PASSED] - Navigate to 'http://rc-ogrhtmlprototyp.testintern/18-1-0/filialsuche.html' successfully

2018-03-13 10:46:58 - [TEST_STEP][PASSED] - delay: Delayed 5 second(s)

2018-03-13 10:47:03 - [MESSAGE][PASSED] - Delayed 5 second(s)

2018-03-13 10:47:03 - [TEST_STEP][PASSED] - verifyElementNotPresent: Web element with id: 'Object Repository/Akkordeon_plus_filialsuche' located by 'By.xpath: //a[@class='acc-header acc-header--open']' is not present after '5' second(s)

2018-03-13 10:47:03 - [MESSAGE][PASSED] - Web element with id: 'Object Repository/Akkordeon_plus_filialsuche' located by 'By.xpath: //a[@class='acc-header acc-header--open']' is not present after '5' second(s)

2018-03-13 10:47:03 - [TEST_STEP][PASSED] - closeBrowser: Browser is closed

2018-03-13 10:47:03 - [MESSAGE][PASSED] - Browser is closed]]></system-out>
         <system-err><![CDATA[]]></system-err>
      </testcase>
      <testcase name="Test Cases/Prototyp_Filialsuche (RC 18)/06_Testfall" classname="Test Cases/Prototyp_Filialsuche (RC 18)/06_Testfall" status="PASSED">
         <system-out><![CDATA[2018-03-13 10:47:03 - [TEST_CASE][PASSED] - Test Cases/Prototyp_Filialsuche (RC 18)/06_Testfall: Test Cases/Prototyp_Filialsuche (RC 18)/06_Testfall

2018-03-13 10:47:03 - [TEST_STEP][PASSED] - openBrowser: Browser is opened with url: ''

2018-03-13 10:47:07 - [MESSAGE][PASSED] - Browser is opened with url: ''

2018-03-13 10:47:07 - [TEST_STEP][PASSED] - maximizeWindow: Current window maximized

2018-03-13 10:47:08 - [MESSAGE][PASSED] - Current window maximized

2018-03-13 10:47:08 - [TEST_STEP][PASSED] - deleteAllCookies: Delete all cookies successfully

2018-03-13 10:47:09 - [MESSAGE][PASSED] - Delete all cookies successfully

2018-03-13 10:47:09 - [TEST_STEP][PASSED] - navigateToUrl: Navigate to 'http://rc-ogrhtmlprototyp.testintern/18-1-0/filialsuche-wangen.html' successfully

2018-03-13 10:47:11 - [MESSAGE][PASSED] - Navigate to 'http://rc-ogrhtmlprototyp.testintern/18-1-0/filialsuche-wangen.html' successfully

2018-03-13 10:47:11 - [TEST_STEP][PASSED] - delay: Delayed 5 second(s)

2018-03-13 10:47:16 - [MESSAGE][PASSED] - Delayed 5 second(s)

2018-03-13 10:47:16 - [TEST_STEP][PASSED] - verifyElementNotPresent: Web element with id: 'Object Repository/Akkordeon_plus_filialsuche' located by 'By.xpath: //a[@class='acc-header acc-header--open']' is not present after '5' second(s)

2018-03-13 10:47:16 - [MESSAGE][PASSED] - Web element with id: 'Object Repository/Akkordeon_plus_filialsuche' located by 'By.xpath: //a[@class='acc-header acc-header--open']' is not present after '5' second(s)

2018-03-13 10:47:16 - [TEST_STEP][PASSED] - closeBrowser: Browser is closed

2018-03-13 10:47:17 - [MESSAGE][PASSED] - Browser is closed]]></system-out>
         <system-err><![CDATA[]]></system-err>
      </testcase>
      <testcase name="Test Cases/Prototyp_Filialsuche (RC 18)/07_Testfall" classname="Test Cases/Prototyp_Filialsuche (RC 18)/07_Testfall" status="PASSED">
         <system-out><![CDATA[2018-03-13 10:47:17 - [TEST_CASE][PASSED] - Test Cases/Prototyp_Filialsuche (RC 18)/07_Testfall: Test Cases/Prototyp_Filialsuche (RC 18)/07_Testfall

2018-03-13 10:47:17 - [TEST_STEP][PASSED] - openBrowser: Browser is opened with url: ''

2018-03-13 10:47:21 - [MESSAGE][PASSED] - Browser is opened with url: ''

2018-03-13 10:47:21 - [TEST_STEP][PASSED] - maximizeWindow: Current window maximized

2018-03-13 10:47:23 - [MESSAGE][PASSED] - Current window maximized

2018-03-13 10:47:23 - [TEST_STEP][PASSED] - deleteAllCookies: Delete all cookies successfully

2018-03-13 10:47:24 - [MESSAGE][PASSED] - Delete all cookies successfully

2018-03-13 10:47:24 - [TEST_STEP][PASSED] - navigateToUrl: Navigate to 'http://rc-ogrhtmlprototyp.testintern/18-1-0/filialsuche-rotenburg.html' successfully

2018-03-13 10:47:28 - [MESSAGE][PASSED] - Navigate to 'http://rc-ogrhtmlprototyp.testintern/18-1-0/filialsuche-rotenburg.html' successfully

2018-03-13 10:47:28 - [TEST_STEP][PASSED] - delay: Delayed 5 second(s)

2018-03-13 10:47:33 - [MESSAGE][PASSED] - Delayed 5 second(s)

2018-03-13 10:47:33 - [TEST_STEP][PASSED] - verifyElementNotPresent: Web element with id: 'Object Repository/Akkordeon_plus_filialsuche' located by 'By.xpath: //a[@class='acc-header acc-header--open']' is not present after '5' second(s)

2018-03-13 10:47:33 - [MESSAGE][PASSED] - Web element with id: 'Object Repository/Akkordeon_plus_filialsuche' located by 'By.xpath: //a[@class='acc-header acc-header--open']' is not present after '5' second(s)

2018-03-13 10:47:33 - [TEST_STEP][PASSED] - closeBrowser: Browser is closed

2018-03-13 10:47:34 - [MESSAGE][PASSED] - Browser is closed]]></system-out>
         <system-err><![CDATA[]]></system-err>
      </testcase>
      <testcase name="Test Cases/Prototyp_Filialsuche (RC 18)/08_Testfall" classname="Test Cases/Prototyp_Filialsuche (RC 18)/08_Testfall" status="PASSED">
         <system-out><![CDATA[2018-03-13 10:47:34 - [TEST_CASE][PASSED] - Test Cases/Prototyp_Filialsuche (RC 18)/08_Testfall: Test Cases/Prototyp_Filialsuche (RC 18)/08_Testfall

2018-03-13 10:47:34 - [TEST_STEP][PASSED] - openBrowser: Browser is opened with url: ''

2018-03-13 10:47:38 - [MESSAGE][PASSED] - Browser is opened with url: ''

2018-03-13 10:47:38 - [TEST_STEP][PASSED] - maximizeWindow: Current window maximized

2018-03-13 10:47:39 - [MESSAGE][PASSED] - Current window maximized

2018-03-13 10:47:39 - [TEST_STEP][PASSED] - deleteAllCookies: Delete all cookies successfully

2018-03-13 10:47:40 - [MESSAGE][PASSED] - Delete all cookies successfully

2018-03-13 10:47:40 - [TEST_STEP][PASSED] - navigateToUrl: Navigate to 'http://rc-ogrhtmlprototyp.testintern/18-1-0/filialsuche-nuernberg.html' successfully

2018-03-13 10:47:42 - [MESSAGE][PASSED] - Navigate to 'http://rc-ogrhtmlprototyp.testintern/18-1-0/filialsuche-nuernberg.html' successfully

2018-03-13 10:47:42 - [TEST_STEP][PASSED] - delay: Delayed 5 second(s)

2018-03-13 10:47:47 - [MESSAGE][PASSED] - Delayed 5 second(s)

2018-03-13 10:47:47 - [TEST_STEP][PASSED] - verifyElementNotPresent: Web element with id: 'Object Repository/Akkordeon_plus_filialsuche' located by 'By.xpath: //a[@class='acc-header acc-header--open']' is not present after '5' second(s)

2018-03-13 10:47:47 - [MESSAGE][PASSED] - Web element with id: 'Object Repository/Akkordeon_plus_filialsuche' located by 'By.xpath: //a[@class='acc-header acc-header--open']' is not present after '5' second(s)

2018-03-13 10:47:47 - [TEST_STEP][PASSED] - closeBrowser: Browser is closed

2018-03-13 10:47:48 - [MESSAGE][PASSED] - Browser is closed]]></system-out>
         <system-err><![CDATA[]]></system-err>
      </testcase>
      <testcase name="Test Cases/Prototyp_Filialsuche (RC 18)/09_Testfall" classname="Test Cases/Prototyp_Filialsuche (RC 18)/09_Testfall" status="PASSED">
         <system-out><![CDATA[2018-03-13 10:47:48 - [TEST_CASE][PASSED] - Test Cases/Prototyp_Filialsuche (RC 18)/09_Testfall: Test Cases/Prototyp_Filialsuche (RC 18)/09_Testfall

2018-03-13 10:47:48 - [TEST_STEP][PASSED] - openBrowser: Browser is opened with url: ''

2018-03-13 10:47:52 - [MESSAGE][PASSED] - Browser is opened with url: ''

2018-03-13 10:47:52 - [TEST_STEP][PASSED] - maximizeWindow: Current window maximized

2018-03-13 10:47:53 - [MESSAGE][PASSED] - Current window maximized

2018-03-13 10:47:53 - [TEST_STEP][PASSED] - deleteAllCookies: Delete all cookies successfully

2018-03-13 10:48:01 - [MESSAGE][PASSED] - Delete all cookies successfully

2018-03-13 10:48:01 - [TEST_STEP][PASSED] - navigateToUrl: Navigate to 'http://rc-ogrhtmlprototyp.testintern/18-1-0/filialsuche.html' successfully

2018-03-13 10:48:06 - [MESSAGE][PASSED] - Navigate to 'http://rc-ogrhtmlprototyp.testintern/18-1-0/filialsuche.html' successfully

2018-03-13 10:48:06 - [TEST_STEP][PASSED] - delay: Delayed 5 second(s)

2018-03-13 10:48:11 - [MESSAGE][PASSED] - Delayed 5 second(s)

2018-03-13 10:48:11 - [TEST_STEP][PASSED] - verifyElementNotPresent: Web element with id: 'Object Repository/Entfernung_filialsuche' located by 'By.xpath: //span[@class='loc-distance']' is not present after '5' second(s)

2018-03-13 10:48:11 - [MESSAGE][PASSED] - Web element with id: 'Object Repository/Entfernung_filialsuche' located by 'By.xpath: //span[@class='loc-distance']' is not present after '5' second(s)

2018-03-13 10:48:11 - [TEST_STEP][PASSED] - closeBrowser: Browser is closed

2018-03-13 10:48:13 - [MESSAGE][PASSED] - Browser is closed]]></system-out>
         <system-err><![CDATA[]]></system-err>
      </testcase>
      <testcase name="Test Cases/Prototyp_Filialsuche (RC 18)/10_Testfall" classname="Test Cases/Prototyp_Filialsuche (RC 18)/10_Testfall" status="PASSED">
         <system-out><![CDATA[2018-03-13 10:48:13 - [TEST_CASE][PASSED] - Test Cases/Prototyp_Filialsuche (RC 18)/10_Testfall: Test Cases/Prototyp_Filialsuche (RC 18)/10_Testfall

2018-03-13 10:48:13 - [TEST_STEP][PASSED] - openBrowser: Browser is opened with url: ''

2018-03-13 10:48:16 - [MESSAGE][PASSED] - Browser is opened with url: ''

2018-03-13 10:48:16 - [TEST_STEP][PASSED] - maximizeWindow: Current window maximized

2018-03-13 10:48:17 - [MESSAGE][PASSED] - Current window maximized

2018-03-13 10:48:17 - [TEST_STEP][PASSED] - deleteAllCookies: Delete all cookies successfully

2018-03-13 10:48:18 - [MESSAGE][PASSED] - Delete all cookies successfully

2018-03-13 10:48:18 - [TEST_STEP][PASSED] - navigateToUrl: Navigate to 'http://rc-ogrhtmlprototyp.testintern/18-1-0/filialsuche-wangen.html' successfully

2018-03-13 10:48:26 - [MESSAGE][PASSED] - Navigate to 'http://rc-ogrhtmlprototyp.testintern/18-1-0/filialsuche-wangen.html' successfully

2018-03-13 10:48:26 - [TEST_STEP][PASSED] - delay: Delayed 5 second(s)

2018-03-13 10:48:31 - [MESSAGE][PASSED] - Delayed 5 second(s)

2018-03-13 10:48:31 - [TEST_STEP][PASSED] - verifyElementNotPresent: Web element with id: 'Object Repository/Entfernung_filialsuche' located by 'By.xpath: //span[@class='loc-distance']' is not present after '5' second(s)

2018-03-13 10:48:31 - [MESSAGE][PASSED] - Web element with id: 'Object Repository/Entfernung_filialsuche' located by 'By.xpath: //span[@class='loc-distance']' is not present after '5' second(s)

2018-03-13 10:48:31 - [TEST_STEP][PASSED] - closeBrowser: Browser is closed

2018-03-13 10:48:32 - [MESSAGE][PASSED] - Browser is closed]]></system-out>
         <system-err><![CDATA[]]></system-err>
      </testcase>
      <testcase name="Test Cases/Prototyp_Filialsuche (RC 18)/11_Testfall" classname="Test Cases/Prototyp_Filialsuche (RC 18)/11_Testfall" status="PASSED">
         <system-out><![CDATA[2018-03-13 10:48:32 - [TEST_CASE][PASSED] - Test Cases/Prototyp_Filialsuche (RC 18)/11_Testfall: Test Cases/Prototyp_Filialsuche (RC 18)/11_Testfall

2018-03-13 10:48:32 - [TEST_STEP][PASSED] - openBrowser: Browser is opened with url: ''

2018-03-13 10:48:34 - [MESSAGE][PASSED] - Browser is opened with url: ''

2018-03-13 10:48:34 - [TEST_STEP][PASSED] - maximizeWindow: Current window maximized

2018-03-13 10:48:36 - [MESSAGE][PASSED] - Current window maximized

2018-03-13 10:48:36 - [TEST_STEP][PASSED] - deleteAllCookies: Delete all cookies successfully

2018-03-13 10:48:36 - [MESSAGE][PASSED] - Delete all cookies successfully

2018-03-13 10:48:36 - [TEST_STEP][PASSED] - navigateToUrl: Navigate to 'http://rc-ogrhtmlprototyp.testintern/18-1-0/filialsuche-rotenburg.html' successfully

2018-03-13 10:48:39 - [MESSAGE][PASSED] - Navigate to 'http://rc-ogrhtmlprototyp.testintern/18-1-0/filialsuche-rotenburg.html' successfully

2018-03-13 10:48:39 - [TEST_STEP][PASSED] - delay: Delayed 5 second(s)

2018-03-13 10:48:44 - [MESSAGE][PASSED] - Delayed 5 second(s)

2018-03-13 10:48:44 - [TEST_STEP][PASSED] - verifyElementNotPresent: Web element with id: 'Object Repository/Entfernung_filialsuche' located by 'By.xpath: //span[@class='loc-distance']' is not present after '5' second(s)

2018-03-13 10:48:44 - [MESSAGE][PASSED] - Web element with id: 'Object Repository/Entfernung_filialsuche' located by 'By.xpath: //span[@class='loc-distance']' is not present after '5' second(s)

2018-03-13 10:48:44 - [TEST_STEP][PASSED] - closeBrowser: Browser is closed

2018-03-13 10:48:45 - [MESSAGE][PASSED] - Browser is closed]]></system-out>
         <system-err><![CDATA[]]></system-err>
      </testcase>
      <testcase name="Test Cases/Prototyp_Filialsuche (RC 18)/12_Testfall" classname="Test Cases/Prototyp_Filialsuche (RC 18)/12_Testfall" status="PASSED">
         <system-out><![CDATA[2018-03-13 10:48:45 - [TEST_CASE][PASSED] - Test Cases/Prototyp_Filialsuche (RC 18)/12_Testfall: Test Cases/Prototyp_Filialsuche (RC 18)/12_Testfall

2018-03-13 10:48:45 - [TEST_STEP][PASSED] - openBrowser: Browser is opened with url: ''

2018-03-13 10:48:48 - [MESSAGE][PASSED] - Browser is opened with url: ''

2018-03-13 10:48:48 - [TEST_STEP][PASSED] - maximizeWindow: Current window maximized

2018-03-13 10:48:49 - [MESSAGE][PASSED] - Current window maximized

2018-03-13 10:48:49 - [TEST_STEP][PASSED] - deleteAllCookies: Delete all cookies successfully

2018-03-13 10:48:51 - [MESSAGE][PASSED] - Delete all cookies successfully

2018-03-13 10:48:51 - [TEST_STEP][PASSED] - navigateToUrl: Navigate to 'http://rc-ogrhtmlprototyp.testintern/18-1-0/filialsuche-nuernberg.html' successfully

2018-03-13 10:48:55 - [MESSAGE][PASSED] - Navigate to 'http://rc-ogrhtmlprototyp.testintern/18-1-0/filialsuche-nuernberg.html' successfully

2018-03-13 10:48:55 - [TEST_STEP][PASSED] - delay: Delayed 5 second(s)

2018-03-13 10:49:00 - [MESSAGE][PASSED] - Delayed 5 second(s)

2018-03-13 10:49:00 - [TEST_STEP][PASSED] - verifyElementNotPresent: Web element with id: 'Object Repository/Entfernung_filialsuche' located by 'By.xpath: //span[@class='loc-distance']' is not present after '5' second(s)

2018-03-13 10:49:01 - [MESSAGE][PASSED] - Web element with id: 'Object Repository/Entfernung_filialsuche' located by 'By.xpath: //span[@class='loc-distance']' is not present after '5' second(s)

2018-03-13 10:49:01 - [TEST_STEP][PASSED] - closeBrowser: Browser is closed

2018-03-13 10:49:02 - [MESSAGE][PASSED] - Browser is closed]]></system-out>
         <system-err><![CDATA[]]></system-err>
      </testcase>
      <testcase name="Test Cases/Prototyp_Filialsuche (RC 18)/13_Testfall" classname="Test Cases/Prototyp_Filialsuche (RC 18)/13_Testfall" status="PASSED">
         <system-out><![CDATA[2018-03-13 10:49:02 - [TEST_CASE][PASSED] - Test Cases/Prototyp_Filialsuche (RC 18)/13_Testfall: Test Cases/Prototyp_Filialsuche (RC 18)/13_Testfall

2018-03-13 10:49:02 - [TEST_STEP][PASSED] - openBrowser: Browser is opened with url: ''

2018-03-13 10:49:04 - [MESSAGE][PASSED] - Browser is opened with url: ''

2018-03-13 10:49:04 - [TEST_STEP][PASSED] - deleteAllCookies: Delete all cookies successfully

2018-03-13 10:49:05 - [MESSAGE][PASSED] - Delete all cookies successfully

2018-03-13 10:49:05 - [TEST_STEP][PASSED] - maximizeWindow: Current window maximized

2018-03-13 10:49:06 - [MESSAGE][PASSED] - Current window maximized

2018-03-13 10:49:06 - [TEST_STEP][PASSED] - navigateToUrl: Navigate to 'http://rc-ogrhtmlprototyp.testintern/18-1-0/filialsuche.html' successfully

2018-03-13 10:49:10 - [MESSAGE][PASSED] - Navigate to 'http://rc-ogrhtmlprototyp.testintern/18-1-0/filialsuche.html' successfully

2018-03-13 10:49:10 - [TEST_STEP][PASSED] - delay: Delayed 5 second(s)

2018-03-13 10:49:15 - [MESSAGE][PASSED] - Delayed 5 second(s)

2018-03-13 10:49:15 - [TEST_STEP][PASSED] - Statement - wes1 = com.kms.katalon.core.webui.common.WebUiCommonHelper.findWebElements(com.kms.katalon.core.testobject.ObjectRepository.findTestObject(filial_map), 5): Found 61 web elements with id: 'Object Repository/filial_map' located by 'By.xpath: //div[@class='aps-map__custom-marker']' in '5' second(s)

2018-03-13 10:49:15 - [TEST_STEP][PASSED] - Statement - wes2 = com.kms.katalon.core.webui.common.WebUiCommonHelper.findWebElements(com.kms.katalon.core.testobject.ObjectRepository.findTestObject(loc_steet_filialsuche), 5): Found 61 web elements with id: 'Object Repository/loc_steet_filialsuche' located by 'By.xpath: //div[@class='loc-street']' in '5' second(s)

2018-03-13 10:49:15 - [TEST_STEP][PASSED] - Statement - filial_maps_count = wes1.size(): null

2018-03-13 10:49:15 - [TEST_STEP][PASSED] - Statement - filial_accordeon_count = wes2.size(): null

2018-03-13 10:49:15 - [TEST_STEP][PASSED] - Statement - filial_count = 61: null

2018-03-13 10:49:15 - [TEST_STEP][PASSED] - Statement - If (filial_maps_count != filial_count): null

2018-03-13 10:49:15 - [TEST_STEP][PASSED] - closeBrowser: Browser is closed

2018-03-13 10:49:17 - [MESSAGE][PASSED] - Browser is closed]]></system-out>
         <system-err><![CDATA[]]></system-err>
      </testcase>
      <testcase name="Test Cases/Prototyp_Filialsuche (RC 18)/14_Testfall" classname="Test Cases/Prototyp_Filialsuche (RC 18)/14_Testfall" status="PASSED">
         <system-out><![CDATA[2018-03-13 10:49:17 - [TEST_CASE][PASSED] - Test Cases/Prototyp_Filialsuche (RC 18)/14_Testfall: Test Cases/Prototyp_Filialsuche (RC 18)/14_Testfall

2018-03-13 10:49:17 - [TEST_STEP][PASSED] - openBrowser: Browser is opened with url: ''

2018-03-13 10:49:20 - [MESSAGE][PASSED] - Browser is opened with url: ''

2018-03-13 10:49:20 - [TEST_STEP][PASSED] - deleteAllCookies: Delete all cookies successfully

2018-03-13 10:49:23 - [MESSAGE][PASSED] - Delete all cookies successfully

2018-03-13 10:49:23 - [TEST_STEP][PASSED] - maximizeWindow: Current window maximized

2018-03-13 10:49:24 - [MESSAGE][PASSED] - Current window maximized

2018-03-13 10:49:24 - [TEST_STEP][PASSED] - navigateToUrl: Navigate to 'http://rc-ogrhtmlprototyp.testintern/18-1-0/filialsuche.html' successfully

2018-03-13 10:49:26 - [MESSAGE][PASSED] - Navigate to 'http://rc-ogrhtmlprototyp.testintern/18-1-0/filialsuche.html' successfully

2018-03-13 10:49:26 - [TEST_STEP][PASSED] - delay: Delayed 5 second(s)

2018-03-13 10:49:31 - [MESSAGE][PASSED] - Delayed 5 second(s)

2018-03-13 10:49:31 - [TEST_STEP][PASSED] - click: Object: 'Object Repository/002/Page_Filialsuche-rotenburg - BVR HT/svg_dropdown-icons' is clicked on

2018-03-13 10:49:32 - [MESSAGE][PASSED] - Object: 'Object Repository/002/Page_Filialsuche-rotenburg - BVR HT/svg_dropdown-icons' is clicked on

2018-03-13 10:49:32 - [TEST_STEP][PASSED] - delay: Delayed 2 second(s)

2018-03-13 10:49:34 - [MESSAGE][PASSED] - Delayed 2 second(s)

2018-03-13 10:49:34 - [TEST_STEP][PASSED] - mouseOver: Object: 'Object Repository/Belitz_option' is hovered

2018-03-13 10:49:34 - [MESSAGE][PASSED] - Object: 'Object Repository/Belitz_option' is hovered

2018-03-13 10:49:34 - [TEST_STEP][PASSED] - delay: Delayed 2 second(s)

2018-03-13 10:49:36 - [MESSAGE][PASSED] - Delayed 2 second(s)

2018-03-13 10:49:36 - [TEST_STEP][PASSED] - click: Object: 'Object Repository/Belitz_option' is clicked on

2018-03-13 10:49:36 - [MESSAGE][PASSED] - Object: 'Object Repository/Belitz_option' is clicked on

2018-03-13 10:49:36 - [TEST_STEP][PASSED] - delay: Delayed 5 second(s)

2018-03-13 10:49:41 - [MESSAGE][PASSED] - Delayed 5 second(s)

2018-03-13 10:49:41 - [TEST_STEP][PASSED] - Statement - wes1 = com.kms.katalon.core.webui.common.WebUiCommonHelper.findWebElements(com.kms.katalon.core.testobject.ObjectRepository.findTestObject(filial_map), 5): Found 37 web elements with id: 'Object Repository/filial_map' located by 'By.xpath: //div[@class='aps-map__custom-marker']' in '5' second(s)

2018-03-13 10:49:41 - [TEST_STEP][PASSED] - Statement - wes2 = com.kms.katalon.core.webui.common.WebUiCommonHelper.findWebElements(com.kms.katalon.core.testobject.ObjectRepository.findTestObject(loc_steet_filialsuche), 5): Found 37 web elements with id: 'Object Repository/loc_steet_filialsuche' located by 'By.xpath: //div[@class='loc-street']' in '5' second(s)

2018-03-13 10:49:41 - [TEST_STEP][PASSED] - Statement - wes3 = com.kms.katalon.core.webui.common.WebUiCommonHelper.findWebElements(com.kms.katalon.core.testobject.ObjectRepository.findTestObject(filialsuche_loc_city), 5): Finding web element with id: 'Object Repository/filialsuche_loc_city' located by 'By.xpath: /div[@class='loc-city']' in '5' second(s)

2018-03-13 10:49:46 - [TEST_STEP][PASSED] - Statement - filial_maps_count = wes1.size(): null

2018-03-13 10:49:46 - [TEST_STEP][PASSED] - Statement - filial_accordeon_count = wes2.size(): null

2018-03-13 10:49:46 - [TEST_STEP][PASSED] - Statement - filial_count = 37: null

2018-03-13 10:49:46 - [TEST_STEP][PASSED] - Statement - city_name = "Berlin": null

2018-03-13 10:49:46 - [TEST_STEP][PASSED] - Statement - If (filial_maps_count != filial_count): null

2018-03-13 10:49:46 - [TEST_STEP][PASSED] - Statement - For ([i = 0, i < wes3.size(), (i++)]): null

2018-03-13 10:49:46 - [TEST_STEP][PASSED] - closeBrowser: Browser is closed

2018-03-13 10:49:47 - [MESSAGE][PASSED] - Browser is closed]]></system-out>
         <system-err><![CDATA[]]></system-err>
      </testcase>
      <testcase name="Test Cases/Prototyp_Filialsuche (RC 18)/15_Testfall" classname="Test Cases/Prototyp_Filialsuche (RC 18)/15_Testfall" status="PASSED">
         <system-out><![CDATA[2018-03-13 10:49:47 - [TEST_CASE][PASSED] - Test Cases/Prototyp_Filialsuche (RC 18)/15_Testfall: Test Cases/Prototyp_Filialsuche (RC 18)/15_Testfall

2018-03-13 10:49:47 - [TEST_STEP][PASSED] - openBrowser: Browser is opened with url: ''

2018-03-13 10:49:49 - [MESSAGE][PASSED] - Browser is opened with url: ''

2018-03-13 10:49:49 - [TEST_STEP][PASSED] - maximizeWindow: Current window maximized

2018-03-13 10:49:50 - [MESSAGE][PASSED] - Current window maximized

2018-03-13 10:49:50 - [TEST_STEP][PASSED] - deleteAllCookies: Delete all cookies successfully

2018-03-13 10:49:51 - [MESSAGE][PASSED] - Delete all cookies successfully

2018-03-13 10:49:51 - [TEST_STEP][PASSED] - navigateToUrl: Navigate to 'http://rc-ogrhtmlprototyp.testintern/18-1-0/filialsuche-textinput.html' successfully

2018-03-13 10:49:54 - [MESSAGE][PASSED] - Navigate to 'http://rc-ogrhtmlprototyp.testintern/18-1-0/filialsuche-textinput.html' successfully

2018-03-13 10:49:54 - [TEST_STEP][PASSED] - delay: Delayed 5 second(s)

2018-03-13 10:49:59 - [MESSAGE][PASSED] - Delayed 5 second(s)

2018-03-13 10:49:59 - [TEST_STEP][PASSED] - setText: Text 'Berlin' is set on object 'Object Repository/Filialsuche_Inputtext'

2018-03-13 10:50:00 - [MESSAGE][PASSED] - Text 'Berlin' is set on object 'Object Repository/Filialsuche_Inputtext'

2018-03-13 10:50:00 - [TEST_STEP][PASSED] - delay: Delayed 2 second(s)

2018-03-13 10:50:02 - [MESSAGE][PASSED] - Delayed 2 second(s)

2018-03-13 10:50:02 - [TEST_STEP][PASSED] - submit: The form containing object: 'Object Repository/Filialsuche_submit_button' is submitted

2018-03-13 10:50:02 - [MESSAGE][PASSED] - The form containing object: 'Object Repository/Filialsuche_submit_button' is submitted

2018-03-13 10:50:02 - [TEST_STEP][PASSED] - delay: Delayed 2 second(s)

2018-03-13 10:50:04 - [MESSAGE][PASSED] - Delayed 2 second(s)

2018-03-13 10:50:04 - [TEST_STEP][PASSED] - Statement - wes = com.kms.katalon.core.webui.common.WebUiCommonHelper.findWebElements(com.kms.katalon.core.testobject.ObjectRepository.findTestObject(Filialsuche_loc_distance), 5): Found 25 web elements with id: 'Object Repository/Filialsuche_loc_distance' located by 'By.xpath: //span[@class='loc-distance']' in '5' second(s)

2018-03-13 10:50:04 - [TEST_STEP][PASSED] - Statement - For ([i = 1, i < wes.size(), (i++)]): null

2018-03-13 10:50:04 - [TEST_STEP][PASSED] - Statement - el1 = wes.get(i): null

2018-03-13 10:50:04 - [TEST_STEP][PASSED] - Statement - text1 = el1.getAttribute("innerHTML"): null

2018-03-13 10:50:04 - [TEST_STEP][PASSED] - Statement - tmp1 = text1.split(" "): null

2018-03-13 10:50:04 - [TEST_STEP][PASSED] - Statement - num1 = tmp1[0].replaceAll(",", "."): null

2018-03-13 10:50:04 - [TEST_STEP][PASSED] - Statement - km1 = java.lang.Float.parseFloat(num1): null

2018-03-13 10:50:04 - [TEST_STEP][PASSED] - Statement - el2 = wes.get(i - 1): null

2018-03-13 10:50:04 - [TEST_STEP][PASSED] - Statement - text2 = el2.getAttribute("innerHTML"): null

2018-03-13 10:50:04 - [TEST_STEP][PASSED] - Statement - tmp2 = text2.split(" "): null

2018-03-13 10:50:04 - [TEST_STEP][PASSED] - Statement - num2 = tmp2[0].replaceAll(",", "."): null

2018-03-13 10:50:04 - [TEST_STEP][PASSED] - Statement - km2 = java.lang.Float.parseFloat(num2): null

2018-03-13 10:50:04 - [TEST_STEP][PASSED] - Statement - If (km2 > km1): null

2018-03-13 10:50:04 - [TEST_STEP][PASSED] - Statement - el1 = wes.get(i): null

2018-03-13 10:50:04 - [TEST_STEP][PASSED] - Statement - text1 = el1.getAttribute("innerHTML"): null

2018-03-13 10:50:04 - [TEST_STEP][PASSED] - Statement - tmp1 = text1.split(" "): null

2018-03-13 10:50:04 - [TEST_STEP][PASSED] - Statement - num1 = tmp1[0].replaceAll(",", "."): null

2018-03-13 10:50:04 - [TEST_STEP][PASSED] - Statement - km1 = java.lang.Float.parseFloat(num1): null

2018-03-13 10:50:04 - [TEST_STEP][PASSED] - Statement - el2 = wes.get(i - 1): null

2018-03-13 10:50:04 - [TEST_STEP][PASSED] - Statement - text2 = el2.getAttribute("innerHTML"): null

2018-03-13 10:50:04 - [TEST_STEP][PASSED] - Statement - tmp2 = text2.split(" "): null

2018-03-13 10:50:04 - [TEST_STEP][PASSED] - Statement - num2 = tmp2[0].replaceAll(",", "."): null

2018-03-13 10:50:04 - [TEST_STEP][PASSED] - Statement - km2 = java.lang.Float.parseFloat(num2): null

2018-03-13 10:50:04 - [TEST_STEP][PASSED] - Statement - If (km2 > km1): null

2018-03-13 10:50:04 - [TEST_STEP][PASSED] - Statement - el1 = wes.get(i): null

2018-03-13 10:50:04 - [TEST_STEP][PASSED] - Statement - text1 = el1.getAttribute("innerHTML"): null

2018-03-13 10:50:04 - [TEST_STEP][PASSED] - Statement - tmp1 = text1.split(" "): null

2018-03-13 10:50:04 - [TEST_STEP][PASSED] - Statement - num1 = tmp1[0].replaceAll(",", "."): null

2018-03-13 10:50:04 - [TEST_STEP][PASSED] - Statement - km1 = java.lang.Float.parseFloat(num1): null

2018-03-13 10:50:04 - [TEST_STEP][PASSED] - Statement - el2 = wes.get(i - 1): null

2018-03-13 10:50:04 - [TEST_STEP][PASSED] - Statement - text2 = el2.getAttribute("innerHTML"): null

2018-03-13 10:50:04 - [TEST_STEP][PASSED] - Statement - tmp2 = text2.split(" "): null

2018-03-13 10:50:04 - [TEST_STEP][PASSED] - Statement - num2 = tmp2[0].replaceAll(",", "."): null

2018-03-13 10:50:04 - [TEST_STEP][PASSED] - Statement - km2 = java.lang.Float.parseFloat(num2): null

2018-03-13 10:50:04 - [TEST_STEP][PASSED] - Statement - If (km2 > km1): null

2018-03-13 10:50:04 - [TEST_STEP][PASSED] - Statement - el1 = wes.get(i): null

2018-03-13 10:50:04 - [TEST_STEP][PASSED] - Statement - text1 = el1.getAttribute("innerHTML"): null

2018-03-13 10:50:04 - [TEST_STEP][PASSED] - Statement - tmp1 = text1.split(" "): null

2018-03-13 10:50:04 - [TEST_STEP][PASSED] - Statement - num1 = tmp1[0].replaceAll(",", "."): null

2018-03-13 10:50:04 - [TEST_STEP][PASSED] - Statement - km1 = java.lang.Float.parseFloat(num1): null

2018-03-13 10:50:04 - [TEST_STEP][PASSED] - Statement - el2 = wes.get(i - 1): null

2018-03-13 10:50:04 - [TEST_STEP][PASSED] - Statement - text2 = el2.getAttribute("innerHTML"): null

2018-03-13 10:50:04 - [TEST_STEP][PASSED] - Statement - tmp2 = text2.split(" "): null

2018-03-13 10:50:04 - [TEST_STEP][PASSED] - Statement - num2 = tmp2[0].replaceAll(",", "."): null

2018-03-13 10:50:04 - [TEST_STEP][PASSED] - Statement - km2 = java.lang.Float.parseFloat(num2): null

2018-03-13 10:50:04 - [TEST_STEP][PASSED] - Statement - If (km2 > km1): null

2018-03-13 10:50:04 - [TEST_STEP][PASSED] - Statement - el1 = wes.get(i): null

2018-03-13 10:50:04 - [TEST_STEP][PASSED] - Statement - text1 = el1.getAttribute("innerHTML"): null

2018-03-13 10:50:04 - [TEST_STEP][PASSED] - Statement - tmp1 = text1.split(" "): null

2018-03-13 10:50:04 - [TEST_STEP][PASSED] - Statement - num1 = tmp1[0].replaceAll(",", "."): null

2018-03-13 10:50:04 - [TEST_STEP][PASSED] - Statement - km1 = java.lang.Float.parseFloat(num1): null

2018-03-13 10:50:04 - [TEST_STEP][PASSED] - Statement - el2 = wes.get(i - 1): null

2018-03-13 10:50:04 - [TEST_STEP][PASSED] - Statement - text2 = el2.getAttribute("innerHTML"): null

2018-03-13 10:50:04 - [TEST_STEP][PASSED] - Statement - tmp2 = text2.split(" "): null

2018-03-13 10:50:04 - [TEST_STEP][PASSED] - Statement - num2 = tmp2[0].replaceAll(",", "."): null

2018-03-13 10:50:04 - [TEST_STEP][PASSED] - Statement - km2 = java.lang.Float.parseFloat(num2): null

2018-03-13 10:50:04 - [TEST_STEP][PASSED] - Statement - If (km2 > km1): null

2018-03-13 10:50:04 - [TEST_STEP][PASSED] - Statement - el1 = wes.get(i): null

2018-03-13 10:50:04 - [TEST_STEP][PASSED] - Statement - text1 = el1.getAttribute("innerHTML"): null

2018-03-13 10:50:04 - [TEST_STEP][PASSED] - Statement - tmp1 = text1.split(" "): null

2018-03-13 10:50:04 - [TEST_STEP][PASSED] - Statement - num1 = tmp1[0].replaceAll(",", "."): null

2018-03-13 10:50:04 - [TEST_STEP][PASSED] - Statement - km1 = java.lang.Float.parseFloat(num1): null

2018-03-13 10:50:04 - [TEST_STEP][PASSED] - Statement - el2 = wes.get(i - 1): null

2018-03-13 10:50:04 - [TEST_STEP][PASSED] - Statement - text2 = el2.getAttribute("innerHTML"): null

2018-03-13 10:50:04 - [TEST_STEP][PASSED] - Statement - tmp2 = text2.split(" "): null

2018-03-13 10:50:04 - [TEST_STEP][PASSED] - Statement - num2 = tmp2[0].replaceAll(",", "."): null

2018-03-13 10:50:04 - [TEST_STEP][PASSED] - Statement - km2 = java.lang.Float.parseFloat(num2): null

2018-03-13 10:50:04 - [TEST_STEP][PASSED] - Statement - If (km2 > km1): null

2018-03-13 10:50:04 - [TEST_STEP][PASSED] - Statement - el1 = wes.get(i): null

2018-03-13 10:50:04 - [TEST_STEP][PASSED] - Statement - text1 = el1.getAttribute("innerHTML"): null

2018-03-13 10:50:04 - [TEST_STEP][PASSED] - Statement - tmp1 = text1.split(" "): null

2018-03-13 10:50:04 - [TEST_STEP][PASSED] - Statement - num1 = tmp1[0].replaceAll(",", "."): null

2018-03-13 10:50:04 - [TEST_STEP][PASSED] - Statement - km1 = java.lang.Float.parseFloat(num1): null

2018-03-13 10:50:04 - [TEST_STEP][PASSED] - Statement - el2 = wes.get(i - 1): null

2018-03-13 10:50:04 - [TEST_STEP][PASSED] - Statement - text2 = el2.getAttribute("innerHTML"): null

2018-03-13 10:50:04 - [TEST_STEP][PASSED] - Statement - tmp2 = text2.split(" "): null

2018-03-13 10:50:04 - [TEST_STEP][PASSED] - Statement - num2 = tmp2[0].replaceAll(",", "."): null

2018-03-13 10:50:04 - [TEST_STEP][PASSED] - Statement - km2 = java.lang.Float.parseFloat(num2): null

2018-03-13 10:50:04 - [TEST_STEP][PASSED] - Statement - If (km2 > km1): null

2018-03-13 10:50:04 - [TEST_STEP][PASSED] - Statement - el1 = wes.get(i): null

2018-03-13 10:50:04 - [TEST_STEP][PASSED] - Statement - text1 = el1.getAttribute("innerHTML"): null

2018-03-13 10:50:04 - [TEST_STEP][PASSED] - Statement - tmp1 = text1.split(" "): null

2018-03-13 10:50:04 - [TEST_STEP][PASSED] - Statement - num1 = tmp1[0].replaceAll(",", "."): null

2018-03-13 10:50:04 - [TEST_STEP][PASSED] - Statement - km1 = java.lang.Float.parseFloat(num1): null

2018-03-13 10:50:04 - [TEST_STEP][PASSED] - Statement - el2 = wes.get(i - 1): null

2018-03-13 10:50:04 - [TEST_STEP][PASSED] - Statement - text2 = el2.getAttribute("innerHTML"): null

2018-03-13 10:50:04 - [TEST_STEP][PASSED] - Statement - tmp2 = text2.split(" "): null

2018-03-13 10:50:04 - [TEST_STEP][PASSED] - Statement - num2 = tmp2[0].replaceAll(",", "."): null

2018-03-13 10:50:04 - [TEST_STEP][PASSED] - Statement - km2 = java.lang.Float.parseFloat(num2): null

2018-03-13 10:50:04 - [TEST_STEP][PASSED] - Statement - If (km2 > km1): null

2018-03-13 10:50:04 - [TEST_STEP][PASSED] - Statement - el1 = wes.get(i): null

2018-03-13 10:50:04 - [TEST_STEP][PASSED] - Statement - text1 = el1.getAttribute("innerHTML"): null

2018-03-13 10:50:04 - [TEST_STEP][PASSED] - Statement - tmp1 = text1.split(" "): null

2018-03-13 10:50:04 - [TEST_STEP][PASSED] - Statement - num1 = tmp1[0].replaceAll(",", "."): null

2018-03-13 10:50:04 - [TEST_STEP][PASSED] - Statement - km1 = java.lang.Float.parseFloat(num1): null

2018-03-13 10:50:04 - [TEST_STEP][PASSED] - Statement - el2 = wes.get(i - 1): null

2018-03-13 10:50:04 - [TEST_STEP][PASSED] - Statement - text2 = el2.getAttribute("innerHTML"): null

2018-03-13 10:50:04 - [TEST_STEP][PASSED] - Statement - tmp2 = text2.split(" "): null

2018-03-13 10:50:04 - [TEST_STEP][PASSED] - Statement - num2 = tmp2[0].replaceAll(",", "."): null

2018-03-13 10:50:04 - [TEST_STEP][PASSED] - Statement - km2 = java.lang.Float.parseFloat(num2): null

2018-03-13 10:50:04 - [TEST_STEP][PASSED] - Statement - If (km2 > km1): null

2018-03-13 10:50:04 - [TEST_STEP][PASSED] - Statement - el1 = wes.get(i): null

2018-03-13 10:50:04 - [TEST_STEP][PASSED] - Statement - text1 = el1.getAttribute("innerHTML"): null

2018-03-13 10:50:04 - [TEST_STEP][PASSED] - Statement - tmp1 = text1.split(" "): null

2018-03-13 10:50:04 - [TEST_STEP][PASSED] - Statement - num1 = tmp1[0].replaceAll(",", "."): null

2018-03-13 10:50:04 - [TEST_STEP][PASSED] - Statement - km1 = java.lang.Float.parseFloat(num1): null

2018-03-13 10:50:04 - [TEST_STEP][PASSED] - Statement - el2 = wes.get(i - 1): null

2018-03-13 10:50:04 - [TEST_STEP][PASSED] - Statement - text2 = el2.getAttribute("innerHTML"): null

2018-03-13 10:50:04 - [TEST_STEP][PASSED] - Statement - tmp2 = text2.split(" "): null

2018-03-13 10:50:04 - [TEST_STEP][PASSED] - Statement - num2 = tmp2[0].replaceAll(",", "."): null

2018-03-13 10:50:04 - [TEST_STEP][PASSED] - Statement - km2 = java.lang.Float.parseFloat(num2): null

2018-03-13 10:50:04 - [TEST_STEP][PASSED] - Statement - If (km2 > km1): null

2018-03-13 10:50:04 - [TEST_STEP][PASSED] - Statement - el1 = wes.get(i): null

2018-03-13 10:50:04 - [TEST_STEP][PASSED] - Statement - text1 = el1.getAttribute("innerHTML"): null

2018-03-13 10:50:04 - [TEST_STEP][PASSED] - Statement - tmp1 = text1.split(" "): null

2018-03-13 10:50:04 - [TEST_STEP][PASSED] - Statement - num1 = tmp1[0].replaceAll(",", "."): null

2018-03-13 10:50:04 - [TEST_STEP][PASSED] - Statement - km1 = java.lang.Float.parseFloat(num1): null

2018-03-13 10:50:04 - [TEST_STEP][PASSED] - Statement - el2 = wes.get(i - 1): null

2018-03-13 10:50:04 - [TEST_STEP][PASSED] - Statement - text2 = el2.getAttribute("innerHTML"): null

2018-03-13 10:50:04 - [TEST_STEP][PASSED] - Statement - tmp2 = text2.split(" "): null

2018-03-13 10:50:04 - [TEST_STEP][PASSED] - Statement - num2 = tmp2[0].replaceAll(",", "."): null

2018-03-13 10:50:04 - [TEST_STEP][PASSED] - Statement - km2 = java.lang.Float.parseFloat(num2): null

2018-03-13 10:50:04 - [TEST_STEP][PASSED] - Statement - If (km2 > km1): null

2018-03-13 10:50:04 - [TEST_STEP][PASSED] - Statement - el1 = wes.get(i): null

2018-03-13 10:50:04 - [TEST_STEP][PASSED] - Statement - text1 = el1.getAttribute("innerHTML"): null

2018-03-13 10:50:04 - [TEST_STEP][PASSED] - Statement - tmp1 = text1.split(" "): null

2018-03-13 10:50:04 - [TEST_STEP][PASSED] - Statement - num1 = tmp1[0].replaceAll(",", "."): null

2018-03-13 10:50:04 - [TEST_STEP][PASSED] - Statement - km1 = java.lang.Float.parseFloat(num1): null

2018-03-13 10:50:04 - [TEST_STEP][PASSED] - Statement - el2 = wes.get(i - 1): null

2018-03-13 10:50:04 - [TEST_STEP][PASSED] - Statement - text2 = el2.getAttribute("innerHTML"): null

2018-03-13 10:50:04 - [TEST_STEP][PASSED] - Statement - tmp2 = text2.split(" "): null

2018-03-13 10:50:04 - [TEST_STEP][PASSED] - Statement - num2 = tmp2[0].replaceAll(",", "."): null

2018-03-13 10:50:04 - [TEST_STEP][PASSED] - Statement - km2 = java.lang.Float.parseFloat(num2): null

2018-03-13 10:50:04 - [TEST_STEP][PASSED] - Statement - If (km2 > km1): null

2018-03-13 10:50:04 - [TEST_STEP][PASSED] - Statement - el1 = wes.get(i): null

2018-03-13 10:50:04 - [TEST_STEP][PASSED] - Statement - text1 = el1.getAttribute("innerHTML"): null

2018-03-13 10:50:04 - [TEST_STEP][PASSED] - Statement - tmp1 = text1.split(" "): null

2018-03-13 10:50:04 - [TEST_STEP][PASSED] - Statement - num1 = tmp1[0].replaceAll(",", "."): null

2018-03-13 10:50:04 - [TEST_STEP][PASSED] - Statement - km1 = java.lang.Float.parseFloat(num1): null

2018-03-13 10:50:04 - [TEST_STEP][PASSED] - Statement - el2 = wes.get(i - 1): null

2018-03-13 10:50:04 - [TEST_STEP][PASSED] - Statement - text2 = el2.getAttribute("innerHTML"): null

2018-03-13 10:50:04 - [TEST_STEP][PASSED] - Statement - tmp2 = text2.split(" "): null

2018-03-13 10:50:04 - [TEST_STEP][PASSED] - Statement - num2 = tmp2[0].replaceAll(",", "."): null

2018-03-13 10:50:04 - [TEST_STEP][PASSED] - Statement - km2 = java.lang.Float.parseFloat(num2): null

2018-03-13 10:50:04 - [TEST_STEP][PASSED] - Statement - If (km2 > km1): null

2018-03-13 10:50:04 - [TEST_STEP][PASSED] - Statement - el1 = wes.get(i): null

2018-03-13 10:50:04 - [TEST_STEP][PASSED] - Statement - text1 = el1.getAttribute("innerHTML"): null

2018-03-13 10:50:04 - [TEST_STEP][PASSED] - Statement - tmp1 = text1.split(" "): null

2018-03-13 10:50:04 - [TEST_STEP][PASSED] - Statement - num1 = tmp1[0].replaceAll(",", "."): null

2018-03-13 10:50:04 - [TEST_STEP][PASSED] - Statement - km1 = java.lang.Float.parseFloat(num1): null

2018-03-13 10:50:04 - [TEST_STEP][PASSED] - Statement - el2 = wes.get(i - 1): null

2018-03-13 10:50:04 - [TEST_STEP][PASSED] - Statement - text2 = el2.getAttribute("innerHTML"): null

2018-03-13 10:50:04 - [TEST_STEP][PASSED] - Statement - tmp2 = text2.split(" "): null

2018-03-13 10:50:04 - [TEST_STEP][PASSED] - Statement - num2 = tmp2[0].replaceAll(",", "."): null

2018-03-13 10:50:04 - [TEST_STEP][PASSED] - Statement - km2 = java.lang.Float.parseFloat(num2): null

2018-03-13 10:50:04 - [TEST_STEP][PASSED] - Statement - If (km2 > km1): null

2018-03-13 10:50:04 - [TEST_STEP][PASSED] - Statement - el1 = wes.get(i): null

2018-03-13 10:50:04 - [TEST_STEP][PASSED] - Statement - text1 = el1.getAttribute("innerHTML"): null

2018-03-13 10:50:04 - [TEST_STEP][PASSED] - Statement - tmp1 = text1.split(" "): null

2018-03-13 10:50:04 - [TEST_STEP][PASSED] - Statement - num1 = tmp1[0].replaceAll(",", "."): null

2018-03-13 10:50:04 - [TEST_STEP][PASSED] - Statement - km1 = java.lang.Float.parseFloat(num1): null

2018-03-13 10:50:04 - [TEST_STEP][PASSED] - Statement - el2 = wes.get(i - 1): null

2018-03-13 10:50:04 - [TEST_STEP][PASSED] - Statement - text2 = el2.getAttribute("innerHTML"): null

2018-03-13 10:50:04 - [TEST_STEP][PASSED] - Statement - tmp2 = text2.split(" "): null

2018-03-13 10:50:04 - [TEST_STEP][PASSED] - Statement - num2 = tmp2[0].replaceAll(",", "."): null

2018-03-13 10:50:04 - [TEST_STEP][PASSED] - Statement - km2 = java.lang.Float.parseFloat(num2): null

2018-03-13 10:50:04 - [TEST_STEP][PASSED] - Statement - If (km2 > km1): null

2018-03-13 10:50:04 - [TEST_STEP][PASSED] - Statement - el1 = wes.get(i): null

2018-03-13 10:50:04 - [TEST_STEP][PASSED] - Statement - text1 = el1.getAttribute("innerHTML"): null

2018-03-13 10:50:04 - [TEST_STEP][PASSED] - Statement - tmp1 = text1.split(" "): null

2018-03-13 10:50:04 - [TEST_STEP][PASSED] - Statement - num1 = tmp1[0].replaceAll(",", "."): null

2018-03-13 10:50:04 - [TEST_STEP][PASSED] - Statement - km1 = java.lang.Float.parseFloat(num1): null

2018-03-13 10:50:04 - [TEST_STEP][PASSED] - Statement - el2 = wes.get(i - 1): null

2018-03-13 10:50:04 - [TEST_STEP][PASSED] - Statement - text2 = el2.getAttribute("innerHTML"): null

2018-03-13 10:50:04 - [TEST_STEP][PASSED] - Statement - tmp2 = text2.split(" "): null

2018-03-13 10:50:04 - [TEST_STEP][PASSED] - Statement - num2 = tmp2[0].replaceAll(",", "."): null

2018-03-13 10:50:04 - [TEST_STEP][PASSED] - Statement - km2 = java.lang.Float.parseFloat(num2): null

2018-03-13 10:50:04 - [TEST_STEP][PASSED] - Statement - If (km2 > km1): null

2018-03-13 10:50:04 - [TEST_STEP][PASSED] - Statement - el1 = wes.get(i): null

2018-03-13 10:50:04 - [TEST_STEP][PASSED] - Statement - text1 = el1.getAttribute("innerHTML"): null

2018-03-13 10:50:04 - [TEST_STEP][PASSED] - Statement - tmp1 = text1.split(" "): null

2018-03-13 10:50:04 - [TEST_STEP][PASSED] - Statement - num1 = tmp1[0].replaceAll(",", "."): null

2018-03-13 10:50:04 - [TEST_STEP][PASSED] - Statement - km1 = java.lang.Float.parseFloat(num1): null

2018-03-13 10:50:04 - [TEST_STEP][PASSED] - Statement - el2 = wes.get(i - 1): null

2018-03-13 10:50:04 - [TEST_STEP][PASSED] - Statement - text2 = el2.getAttribute("innerHTML"): null

2018-03-13 10:50:04 - [TEST_STEP][PASSED] - Statement - tmp2 = text2.split(" "): null

2018-03-13 10:50:04 - [TEST_STEP][PASSED] - Statement - num2 = tmp2[0].replaceAll(",", "."): null

2018-03-13 10:50:04 - [TEST_STEP][PASSED] - Statement - km2 = java.lang.Float.parseFloat(num2): null

2018-03-13 10:50:04 - [TEST_STEP][PASSED] - Statement - If (km2 > km1): null

2018-03-13 10:50:04 - [TEST_STEP][PASSED] - Statement - el1 = wes.get(i): null

2018-03-13 10:50:04 - [TEST_STEP][PASSED] - Statement - text1 = el1.getAttribute("innerHTML"): null

2018-03-13 10:50:04 - [TEST_STEP][PASSED] - Statement - tmp1 = text1.split(" "): null

2018-03-13 10:50:04 - [TEST_STEP][PASSED] - Statement - num1 = tmp1[0].replaceAll(",", "."): null

2018-03-13 10:50:04 - [TEST_STEP][PASSED] - Statement - km1 = java.lang.Float.parseFloat(num1): null

2018-03-13 10:50:04 - [TEST_STEP][PASSED] - Statement - el2 = wes.get(i - 1): null

2018-03-13 10:50:04 - [TEST_STEP][PASSED] - Statement - text2 = el2.getAttribute("innerHTML"): null

2018-03-13 10:50:04 - [TEST_STEP][PASSED] - Statement - tmp2 = text2.split(" "): null

2018-03-13 10:50:04 - [TEST_STEP][PASSED] - Statement - num2 = tmp2[0].replaceAll(",", "."): null

2018-03-13 10:50:04 - [TEST_STEP][PASSED] - Statement - km2 = java.lang.Float.parseFloat(num2): null

2018-03-13 10:50:04 - [TEST_STEP][PASSED] - Statement - If (km2 > km1): null

2018-03-13 10:50:04 - [TEST_STEP][PASSED] - Statement - el1 = wes.get(i): null

2018-03-13 10:50:04 - [TEST_STEP][PASSED] - Statement - text1 = el1.getAttribute("innerHTML"): null

2018-03-13 10:50:04 - [TEST_STEP][PASSED] - Statement - tmp1 = text1.split(" "): null

2018-03-13 10:50:04 - [TEST_STEP][PASSED] - Statement - num1 = tmp1[0].replaceAll(",", "."): null

2018-03-13 10:50:04 - [TEST_STEP][PASSED] - Statement - km1 = java.lang.Float.parseFloat(num1): null

2018-03-13 10:50:04 - [TEST_STEP][PASSED] - Statement - el2 = wes.get(i - 1): null

2018-03-13 10:50:04 - [TEST_STEP][PASSED] - Statement - text2 = el2.getAttribute("innerHTML"): null

2018-03-13 10:50:04 - [TEST_STEP][PASSED] - Statement - tmp2 = text2.split(" "): null

2018-03-13 10:50:04 - [TEST_STEP][PASSED] - Statement - num2 = tmp2[0].replaceAll(",", "."): null

2018-03-13 10:50:04 - [TEST_STEP][PASSED] - Statement - km2 = java.lang.Float.parseFloat(num2): null

2018-03-13 10:50:04 - [TEST_STEP][PASSED] - Statement - If (km2 > km1): null

2018-03-13 10:50:04 - [TEST_STEP][PASSED] - Statement - el1 = wes.get(i): null

2018-03-13 10:50:04 - [TEST_STEP][PASSED] - Statement - text1 = el1.getAttribute("innerHTML"): null

2018-03-13 10:50:04 - [TEST_STEP][PASSED] - Statement - tmp1 = text1.split(" "): null

2018-03-13 10:50:04 - [TEST_STEP][PASSED] - Statement - num1 = tmp1[0].replaceAll(",", "."): null

2018-03-13 10:50:04 - [TEST_STEP][PASSED] - Statement - km1 = java.lang.Float.parseFloat(num1): null

2018-03-13 10:50:04 - [TEST_STEP][PASSED] - Statement - el2 = wes.get(i - 1): null

2018-03-13 10:50:04 - [TEST_STEP][PASSED] - Statement - text2 = el2.getAttribute("innerHTML"): null

2018-03-13 10:50:04 - [TEST_STEP][PASSED] - Statement - tmp2 = text2.split(" "): null

2018-03-13 10:50:04 - [TEST_STEP][PASSED] - Statement - num2 = tmp2[0].replaceAll(",", "."): null

2018-03-13 10:50:04 - [TEST_STEP][PASSED] - Statement - km2 = java.lang.Float.parseFloat(num2): null

2018-03-13 10:50:04 - [TEST_STEP][PASSED] - Statement - If (km2 > km1): null

2018-03-13 10:50:04 - [TEST_STEP][PASSED] - Statement - el1 = wes.get(i): null

2018-03-13 10:50:04 - [TEST_STEP][PASSED] - Statement - text1 = el1.getAttribute("innerHTML"): null

2018-03-13 10:50:04 - [TEST_STEP][PASSED] - Statement - tmp1 = text1.split(" "): null

2018-03-13 10:50:04 - [TEST_STEP][PASSED] - Statement - num1 = tmp1[0].replaceAll(",", "."): null

2018-03-13 10:50:04 - [TEST_STEP][PASSED] - Statement - km1 = java.lang.Float.parseFloat(num1): null

2018-03-13 10:50:04 - [TEST_STEP][PASSED] - Statement - el2 = wes.get(i - 1): null

2018-03-13 10:50:04 - [TEST_STEP][PASSED] - Statement - text2 = el2.getAttribute("innerHTML"): null

2018-03-13 10:50:04 - [TEST_STEP][PASSED] - Statement - tmp2 = text2.split(" "): null

2018-03-13 10:50:04 - [TEST_STEP][PASSED] - Statement - num2 = tmp2[0].replaceAll(",", "."): null

2018-03-13 10:50:04 - [TEST_STEP][PASSED] - Statement - km2 = java.lang.Float.parseFloat(num2): null

2018-03-13 10:50:04 - [TEST_STEP][PASSED] - Statement - If (km2 > km1): null

2018-03-13 10:50:04 - [TEST_STEP][PASSED] - Statement - el1 = wes.get(i): null

2018-03-13 10:50:04 - [TEST_STEP][PASSED] - Statement - text1 = el1.getAttribute("innerHTML"): null

2018-03-13 10:50:04 - [TEST_STEP][PASSED] - Statement - tmp1 = text1.split(" "): null

2018-03-13 10:50:04 - [TEST_STEP][PASSED] - Statement - num1 = tmp1[0].replaceAll(",", "."): null

2018-03-13 10:50:04 - [TEST_STEP][PASSED] - Statement - km1 = java.lang.Float.parseFloat(num1): null

2018-03-13 10:50:04 - [TEST_STEP][PASSED] - Statement - el2 = wes.get(i - 1): null

2018-03-13 10:50:04 - [TEST_STEP][PASSED] - Statement - text2 = el2.getAttribute("innerHTML"): null

2018-03-13 10:50:04 - [TEST_STEP][PASSED] - Statement - tmp2 = text2.split(" "): null

2018-03-13 10:50:04 - [TEST_STEP][PASSED] - Statement - num2 = tmp2[0].replaceAll(",", "."): null

2018-03-13 10:50:04 - [TEST_STEP][PASSED] - Statement - km2 = java.lang.Float.parseFloat(num2): null

2018-03-13 10:50:04 - [TEST_STEP][PASSED] - Statement - If (km2 > km1): null

2018-03-13 10:50:04 - [TEST_STEP][PASSED] - Statement - el1 = wes.get(i): null

2018-03-13 10:50:04 - [TEST_STEP][PASSED] - Statement - text1 = el1.getAttribute("innerHTML"): null

2018-03-13 10:50:04 - [TEST_STEP][PASSED] - Statement - tmp1 = text1.split(" "): null

2018-03-13 10:50:04 - [TEST_STEP][PASSED] - Statement - num1 = tmp1[0].replaceAll(",", "."): null

2018-03-13 10:50:04 - [TEST_STEP][PASSED] - Statement - km1 = java.lang.Float.parseFloat(num1): null

2018-03-13 10:50:04 - [TEST_STEP][PASSED] - Statement - el2 = wes.get(i - 1): null

2018-03-13 10:50:04 - [TEST_STEP][PASSED] - Statement - text2 = el2.getAttribute("innerHTML"): null

2018-03-13 10:50:04 - [TEST_STEP][PASSED] - Statement - tmp2 = text2.split(" "): null

2018-03-13 10:50:04 - [TEST_STEP][PASSED] - Statement - num2 = tmp2[0].replaceAll(",", "."): null

2018-03-13 10:50:04 - [TEST_STEP][PASSED] - Statement - km2 = java.lang.Float.parseFloat(num2): null

2018-03-13 10:50:04 - [TEST_STEP][PASSED] - Statement - If (km2 > km1): null

2018-03-13 10:50:04 - [TEST_STEP][PASSED] - Statement - el1 = wes.get(i): null

2018-03-13 10:50:04 - [TEST_STEP][PASSED] - Statement - text1 = el1.getAttribute("innerHTML"): null

2018-03-13 10:50:04 - [TEST_STEP][PASSED] - Statement - tmp1 = text1.split(" "): null

2018-03-13 10:50:04 - [TEST_STEP][PASSED] - Statement - num1 = tmp1[0].replaceAll(",", "."): null

2018-03-13 10:50:04 - [TEST_STEP][PASSED] - Statement - km1 = java.lang.Float.parseFloat(num1): null

2018-03-13 10:50:04 - [TEST_STEP][PASSED] - Statement - el2 = wes.get(i - 1): null

2018-03-13 10:50:04 - [TEST_STEP][PASSED] - Statement - text2 = el2.getAttribute("innerHTML"): null

2018-03-13 10:50:04 - [TEST_STEP][PASSED] - Statement - tmp2 = text2.split(" "): null

2018-03-13 10:50:04 - [TEST_STEP][PASSED] - Statement - num2 = tmp2[0].replaceAll(",", "."): null

2018-03-13 10:50:04 - [TEST_STEP][PASSED] - Statement - km2 = java.lang.Float.parseFloat(num2): null

2018-03-13 10:50:04 - [TEST_STEP][PASSED] - Statement - If (km2 > km1): null

2018-03-13 10:50:04 - [TEST_STEP][PASSED] - closeBrowser: Browser is closed

2018-03-13 10:50:05 - [MESSAGE][PASSED] - Browser is closed]]></system-out>
         <system-err><![CDATA[]]></system-err>
      </testcase>
      <testcase name="Test Cases/Prototyp_Filialsuche (RC 18)/16_Testfall" classname="Test Cases/Prototyp_Filialsuche (RC 18)/16_Testfall" status="PASSED">
         <system-out><![CDATA[2018-03-13 10:50:05 - [TEST_CASE][PASSED] - Test Cases/Prototyp_Filialsuche (RC 18)/16_Testfall: Test Cases/Prototyp_Filialsuche (RC 18)/16_Testfall

2018-03-13 10:50:06 - [TEST_STEP][PASSED] - openBrowser: Browser is opened with url: ''

2018-03-13 10:50:09 - [MESSAGE][PASSED] - Browser is opened with url: ''

2018-03-13 10:50:09 - [TEST_STEP][PASSED] - maximizeWindow: Current window maximized

2018-03-13 10:50:10 - [MESSAGE][PASSED] - Current window maximized

2018-03-13 10:50:10 - [TEST_STEP][PASSED] - deleteAllCookies: Delete all cookies successfully

2018-03-13 10:50:12 - [MESSAGE][PASSED] - Delete all cookies successfully

2018-03-13 10:50:12 - [TEST_STEP][PASSED] - navigateToUrl: Navigate to 'http://rc-ogrhtmlprototyp.testintern/18-1-0/filialsuche-textinput.html' successfully

2018-03-13 10:50:14 - [MESSAGE][PASSED] - Navigate to 'http://rc-ogrhtmlprototyp.testintern/18-1-0/filialsuche-textinput.html' successfully

2018-03-13 10:50:14 - [TEST_STEP][PASSED] - delay: Delayed 5 second(s)

2018-03-13 10:50:19 - [MESSAGE][PASSED] - Delayed 5 second(s)

2018-03-13 10:50:19 - [TEST_STEP][PASSED] - setText: Text 'Berlin' is set on object 'Object Repository/Filialsuche_Inputtext'

2018-03-13 10:50:19 - [MESSAGE][PASSED] - Text 'Berlin' is set on object 'Object Repository/Filialsuche_Inputtext'

2018-03-13 10:50:19 - [TEST_STEP][PASSED] - delay: Delayed 2 second(s)

2018-03-13 10:50:21 - [MESSAGE][PASSED] - Delayed 2 second(s)

2018-03-13 10:50:21 - [TEST_STEP][PASSED] - submit: The form containing object: 'Object Repository/Filialsuche_submit_button' is submitted

2018-03-13 10:50:21 - [MESSAGE][PASSED] - The form containing object: 'Object Repository/Filialsuche_submit_button' is submitted

2018-03-13 10:50:21 - [TEST_STEP][PASSED] - delay: Delayed 2 second(s)

2018-03-13 10:50:23 - [MESSAGE][PASSED] - Delayed 2 second(s)

2018-03-13 10:50:23 - [TEST_STEP][PASSED] - verifyElementVisible: Object 'Object Repository/Entfernung_filialsuche' is visible

2018-03-13 10:50:23 - [MESSAGE][PASSED] - Object 'Object Repository/Entfernung_filialsuche' is visible

2018-03-13 10:50:23 - [TEST_STEP][PASSED] - closeBrowser: Browser is closed

2018-03-13 10:50:24 - [MESSAGE][PASSED] - Browser is closed]]></system-out>
         <system-err><![CDATA[]]></system-err>
      </testcase>
      <testcase name="Test Cases/Prototyp_Filialsuche (RC 18)/17_Testfall" classname="Test Cases/Prototyp_Filialsuche (RC 18)/17_Testfall" status="FAILED">
         <failure type="FAILED" message="Unable to verify text 'Kranoldplatz 2' is present  (Root cause: Text 'Kranoldplatz 2' is not present on page )"/>
         <system-out><![CDATA[2018-03-13 10:50:24 - [TEST_CASE][FAILED] - Test Cases/Prototyp_Filialsuche (RC 18)/17_Testfall: Test Cases/Prototyp_Filialsuche (RC 18)/17_Testfall FAILED because (of) Unable to verify text 'Kranoldplatz 2' is present  (Root cause: Text 'Kranoldplatz 2' is not present on page )

2018-03-13 10:50:24 - [TEST_STEP][PASSED] - openBrowser: Browser is opened with url: ''

2018-03-13 10:50:26 - [MESSAGE][PASSED] - Browser is opened with url: ''

2018-03-13 10:50:26 - [TEST_STEP][PASSED] - deleteAllCookies: Delete all cookies successfully

2018-03-13 10:50:27 - [MESSAGE][PASSED] - Delete all cookies successfully

2018-03-13 10:50:27 - [TEST_STEP][PASSED] - maximizeWindow: Current window maximized

2018-03-13 10:50:28 - [MESSAGE][PASSED] - Current window maximized

2018-03-13 10:50:28 - [TEST_STEP][PASSED] - navigateToUrl: Navigate to 'http://rc-ogrhtmlprototyp.testintern/18-1-0/filialsuche.html' successfully

2018-03-13 10:50:29 - [MESSAGE][PASSED] - Navigate to 'http://rc-ogrhtmlprototyp.testintern/18-1-0/filialsuche.html' successfully

2018-03-13 10:50:29 - [TEST_STEP][PASSED] - delay: Delayed 2 second(s)

2018-03-13 10:50:31 - [MESSAGE][PASSED] - Delayed 2 second(s)

2018-03-13 10:50:31 - [TEST_STEP][PASSED] - waitForPageLoad: Wait for page load successfully

2018-03-13 10:50:31 - [MESSAGE][WARNING] - Timeout '0' is invalid. Using default page load timeout: '30'

2018-03-13 10:50:31 - [MESSAGE][PASSED] - Wait for page load successfully

2018-03-13 10:50:31 - [TEST_STEP][PASSED] - delay: Delayed 2 second(s)

2018-03-13 10:50:33 - [MESSAGE][PASSED] - Delayed 2 second(s)

2018-03-13 10:50:33 - [TEST_STEP][PASSED] - click: Object: 'Object Repository/03/Page_Filialsuche-rotenburg - BVR HT/svg_dropdown-icons' is clicked on

2018-03-13 10:50:33 - [MESSAGE][PASSED] - Object: 'Object Repository/03/Page_Filialsuche-rotenburg - BVR HT/svg_dropdown-icons' is clicked on

2018-03-13 10:50:33 - [TEST_STEP][PASSED] - delay: Delayed 2 second(s)

2018-03-13 10:50:35 - [MESSAGE][PASSED] - Delayed 2 second(s)

2018-03-13 10:50:35 - [TEST_STEP][PASSED] - mouseOver: Object: 'Object Repository/002/Page_Filialsuche - BVR HTML Prototy/div_Berlin' is hovered

2018-03-13 10:50:35 - [MESSAGE][PASSED] - Object: 'Object Repository/002/Page_Filialsuche - BVR HTML Prototy/div_Berlin' is hovered

2018-03-13 10:50:35 - [TEST_STEP][PASSED] - delay: Delayed 2 second(s)

2018-03-13 10:50:37 - [MESSAGE][PASSED] - Delayed 2 second(s)

2018-03-13 10:50:37 - [TEST_STEP][PASSED] - click: Object: 'Object Repository/002/Page_Filialsuche - BVR HTML Prototy/div_Berlin' is clicked on

2018-03-13 10:50:37 - [MESSAGE][PASSED] - Object: 'Object Repository/002/Page_Filialsuche - BVR HTML Prototy/div_Berlin' is clicked on

2018-03-13 10:50:37 - [TEST_STEP][PASSED] - delay: Delayed 5 second(s)

2018-03-13 10:50:42 - [MESSAGE][PASSED] - Delayed 5 second(s)

2018-03-13 10:50:42 - [TEST_STEP][PASSED] - click: Object: 'Object Repository/TF17/Page_Filialsuche - BVR HTML Prototy/span_Berliner Volksbank eG Fil' is clicked on

2018-03-13 10:50:42 - [MESSAGE][PASSED] - Object: 'Object Repository/TF17/Page_Filialsuche - BVR HTML Prototy/span_Berliner Volksbank eG Fil' is clicked on

2018-03-13 10:50:42 - [TEST_STEP][PASSED] - delay: Delayed 2 second(s)

2018-03-13 10:50:44 - [MESSAGE][PASSED] - Delayed 2 second(s)

2018-03-13 10:50:44 - [TEST_STEP][PASSED] - verifyTextPresent: Text 'Alt-Moabit 82' is present on page 

2018-03-13 10:50:45 - [MESSAGE][PASSED] - Text 'Alt-Moabit 82' is present on page 

2018-03-13 10:50:45 - [TEST_STEP][PASSED] - verifyTextPresent: Text '10555 Berlin' is present on page 

2018-03-13 10:50:45 - [MESSAGE][PASSED] - Text '10555 Berlin' is present on page 

2018-03-13 10:50:45 - [TEST_STEP][PASSED] - click: Object: 'Object Repository/TF17/Page_Filialsuche - BVR HTML Prototy/span_Berliner Volksbank eG Fil_1' is clicked on

2018-03-13 10:50:45 - [MESSAGE][PASSED] - Object: 'Object Repository/TF17/Page_Filialsuche - BVR HTML Prototy/span_Berliner Volksbank eG Fil_1' is clicked on

2018-03-13 10:50:45 - [TEST_STEP][PASSED] - delay: Delayed 2 second(s)

2018-03-13 10:50:47 - [MESSAGE][PASSED] - Delayed 2 second(s)

2018-03-13 10:50:47 - [TEST_STEP][PASSED] - verifyTextPresent: Text 'Alt-Rudow 71' is present on page 

2018-03-13 10:50:48 - [MESSAGE][PASSED] - Text 'Alt-Rudow 71' is present on page 

2018-03-13 10:50:48 - [TEST_STEP][PASSED] - verifyTextPresent: Text '12355 Berlin' is present on page 

2018-03-13 10:50:48 - [MESSAGE][PASSED] - Text '12355 Berlin' is present on page 

2018-03-13 10:50:48 - [TEST_STEP][PASSED] - click: Object: 'Object Repository/TF17/Page_Filialsuche - BVR HTML Prototy/span_Berliner Volksbank eG Fin' is clicked on

2018-03-13 10:50:48 - [MESSAGE][PASSED] - Object: 'Object Repository/TF17/Page_Filialsuche - BVR HTML Prototy/span_Berliner Volksbank eG Fin' is clicked on

2018-03-13 10:50:48 - [TEST_STEP][PASSED] - delay: Delayed 2 second(s)

2018-03-13 10:50:50 - [MESSAGE][PASSED] - Delayed 2 second(s)

2018-03-13 10:50:50 - [TEST_STEP][PASSED] - verifyTextPresent: Text 'Bahnhofstr. 19' is present on page 

2018-03-13 10:50:51 - [MESSAGE][PASSED] - Text 'Bahnhofstr. 19' is present on page 

2018-03-13 10:50:51 - [TEST_STEP][PASSED] - verifyTextPresent: Text '12555 Berlin' is present on page 

2018-03-13 10:50:51 - [MESSAGE][PASSED] - Text '12555 Berlin' is present on page 

2018-03-13 10:50:51 - [TEST_STEP][PASSED] - click: Object: 'Object Repository/TF17/Page_Filialsuche - BVR HTML Prototy/span_Berliner Volksbank eG Fin_1' is clicked on

2018-03-13 10:50:51 - [MESSAGE][PASSED] - Object: 'Object Repository/TF17/Page_Filialsuche - BVR HTML Prototy/span_Berliner Volksbank eG Fin_1' is clicked on

2018-03-13 10:50:51 - [TEST_STEP][PASSED] - delay: Delayed 2 second(s)

2018-03-13 10:50:53 - [MESSAGE][PASSED] - Delayed 2 second(s)

2018-03-13 10:50:53 - [TEST_STEP][PASSED] - verifyTextPresent: Text 'Bahnhofstr. 50' is present on page 

2018-03-13 10:50:54 - [MESSAGE][PASSED] - Text 'Bahnhofstr. 50' is present on page 

2018-03-13 10:50:54 - [TEST_STEP][PASSED] - verifyTextPresent: Text '12305 Berlin' is present on page 

2018-03-13 10:50:54 - [MESSAGE][PASSED] - Text '12305 Berlin' is present on page 

2018-03-13 10:50:54 - [TEST_STEP][PASSED] - click: Object: 'Object Repository/TF17/Page_Filialsuche - BVR HTML Prototy/span_Berliner Volksbank eG Fil_2' is clicked on

2018-03-13 10:50:55 - [MESSAGE][PASSED] - Object: 'Object Repository/TF17/Page_Filialsuche - BVR HTML Prototy/span_Berliner Volksbank eG Fil_2' is clicked on

2018-03-13 10:50:55 - [TEST_STEP][PASSED] - delay: Delayed 2 second(s)

2018-03-13 10:50:57 - [MESSAGE][PASSED] - Delayed 2 second(s)

2018-03-13 10:50:57 - [TEST_STEP][PASSED] - verifyTextPresent: Text 'Baumschulenstr. 96' is present on page 

2018-03-13 10:50:57 - [MESSAGE][PASSED] - Text 'Baumschulenstr. 96' is present on page 

2018-03-13 10:50:57 - [TEST_STEP][PASSED] - verifyTextPresent: Text '12437 Berlin' is present on page 

2018-03-13 10:50:58 - [MESSAGE][PASSED] - Text '12437 Berlin' is present on page 

2018-03-13 10:50:58 - [TEST_STEP][PASSED] - scrollToElement: Scroll to object 'Object Repository/TF17/Page_Filialsuche - BVR HTML Prototy/span_Berliner Volksbank eG Fin_2' successfully

2018-03-13 10:50:58 - [MESSAGE][WARNING] - Timeout '0' is invalid. Using default page load timeout: '30'

2018-03-13 10:50:58 - [MESSAGE][PASSED] - Scroll to object 'Object Repository/TF17/Page_Filialsuche - BVR HTML Prototy/span_Berliner Volksbank eG Fin_2' successfully

2018-03-13 10:50:58 - [TEST_STEP][PASSED] - click: Object: 'Object Repository/TF17/Page_Filialsuche - BVR HTML Prototy/span_Berliner Volksbank eG Fin_2' is clicked on

2018-03-13 10:50:58 - [MESSAGE][PASSED] - Object: 'Object Repository/TF17/Page_Filialsuche - BVR HTML Prototy/span_Berliner Volksbank eG Fin_2' is clicked on

2018-03-13 10:50:58 - [TEST_STEP][PASSED] - delay: Delayed 2 second(s)

2018-03-13 10:51:00 - [MESSAGE][PASSED] - Delayed 2 second(s)

2018-03-13 10:51:00 - [TEST_STEP][PASSED] - verifyTextPresent: Text 'Berliner Allee 19-21' is present on page 

2018-03-13 10:51:00 - [MESSAGE][PASSED] - Text 'Berliner Allee 19-21' is present on page 

2018-03-13 10:51:00 - [TEST_STEP][PASSED] - verifyTextPresent: Text '13088 Berlin' is present on page 

2018-03-13 10:51:01 - [MESSAGE][PASSED] - Text '13088 Berlin' is present on page 

2018-03-13 10:51:01 - [TEST_STEP][PASSED] - click: Object: 'Object Repository/TF17/Page_Filialsuche - BVR HTML Prototy/a_2' is clicked on

2018-03-13 10:51:01 - [MESSAGE][PASSED] - Object: 'Object Repository/TF17/Page_Filialsuche - BVR HTML Prototy/a_2' is clicked on

2018-03-13 10:51:01 - [TEST_STEP][PASSED] - click: Object: 'Object Repository/TF17/Page_Filialsuche - BVR HTML Prototy/span_Berliner Volksbank eG Fin_3' is clicked on

2018-03-13 10:51:01 - [MESSAGE][PASSED] - Object: 'Object Repository/TF17/Page_Filialsuche - BVR HTML Prototy/span_Berliner Volksbank eG Fin_3' is clicked on

2018-03-13 10:51:01 - [TEST_STEP][PASSED] - delay: Delayed 2 second(s)

2018-03-13 10:51:03 - [MESSAGE][PASSED] - Delayed 2 second(s)

2018-03-13 10:51:03 - [TEST_STEP][PASSED] - verifyTextPresent: Text 'Berliner Str. 98' is present on page 

2018-03-13 10:51:04 - [MESSAGE][PASSED] - Text 'Berliner Str. 98' is present on page 

2018-03-13 10:51:04 - [TEST_STEP][PASSED] - verifyTextPresent: Text '13507 Berlin' is present on page 

2018-03-13 10:51:04 - [MESSAGE][PASSED] - Text '13507 Berlin' is present on page 

2018-03-13 10:51:04 - [TEST_STEP][PASSED] - click: Object: 'Object Repository/TF17/Page_Filialsuche - BVR HTML Prototy (1)/span_Berliner Volksbank eG Fil' is clicked on

2018-03-13 10:51:04 - [MESSAGE][PASSED] - Object: 'Object Repository/TF17/Page_Filialsuche - BVR HTML Prototy (1)/span_Berliner Volksbank eG Fil' is clicked on

2018-03-13 10:51:04 - [TEST_STEP][PASSED] - delay: Delayed 2 second(s)

2018-03-13 10:51:06 - [MESSAGE][PASSED] - Delayed 2 second(s)

2018-03-13 10:51:06 - [TEST_STEP][PASSED] - verifyTextPresent: Text 'Bornholmer Str. 1' is present on page 

2018-03-13 10:51:07 - [MESSAGE][PASSED] - Text 'Bornholmer Str. 1' is present on page 

2018-03-13 10:51:07 - [TEST_STEP][PASSED] - verifyTextPresent: Text '10439 Berlin' is present on page 

2018-03-13 10:51:07 - [MESSAGE][PASSED] - Text '10439 Berlin' is present on page 

2018-03-13 10:51:07 - [TEST_STEP][PASSED] - click: Object: 'Object Repository/TF17/Page_Filialsuche - BVR HTML Prototy (1)/span_Berliner Volksbank eG Fin' is clicked on

2018-03-13 10:51:07 - [MESSAGE][PASSED] - Object: 'Object Repository/TF17/Page_Filialsuche - BVR HTML Prototy (1)/span_Berliner Volksbank eG Fin' is clicked on

2018-03-13 10:51:07 - [TEST_STEP][PASSED] - delay: Delayed 2 second(s)

2018-03-13 10:51:09 - [MESSAGE][PASSED] - Delayed 2 second(s)

2018-03-13 10:51:09 - [TEST_STEP][PASSED] - verifyTextPresent: Text 'Brandenburgische Str. 86-87' is present on page 

2018-03-13 10:51:10 - [MESSAGE][PASSED] - Text 'Brandenburgische Str. 86-87' is present on page 

2018-03-13 10:51:10 - [TEST_STEP][PASSED] - verifyTextPresent: Text '10713 Berlin' is present on page 

2018-03-13 10:51:11 - [MESSAGE][PASSED] - Text '10713 Berlin' is present on page 

2018-03-13 10:51:11 - [TEST_STEP][PASSED] - click: Object: 'Object Repository/TF17/Page_Filialsuche - BVR HTML Prototy (1)/span_Berliner Volksbank eG Fin_1' is clicked on

2018-03-13 10:51:11 - [MESSAGE][PASSED] - Object: 'Object Repository/TF17/Page_Filialsuche - BVR HTML Prototy (1)/span_Berliner Volksbank eG Fin_1' is clicked on

2018-03-13 10:51:11 - [TEST_STEP][PASSED] - delay: Delayed 2 second(s)

2018-03-13 10:51:13 - [MESSAGE][PASSED] - Delayed 2 second(s)

2018-03-13 10:51:13 - [TEST_STEP][PASSED] - verifyTextPresent: Text 'Brodauer Str. 45' is present on page 

2018-03-13 10:51:13 - [MESSAGE][PASSED] - Text 'Brodauer Str. 45' is present on page 

2018-03-13 10:51:13 - [TEST_STEP][PASSED] - verifyTextPresent: Text '12621 Berlin' is present on page 

2018-03-13 10:51:14 - [MESSAGE][PASSED] - Text '12621 Berlin' is present on page 

2018-03-13 10:51:14 - [TEST_STEP][PASSED] - click: Object: 'Object Repository/TF17/Page_Filialsuche - BVR HTML Prototy (1)/span_Berliner Volksbank eG Fin_2' is clicked on

2018-03-13 10:51:14 - [MESSAGE][PASSED] - Object: 'Object Repository/TF17/Page_Filialsuche - BVR HTML Prototy (1)/span_Berliner Volksbank eG Fin_2' is clicked on

2018-03-13 10:51:14 - [TEST_STEP][PASSED] - delay: Delayed 2 second(s)

2018-03-13 10:51:16 - [MESSAGE][PASSED] - Delayed 2 second(s)

2018-03-13 10:51:16 - [TEST_STEP][PASSED] - verifyTextPresent: Text 'Frankfurter Allee 69' is present on page 

2018-03-13 10:51:16 - [MESSAGE][PASSED] - Text 'Frankfurter Allee 69' is present on page 

2018-03-13 10:51:16 - [TEST_STEP][PASSED] - verifyTextPresent: Text '10247 Berlin' is present on page 

2018-03-13 10:51:17 - [MESSAGE][PASSED] - Text '10247 Berlin' is present on page 

2018-03-13 10:51:17 - [TEST_STEP][PASSED] - click: Object: 'Object Repository/TF17/Page_Filialsuche - BVR HTML Prototy (1)/span_Berliner Volksbank eG Fin_3' is clicked on

2018-03-13 10:51:17 - [MESSAGE][PASSED] - Object: 'Object Repository/TF17/Page_Filialsuche - BVR HTML Prototy (1)/span_Berliner Volksbank eG Fin_3' is clicked on

2018-03-13 10:51:17 - [TEST_STEP][PASSED] - delay: Delayed 2 second(s)

2018-03-13 10:51:19 - [MESSAGE][PASSED] - Delayed 2 second(s)

2018-03-13 10:51:19 - [TEST_STEP][PASSED] - verifyTextPresent: Text 'Friedrichstr. 108-109' is present on page 

2018-03-13 10:51:19 - [MESSAGE][PASSED] - Text 'Friedrichstr. 108-109' is present on page 

2018-03-13 10:51:19 - [TEST_STEP][PASSED] - verifyTextPresent: Text '10117 Berlin' is present on page 

2018-03-13 10:51:20 - [MESSAGE][PASSED] - Text '10117 Berlin' is present on page 

2018-03-13 10:51:20 - [TEST_STEP][PASSED] - click: Object: 'Object Repository/TF17/Page_Filialsuche - BVR HTML Prototy (1)/a_3' is clicked on

2018-03-13 10:51:20 - [MESSAGE][PASSED] - Object: 'Object Repository/TF17/Page_Filialsuche - BVR HTML Prototy (1)/a_3' is clicked on

2018-03-13 10:51:20 - [TEST_STEP][PASSED] - click: Object: 'Object Repository/TF17/Page_Filialsuche - BVR HTML Prototy (1)/span_Berliner Volksbank eG Fil_1' is clicked on

2018-03-13 10:51:20 - [MESSAGE][PASSED] - Object: 'Object Repository/TF17/Page_Filialsuche - BVR HTML Prototy (1)/span_Berliner Volksbank eG Fil_1' is clicked on

2018-03-13 10:51:20 - [TEST_STEP][PASSED] - delay: Delayed 2 second(s)

2018-03-13 10:51:22 - [MESSAGE][PASSED] - Delayed 2 second(s)

2018-03-13 10:51:22 - [TEST_STEP][PASSED] - verifyTextPresent: Text 'Karl-Marx-Str. 71' is present on page 

2018-03-13 10:51:22 - [MESSAGE][PASSED] - Text 'Karl-Marx-Str. 71' is present on page 

2018-03-13 10:51:22 - [TEST_STEP][PASSED] - verifyTextPresent: Text '12043 Berlin' is present on page 

2018-03-13 10:51:23 - [MESSAGE][PASSED] - Text '12043 Berlin' is present on page 

2018-03-13 10:51:23 - [TEST_STEP][PASSED] - click: Object: 'Object Repository/TF17/Page_Filialsuche - BVR HTML Prototy (1)/span_Berliner Volksbank eG Fil_2' is clicked on

2018-03-13 10:51:23 - [MESSAGE][PASSED] - Object: 'Object Repository/TF17/Page_Filialsuche - BVR HTML Prototy (1)/span_Berliner Volksbank eG Fil_2' is clicked on

2018-03-13 10:51:23 - [TEST_STEP][PASSED] - click: Object: 'Object Repository/TF17/Page_Filialsuche - BVR HTML Prototy (1)/span_Berliner Volksbank eG Fin_4' is clicked on

2018-03-13 10:51:23 - [MESSAGE][PASSED] - Object: 'Object Repository/TF17/Page_Filialsuche - BVR HTML Prototy (1)/span_Berliner Volksbank eG Fin_4' is clicked on

2018-03-13 10:51:23 - [TEST_STEP][PASSED] - click: Object: 'Object Repository/TF17/Page_Filialsuche - BVR HTML Prototy (1)/span_Berliner Volksbank eG Fil_3' is clicked on

2018-03-13 10:51:24 - [MESSAGE][PASSED] - Object: 'Object Repository/TF17/Page_Filialsuche - BVR HTML Prototy (1)/span_Berliner Volksbank eG Fil_3' is clicked on

2018-03-13 10:51:24 - [TEST_STEP][PASSED] - delay: Delayed 2 second(s)

2018-03-13 10:51:26 - [MESSAGE][PASSED] - Delayed 2 second(s)

2018-03-13 10:51:26 - [TEST_STEP][FAILED] - verifyTextPresent: Unable to verify text 'Kranoldplatz 2' is present  (Root cause: Text 'Kranoldplatz 2' is not present on page )

2018-03-13 10:51:26 - [MESSAGE][FAILED] - Text 'Kranoldplatz 2' is not present on page 

2018-03-13 10:51:26 - [MESSAGE][FAILED] - Unable to verify text 'Kranoldplatz 2' is present  (Root cause: Text 'Kranoldplatz 2' is not present on page )
[[ATTACHMENT|C:\\Users\\lbut\\Downloads\\Prototyp1_12_03\\Prototyp1\\Reports\\Prototyp Filialsuche (RC18) 13_03_2018\\20180313_104447\\1520934686570.png]]]]></system-out>
         <system-err><![CDATA[2018-03-13 10:50:24 - [TEST_CASE][FAILED] - Test Cases/Prototyp_Filialsuche (RC 18)/17_Testfall: Test Cases/Prototyp_Filialsuche (RC 18)/17_Testfall FAILED because (of) Unable to verify text 'Kranoldplatz 2' is present  (Root cause: Text 'Kranoldplatz 2' is not present on page )]]></system-err>
      </testcase>
      <testcase name="Test Cases/Prototyp_Filialsuche (RC 18)/18_Testfall" classname="Test Cases/Prototyp_Filialsuche (RC 18)/18_Testfall" status="PASSED">
         <system-out><![CDATA[2018-03-13 10:51:26 - [TEST_CASE][PASSED] - Test Cases/Prototyp_Filialsuche (RC 18)/18_Testfall: Test Cases/Prototyp_Filialsuche (RC 18)/18_Testfall

2018-03-13 10:51:27 - [TEST_STEP][PASSED] - openBrowser: Browser is opened with url: ''

2018-03-13 10:51:27 - [MESSAGE][WARNING] - A browser is already opened. Closing browser and opening a new one

2018-03-13 10:51:29 - [MESSAGE][PASSED] - Browser is opened with url: ''

2018-03-13 10:51:29 - [TEST_STEP][PASSED] - deleteAllCookies: Delete all cookies successfully

2018-03-13 10:51:30 - [MESSAGE][PASSED] - Delete all cookies successfully

2018-03-13 10:51:30 - [TEST_STEP][PASSED] - maximizeWindow: Current window maximized

2018-03-13 10:51:31 - [MESSAGE][PASSED] - Current window maximized

2018-03-13 10:51:31 - [TEST_STEP][PASSED] - navigateToUrl: Navigate to 'http://rc-ogrhtmlprototyp.testintern/18-1-0/filialsuche-rotenburg.html' successfully

2018-03-13 10:51:32 - [MESSAGE][PASSED] - Navigate to 'http://rc-ogrhtmlprototyp.testintern/18-1-0/filialsuche-rotenburg.html' successfully

2018-03-13 10:51:32 - [TEST_STEP][PASSED] - waitForPageLoad: Wait for page load successfully

2018-03-13 10:51:32 - [MESSAGE][WARNING] - Timeout '0' is invalid. Using default page load timeout: '30'

2018-03-13 10:51:32 - [MESSAGE][PASSED] - Wait for page load successfully

2018-03-13 10:51:32 - [TEST_STEP][PASSED] - delay: Delayed 4 second(s)

2018-03-13 10:51:36 - [MESSAGE][PASSED] - Delayed 4 second(s)

2018-03-13 10:51:36 - [TEST_STEP][PASSED] - click: Object: 'Object Repository/03/Page_Filialsuche-rotenburg - BVR HT/svg_dropdown-icons' is clicked on

2018-03-13 10:51:36 - [MESSAGE][PASSED] - Object: 'Object Repository/03/Page_Filialsuche-rotenburg - BVR HT/svg_dropdown-icons' is clicked on

2018-03-13 10:51:36 - [TEST_STEP][PASSED] - delay: Delayed 2 second(s)

2018-03-13 10:51:38 - [MESSAGE][PASSED] - Delayed 2 second(s)

2018-03-13 10:51:38 - [TEST_STEP][PASSED] - mouseOver: Object: 'Object Repository/002/Page_Filialsuche-rotenburg - BVR HT/div_Bad Hersfeld' is hovered

2018-03-13 10:51:38 - [MESSAGE][PASSED] - Object: 'Object Repository/002/Page_Filialsuche-rotenburg - BVR HT/div_Bad Hersfeld' is hovered

2018-03-13 10:51:38 - [TEST_STEP][PASSED] - delay: Delayed 2 second(s)

2018-03-13 10:51:40 - [MESSAGE][PASSED] - Delayed 2 second(s)

2018-03-13 10:51:40 - [TEST_STEP][PASSED] - click: Object: 'Object Repository/03/Page_Filialsuche-rotenburg - BVR HT/div_Bad Hersfeld' is clicked on

2018-03-13 10:51:41 - [MESSAGE][PASSED] - Object: 'Object Repository/03/Page_Filialsuche-rotenburg - BVR HT/div_Bad Hersfeld' is clicked on

2018-03-13 10:51:41 - [TEST_STEP][PASSED] - delay: Delayed 2 second(s)

2018-03-13 10:51:43 - [MESSAGE][PASSED] - Delayed 2 second(s)

2018-03-13 10:51:43 - [TEST_STEP][PASSED] - click: Object: 'Object Repository/03/Page_Filialsuche-rotenburg - BVR HT/div_acc-wrapper' is clicked on

2018-03-13 10:51:43 - [MESSAGE][PASSED] - Object: 'Object Repository/03/Page_Filialsuche-rotenburg - BVR HT/div_acc-wrapper' is clicked on

2018-03-13 10:51:43 - [TEST_STEP][PASSED] - delay: Delayed 2 second(s)

2018-03-13 10:51:45 - [MESSAGE][PASSED] - Delayed 2 second(s)

2018-03-13 10:51:45 - [TEST_STEP][PASSED] - click: Object: 'Object Repository/03/Page_Filialsuche-rotenburg - BVR HT/a_Anfahrt' is clicked on

2018-03-13 10:51:45 - [MESSAGE][PASSED] - Object: 'Object Repository/03/Page_Filialsuche-rotenburg - BVR HT/a_Anfahrt' is clicked on

2018-03-13 10:51:45 - [TEST_STEP][PASSED] - setText: Text '10555' is set on object 'Object Repository/03/Page_Filialsuche-rotenburg - BVR HT/input_street'

2018-03-13 10:51:45 - [MESSAGE][PASSED] - Text '10555' is set on object 'Object Repository/03/Page_Filialsuche-rotenburg - BVR HT/input_street'

2018-03-13 10:51:45 - [TEST_STEP][PASSED] - setText: Text '10555' is set on object 'Object Repository/03/Page_Filialsuche-rotenburg - BVR HT/input_city'

2018-03-13 10:51:45 - [MESSAGE][PASSED] - Text '10555' is set on object 'Object Repository/03/Page_Filialsuche-rotenburg - BVR HT/input_city'

2018-03-13 10:51:45 - [TEST_STEP][PASSED] - setText: Text 'agricolastr' is set on object 'Object Repository/03/Page_Filialsuche-rotenburg - BVR HT/input_street'

2018-03-13 10:51:45 - [MESSAGE][PASSED] - Text 'agricolastr' is set on object 'Object Repository/03/Page_Filialsuche-rotenburg - BVR HT/input_street'

2018-03-13 10:51:45 - [TEST_STEP][PASSED] - click: Object: 'Object Repository/03/Page_Filialsuche-rotenburg - BVR HT/a_Zurck' is clicked on

2018-03-13 10:51:45 - [MESSAGE][PASSED] - Object: 'Object Repository/03/Page_Filialsuche-rotenburg - BVR HT/a_Zurck' is clicked on

2018-03-13 10:51:45 - [TEST_STEP][PASSED] - click: Object: 'Object Repository/03/Page_Filialsuche-rotenburg - BVR HT/div_aps-map__custom-marker' is clicked on

2018-03-13 10:51:45 - [MESSAGE][PASSED] - Object: 'Object Repository/03/Page_Filialsuche-rotenburg - BVR HT/div_aps-map__custom-marker' is clicked on

2018-03-13 10:51:45 - [TEST_STEP][PASSED] - click: Object: 'Object Repository/03/Page_Filialsuche-rotenburg - BVR HT/a_Anfahrt_1' is clicked on

2018-03-13 10:51:46 - [MESSAGE][PASSED] - Object: 'Object Repository/03/Page_Filialsuche-rotenburg - BVR HT/a_Anfahrt_1' is clicked on

2018-03-13 10:51:46 - [TEST_STEP][PASSED] - click: Object: 'Object Repository/03/Page_Filialsuche-rotenburg - BVR HT/a_Zurck' is clicked on

2018-03-13 10:51:46 - [MESSAGE][PASSED] - Object: 'Object Repository/03/Page_Filialsuche-rotenburg - BVR HT/a_Zurck' is clicked on

2018-03-13 10:51:46 - [TEST_STEP][PASSED] - delay: Delayed 2 second(s)

2018-03-13 10:51:48 - [MESSAGE][PASSED] - Delayed 2 second(s)

2018-03-13 10:51:48 - [TEST_STEP][PASSED] - click: Object: 'Object Repository/03/Page_Filialsuche-rotenburg - BVR HT/svg_dropdown-icons' is clicked on

2018-03-13 10:51:48 - [MESSAGE][PASSED] - Object: 'Object Repository/03/Page_Filialsuche-rotenburg - BVR HT/svg_dropdown-icons' is clicked on

2018-03-13 10:51:48 - [TEST_STEP][PASSED] - mouseOver: Object: 'Object Repository/03/Page_Filialsuche-rotenburg - BVR HT/div_Kirchheim' is hovered

2018-03-13 10:51:48 - [MESSAGE][PASSED] - Object: 'Object Repository/03/Page_Filialsuche-rotenburg - BVR HT/div_Kirchheim' is hovered

2018-03-13 10:51:48 - [TEST_STEP][PASSED] - click: Object: 'Object Repository/03/Page_Filialsuche-rotenburg - BVR HT/div_Kirchheim' is clicked on

2018-03-13 10:51:48 - [MESSAGE][PASSED] - Object: 'Object Repository/03/Page_Filialsuche-rotenburg - BVR HT/div_Kirchheim' is clicked on

2018-03-13 10:51:48 - [TEST_STEP][PASSED] - delay: Delayed 2 second(s)

2018-03-13 10:51:50 - [MESSAGE][PASSED] - Delayed 2 second(s)

2018-03-13 10:51:50 - [TEST_STEP][PASSED] - verifyTextPresent: Text 'Hauptstr. 11' is present on page 

2018-03-13 10:51:50 - [MESSAGE][PASSED] - Text 'Hauptstr. 11' is present on page 

2018-03-13 10:51:50 - [TEST_STEP][PASSED] - closeBrowser: Browser is closed

2018-03-13 10:51:51 - [MESSAGE][PASSED] - Browser is closed]]></system-out>
         <system-err><![CDATA[]]></system-err>
      </testcase>
      <testcase name="Test Cases/Prototyp_Filialsuche (RC 18)/19_Testfall" classname="Test Cases/Prototyp_Filialsuche (RC 18)/19_Testfall" status="PASSED">
         <system-out><![CDATA[2018-03-13 10:51:51 - [TEST_CASE][PASSED] - Test Cases/Prototyp_Filialsuche (RC 18)/19_Testfall: Test Cases/Prototyp_Filialsuche (RC 18)/19_Testfall

2018-03-13 10:51:51 - [TEST_STEP][PASSED] - openBrowser: Browser is opened with url: ''

2018-03-13 10:51:53 - [MESSAGE][PASSED] - Browser is opened with url: ''

2018-03-13 10:51:53 - [TEST_STEP][PASSED] - maximizeWindow: Current window maximized

2018-03-13 10:51:54 - [MESSAGE][PASSED] - Current window maximized

2018-03-13 10:51:54 - [TEST_STEP][PASSED] - navigateToUrl: Navigate to 'http://rc-ogrhtmlprototyp.testintern/18-1-0/filialsuche.html' successfully

2018-03-13 10:51:56 - [MESSAGE][PASSED] - Navigate to 'http://rc-ogrhtmlprototyp.testintern/18-1-0/filialsuche.html' successfully

2018-03-13 10:51:56 - [TEST_STEP][PASSED] - delay: Delayed 2 second(s)

2018-03-13 10:51:58 - [MESSAGE][PASSED] - Delayed 2 second(s)

2018-03-13 10:51:58 - [TEST_STEP][PASSED] - click: Object: 'Object Repository/44_TF/Page_Filialsuche - BVR HTML Prototy/a_Weiter' is clicked on

2018-03-13 10:51:58 - [MESSAGE][PASSED] - Object: 'Object Repository/44_TF/Page_Filialsuche - BVR HTML Prototy/a_Weiter' is clicked on

2018-03-13 10:51:58 - [TEST_STEP][PASSED] - click: Object: 'Object Repository/44_TF/Page_Filialsuche - BVR HTML Prototy/a_Weiter' is clicked on

2018-03-13 10:51:58 - [MESSAGE][PASSED] - Object: 'Object Repository/44_TF/Page_Filialsuche - BVR HTML Prototy/a_Weiter' is clicked on

2018-03-13 10:51:58 - [TEST_STEP][PASSED] - click: Object: 'Object Repository/44_TF/Page_Filialsuche - BVR HTML Prototy/a_4' is clicked on

2018-03-13 10:51:58 - [MESSAGE][PASSED] - Object: 'Object Repository/44_TF/Page_Filialsuche - BVR HTML Prototy/a_4' is clicked on

2018-03-13 10:51:58 - [TEST_STEP][PASSED] - click: Object: 'Object Repository/44_TF/Page_Filialsuche - BVR HTML Prototy/a_Weiter' is clicked on

2018-03-13 10:51:58 - [MESSAGE][PASSED] - Object: 'Object Repository/44_TF/Page_Filialsuche - BVR HTML Prototy/a_Weiter' is clicked on

2018-03-13 10:51:58 - [TEST_STEP][PASSED] - click: Object: 'Object Repository/44_TF/Page_Filialsuche - BVR HTML Prototy/a_Weiter' is clicked on

2018-03-13 10:51:58 - [MESSAGE][PASSED] - Object: 'Object Repository/44_TF/Page_Filialsuche - BVR HTML Prototy/a_Weiter' is clicked on

2018-03-13 10:51:58 - [TEST_STEP][PASSED] - click: Object: 'Object Repository/44_TF/Page_Filialsuche - BVR HTML Prototy/a_Weiter' is clicked on

2018-03-13 10:51:58 - [MESSAGE][PASSED] - Object: 'Object Repository/44_TF/Page_Filialsuche - BVR HTML Prototy/a_Weiter' is clicked on

2018-03-13 10:51:58 - [TEST_STEP][PASSED] - click: Object: 'Object Repository/44_TF/Page_Filialsuche - BVR HTML Prototy/a_Weiter' is clicked on

2018-03-13 10:51:58 - [MESSAGE][PASSED] - Object: 'Object Repository/44_TF/Page_Filialsuche - BVR HTML Prototy/a_Weiter' is clicked on

2018-03-13 10:51:58 - [TEST_STEP][PASSED] - click: Object: 'Object Repository/44_TF/Page_Filialsuche - BVR HTML Prototy/a_Weiter' is clicked on

2018-03-13 10:51:58 - [MESSAGE][PASSED] - Object: 'Object Repository/44_TF/Page_Filialsuche - BVR HTML Prototy/a_Weiter' is clicked on

2018-03-13 10:51:58 - [TEST_STEP][PASSED] - click: Object: 'Object Repository/44_TF/Page_Filialsuche - BVR HTML Prototy/a_Zum Anfang' is clicked on

2018-03-13 10:51:58 - [MESSAGE][PASSED] - Object: 'Object Repository/44_TF/Page_Filialsuche - BVR HTML Prototy/a_Zum Anfang' is clicked on

2018-03-13 10:51:58 - [TEST_STEP][PASSED] - click: Object: 'Object Repository/44_TF/Page_Filialsuche - BVR HTML Prototy/a_7' is clicked on

2018-03-13 10:51:59 - [MESSAGE][PASSED] - Object: 'Object Repository/44_TF/Page_Filialsuche - BVR HTML Prototy/a_7' is clicked on

2018-03-13 10:51:59 - [TEST_STEP][PASSED] - click: Object: 'Object Repository/44_TF/Page_Filialsuche - BVR HTML Prototy/a_Zurck' is clicked on

2018-03-13 10:51:59 - [MESSAGE][PASSED] - Object: 'Object Repository/44_TF/Page_Filialsuche - BVR HTML Prototy/a_Zurck' is clicked on

2018-03-13 10:51:59 - [TEST_STEP][PASSED] - click: Object: 'Object Repository/44_TF/Page_Filialsuche - BVR HTML Prototy/a_Zurck' is clicked on

2018-03-13 10:51:59 - [MESSAGE][PASSED] - Object: 'Object Repository/44_TF/Page_Filialsuche - BVR HTML Prototy/a_Zurck' is clicked on

2018-03-13 10:51:59 - [TEST_STEP][PASSED] - click: Object: 'Object Repository/44_TF/Page_Filialsuche - BVR HTML Prototy/a_Zurck' is clicked on

2018-03-13 10:51:59 - [MESSAGE][PASSED] - Object: 'Object Repository/44_TF/Page_Filialsuche - BVR HTML Prototy/a_Zurck' is clicked on

2018-03-13 10:51:59 - [TEST_STEP][PASSED] - click: Object: 'Object Repository/44_TF/Page_Filialsuche - BVR HTML Prototy/a_Zurck' is clicked on

2018-03-13 10:51:59 - [MESSAGE][PASSED] - Object: 'Object Repository/44_TF/Page_Filialsuche - BVR HTML Prototy/a_Zurck' is clicked on

2018-03-13 10:51:59 - [TEST_STEP][PASSED] - click: Object: 'Object Repository/44_TF/Page_Filialsuche - BVR HTML Prototy/a_Zurck' is clicked on

2018-03-13 10:51:59 - [MESSAGE][PASSED] - Object: 'Object Repository/44_TF/Page_Filialsuche - BVR HTML Prototy/a_Zurck' is clicked on

2018-03-13 10:51:59 - [TEST_STEP][PASSED] - click: Object: 'Object Repository/44_TF/Page_Filialsuche - BVR HTML Prototy/a_Zum Ende' is clicked on

2018-03-13 10:51:59 - [MESSAGE][PASSED] - Object: 'Object Repository/44_TF/Page_Filialsuche - BVR HTML Prototy/a_Zum Ende' is clicked on

2018-03-13 10:51:59 - [TEST_STEP][PASSED] - closeBrowser: Browser is closed

2018-03-13 10:52:00 - [MESSAGE][PASSED] - Browser is closed]]></system-out>
         <system-err><![CDATA[]]></system-err>
      </testcase>
      <testcase name="Test Cases/Prototyp_Filialsuche (RC 18)/20_Testfall" classname="Test Cases/Prototyp_Filialsuche (RC 18)/20_Testfall" status="PASSED">
         <system-out><![CDATA[2018-03-13 10:52:00 - [TEST_CASE][PASSED] - Test Cases/Prototyp_Filialsuche (RC 18)/20_Testfall: Test Cases/Prototyp_Filialsuche (RC 18)/20_Testfall

2018-03-13 10:52:00 - [TEST_STEP][PASSED] - openBrowser: Browser is opened with url: ''

2018-03-13 10:52:02 - [MESSAGE][PASSED] - Browser is opened with url: ''

2018-03-13 10:52:02 - [TEST_STEP][PASSED] - maximizeWindow: Current window maximized

2018-03-13 10:52:03 - [MESSAGE][PASSED] - Current window maximized

2018-03-13 10:52:03 - [TEST_STEP][PASSED] - deleteAllCookies: Delete all cookies successfully

2018-03-13 10:52:03 - [MESSAGE][PASSED] - Delete all cookies successfully

2018-03-13 10:52:03 - [TEST_STEP][PASSED] - navigateToUrl: Navigate to 'http://rc-ogrhtmlprototyp.testintern/18-1-0/filialsuche-wangen-textinput.html' successfully

2018-03-13 10:52:06 - [MESSAGE][PASSED] - Navigate to 'http://rc-ogrhtmlprototyp.testintern/18-1-0/filialsuche-wangen-textinput.html' successfully

2018-03-13 10:52:06 - [TEST_STEP][PASSED] - delay: Delayed 5 second(s)

2018-03-13 10:52:11 - [MESSAGE][PASSED] - Delayed 5 second(s)

2018-03-13 10:52:11 - [TEST_STEP][PASSED] - setText: Text 'Rechberghausen' is set on object 'Object Repository/Filialsuche_Inputtext'

2018-03-13 10:52:11 - [MESSAGE][PASSED] - Text 'Rechberghausen' is set on object 'Object Repository/Filialsuche_Inputtext'

2018-03-13 10:52:11 - [TEST_STEP][PASSED] - delay: Delayed 2 second(s)

2018-03-13 10:52:13 - [MESSAGE][PASSED] - Delayed 2 second(s)

2018-03-13 10:52:13 - [TEST_STEP][PASSED] - submit: The form containing object: 'Object Repository/Filialsuche_submit_button' is submitted

2018-03-13 10:52:13 - [MESSAGE][PASSED] - The form containing object: 'Object Repository/Filialsuche_submit_button' is submitted

2018-03-13 10:52:13 - [TEST_STEP][PASSED] - delay: Delayed 2 second(s)

2018-03-13 10:52:15 - [MESSAGE][PASSED] - Delayed 2 second(s)

2018-03-13 10:52:15 - [TEST_STEP][PASSED] - verifyElementVisible: Object 'Object Repository/Entfernung_filialsuche' is visible

2018-03-13 10:52:15 - [MESSAGE][PASSED] - Object 'Object Repository/Entfernung_filialsuche' is visible

2018-03-13 10:52:15 - [TEST_STEP][PASSED] - closeBrowser: Browser is closed

2018-03-13 10:52:15 - [MESSAGE][PASSED] - Browser is closed]]></system-out>
         <system-err><![CDATA[]]></system-err>
      </testcase>
      <testcase name="Test Cases/Prototyp_Filialsuche (RC 18)/21_Testfall" classname="Test Cases/Prototyp_Filialsuche (RC 18)/21_Testfall" status="PASSED">
         <system-out><![CDATA[2018-03-13 10:52:15 - [TEST_CASE][PASSED] - Test Cases/Prototyp_Filialsuche (RC 18)/21_Testfall: Test Cases/Prototyp_Filialsuche (RC 18)/21_Testfall

2018-03-13 10:52:15 - [TEST_STEP][PASSED] - openBrowser: Browser is opened with url: ''

2018-03-13 10:52:18 - [MESSAGE][PASSED] - Browser is opened with url: ''

2018-03-13 10:52:18 - [TEST_STEP][PASSED] - maximizeWindow: Current window maximized

2018-03-13 10:52:19 - [MESSAGE][PASSED] - Current window maximized

2018-03-13 10:52:19 - [TEST_STEP][PASSED] - deleteAllCookies: Delete all cookies successfully

2018-03-13 10:52:19 - [MESSAGE][PASSED] - Delete all cookies successfully

2018-03-13 10:52:19 - [TEST_STEP][PASSED] - navigateToUrl: Navigate to 'http://rc-ogrhtmlprototyp.testintern/18-1-0/filialsuche.html' successfully

2018-03-13 10:52:20 - [MESSAGE][PASSED] - Navigate to 'http://rc-ogrhtmlprototyp.testintern/18-1-0/filialsuche.html' successfully

2018-03-13 10:52:20 - [TEST_STEP][PASSED] - waitForPageLoad: Wait for page load successfully

2018-03-13 10:52:20 - [MESSAGE][WARNING] - Timeout '0' is invalid. Using default page load timeout: '30'

2018-03-13 10:52:20 - [MESSAGE][PASSED] - Wait for page load successfully

2018-03-13 10:52:20 - [TEST_STEP][PASSED] - delay: Delayed 2 second(s)

2018-03-13 10:52:22 - [MESSAGE][PASSED] - Delayed 2 second(s)

2018-03-13 10:52:22 - [TEST_STEP][PASSED] - click: Object: 'Object Repository/03/Page_Filialsuche-rotenburg - BVR HT/svg_dropdown-icons' is clicked on

2018-03-13 10:52:22 - [MESSAGE][PASSED] - Object: 'Object Repository/03/Page_Filialsuche-rotenburg - BVR HT/svg_dropdown-icons' is clicked on

2018-03-13 10:52:22 - [TEST_STEP][PASSED] - delay: Delayed 2 second(s)

2018-03-13 10:52:24 - [MESSAGE][PASSED] - Delayed 2 second(s)

2018-03-13 10:52:24 - [TEST_STEP][PASSED] - mouseOver: Object: 'Object Repository/002/Page_Filialsuche - BVR HTML Prototy/div_Berlin' is hovered

2018-03-13 10:52:24 - [MESSAGE][PASSED] - Object: 'Object Repository/002/Page_Filialsuche - BVR HTML Prototy/div_Berlin' is hovered

2018-03-13 10:52:24 - [TEST_STEP][PASSED] - delay: Delayed 2 second(s)

2018-03-13 10:52:26 - [MESSAGE][PASSED] - Delayed 2 second(s)

2018-03-13 10:52:26 - [TEST_STEP][PASSED] - click: Object: 'Object Repository/002/Page_Filialsuche - BVR HTML Prototy/div_Berlin' is clicked on

2018-03-13 10:52:26 - [MESSAGE][PASSED] - Object: 'Object Repository/002/Page_Filialsuche - BVR HTML Prototy/div_Berlin' is clicked on

2018-03-13 10:52:26 - [TEST_STEP][PASSED] - delay: Delayed 5 second(s)

2018-03-13 10:52:31 - [MESSAGE][PASSED] - Delayed 5 second(s)

2018-03-13 10:52:31 - [TEST_STEP][PASSED] - verifyElementNotPresent: Web element with id: 'Object Repository/Akkordeon_plus_filialsuche' located by 'By.xpath: //a[@class='acc-header acc-header--open']' is not present after '5' second(s)

2018-03-13 10:52:31 - [MESSAGE][PASSED] - Web element with id: 'Object Repository/Akkordeon_plus_filialsuche' located by 'By.xpath: //a[@class='acc-header acc-header--open']' is not present after '5' second(s)

2018-03-13 10:52:31 - [TEST_STEP][PASSED] - closeBrowser: Browser is closed

2018-03-13 10:52:32 - [MESSAGE][PASSED] - Browser is closed]]></system-out>
         <system-err><![CDATA[]]></system-err>
      </testcase>
      <testcase name="Test Cases/Prototyp_Filialsuche (RC 18)/22_Testfall" classname="Test Cases/Prototyp_Filialsuche (RC 18)/22_Testfall" status="PASSED">
         <system-out><![CDATA[2018-03-13 10:52:32 - [TEST_CASE][PASSED] - Test Cases/Prototyp_Filialsuche (RC 18)/22_Testfall: Test Cases/Prototyp_Filialsuche (RC 18)/22_Testfall

2018-03-13 10:52:32 - [TEST_STEP][PASSED] - openBrowser: Browser is opened with url: ''

2018-03-13 10:52:34 - [MESSAGE][PASSED] - Browser is opened with url: ''

2018-03-13 10:52:34 - [TEST_STEP][PASSED] - maximizeWindow: Current window maximized

2018-03-13 10:52:35 - [MESSAGE][PASSED] - Current window maximized

2018-03-13 10:52:35 - [TEST_STEP][PASSED] - deleteAllCookies: Delete all cookies successfully

2018-03-13 10:52:36 - [MESSAGE][PASSED] - Delete all cookies successfully

2018-03-13 10:52:36 - [TEST_STEP][PASSED] - navigateToUrl: Navigate to 'http://rc-ogrhtmlprototyp.testintern/18-1-0/home-6-filialsuche.html' successfully

2018-03-13 10:52:38 - [MESSAGE][PASSED] - Navigate to 'http://rc-ogrhtmlprototyp.testintern/18-1-0/home-6-filialsuche.html' successfully

2018-03-13 10:52:38 - [TEST_STEP][PASSED] - waitForPageLoad: Wait for page load successfully

2018-03-13 10:52:38 - [MESSAGE][WARNING] - Timeout '0' is invalid. Using default page load timeout: '30'

2018-03-13 10:52:38 - [MESSAGE][PASSED] - Wait for page load successfully

2018-03-13 10:52:38 - [TEST_STEP][PASSED] - delay: Delayed 2 second(s)

2018-03-13 10:52:40 - [MESSAGE][PASSED] - Delayed 2 second(s)

2018-03-13 10:52:40 - [TEST_STEP][PASSED] - click: Object: 'Object Repository/03/Page_Filialsuche-rotenburg - BVR HT/Page_Home-6-filialsuche - BVR HTML/svg_dropdown-icons' is clicked on

2018-03-13 10:52:40 - [MESSAGE][PASSED] - Object: 'Object Repository/03/Page_Filialsuche-rotenburg - BVR HT/Page_Home-6-filialsuche - BVR HTML/svg_dropdown-icons' is clicked on

2018-03-13 10:52:40 - [TEST_STEP][PASSED] - delay: Delayed 2 second(s)

2018-03-13 10:52:42 - [MESSAGE][PASSED] - Delayed 2 second(s)

2018-03-13 10:52:42 - [TEST_STEP][PASSED] - mouseOver: Object: 'Object Repository/002/Page_Home-6-filialsuche - BVR HTML/div_Berlin' is hovered

2018-03-13 10:52:42 - [MESSAGE][PASSED] - Object: 'Object Repository/002/Page_Home-6-filialsuche - BVR HTML/div_Berlin' is hovered

2018-03-13 10:52:42 - [TEST_STEP][PASSED] - delay: Delayed 2 second(s)

2018-03-13 10:52:44 - [MESSAGE][PASSED] - Delayed 2 second(s)

2018-03-13 10:52:44 - [TEST_STEP][PASSED] - click: Object: 'Object Repository/002/Page_Home-6-filialsuche - BVR HTML/div_Berlin' is clicked on

2018-03-13 10:52:44 - [MESSAGE][PASSED] - Object: 'Object Repository/002/Page_Home-6-filialsuche - BVR HTML/div_Berlin' is clicked on

2018-03-13 10:52:44 - [TEST_STEP][PASSED] - delay: Delayed 5 second(s)

2018-03-13 10:52:49 - [MESSAGE][PASSED] - Delayed 5 second(s)

2018-03-13 10:52:49 - [TEST_STEP][PASSED] - verifyElementNotPresent: Web element with id: 'Object Repository/Akkordeon_plus_filialsuche' located by 'By.xpath: //a[@class='acc-header acc-header--open']' is not present after '5' second(s)

2018-03-13 10:52:49 - [MESSAGE][PASSED] - Web element with id: 'Object Repository/Akkordeon_plus_filialsuche' located by 'By.xpath: //a[@class='acc-header acc-header--open']' is not present after '5' second(s)

2018-03-13 10:52:49 - [TEST_STEP][PASSED] - closeBrowser: Browser is closed

2018-03-13 10:52:50 - [MESSAGE][PASSED] - Browser is closed]]></system-out>
         <system-err><![CDATA[]]></system-err>
      </testcase>
      <testcase name="Test Cases/Prototyp_Filialsuche (RC 18)/23_Testfall" classname="Test Cases/Prototyp_Filialsuche (RC 18)/23_Testfall" status="PASSED">
         <system-out><![CDATA[2018-03-13 10:52:50 - [TEST_CASE][PASSED] - Test Cases/Prototyp_Filialsuche (RC 18)/23_Testfall: Test Cases/Prototyp_Filialsuche (RC 18)/23_Testfall

2018-03-13 10:52:50 - [TEST_STEP][PASSED] - openBrowser: Browser is opened with url: ''

2018-03-13 10:52:52 - [MESSAGE][PASSED] - Browser is opened with url: ''

2018-03-13 10:52:52 - [TEST_STEP][PASSED] - maximizeWindow: Current window maximized

2018-03-13 10:52:53 - [MESSAGE][PASSED] - Current window maximized

2018-03-13 10:52:53 - [TEST_STEP][PASSED] - deleteAllCookies: Delete all cookies successfully

2018-03-13 10:52:53 - [MESSAGE][PASSED] - Delete all cookies successfully

2018-03-13 10:52:53 - [TEST_STEP][PASSED] - navigateToUrl: Navigate to 'http://rc-ogrhtmlprototyp.testintern/18-1-0/detail.html' successfully

2018-03-13 10:52:56 - [MESSAGE][PASSED] - Navigate to 'http://rc-ogrhtmlprototyp.testintern/18-1-0/detail.html' successfully

2018-03-13 10:52:56 - [TEST_STEP][PASSED] - waitForPageLoad: Wait for page load successfully

2018-03-13 10:52:56 - [MESSAGE][WARNING] - Timeout '0' is invalid. Using default page load timeout: '30'

2018-03-13 10:52:56 - [MESSAGE][PASSED] - Wait for page load successfully

2018-03-13 10:52:56 - [TEST_STEP][PASSED] - delay: Delayed 2 second(s)

2018-03-13 10:52:58 - [MESSAGE][PASSED] - Delayed 2 second(s)

2018-03-13 10:52:58 - [TEST_STEP][PASSED] - click: Object: 'Object Repository/002/Page_Detail - BVR HTML Prototyp/svg_dropdown-icons' is clicked on

2018-03-13 10:52:59 - [MESSAGE][PASSED] - Object: 'Object Repository/002/Page_Detail - BVR HTML Prototyp/svg_dropdown-icons' is clicked on

2018-03-13 10:52:59 - [TEST_STEP][PASSED] - delay: Delayed 2 second(s)

2018-03-13 10:53:01 - [MESSAGE][PASSED] - Delayed 2 second(s)

2018-03-13 10:53:01 - [TEST_STEP][PASSED] - mouseOver: Object: 'Object Repository/002/Page_Detail - BVR HTML Prototyp (1)/div_Berlin' is hovered

2018-03-13 10:53:01 - [MESSAGE][PASSED] - Object: 'Object Repository/002/Page_Detail - BVR HTML Prototyp (1)/div_Berlin' is hovered

2018-03-13 10:53:01 - [TEST_STEP][PASSED] - delay: Delayed 2 second(s)

2018-03-13 10:53:03 - [MESSAGE][PASSED] - Delayed 2 second(s)

2018-03-13 10:53:03 - [TEST_STEP][PASSED] - click: Object: 'Object Repository/002/Page_Detail - BVR HTML Prototyp (1)/div_Berlin' is clicked on

2018-03-13 10:53:03 - [MESSAGE][PASSED] - Object: 'Object Repository/002/Page_Detail - BVR HTML Prototyp (1)/div_Berlin' is clicked on

2018-03-13 10:53:03 - [TEST_STEP][PASSED] - delay: Delayed 5 second(s)

2018-03-13 10:53:08 - [MESSAGE][PASSED] - Delayed 5 second(s)

2018-03-13 10:53:08 - [TEST_STEP][PASSED] - verifyElementNotPresent: Web element with id: 'Object Repository/Akkordeon_plus_filialsuche' located by 'By.xpath: //a[@class='acc-header acc-header--open']' is not present after '5' second(s)

2018-03-13 10:53:08 - [MESSAGE][PASSED] - Web element with id: 'Object Repository/Akkordeon_plus_filialsuche' located by 'By.xpath: //a[@class='acc-header acc-header--open']' is not present after '5' second(s)

2018-03-13 10:53:08 - [TEST_STEP][PASSED] - closeBrowser: Browser is closed

2018-03-13 10:53:08 - [MESSAGE][PASSED] - Browser is closed]]></system-out>
         <system-err><![CDATA[]]></system-err>
      </testcase>
      <testcase name="Test Cases/Prototyp_Filialsuche (RC 18)/24_Testfall" classname="Test Cases/Prototyp_Filialsuche (RC 18)/24_Testfall" status="FAILED">
         <failure type="FAILED" message="Unable to click on object 'Object Repository/berlin/Page_Filialsuche - BVR HTML Prototy/div_Berlin' (Root cause: org.openqa.selenium.ElementNotVisibleException: element not visible
  (Session info: chrome=64.0.3282.186)
  (Driver info: chromedriver=2.35.528161 (5b82f2d2aae0ca24b877009200ced9065a772e73),platform=Windows NT 6.1.7601 SP1 x86_64) (WARNING: The server did not provide any stacktrace information)
Command duration or timeout: 0 milliseconds
Build info: version: '3.7.1', revision: '8a0099a', time: '2017-11-06T21:07:36.161Z'
System info: host: 'UNITB-DELL22', ip: '192.168.134.64', os.name: 'Windows 7', os.arch: 'amd64', os.version: '6.1', java.version: '1.8.0_102'
Driver info: com.kms.katalon.selenium.driver.CChromeDriver
Capabilities {acceptInsecureCerts: false, acceptSslCerts: false, applicationCacheEnabled: false, browserConnectionEnabled: false, browserName: chrome, chrome: {chromedriverVersion: 2.35.528161 (5b82f2d2aae0ca..., userDataDir: C:\Users\lbut\AppData\Local...}, cssSelectorsEnabled: true, databaseEnabled: false, handlesAlerts: true, hasTouchScreen: false, javascriptEnabled: true, locationContextEnabled: true, mobileEmulationEnabled: false, nativeEvents: true, networkConnectionEnabled: false, pageLoadStrategy: normal, platform: XP, platformName: XP, rotatable: false, setWindowRect: true, takesHeapSnapshot: true, takesScreenshot: true, unexpectedAlertBehaviour: , unhandledPromptBehavior: , version: 64.0.3282.186, webStorageEnabled: true}
Session ID: 632a7e8a0ca8d50b63b6111953679644)"/>
         <system-out><![CDATA[2018-03-13 10:53:08 - [TEST_CASE][FAILED] - Test Cases/Prototyp_Filialsuche (RC 18)/24_Testfall: Test Cases/Prototyp_Filialsuche (RC 18)/24_Testfall FAILED because (of) Unable to click on object 'Object Repository/berlin/Page_Filialsuche - BVR HTML Prototy/div_Berlin' (Root cause: org.openqa.selenium.ElementNotVisibleException: element not visible
  (Session info: chrome=64.0.3282.186)
  (Driver info: chromedriver=2.35.528161 (5b82f2d2aae0ca24b877009200ced9065a772e73),platform=Windows NT 6.1.7601 SP1 x86_64) (WARNING: The server did not provide any stacktrace information)
Command duration or timeout: 0 milliseconds
Build info: version: '3.7.1', revision: '8a0099a', time: '2017-11-06T21:07:36.161Z'
System info: host: 'UNITB-DELL22', ip: '192.168.134.64', os.name: 'Windows 7', os.arch: 'amd64', os.version: '6.1', java.version: '1.8.0_102'
Driver info: com.kms.katalon.selenium.driver.CChromeDriver
Capabilities {acceptInsecureCerts: false, acceptSslCerts: false, applicationCacheEnabled: false, browserConnectionEnabled: false, browserName: chrome, chrome: {chromedriverVersion: 2.35.528161 (5b82f2d2aae0ca..., userDataDir: C:\Users\lbut\AppData\Local...}, cssSelectorsEnabled: true, databaseEnabled: false, handlesAlerts: true, hasTouchScreen: false, javascriptEnabled: true, locationContextEnabled: true, mobileEmulationEnabled: false, nativeEvents: true, networkConnectionEnabled: false, pageLoadStrategy: normal, platform: XP, platformName: XP, rotatable: false, setWindowRect: true, takesHeapSnapshot: true, takesScreenshot: true, unexpectedAlertBehaviour: , unhandledPromptBehavior: , version: 64.0.3282.186, webStorageEnabled: true}
Session ID: 632a7e8a0ca8d50b63b6111953679644)

2018-03-13 10:53:08 - [TEST_STEP][PASSED] - openBrowser: Browser is opened with url: ''

2018-03-13 10:53:10 - [MESSAGE][PASSED] - Browser is opened with url: ''

2018-03-13 10:53:10 - [TEST_STEP][PASSED] - maximizeWindow: Current window maximized

2018-03-13 10:53:12 - [MESSAGE][PASSED] - Current window maximized

2018-03-13 10:53:12 - [TEST_STEP][PASSED] - deleteAllCookies: Delete all cookies successfully

2018-03-13 10:53:12 - [MESSAGE][PASSED] - Delete all cookies successfully

2018-03-13 10:53:12 - [TEST_STEP][PASSED] - navigateToUrl: Navigate to 'http://rc-ogrhtmlprototyp.testintern/18-1-0/filialsuche.html' successfully

2018-03-13 10:53:13 - [MESSAGE][PASSED] - Navigate to 'http://rc-ogrhtmlprototyp.testintern/18-1-0/filialsuche.html' successfully

2018-03-13 10:53:13 - [TEST_STEP][PASSED] - waitForPageLoad: Wait for page load successfully

2018-03-13 10:53:13 - [MESSAGE][WARNING] - Timeout '0' is invalid. Using default page load timeout: '30'

2018-03-13 10:53:13 - [MESSAGE][PASSED] - Wait for page load successfully

2018-03-13 10:53:13 - [TEST_STEP][PASSED] - delay: Delayed 2 second(s)

2018-03-13 10:53:15 - [MESSAGE][PASSED] - Delayed 2 second(s)

2018-03-13 10:53:15 - [TEST_STEP][PASSED] - click: Object: 'Object Repository/002/Page_Filialsuche - BVR HTML Prototy (1)/svg_dropdown-icons' is clicked on

2018-03-13 10:53:16 - [MESSAGE][PASSED] - Object: 'Object Repository/002/Page_Filialsuche - BVR HTML Prototy (1)/svg_dropdown-icons' is clicked on

2018-03-13 10:53:16 - [TEST_STEP][PASSED] - delay: Delayed 2 second(s)

2018-03-13 10:53:18 - [MESSAGE][PASSED] - Delayed 2 second(s)

2018-03-13 10:53:18 - [TEST_STEP][PASSED] - mouseOver: Object: 'Object Repository/berlin/Page_Filialsuche - BVR HTML Prototy/div_Berlin' is hovered

2018-03-13 10:53:18 - [MESSAGE][PASSED] - Object: 'Object Repository/berlin/Page_Filialsuche - BVR HTML Prototy/div_Berlin' is hovered

2018-03-13 10:53:18 - [TEST_STEP][PASSED] - delay: Delayed 2 second(s)

2018-03-13 10:53:20 - [MESSAGE][PASSED] - Delayed 2 second(s)

2018-03-13 10:53:20 - [TEST_STEP][FAILED] - click: Unable to click on object 'Object Repository/berlin/Page_Filialsuche - BVR HTML Prototy/div_Berlin' (Root cause: org.openqa.selenium.ElementNotVisibleException: element not visible
  (Session info: chrome=64.0.3282.186)
  (Driver info: chromedriver=2.35.528161 (5b82f2d2aae0ca24b877009200ced9065a772e73),platform=Windows NT 6.1.7601 SP1 x86_64) (WARNING: The server did not provide any stacktrace information)
Command duration or timeout: 0 milliseconds
Build info: version: '3.7.1', revision: '8a0099a', time: '2017-11-06T21:07:36.161Z'
System info: host: 'UNITB-DELL22', ip: '192.168.134.64', os.name: 'Windows 7', os.arch: 'amd64', os.version: '6.1', java.version: '1.8.0_102'
Driver info: com.kms.katalon.selenium.driver.CChromeDriver
Capabilities {acceptInsecureCerts: false, acceptSslCerts: false, applicationCacheEnabled: false, browserConnectionEnabled: false, browserName: chrome, chrome: {chromedriverVersion: 2.35.528161 (5b82f2d2aae0ca..., userDataDir: C:\Users\lbut\AppData\Local...}, cssSelectorsEnabled: true, databaseEnabled: false, handlesAlerts: true, hasTouchScreen: false, javascriptEnabled: true, locationContextEnabled: true, mobileEmulationEnabled: false, nativeEvents: true, networkConnectionEnabled: false, pageLoadStrategy: normal, platform: XP, platformName: XP, rotatable: false, setWindowRect: true, takesHeapSnapshot: true, takesScreenshot: true, unexpectedAlertBehaviour: , unhandledPromptBehavior: , version: 64.0.3282.186, webStorageEnabled: true}
Session ID: 632a7e8a0ca8d50b63b6111953679644)

2018-03-13 10:53:20 - [MESSAGE][FAILED] - Unable to click on object 'Object Repository/berlin/Page_Filialsuche - BVR HTML Prototy/div_Berlin' (Root cause: org.openqa.selenium.ElementNotVisibleException: element not visible
  (Session info: chrome=64.0.3282.186)
  (Driver info: chromedriver=2.35.528161 (5b82f2d2aae0ca24b877009200ced9065a772e73),platform=Windows NT 6.1.7601 SP1 x86_64) (WARNING: The server did not provide any stacktrace information)
Command duration or timeout: 0 milliseconds
Build info: version: '3.7.1', revision: '8a0099a', time: '2017-11-06T21:07:36.161Z'
System info: host: 'UNITB-DELL22', ip: '192.168.134.64', os.name: 'Windows 7', os.arch: 'amd64', os.version: '6.1', java.version: '1.8.0_102'
Driver info: com.kms.katalon.selenium.driver.CChromeDriver
Capabilities {acceptInsecureCerts: false, acceptSslCerts: false, applicationCacheEnabled: false, browserConnectionEnabled: false, browserName: chrome, chrome: {chromedriverVersion: 2.35.528161 (5b82f2d2aae0ca..., userDataDir: C:\Users\lbut\AppData\Local...}, cssSelectorsEnabled: true, databaseEnabled: false, handlesAlerts: true, hasTouchScreen: false, javascriptEnabled: true, locationContextEnabled: true, mobileEmulationEnabled: false, nativeEvents: true, networkConnectionEnabled: false, pageLoadStrategy: normal, platform: XP, platformName: XP, rotatable: false, setWindowRect: true, takesHeapSnapshot: true, takesScreenshot: true, unexpectedAlertBehaviour: , unhandledPromptBehavior: , version: 64.0.3282.186, webStorageEnabled: true}
Session ID: 632a7e8a0ca8d50b63b6111953679644)
[[ATTACHMENT|C:\\Users\\lbut\\Downloads\\Prototyp1_12_03\\Prototyp1\\Reports\\Prototyp Filialsuche (RC18) 13_03_2018\\20180313_104447\\1520934800130.png]]]]></system-out>
         <system-err><![CDATA[2018-03-13 10:53:08 - [TEST_CASE][FAILED] - Test Cases/Prototyp_Filialsuche (RC 18)/24_Testfall: Test Cases/Prototyp_Filialsuche (RC 18)/24_Testfall FAILED because (of) Unable to click on object 'Object Repository/berlin/Page_Filialsuche - BVR HTML Prototy/div_Berlin' (Root cause: org.openqa.selenium.ElementNotVisibleException: element not visible
  (Session info: chrome=64.0.3282.186)
  (Driver info: chromedriver=2.35.528161 (5b82f2d2aae0ca24b877009200ced9065a772e73),platform=Windows NT 6.1.7601 SP1 x86_64) (WARNING: The server did not provide any stacktrace information)
Command duration or timeout: 0 milliseconds
Build info: version: '3.7.1', revision: '8a0099a', time: '2017-11-06T21:07:36.161Z'
System info: host: 'UNITB-DELL22', ip: '192.168.134.64', os.name: 'Windows 7', os.arch: 'amd64', os.version: '6.1', java.version: '1.8.0_102'
Driver info: com.kms.katalon.selenium.driver.CChromeDriver
Capabilities {acceptInsecureCerts: false, acceptSslCerts: false, applicationCacheEnabled: false, browserConnectionEnabled: false, browserName: chrome, chrome: {chromedriverVersion: 2.35.528161 (5b82f2d2aae0ca..., userDataDir: C:\Users\lbut\AppData\Local...}, cssSelectorsEnabled: true, databaseEnabled: false, handlesAlerts: true, hasTouchScreen: false, javascriptEnabled: true, locationContextEnabled: true, mobileEmulationEnabled: false, nativeEvents: true, networkConnectionEnabled: false, pageLoadStrategy: normal, platform: XP, platformName: XP, rotatable: false, setWindowRect: true, takesHeapSnapshot: true, takesScreenshot: true, unexpectedAlertBehaviour: , unhandledPromptBehavior: , version: 64.0.3282.186, webStorageEnabled: true}
Session ID: 632a7e8a0ca8d50b63b6111953679644)]]></system-err>
      </testcase>
      <testcase name="Test Cases/Prototyp_Filialsuche (RC 18)/25_Testfall" classname="Test Cases/Prototyp_Filialsuche (RC 18)/25_Testfall" status="PASSED">
         <system-out><![CDATA[2018-03-13 10:53:20 - [TEST_CASE][PASSED] - Test Cases/Prototyp_Filialsuche (RC 18)/25_Testfall: Test Cases/Prototyp_Filialsuche (RC 18)/25_Testfall

2018-03-13 10:53:20 - [TEST_STEP][PASSED] - openBrowser: Browser is opened with url: ''

2018-03-13 10:53:20 - [MESSAGE][WARNING] - A browser is already opened. Closing browser and opening a new one

2018-03-13 10:53:23 - [MESSAGE][PASSED] - Browser is opened with url: ''

2018-03-13 10:53:23 - [TEST_STEP][PASSED] - deleteAllCookies: Delete all cookies successfully

2018-03-13 10:53:23 - [MESSAGE][PASSED] - Delete all cookies successfully

2018-03-13 10:53:23 - [TEST_STEP][PASSED] - maximizeWindow: Current window maximized

2018-03-13 10:53:24 - [MESSAGE][PASSED] - Current window maximized

2018-03-13 10:53:24 - [TEST_STEP][PASSED] - navigateToUrl: Navigate to 'http://rc-ogrhtmlprototyp.testintern/18-1-0/filialsuche.html' successfully

2018-03-13 10:53:26 - [MESSAGE][PASSED] - Navigate to 'http://rc-ogrhtmlprototyp.testintern/18-1-0/filialsuche.html' successfully

2018-03-13 10:53:26 - [TEST_STEP][PASSED] - waitForPageLoad: Wait for page load successfully

2018-03-13 10:53:26 - [MESSAGE][WARNING] - Timeout '0' is invalid. Using default page load timeout: '30'

2018-03-13 10:53:26 - [MESSAGE][PASSED] - Wait for page load successfully

2018-03-13 10:53:26 - [TEST_STEP][PASSED] - delay: Delayed 2 second(s)

2018-03-13 10:53:28 - [MESSAGE][PASSED] - Delayed 2 second(s)

2018-03-13 10:53:28 - [TEST_STEP][PASSED] - click: Object: 'Object Repository/03/Page_Filialsuche-rotenburg - BVR HT/svg_dropdown-icons' is clicked on

2018-03-13 10:53:28 - [MESSAGE][PASSED] - Object: 'Object Repository/03/Page_Filialsuche-rotenburg - BVR HT/svg_dropdown-icons' is clicked on

2018-03-13 10:53:28 - [TEST_STEP][PASSED] - delay: Delayed 2 second(s)

2018-03-13 10:53:30 - [MESSAGE][PASSED] - Delayed 2 second(s)

2018-03-13 10:53:30 - [TEST_STEP][PASSED] - mouseOver: Object: 'Object Repository/002/Page_Filialsuche - BVR HTML Prototy/div_Berlin' is hovered

2018-03-13 10:53:30 - [MESSAGE][PASSED] - Object: 'Object Repository/002/Page_Filialsuche - BVR HTML Prototy/div_Berlin' is hovered

2018-03-13 10:53:30 - [TEST_STEP][PASSED] - delay: Delayed 2 second(s)

2018-03-13 10:53:32 - [MESSAGE][PASSED] - Delayed 2 second(s)

2018-03-13 10:53:32 - [TEST_STEP][PASSED] - click: Object: 'Object Repository/002/Page_Filialsuche - BVR HTML Prototy/div_Berlin' is clicked on

2018-03-13 10:53:32 - [MESSAGE][PASSED] - Object: 'Object Repository/002/Page_Filialsuche - BVR HTML Prototy/div_Berlin' is clicked on

2018-03-13 10:53:32 - [TEST_STEP][PASSED] - delay: Delayed 5 second(s)

2018-03-13 10:53:37 - [MESSAGE][PASSED] - Delayed 5 second(s)

2018-03-13 10:53:37 - [TEST_STEP][PASSED] - Statement - wes = com.kms.katalon.core.webui.common.WebUiCommonHelper.findWebElements(com.kms.katalon.core.testobject.ObjectRepository.findTestObject(filial_map), 5): Found 37 web elements with id: 'Object Repository/filial_map' located by 'By.xpath: //div[@class='aps-map__custom-marker']' in '5' second(s)

2018-03-13 10:53:37 - [TEST_STEP][PASSED] - Statement - For ([i = 0, i < wes.size(), (i++)]): null

2018-03-13 10:53:37 - [TEST_STEP][PASSED] - Statement - el = wes.get(i): null

2018-03-13 10:53:37 - [TEST_STEP][PASSED] - Statement - If (!(el.isDisplayed())): null

2018-03-13 10:53:37 - [TEST_STEP][PASSED] - Statement - el = wes.get(i): null

2018-03-13 10:53:37 - [TEST_STEP][PASSED] - Statement - If (!(el.isDisplayed())): null

2018-03-13 10:53:37 - [TEST_STEP][PASSED] - Statement - el = wes.get(i): null

2018-03-13 10:53:37 - [TEST_STEP][PASSED] - Statement - If (!(el.isDisplayed())): null

2018-03-13 10:53:37 - [TEST_STEP][PASSED] - Statement - el = wes.get(i): null

2018-03-13 10:53:37 - [TEST_STEP][PASSED] - Statement - If (!(el.isDisplayed())): null

2018-03-13 10:53:37 - [TEST_STEP][PASSED] - Statement - el = wes.get(i): null

2018-03-13 10:53:37 - [TEST_STEP][PASSED] - Statement - If (!(el.isDisplayed())): null

2018-03-13 10:53:37 - [TEST_STEP][PASSED] - Statement - el = wes.get(i): null

2018-03-13 10:53:37 - [TEST_STEP][PASSED] - Statement - If (!(el.isDisplayed())): null

2018-03-13 10:53:37 - [TEST_STEP][PASSED] - Statement - el = wes.get(i): null

2018-03-13 10:53:37 - [TEST_STEP][PASSED] - Statement - If (!(el.isDisplayed())): null

2018-03-13 10:53:37 - [TEST_STEP][PASSED] - Statement - el = wes.get(i): null

2018-03-13 10:53:37 - [TEST_STEP][PASSED] - Statement - If (!(el.isDisplayed())): null

2018-03-13 10:53:37 - [TEST_STEP][PASSED] - Statement - el = wes.get(i): null

2018-03-13 10:53:37 - [TEST_STEP][PASSED] - Statement - If (!(el.isDisplayed())): null

2018-03-13 10:53:37 - [TEST_STEP][PASSED] - Statement - el = wes.get(i): null

2018-03-13 10:53:37 - [TEST_STEP][PASSED] - Statement - If (!(el.isDisplayed())): null

2018-03-13 10:53:37 - [TEST_STEP][PASSED] - Statement - el = wes.get(i): null

2018-03-13 10:53:37 - [TEST_STEP][PASSED] - Statement - If (!(el.isDisplayed())): null

2018-03-13 10:53:37 - [TEST_STEP][PASSED] - Statement - el = wes.get(i): null

2018-03-13 10:53:37 - [TEST_STEP][PASSED] - Statement - If (!(el.isDisplayed())): null

2018-03-13 10:53:37 - [TEST_STEP][PASSED] - Statement - el = wes.get(i): null

2018-03-13 10:53:37 - [TEST_STEP][PASSED] - Statement - If (!(el.isDisplayed())): null

2018-03-13 10:53:37 - [TEST_STEP][PASSED] - Statement - el = wes.get(i): null

2018-03-13 10:53:37 - [TEST_STEP][PASSED] - Statement - If (!(el.isDisplayed())): null

2018-03-13 10:53:37 - [TEST_STEP][PASSED] - Statement - el = wes.get(i): null

2018-03-13 10:53:37 - [TEST_STEP][PASSED] - Statement - If (!(el.isDisplayed())): null

2018-03-13 10:53:37 - [TEST_STEP][PASSED] - Statement - el = wes.get(i): null

2018-03-13 10:53:37 - [TEST_STEP][PASSED] - Statement - If (!(el.isDisplayed())): null

2018-03-13 10:53:37 - [TEST_STEP][PASSED] - Statement - el = wes.get(i): null

2018-03-13 10:53:37 - [TEST_STEP][PASSED] - Statement - If (!(el.isDisplayed())): null

2018-03-13 10:53:37 - [TEST_STEP][PASSED] - Statement - el = wes.get(i): null

2018-03-13 10:53:37 - [TEST_STEP][PASSED] - Statement - If (!(el.isDisplayed())): null

2018-03-13 10:53:37 - [TEST_STEP][PASSED] - Statement - el = wes.get(i): null

2018-03-13 10:53:37 - [TEST_STEP][PASSED] - Statement - If (!(el.isDisplayed())): null

2018-03-13 10:53:37 - [TEST_STEP][PASSED] - Statement - el = wes.get(i): null

2018-03-13 10:53:37 - [TEST_STEP][PASSED] - Statement - If (!(el.isDisplayed())): null

2018-03-13 10:53:37 - [TEST_STEP][PASSED] - Statement - el = wes.get(i): null

2018-03-13 10:53:37 - [TEST_STEP][PASSED] - Statement - If (!(el.isDisplayed())): null

2018-03-13 10:53:37 - [TEST_STEP][PASSED] - Statement - el = wes.get(i): null

2018-03-13 10:53:37 - [TEST_STEP][PASSED] - Statement - If (!(el.isDisplayed())): null

2018-03-13 10:53:37 - [TEST_STEP][PASSED] - Statement - el = wes.get(i): null

2018-03-13 10:53:37 - [TEST_STEP][PASSED] - Statement - If (!(el.isDisplayed())): null

2018-03-13 10:53:37 - [TEST_STEP][PASSED] - Statement - el = wes.get(i): null

2018-03-13 10:53:37 - [TEST_STEP][PASSED] - Statement - If (!(el.isDisplayed())): null

2018-03-13 10:53:38 - [TEST_STEP][PASSED] - Statement - el = wes.get(i): null

2018-03-13 10:53:38 - [TEST_STEP][PASSED] - Statement - If (!(el.isDisplayed())): null

2018-03-13 10:53:38 - [TEST_STEP][PASSED] - Statement - el = wes.get(i): null

2018-03-13 10:53:38 - [TEST_STEP][PASSED] - Statement - If (!(el.isDisplayed())): null

2018-03-13 10:53:38 - [TEST_STEP][PASSED] - Statement - el = wes.get(i): null

2018-03-13 10:53:38 - [TEST_STEP][PASSED] - Statement - If (!(el.isDisplayed())): null

2018-03-13 10:53:38 - [TEST_STEP][PASSED] - Statement - el = wes.get(i): null

2018-03-13 10:53:38 - [TEST_STEP][PASSED] - Statement - If (!(el.isDisplayed())): null

2018-03-13 10:53:38 - [TEST_STEP][PASSED] - Statement - el = wes.get(i): null

2018-03-13 10:53:38 - [TEST_STEP][PASSED] - Statement - If (!(el.isDisplayed())): null

2018-03-13 10:53:38 - [TEST_STEP][PASSED] - Statement - el = wes.get(i): null

2018-03-13 10:53:38 - [TEST_STEP][PASSED] - Statement - If (!(el.isDisplayed())): null

2018-03-13 10:53:38 - [TEST_STEP][PASSED] - Statement - el = wes.get(i): null

2018-03-13 10:53:38 - [TEST_STEP][PASSED] - Statement - If (!(el.isDisplayed())): null

2018-03-13 10:53:38 - [TEST_STEP][PASSED] - Statement - el = wes.get(i): null

2018-03-13 10:53:38 - [TEST_STEP][PASSED] - Statement - If (!(el.isDisplayed())): null

2018-03-13 10:53:38 - [TEST_STEP][PASSED] - Statement - el = wes.get(i): null

2018-03-13 10:53:38 - [TEST_STEP][PASSED] - Statement - If (!(el.isDisplayed())): null

2018-03-13 10:53:38 - [TEST_STEP][PASSED] - Statement - el = wes.get(i): null

2018-03-13 10:53:38 - [TEST_STEP][PASSED] - Statement - If (!(el.isDisplayed())): null

2018-03-13 10:53:38 - [TEST_STEP][PASSED] - Statement - el = wes.get(i): null

2018-03-13 10:53:38 - [TEST_STEP][PASSED] - Statement - If (!(el.isDisplayed())): null

2018-03-13 10:53:38 - [TEST_STEP][PASSED] - Statement - el = wes.get(i): null

2018-03-13 10:53:38 - [TEST_STEP][PASSED] - Statement - If (!(el.isDisplayed())): null

2018-03-13 10:53:38 - [TEST_STEP][PASSED] - Statement - el = wes.get(i): null

2018-03-13 10:53:38 - [TEST_STEP][PASSED] - Statement - If (!(el.isDisplayed())): null

2018-03-13 10:53:38 - [TEST_STEP][PASSED] - closeBrowser: Browser is closed

2018-03-13 10:53:38 - [MESSAGE][PASSED] - Browser is closed]]></system-out>
         <system-err><![CDATA[]]></system-err>
      </testcase>
      <testcase name="Test Cases/Prototyp_Filialsuche (RC 18)/26_Testfall" classname="Test Cases/Prototyp_Filialsuche (RC 18)/26_Testfall" status="PASSED">
         <system-out><![CDATA[2018-03-13 10:53:38 - [TEST_CASE][PASSED] - Test Cases/Prototyp_Filialsuche (RC 18)/26_Testfall: Test Cases/Prototyp_Filialsuche (RC 18)/26_Testfall

2018-03-13 10:53:38 - [TEST_STEP][PASSED] - openBrowser: Browser is opened with url: ''

2018-03-13 10:53:41 - [MESSAGE][PASSED] - Browser is opened with url: ''

2018-03-13 10:53:41 - [TEST_STEP][PASSED] - deleteAllCookies: Delete all cookies successfully

2018-03-13 10:53:41 - [MESSAGE][PASSED] - Delete all cookies successfully

2018-03-13 10:53:41 - [TEST_STEP][PASSED] - maximizeWindow: Current window maximized

2018-03-13 10:53:42 - [MESSAGE][PASSED] - Current window maximized

2018-03-13 10:53:42 - [TEST_STEP][PASSED] - navigateToUrl: Navigate to 'http://rc-ogrhtmlprototyp.testintern/18-1-0/home-6-filialsuche.html' successfully

2018-03-13 10:53:45 - [MESSAGE][PASSED] - Navigate to 'http://rc-ogrhtmlprototyp.testintern/18-1-0/home-6-filialsuche.html' successfully

2018-03-13 10:53:45 - [TEST_STEP][PASSED] - waitForPageLoad: Wait for page load successfully

2018-03-13 10:53:45 - [MESSAGE][WARNING] - Timeout '0' is invalid. Using default page load timeout: '30'

2018-03-13 10:53:45 - [MESSAGE][PASSED] - Wait for page load successfully

2018-03-13 10:53:45 - [TEST_STEP][PASSED] - delay: Delayed 2 second(s)

2018-03-13 10:53:47 - [MESSAGE][PASSED] - Delayed 2 second(s)

2018-03-13 10:53:47 - [TEST_STEP][PASSED] - click: Object: 'Object Repository/03/Page_Filialsuche-rotenburg - BVR HT/Page_Home-6-filialsuche - BVR HTML/svg_dropdown-icons' is clicked on

2018-03-13 10:53:47 - [MESSAGE][PASSED] - Object: 'Object Repository/03/Page_Filialsuche-rotenburg - BVR HT/Page_Home-6-filialsuche - BVR HTML/svg_dropdown-icons' is clicked on

2018-03-13 10:53:47 - [TEST_STEP][PASSED] - delay: Delayed 2 second(s)

2018-03-13 10:53:49 - [MESSAGE][PASSED] - Delayed 2 second(s)

2018-03-13 10:53:49 - [TEST_STEP][PASSED] - mouseOver: Object: 'Object Repository/002/Page_Home-6-filialsuche - BVR HTML/div_Berlin' is hovered

2018-03-13 10:53:49 - [MESSAGE][PASSED] - Object: 'Object Repository/002/Page_Home-6-filialsuche - BVR HTML/div_Berlin' is hovered

2018-03-13 10:53:49 - [TEST_STEP][PASSED] - delay: Delayed 2 second(s)

2018-03-13 10:53:51 - [MESSAGE][PASSED] - Delayed 2 second(s)

2018-03-13 10:53:51 - [TEST_STEP][PASSED] - click: Object: 'Object Repository/002/Page_Home-6-filialsuche - BVR HTML/div_Berlin' is clicked on

2018-03-13 10:53:51 - [MESSAGE][PASSED] - Object: 'Object Repository/002/Page_Home-6-filialsuche - BVR HTML/div_Berlin' is clicked on

2018-03-13 10:53:51 - [TEST_STEP][PASSED] - delay: Delayed 5 second(s)

2018-03-13 10:53:56 - [MESSAGE][PASSED] - Delayed 5 second(s)

2018-03-13 10:53:56 - [TEST_STEP][PASSED] - Statement - wes = com.kms.katalon.core.webui.common.WebUiCommonHelper.findWebElements(com.kms.katalon.core.testobject.ObjectRepository.findTestObject(filial_map), 5): Found 37 web elements with id: 'Object Repository/filial_map' located by 'By.xpath: //div[@class='aps-map__custom-marker']' in '5' second(s)

2018-03-13 10:53:56 - [TEST_STEP][PASSED] - Statement - For ([i = 0, i < wes.size(), (i++)]): null

2018-03-13 10:53:56 - [TEST_STEP][PASSED] - Statement - el = wes.get(i): null

2018-03-13 10:53:56 - [TEST_STEP][PASSED] - Statement - If (!(el.isDisplayed())): null

2018-03-13 10:53:56 - [TEST_STEP][PASSED] - Statement - el = wes.get(i): null

2018-03-13 10:53:56 - [TEST_STEP][PASSED] - Statement - If (!(el.isDisplayed())): null

2018-03-13 10:53:56 - [TEST_STEP][PASSED] - Statement - el = wes.get(i): null

2018-03-13 10:53:56 - [TEST_STEP][PASSED] - Statement - If (!(el.isDisplayed())): null

2018-03-13 10:53:56 - [TEST_STEP][PASSED] - Statement - el = wes.get(i): null

2018-03-13 10:53:56 - [TEST_STEP][PASSED] - Statement - If (!(el.isDisplayed())): null

2018-03-13 10:53:56 - [TEST_STEP][PASSED] - Statement - el = wes.get(i): null

2018-03-13 10:53:56 - [TEST_STEP][PASSED] - Statement - If (!(el.isDisplayed())): null

2018-03-13 10:53:56 - [TEST_STEP][PASSED] - Statement - el = wes.get(i): null

2018-03-13 10:53:56 - [TEST_STEP][PASSED] - Statement - If (!(el.isDisplayed())): null

2018-03-13 10:53:56 - [TEST_STEP][PASSED] - Statement - el = wes.get(i): null

2018-03-13 10:53:56 - [TEST_STEP][PASSED] - Statement - If (!(el.isDisplayed())): null

2018-03-13 10:53:56 - [TEST_STEP][PASSED] - Statement - el = wes.get(i): null

2018-03-13 10:53:56 - [TEST_STEP][PASSED] - Statement - If (!(el.isDisplayed())): null

2018-03-13 10:53:56 - [TEST_STEP][PASSED] - Statement - el = wes.get(i): null

2018-03-13 10:53:56 - [TEST_STEP][PASSED] - Statement - If (!(el.isDisplayed())): null

2018-03-13 10:53:56 - [TEST_STEP][PASSED] - Statement - el = wes.get(i): null

2018-03-13 10:53:56 - [TEST_STEP][PASSED] - Statement - If (!(el.isDisplayed())): null

2018-03-13 10:53:56 - [TEST_STEP][PASSED] - Statement - el = wes.get(i): null

2018-03-13 10:53:56 - [TEST_STEP][PASSED] - Statement - If (!(el.isDisplayed())): null

2018-03-13 10:53:56 - [TEST_STEP][PASSED] - Statement - el = wes.get(i): null

2018-03-13 10:53:56 - [TEST_STEP][PASSED] - Statement - If (!(el.isDisplayed())): null

2018-03-13 10:53:56 - [TEST_STEP][PASSED] - Statement - el = wes.get(i): null

2018-03-13 10:53:56 - [TEST_STEP][PASSED] - Statement - If (!(el.isDisplayed())): null

2018-03-13 10:53:56 - [TEST_STEP][PASSED] - Statement - el = wes.get(i): null

2018-03-13 10:53:56 - [TEST_STEP][PASSED] - Statement - If (!(el.isDisplayed())): null

2018-03-13 10:53:56 - [TEST_STEP][PASSED] - Statement - el = wes.get(i): null

2018-03-13 10:53:56 - [TEST_STEP][PASSED] - Statement - If (!(el.isDisplayed())): null

2018-03-13 10:53:56 - [TEST_STEP][PASSED] - Statement - el = wes.get(i): null

2018-03-13 10:53:56 - [TEST_STEP][PASSED] - Statement - If (!(el.isDisplayed())): null

2018-03-13 10:53:56 - [TEST_STEP][PASSED] - Statement - el = wes.get(i): null

2018-03-13 10:53:56 - [TEST_STEP][PASSED] - Statement - If (!(el.isDisplayed())): null

2018-03-13 10:53:56 - [TEST_STEP][PASSED] - Statement - el = wes.get(i): null

2018-03-13 10:53:56 - [TEST_STEP][PASSED] - Statement - If (!(el.isDisplayed())): null

2018-03-13 10:53:56 - [TEST_STEP][PASSED] - Statement - el = wes.get(i): null

2018-03-13 10:53:56 - [TEST_STEP][PASSED] - Statement - If (!(el.isDisplayed())): null

2018-03-13 10:53:56 - [TEST_STEP][PASSED] - Statement - el = wes.get(i): null

2018-03-13 10:53:56 - [TEST_STEP][PASSED] - Statement - If (!(el.isDisplayed())): null

2018-03-13 10:53:56 - [TEST_STEP][PASSED] - Statement - el = wes.get(i): null

2018-03-13 10:53:56 - [TEST_STEP][PASSED] - Statement - If (!(el.isDisplayed())): null

2018-03-13 10:53:56 - [TEST_STEP][PASSED] - Statement - el = wes.get(i): null

2018-03-13 10:53:56 - [TEST_STEP][PASSED] - Statement - If (!(el.isDisplayed())): null

2018-03-13 10:53:56 - [TEST_STEP][PASSED] - Statement - el = wes.get(i): null

2018-03-13 10:53:56 - [TEST_STEP][PASSED] - Statement - If (!(el.isDisplayed())): null

2018-03-13 10:53:56 - [TEST_STEP][PASSED] - Statement - el = wes.get(i): null

2018-03-13 10:53:56 - [TEST_STEP][PASSED] - Statement - If (!(el.isDisplayed())): null

2018-03-13 10:53:56 - [TEST_STEP][PASSED] - Statement - el = wes.get(i): null

2018-03-13 10:53:56 - [TEST_STEP][PASSED] - Statement - If (!(el.isDisplayed())): null

2018-03-13 10:53:56 - [TEST_STEP][PASSED] - Statement - el = wes.get(i): null

2018-03-13 10:53:56 - [TEST_STEP][PASSED] - Statement - If (!(el.isDisplayed())): null

2018-03-13 10:53:56 - [TEST_STEP][PASSED] - Statement - el = wes.get(i): null

2018-03-13 10:53:56 - [TEST_STEP][PASSED] - Statement - If (!(el.isDisplayed())): null

2018-03-13 10:53:56 - [TEST_STEP][PASSED] - Statement - el = wes.get(i): null

2018-03-13 10:53:56 - [TEST_STEP][PASSED] - Statement - If (!(el.isDisplayed())): null

2018-03-13 10:53:56 - [TEST_STEP][PASSED] - Statement - el = wes.get(i): null

2018-03-13 10:53:56 - [TEST_STEP][PASSED] - Statement - If (!(el.isDisplayed())): null

2018-03-13 10:53:56 - [TEST_STEP][PASSED] - Statement - el = wes.get(i): null

2018-03-13 10:53:56 - [TEST_STEP][PASSED] - Statement - If (!(el.isDisplayed())): null

2018-03-13 10:53:56 - [TEST_STEP][PASSED] - Statement - el = wes.get(i): null

2018-03-13 10:53:56 - [TEST_STEP][PASSED] - Statement - If (!(el.isDisplayed())): null

2018-03-13 10:53:56 - [TEST_STEP][PASSED] - Statement - el = wes.get(i): null

2018-03-13 10:53:56 - [TEST_STEP][PASSED] - Statement - If (!(el.isDisplayed())): null

2018-03-13 10:53:56 - [TEST_STEP][PASSED] - Statement - el = wes.get(i): null

2018-03-13 10:53:56 - [TEST_STEP][PASSED] - Statement - If (!(el.isDisplayed())): null

2018-03-13 10:53:56 - [TEST_STEP][PASSED] - Statement - el = wes.get(i): null

2018-03-13 10:53:56 - [TEST_STEP][PASSED] - Statement - If (!(el.isDisplayed())): null

2018-03-13 10:53:56 - [TEST_STEP][PASSED] - Statement - el = wes.get(i): null

2018-03-13 10:53:56 - [TEST_STEP][PASSED] - Statement - If (!(el.isDisplayed())): null

2018-03-13 10:53:56 - [TEST_STEP][PASSED] - Statement - el = wes.get(i): null

2018-03-13 10:53:56 - [TEST_STEP][PASSED] - Statement - If (!(el.isDisplayed())): null

2018-03-13 10:53:56 - [TEST_STEP][PASSED] - Statement - el = wes.get(i): null

2018-03-13 10:53:56 - [TEST_STEP][PASSED] - Statement - If (!(el.isDisplayed())): null

2018-03-13 10:53:56 - [TEST_STEP][PASSED] - closeBrowser: Browser is closed

2018-03-13 10:53:57 - [MESSAGE][PASSED] - Browser is closed]]></system-out>
         <system-err><![CDATA[]]></system-err>
      </testcase>
      <testcase name="Test Cases/Prototyp_Filialsuche (RC 18)/27_Testfall" classname="Test Cases/Prototyp_Filialsuche (RC 18)/27_Testfall" status="PASSED">
         <system-out><![CDATA[2018-03-13 10:53:57 - [TEST_CASE][PASSED] - Test Cases/Prototyp_Filialsuche (RC 18)/27_Testfall: Test Cases/Prototyp_Filialsuche (RC 18)/27_Testfall

2018-03-13 10:53:57 - [TEST_STEP][PASSED] - openBrowser: Browser is opened with url: ''

2018-03-13 10:53:59 - [MESSAGE][PASSED] - Browser is opened with url: ''

2018-03-13 10:53:59 - [TEST_STEP][PASSED] - deleteAllCookies: Delete all cookies successfully

2018-03-13 10:54:01 - [MESSAGE][PASSED] - Delete all cookies successfully

2018-03-13 10:54:01 - [TEST_STEP][PASSED] - maximizeWindow: Current window maximized

2018-03-13 10:54:02 - [MESSAGE][PASSED] - Current window maximized

2018-03-13 10:54:02 - [TEST_STEP][PASSED] - navigateToUrl: Navigate to 'http://rc-ogrhtmlprototyp.testintern/18-1-0/detail.html' successfully

2018-03-13 10:54:06 - [MESSAGE][PASSED] - Navigate to 'http://rc-ogrhtmlprototyp.testintern/18-1-0/detail.html' successfully

2018-03-13 10:54:06 - [TEST_STEP][PASSED] - waitForPageLoad: Wait for page load successfully

2018-03-13 10:54:06 - [MESSAGE][WARNING] - Timeout '0' is invalid. Using default page load timeout: '30'

2018-03-13 10:54:06 - [MESSAGE][PASSED] - Wait for page load successfully

2018-03-13 10:54:06 - [TEST_STEP][PASSED] - delay: Delayed 2 second(s)

2018-03-13 10:54:08 - [MESSAGE][PASSED] - Delayed 2 second(s)

2018-03-13 10:54:08 - [TEST_STEP][PASSED] - click: Object: 'Object Repository/002/Page_Detail - BVR HTML Prototyp/svg_dropdown-icons' is clicked on

2018-03-13 10:54:08 - [MESSAGE][PASSED] - Object: 'Object Repository/002/Page_Detail - BVR HTML Prototyp/svg_dropdown-icons' is clicked on

2018-03-13 10:54:08 - [TEST_STEP][PASSED] - delay: Delayed 2 second(s)

2018-03-13 10:54:10 - [MESSAGE][PASSED] - Delayed 2 second(s)

2018-03-13 10:54:10 - [TEST_STEP][PASSED] - mouseOver: Object: 'Object Repository/002/Page_Detail - BVR HTML Prototyp (1)/div_Berlin' is hovered

2018-03-13 10:54:10 - [MESSAGE][PASSED] - Object: 'Object Repository/002/Page_Detail - BVR HTML Prototyp (1)/div_Berlin' is hovered

2018-03-13 10:54:10 - [TEST_STEP][PASSED] - delay: Delayed 2 second(s)

2018-03-13 10:54:12 - [MESSAGE][PASSED] - Delayed 2 second(s)

2018-03-13 10:54:12 - [TEST_STEP][PASSED] - click: Object: 'Object Repository/002/Page_Detail - BVR HTML Prototyp (1)/div_Berlin' is clicked on

2018-03-13 10:54:13 - [MESSAGE][PASSED] - Object: 'Object Repository/002/Page_Detail - BVR HTML Prototyp (1)/div_Berlin' is clicked on

2018-03-13 10:54:13 - [TEST_STEP][PASSED] - delay: Delayed 5 second(s)

2018-03-13 10:54:18 - [MESSAGE][PASSED] - Delayed 5 second(s)

2018-03-13 10:54:18 - [TEST_STEP][PASSED] - Statement - wes = com.kms.katalon.core.webui.common.WebUiCommonHelper.findWebElements(com.kms.katalon.core.testobject.ObjectRepository.findTestObject(filial_map), 5): Found 37 web elements with id: 'Object Repository/filial_map' located by 'By.xpath: //div[@class='aps-map__custom-marker']' in '5' second(s)

2018-03-13 10:54:18 - [TEST_STEP][PASSED] - Statement - For ([i = 0, i < wes.size(), (i++)]): null

2018-03-13 10:54:18 - [TEST_STEP][PASSED] - Statement - el = wes.get(i): null

2018-03-13 10:54:18 - [TEST_STEP][PASSED] - Statement - If (!(el.isDisplayed())): null

2018-03-13 10:54:18 - [TEST_STEP][PASSED] - Statement - el = wes.get(i): null

2018-03-13 10:54:18 - [TEST_STEP][PASSED] - Statement - If (!(el.isDisplayed())): null

2018-03-13 10:54:18 - [TEST_STEP][PASSED] - Statement - el = wes.get(i): null

2018-03-13 10:54:18 - [TEST_STEP][PASSED] - Statement - If (!(el.isDisplayed())): null

2018-03-13 10:54:18 - [TEST_STEP][PASSED] - Statement - el = wes.get(i): null

2018-03-13 10:54:18 - [TEST_STEP][PASSED] - Statement - If (!(el.isDisplayed())): null

2018-03-13 10:54:18 - [TEST_STEP][PASSED] - Statement - el = wes.get(i): null

2018-03-13 10:54:18 - [TEST_STEP][PASSED] - Statement - If (!(el.isDisplayed())): null

2018-03-13 10:54:18 - [TEST_STEP][PASSED] - Statement - el = wes.get(i): null

2018-03-13 10:54:18 - [TEST_STEP][PASSED] - Statement - If (!(el.isDisplayed())): null

2018-03-13 10:54:18 - [TEST_STEP][PASSED] - Statement - el = wes.get(i): null

2018-03-13 10:54:18 - [TEST_STEP][PASSED] - Statement - If (!(el.isDisplayed())): null

2018-03-13 10:54:18 - [TEST_STEP][PASSED] - Statement - el = wes.get(i): null

2018-03-13 10:54:18 - [TEST_STEP][PASSED] - Statement - If (!(el.isDisplayed())): null

2018-03-13 10:54:18 - [TEST_STEP][PASSED] - Statement - el = wes.get(i): null

2018-03-13 10:54:18 - [TEST_STEP][PASSED] - Statement - If (!(el.isDisplayed())): null

2018-03-13 10:54:18 - [TEST_STEP][PASSED] - Statement - el = wes.get(i): null

2018-03-13 10:54:18 - [TEST_STEP][PASSED] - Statement - If (!(el.isDisplayed())): null

2018-03-13 10:54:18 - [TEST_STEP][PASSED] - Statement - el = wes.get(i): null

2018-03-13 10:54:18 - [TEST_STEP][PASSED] - Statement - If (!(el.isDisplayed())): null

2018-03-13 10:54:18 - [TEST_STEP][PASSED] - Statement - el = wes.get(i): null

2018-03-13 10:54:18 - [TEST_STEP][PASSED] - Statement - If (!(el.isDisplayed())): null

2018-03-13 10:54:18 - [TEST_STEP][PASSED] - Statement - el = wes.get(i): null

2018-03-13 10:54:18 - [TEST_STEP][PASSED] - Statement - If (!(el.isDisplayed())): null

2018-03-13 10:54:18 - [TEST_STEP][PASSED] - Statement - el = wes.get(i): null

2018-03-13 10:54:18 - [TEST_STEP][PASSED] - Statement - If (!(el.isDisplayed())): null

2018-03-13 10:54:18 - [TEST_STEP][PASSED] - Statement - el = wes.get(i): null

2018-03-13 10:54:18 - [TEST_STEP][PASSED] - Statement - If (!(el.isDisplayed())): null

2018-03-13 10:54:18 - [TEST_STEP][PASSED] - Statement - el = wes.get(i): null

2018-03-13 10:54:18 - [TEST_STEP][PASSED] - Statement - If (!(el.isDisplayed())): null

2018-03-13 10:54:18 - [TEST_STEP][PASSED] - Statement - el = wes.get(i): null

2018-03-13 10:54:18 - [TEST_STEP][PASSED] - Statement - If (!(el.isDisplayed())): null

2018-03-13 10:54:18 - [TEST_STEP][PASSED] - Statement - el = wes.get(i): null

2018-03-13 10:54:18 - [TEST_STEP][PASSED] - Statement - If (!(el.isDisplayed())): null

2018-03-13 10:54:18 - [TEST_STEP][PASSED] - Statement - el = wes.get(i): null

2018-03-13 10:54:18 - [TEST_STEP][PASSED] - Statement - If (!(el.isDisplayed())): null

2018-03-13 10:54:18 - [TEST_STEP][PASSED] - Statement - el = wes.get(i): null

2018-03-13 10:54:18 - [TEST_STEP][PASSED] - Statement - If (!(el.isDisplayed())): null

2018-03-13 10:54:18 - [TEST_STEP][PASSED] - Statement - el = wes.get(i): null

2018-03-13 10:54:18 - [TEST_STEP][PASSED] - Statement - If (!(el.isDisplayed())): null

2018-03-13 10:54:18 - [TEST_STEP][PASSED] - Statement - el = wes.get(i): null

2018-03-13 10:54:18 - [TEST_STEP][PASSED] - Statement - If (!(el.isDisplayed())): null

2018-03-13 10:54:18 - [TEST_STEP][PASSED] - Statement - el = wes.get(i): null

2018-03-13 10:54:18 - [TEST_STEP][PASSED] - Statement - If (!(el.isDisplayed())): null

2018-03-13 10:54:18 - [TEST_STEP][PASSED] - Statement - el = wes.get(i): null

2018-03-13 10:54:18 - [TEST_STEP][PASSED] - Statement - If (!(el.isDisplayed())): null

2018-03-13 10:54:18 - [TEST_STEP][PASSED] - Statement - el = wes.get(i): null

2018-03-13 10:54:18 - [TEST_STEP][PASSED] - Statement - If (!(el.isDisplayed())): null

2018-03-13 10:54:18 - [TEST_STEP][PASSED] - Statement - el = wes.get(i): null

2018-03-13 10:54:18 - [TEST_STEP][PASSED] - Statement - If (!(el.isDisplayed())): null

2018-03-13 10:54:18 - [TEST_STEP][PASSED] - Statement - el = wes.get(i): null

2018-03-13 10:54:18 - [TEST_STEP][PASSED] - Statement - If (!(el.isDisplayed())): null

2018-03-13 10:54:18 - [TEST_STEP][PASSED] - Statement - el = wes.get(i): null

2018-03-13 10:54:18 - [TEST_STEP][PASSED] - Statement - If (!(el.isDisplayed())): null

2018-03-13 10:54:18 - [TEST_STEP][PASSED] - Statement - el = wes.get(i): null

2018-03-13 10:54:18 - [TEST_STEP][PASSED] - Statement - If (!(el.isDisplayed())): null

2018-03-13 10:54:18 - [TEST_STEP][PASSED] - Statement - el = wes.get(i): null

2018-03-13 10:54:18 - [TEST_STEP][PASSED] - Statement - If (!(el.isDisplayed())): null

2018-03-13 10:54:18 - [TEST_STEP][PASSED] - Statement - el = wes.get(i): null

2018-03-13 10:54:18 - [TEST_STEP][PASSED] - Statement - If (!(el.isDisplayed())): null

2018-03-13 10:54:18 - [TEST_STEP][PASSED] - Statement - el = wes.get(i): null

2018-03-13 10:54:18 - [TEST_STEP][PASSED] - Statement - If (!(el.isDisplayed())): null

2018-03-13 10:54:18 - [TEST_STEP][PASSED] - Statement - el = wes.get(i): null

2018-03-13 10:54:18 - [TEST_STEP][PASSED] - Statement - If (!(el.isDisplayed())): null

2018-03-13 10:54:18 - [TEST_STEP][PASSED] - Statement - el = wes.get(i): null

2018-03-13 10:54:18 - [TEST_STEP][PASSED] - Statement - If (!(el.isDisplayed())): null

2018-03-13 10:54:18 - [TEST_STEP][PASSED] - Statement - el = wes.get(i): null

2018-03-13 10:54:18 - [TEST_STEP][PASSED] - Statement - If (!(el.isDisplayed())): null

2018-03-13 10:54:18 - [TEST_STEP][PASSED] - Statement - el = wes.get(i): null

2018-03-13 10:54:18 - [TEST_STEP][PASSED] - Statement - If (!(el.isDisplayed())): null

2018-03-13 10:54:18 - [TEST_STEP][PASSED] - Statement - el = wes.get(i): null

2018-03-13 10:54:18 - [TEST_STEP][PASSED] - Statement - If (!(el.isDisplayed())): null

2018-03-13 10:54:18 - [TEST_STEP][PASSED] - closeBrowser: Browser is closed

2018-03-13 10:54:19 - [MESSAGE][PASSED] - Browser is closed]]></system-out>
         <system-err><![CDATA[]]></system-err>
      </testcase>
      <testcase name="Test Cases/Prototyp_Filialsuche (RC 18)/28_Testfall" classname="Test Cases/Prototyp_Filialsuche (RC 18)/28_Testfall" status="FAILED">
         <failure type="FAILED" message="Unable to click on object 'Object Repository/berlin/Page_Filialsuche - BVR HTML Prototy/div_Berlin' (Root cause: org.openqa.selenium.ElementNotVisibleException: element not visible
  (Session info: chrome=64.0.3282.186)
  (Driver info: chromedriver=2.35.528161 (5b82f2d2aae0ca24b877009200ced9065a772e73),platform=Windows NT 6.1.7601 SP1 x86_64) (WARNING: The server did not provide any stacktrace information)
Command duration or timeout: 0 milliseconds
Build info: version: '3.7.1', revision: '8a0099a', time: '2017-11-06T21:07:36.161Z'
System info: host: 'UNITB-DELL22', ip: '192.168.134.64', os.name: 'Windows 7', os.arch: 'amd64', os.version: '6.1', java.version: '1.8.0_102'
Driver info: com.kms.katalon.selenium.driver.CChromeDriver
Capabilities {acceptInsecureCerts: false, acceptSslCerts: false, applicationCacheEnabled: false, browserConnectionEnabled: false, browserName: chrome, chrome: {chromedriverVersion: 2.35.528161 (5b82f2d2aae0ca..., userDataDir: C:\Users\lbut\AppData\Local...}, cssSelectorsEnabled: true, databaseEnabled: false, handlesAlerts: true, hasTouchScreen: false, javascriptEnabled: true, locationContextEnabled: true, mobileEmulationEnabled: false, nativeEvents: true, networkConnectionEnabled: false, pageLoadStrategy: normal, platform: XP, platformName: XP, rotatable: false, setWindowRect: true, takesHeapSnapshot: true, takesScreenshot: true, unexpectedAlertBehaviour: , unhandledPromptBehavior: , version: 64.0.3282.186, webStorageEnabled: true}
Session ID: 31089265557cc1d15a61253857cf4582)"/>
         <system-out><![CDATA[2018-03-13 10:54:19 - [TEST_CASE][FAILED] - Test Cases/Prototyp_Filialsuche (RC 18)/28_Testfall: Test Cases/Prototyp_Filialsuche (RC 18)/28_Testfall FAILED because (of) Unable to click on object 'Object Repository/berlin/Page_Filialsuche - BVR HTML Prototy/div_Berlin' (Root cause: org.openqa.selenium.ElementNotVisibleException: element not visible
  (Session info: chrome=64.0.3282.186)
  (Driver info: chromedriver=2.35.528161 (5b82f2d2aae0ca24b877009200ced9065a772e73),platform=Windows NT 6.1.7601 SP1 x86_64) (WARNING: The server did not provide any stacktrace information)
Command duration or timeout: 0 milliseconds
Build info: version: '3.7.1', revision: '8a0099a', time: '2017-11-06T21:07:36.161Z'
System info: host: 'UNITB-DELL22', ip: '192.168.134.64', os.name: 'Windows 7', os.arch: 'amd64', os.version: '6.1', java.version: '1.8.0_102'
Driver info: com.kms.katalon.selenium.driver.CChromeDriver
Capabilities {acceptInsecureCerts: false, acceptSslCerts: false, applicationCacheEnabled: false, browserConnectionEnabled: false, browserName: chrome, chrome: {chromedriverVersion: 2.35.528161 (5b82f2d2aae0ca..., userDataDir: C:\Users\lbut\AppData\Local...}, cssSelectorsEnabled: true, databaseEnabled: false, handlesAlerts: true, hasTouchScreen: false, javascriptEnabled: true, locationContextEnabled: true, mobileEmulationEnabled: false, nativeEvents: true, networkConnectionEnabled: false, pageLoadStrategy: normal, platform: XP, platformName: XP, rotatable: false, setWindowRect: true, takesHeapSnapshot: true, takesScreenshot: true, unexpectedAlertBehaviour: , unhandledPromptBehavior: , version: 64.0.3282.186, webStorageEnabled: true}
Session ID: 31089265557cc1d15a61253857cf4582)

2018-03-13 10:54:19 - [TEST_STEP][PASSED] - openBrowser: Browser is opened with url: ''

2018-03-13 10:54:21 - [MESSAGE][PASSED] - Browser is opened with url: ''

2018-03-13 10:54:21 - [TEST_STEP][PASSED] - deleteAllCookies: Delete all cookies successfully

2018-03-13 10:54:22 - [MESSAGE][PASSED] - Delete all cookies successfully

2018-03-13 10:54:22 - [TEST_STEP][PASSED] - maximizeWindow: Current window maximized

2018-03-13 10:54:23 - [MESSAGE][PASSED] - Current window maximized

2018-03-13 10:54:23 - [TEST_STEP][PASSED] - navigateToUrl: Navigate to 'http://rc-ogrhtmlprototyp.testintern/18-1-0/filialsuche.html' successfully

2018-03-13 10:54:25 - [MESSAGE][PASSED] - Navigate to 'http://rc-ogrhtmlprototyp.testintern/18-1-0/filialsuche.html' successfully

2018-03-13 10:54:25 - [TEST_STEP][PASSED] - waitForPageLoad: Wait for page load successfully

2018-03-13 10:54:25 - [MESSAGE][WARNING] - Timeout '0' is invalid. Using default page load timeout: '30'

2018-03-13 10:54:25 - [MESSAGE][PASSED] - Wait for page load successfully

2018-03-13 10:54:25 - [TEST_STEP][PASSED] - delay: Delayed 2 second(s)

2018-03-13 10:54:27 - [MESSAGE][PASSED] - Delayed 2 second(s)

2018-03-13 10:54:27 - [TEST_STEP][PASSED] - click: Object: 'Object Repository/002/Page_Filialsuche - BVR HTML Prototy (1)/svg_dropdown-icons' is clicked on

2018-03-13 10:54:27 - [MESSAGE][PASSED] - Object: 'Object Repository/002/Page_Filialsuche - BVR HTML Prototy (1)/svg_dropdown-icons' is clicked on

2018-03-13 10:54:27 - [TEST_STEP][PASSED] - delay: Delayed 2 second(s)

2018-03-13 10:54:29 - [MESSAGE][PASSED] - Delayed 2 second(s)

2018-03-13 10:54:29 - [TEST_STEP][PASSED] - mouseOver: Object: 'Object Repository/berlin/Page_Filialsuche - BVR HTML Prototy/div_Berlin' is hovered

2018-03-13 10:54:29 - [MESSAGE][PASSED] - Object: 'Object Repository/berlin/Page_Filialsuche - BVR HTML Prototy/div_Berlin' is hovered

2018-03-13 10:54:29 - [TEST_STEP][PASSED] - delay: Delayed 2 second(s)

2018-03-13 10:54:31 - [MESSAGE][PASSED] - Delayed 2 second(s)

2018-03-13 10:54:31 - [TEST_STEP][FAILED] - click: Unable to click on object 'Object Repository/berlin/Page_Filialsuche - BVR HTML Prototy/div_Berlin' (Root cause: org.openqa.selenium.ElementNotVisibleException: element not visible
  (Session info: chrome=64.0.3282.186)
  (Driver info: chromedriver=2.35.528161 (5b82f2d2aae0ca24b877009200ced9065a772e73),platform=Windows NT 6.1.7601 SP1 x86_64) (WARNING: The server did not provide any stacktrace information)
Command duration or timeout: 0 milliseconds
Build info: version: '3.7.1', revision: '8a0099a', time: '2017-11-06T21:07:36.161Z'
System info: host: 'UNITB-DELL22', ip: '192.168.134.64', os.name: 'Windows 7', os.arch: 'amd64', os.version: '6.1', java.version: '1.8.0_102'
Driver info: com.kms.katalon.selenium.driver.CChromeDriver
Capabilities {acceptInsecureCerts: false, acceptSslCerts: false, applicationCacheEnabled: false, browserConnectionEnabled: false, browserName: chrome, chrome: {chromedriverVersion: 2.35.528161 (5b82f2d2aae0ca..., userDataDir: C:\Users\lbut\AppData\Local...}, cssSelectorsEnabled: true, databaseEnabled: false, handlesAlerts: true, hasTouchScreen: false, javascriptEnabled: true, locationContextEnabled: true, mobileEmulationEnabled: false, nativeEvents: true, networkConnectionEnabled: false, pageLoadStrategy: normal, platform: XP, platformName: XP, rotatable: false, setWindowRect: true, takesHeapSnapshot: true, takesScreenshot: true, unexpectedAlertBehaviour: , unhandledPromptBehavior: , version: 64.0.3282.186, webStorageEnabled: true}
Session ID: 31089265557cc1d15a61253857cf4582)

2018-03-13 10:54:31 - [MESSAGE][FAILED] - Unable to click on object 'Object Repository/berlin/Page_Filialsuche - BVR HTML Prototy/div_Berlin' (Root cause: org.openqa.selenium.ElementNotVisibleException: element not visible
  (Session info: chrome=64.0.3282.186)
  (Driver info: chromedriver=2.35.528161 (5b82f2d2aae0ca24b877009200ced9065a772e73),platform=Windows NT 6.1.7601 SP1 x86_64) (WARNING: The server did not provide any stacktrace information)
Command duration or timeout: 0 milliseconds
Build info: version: '3.7.1', revision: '8a0099a', time: '2017-11-06T21:07:36.161Z'
System info: host: 'UNITB-DELL22', ip: '192.168.134.64', os.name: 'Windows 7', os.arch: 'amd64', os.version: '6.1', java.version: '1.8.0_102'
Driver info: com.kms.katalon.selenium.driver.CChromeDriver
Capabilities {acceptInsecureCerts: false, acceptSslCerts: false, applicationCacheEnabled: false, browserConnectionEnabled: false, browserName: chrome, chrome: {chromedriverVersion: 2.35.528161 (5b82f2d2aae0ca..., userDataDir: C:\Users\lbut\AppData\Local...}, cssSelectorsEnabled: true, databaseEnabled: false, handlesAlerts: true, hasTouchScreen: false, javascriptEnabled: true, locationContextEnabled: true, mobileEmulationEnabled: false, nativeEvents: true, networkConnectionEnabled: false, pageLoadStrategy: normal, platform: XP, platformName: XP, rotatable: false, setWindowRect: true, takesHeapSnapshot: true, takesScreenshot: true, unexpectedAlertBehaviour: , unhandledPromptBehavior: , version: 64.0.3282.186, webStorageEnabled: true}
Session ID: 31089265557cc1d15a61253857cf4582)
[[ATTACHMENT|C:\\Users\\lbut\\Downloads\\Prototyp1_12_03\\Prototyp1\\Reports\\Prototyp Filialsuche (RC18) 13_03_2018\\20180313_104447\\1520934871351.png]]]]></system-out>
         <system-err><![CDATA[2018-03-13 10:54:19 - [TEST_CASE][FAILED] - Test Cases/Prototyp_Filialsuche (RC 18)/28_Testfall: Test Cases/Prototyp_Filialsuche (RC 18)/28_Testfall FAILED because (of) Unable to click on object 'Object Repository/berlin/Page_Filialsuche - BVR HTML Prototy/div_Berlin' (Root cause: org.openqa.selenium.ElementNotVisibleException: element not visible
  (Session info: chrome=64.0.3282.186)
  (Driver info: chromedriver=2.35.528161 (5b82f2d2aae0ca24b877009200ced9065a772e73),platform=Windows NT 6.1.7601 SP1 x86_64) (WARNING: The server did not provide any stacktrace information)
Command duration or timeout: 0 milliseconds
Build info: version: '3.7.1', revision: '8a0099a', time: '2017-11-06T21:07:36.161Z'
System info: host: 'UNITB-DELL22', ip: '192.168.134.64', os.name: 'Windows 7', os.arch: 'amd64', os.version: '6.1', java.version: '1.8.0_102'
Driver info: com.kms.katalon.selenium.driver.CChromeDriver
Capabilities {acceptInsecureCerts: false, acceptSslCerts: false, applicationCacheEnabled: false, browserConnectionEnabled: false, browserName: chrome, chrome: {chromedriverVersion: 2.35.528161 (5b82f2d2aae0ca..., userDataDir: C:\Users\lbut\AppData\Local...}, cssSelectorsEnabled: true, databaseEnabled: false, handlesAlerts: true, hasTouchScreen: false, javascriptEnabled: true, locationContextEnabled: true, mobileEmulationEnabled: false, nativeEvents: true, networkConnectionEnabled: false, pageLoadStrategy: normal, platform: XP, platformName: XP, rotatable: false, setWindowRect: true, takesHeapSnapshot: true, takesScreenshot: true, unexpectedAlertBehaviour: , unhandledPromptBehavior: , version: 64.0.3282.186, webStorageEnabled: true}
Session ID: 31089265557cc1d15a61253857cf4582)]]></system-err>
      </testcase>
      <testcase name="Test Cases/Prototyp_Filialsuche (RC 18)/29_Testfall" classname="Test Cases/Prototyp_Filialsuche (RC 18)/29_Testfall" status="PASSED">
         <system-out><![CDATA[2018-03-13 10:54:31 - [TEST_CASE][PASSED] - Test Cases/Prototyp_Filialsuche (RC 18)/29_Testfall: Test Cases/Prototyp_Filialsuche (RC 18)/29_Testfall

2018-03-13 10:54:31 - [TEST_STEP][PASSED] - openBrowser: Browser is opened with url: ''

2018-03-13 10:54:31 - [MESSAGE][WARNING] - A browser is already opened. Closing browser and opening a new one

2018-03-13 10:54:34 - [MESSAGE][PASSED] - Browser is opened with url: ''

2018-03-13 10:54:34 - [TEST_STEP][PASSED] - maximizeWindow: Current window maximized

2018-03-13 10:54:36 - [MESSAGE][PASSED] - Current window maximized

2018-03-13 10:54:36 - [TEST_STEP][PASSED] - deleteAllCookies: Delete all cookies successfully

2018-03-13 10:54:36 - [MESSAGE][PASSED] - Delete all cookies successfully

2018-03-13 10:54:36 - [TEST_STEP][PASSED] - navigateToUrl: Navigate to 'http://rc-ogrhtmlprototyp.testintern/18-1-0/filialsuche.html' successfully

2018-03-13 10:54:38 - [MESSAGE][PASSED] - Navigate to 'http://rc-ogrhtmlprototyp.testintern/18-1-0/filialsuche.html' successfully

2018-03-13 10:54:38 - [TEST_STEP][PASSED] - delay: Delayed 2 second(s)

2018-03-13 10:54:40 - [MESSAGE][PASSED] - Delayed 2 second(s)

2018-03-13 10:54:40 - [TEST_STEP][PASSED] - click: Object: 'Object Repository/03/Page_Filialsuche-rotenburg - BVR HT/svg_dropdown-icons' is clicked on

2018-03-13 10:54:40 - [MESSAGE][PASSED] - Object: 'Object Repository/03/Page_Filialsuche-rotenburg - BVR HT/svg_dropdown-icons' is clicked on

2018-03-13 10:54:40 - [TEST_STEP][PASSED] - delay: Delayed 2 second(s)

2018-03-13 10:54:42 - [MESSAGE][PASSED] - Delayed 2 second(s)

2018-03-13 10:54:42 - [TEST_STEP][PASSED] - mouseOver: Object: 'Object Repository/x/Page_Filialsuche - BVR HTML Prototy/div_Berlin' is hovered

2018-03-13 10:54:43 - [MESSAGE][PASSED] - Object: 'Object Repository/x/Page_Filialsuche - BVR HTML Prototy/div_Berlin' is hovered

2018-03-13 10:54:43 - [TEST_STEP][PASSED] - delay: Delayed 2 second(s)

2018-03-13 10:54:45 - [MESSAGE][PASSED] - Delayed 2 second(s)

2018-03-13 10:54:45 - [TEST_STEP][PASSED] - click: Object: 'Object Repository/x/Page_Filialsuche - BVR HTML Prototy/div_Berlin' is clicked on

2018-03-13 10:54:45 - [MESSAGE][PASSED] - Object: 'Object Repository/x/Page_Filialsuche - BVR HTML Prototy/div_Berlin' is clicked on

2018-03-13 10:54:45 - [TEST_STEP][PASSED] - delay: Delayed 5 second(s)

2018-03-13 10:54:50 - [MESSAGE][PASSED] - Delayed 5 second(s)

2018-03-13 10:54:50 - [TEST_STEP][PASSED] - verifyElementNotPresent: Web element with id: 'Object Repository/Entfernung_filialsuche' located by 'By.xpath: //span[@class='loc-distance']' is not present after '5' second(s)

2018-03-13 10:54:50 - [MESSAGE][PASSED] - Web element with id: 'Object Repository/Entfernung_filialsuche' located by 'By.xpath: //span[@class='loc-distance']' is not present after '5' second(s)

2018-03-13 10:54:50 - [TEST_STEP][PASSED] - closeBrowser: Browser is closed

2018-03-13 10:54:50 - [MESSAGE][PASSED] - Browser is closed]]></system-out>
         <system-err><![CDATA[]]></system-err>
      </testcase>
      <testcase name="Test Cases/Prototyp_Filialsuche (RC 18)/30_Testfall" classname="Test Cases/Prototyp_Filialsuche (RC 18)/30_Testfall" status="PASSED">
         <system-out><![CDATA[2018-03-13 10:54:50 - [TEST_CASE][PASSED] - Test Cases/Prototyp_Filialsuche (RC 18)/30_Testfall: Test Cases/Prototyp_Filialsuche (RC 18)/30_Testfall

2018-03-13 10:54:51 - [TEST_STEP][PASSED] - openBrowser: Browser is opened with url: ''

2018-03-13 10:54:53 - [MESSAGE][PASSED] - Browser is opened with url: ''

2018-03-13 10:54:53 - [TEST_STEP][PASSED] - maximizeWindow: Current window maximized

2018-03-13 10:54:54 - [MESSAGE][PASSED] - Current window maximized

2018-03-13 10:54:54 - [TEST_STEP][PASSED] - deleteAllCookies: Delete all cookies successfully

2018-03-13 10:54:54 - [MESSAGE][PASSED] - Delete all cookies successfully

2018-03-13 10:54:54 - [TEST_STEP][PASSED] - navigateToUrl: Navigate to 'http://rc-ogrhtmlprototyp.testintern/18-1-0/home-6-filialsuche.html' successfully

2018-03-13 10:54:56 - [MESSAGE][PASSED] - Navigate to 'http://rc-ogrhtmlprototyp.testintern/18-1-0/home-6-filialsuche.html' successfully

2018-03-13 10:54:56 - [TEST_STEP][PASSED] - delay: Delayed 5 second(s)

2018-03-13 10:55:01 - [MESSAGE][PASSED] - Delayed 5 second(s)

2018-03-13 10:55:01 - [TEST_STEP][PASSED] - click: Object: 'Object Repository/03/Page_Filialsuche-rotenburg - BVR HT/Page_Home-6-filialsuche - BVR HTML/svg_dropdown-icons' is clicked on

2018-03-13 10:55:01 - [MESSAGE][PASSED] - Object: 'Object Repository/03/Page_Filialsuche-rotenburg - BVR HT/Page_Home-6-filialsuche - BVR HTML/svg_dropdown-icons' is clicked on

2018-03-13 10:55:01 - [TEST_STEP][PASSED] - delay: Delayed 2 second(s)

2018-03-13 10:55:03 - [MESSAGE][PASSED] - Delayed 2 second(s)

2018-03-13 10:55:03 - [TEST_STEP][PASSED] - mouseOver: Object: 'Object Repository/002/Page_Home-6-filialsuche - BVR HTML/div_Berlin' is hovered

2018-03-13 10:55:03 - [MESSAGE][PASSED] - Object: 'Object Repository/002/Page_Home-6-filialsuche - BVR HTML/div_Berlin' is hovered

2018-03-13 10:55:03 - [TEST_STEP][PASSED] - delay: Delayed 2 second(s)

2018-03-13 10:55:05 - [MESSAGE][PASSED] - Delayed 2 second(s)

2018-03-13 10:55:05 - [TEST_STEP][PASSED] - click: Object: 'Object Repository/002/Page_Home-6-filialsuche - BVR HTML/div_Berlin' is clicked on

2018-03-13 10:55:05 - [MESSAGE][PASSED] - Object: 'Object Repository/002/Page_Home-6-filialsuche - BVR HTML/div_Berlin' is clicked on

2018-03-13 10:55:05 - [TEST_STEP][PASSED] - delay: Delayed 5 second(s)

2018-03-13 10:55:10 - [MESSAGE][PASSED] - Delayed 5 second(s)

2018-03-13 10:55:10 - [TEST_STEP][PASSED] - verifyElementNotPresent: Web element with id: 'Object Repository/Entfernung_filialsuche' located by 'By.xpath: //span[@class='loc-distance']' is not present after '5' second(s)

2018-03-13 10:55:10 - [MESSAGE][PASSED] - Web element with id: 'Object Repository/Entfernung_filialsuche' located by 'By.xpath: //span[@class='loc-distance']' is not present after '5' second(s)

2018-03-13 10:55:10 - [TEST_STEP][PASSED] - closeBrowser: Browser is closed

2018-03-13 10:55:11 - [MESSAGE][PASSED] - Browser is closed]]></system-out>
         <system-err><![CDATA[]]></system-err>
      </testcase>
      <testcase name="Test Cases/Prototyp_Filialsuche (RC 18)/31_Testfall" classname="Test Cases/Prototyp_Filialsuche (RC 18)/31_Testfall" status="PASSED">
         <system-out><![CDATA[2018-03-13 10:55:11 - [TEST_CASE][PASSED] - Test Cases/Prototyp_Filialsuche (RC 18)/31_Testfall: Test Cases/Prototyp_Filialsuche (RC 18)/31_Testfall

2018-03-13 10:55:11 - [TEST_STEP][PASSED] - openBrowser: Browser is opened with url: ''

2018-03-13 10:55:13 - [MESSAGE][PASSED] - Browser is opened with url: ''

2018-03-13 10:55:13 - [TEST_STEP][PASSED] - maximizeWindow: Current window maximized

2018-03-13 10:55:15 - [MESSAGE][PASSED] - Current window maximized

2018-03-13 10:55:15 - [TEST_STEP][PASSED] - deleteAllCookies: Delete all cookies successfully

2018-03-13 10:55:16 - [MESSAGE][PASSED] - Delete all cookies successfully

2018-03-13 10:55:16 - [TEST_STEP][PASSED] - navigateToUrl: Navigate to 'http://rc-ogrhtmlprototyp.testintern/18-1-0/detail.html' successfully

2018-03-13 10:55:21 - [MESSAGE][PASSED] - Navigate to 'http://rc-ogrhtmlprototyp.testintern/18-1-0/detail.html' successfully

2018-03-13 10:55:21 - [TEST_STEP][PASSED] - delay: Delayed 5 second(s)

2018-03-13 10:55:26 - [MESSAGE][PASSED] - Delayed 5 second(s)

2018-03-13 10:55:26 - [TEST_STEP][PASSED] - click: Object: 'Object Repository/002/Page_Detail - BVR HTML Prototyp/svg_dropdown-icons' is clicked on

2018-03-13 10:55:26 - [MESSAGE][PASSED] - Object: 'Object Repository/002/Page_Detail - BVR HTML Prototyp/svg_dropdown-icons' is clicked on

2018-03-13 10:55:26 - [TEST_STEP][PASSED] - delay: Delayed 2 second(s)

2018-03-13 10:55:28 - [MESSAGE][PASSED] - Delayed 2 second(s)

2018-03-13 10:55:28 - [TEST_STEP][PASSED] - mouseOver: Object: 'Object Repository/002/Page_Detail - BVR HTML Prototyp (1)/div_Berlin' is hovered

2018-03-13 10:55:28 - [MESSAGE][PASSED] - Object: 'Object Repository/002/Page_Detail - BVR HTML Prototyp (1)/div_Berlin' is hovered

2018-03-13 10:55:28 - [TEST_STEP][PASSED] - delay: Delayed 2 second(s)

2018-03-13 10:55:30 - [MESSAGE][PASSED] - Delayed 2 second(s)

2018-03-13 10:55:30 - [TEST_STEP][PASSED] - click: Object: 'Object Repository/002/Page_Detail - BVR HTML Prototyp (1)/div_Berlin' is clicked on

2018-03-13 10:55:30 - [MESSAGE][PASSED] - Object: 'Object Repository/002/Page_Detail - BVR HTML Prototyp (1)/div_Berlin' is clicked on

2018-03-13 10:55:30 - [TEST_STEP][PASSED] - delay: Delayed 5 second(s)

2018-03-13 10:55:35 - [MESSAGE][PASSED] - Delayed 5 second(s)

2018-03-13 10:55:35 - [TEST_STEP][PASSED] - verifyElementNotPresent: Web element with id: 'Object Repository/Entfernung_filialsuche' located by 'By.xpath: //span[@class='loc-distance']' is not present after '5' second(s)

2018-03-13 10:55:37 - [MESSAGE][PASSED] - Web element with id: 'Object Repository/Entfernung_filialsuche' located by 'By.xpath: //span[@class='loc-distance']' is not present after '5' second(s)

2018-03-13 10:55:37 - [TEST_STEP][PASSED] - closeBrowser: Browser is closed

2018-03-13 10:55:37 - [MESSAGE][PASSED] - Browser is closed]]></system-out>
         <system-err><![CDATA[]]></system-err>
      </testcase>
      <testcase name="Test Cases/Prototyp_Filialsuche (RC 18)/32_Testfall" classname="Test Cases/Prototyp_Filialsuche (RC 18)/32_Testfall" status="PASSED">
         <system-out><![CDATA[2018-03-13 10:55:37 - [TEST_CASE][PASSED] - Test Cases/Prototyp_Filialsuche (RC 18)/32_Testfall: Test Cases/Prototyp_Filialsuche (RC 18)/32_Testfall

2018-03-13 10:55:37 - [TEST_STEP][PASSED] - openBrowser: Browser is opened with url: ''

2018-03-13 10:55:39 - [MESSAGE][PASSED] - Browser is opened with url: ''

2018-03-13 10:55:39 - [TEST_STEP][PASSED] - maximizeWindow: Current window maximized

2018-03-13 10:55:40 - [MESSAGE][PASSED] - Current window maximized

2018-03-13 10:55:40 - [TEST_STEP][PASSED] - deleteAllCookies: Delete all cookies successfully

2018-03-13 10:55:41 - [MESSAGE][PASSED] - Delete all cookies successfully

2018-03-13 10:55:41 - [TEST_STEP][PASSED] - navigateToUrl: Navigate to 'http://rc-ogrhtmlprototyp.testintern/18-1-0/filialsuche.html' successfully

2018-03-13 10:55:42 - [MESSAGE][PASSED] - Navigate to 'http://rc-ogrhtmlprototyp.testintern/18-1-0/filialsuche.html' successfully

2018-03-13 10:55:42 - [TEST_STEP][PASSED] - delay: Delayed 5 second(s)

2018-03-13 10:55:47 - [MESSAGE][PASSED] - Delayed 5 second(s)

2018-03-13 10:55:47 - [TEST_STEP][PASSED] - click: Object: 'Object Repository/002/Page_Filialsuche - BVR HTML Prototy (1)/svg_dropdown-icons' is clicked on

2018-03-13 10:55:47 - [MESSAGE][PASSED] - Object: 'Object Repository/002/Page_Filialsuche - BVR HTML Prototy (1)/svg_dropdown-icons' is clicked on

2018-03-13 10:55:47 - [TEST_STEP][PASSED] - delay: Delayed 3 second(s)

2018-03-13 10:55:50 - [MESSAGE][PASSED] - Delayed 3 second(s)

2018-03-13 10:55:50 - [TEST_STEP][PASSED] - mouseOver: Object: 'Object Repository/berlin/Page_Filialsuche - BVR HTML Prototy/div_Berlin' is hovered

2018-03-13 10:55:50 - [MESSAGE][PASSED] - Object: 'Object Repository/berlin/Page_Filialsuche - BVR HTML Prototy/div_Berlin' is hovered

2018-03-13 10:55:50 - [TEST_STEP][PASSED] - delay: Delayed 3 second(s)

2018-03-13 10:55:53 - [MESSAGE][PASSED] - Delayed 3 second(s)

2018-03-13 10:55:53 - [TEST_STEP][PASSED] - click: Object: 'Object Repository/berlin/Page_Filialsuche - BVR HTML Prototy/div_Berlin' is clicked on

2018-03-13 10:55:53 - [MESSAGE][PASSED] - Object: 'Object Repository/berlin/Page_Filialsuche - BVR HTML Prototy/div_Berlin' is clicked on

2018-03-13 10:55:53 - [TEST_STEP][PASSED] - delay: Delayed 5 second(s)

2018-03-13 10:55:58 - [MESSAGE][PASSED] - Delayed 5 second(s)

2018-03-13 10:55:58 - [TEST_STEP][PASSED] - verifyElementNotPresent: Web element with id: 'Object Repository/Entfernung_filialsuche' located by 'By.xpath: //span[@class='loc-distance']' is not present after '5' second(s)

2018-03-13 10:55:58 - [MESSAGE][PASSED] - Web element with id: 'Object Repository/Entfernung_filialsuche' located by 'By.xpath: //span[@class='loc-distance']' is not present after '5' second(s)

2018-03-13 10:55:58 - [TEST_STEP][PASSED] - closeBrowser: Browser is closed

2018-03-13 10:55:59 - [MESSAGE][PASSED] - Browser is closed]]></system-out>
         <system-err><![CDATA[]]></system-err>
      </testcase>
      <testcase name="Test Cases/Prototyp_Filialsuche (RC 18)/33_Testfall" classname="Test Cases/Prototyp_Filialsuche (RC 18)/33_Testfall" status="PASSED">
         <system-out><![CDATA[2018-03-13 10:55:59 - [TEST_CASE][PASSED] - Test Cases/Prototyp_Filialsuche (RC 18)/33_Testfall: Test Cases/Prototyp_Filialsuche (RC 18)/33_Testfall

2018-03-13 10:55:59 - [TEST_STEP][PASSED] - openBrowser: Browser is opened with url: ''

2018-03-13 10:56:01 - [MESSAGE][PASSED] - Browser is opened with url: ''

2018-03-13 10:56:01 - [TEST_STEP][PASSED] - maximizeWindow: Current window maximized

2018-03-13 10:56:02 - [MESSAGE][PASSED] - Current window maximized

2018-03-13 10:56:02 - [TEST_STEP][PASSED] - deleteAllCookies: Delete all cookies successfully

2018-03-13 10:56:03 - [MESSAGE][PASSED] - Delete all cookies successfully

2018-03-13 10:56:03 - [TEST_STEP][PASSED] - navigateToUrl: Navigate to 'http://rc-ogrhtmlprototyp.testintern/18-1-0/filialsuche-textinput.html' successfully

2018-03-13 10:56:04 - [MESSAGE][PASSED] - Navigate to 'http://rc-ogrhtmlprototyp.testintern/18-1-0/filialsuche-textinput.html' successfully

2018-03-13 10:56:04 - [TEST_STEP][PASSED] - delay: Delayed 5 second(s)

2018-03-13 10:56:09 - [MESSAGE][PASSED] - Delayed 5 second(s)

2018-03-13 10:56:09 - [TEST_STEP][PASSED] - Statement - Try: Object 'Object Repository/Accordeon_filialsuche' is NOT visible

2018-03-13 10:56:09 - [TEST_STEP][PASSED] - verifyElementNotVisible: Object 'Object Repository/Accordeon_filialsuche' is NOT visible

2018-03-13 10:56:10 - [MESSAGE][PASSED] - Object 'Object Repository/Accordeon_filialsuche' is NOT visible

2018-03-13 10:56:10 - [TEST_STEP][PASSED] - verifyElementNotPresent: Web element with id: 'Object Repository/filial_map' located by 'By.xpath: //div[@class='aps-map__custom-marker']' is not present after '2' second(s)

2018-03-13 10:56:10 - [MESSAGE][PASSED] - Web element with id: 'Object Repository/filial_map' located by 'By.xpath: //div[@class='aps-map__custom-marker']' is not present after '2' second(s)

2018-03-13 10:56:10 - [TEST_STEP][PASSED] - closeBrowser: Browser is closed

2018-03-13 10:56:10 - [MESSAGE][PASSED] - Browser is closed]]></system-out>
         <system-err><![CDATA[]]></system-err>
      </testcase>
      <testcase name="Test Cases/Prototyp_Filialsuche (RC 18)/34_Testfall" classname="Test Cases/Prototyp_Filialsuche (RC 18)/34_Testfall" status="PASSED">
         <system-out><![CDATA[2018-03-13 10:56:10 - [TEST_CASE][PASSED] - Test Cases/Prototyp_Filialsuche (RC 18)/34_Testfall: Test Cases/Prototyp_Filialsuche (RC 18)/34_Testfall

2018-03-13 10:56:10 - [TEST_STEP][PASSED] - openBrowser: Browser is opened with url: ''

2018-03-13 10:56:12 - [MESSAGE][PASSED] - Browser is opened with url: ''

2018-03-13 10:56:12 - [TEST_STEP][PASSED] - maximizeWindow: Current window maximized

2018-03-13 10:56:14 - [MESSAGE][PASSED] - Current window maximized

2018-03-13 10:56:14 - [TEST_STEP][PASSED] - deleteAllCookies: Delete all cookies successfully

2018-03-13 10:56:14 - [MESSAGE][PASSED] - Delete all cookies successfully

2018-03-13 10:56:14 - [TEST_STEP][PASSED] - navigateToUrl: Navigate to 'http://rc-ogrhtmlprototyp.testintern/18-1-0/filialsuche-textinput.html' successfully

2018-03-13 10:56:15 - [MESSAGE][PASSED] - Navigate to 'http://rc-ogrhtmlprototyp.testintern/18-1-0/filialsuche-textinput.html' successfully

2018-03-13 10:56:15 - [TEST_STEP][PASSED] - delay: Delayed 2 second(s)

2018-03-13 10:56:17 - [MESSAGE][PASSED] - Delayed 2 second(s)

2018-03-13 10:56:17 - [TEST_STEP][PASSED] - setText: Text 'berlin' is set on object 'Object Repository/34TF/Page_Filialsuche-textinput - BVR HT/input_city'

2018-03-13 10:56:17 - [MESSAGE][PASSED] - Text 'berlin' is set on object 'Object Repository/34TF/Page_Filialsuche-textinput - BVR HT/input_city'

2018-03-13 10:56:17 - [TEST_STEP][PASSED] - click: Object: 'Object Repository/34TF/Page_Filialsuche-textinput - BVR HT (1)/button_Suchen' is clicked on

2018-03-13 10:56:17 - [MESSAGE][PASSED] - Object: 'Object Repository/34TF/Page_Filialsuche-textinput - BVR HT (1)/button_Suchen' is clicked on

2018-03-13 10:56:17 - [TEST_STEP][PASSED] - delay: Delayed 3 second(s)

2018-03-13 10:56:20 - [MESSAGE][PASSED] - Delayed 3 second(s)

2018-03-13 10:56:20 - [TEST_STEP][PASSED] - verifyElementNotPresent: Web element with id: 'Object Repository/Akkordeon_plus_filialsuche' located by 'By.xpath: //a[@class='acc-header acc-header--open']' is not present after '5' second(s)

2018-03-13 10:56:20 - [MESSAGE][PASSED] - Web element with id: 'Object Repository/Akkordeon_plus_filialsuche' located by 'By.xpath: //a[@class='acc-header acc-header--open']' is not present after '5' second(s)

2018-03-13 10:56:20 - [TEST_STEP][PASSED] - closeBrowser: Browser is closed

2018-03-13 10:56:21 - [MESSAGE][PASSED] - Browser is closed]]></system-out>
         <system-err><![CDATA[]]></system-err>
      </testcase>
      <testcase name="Test Cases/Prototyp_Filialsuche (RC 18)/35_Testfall" classname="Test Cases/Prototyp_Filialsuche (RC 18)/35_Testfall" status="PASSED">
         <system-out><![CDATA[2018-03-13 10:56:21 - [TEST_CASE][PASSED] - Test Cases/Prototyp_Filialsuche (RC 18)/35_Testfall: Test Cases/Prototyp_Filialsuche (RC 18)/35_Testfall

2018-03-13 10:56:21 - [TEST_STEP][PASSED] - openBrowser: Browser is opened with url: ''

2018-03-13 10:56:23 - [MESSAGE][PASSED] - Browser is opened with url: ''

2018-03-13 10:56:23 - [TEST_STEP][PASSED] - maximizeWindow: Current window maximized

2018-03-13 10:56:24 - [MESSAGE][PASSED] - Current window maximized

2018-03-13 10:56:24 - [TEST_STEP][PASSED] - deleteAllCookies: Delete all cookies successfully

2018-03-13 10:56:24 - [MESSAGE][PASSED] - Delete all cookies successfully

2018-03-13 10:56:24 - [TEST_STEP][PASSED] - navigateToUrl: Navigate to 'http://rc-ogrhtmlprototyp.testintern/18-1-0/filialsuche-rotenburg-textinput.html' successfully

2018-03-13 10:56:26 - [MESSAGE][PASSED] - Navigate to 'http://rc-ogrhtmlprototyp.testintern/18-1-0/filialsuche-rotenburg-textinput.html' successfully

2018-03-13 10:56:26 - [TEST_STEP][PASSED] - delay: Delayed 5 second(s)

2018-03-13 10:56:31 - [MESSAGE][PASSED] - Delayed 5 second(s)

2018-03-13 10:56:31 - [TEST_STEP][PASSED] - setText: Text 'Bad Hersfeld' is set on object 'Object Repository/Filialsuche_Inputtext'

2018-03-13 10:56:31 - [MESSAGE][PASSED] - Text 'Bad Hersfeld' is set on object 'Object Repository/Filialsuche_Inputtext'

2018-03-13 10:56:31 - [TEST_STEP][PASSED] - delay: Delayed 2 second(s)

2018-03-13 10:56:33 - [MESSAGE][PASSED] - Delayed 2 second(s)

2018-03-13 10:56:33 - [TEST_STEP][PASSED] - submit: The form containing object: 'Object Repository/Filialsuche_submit_button' is submitted

2018-03-13 10:56:33 - [MESSAGE][PASSED] - The form containing object: 'Object Repository/Filialsuche_submit_button' is submitted

2018-03-13 10:56:33 - [TEST_STEP][PASSED] - delay: Delayed 2 second(s)

2018-03-13 10:56:35 - [MESSAGE][PASSED] - Delayed 2 second(s)

2018-03-13 10:56:35 - [TEST_STEP][PASSED] - verifyElementVisible: Object 'Object Repository/Entfernung_filialsuche' is visible

2018-03-13 10:56:36 - [MESSAGE][PASSED] - Object 'Object Repository/Entfernung_filialsuche' is visible

2018-03-13 10:56:36 - [TEST_STEP][PASSED] - closeBrowser: Browser is closed

2018-03-13 10:56:37 - [MESSAGE][PASSED] - Browser is closed]]></system-out>
         <system-err><![CDATA[]]></system-err>
      </testcase>
      <testcase name="Test Cases/Prototyp_Filialsuche (RC 18)/36_Testfall" classname="Test Cases/Prototyp_Filialsuche (RC 18)/36_Testfall" status="PASSED">
         <system-out><![CDATA[2018-03-13 10:56:37 - [TEST_CASE][PASSED] - Test Cases/Prototyp_Filialsuche (RC 18)/36_Testfall: Test Cases/Prototyp_Filialsuche (RC 18)/36_Testfall

2018-03-13 10:56:37 - [TEST_STEP][PASSED] - openBrowser: Browser is opened with url: ''

2018-03-13 10:56:39 - [MESSAGE][PASSED] - Browser is opened with url: ''

2018-03-13 10:56:39 - [TEST_STEP][PASSED] - maximizeWindow: Current window maximized

2018-03-13 10:56:40 - [MESSAGE][PASSED] - Current window maximized

2018-03-13 10:56:40 - [TEST_STEP][PASSED] - deleteAllCookies: Delete all cookies successfully

2018-03-13 10:56:40 - [MESSAGE][PASSED] - Delete all cookies successfully

2018-03-13 10:56:40 - [TEST_STEP][PASSED] - navigateToUrl: Navigate to 'http://rc-ogrhtmlprototyp.testintern/18-1-0/filialsuche-rotenburg-textinput.html' successfully

2018-03-13 10:56:42 - [MESSAGE][PASSED] - Navigate to 'http://rc-ogrhtmlprototyp.testintern/18-1-0/filialsuche-rotenburg-textinput.html' successfully

2018-03-13 10:56:42 - [TEST_STEP][PASSED] - delay: Delayed 2 second(s)

2018-03-13 10:56:44 - [MESSAGE][PASSED] - Delayed 2 second(s)

2018-03-13 10:56:44 - [TEST_STEP][PASSED] - setText: Text 'Bad Hersfeld' is set on object 'Object Repository/34TF/Page_Filialsuche-textinput - BVR HT/input_city'

2018-03-13 10:56:44 - [MESSAGE][PASSED] - Text 'Bad Hersfeld' is set on object 'Object Repository/34TF/Page_Filialsuche-textinput - BVR HT/input_city'

2018-03-13 10:56:44 - [TEST_STEP][PASSED] - click: Object: 'Object Repository/34TF/Page_Filialsuche-textinput - BVR HT (1)/button_Suchen' is clicked on

2018-03-13 10:56:44 - [MESSAGE][PASSED] - Object: 'Object Repository/34TF/Page_Filialsuche-textinput - BVR HT (1)/button_Suchen' is clicked on

2018-03-13 10:56:44 - [TEST_STEP][PASSED] - delay: Delayed 3 second(s)

2018-03-13 10:56:47 - [MESSAGE][PASSED] - Delayed 3 second(s)

2018-03-13 10:56:47 - [TEST_STEP][PASSED] - verifyElementNotPresent: Web element with id: 'Object Repository/Akkordeon_plus_filialsuche' located by 'By.xpath: //a[@class='acc-header acc-header--open']' is not present after '5' second(s)

2018-03-13 10:56:47 - [MESSAGE][PASSED] - Web element with id: 'Object Repository/Akkordeon_plus_filialsuche' located by 'By.xpath: //a[@class='acc-header acc-header--open']' is not present after '5' second(s)

2018-03-13 10:56:47 - [TEST_STEP][PASSED] - closeBrowser: Browser is closed

2018-03-13 10:56:48 - [MESSAGE][PASSED] - Browser is closed]]></system-out>
         <system-err><![CDATA[]]></system-err>
      </testcase>
      <testcase name="Test Cases/Prototyp_Filialsuche (RC 18)/37_Testfall" classname="Test Cases/Prototyp_Filialsuche (RC 18)/37_Testfall" status="PASSED">
         <system-out><![CDATA[2018-03-13 10:56:48 - [TEST_CASE][PASSED] - Test Cases/Prototyp_Filialsuche (RC 18)/37_Testfall: Test Cases/Prototyp_Filialsuche (RC 18)/37_Testfall

2018-03-13 10:56:48 - [TEST_STEP][PASSED] - openBrowser: Browser is opened with url: ''

2018-03-13 10:56:50 - [MESSAGE][PASSED] - Browser is opened with url: ''

2018-03-13 10:56:50 - [TEST_STEP][PASSED] - maximizeWindow: Current window maximized

2018-03-13 10:56:52 - [MESSAGE][PASSED] - Current window maximized

2018-03-13 10:56:52 - [TEST_STEP][PASSED] - deleteAllCookies: Delete all cookies successfully

2018-03-13 10:56:56 - [MESSAGE][PASSED] - Delete all cookies successfully

2018-03-13 10:56:56 - [TEST_STEP][PASSED] - navigateToUrl: Navigate to 'http://rc-ogrhtmlprototyp.testintern/18-1-0/filialsuche-nuernberg-textinput.html' successfully

2018-03-13 10:56:58 - [MESSAGE][PASSED] - Navigate to 'http://rc-ogrhtmlprototyp.testintern/18-1-0/filialsuche-nuernberg-textinput.html' successfully

2018-03-13 10:56:58 - [TEST_STEP][PASSED] - delay: Delayed 5 second(s)

2018-03-13 10:57:03 - [MESSAGE][PASSED] - Delayed 5 second(s)

2018-03-13 10:57:03 - [TEST_STEP][PASSED] - setText: Text 'Nürnberg' is set on object 'Object Repository/Filialsuche_Inputtext'

2018-03-13 10:57:03 - [MESSAGE][PASSED] - Text 'Nürnberg' is set on object 'Object Repository/Filialsuche_Inputtext'

2018-03-13 10:57:03 - [TEST_STEP][PASSED] - delay: Delayed 2 second(s)

2018-03-13 10:57:05 - [MESSAGE][PASSED] - Delayed 2 second(s)

2018-03-13 10:57:05 - [TEST_STEP][PASSED] - submit: The form containing object: 'Object Repository/Filialsuche_submit_button' is submitted

2018-03-13 10:57:05 - [MESSAGE][PASSED] - The form containing object: 'Object Repository/Filialsuche_submit_button' is submitted

2018-03-13 10:57:05 - [TEST_STEP][PASSED] - delay: Delayed 2 second(s)

2018-03-13 10:57:07 - [MESSAGE][PASSED] - Delayed 2 second(s)

2018-03-13 10:57:07 - [TEST_STEP][PASSED] - verifyElementVisible: Object 'Object Repository/Entfernung_filialsuche' is visible

2018-03-13 10:57:07 - [MESSAGE][PASSED] - Object 'Object Repository/Entfernung_filialsuche' is visible

2018-03-13 10:57:07 - [TEST_STEP][PASSED] - closeBrowser: Browser is closed

2018-03-13 10:57:09 - [MESSAGE][PASSED] - Browser is closed]]></system-out>
         <system-err><![CDATA[]]></system-err>
      </testcase>
      <testcase name="Test Cases/Prototyp_Filialsuche (RC 18)/38_Testfall" classname="Test Cases/Prototyp_Filialsuche (RC 18)/38_Testfall" status="PASSED">
         <system-out><![CDATA[2018-03-13 10:57:09 - [TEST_CASE][PASSED] - Test Cases/Prototyp_Filialsuche (RC 18)/38_Testfall: Test Cases/Prototyp_Filialsuche (RC 18)/38_Testfall

2018-03-13 10:57:09 - [TEST_STEP][PASSED] - openBrowser: Browser is opened with url: ''

2018-03-13 10:57:11 - [MESSAGE][PASSED] - Browser is opened with url: ''

2018-03-13 10:57:11 - [TEST_STEP][PASSED] - deleteAllCookies: Delete all cookies successfully

2018-03-13 10:57:12 - [MESSAGE][PASSED] - Delete all cookies successfully

2018-03-13 10:57:12 - [TEST_STEP][PASSED] - maximizeWindow: Current window maximized

2018-03-13 10:57:13 - [MESSAGE][PASSED] - Current window maximized

2018-03-13 10:57:13 - [TEST_STEP][PASSED] - navigateToUrl: Navigate to 'http://rc-ogrhtmlprototyp.testintern/18-1-0/filialsuche-wangen.html' successfully

2018-03-13 10:57:19 - [MESSAGE][PASSED] - Navigate to 'http://rc-ogrhtmlprototyp.testintern/18-1-0/filialsuche-wangen.html' successfully

2018-03-13 10:57:19 - [TEST_STEP][PASSED] - delay: Delayed 2 second(s)

2018-03-13 10:57:21 - [MESSAGE][PASSED] - Delayed 2 second(s)

2018-03-13 10:57:21 - [TEST_STEP][PASSED] - click: Object: 'Object Repository/16TF/Page_Filialsuche-wangen - BVR HTML/span_Geschftsstelle Brtlingen' is clicked on

2018-03-13 10:57:23 - [MESSAGE][PASSED] - Object: 'Object Repository/16TF/Page_Filialsuche-wangen - BVR HTML/span_Geschftsstelle Brtlingen' is clicked on

2018-03-13 10:57:23 - [TEST_STEP][PASSED] - delay: Delayed 2 second(s)

2018-03-13 10:57:25 - [MESSAGE][PASSED] - Delayed 2 second(s)

2018-03-13 10:57:25 - [TEST_STEP][PASSED] - verifyTextPresent: Text 'Hauptstr. 56' is present on page 

2018-03-13 10:57:25 - [MESSAGE][PASSED] - Text 'Hauptstr. 56' is present on page 

2018-03-13 10:57:25 - [TEST_STEP][PASSED] - verifyTextPresent: Text '73104 Börtlingen' is present on page 

2018-03-13 10:57:25 - [MESSAGE][PASSED] - Text '73104 Börtlingen' is present on page 

2018-03-13 10:57:25 - [TEST_STEP][PASSED] - click: Object: 'Object Repository/16TF/Page_Filialsuche-wangen - BVR HTML/span_Geschftsstelle Rechbergha' is clicked on

2018-03-13 10:57:25 - [MESSAGE][PASSED] - Object: 'Object Repository/16TF/Page_Filialsuche-wangen - BVR HTML/span_Geschftsstelle Rechbergha' is clicked on

2018-03-13 10:57:25 - [TEST_STEP][PASSED] - delay: Delayed 2 second(s)

2018-03-13 10:57:27 - [MESSAGE][PASSED] - Delayed 2 second(s)

2018-03-13 10:57:27 - [TEST_STEP][PASSED] - verifyTextPresent: Text 'Hauptstr. 37' is present on page 

2018-03-13 10:57:28 - [MESSAGE][PASSED] - Text 'Hauptstr. 37' is present on page 

2018-03-13 10:57:28 - [TEST_STEP][PASSED] - verifyTextPresent: Text '73098 Rechberghausen' is present on page 

2018-03-13 10:57:28 - [MESSAGE][PASSED] - Text '73098 Rechberghausen' is present on page 

2018-03-13 10:57:28 - [TEST_STEP][PASSED] - scrollToElement: Scroll to object 'Object Repository/16TF/Page_Filialsuche-wangen - BVR HTML/span_Geschftsstelle Uhingen-Ho' successfully

2018-03-13 10:57:28 - [MESSAGE][WARNING] - Timeout '0' is invalid. Using default page load timeout: '30'

2018-03-13 10:57:28 - [MESSAGE][PASSED] - Scroll to object 'Object Repository/16TF/Page_Filialsuche-wangen - BVR HTML/span_Geschftsstelle Uhingen-Ho' successfully

2018-03-13 10:57:28 - [TEST_STEP][PASSED] - click: Object: 'Object Repository/16TF/Page_Filialsuche-wangen - BVR HTML/span_Geschftsstelle Uhingen-Ho' is clicked on

2018-03-13 10:57:28 - [MESSAGE][PASSED] - Object: 'Object Repository/16TF/Page_Filialsuche-wangen - BVR HTML/span_Geschftsstelle Uhingen-Ho' is clicked on

2018-03-13 10:57:28 - [TEST_STEP][PASSED] - delay: Delayed 3 second(s)

2018-03-13 10:57:31 - [MESSAGE][PASSED] - Delayed 3 second(s)

2018-03-13 10:57:31 - [TEST_STEP][PASSED] - verifyTextPresent: Text 'Dorfstr. 17 a' is present on page 

2018-03-13 10:57:31 - [MESSAGE][PASSED] - Text 'Dorfstr. 17 a' is present on page 

2018-03-13 10:57:31 - [TEST_STEP][PASSED] - verifyTextPresent: Text '73066 Uhingen' is present on page 

2018-03-13 10:57:31 - [MESSAGE][PASSED] - Text '73066 Uhingen' is present on page 

2018-03-13 10:57:31 - [TEST_STEP][PASSED] - scrollToElement: Scroll to object 'Object Repository/16TF/Page_Filialsuche-wangen - BVR HTML/span_Raiffeisenbank Wangen eG' successfully

2018-03-13 10:57:31 - [MESSAGE][WARNING] - Timeout '0' is invalid. Using default page load timeout: '30'

2018-03-13 10:57:31 - [MESSAGE][PASSED] - Scroll to object 'Object Repository/16TF/Page_Filialsuche-wangen - BVR HTML/span_Raiffeisenbank Wangen eG' successfully

2018-03-13 10:57:31 - [TEST_STEP][PASSED] - click: Object: 'Object Repository/16TF/Page_Filialsuche-wangen - BVR HTML/span_Raiffeisenbank Wangen eG' is clicked on

2018-03-13 10:57:31 - [MESSAGE][PASSED] - Object: 'Object Repository/16TF/Page_Filialsuche-wangen - BVR HTML/span_Raiffeisenbank Wangen eG' is clicked on

2018-03-13 10:57:31 - [TEST_STEP][PASSED] - delay: Delayed 2 second(s)

2018-03-13 10:57:33 - [MESSAGE][PASSED] - Delayed 2 second(s)

2018-03-13 10:57:33 - [TEST_STEP][PASSED] - verifyTextPresent: Text 'Hauptstr.44' is present on page 

2018-03-13 10:57:34 - [MESSAGE][PASSED] - Text 'Hauptstr.44' is present on page 

2018-03-13 10:57:34 - [TEST_STEP][PASSED] - verifyTextPresent: Text '73117 Wangen' is present on page 

2018-03-13 10:57:34 - [MESSAGE][PASSED] - Text '73117 Wangen' is present on page 

2018-03-13 10:57:34 - [TEST_STEP][PASSED] - closeBrowser: Browser is closed

2018-03-13 10:57:35 - [MESSAGE][PASSED] - Browser is closed]]></system-out>
         <system-err><![CDATA[]]></system-err>
      </testcase>
      <testcase name="Test Cases/Prototyp_Filialsuche (RC 18)/39_Testfall" classname="Test Cases/Prototyp_Filialsuche (RC 18)/39_Testfall" status="FAILED">
         <failure type="FAILED" message="Unable to click on object 'Object Repository/002/Page_Filialsuche-rotenburg - BVR HT/svg_dropdown-icons' (Root cause: org.openqa.selenium.WebDriverException: unknown error: Element &lt;span tabindex=&quot;0&quot; id=&quot;aps-dropdown-button&quot; role=&quot;combobox&quot; aria-expanded=&quot;false&quot; aria-autocomplete=&quot;list&quot; aria-owns=&quot;aps-dropdown-menu&quot; aria-haspopup=&quot;true&quot; class=&quot;ui-selectmenu-button ui-selectmenu-button-closed ui-corner-all ui-button ui-widget&quot; data-api-id=&quot;aps-dropdown&quot;>...&lt;/span> is not clickable at point (647, 757). Other element would receive the click: &lt;div class=&quot;ogr-preloader ogr-is-visible&quot; title=&quot;Lade...&quot;>...&lt;/div>
  (Session info: chrome=64.0.3282.186)
  (Driver info: chromedriver=2.35.528161 (5b82f2d2aae0ca24b877009200ced9065a772e73),platform=Windows NT 6.1.7601 SP1 x86_64) (WARNING: The server did not provide any stacktrace information)
Command duration or timeout: 0 milliseconds
Build info: version: '3.7.1', revision: '8a0099a', time: '2017-11-06T21:07:36.161Z'
System info: host: 'UNITB-DELL22', ip: '192.168.134.64', os.name: 'Windows 7', os.arch: 'amd64', os.version: '6.1', java.version: '1.8.0_102'
Driver info: com.kms.katalon.selenium.driver.CChromeDriver
Capabilities {acceptInsecureCerts: false, acceptSslCerts: false, applicationCacheEnabled: false, browserConnectionEnabled: false, browserName: chrome, chrome: {chromedriverVersion: 2.35.528161 (5b82f2d2aae0ca..., userDataDir: C:\Users\lbut\AppData\Local...}, cssSelectorsEnabled: true, databaseEnabled: false, handlesAlerts: true, hasTouchScreen: false, javascriptEnabled: true, locationContextEnabled: true, mobileEmulationEnabled: false, nativeEvents: true, networkConnectionEnabled: false, pageLoadStrategy: normal, platform: XP, platformName: XP, rotatable: false, setWindowRect: true, takesHeapSnapshot: true, takesScreenshot: true, unexpectedAlertBehaviour: , unhandledPromptBehavior: , version: 64.0.3282.186, webStorageEnabled: true}
Session ID: fb8d3b595df5557e837168d387987c29)"/>
         <system-out><![CDATA[2018-03-13 10:57:35 - [TEST_CASE][FAILED] - Test Cases/Prototyp_Filialsuche (RC 18)/39_Testfall: Test Cases/Prototyp_Filialsuche (RC 18)/39_Testfall FAILED because (of) Unable to click on object 'Object Repository/002/Page_Filialsuche-rotenburg - BVR HT/svg_dropdown-icons' (Root cause: org.openqa.selenium.WebDriverException: unknown error: Element <span tabindex="0" id="aps-dropdown-button" role="combobox" aria-expanded="false" aria-autocomplete="list" aria-owns="aps-dropdown-menu" aria-haspopup="true" class="ui-selectmenu-button ui-selectmenu-button-closed ui-corner-all ui-button ui-widget" data-api-id="aps-dropdown">...</span> is not clickable at point (647, 757). Other element would receive the click: <div class="ogr-preloader ogr-is-visible" title="Lade...">...</div>
  (Session info: chrome=64.0.3282.186)
  (Driver info: chromedriver=2.35.528161 (5b82f2d2aae0ca24b877009200ced9065a772e73),platform=Windows NT 6.1.7601 SP1 x86_64) (WARNING: The server did not provide any stacktrace information)
Command duration or timeout: 0 milliseconds
Build info: version: '3.7.1', revision: '8a0099a', time: '2017-11-06T21:07:36.161Z'
System info: host: 'UNITB-DELL22', ip: '192.168.134.64', os.name: 'Windows 7', os.arch: 'amd64', os.version: '6.1', java.version: '1.8.0_102'
Driver info: com.kms.katalon.selenium.driver.CChromeDriver
Capabilities {acceptInsecureCerts: false, acceptSslCerts: false, applicationCacheEnabled: false, browserConnectionEnabled: false, browserName: chrome, chrome: {chromedriverVersion: 2.35.528161 (5b82f2d2aae0ca..., userDataDir: C:\Users\lbut\AppData\Local...}, cssSelectorsEnabled: true, databaseEnabled: false, handlesAlerts: true, hasTouchScreen: false, javascriptEnabled: true, locationContextEnabled: true, mobileEmulationEnabled: false, nativeEvents: true, networkConnectionEnabled: false, pageLoadStrategy: normal, platform: XP, platformName: XP, rotatable: false, setWindowRect: true, takesHeapSnapshot: true, takesScreenshot: true, unexpectedAlertBehaviour: , unhandledPromptBehavior: , version: 64.0.3282.186, webStorageEnabled: true}
Session ID: fb8d3b595df5557e837168d387987c29)

2018-03-13 10:57:35 - [TEST_STEP][PASSED] - openBrowser: Browser is opened with url: ''

2018-03-13 10:57:38 - [MESSAGE][PASSED] - Browser is opened with url: ''

2018-03-13 10:57:38 - [TEST_STEP][PASSED] - maximizeWindow: Current window maximized

2018-03-13 10:57:39 - [MESSAGE][PASSED] - Current window maximized

2018-03-13 10:57:39 - [TEST_STEP][PASSED] - deleteAllCookies: Delete all cookies successfully

2018-03-13 10:57:39 - [MESSAGE][PASSED] - Delete all cookies successfully

2018-03-13 10:57:39 - [TEST_STEP][PASSED] - navigateToUrl: Navigate to 'http://rc-ogrhtmlprototyp.testintern/18-1-0/filialsuche.html' successfully

2018-03-13 10:57:42 - [MESSAGE][PASSED] - Navigate to 'http://rc-ogrhtmlprototyp.testintern/18-1-0/filialsuche.html' successfully

2018-03-13 10:57:42 - [TEST_STEP][PASSED] - delay: Delayed 5 second(s)

2018-03-13 10:57:47 - [MESSAGE][PASSED] - Delayed 5 second(s)

2018-03-13 10:57:47 - [TEST_STEP][FAILED] - click: Unable to click on object 'Object Repository/002/Page_Filialsuche-rotenburg - BVR HT/svg_dropdown-icons' (Root cause: org.openqa.selenium.WebDriverException: unknown error: Element <span tabindex="0" id="aps-dropdown-button" role="combobox" aria-expanded="false" aria-autocomplete="list" aria-owns="aps-dropdown-menu" aria-haspopup="true" class="ui-selectmenu-button ui-selectmenu-button-closed ui-corner-all ui-button ui-widget" data-api-id="aps-dropdown">...</span> is not clickable at point (647, 757). Other element would receive the click: <div class="ogr-preloader ogr-is-visible" title="Lade...">...</div>
  (Session info: chrome=64.0.3282.186)
  (Driver info: chromedriver=2.35.528161 (5b82f2d2aae0ca24b877009200ced9065a772e73),platform=Windows NT 6.1.7601 SP1 x86_64) (WARNING: The server did not provide any stacktrace information)
Command duration or timeout: 0 milliseconds
Build info: version: '3.7.1', revision: '8a0099a', time: '2017-11-06T21:07:36.161Z'
System info: host: 'UNITB-DELL22', ip: '192.168.134.64', os.name: 'Windows 7', os.arch: 'amd64', os.version: '6.1', java.version: '1.8.0_102'
Driver info: com.kms.katalon.selenium.driver.CChromeDriver
Capabilities {acceptInsecureCerts: false, acceptSslCerts: false, applicationCacheEnabled: false, browserConnectionEnabled: false, browserName: chrome, chrome: {chromedriverVersion: 2.35.528161 (5b82f2d2aae0ca..., userDataDir: C:\Users\lbut\AppData\Local...}, cssSelectorsEnabled: true, databaseEnabled: false, handlesAlerts: true, hasTouchScreen: false, javascriptEnabled: true, locationContextEnabled: true, mobileEmulationEnabled: false, nativeEvents: true, networkConnectionEnabled: false, pageLoadStrategy: normal, platform: XP, platformName: XP, rotatable: false, setWindowRect: true, takesHeapSnapshot: true, takesScreenshot: true, unexpectedAlertBehaviour: , unhandledPromptBehavior: , version: 64.0.3282.186, webStorageEnabled: true}
Session ID: fb8d3b595df5557e837168d387987c29)

2018-03-13 10:57:47 - [MESSAGE][FAILED] - Unable to click on object 'Object Repository/002/Page_Filialsuche-rotenburg - BVR HT/svg_dropdown-icons' (Root cause: org.openqa.selenium.WebDriverException: unknown error: Element <span tabindex="0" id="aps-dropdown-button" role="combobox" aria-expanded="false" aria-autocomplete="list" aria-owns="aps-dropdown-menu" aria-haspopup="true" class="ui-selectmenu-button ui-selectmenu-button-closed ui-corner-all ui-button ui-widget" data-api-id="aps-dropdown">...</span> is not clickable at point (647, 757). Other element would receive the click: <div class="ogr-preloader ogr-is-visible" title="Lade...">...</div>
  (Session info: chrome=64.0.3282.186)
  (Driver info: chromedriver=2.35.528161 (5b82f2d2aae0ca24b877009200ced9065a772e73),platform=Windows NT 6.1.7601 SP1 x86_64) (WARNING: The server did not provide any stacktrace information)
Command duration or timeout: 0 milliseconds
Build info: version: '3.7.1', revision: '8a0099a', time: '2017-11-06T21:07:36.161Z'
System info: host: 'UNITB-DELL22', ip: '192.168.134.64', os.name: 'Windows 7', os.arch: 'amd64', os.version: '6.1', java.version: '1.8.0_102'
Driver info: com.kms.katalon.selenium.driver.CChromeDriver
Capabilities {acceptInsecureCerts: false, acceptSslCerts: false, applicationCacheEnabled: false, browserConnectionEnabled: false, browserName: chrome, chrome: {chromedriverVersion: 2.35.528161 (5b82f2d2aae0ca..., userDataDir: C:\Users\lbut\AppData\Local...}, cssSelectorsEnabled: true, databaseEnabled: false, handlesAlerts: true, hasTouchScreen: false, javascriptEnabled: true, locationContextEnabled: true, mobileEmulationEnabled: false, nativeEvents: true, networkConnectionEnabled: false, pageLoadStrategy: normal, platform: XP, platformName: XP, rotatable: false, setWindowRect: true, takesHeapSnapshot: true, takesScreenshot: true, unexpectedAlertBehaviour: , unhandledPromptBehavior: , version: 64.0.3282.186, webStorageEnabled: true}
Session ID: fb8d3b595df5557e837168d387987c29)
[[ATTACHMENT|C:\\Users\\lbut\\Downloads\\Prototyp1_12_03\\Prototyp1\\Reports\\Prototyp Filialsuche (RC18) 13_03_2018\\20180313_104447\\1520935067218.png]]]]></system-out>
         <system-err><![CDATA[2018-03-13 10:57:35 - [TEST_CASE][FAILED] - Test Cases/Prototyp_Filialsuche (RC 18)/39_Testfall: Test Cases/Prototyp_Filialsuche (RC 18)/39_Testfall FAILED because (of) Unable to click on object 'Object Repository/002/Page_Filialsuche-rotenburg - BVR HT/svg_dropdown-icons' (Root cause: org.openqa.selenium.WebDriverException: unknown error: Element <span tabindex="0" id="aps-dropdown-button" role="combobox" aria-expanded="false" aria-autocomplete="list" aria-owns="aps-dropdown-menu" aria-haspopup="true" class="ui-selectmenu-button ui-selectmenu-button-closed ui-corner-all ui-button ui-widget" data-api-id="aps-dropdown">...</span> is not clickable at point (647, 757). Other element would receive the click: <div class="ogr-preloader ogr-is-visible" title="Lade...">...</div>
  (Session info: chrome=64.0.3282.186)
  (Driver info: chromedriver=2.35.528161 (5b82f2d2aae0ca24b877009200ced9065a772e73),platform=Windows NT 6.1.7601 SP1 x86_64) (WARNING: The server did not provide any stacktrace information)
Command duration or timeout: 0 milliseconds
Build info: version: '3.7.1', revision: '8a0099a', time: '2017-11-06T21:07:36.161Z'
System info: host: 'UNITB-DELL22', ip: '192.168.134.64', os.name: 'Windows 7', os.arch: 'amd64', os.version: '6.1', java.version: '1.8.0_102'
Driver info: com.kms.katalon.selenium.driver.CChromeDriver
Capabilities {acceptInsecureCerts: false, acceptSslCerts: false, applicationCacheEnabled: false, browserConnectionEnabled: false, browserName: chrome, chrome: {chromedriverVersion: 2.35.528161 (5b82f2d2aae0ca..., userDataDir: C:\Users\lbut\AppData\Local...}, cssSelectorsEnabled: true, databaseEnabled: false, handlesAlerts: true, hasTouchScreen: false, javascriptEnabled: true, locationContextEnabled: true, mobileEmulationEnabled: false, nativeEvents: true, networkConnectionEnabled: false, pageLoadStrategy: normal, platform: XP, platformName: XP, rotatable: false, setWindowRect: true, takesHeapSnapshot: true, takesScreenshot: true, unexpectedAlertBehaviour: , unhandledPromptBehavior: , version: 64.0.3282.186, webStorageEnabled: true}
Session ID: fb8d3b595df5557e837168d387987c29)]]></system-err>
      </testcase>
      <testcase name="Test Cases/Prototyp_Filialsuche (RC 18)/40_Testfall" classname="Test Cases/Prototyp_Filialsuche (RC 18)/40_Testfall" status="FAILED">
         <failure type="FAILED" message="Unable to click on object 'Object Repository/40_TF/Page_Filialsuche-wangen - BVR HTML/svg_dropdown-icons' (Root cause: org.openqa.selenium.WebDriverException: unknown error: Element &lt;span tabindex=&quot;0&quot; id=&quot;aps-dropdown-button&quot; role=&quot;combobox&quot; aria-expanded=&quot;false&quot; aria-autocomplete=&quot;list&quot; aria-owns=&quot;aps-dropdown-menu&quot; aria-haspopup=&quot;true&quot; class=&quot;ui-selectmenu-button ui-selectmenu-button-closed ui-corner-all ui-button ui-widget&quot; data-api-id=&quot;aps-dropdown&quot;>...&lt;/span> is not clickable at point (647, 757). Other element would receive the click: &lt;div class=&quot;ogr-preloader ogr-is-visible&quot; title=&quot;Lade...&quot;>...&lt;/div>
  (Session info: chrome=64.0.3282.186)
  (Driver info: chromedriver=2.35.528161 (5b82f2d2aae0ca24b877009200ced9065a772e73),platform=Windows NT 6.1.7601 SP1 x86_64) (WARNING: The server did not provide any stacktrace information)
Command duration or timeout: 0 milliseconds
Build info: version: '3.7.1', revision: '8a0099a', time: '2017-11-06T21:07:36.161Z'
System info: host: 'UNITB-DELL22', ip: '192.168.134.64', os.name: 'Windows 7', os.arch: 'amd64', os.version: '6.1', java.version: '1.8.0_102'
Driver info: com.kms.katalon.selenium.driver.CChromeDriver
Capabilities {acceptInsecureCerts: false, acceptSslCerts: false, applicationCacheEnabled: false, browserConnectionEnabled: false, browserName: chrome, chrome: {chromedriverVersion: 2.35.528161 (5b82f2d2aae0ca..., userDataDir: C:\Users\lbut\AppData\Local...}, cssSelectorsEnabled: true, databaseEnabled: false, handlesAlerts: true, hasTouchScreen: false, javascriptEnabled: true, locationContextEnabled: true, mobileEmulationEnabled: false, nativeEvents: true, networkConnectionEnabled: false, pageLoadStrategy: normal, platform: XP, platformName: XP, rotatable: false, setWindowRect: true, takesHeapSnapshot: true, takesScreenshot: true, unexpectedAlertBehaviour: , unhandledPromptBehavior: , version: 64.0.3282.186, webStorageEnabled: true}
Session ID: 9e01398ac75d447862fe8ea2ab696670)"/>
         <system-out><![CDATA[2018-03-13 10:57:47 - [TEST_CASE][FAILED] - Test Cases/Prototyp_Filialsuche (RC 18)/40_Testfall: Test Cases/Prototyp_Filialsuche (RC 18)/40_Testfall FAILED because (of) Unable to click on object 'Object Repository/40_TF/Page_Filialsuche-wangen - BVR HTML/svg_dropdown-icons' (Root cause: org.openqa.selenium.WebDriverException: unknown error: Element <span tabindex="0" id="aps-dropdown-button" role="combobox" aria-expanded="false" aria-autocomplete="list" aria-owns="aps-dropdown-menu" aria-haspopup="true" class="ui-selectmenu-button ui-selectmenu-button-closed ui-corner-all ui-button ui-widget" data-api-id="aps-dropdown">...</span> is not clickable at point (647, 757). Other element would receive the click: <div class="ogr-preloader ogr-is-visible" title="Lade...">...</div>
  (Session info: chrome=64.0.3282.186)
  (Driver info: chromedriver=2.35.528161 (5b82f2d2aae0ca24b877009200ced9065a772e73),platform=Windows NT 6.1.7601 SP1 x86_64) (WARNING: The server did not provide any stacktrace information)
Command duration or timeout: 0 milliseconds
Build info: version: '3.7.1', revision: '8a0099a', time: '2017-11-06T21:07:36.161Z'
System info: host: 'UNITB-DELL22', ip: '192.168.134.64', os.name: 'Windows 7', os.arch: 'amd64', os.version: '6.1', java.version: '1.8.0_102'
Driver info: com.kms.katalon.selenium.driver.CChromeDriver
Capabilities {acceptInsecureCerts: false, acceptSslCerts: false, applicationCacheEnabled: false, browserConnectionEnabled: false, browserName: chrome, chrome: {chromedriverVersion: 2.35.528161 (5b82f2d2aae0ca..., userDataDir: C:\Users\lbut\AppData\Local...}, cssSelectorsEnabled: true, databaseEnabled: false, handlesAlerts: true, hasTouchScreen: false, javascriptEnabled: true, locationContextEnabled: true, mobileEmulationEnabled: false, nativeEvents: true, networkConnectionEnabled: false, pageLoadStrategy: normal, platform: XP, platformName: XP, rotatable: false, setWindowRect: true, takesHeapSnapshot: true, takesScreenshot: true, unexpectedAlertBehaviour: , unhandledPromptBehavior: , version: 64.0.3282.186, webStorageEnabled: true}
Session ID: 9e01398ac75d447862fe8ea2ab696670)

2018-03-13 10:57:47 - [TEST_STEP][PASSED] - openBrowser: Browser is opened with url: ''

2018-03-13 10:57:47 - [MESSAGE][WARNING] - A browser is already opened. Closing browser and opening a new one

2018-03-13 10:57:50 - [MESSAGE][PASSED] - Browser is opened with url: ''

2018-03-13 10:57:50 - [TEST_STEP][PASSED] - deleteAllCookies: Delete all cookies successfully

2018-03-13 10:57:51 - [MESSAGE][PASSED] - Delete all cookies successfully

2018-03-13 10:57:51 - [TEST_STEP][PASSED] - maximizeWindow: Current window maximized

2018-03-13 10:57:52 - [MESSAGE][PASSED] - Current window maximized

2018-03-13 10:57:52 - [TEST_STEP][PASSED] - navigateToUrl: Navigate to 'http://rc-ogrhtmlprototyp.testintern/18-1-0/filialsuche-wangen.html' successfully

2018-03-13 10:57:55 - [MESSAGE][PASSED] - Navigate to 'http://rc-ogrhtmlprototyp.testintern/18-1-0/filialsuche-wangen.html' successfully

2018-03-13 10:57:55 - [TEST_STEP][PASSED] - delay: Delayed 2 second(s)

2018-03-13 10:57:57 - [MESSAGE][PASSED] - Delayed 2 second(s)

2018-03-13 10:57:57 - [TEST_STEP][FAILED] - click: Unable to click on object 'Object Repository/40_TF/Page_Filialsuche-wangen - BVR HTML/svg_dropdown-icons' (Root cause: org.openqa.selenium.WebDriverException: unknown error: Element <span tabindex="0" id="aps-dropdown-button" role="combobox" aria-expanded="false" aria-autocomplete="list" aria-owns="aps-dropdown-menu" aria-haspopup="true" class="ui-selectmenu-button ui-selectmenu-button-closed ui-corner-all ui-button ui-widget" data-api-id="aps-dropdown">...</span> is not clickable at point (647, 757). Other element would receive the click: <div class="ogr-preloader ogr-is-visible" title="Lade...">...</div>
  (Session info: chrome=64.0.3282.186)
  (Driver info: chromedriver=2.35.528161 (5b82f2d2aae0ca24b877009200ced9065a772e73),platform=Windows NT 6.1.7601 SP1 x86_64) (WARNING: The server did not provide any stacktrace information)
Command duration or timeout: 0 milliseconds
Build info: version: '3.7.1', revision: '8a0099a', time: '2017-11-06T21:07:36.161Z'
System info: host: 'UNITB-DELL22', ip: '192.168.134.64', os.name: 'Windows 7', os.arch: 'amd64', os.version: '6.1', java.version: '1.8.0_102'
Driver info: com.kms.katalon.selenium.driver.CChromeDriver
Capabilities {acceptInsecureCerts: false, acceptSslCerts: false, applicationCacheEnabled: false, browserConnectionEnabled: false, browserName: chrome, chrome: {chromedriverVersion: 2.35.528161 (5b82f2d2aae0ca..., userDataDir: C:\Users\lbut\AppData\Local...}, cssSelectorsEnabled: true, databaseEnabled: false, handlesAlerts: true, hasTouchScreen: false, javascriptEnabled: true, locationContextEnabled: true, mobileEmulationEnabled: false, nativeEvents: true, networkConnectionEnabled: false, pageLoadStrategy: normal, platform: XP, platformName: XP, rotatable: false, setWindowRect: true, takesHeapSnapshot: true, takesScreenshot: true, unexpectedAlertBehaviour: , unhandledPromptBehavior: , version: 64.0.3282.186, webStorageEnabled: true}
Session ID: 9e01398ac75d447862fe8ea2ab696670)

2018-03-13 10:57:57 - [MESSAGE][FAILED] - Unable to click on object 'Object Repository/40_TF/Page_Filialsuche-wangen - BVR HTML/svg_dropdown-icons' (Root cause: org.openqa.selenium.WebDriverException: unknown error: Element <span tabindex="0" id="aps-dropdown-button" role="combobox" aria-expanded="false" aria-autocomplete="list" aria-owns="aps-dropdown-menu" aria-haspopup="true" class="ui-selectmenu-button ui-selectmenu-button-closed ui-corner-all ui-button ui-widget" data-api-id="aps-dropdown">...</span> is not clickable at point (647, 757). Other element would receive the click: <div class="ogr-preloader ogr-is-visible" title="Lade...">...</div>
  (Session info: chrome=64.0.3282.186)
  (Driver info: chromedriver=2.35.528161 (5b82f2d2aae0ca24b877009200ced9065a772e73),platform=Windows NT 6.1.7601 SP1 x86_64) (WARNING: The server did not provide any stacktrace information)
Command duration or timeout: 0 milliseconds
Build info: version: '3.7.1', revision: '8a0099a', time: '2017-11-06T21:07:36.161Z'
System info: host: 'UNITB-DELL22', ip: '192.168.134.64', os.name: 'Windows 7', os.arch: 'amd64', os.version: '6.1', java.version: '1.8.0_102'
Driver info: com.kms.katalon.selenium.driver.CChromeDriver
Capabilities {acceptInsecureCerts: false, acceptSslCerts: false, applicationCacheEnabled: false, browserConnectionEnabled: false, browserName: chrome, chrome: {chromedriverVersion: 2.35.528161 (5b82f2d2aae0ca..., userDataDir: C:\Users\lbut\AppData\Local...}, cssSelectorsEnabled: true, databaseEnabled: false, handlesAlerts: true, hasTouchScreen: false, javascriptEnabled: true, locationContextEnabled: true, mobileEmulationEnabled: false, nativeEvents: true, networkConnectionEnabled: false, pageLoadStrategy: normal, platform: XP, platformName: XP, rotatable: false, setWindowRect: true, takesHeapSnapshot: true, takesScreenshot: true, unexpectedAlertBehaviour: , unhandledPromptBehavior: , version: 64.0.3282.186, webStorageEnabled: true}
Session ID: 9e01398ac75d447862fe8ea2ab696670)
[[ATTACHMENT|C:\\Users\\lbut\\Downloads\\Prototyp1_12_03\\Prototyp1\\Reports\\Prototyp Filialsuche (RC18) 13_03_2018\\20180313_104447\\1520935077118.png]]]]></system-out>
         <system-err><![CDATA[2018-03-13 10:57:47 - [TEST_CASE][FAILED] - Test Cases/Prototyp_Filialsuche (RC 18)/40_Testfall: Test Cases/Prototyp_Filialsuche (RC 18)/40_Testfall FAILED because (of) Unable to click on object 'Object Repository/40_TF/Page_Filialsuche-wangen - BVR HTML/svg_dropdown-icons' (Root cause: org.openqa.selenium.WebDriverException: unknown error: Element <span tabindex="0" id="aps-dropdown-button" role="combobox" aria-expanded="false" aria-autocomplete="list" aria-owns="aps-dropdown-menu" aria-haspopup="true" class="ui-selectmenu-button ui-selectmenu-button-closed ui-corner-all ui-button ui-widget" data-api-id="aps-dropdown">...</span> is not clickable at point (647, 757). Other element would receive the click: <div class="ogr-preloader ogr-is-visible" title="Lade...">...</div>
  (Session info: chrome=64.0.3282.186)
  (Driver info: chromedriver=2.35.528161 (5b82f2d2aae0ca24b877009200ced9065a772e73),platform=Windows NT 6.1.7601 SP1 x86_64) (WARNING: The server did not provide any stacktrace information)
Command duration or timeout: 0 milliseconds
Build info: version: '3.7.1', revision: '8a0099a', time: '2017-11-06T21:07:36.161Z'
System info: host: 'UNITB-DELL22', ip: '192.168.134.64', os.name: 'Windows 7', os.arch: 'amd64', os.version: '6.1', java.version: '1.8.0_102'
Driver info: com.kms.katalon.selenium.driver.CChromeDriver
Capabilities {acceptInsecureCerts: false, acceptSslCerts: false, applicationCacheEnabled: false, browserConnectionEnabled: false, browserName: chrome, chrome: {chromedriverVersion: 2.35.528161 (5b82f2d2aae0ca..., userDataDir: C:\Users\lbut\AppData\Local...}, cssSelectorsEnabled: true, databaseEnabled: false, handlesAlerts: true, hasTouchScreen: false, javascriptEnabled: true, locationContextEnabled: true, mobileEmulationEnabled: false, nativeEvents: true, networkConnectionEnabled: false, pageLoadStrategy: normal, platform: XP, platformName: XP, rotatable: false, setWindowRect: true, takesHeapSnapshot: true, takesScreenshot: true, unexpectedAlertBehaviour: , unhandledPromptBehavior: , version: 64.0.3282.186, webStorageEnabled: true}
Session ID: 9e01398ac75d447862fe8ea2ab696670)]]></system-err>
      </testcase>
      <testcase name="Test Cases/Prototyp_Filialsuche (RC 18)/41_Testfall" classname="Test Cases/Prototyp_Filialsuche (RC 18)/41_Testfall" status="PASSED">
         <system-out><![CDATA[2018-03-13 10:57:57 - [TEST_CASE][PASSED] - Test Cases/Prototyp_Filialsuche (RC 18)/41_Testfall: Test Cases/Prototyp_Filialsuche (RC 18)/41_Testfall

2018-03-13 10:57:57 - [TEST_STEP][PASSED] - openBrowser: Browser is opened with url: ''

2018-03-13 10:57:57 - [MESSAGE][WARNING] - A browser is already opened. Closing browser and opening a new one

2018-03-13 10:58:01 - [MESSAGE][PASSED] - Browser is opened with url: ''

2018-03-13 10:58:01 - [TEST_STEP][PASSED] - deleteAllCookies: Delete all cookies successfully

2018-03-13 10:58:01 - [MESSAGE][PASSED] - Delete all cookies successfully

2018-03-13 10:58:01 - [TEST_STEP][PASSED] - maximizeWindow: Current window maximized

2018-03-13 10:58:02 - [MESSAGE][PASSED] - Current window maximized

2018-03-13 10:58:02 - [TEST_STEP][PASSED] - navigateToUrl: Navigate to 'http://rc-ogrhtmlprototyp.testintern/18-1-0/filialsuche-nuernberg-textinput.html' successfully

2018-03-13 10:58:04 - [MESSAGE][PASSED] - Navigate to 'http://rc-ogrhtmlprototyp.testintern/18-1-0/filialsuche-nuernberg-textinput.html' successfully

2018-03-13 10:58:04 - [TEST_STEP][PASSED] - delay: Delayed 2 second(s)

2018-03-13 10:58:06 - [MESSAGE][PASSED] - Delayed 2 second(s)

2018-03-13 10:58:06 - [TEST_STEP][PASSED] - setText: Text 'Ansbach' is set on object 'Object Repository/Filialsuche_Inputtext'

2018-03-13 10:58:06 - [MESSAGE][PASSED] - Text 'Ansbach' is set on object 'Object Repository/Filialsuche_Inputtext'

2018-03-13 10:58:06 - [TEST_STEP][PASSED] - submit: The form containing object: 'Object Repository/Filialsuche_submit_button' is submitted

2018-03-13 10:58:06 - [MESSAGE][PASSED] - The form containing object: 'Object Repository/Filialsuche_submit_button' is submitted

2018-03-13 10:58:06 - [TEST_STEP][PASSED] - delay: Delayed 2 second(s)

2018-03-13 10:58:08 - [MESSAGE][PASSED] - Delayed 2 second(s)

2018-03-13 10:58:08 - [TEST_STEP][PASSED] - verifyTextPresent: Text 'Martin-Luther-Platz 20' is present on page 

2018-03-13 10:58:08 - [MESSAGE][PASSED] - Text 'Martin-Luther-Platz 20' is present on page 

2018-03-13 10:58:08 - [TEST_STEP][PASSED] - verifyTextPresent: Text 'PSD Bank Nürnberg eG' is present on page 

2018-03-13 10:58:08 - [MESSAGE][PASSED] - Text 'PSD Bank Nürnberg eG' is present on page 

2018-03-13 10:58:08 - [TEST_STEP][PASSED] - setText: Text 'nürnberg' is set on object 'Object Repository/Filialsuche_Inputtext'

2018-03-13 10:58:08 - [MESSAGE][PASSED] - Text 'nürnberg' is set on object 'Object Repository/Filialsuche_Inputtext'

2018-03-13 10:58:08 - [TEST_STEP][PASSED] - submit: The form containing object: 'Object Repository/Filialsuche_submit_button' is submitted

2018-03-13 10:58:08 - [MESSAGE][PASSED] - The form containing object: 'Object Repository/Filialsuche_submit_button' is submitted

2018-03-13 10:58:08 - [TEST_STEP][PASSED] - delay: Delayed 2 second(s)

2018-03-13 10:58:10 - [MESSAGE][PASSED] - Delayed 2 second(s)

2018-03-13 10:58:10 - [TEST_STEP][PASSED] - verifyTextPresent: Text 'PSD Bank Nürnberg eG' is present on page 

2018-03-13 10:58:11 - [MESSAGE][PASSED] - Text 'PSD Bank Nürnberg eG' is present on page 

2018-03-13 10:58:11 - [TEST_STEP][PASSED] - verifyTextPresent: Text 'Willy-Brandt-Platz 8' is present on page 

2018-03-13 10:58:11 - [MESSAGE][PASSED] - Text 'Willy-Brandt-Platz 8' is present on page 

2018-03-13 10:58:11 - [TEST_STEP][PASSED] - verifyTextPresent: Text '90402 Nürnberg' is present on page 

2018-03-13 10:58:11 - [MESSAGE][PASSED] - Text '90402 Nürnberg' is present on page 

2018-03-13 10:58:11 - [TEST_STEP][PASSED] - verifyTextPresent: Text 'Beratungsbüro Ansbach' is present on page 

2018-03-13 10:58:11 - [MESSAGE][PASSED] - Text 'Beratungsbüro Ansbach' is present on page 

2018-03-13 10:58:11 - [TEST_STEP][PASSED] - setText: Text 'Bamberg' is set on object 'Object Repository/41_TF/Page_Filialsuche-nuernberg-textinpu/input_city'

2018-03-13 10:58:11 - [MESSAGE][PASSED] - Text 'Bamberg' is set on object 'Object Repository/41_TF/Page_Filialsuche-nuernberg-textinpu/input_city'

2018-03-13 10:58:11 - [TEST_STEP][PASSED] - submit: The form containing object: 'Object Repository/Filialsuche_submit_button' is submitted

2018-03-13 10:58:11 - [MESSAGE][PASSED] - The form containing object: 'Object Repository/Filialsuche_submit_button' is submitted

2018-03-13 10:58:11 - [TEST_STEP][PASSED] - delay: Delayed 2 second(s)

2018-03-13 10:58:13 - [MESSAGE][PASSED] - Delayed 2 second(s)

2018-03-13 10:58:13 - [TEST_STEP][PASSED] - verifyTextPresent: Text 'PSD Bank Nürnberg eG, Filiale Bamberg' is present on page 

2018-03-13 10:58:13 - [MESSAGE][PASSED] - Text 'PSD Bank Nürnberg eG, Filiale Bamberg' is present on page 

2018-03-13 10:58:13 - [TEST_STEP][PASSED] - verifyTextPresent: Text 'Hauptwachstr. 11' is present on page 

2018-03-13 10:58:14 - [MESSAGE][PASSED] - Text 'Hauptwachstr. 11' is present on page 

2018-03-13 10:58:14 - [TEST_STEP][PASSED] - verifyTextPresent: Text '96047 Bamberg' is present on page 

2018-03-13 10:58:14 - [MESSAGE][PASSED] - Text '96047 Bamberg' is present on page 

2018-03-13 10:58:14 - [TEST_STEP][PASSED] - verifyTextPresent: Text 'Beratungsbüro Bayreuth' is present on page 

2018-03-13 10:58:14 - [MESSAGE][PASSED] - Text 'Beratungsbüro Bayreuth' is present on page 

2018-03-13 10:58:14 - [TEST_STEP][PASSED] - setText: Text 'Bayreuth' is set on object 'Object Repository/41_TF/Page_Filialsuche-nuernberg-textinpu/input_city'

2018-03-13 10:58:14 - [MESSAGE][PASSED] - Text 'Bayreuth' is set on object 'Object Repository/41_TF/Page_Filialsuche-nuernberg-textinpu/input_city'

2018-03-13 10:58:14 - [TEST_STEP][PASSED] - submit: The form containing object: 'Object Repository/Filialsuche_submit_button' is submitted

2018-03-13 10:58:14 - [MESSAGE][PASSED] - The form containing object: 'Object Repository/Filialsuche_submit_button' is submitted

2018-03-13 10:58:14 - [TEST_STEP][PASSED] - delay: Delayed 2 second(s)

2018-03-13 10:58:16 - [MESSAGE][PASSED] - Delayed 2 second(s)

2018-03-13 10:58:16 - [TEST_STEP][PASSED] - verifyTextPresent: Text 'Beratungsbüro Bayreuth' is present on page 

2018-03-13 10:58:16 - [MESSAGE][PASSED] - Text 'Beratungsbüro Bayreuth' is present on page 

2018-03-13 10:58:16 - [TEST_STEP][PASSED] - verifyTextPresent: Text 'Wölfelstraße 7' is present on page 

2018-03-13 10:58:16 - [MESSAGE][PASSED] - Text 'Wölfelstraße 7' is present on page 

2018-03-13 10:58:16 - [TEST_STEP][PASSED] - verifyTextPresent: Text '95444 Bayreuth' is present on page 

2018-03-13 10:58:17 - [MESSAGE][PASSED] - Text '95444 Bayreuth' is present on page 

2018-03-13 10:58:17 - [TEST_STEP][PASSED] - verifyTextPresent: Text 'PSD Bank Nürnberg eG, Filiale Bamberg' is present on page 

2018-03-13 10:58:17 - [MESSAGE][PASSED] - Text 'PSD Bank Nürnberg eG, Filiale Bamberg' is present on page 

2018-03-13 10:58:17 - [TEST_STEP][PASSED] - closeBrowser: Browser is closed

2018-03-13 10:58:18 - [MESSAGE][PASSED] - Browser is closed]]></system-out>
         <system-err><![CDATA[]]></system-err>
      </testcase>
      <testcase name="Test Cases/Prototyp_Filialsuche (RC 18)/42_Testfall" classname="Test Cases/Prototyp_Filialsuche (RC 18)/42_Testfall" status="PASSED">
         <system-out><![CDATA[2018-03-13 10:58:18 - [TEST_CASE][PASSED] - Test Cases/Prototyp_Filialsuche (RC 18)/42_Testfall: Test Cases/Prototyp_Filialsuche (RC 18)/42_Testfall

2018-03-13 10:58:18 - [TEST_STEP][PASSED] - openBrowser: Browser is opened with url: ''

2018-03-13 10:58:20 - [MESSAGE][PASSED] - Browser is opened with url: ''

2018-03-13 10:58:20 - [TEST_STEP][PASSED] - deleteAllCookies: Delete all cookies successfully

2018-03-13 10:58:20 - [MESSAGE][PASSED] - Delete all cookies successfully

2018-03-13 10:58:20 - [TEST_STEP][PASSED] - maximizeWindow: Current window maximized

2018-03-13 10:58:21 - [MESSAGE][PASSED] - Current window maximized

2018-03-13 10:58:21 - [TEST_STEP][PASSED] - navigateToUrl: Navigate to 'http://rc-ogrhtmlprototyp.testintern/18-1-0/filialsuche-nuernberg.html' successfully

2018-03-13 10:58:23 - [MESSAGE][PASSED] - Navigate to 'http://rc-ogrhtmlprototyp.testintern/18-1-0/filialsuche-nuernberg.html' successfully

2018-03-13 10:58:23 - [TEST_STEP][PASSED] - delay: Delayed 2 second(s)

2018-03-13 10:58:25 - [MESSAGE][PASSED] - Delayed 2 second(s)

2018-03-13 10:58:25 - [TEST_STEP][PASSED] - click: Object: 'Object Repository/42TF/Page_Filialsuche-nuernberg - BVR HT/span_PSD Bank Nrnberg eG' is clicked on

2018-03-13 10:58:27 - [MESSAGE][PASSED] - Object: 'Object Repository/42TF/Page_Filialsuche-nuernberg - BVR HT/span_PSD Bank Nrnberg eG' is clicked on

2018-03-13 10:58:27 - [TEST_STEP][PASSED] - verifyTextPresent: Text 'PSD Bank Nürnberg eG' is present on page 

2018-03-13 10:58:27 - [MESSAGE][PASSED] - Text 'PSD Bank Nürnberg eG' is present on page 

2018-03-13 10:58:27 - [TEST_STEP][PASSED] - verifyTextPresent: Text 'Willy-Brandt-Platz 8' is present on page 

2018-03-13 10:58:28 - [MESSAGE][PASSED] - Text 'Willy-Brandt-Platz 8' is present on page 

2018-03-13 10:58:28 - [TEST_STEP][PASSED] - verifyTextPresent: Text '90402 Nürnberg' is present on page 

2018-03-13 10:58:28 - [MESSAGE][PASSED] - Text '90402 Nürnberg' is present on page 

2018-03-13 10:58:28 - [TEST_STEP][PASSED] - click: Object: 'Object Repository/42TF/Page_Filialsuche-nuernberg - BVR HT/span_Beratungsbro Ansbach' is clicked on

2018-03-13 10:58:28 - [MESSAGE][PASSED] - Object: 'Object Repository/42TF/Page_Filialsuche-nuernberg - BVR HT/span_Beratungsbro Ansbach' is clicked on

2018-03-13 10:58:28 - [TEST_STEP][PASSED] - verifyTextPresent: Text 'Beratungsbüro Ansbach' is present on page 

2018-03-13 10:58:28 - [MESSAGE][PASSED] - Text 'Beratungsbüro Ansbach' is present on page 

2018-03-13 10:58:28 - [TEST_STEP][PASSED] - verifyTextPresent: Text 'Martin-Luther-Platz 20' is present on page 

2018-03-13 10:58:29 - [MESSAGE][PASSED] - Text 'Martin-Luther-Platz 20' is present on page 

2018-03-13 10:58:29 - [TEST_STEP][PASSED] - verifyTextPresent: Text '91522 Ansbach' is present on page 

2018-03-13 10:58:29 - [MESSAGE][PASSED] - Text '91522 Ansbach' is present on page 

2018-03-13 10:58:29 - [TEST_STEP][PASSED] - click: Object: 'Object Repository/42TF/Page_Filialsuche-nuernberg - BVR HT/span_PSD Bank Nrnberg eG Filia' is clicked on

2018-03-13 10:58:29 - [MESSAGE][PASSED] - Object: 'Object Repository/42TF/Page_Filialsuche-nuernberg - BVR HT/span_PSD Bank Nrnberg eG Filia' is clicked on

2018-03-13 10:58:29 - [TEST_STEP][PASSED] - verifyTextPresent: Text 'PSD Bank Nürnberg eG, Filiale Bamberg' is present on page 

2018-03-13 10:58:29 - [MESSAGE][PASSED] - Text 'PSD Bank Nürnberg eG, Filiale Bamberg' is present on page 

2018-03-13 10:58:29 - [TEST_STEP][PASSED] - verifyTextPresent: Text 'Hauptwachstr. 11' is present on page 

2018-03-13 10:58:30 - [MESSAGE][PASSED] - Text 'Hauptwachstr. 11' is present on page 

2018-03-13 10:58:30 - [TEST_STEP][PASSED] - verifyTextPresent: Text '96047 Bamberg' is present on page 

2018-03-13 10:58:30 - [MESSAGE][PASSED] - Text '96047 Bamberg' is present on page 

2018-03-13 10:58:30 - [TEST_STEP][PASSED] - click: Object: 'Object Repository/42TF/Page_Filialsuche-nuernberg - BVR HT/span_Beratungsbro Bayreuth' is clicked on

2018-03-13 10:58:30 - [MESSAGE][PASSED] - Object: 'Object Repository/42TF/Page_Filialsuche-nuernberg - BVR HT/span_Beratungsbro Bayreuth' is clicked on

2018-03-13 10:58:30 - [TEST_STEP][PASSED] - verifyTextPresent: Text 'Beratungsbüro Bayreuth' is present on page 

2018-03-13 10:58:30 - [MESSAGE][PASSED] - Text 'Beratungsbüro Bayreuth' is present on page 

2018-03-13 10:58:30 - [TEST_STEP][PASSED] - verifyTextPresent: Text 'Wölfelstraße 7' is present on page 

2018-03-13 10:58:31 - [MESSAGE][PASSED] - Text 'Wölfelstraße 7' is present on page 

2018-03-13 10:58:31 - [TEST_STEP][PASSED] - verifyTextPresent: Text '95444 Bayreuth' is present on page 

2018-03-13 10:58:31 - [MESSAGE][PASSED] - Text '95444 Bayreuth' is present on page 

2018-03-13 10:58:31 - [TEST_STEP][PASSED] - click: Object: 'Object Repository/42TF/Page_Filialsuche-nuernberg - BVR HT/span_Beratungsbro Regensburg' is clicked on

2018-03-13 10:58:31 - [MESSAGE][PASSED] - Object: 'Object Repository/42TF/Page_Filialsuche-nuernberg - BVR HT/span_Beratungsbro Regensburg' is clicked on

2018-03-13 10:58:31 - [TEST_STEP][PASSED] - verifyTextPresent: Text 'Beratungsbüro Regensburg' is present on page 

2018-03-13 10:58:31 - [MESSAGE][PASSED] - Text 'Beratungsbüro Regensburg' is present on page 

2018-03-13 10:58:31 - [TEST_STEP][PASSED] - verifyTextPresent: Text 'Dr.-Leo-Ritter-Str. 2 (1. OG)' is present on page 

2018-03-13 10:58:31 - [MESSAGE][PASSED] - Text 'Dr.-Leo-Ritter-Str. 2 (1. OG)' is present on page 

2018-03-13 10:58:31 - [TEST_STEP][PASSED] - verifyTextPresent: Text '93049 Regensburg' is present on page 

2018-03-13 10:58:32 - [MESSAGE][PASSED] - Text '93049 Regensburg' is present on page 

2018-03-13 10:58:32 - [TEST_STEP][PASSED] - click: Object: 'Object Repository/42TF/Page_Filialsuche-nuernberg - BVR HT/span_PSD Bank Nrnberg eG Filia_1' is clicked on

2018-03-13 10:58:32 - [MESSAGE][PASSED] - Object: 'Object Repository/42TF/Page_Filialsuche-nuernberg - BVR HT/span_PSD Bank Nrnberg eG Filia_1' is clicked on

2018-03-13 10:58:32 - [TEST_STEP][PASSED] - verifyTextPresent: Text 'PSD Bank Nürnberg eG, Filiale Würzburg' is present on page 

2018-03-13 10:58:32 - [MESSAGE][PASSED] - Text 'PSD Bank Nürnberg eG, Filiale Würzburg' is present on page 

2018-03-13 10:58:32 - [TEST_STEP][PASSED] - verifyTextPresent: Text 'Ludwigstr. 22' is present on page 

2018-03-13 10:58:32 - [MESSAGE][PASSED] - Text 'Ludwigstr. 22' is present on page 

2018-03-13 10:58:32 - [TEST_STEP][PASSED] - verifyTextPresent: Text '97070 Würzburg' is present on page 

2018-03-13 10:58:33 - [MESSAGE][PASSED] - Text '97070 Würzburg' is present on page 

2018-03-13 10:58:33 - [TEST_STEP][PASSED] - click: Object: 'Object Repository/42TF/Page_Filialsuche-nuernberg - BVR HT/a_Weiter' is clicked on

2018-03-13 10:58:33 - [MESSAGE][PASSED] - Object: 'Object Repository/42TF/Page_Filialsuche-nuernberg - BVR HT/a_Weiter' is clicked on

2018-03-13 10:58:33 - [TEST_STEP][PASSED] - click: Object: 'Object Repository/42TF/Page_Filialsuche-nuernberg - BVR HT (1)/span_Beratungsbro Aschaffenbur' is clicked on

2018-03-13 10:58:33 - [MESSAGE][PASSED] - Object: 'Object Repository/42TF/Page_Filialsuche-nuernberg - BVR HT (1)/span_Beratungsbro Aschaffenbur' is clicked on

2018-03-13 10:58:33 - [TEST_STEP][PASSED] - verifyTextPresent: Text 'Beratungsbüro Aschaffenburg' is present on page 

2018-03-13 10:58:33 - [MESSAGE][PASSED] - Text 'Beratungsbüro Aschaffenburg' is present on page 

2018-03-13 10:58:33 - [TEST_STEP][PASSED] - verifyTextPresent: Text 'Ludwigstr. 25' is present on page 

2018-03-13 10:58:33 - [MESSAGE][PASSED] - Text 'Ludwigstr. 25' is present on page 

2018-03-13 10:58:33 - [TEST_STEP][PASSED] - verifyTextPresent: Text '63739 Aschaffenburg' is present on page 

2018-03-13 10:58:34 - [MESSAGE][PASSED] - Text '63739 Aschaffenburg' is present on page 

2018-03-13 10:58:34 - [TEST_STEP][PASSED] - click: Object: 'Object Repository/42TF/Page_Filialsuche-nuernberg - BVR HT (1)/span_PSD Bank Nrnberg eG Filia' is clicked on

2018-03-13 10:58:34 - [MESSAGE][PASSED] - Object: 'Object Repository/42TF/Page_Filialsuche-nuernberg - BVR HT (1)/span_PSD Bank Nrnberg eG Filia' is clicked on

2018-03-13 10:58:34 - [TEST_STEP][PASSED] - verifyTextPresent: Text 'PSD Bank Nürnberg eG, Filiale Chemnitz' is present on page 

2018-03-13 10:58:34 - [MESSAGE][PASSED] - Text 'PSD Bank Nürnberg eG, Filiale Chemnitz' is present on page 

2018-03-13 10:58:34 - [TEST_STEP][PASSED] - verifyTextPresent: Text 'Bahnhofstraße 54a' is present on page 

2018-03-13 10:58:34 - [MESSAGE][PASSED] - Text 'Bahnhofstraße 54a' is present on page 

2018-03-13 10:58:34 - [TEST_STEP][PASSED] - verifyTextPresent: Text '09111 Chemnitz' is present on page 

2018-03-13 10:58:34 - [MESSAGE][PASSED] - Text '09111 Chemnitz' is present on page 

2018-03-13 10:58:34 - [TEST_STEP][PASSED] - click: Object: 'Object Repository/42TF/Page_Filialsuche-nuernberg - BVR HT (1)/span_PSD Bank Nrnberg eG Filia_1' is clicked on

2018-03-13 10:58:35 - [MESSAGE][PASSED] - Object: 'Object Repository/42TF/Page_Filialsuche-nuernberg - BVR HT (1)/span_PSD Bank Nrnberg eG Filia_1' is clicked on

2018-03-13 10:58:35 - [TEST_STEP][PASSED] - verifyTextPresent: Text 'PSD Bank Nürnberg eG, Filiale Leipzig' is present on page 

2018-03-13 10:58:35 - [MESSAGE][PASSED] - Text 'PSD Bank Nürnberg eG, Filiale Leipzig' is present on page 

2018-03-13 10:58:35 - [TEST_STEP][PASSED] - verifyTextPresent: Text 'Brühl 65' is present on page 

2018-03-13 10:58:35 - [MESSAGE][PASSED] - Text 'Brühl 65' is present on page 

2018-03-13 10:58:35 - [TEST_STEP][PASSED] - verifyTextPresent: Text '04109 Leipzig' is present on page 

2018-03-13 10:58:35 - [MESSAGE][PASSED] - Text '04109 Leipzig' is present on page 

2018-03-13 10:58:35 - [TEST_STEP][PASSED] - click: Object: 'Object Repository/42TF/Page_Filialsuche-nuernberg - BVR HT (1)/span_PSD Bank Nrnberg eG Filia_2' is clicked on

2018-03-13 10:58:36 - [MESSAGE][PASSED] - Object: 'Object Repository/42TF/Page_Filialsuche-nuernberg - BVR HT (1)/span_PSD Bank Nrnberg eG Filia_2' is clicked on

2018-03-13 10:58:36 - [TEST_STEP][PASSED] - verifyTextPresent: Text 'PSD Bank Nürnberg eG, Filiale Dresden' is present on page 

2018-03-13 10:58:36 - [MESSAGE][PASSED] - Text 'PSD Bank Nürnberg eG, Filiale Dresden' is present on page 

2018-03-13 10:58:36 - [TEST_STEP][PASSED] - verifyTextPresent: Text 'Hauptstr. 36' is present on page 

2018-03-13 10:58:36 - [MESSAGE][PASSED] - Text 'Hauptstr. 36' is present on page 

2018-03-13 10:58:36 - [TEST_STEP][PASSED] - verifyTextPresent: Text '01097 Dresden' is present on page 

2018-03-13 10:58:36 - [MESSAGE][PASSED] - Text '01097 Dresden' is present on page 

2018-03-13 10:58:36 - [TEST_STEP][PASSED] - click: Object: 'Object Repository/42TF/Page_Filialsuche-nuernberg - BVR HT/a_1' is clicked on

2018-03-13 10:58:37 - [MESSAGE][PASSED] - Object: 'Object Repository/42TF/Page_Filialsuche-nuernberg - BVR HT/a_1' is clicked on

2018-03-13 10:58:37 - [TEST_STEP][PASSED] - delay: Delayed 2 second(s)

2018-03-13 10:58:39 - [MESSAGE][PASSED] - Delayed 2 second(s)

2018-03-13 10:58:39 - [TEST_STEP][PASSED] - click: Object: 'Object Repository/42TF/Page_Filialsuche-nuernberg - BVR HT (2)/svg_dropdown-icons' is clicked on

2018-03-13 10:58:39 - [MESSAGE][PASSED] - Object: 'Object Repository/42TF/Page_Filialsuche-nuernberg - BVR HT (2)/svg_dropdown-icons' is clicked on

2018-03-13 10:58:39 - [TEST_STEP][PASSED] - delay: Delayed 2 second(s)

2018-03-13 10:58:41 - [MESSAGE][PASSED] - Delayed 2 second(s)

2018-03-13 10:58:41 - [TEST_STEP][PASSED] - mouseOver: Object: 'Object Repository/42TF/Page_Filialsuche-nuernberg - BVR HT (2)/div_Ansbach' is hovered

2018-03-13 10:58:41 - [MESSAGE][PASSED] - Object: 'Object Repository/42TF/Page_Filialsuche-nuernberg - BVR HT (2)/div_Ansbach' is hovered

2018-03-13 10:58:41 - [TEST_STEP][PASSED] - click: Object: 'Object Repository/42TF/Page_Filialsuche-nuernberg - BVR HT (2)/div_Ansbach' is clicked on

2018-03-13 10:58:41 - [MESSAGE][PASSED] - Object: 'Object Repository/42TF/Page_Filialsuche-nuernberg - BVR HT (2)/div_Ansbach' is clicked on

2018-03-13 10:58:41 - [TEST_STEP][PASSED] - delay: Delayed 2 second(s)

2018-03-13 10:58:43 - [MESSAGE][PASSED] - Delayed 2 second(s)

2018-03-13 10:58:43 - [TEST_STEP][PASSED] - verifyTextPresent: Text 'Martin-Luther-Platz 20' is present on page 

2018-03-13 10:58:43 - [MESSAGE][PASSED] - Text 'Martin-Luther-Platz 20' is present on page 

2018-03-13 10:58:43 - [TEST_STEP][PASSED] - verifyTextPresent: Text '91522 Ansbach' is present on page 

2018-03-13 10:58:43 - [MESSAGE][PASSED] - Text '91522 Ansbach' is present on page 

2018-03-13 10:58:43 - [TEST_STEP][PASSED] - verifyTextPresent: Text 'Beratungsbüro Ansbach' is present on page 

2018-03-13 10:58:43 - [MESSAGE][PASSED] - Text 'Beratungsbüro Ansbach' is present on page 

2018-03-13 10:58:43 - [TEST_STEP][PASSED] - click: Object: 'Object Repository/42TF/Page_Filialsuche-nuernberg - BVR HT (2)/svg_dropdown-icons' is clicked on

2018-03-13 10:58:43 - [MESSAGE][PASSED] - Object: 'Object Repository/42TF/Page_Filialsuche-nuernberg - BVR HT (2)/svg_dropdown-icons' is clicked on

2018-03-13 10:58:43 - [TEST_STEP][PASSED] - delay: Delayed 2 second(s)

2018-03-13 10:58:45 - [MESSAGE][PASSED] - Delayed 2 second(s)

2018-03-13 10:58:45 - [TEST_STEP][PASSED] - mouseOver: Object: 'Object Repository/42TF/Page_Filialsuche-nuernberg - BVR HT (2)/div_Aschaffenburg' is hovered

2018-03-13 10:58:45 - [MESSAGE][PASSED] - Object: 'Object Repository/42TF/Page_Filialsuche-nuernberg - BVR HT (2)/div_Aschaffenburg' is hovered

2018-03-13 10:58:45 - [TEST_STEP][PASSED] - click: Object: 'Object Repository/42TF/Page_Filialsuche-nuernberg - BVR HT (2)/div_Aschaffenburg' is clicked on

2018-03-13 10:58:45 - [MESSAGE][PASSED] - Object: 'Object Repository/42TF/Page_Filialsuche-nuernberg - BVR HT (2)/div_Aschaffenburg' is clicked on

2018-03-13 10:58:45 - [TEST_STEP][PASSED] - delay: Delayed 2 second(s)

2018-03-13 10:58:47 - [MESSAGE][PASSED] - Delayed 2 second(s)

2018-03-13 10:58:47 - [TEST_STEP][PASSED] - verifyTextPresent: Text 'Beratungsbüro Aschaffenburg' is present on page 

2018-03-13 10:58:48 - [MESSAGE][PASSED] - Text 'Beratungsbüro Aschaffenburg' is present on page 

2018-03-13 10:58:48 - [TEST_STEP][PASSED] - verifyTextPresent: Text 'Ludwigstr. 25' is present on page 

2018-03-13 10:58:48 - [MESSAGE][PASSED] - Text 'Ludwigstr. 25' is present on page 

2018-03-13 10:58:48 - [TEST_STEP][PASSED] - verifyTextPresent: Text '63739 Aschaffenburg' is present on page 

2018-03-13 10:58:48 - [MESSAGE][PASSED] - Text '63739 Aschaffenburg' is present on page 

2018-03-13 10:58:48 - [TEST_STEP][PASSED] - click: Object: 'Object Repository/42TF/Page_Filialsuche-nuernberg - BVR HT (2)/svg_dropdown-icons' is clicked on

2018-03-13 10:58:48 - [MESSAGE][PASSED] - Object: 'Object Repository/42TF/Page_Filialsuche-nuernberg - BVR HT (2)/svg_dropdown-icons' is clicked on

2018-03-13 10:58:48 - [TEST_STEP][PASSED] - delay: Delayed 2 second(s)

2018-03-13 10:58:50 - [MESSAGE][PASSED] - Delayed 2 second(s)

2018-03-13 10:58:50 - [TEST_STEP][PASSED] - mouseOver: Object: 'Object Repository/42TF/Page_Filialsuche-nuernberg - BVR HT (2)/div_Bamberg' is hovered

2018-03-13 10:58:50 - [MESSAGE][PASSED] - Object: 'Object Repository/42TF/Page_Filialsuche-nuernberg - BVR HT (2)/div_Bamberg' is hovered

2018-03-13 10:58:50 - [TEST_STEP][PASSED] - click: Object: 'Object Repository/42TF/Page_Filialsuche-nuernberg - BVR HT (2)/div_Bamberg' is clicked on

2018-03-13 10:58:50 - [MESSAGE][PASSED] - Object: 'Object Repository/42TF/Page_Filialsuche-nuernberg - BVR HT (2)/div_Bamberg' is clicked on

2018-03-13 10:58:50 - [TEST_STEP][PASSED] - delay: Delayed 2 second(s)

2018-03-13 10:58:52 - [MESSAGE][PASSED] - Delayed 2 second(s)

2018-03-13 10:58:52 - [TEST_STEP][PASSED] - verifyTextPresent: Text 'PSD Bank Nürnberg eG, Filiale Bamberg' is present on page 

2018-03-13 10:58:52 - [MESSAGE][PASSED] - Text 'PSD Bank Nürnberg eG, Filiale Bamberg' is present on page 

2018-03-13 10:58:52 - [TEST_STEP][PASSED] - verifyTextPresent: Text 'Hauptwachstr. 11' is present on page 

2018-03-13 10:58:52 - [MESSAGE][PASSED] - Text 'Hauptwachstr. 11' is present on page 

2018-03-13 10:58:52 - [TEST_STEP][PASSED] - verifyTextPresent: Text '96047 Bamberg' is present on page 

2018-03-13 10:58:52 - [MESSAGE][PASSED] - Text '96047 Bamberg' is present on page 

2018-03-13 10:58:52 - [TEST_STEP][PASSED] - click: Object: 'Object Repository/42TF/Page_Filialsuche-nuernberg - BVR HT (2)/svg_dropdown-icons' is clicked on

2018-03-13 10:58:53 - [MESSAGE][PASSED] - Object: 'Object Repository/42TF/Page_Filialsuche-nuernberg - BVR HT (2)/svg_dropdown-icons' is clicked on

2018-03-13 10:58:53 - [TEST_STEP][PASSED] - delay: Delayed 2 second(s)

2018-03-13 10:58:55 - [MESSAGE][PASSED] - Delayed 2 second(s)

2018-03-13 10:58:55 - [TEST_STEP][PASSED] - mouseOver: Object: 'Object Repository/42TF/Page_Filialsuche-nuernberg - BVR HT (2)/div_Chemnitz' is hovered

2018-03-13 10:58:55 - [MESSAGE][PASSED] - Object: 'Object Repository/42TF/Page_Filialsuche-nuernberg - BVR HT (2)/div_Chemnitz' is hovered

2018-03-13 10:58:55 - [TEST_STEP][PASSED] - click: Object: 'Object Repository/42TF/Page_Filialsuche-nuernberg - BVR HT (2)/div_Chemnitz' is clicked on

2018-03-13 10:58:55 - [MESSAGE][PASSED] - Object: 'Object Repository/42TF/Page_Filialsuche-nuernberg - BVR HT (2)/div_Chemnitz' is clicked on

2018-03-13 10:58:55 - [TEST_STEP][PASSED] - delay: Delayed 2 second(s)

2018-03-13 10:58:57 - [MESSAGE][PASSED] - Delayed 2 second(s)

2018-03-13 10:58:57 - [TEST_STEP][PASSED] - verifyTextPresent: Text 'PSD Bank Nürnberg eG, Filiale Chemnitz' is present on page 

2018-03-13 10:58:57 - [MESSAGE][PASSED] - Text 'PSD Bank Nürnberg eG, Filiale Chemnitz' is present on page 

2018-03-13 10:58:57 - [TEST_STEP][PASSED] - verifyTextPresent: Text 'Bahnhofstraße 54a' is present on page 

2018-03-13 10:58:57 - [MESSAGE][PASSED] - Text 'Bahnhofstraße 54a' is present on page 

2018-03-13 10:58:57 - [TEST_STEP][PASSED] - verifyTextPresent: Text '09111 Chemnitz' is present on page 

2018-03-13 10:58:57 - [MESSAGE][PASSED] - Text '09111 Chemnitz' is present on page 

2018-03-13 10:58:57 - [TEST_STEP][PASSED] - click: Object: 'Object Repository/42TF/Page_Filialsuche-nuernberg - BVR HT (2)/svg_dropdown-icons' is clicked on

2018-03-13 10:58:57 - [MESSAGE][PASSED] - Object: 'Object Repository/42TF/Page_Filialsuche-nuernberg - BVR HT (2)/svg_dropdown-icons' is clicked on

2018-03-13 10:58:57 - [TEST_STEP][PASSED] - delay: Delayed 2 second(s)

2018-03-13 10:58:59 - [MESSAGE][PASSED] - Delayed 2 second(s)

2018-03-13 10:58:59 - [TEST_STEP][PASSED] - mouseOver: Object: 'Object Repository/42TF/Page_Filialsuche-nuernberg - BVR HT (2)/div_Leipzig' is hovered

2018-03-13 10:58:59 - [MESSAGE][PASSED] - Object: 'Object Repository/42TF/Page_Filialsuche-nuernberg - BVR HT (2)/div_Leipzig' is hovered

2018-03-13 10:58:59 - [TEST_STEP][PASSED] - click: Object: 'Object Repository/42TF/Page_Filialsuche-nuernberg - BVR HT (2)/div_Leipzig' is clicked on

2018-03-13 10:58:59 - [MESSAGE][PASSED] - Object: 'Object Repository/42TF/Page_Filialsuche-nuernberg - BVR HT (2)/div_Leipzig' is clicked on

2018-03-13 10:58:59 - [TEST_STEP][PASSED] - delay: Delayed 2 second(s)

2018-03-13 10:59:01 - [MESSAGE][PASSED] - Delayed 2 second(s)

2018-03-13 10:59:01 - [TEST_STEP][PASSED] - verifyTextPresent: Text 'PSD Bank Nürnberg eG, Filiale Leipzig' is present on page 

2018-03-13 10:59:02 - [MESSAGE][PASSED] - Text 'PSD Bank Nürnberg eG, Filiale Leipzig' is present on page 

2018-03-13 10:59:02 - [TEST_STEP][PASSED] - verifyTextPresent: Text 'Brühl 65' is present on page 

2018-03-13 10:59:02 - [MESSAGE][PASSED] - Text 'Brühl 65' is present on page 

2018-03-13 10:59:02 - [TEST_STEP][PASSED] - verifyTextPresent: Text '04109 Leipzig' is present on page 

2018-03-13 10:59:02 - [MESSAGE][PASSED] - Text '04109 Leipzig' is present on page 

2018-03-13 10:59:02 - [TEST_STEP][PASSED] - click: Object: 'Object Repository/42TF/Page_Filialsuche-nuernberg - BVR HT (2)/svg_dropdown-icons' is clicked on

2018-03-13 10:59:02 - [MESSAGE][PASSED] - Object: 'Object Repository/42TF/Page_Filialsuche-nuernberg - BVR HT (2)/svg_dropdown-icons' is clicked on

2018-03-13 10:59:02 - [TEST_STEP][PASSED] - delay: Delayed 2 second(s)

2018-03-13 10:59:04 - [MESSAGE][PASSED] - Delayed 2 second(s)

2018-03-13 10:59:04 - [TEST_STEP][PASSED] - mouseOver: Object: 'Object Repository/42TF/Page_Filialsuche-nuernberg - BVR HT (2)/div_Regensburg' is hovered

2018-03-13 10:59:04 - [MESSAGE][PASSED] - Object: 'Object Repository/42TF/Page_Filialsuche-nuernberg - BVR HT (2)/div_Regensburg' is hovered

2018-03-13 10:59:04 - [TEST_STEP][PASSED] - click: Object: 'Object Repository/42TF/Page_Filialsuche-nuernberg - BVR HT (2)/div_Regensburg' is clicked on

2018-03-13 10:59:04 - [MESSAGE][PASSED] - Object: 'Object Repository/42TF/Page_Filialsuche-nuernberg - BVR HT (2)/div_Regensburg' is clicked on

2018-03-13 10:59:04 - [TEST_STEP][PASSED] - delay: Delayed 2 second(s)

2018-03-13 10:59:06 - [MESSAGE][PASSED] - Delayed 2 second(s)

2018-03-13 10:59:06 - [TEST_STEP][PASSED] - verifyTextPresent: Text 'Beratungsbüro Regensburg' is present on page 

2018-03-13 10:59:06 - [MESSAGE][PASSED] - Text 'Beratungsbüro Regensburg' is present on page 

2018-03-13 10:59:06 - [TEST_STEP][PASSED] - verifyTextPresent: Text 'Dr.-Leo-Ritter-Str. 2 (1. OG)' is present on page 

2018-03-13 10:59:06 - [MESSAGE][PASSED] - Text 'Dr.-Leo-Ritter-Str. 2 (1. OG)' is present on page 

2018-03-13 10:59:06 - [TEST_STEP][PASSED] - verifyTextPresent: Text '93049 Regensburg' is present on page 

2018-03-13 10:59:07 - [MESSAGE][PASSED] - Text '93049 Regensburg' is present on page 

2018-03-13 10:59:07 - [TEST_STEP][PASSED] - click: Object: 'Object Repository/42TF/Page_Filialsuche-nuernberg - BVR HT (2)/svg_dropdown-icons' is clicked on

2018-03-13 10:59:07 - [MESSAGE][PASSED] - Object: 'Object Repository/42TF/Page_Filialsuche-nuernberg - BVR HT (2)/svg_dropdown-icons' is clicked on

2018-03-13 10:59:07 - [TEST_STEP][PASSED] - delay: Delayed 2 second(s)

2018-03-13 10:59:09 - [MESSAGE][PASSED] - Delayed 2 second(s)

2018-03-13 10:59:09 - [TEST_STEP][PASSED] - mouseOver: Object: 'Object Repository/42TF/Page_Filialsuche-nuernberg - BVR HT (2)/div_Wrzburg' is hovered

2018-03-13 10:59:09 - [MESSAGE][PASSED] - Object: 'Object Repository/42TF/Page_Filialsuche-nuernberg - BVR HT (2)/div_Wrzburg' is hovered

2018-03-13 10:59:09 - [TEST_STEP][PASSED] - click: Object: 'Object Repository/42TF/Page_Filialsuche-nuernberg - BVR HT (2)/div_Wrzburg' is clicked on

2018-03-13 10:59:09 - [MESSAGE][PASSED] - Object: 'Object Repository/42TF/Page_Filialsuche-nuernberg - BVR HT (2)/div_Wrzburg' is clicked on

2018-03-13 10:59:09 - [TEST_STEP][PASSED] - delay: Delayed 2 second(s)

2018-03-13 10:59:11 - [MESSAGE][PASSED] - Delayed 2 second(s)

2018-03-13 10:59:11 - [TEST_STEP][PASSED] - verifyTextPresent: Text 'PSD Bank Nürnberg eG, Filiale Würzburg' is present on page 

2018-03-13 10:59:11 - [MESSAGE][PASSED] - Text 'PSD Bank Nürnberg eG, Filiale Würzburg' is present on page 

2018-03-13 10:59:11 - [TEST_STEP][PASSED] - verifyTextPresent: Text 'Ludwigstr. 22' is present on page 

2018-03-13 10:59:11 - [MESSAGE][PASSED] - Text 'Ludwigstr. 22' is present on page 

2018-03-13 10:59:11 - [TEST_STEP][PASSED] - verifyTextPresent: Text '97070 Würzburg' is present on page 

2018-03-13 10:59:11 - [MESSAGE][PASSED] - Text '97070 Würzburg' is present on page 

2018-03-13 10:59:11 - [TEST_STEP][PASSED] - closeBrowser: Browser is closed

2018-03-13 10:59:12 - [MESSAGE][PASSED] - Browser is closed]]></system-out>
         <system-err><![CDATA[]]></system-err>
      </testcase>
      <testcase name="Test Cases/Prototyp_Filialsuche (RC 18)/43_Testfall" classname="Test Cases/Prototyp_Filialsuche (RC 18)/43_Testfall" status="PASSED">
         <system-out><![CDATA[2018-03-13 10:59:12 - [TEST_CASE][PASSED] - Test Cases/Prototyp_Filialsuche (RC 18)/43_Testfall: Test Cases/Prototyp_Filialsuche (RC 18)/43_Testfall

2018-03-13 10:59:12 - [TEST_STEP][PASSED] - openBrowser: Browser is opened with url: ''

2018-03-13 10:59:14 - [MESSAGE][PASSED] - Browser is opened with url: ''

2018-03-13 10:59:14 - [TEST_STEP][PASSED] - deleteAllCookies: Delete all cookies successfully

2018-03-13 10:59:15 - [MESSAGE][PASSED] - Delete all cookies successfully

2018-03-13 10:59:15 - [TEST_STEP][PASSED] - maximizeWindow: Current window maximized

2018-03-13 10:59:16 - [MESSAGE][PASSED] - Current window maximized

2018-03-13 10:59:16 - [TEST_STEP][PASSED] - navigateToUrl: Navigate to 'http://rc-ogrhtmlprototyp.testintern/18-1-0/filialsuche-nuernberg.html' successfully

2018-03-13 10:59:18 - [MESSAGE][PASSED] - Navigate to 'http://rc-ogrhtmlprototyp.testintern/18-1-0/filialsuche-nuernberg.html' successfully

2018-03-13 10:59:18 - [TEST_STEP][PASSED] - delay: Delayed 5 second(s)

2018-03-13 10:59:23 - [MESSAGE][PASSED] - Delayed 5 second(s)

2018-03-13 10:59:23 - [TEST_STEP][PASSED] - Statement - wes1 = com.kms.katalon.core.webui.common.WebUiCommonHelper.findWebElements(com.kms.katalon.core.testobject.ObjectRepository.findTestObject(filial_map), 5): Found 10 web elements with id: 'Object Repository/filial_map' located by 'By.xpath: //div[@class='aps-map__custom-marker']' in '5' second(s)

2018-03-13 10:59:23 - [TEST_STEP][PASSED] - Statement - wes2 = com.kms.katalon.core.webui.common.WebUiCommonHelper.findWebElements(com.kms.katalon.core.testobject.ObjectRepository.findTestObject(loc_steet_filialsuche), 5): Found 10 web elements with id: 'Object Repository/loc_steet_filialsuche' located by 'By.xpath: //div[@class='loc-street']' in '5' second(s)

2018-03-13 10:59:23 - [TEST_STEP][PASSED] - Statement - filial_maps_count = wes1.size(): null

2018-03-13 10:59:23 - [TEST_STEP][PASSED] - Statement - filial_accordeon_count = wes2.size(): null

2018-03-13 10:59:23 - [TEST_STEP][PASSED] - Statement - filial_count = 10: null

2018-03-13 10:59:23 - [TEST_STEP][PASSED] - Statement - If (filial_maps_count != filial_count): null

2018-03-13 10:59:23 - [TEST_STEP][PASSED] - closeBrowser: Browser is closed

2018-03-13 10:59:23 - [MESSAGE][PASSED] - Browser is closed]]></system-out>
         <system-err><![CDATA[]]></system-err>
      </testcase>
      <testcase name="Test Cases/Prototyp_Filialsuche (RC 18)/44-Testfall" classname="Test Cases/Prototyp_Filialsuche (RC 18)/44-Testfall" status="PASSED">
         <system-out><![CDATA[2018-03-13 10:59:23 - [TEST_CASE][PASSED] - Test Cases/Prototyp_Filialsuche (RC 18)/44-Testfall: Test Cases/Prototyp_Filialsuche (RC 18)/44-Testfall

2018-03-13 10:59:24 - [TEST_STEP][PASSED] - openBrowser: Browser is opened with url: ''

2018-03-13 10:59:26 - [MESSAGE][PASSED] - Browser is opened with url: ''

2018-03-13 10:59:26 - [TEST_STEP][PASSED] - deleteAllCookies: Delete all cookies successfully

2018-03-13 10:59:26 - [MESSAGE][PASSED] - Delete all cookies successfully

2018-03-13 10:59:26 - [TEST_STEP][PASSED] - maximizeWindow: Current window maximized

2018-03-13 10:59:27 - [MESSAGE][PASSED] - Current window maximized

2018-03-13 10:59:27 - [TEST_STEP][PASSED] - navigateToUrl: Navigate to 'http://rc-ogrhtmlprototyp.testintern/18-1-0/filialsuche-wangen.html' successfully

2018-03-13 10:59:28 - [MESSAGE][PASSED] - Navigate to 'http://rc-ogrhtmlprototyp.testintern/18-1-0/filialsuche-wangen.html' successfully

2018-03-13 10:59:28 - [TEST_STEP][PASSED] - delay: Delayed 5 second(s)

2018-03-13 10:59:33 - [MESSAGE][PASSED] - Delayed 5 second(s)

2018-03-13 10:59:33 - [TEST_STEP][PASSED] - Statement - wes1 = com.kms.katalon.core.webui.common.WebUiCommonHelper.findWebElements(com.kms.katalon.core.testobject.ObjectRepository.findTestObject(filial_map), 5): Found 4 web elements with id: 'Object Repository/filial_map' located by 'By.xpath: //div[@class='aps-map__custom-marker']' in '5' second(s)

2018-03-13 10:59:33 - [TEST_STEP][PASSED] - Statement - wes2 = com.kms.katalon.core.webui.common.WebUiCommonHelper.findWebElements(com.kms.katalon.core.testobject.ObjectRepository.findTestObject(loc_steet_filialsuche), 5): Found 4 web elements with id: 'Object Repository/loc_steet_filialsuche' located by 'By.xpath: //div[@class='loc-street']' in '5' second(s)

2018-03-13 10:59:33 - [TEST_STEP][PASSED] - Statement - filial_maps_count = wes1.size(): null

2018-03-13 10:59:33 - [TEST_STEP][PASSED] - Statement - filial_accordeon_count = wes2.size(): null

2018-03-13 10:59:33 - [TEST_STEP][PASSED] - Statement - filial_count = 4: null

2018-03-13 10:59:33 - [TEST_STEP][PASSED] - Statement - If (filial_maps_count != filial_count): null

2018-03-13 10:59:33 - [TEST_STEP][PASSED] - closeBrowser: Browser is closed

2018-03-13 10:59:34 - [MESSAGE][PASSED] - Browser is closed]]></system-out>
         <system-err><![CDATA[]]></system-err>
      </testcase>
      <testcase name="Test Cases/Prototyp_Filialsuche (RC 18)/45_Testfall" classname="Test Cases/Prototyp_Filialsuche (RC 18)/45_Testfall" status="PASSED">
         <system-out><![CDATA[2018-03-13 10:59:34 - [TEST_CASE][PASSED] - Test Cases/Prototyp_Filialsuche (RC 18)/45_Testfall: Test Cases/Prototyp_Filialsuche (RC 18)/45_Testfall

2018-03-13 10:59:34 - [TEST_STEP][PASSED] - openBrowser: Browser is opened with url: ''

2018-03-13 10:59:36 - [MESSAGE][PASSED] - Browser is opened with url: ''

2018-03-13 10:59:36 - [TEST_STEP][PASSED] - deleteAllCookies: Delete all cookies successfully

2018-03-13 10:59:37 - [MESSAGE][PASSED] - Delete all cookies successfully

2018-03-13 10:59:37 - [TEST_STEP][PASSED] - maximizeWindow: Current window maximized

2018-03-13 10:59:38 - [MESSAGE][PASSED] - Current window maximized

2018-03-13 10:59:38 - [TEST_STEP][PASSED] - navigateToUrl: Navigate to 'http://rc-ogrhtmlprototyp.testintern/18-1-0/filialsuche-textinput.html' successfully

2018-03-13 10:59:39 - [MESSAGE][PASSED] - Navigate to 'http://rc-ogrhtmlprototyp.testintern/18-1-0/filialsuche-textinput.html' successfully

2018-03-13 10:59:39 - [TEST_STEP][PASSED] - delay: Delayed 5 second(s)

2018-03-13 10:59:44 - [MESSAGE][PASSED] - Delayed 5 second(s)

2018-03-13 10:59:44 - [TEST_STEP][PASSED] - setText: Text 'berlin' is set on object 'Object Repository/34TF/Page_Filialsuche-textinput - BVR HT/input_city'

2018-03-13 10:59:44 - [MESSAGE][PASSED] - Text 'berlin' is set on object 'Object Repository/34TF/Page_Filialsuche-textinput - BVR HT/input_city'

2018-03-13 10:59:44 - [TEST_STEP][PASSED] - click: Object: 'Object Repository/34TF/Page_Filialsuche-textinput - BVR HT (1)/button_Suchen' is clicked on

2018-03-13 10:59:44 - [MESSAGE][PASSED] - Object: 'Object Repository/34TF/Page_Filialsuche-textinput - BVR HT (1)/button_Suchen' is clicked on

2018-03-13 10:59:44 - [TEST_STEP][PASSED] - delay: Delayed 3 second(s)

2018-03-13 10:59:47 - [MESSAGE][PASSED] - Delayed 3 second(s)

2018-03-13 10:59:47 - [TEST_STEP][PASSED] - Statement - wes1 = com.kms.katalon.core.webui.common.WebUiCommonHelper.findWebElements(com.kms.katalon.core.testobject.ObjectRepository.findTestObject(filial_map), 5): Found 25 web elements with id: 'Object Repository/filial_map' located by 'By.xpath: //div[@class='aps-map__custom-marker']' in '5' second(s)

2018-03-13 10:59:47 - [TEST_STEP][PASSED] - Statement - wes2 = com.kms.katalon.core.webui.common.WebUiCommonHelper.findWebElements(com.kms.katalon.core.testobject.ObjectRepository.findTestObject(loc_steet_filialsuche), 5): Found 25 web elements with id: 'Object Repository/loc_steet_filialsuche' located by 'By.xpath: //div[@class='loc-street']' in '5' second(s)

2018-03-13 10:59:47 - [TEST_STEP][PASSED] - Statement - filial_maps_count = wes1.size(): null

2018-03-13 10:59:47 - [TEST_STEP][PASSED] - Statement - filial_accordeon_count = wes2.size(): null

2018-03-13 10:59:47 - [TEST_STEP][PASSED] - Statement - filial_count = 25: null

2018-03-13 10:59:47 - [TEST_STEP][PASSED] - Statement - If (filial_maps_count != filial_count): null

2018-03-13 10:59:47 - [TEST_STEP][PASSED] - closeBrowser: Browser is closed

2018-03-13 10:59:48 - [MESSAGE][PASSED] - Browser is closed]]></system-out>
         <system-err><![CDATA[]]></system-err>
      </testcase>
      <testcase name="Test Cases/Prototyp_Filialsuche (RC 18)/46_Testfall" classname="Test Cases/Prototyp_Filialsuche (RC 18)/46_Testfall" status="PASSED">
         <system-out><![CDATA[2018-03-13 10:59:48 - [TEST_CASE][PASSED] - Test Cases/Prototyp_Filialsuche (RC 18)/46_Testfall: Test Cases/Prototyp_Filialsuche (RC 18)/46_Testfall

2018-03-13 10:59:48 - [TEST_STEP][PASSED] - openBrowser: Browser is opened with url: ''

2018-03-13 10:59:50 - [MESSAGE][PASSED] - Browser is opened with url: ''

2018-03-13 10:59:50 - [TEST_STEP][PASSED] - maximizeWindow: Current window maximized

2018-03-13 10:59:51 - [MESSAGE][PASSED] - Current window maximized

2018-03-13 10:59:51 - [TEST_STEP][PASSED] - deleteAllCookies: Delete all cookies successfully

2018-03-13 10:59:52 - [MESSAGE][PASSED] - Delete all cookies successfully

2018-03-13 10:59:52 - [TEST_STEP][PASSED] - navigateToUrl: Navigate to 'http://kundentest.dev-unitb.de/ogrhtmlprototyp/ogrhtmlprototyp/filialsuche-wangen-textinput.html' successfully

2018-03-13 10:59:55 - [MESSAGE][PASSED] - Navigate to 'http://kundentest.dev-unitb.de/ogrhtmlprototyp/ogrhtmlprototyp/filialsuche-wangen-textinput.html' successfully

2018-03-13 10:59:55 - [TEST_STEP][PASSED] - delay: Delayed 5 second(s)

2018-03-13 11:00:00 - [MESSAGE][PASSED] - Delayed 5 second(s)

2018-03-13 11:00:00 - [TEST_STEP][PASSED] - setText: Text 'Rechberghausen' is set on object 'Object Repository/Filialsuche_Inputtext'

2018-03-13 11:00:00 - [MESSAGE][PASSED] - Text 'Rechberghausen' is set on object 'Object Repository/Filialsuche_Inputtext'

2018-03-13 11:00:00 - [TEST_STEP][PASSED] - delay: Delayed 2 second(s)

2018-03-13 11:00:02 - [MESSAGE][PASSED] - Delayed 2 second(s)

2018-03-13 11:00:02 - [TEST_STEP][PASSED] - submit: The form containing object: 'Object Repository/Filialsuche_submit_button' is submitted

2018-03-13 11:00:02 - [MESSAGE][PASSED] - The form containing object: 'Object Repository/Filialsuche_submit_button' is submitted

2018-03-13 11:00:02 - [TEST_STEP][PASSED] - delay: Delayed 2 second(s)

2018-03-13 11:00:04 - [MESSAGE][PASSED] - Delayed 2 second(s)

2018-03-13 11:00:04 - [TEST_STEP][PASSED] - verifyTextPresent: Text 'Geschäftsstelle Rechberghausen' is present on page 

2018-03-13 11:00:04 - [MESSAGE][PASSED] - Text 'Geschäftsstelle Rechberghausen' is present on page 

2018-03-13 11:00:04 - [TEST_STEP][PASSED] - verifyTextPresent: Text 'Hauptstr. 37' is present on page 

2018-03-13 11:00:04 - [MESSAGE][PASSED] - Text 'Hauptstr. 37' is present on page 

2018-03-13 11:00:04 - [TEST_STEP][PASSED] - verifyTextPresent: Text '73098 Rechberghausen' is present on page 

2018-03-13 11:00:04 - [MESSAGE][PASSED] - Text '73098 Rechberghausen' is present on page 

2018-03-13 11:00:04 - [TEST_STEP][PASSED] - verifyTextPresent: Text 'Geschäftsstelle Börtlingen' is present on page 

2018-03-13 11:00:05 - [MESSAGE][PASSED] - Text 'Geschäftsstelle Börtlingen' is present on page 

2018-03-13 11:00:05 - [TEST_STEP][PASSED] - verifyTextPresent: Text 'Geschäftsstelle Uhingen-Holzhausen' is present on page 

2018-03-13 11:00:05 - [MESSAGE][PASSED] - Text 'Geschäftsstelle Uhingen-Holzhausen' is present on page 

2018-03-13 11:00:05 - [TEST_STEP][PASSED] - verifyTextPresent: Text 'Raiffeisenbank Wangen eG' is present on page 

2018-03-13 11:00:05 - [MESSAGE][PASSED] - Text 'Raiffeisenbank Wangen eG' is present on page 

2018-03-13 11:00:05 - [TEST_STEP][PASSED] - delay: Delayed 2 second(s)

2018-03-13 11:00:07 - [MESSAGE][PASSED] - Delayed 2 second(s)

2018-03-13 11:00:07 - [TEST_STEP][PASSED] - setText: Text 'Börtlingen' is set on object 'Object Repository/Filialsuche_Inputtext'

2018-03-13 11:00:07 - [MESSAGE][PASSED] - Text 'Börtlingen' is set on object 'Object Repository/Filialsuche_Inputtext'

2018-03-13 11:00:07 - [TEST_STEP][PASSED] - delay: Delayed 2 second(s)

2018-03-13 11:00:09 - [MESSAGE][PASSED] - Delayed 2 second(s)

2018-03-13 11:00:09 - [TEST_STEP][PASSED] - submit: The form containing object: 'Object Repository/Filialsuche_submit_button' is submitted

2018-03-13 11:00:09 - [MESSAGE][PASSED] - The form containing object: 'Object Repository/Filialsuche_submit_button' is submitted

2018-03-13 11:00:09 - [TEST_STEP][PASSED] - delay: Delayed 2 second(s)

2018-03-13 11:00:11 - [MESSAGE][PASSED] - Delayed 2 second(s)

2018-03-13 11:00:11 - [TEST_STEP][PASSED] - verifyTextPresent: Text 'Geschäftsstelle Börtlingen' is present on page 

2018-03-13 11:00:11 - [MESSAGE][PASSED] - Text 'Geschäftsstelle Börtlingen' is present on page 

2018-03-13 11:00:11 - [TEST_STEP][PASSED] - verifyTextPresent: Text 'Hauptstr. 56' is present on page 

2018-03-13 11:00:11 - [MESSAGE][PASSED] - Text 'Hauptstr. 56' is present on page 

2018-03-13 11:00:11 - [TEST_STEP][PASSED] - verifyTextPresent: Text '73104 Börtlingen' is present on page 

2018-03-13 11:00:12 - [MESSAGE][PASSED] - Text '73104 Börtlingen' is present on page 

2018-03-13 11:00:12 - [TEST_STEP][PASSED] - verifyTextPresent: Text 'Geschäftsstelle Rechberghausen' is present on page 

2018-03-13 11:00:12 - [MESSAGE][PASSED] - Text 'Geschäftsstelle Rechberghausen' is present on page 

2018-03-13 11:00:12 - [TEST_STEP][PASSED] - verifyTextPresent: Text 'Geschäftsstelle Uhingen-Holzhausen' is present on page 

2018-03-13 11:00:12 - [MESSAGE][PASSED] - Text 'Geschäftsstelle Uhingen-Holzhausen' is present on page 

2018-03-13 11:00:12 - [TEST_STEP][PASSED] - verifyTextPresent: Text 'Raiffeisenbank Wangen eG' is present on page 

2018-03-13 11:00:12 - [MESSAGE][PASSED] - Text 'Raiffeisenbank Wangen eG' is present on page 

2018-03-13 11:00:12 - [TEST_STEP][PASSED] - delay: Delayed 2 second(s)

2018-03-13 11:00:14 - [MESSAGE][PASSED] - Delayed 2 second(s)

2018-03-13 11:00:14 - [TEST_STEP][PASSED] - setText: Text 'Uhingen ' is set on object 'Object Repository/Filialsuche_Inputtext'

2018-03-13 11:00:14 - [MESSAGE][PASSED] - Text 'Uhingen ' is set on object 'Object Repository/Filialsuche_Inputtext'

2018-03-13 11:00:14 - [TEST_STEP][PASSED] - delay: Delayed 2 second(s)

2018-03-13 11:00:16 - [MESSAGE][PASSED] - Delayed 2 second(s)

2018-03-13 11:00:16 - [TEST_STEP][PASSED] - submit: The form containing object: 'Object Repository/Filialsuche_submit_button' is submitted

2018-03-13 11:00:16 - [MESSAGE][PASSED] - The form containing object: 'Object Repository/Filialsuche_submit_button' is submitted

2018-03-13 11:00:16 - [TEST_STEP][PASSED] - delay: Delayed 2 second(s)

2018-03-13 11:00:18 - [MESSAGE][PASSED] - Delayed 2 second(s)

2018-03-13 11:00:18 - [TEST_STEP][PASSED] - verifyTextPresent: Text 'Geschäftsstelle Uhingen-Holzhausen' is present on page 

2018-03-13 11:00:18 - [MESSAGE][PASSED] - Text 'Geschäftsstelle Uhingen-Holzhausen' is present on page 

2018-03-13 11:00:18 - [TEST_STEP][PASSED] - verifyTextPresent: Text 'Dorfstr. 17 a' is present on page 

2018-03-13 11:00:19 - [MESSAGE][PASSED] - Text 'Dorfstr. 17 a' is present on page 

2018-03-13 11:00:19 - [TEST_STEP][PASSED] - verifyTextPresent: Text '73066 Uhingen' is present on page 

2018-03-13 11:00:19 - [MESSAGE][PASSED] - Text '73066 Uhingen' is present on page 

2018-03-13 11:00:19 - [TEST_STEP][PASSED] - verifyTextPresent: Text 'Geschäftsstelle Börtlingen' is present on page 

2018-03-13 11:00:19 - [MESSAGE][PASSED] - Text 'Geschäftsstelle Börtlingen' is present on page 

2018-03-13 11:00:19 - [TEST_STEP][PASSED] - verifyTextPresent: Text 'Geschäftsstelle Rechberghausen' is present on page 

2018-03-13 11:00:19 - [MESSAGE][PASSED] - Text 'Geschäftsstelle Rechberghausen' is present on page 

2018-03-13 11:00:19 - [TEST_STEP][PASSED] - verifyTextPresent: Text 'Raiffeisenbank Wangen eG' is present on page 

2018-03-13 11:00:19 - [MESSAGE][PASSED] - Text 'Raiffeisenbank Wangen eG' is present on page 

2018-03-13 11:00:19 - [TEST_STEP][PASSED] - closeBrowser: Browser is closed

2018-03-13 11:00:20 - [MESSAGE][PASSED] - Browser is closed]]></system-out>
         <system-err><![CDATA[]]></system-err>
      </testcase>
      <testcase name="Test Cases/Prototyp_Filialsuche (RC 18)/47TF" classname="Test Cases/Prototyp_Filialsuche (RC 18)/47TF" status="FAILED">
         <failure type="FAILED" message="Anzahl Accordeons 20 ist NICHT gleich Anzahl Filialen 19"/>
         <system-out><![CDATA[2018-03-13 11:00:20 - [TEST_CASE][FAILED] - Test Cases/Prototyp_Filialsuche (RC 18)/47TF: Test Cases/Prototyp_Filialsuche (RC 18)/47TF FAILED because (of) Anzahl Accordeons 20 ist NICHT gleich Anzahl Filialen 19

2018-03-13 11:00:20 - [TEST_STEP][PASSED] - openBrowser: Browser is opened with url: ''

2018-03-13 11:00:22 - [MESSAGE][PASSED] - Browser is opened with url: ''

2018-03-13 11:00:22 - [TEST_STEP][PASSED] - deleteAllCookies: Delete all cookies successfully

2018-03-13 11:00:24 - [MESSAGE][PASSED] - Delete all cookies successfully

2018-03-13 11:00:24 - [TEST_STEP][PASSED] - maximizeWindow: Current window maximized

2018-03-13 11:00:25 - [MESSAGE][PASSED] - Current window maximized

2018-03-13 11:00:25 - [TEST_STEP][PASSED] - navigateToUrl: Navigate to 'http://rc-ogrhtmlprototyp.testintern/18-1-0/filialsuche-rotenburg.html' successfully

2018-03-13 11:00:27 - [MESSAGE][PASSED] - Navigate to 'http://rc-ogrhtmlprototyp.testintern/18-1-0/filialsuche-rotenburg.html' successfully

2018-03-13 11:00:27 - [TEST_STEP][PASSED] - delay: Delayed 5 second(s)

2018-03-13 11:00:32 - [MESSAGE][PASSED] - Delayed 5 second(s)

2018-03-13 11:00:32 - [TEST_STEP][PASSED] - Statement - wes1 = com.kms.katalon.core.webui.common.WebUiCommonHelper.findWebElements(com.kms.katalon.core.testobject.ObjectRepository.findTestObject(filial_map), 5): Found 19 web elements with id: 'Object Repository/filial_map' located by 'By.xpath: //div[@class='aps-map__custom-marker']' in '5' second(s)

2018-03-13 11:00:32 - [TEST_STEP][PASSED] - Statement - wes2 = com.kms.katalon.core.webui.common.WebUiCommonHelper.findWebElements(com.kms.katalon.core.testobject.ObjectRepository.findTestObject(loc_steet_filialsuche), 5): Found 20 web elements with id: 'Object Repository/loc_steet_filialsuche' located by 'By.xpath: //div[@class='loc-street']' in '5' second(s)

2018-03-13 11:00:32 - [TEST_STEP][PASSED] - Statement - filial_maps_count = wes1.size(): null

2018-03-13 11:00:32 - [TEST_STEP][PASSED] - Statement - filial_accordeon_count = wes2.size(): null

2018-03-13 11:00:32 - [TEST_STEP][PASSED] - Statement - filial_count = 19: null

2018-03-13 11:00:32 - [TEST_STEP][PASSED] - Statement - If (filial_maps_count != filial_count): null

2018-03-13 11:00:32 - [TEST_STEP][PASSED] - Statement - Else If (filial_accordeon_count != filial_count): null

2018-03-13 11:00:32 - [TEST_STEP][PASSED] - comment: Anzahl Accordeons 20 ist NICHT gleich Anzahl Filialen 19

2018-03-13 11:00:32 - [TEST_STEP][PASSED] - closeBrowser: Browser is closed

2018-03-13 11:00:33 - [MESSAGE][PASSED] - Browser is closed

2018-03-13 11:00:33 - [TEST_STEP][PASSED] - Statement - Throw new com.kms.katalon.core.exception.StepFailedException((((Anzahl Accordeons  + filial_accordeon_count) +  ist NICHT gleich Anzahl Filialen ) + filial_count)): null]]></system-out>
         <system-err><![CDATA[2018-03-13 11:00:20 - [TEST_CASE][FAILED] - Test Cases/Prototyp_Filialsuche (RC 18)/47TF: Test Cases/Prototyp_Filialsuche (RC 18)/47TF FAILED because (of) Anzahl Accordeons 20 ist NICHT gleich Anzahl Filialen 19]]></system-err>
      </testcase>
      <testcase name="Test Cases/Prototyp_Filialsuche (RC 18)/47_Testfall" classname="Test Cases/Prototyp_Filialsuche (RC 18)/47_Testfall" status="PASSED">
         <system-out><![CDATA[2018-03-13 11:00:33 - [TEST_CASE][PASSED] - Test Cases/Prototyp_Filialsuche (RC 18)/47_Testfall: Test Cases/Prototyp_Filialsuche (RC 18)/47_Testfall

2018-03-13 11:00:33 - [TEST_STEP][PASSED] - openBrowser: Browser is opened with url: ''

2018-03-13 11:00:35 - [MESSAGE][PASSED] - Browser is opened with url: ''

2018-03-13 11:00:35 - [TEST_STEP][PASSED] - maximizeWindow: Current window maximized

2018-03-13 11:00:36 - [MESSAGE][PASSED] - Current window maximized

2018-03-13 11:00:36 - [TEST_STEP][PASSED] - deleteAllCookies: Delete all cookies successfully

2018-03-13 11:00:36 - [MESSAGE][PASSED] - Delete all cookies successfully

2018-03-13 11:00:36 - [TEST_STEP][PASSED] - navigateToUrl: Navigate to 'http://rc-ogrhtmlprototyp.testintern/18-1-0/filialsuche-textinput.html' successfully

2018-03-13 11:00:38 - [MESSAGE][PASSED] - Navigate to 'http://rc-ogrhtmlprototyp.testintern/18-1-0/filialsuche-textinput.html' successfully

2018-03-13 11:00:38 - [TEST_STEP][PASSED] - delay: Delayed 5 second(s)

2018-03-13 11:00:43 - [MESSAGE][PASSED] - Delayed 5 second(s)

2018-03-13 11:00:43 - [TEST_STEP][PASSED] - setText: Text 'Berlin' is set on object 'Object Repository/OGRPrototypFilialsuche - Berlin Zentrum/input_city'

2018-03-13 11:00:43 - [MESSAGE][PASSED] - Text 'Berlin' is set on object 'Object Repository/OGRPrototypFilialsuche - Berlin Zentrum/input_city'

2018-03-13 11:00:43 - [TEST_STEP][PASSED] - sendKeys: Keys 'ENTER + ' sent to object: 'Object Repository/OGRPrototypFilialsuche - Berlin Zentrum/input_city'

2018-03-13 11:00:43 - [MESSAGE][PASSED] - Keys 'ENTER + ' sent to object: 'Object Repository/OGRPrototypFilialsuche - Berlin Zentrum/input_city'

2018-03-13 11:00:43 - [TEST_STEP][PASSED] - delay: Delayed 5 second(s)

2018-03-13 11:00:48 - [MESSAGE][PASSED] - Delayed 5 second(s)

2018-03-13 11:00:48 - [TEST_STEP][PASSED] - verifyElementText: Actual text and expected text of test object 'Object Repository/OGRPrototypFilialsuche - Berlin Zentrum/01ErgebnisText' are matched.

2018-03-13 11:00:48 - [MESSAGE][PASSED] - Actual text and expected text of test object 'Object Repository/OGRPrototypFilialsuche - Berlin Zentrum/01ErgebnisText' are matched.

2018-03-13 11:00:48 - [TEST_STEP][PASSED] - verifyElementText: Actual text and expected text of test object 'Object Repository/OGRPrototypFilialsuche - Berlin Zentrum/02ErgebnisText' are matched.

2018-03-13 11:00:48 - [MESSAGE][PASSED] - Actual text and expected text of test object 'Object Repository/OGRPrototypFilialsuche - Berlin Zentrum/02ErgebnisText' are matched.

2018-03-13 11:00:48 - [TEST_STEP][PASSED] - verifyElementText: Actual text and expected text of test object 'Object Repository/OGRPrototypFilialsuche - Berlin Zentrum/03ErgebnisTest' are matched.

2018-03-13 11:00:48 - [MESSAGE][PASSED] - Actual text and expected text of test object 'Object Repository/OGRPrototypFilialsuche - Berlin Zentrum/03ErgebnisTest' are matched.

2018-03-13 11:00:48 - [TEST_STEP][PASSED] - verifyElementText: Actual text and expected text of test object 'Object Repository/OGRPrototypFilialsuche - Berlin Zentrum/04ErgebnisTest' are matched.

2018-03-13 11:00:49 - [MESSAGE][PASSED] - Actual text and expected text of test object 'Object Repository/OGRPrototypFilialsuche - Berlin Zentrum/04ErgebnisTest' are matched.

2018-03-13 11:00:49 - [TEST_STEP][PASSED] - verifyElementText: Actual text and expected text of test object 'Object Repository/OGRPrototypFilialsuche - Berlin Zentrum/05ErgebnisTest' are matched.

2018-03-13 11:00:49 - [MESSAGE][PASSED] - Actual text and expected text of test object 'Object Repository/OGRPrototypFilialsuche - Berlin Zentrum/05ErgebnisTest' are matched.

2018-03-13 11:00:49 - [TEST_STEP][PASSED] - verifyElementText: Actual text and expected text of test object 'Object Repository/OGRPrototypFilialsuche - Berlin Zentrum/06ErgebnisTest' are matched.

2018-03-13 11:00:49 - [MESSAGE][PASSED] - Actual text and expected text of test object 'Object Repository/OGRPrototypFilialsuche - Berlin Zentrum/06ErgebnisTest' are matched.

2018-03-13 11:00:49 - [TEST_STEP][PASSED] - click: Object: 'Object Repository/naechsteSeite' is clicked on

2018-03-13 11:00:49 - [MESSAGE][PASSED] - Object: 'Object Repository/naechsteSeite' is clicked on

2018-03-13 11:00:49 - [TEST_STEP][PASSED] - delay: Delayed 2 second(s)

2018-03-13 11:00:51 - [MESSAGE][PASSED] - Delayed 2 second(s)

2018-03-13 11:00:51 - [TEST_STEP][PASSED] - verifyElementText: Actual text and expected text of test object 'Object Repository/OGRPrototypFilialsuche - Berlin Zentrum/07ErgebnisTest' are matched.

2018-03-13 11:00:51 - [MESSAGE][PASSED] - Actual text and expected text of test object 'Object Repository/OGRPrototypFilialsuche - Berlin Zentrum/07ErgebnisTest' are matched.

2018-03-13 11:00:51 - [TEST_STEP][PASSED] - verifyElementText: Actual text and expected text of test object 'Object Repository/OGRPrototypFilialsuche - Berlin Zentrum/08ErgebnisTest' are matched.

2018-03-13 11:00:51 - [MESSAGE][PASSED] - Actual text and expected text of test object 'Object Repository/OGRPrototypFilialsuche - Berlin Zentrum/08ErgebnisTest' are matched.

2018-03-13 11:00:51 - [TEST_STEP][PASSED] - verifyElementText: Actual text and expected text of test object 'Object Repository/OGRPrototypFilialsuche - Berlin Zentrum/09ErgebnisTest' are matched.

2018-03-13 11:00:51 - [MESSAGE][PASSED] - Actual text and expected text of test object 'Object Repository/OGRPrototypFilialsuche - Berlin Zentrum/09ErgebnisTest' are matched.

2018-03-13 11:00:51 - [TEST_STEP][PASSED] - verifyElementText: Actual text and expected text of test object 'Object Repository/OGRPrototypFilialsuche - Berlin Zentrum/10ErgebnisTest' are matched.

2018-03-13 11:00:51 - [MESSAGE][PASSED] - Actual text and expected text of test object 'Object Repository/OGRPrototypFilialsuche - Berlin Zentrum/10ErgebnisTest' are matched.

2018-03-13 11:00:51 - [TEST_STEP][PASSED] - verifyElementText: Actual text and expected text of test object 'Object Repository/OGRPrototypFilialsuche - Berlin Zentrum/11ErgebnisTest' are matched.

2018-03-13 11:00:51 - [MESSAGE][PASSED] - Actual text and expected text of test object 'Object Repository/OGRPrototypFilialsuche - Berlin Zentrum/11ErgebnisTest' are matched.

2018-03-13 11:00:51 - [TEST_STEP][PASSED] - verifyElementText: Actual text and expected text of test object 'Object Repository/OGRPrototypFilialsuche - Berlin Zentrum/12ErgebnisTest' are matched.

2018-03-13 11:00:51 - [MESSAGE][PASSED] - Actual text and expected text of test object 'Object Repository/OGRPrototypFilialsuche - Berlin Zentrum/12ErgebnisTest' are matched.

2018-03-13 11:00:51 - [TEST_STEP][PASSED] - click: Object: 'Object Repository/naechsteSeite' is clicked on

2018-03-13 11:00:51 - [MESSAGE][PASSED] - Object: 'Object Repository/naechsteSeite' is clicked on

2018-03-13 11:00:51 - [TEST_STEP][PASSED] - delay: Delayed 2 second(s)

2018-03-13 11:00:53 - [MESSAGE][PASSED] - Delayed 2 second(s)

2018-03-13 11:00:53 - [TEST_STEP][PASSED] - verifyElementText: Actual text and expected text of test object 'Object Repository/OGRPrototypFilialsuche - Berlin Zentrum/13ErgebnisTest' are matched.

2018-03-13 11:00:53 - [MESSAGE][PASSED] - Actual text and expected text of test object 'Object Repository/OGRPrototypFilialsuche - Berlin Zentrum/13ErgebnisTest' are matched.

2018-03-13 11:00:53 - [TEST_STEP][PASSED] - verifyElementText: Actual text and expected text of test object 'Object Repository/OGRPrototypFilialsuche - Berlin Zentrum/14ErgebnisTest' are matched.

2018-03-13 11:00:53 - [MESSAGE][PASSED] - Actual text and expected text of test object 'Object Repository/OGRPrototypFilialsuche - Berlin Zentrum/14ErgebnisTest' are matched.

2018-03-13 11:00:53 - [TEST_STEP][PASSED] - verifyElementText: Actual text and expected text of test object 'Object Repository/OGRPrototypFilialsuche - Berlin Zentrum/15ErgebnisTest' are matched.

2018-03-13 11:00:53 - [MESSAGE][PASSED] - Actual text and expected text of test object 'Object Repository/OGRPrototypFilialsuche - Berlin Zentrum/15ErgebnisTest' are matched.

2018-03-13 11:00:53 - [TEST_STEP][PASSED] - verifyElementText: Actual text and expected text of test object 'Object Repository/OGRPrototypFilialsuche - Berlin Zentrum/16ErgebnisTest' are matched.

2018-03-13 11:00:53 - [MESSAGE][PASSED] - Actual text and expected text of test object 'Object Repository/OGRPrototypFilialsuche - Berlin Zentrum/16ErgebnisTest' are matched.

2018-03-13 11:00:53 - [TEST_STEP][PASSED] - verifyElementText: Actual text and expected text of test object 'Object Repository/OGRPrototypFilialsuche - Berlin Zentrum/17ErgebnisTest' are matched.

2018-03-13 11:00:53 - [MESSAGE][PASSED] - Actual text and expected text of test object 'Object Repository/OGRPrototypFilialsuche - Berlin Zentrum/17ErgebnisTest' are matched.

2018-03-13 11:00:53 - [TEST_STEP][PASSED] - verifyElementText: Actual text and expected text of test object 'Object Repository/OGRPrototypFilialsuche - Berlin Zentrum/18ErgebnisTest' are matched.

2018-03-13 11:00:53 - [MESSAGE][PASSED] - Actual text and expected text of test object 'Object Repository/OGRPrototypFilialsuche - Berlin Zentrum/18ErgebnisTest' are matched.

2018-03-13 11:00:53 - [TEST_STEP][PASSED] - click: Object: 'Object Repository/naechsteSeite' is clicked on

2018-03-13 11:00:53 - [MESSAGE][PASSED] - Object: 'Object Repository/naechsteSeite' is clicked on

2018-03-13 11:00:53 - [TEST_STEP][PASSED] - delay: Delayed 2 second(s)

2018-03-13 11:00:55 - [MESSAGE][PASSED] - Delayed 2 second(s)

2018-03-13 11:00:55 - [TEST_STEP][PASSED] - verifyElementText: Actual text and expected text of test object 'Object Repository/OGRPrototypFilialsuche - Berlin Zentrum/19ErgebnisTest' are matched.

2018-03-13 11:00:55 - [MESSAGE][PASSED] - Actual text and expected text of test object 'Object Repository/OGRPrototypFilialsuche - Berlin Zentrum/19ErgebnisTest' are matched.

2018-03-13 11:00:55 - [TEST_STEP][PASSED] - verifyElementText: Actual text and expected text of test object 'Object Repository/OGRPrototypFilialsuche - Berlin Zentrum/20ErgebnisTest' are matched.

2018-03-13 11:00:55 - [MESSAGE][PASSED] - Actual text and expected text of test object 'Object Repository/OGRPrototypFilialsuche - Berlin Zentrum/20ErgebnisTest' are matched.

2018-03-13 11:00:55 - [TEST_STEP][PASSED] - verifyElementText: Actual text and expected text of test object 'Object Repository/OGRPrototypFilialsuche - Berlin Zentrum/21ErgebnisTest' are matched.

2018-03-13 11:00:55 - [MESSAGE][PASSED] - Actual text and expected text of test object 'Object Repository/OGRPrototypFilialsuche - Berlin Zentrum/21ErgebnisTest' are matched.

2018-03-13 11:00:55 - [TEST_STEP][PASSED] - verifyElementText: Actual text and expected text of test object 'Object Repository/OGRPrototypFilialsuche - Berlin Zentrum/22ErgebnisTest' are matched.

2018-03-13 11:00:55 - [MESSAGE][PASSED] - Actual text and expected text of test object 'Object Repository/OGRPrototypFilialsuche - Berlin Zentrum/22ErgebnisTest' are matched.

2018-03-13 11:00:55 - [TEST_STEP][PASSED] - verifyElementText: Actual text and expected text of test object 'Object Repository/OGRPrototypFilialsuche - Berlin Zentrum/23ErgebnisTest' are matched.

2018-03-13 11:00:55 - [MESSAGE][PASSED] - Actual text and expected text of test object 'Object Repository/OGRPrototypFilialsuche - Berlin Zentrum/23ErgebnisTest' are matched.

2018-03-13 11:00:55 - [TEST_STEP][PASSED] - verifyElementText: Actual text and expected text of test object 'Object Repository/OGRPrototypFilialsuche - Berlin Zentrum/24ErgebnisTest' are matched.

2018-03-13 11:00:55 - [MESSAGE][PASSED] - Actual text and expected text of test object 'Object Repository/OGRPrototypFilialsuche - Berlin Zentrum/24ErgebnisTest' are matched.

2018-03-13 11:00:55 - [TEST_STEP][PASSED] - click: Object: 'Object Repository/naechsteSeite' is clicked on

2018-03-13 11:00:56 - [MESSAGE][PASSED] - Object: 'Object Repository/naechsteSeite' is clicked on

2018-03-13 11:00:56 - [TEST_STEP][PASSED] - delay: Delayed 2 second(s)

2018-03-13 11:00:58 - [MESSAGE][PASSED] - Delayed 2 second(s)

2018-03-13 11:00:58 - [TEST_STEP][PASSED] - verifyElementText: Actual text and expected text of test object 'Object Repository/OGRPrototypFilialsuche - Berlin Zentrum/25ErgebnisTest' are matched.

2018-03-13 11:00:58 - [MESSAGE][PASSED] - Actual text and expected text of test object 'Object Repository/OGRPrototypFilialsuche - Berlin Zentrum/25ErgebnisTest' are matched.

2018-03-13 11:00:58 - [TEST_STEP][PASSED] - closeBrowser: Browser is closed

2018-03-13 11:00:58 - [MESSAGE][PASSED] - Browser is closed]]></system-out>
         <system-err><![CDATA[]]></system-err>
      </testcase>
      <testcase name="Test Cases/Prototyp_Filialsuche (RC 18)/48_Testfall" classname="Test Cases/Prototyp_Filialsuche (RC 18)/48_Testfall" status="PASSED">
         <system-out><![CDATA[2018-03-13 11:00:58 - [TEST_CASE][PASSED] - Test Cases/Prototyp_Filialsuche (RC 18)/48_Testfall: Test Cases/Prototyp_Filialsuche (RC 18)/48_Testfall

2018-03-13 11:00:58 - [TEST_STEP][PASSED] - openBrowser: Browser is opened with url: ''

2018-03-13 11:01:00 - [MESSAGE][PASSED] - Browser is opened with url: ''

2018-03-13 11:01:00 - [TEST_STEP][PASSED] - deleteAllCookies: Delete all cookies successfully

2018-03-13 11:01:01 - [MESSAGE][PASSED] - Delete all cookies successfully

2018-03-13 11:01:01 - [TEST_STEP][PASSED] - navigateToUrl: Navigate to 'http://rc-ogrhtmlprototyp.testintern/18-1-0/filialsuche-nuernberg.html' successfully

2018-03-13 11:01:02 - [MESSAGE][PASSED] - Navigate to 'http://rc-ogrhtmlprototyp.testintern/18-1-0/filialsuche-nuernberg.html' successfully

2018-03-13 11:01:02 - [TEST_STEP][PASSED] - delay: Delayed 5 second(s)

2018-03-13 11:01:07 - [MESSAGE][PASSED] - Delayed 5 second(s)

2018-03-13 11:01:07 - [TEST_STEP][PASSED] - verifyElementText: Actual text and expected text of test object 'Object Repository/OGRPrototypFilialsuche - DistanzNuernberg/01ErgebnisText' are matched.

2018-03-13 11:01:07 - [MESSAGE][PASSED] - Actual text and expected text of test object 'Object Repository/OGRPrototypFilialsuche - DistanzNuernberg/01ErgebnisText' are matched.

2018-03-13 11:01:07 - [TEST_STEP][PASSED] - verifyElementText: Actual text and expected text of test object 'Object Repository/OGRPrototypFilialsuche - DistanzNuernberg/02ErgebnisText' are matched.

2018-03-13 11:01:07 - [MESSAGE][PASSED] - Actual text and expected text of test object 'Object Repository/OGRPrototypFilialsuche - DistanzNuernberg/02ErgebnisText' are matched.

2018-03-13 11:01:07 - [TEST_STEP][PASSED] - verifyElementText: Actual text and expected text of test object 'Object Repository/OGRPrototypFilialsuche - DistanzNuernberg/03ErgebnisTest' are matched.

2018-03-13 11:01:07 - [MESSAGE][PASSED] - Actual text and expected text of test object 'Object Repository/OGRPrototypFilialsuche - DistanzNuernberg/03ErgebnisTest' are matched.

2018-03-13 11:01:07 - [TEST_STEP][PASSED] - verifyElementText: Actual text and expected text of test object 'Object Repository/OGRPrototypFilialsuche - DistanzNuernberg/04ErgebnisTest' are matched.

2018-03-13 11:01:07 - [MESSAGE][PASSED] - Actual text and expected text of test object 'Object Repository/OGRPrototypFilialsuche - DistanzNuernberg/04ErgebnisTest' are matched.

2018-03-13 11:01:07 - [TEST_STEP][PASSED] - verifyElementText: Actual text and expected text of test object 'Object Repository/OGRPrototypFilialsuche - DistanzNuernberg/05ErgebnisTest' are matched.

2018-03-13 11:01:07 - [MESSAGE][PASSED] - Actual text and expected text of test object 'Object Repository/OGRPrototypFilialsuche - DistanzNuernberg/05ErgebnisTest' are matched.

2018-03-13 11:01:07 - [TEST_STEP][PASSED] - verifyElementText: Actual text and expected text of test object 'Object Repository/OGRPrototypFilialsuche - DistanzNuernberg/06ErgebnisTest' are matched.

2018-03-13 11:01:07 - [MESSAGE][PASSED] - Actual text and expected text of test object 'Object Repository/OGRPrototypFilialsuche - DistanzNuernberg/06ErgebnisTest' are matched.

2018-03-13 11:01:07 - [TEST_STEP][PASSED] - click: Object: 'Object Repository/naechsteSeite' is clicked on

2018-03-13 11:01:07 - [MESSAGE][PASSED] - Object: 'Object Repository/naechsteSeite' is clicked on

2018-03-13 11:01:07 - [TEST_STEP][PASSED] - delay: Delayed 2 second(s)

2018-03-13 11:01:09 - [MESSAGE][PASSED] - Delayed 2 second(s)

2018-03-13 11:01:09 - [TEST_STEP][PASSED] - verifyElementText: Actual text and expected text of test object 'Object Repository/OGRPrototypFilialsuche - DistanzNuernberg/07ErgebnisTest' are matched.

2018-03-13 11:01:09 - [MESSAGE][PASSED] - Actual text and expected text of test object 'Object Repository/OGRPrototypFilialsuche - DistanzNuernberg/07ErgebnisTest' are matched.

2018-03-13 11:01:09 - [TEST_STEP][PASSED] - verifyElementText: Actual text and expected text of test object 'Object Repository/OGRPrototypFilialsuche - DistanzNuernberg/08ErgebnisTest' are matched.

2018-03-13 11:01:09 - [MESSAGE][PASSED] - Actual text and expected text of test object 'Object Repository/OGRPrototypFilialsuche - DistanzNuernberg/08ErgebnisTest' are matched.

2018-03-13 11:01:09 - [TEST_STEP][PASSED] - verifyElementText: Actual text and expected text of test object 'Object Repository/OGRPrototypFilialsuche - DistanzNuernberg/09ErgebnisTest' are matched.

2018-03-13 11:01:09 - [MESSAGE][PASSED] - Actual text and expected text of test object 'Object Repository/OGRPrototypFilialsuche - DistanzNuernberg/09ErgebnisTest' are matched.

2018-03-13 11:01:09 - [TEST_STEP][PASSED] - verifyElementText: Actual text and expected text of test object 'Object Repository/OGRPrototypFilialsuche - DistanzNuernberg/10ErgebnisTest' are matched.

2018-03-13 11:01:09 - [MESSAGE][PASSED] - Actual text and expected text of test object 'Object Repository/OGRPrototypFilialsuche - DistanzNuernberg/10ErgebnisTest' are matched.

2018-03-13 11:01:09 - [TEST_STEP][PASSED] - closeBrowser: Browser is closed

2018-03-13 11:01:10 - [MESSAGE][PASSED] - Browser is closed]]></system-out>
         <system-err><![CDATA[]]></system-err>
      </testcase>
      <testcase name="Test Cases/Prototyp_Filialsuche (RC 18)/49_Testfall" classname="Test Cases/Prototyp_Filialsuche (RC 18)/49_Testfall" status="FAILED">
         <failure type="FAILED" message="Verify element text of test object 'Object Repository/OGRPrototypFilialsuche - DistanzRotenburg/01ErgebnisTest' FAILED. (Root cause: Actual text 'VR-Bankverein Bad Hersfeld-Rotenburg eG SB-Stelle Autohof Süd' and expected text 'VR-Bankverein Bad Hersfeld-Rotenburg eG Filiale Bad Hersfeld' of test object 'Object Repository/OGRPrototypFilialsuche - DistanzRotenburg/01ErgebnisTest' are NOT matched.)"/>
         <system-out><![CDATA[2018-03-13 11:01:10 - [TEST_CASE][FAILED] - Test Cases/Prototyp_Filialsuche (RC 18)/49_Testfall: Test Cases/Prototyp_Filialsuche (RC 18)/49_Testfall FAILED because (of) Verify element text of test object 'Object Repository/OGRPrototypFilialsuche - DistanzRotenburg/01ErgebnisTest' FAILED. (Root cause: Actual text 'VR-Bankverein Bad Hersfeld-Rotenburg eG SB-Stelle Autohof Süd' and expected text 'VR-Bankverein Bad Hersfeld-Rotenburg eG Filiale Bad Hersfeld' of test object 'Object Repository/OGRPrototypFilialsuche - DistanzRotenburg/01ErgebnisTest' are NOT matched.)

2018-03-13 11:01:10 - [TEST_STEP][PASSED] - openBrowser: Browser is opened with url: ''

2018-03-13 11:01:12 - [MESSAGE][PASSED] - Browser is opened with url: ''

2018-03-13 11:01:12 - [TEST_STEP][PASSED] - maximizeWindow: Current window maximized

2018-03-13 11:01:13 - [MESSAGE][PASSED] - Current window maximized

2018-03-13 11:01:13 - [TEST_STEP][PASSED] - deleteAllCookies: Delete all cookies successfully

2018-03-13 11:01:14 - [MESSAGE][PASSED] - Delete all cookies successfully

2018-03-13 11:01:14 - [TEST_STEP][PASSED] - navigateToUrl: Navigate to 'http://rc-ogrhtmlprototyp.testintern/18-1-0/filialsuche-rotenburg.html' successfully

2018-03-13 11:01:15 - [MESSAGE][PASSED] - Navigate to 'http://rc-ogrhtmlprototyp.testintern/18-1-0/filialsuche-rotenburg.html' successfully

2018-03-13 11:01:15 - [TEST_STEP][PASSED] - delay: Delayed 5 second(s)

2018-03-13 11:01:20 - [MESSAGE][PASSED] - Delayed 5 second(s)

2018-03-13 11:01:20 - [TEST_STEP][FAILED] - verifyElementText: Verify element text of test object 'Object Repository/OGRPrototypFilialsuche - DistanzRotenburg/01ErgebnisTest' FAILED. (Root cause: Actual text 'VR-Bankverein Bad Hersfeld-Rotenburg eG SB-Stelle Autohof Süd' and expected text 'VR-Bankverein Bad Hersfeld-Rotenburg eG Filiale Bad Hersfeld' of test object 'Object Repository/OGRPrototypFilialsuche - DistanzRotenburg/01ErgebnisTest' are NOT matched.)

2018-03-13 11:01:21 - [MESSAGE][FAILED] - Actual text 'VR-Bankverein Bad Hersfeld-Rotenburg eG SB-Stelle Autohof Süd' and expected text 'VR-Bankverein Bad Hersfeld-Rotenburg eG Filiale Bad Hersfeld' of test object 'Object Repository/OGRPrototypFilialsuche - DistanzRotenburg/01ErgebnisTest' are NOT matched.
[[ATTACHMENT|C:\\Users\\lbut\\Downloads\\Prototyp1_12_03\\Prototyp1\\Reports\\Prototyp Filialsuche (RC18) 13_03_2018\\20180313_104447\\1520935280676.png]]

2018-03-13 11:01:21 - [MESSAGE][FAILED] - Verify element text of test object 'Object Repository/OGRPrototypFilialsuche - DistanzRotenburg/01ErgebnisTest' FAILED. (Root cause: Actual text 'VR-Bankverein Bad Hersfeld-Rotenburg eG SB-Stelle Autohof Süd' and expected text 'VR-Bankverein Bad Hersfeld-Rotenburg eG Filiale Bad Hersfeld' of test object 'Object Repository/OGRPrototypFilialsuche - DistanzRotenburg/01ErgebnisTest' are NOT matched.)
[[ATTACHMENT|C:\\Users\\lbut\\Downloads\\Prototyp1_12_03\\Prototyp1\\Reports\\Prototyp Filialsuche (RC18) 13_03_2018\\20180313_104447\\1520935281097.png]]]]></system-out>
         <system-err><![CDATA[2018-03-13 11:01:10 - [TEST_CASE][FAILED] - Test Cases/Prototyp_Filialsuche (RC 18)/49_Testfall: Test Cases/Prototyp_Filialsuche (RC 18)/49_Testfall FAILED because (of) Verify element text of test object 'Object Repository/OGRPrototypFilialsuche - DistanzRotenburg/01ErgebnisTest' FAILED. (Root cause: Actual text 'VR-Bankverein Bad Hersfeld-Rotenburg eG SB-Stelle Autohof Süd' and expected text 'VR-Bankverein Bad Hersfeld-Rotenburg eG Filiale Bad Hersfeld' of test object 'Object Repository/OGRPrototypFilialsuche - DistanzRotenburg/01ErgebnisTest' are NOT matched.)]]></system-err>
      </testcase>
      <testcase name="Test Cases/Prototyp_Filialsuche (RC 18)/50_Testfall" classname="Test Cases/Prototyp_Filialsuche (RC 18)/50_Testfall" status="PASSED">
         <system-out><![CDATA[2018-03-13 11:01:21 - [TEST_CASE][PASSED] - Test Cases/Prototyp_Filialsuche (RC 18)/50_Testfall: Test Cases/Prototyp_Filialsuche (RC 18)/50_Testfall

2018-03-13 11:01:21 - [TEST_STEP][PASSED] - openBrowser: Browser is opened with url: ''

2018-03-13 11:01:21 - [MESSAGE][WARNING] - A browser is already opened. Closing browser and opening a new one

2018-03-13 11:01:24 - [MESSAGE][PASSED] - Browser is opened with url: ''

2018-03-13 11:01:24 - [TEST_STEP][PASSED] - maximizeWindow: Current window maximized

2018-03-13 11:01:25 - [MESSAGE][PASSED] - Current window maximized

2018-03-13 11:01:25 - [TEST_STEP][PASSED] - deleteAllCookies: Delete all cookies successfully

2018-03-13 11:01:26 - [MESSAGE][PASSED] - Delete all cookies successfully

2018-03-13 11:01:26 - [TEST_STEP][PASSED] - navigateToUrl: Navigate to 'http://rc-ogrhtmlprototyp.testintern/18-1-0/filialsuche.html' successfully

2018-03-13 11:01:27 - [MESSAGE][PASSED] - Navigate to 'http://rc-ogrhtmlprototyp.testintern/18-1-0/filialsuche.html' successfully

2018-03-13 11:01:27 - [TEST_STEP][PASSED] - delay: Delayed 5 second(s)

2018-03-13 11:01:32 - [MESSAGE][PASSED] - Delayed 5 second(s)

2018-03-13 11:01:32 - [TEST_STEP][PASSED] - click: Object: 'Object Repository/03/Page_Filialsuche-rotenburg - BVR HT/svg_dropdown-icons' is clicked on

2018-03-13 11:01:32 - [MESSAGE][PASSED] - Object: 'Object Repository/03/Page_Filialsuche-rotenburg - BVR HT/svg_dropdown-icons' is clicked on

2018-03-13 11:01:32 - [TEST_STEP][PASSED] - delay: Delayed 2 second(s)

2018-03-13 11:01:34 - [MESSAGE][PASSED] - Delayed 2 second(s)

2018-03-13 11:01:34 - [TEST_STEP][PASSED] - mouseOver: Object: 'Object Repository/Belitz_option' is hovered

2018-03-13 11:01:34 - [MESSAGE][PASSED] - Object: 'Object Repository/Belitz_option' is hovered

2018-03-13 11:01:34 - [TEST_STEP][PASSED] - delay: Delayed 2 second(s)

2018-03-13 11:01:36 - [MESSAGE][PASSED] - Delayed 2 second(s)

2018-03-13 11:01:36 - [TEST_STEP][PASSED] - click: Object: 'Object Repository/Belitz_option' is clicked on

2018-03-13 11:01:36 - [MESSAGE][PASSED] - Object: 'Object Repository/Belitz_option' is clicked on

2018-03-13 11:01:36 - [TEST_STEP][PASSED] - delay: Delayed 2 second(s)

2018-03-13 11:01:38 - [MESSAGE][PASSED] - Delayed 2 second(s)

2018-03-13 11:01:38 - [TEST_STEP][PASSED] - verifyElementText: Actual text and expected text of test object 'Object Repository/OGRPrototypFilialsuche - Footer/01ErgebnisText' are matched.

2018-03-13 11:01:38 - [MESSAGE][PASSED] - Actual text and expected text of test object 'Object Repository/OGRPrototypFilialsuche - Footer/01ErgebnisText' are matched.

2018-03-13 11:01:38 - [TEST_STEP][PASSED] - verifyElementText: Actual text and expected text of test object 'Object Repository/OGRPrototypFilialsuche - Footer/02ErgebnisText' are matched.

2018-03-13 11:01:38 - [MESSAGE][PASSED] - Actual text and expected text of test object 'Object Repository/OGRPrototypFilialsuche - Footer/02ErgebnisText' are matched.

2018-03-13 11:01:38 - [TEST_STEP][PASSED] - verifyElementText: Actual text and expected text of test object 'Object Repository/OGRPrototypFilialsuche - Footer/03ErgebnisTest' are matched.

2018-03-13 11:01:38 - [MESSAGE][PASSED] - Actual text and expected text of test object 'Object Repository/OGRPrototypFilialsuche - Footer/03ErgebnisTest' are matched.

2018-03-13 11:01:38 - [TEST_STEP][PASSED] - verifyElementText: Actual text and expected text of test object 'Object Repository/OGRPrototypFilialsuche - Footer/04ErgebnisTest' are matched.

2018-03-13 11:01:38 - [MESSAGE][PASSED] - Actual text and expected text of test object 'Object Repository/OGRPrototypFilialsuche - Footer/04ErgebnisTest' are matched.

2018-03-13 11:01:38 - [TEST_STEP][PASSED] - verifyElementText: Actual text and expected text of test object 'Object Repository/OGRPrototypFilialsuche - Footer/05ErgebnisTest' are matched.

2018-03-13 11:01:38 - [MESSAGE][PASSED] - Actual text and expected text of test object 'Object Repository/OGRPrototypFilialsuche - Footer/05ErgebnisTest' are matched.

2018-03-13 11:01:38 - [TEST_STEP][PASSED] - verifyElementText: Actual text and expected text of test object 'Object Repository/OGRPrototypFilialsuche - Footer/06ErgebnisTest' are matched.

2018-03-13 11:01:38 - [MESSAGE][PASSED] - Actual text and expected text of test object 'Object Repository/OGRPrototypFilialsuche - Footer/06ErgebnisTest' are matched.

2018-03-13 11:01:38 - [TEST_STEP][PASSED] - click: Object: 'Object Repository/naechsteSeite' is clicked on

2018-03-13 11:01:39 - [MESSAGE][PASSED] - Object: 'Object Repository/naechsteSeite' is clicked on

2018-03-13 11:01:39 - [TEST_STEP][PASSED] - delay: Delayed 2 second(s)

2018-03-13 11:01:41 - [MESSAGE][PASSED] - Delayed 2 second(s)

2018-03-13 11:01:41 - [TEST_STEP][PASSED] - verifyElementText: Actual text and expected text of test object 'Object Repository/OGRPrototypFilialsuche - Footer/07ErgebnisTest' are matched.

2018-03-13 11:01:41 - [MESSAGE][PASSED] - Actual text and expected text of test object 'Object Repository/OGRPrototypFilialsuche - Footer/07ErgebnisTest' are matched.

2018-03-13 11:01:41 - [TEST_STEP][PASSED] - verifyElementText: Actual text and expected text of test object 'Object Repository/OGRPrototypFilialsuche - Footer/08ErgebnisTest' are matched.

2018-03-13 11:01:41 - [MESSAGE][PASSED] - Actual text and expected text of test object 'Object Repository/OGRPrototypFilialsuche - Footer/08ErgebnisTest' are matched.

2018-03-13 11:01:41 - [TEST_STEP][PASSED] - verifyElementText: Actual text and expected text of test object 'Object Repository/OGRPrototypFilialsuche - Footer/09ErgebnisTest' are matched.

2018-03-13 11:01:41 - [MESSAGE][PASSED] - Actual text and expected text of test object 'Object Repository/OGRPrototypFilialsuche - Footer/09ErgebnisTest' are matched.

2018-03-13 11:01:41 - [TEST_STEP][PASSED] - verifyElementText: Actual text and expected text of test object 'Object Repository/OGRPrototypFilialsuche - Footer/10ErgebnisTest' are matched.

2018-03-13 11:01:41 - [MESSAGE][PASSED] - Actual text and expected text of test object 'Object Repository/OGRPrototypFilialsuche - Footer/10ErgebnisTest' are matched.

2018-03-13 11:01:41 - [TEST_STEP][PASSED] - verifyElementText: Actual text and expected text of test object 'Object Repository/OGRPrototypFilialsuche - Footer/11ErgebnisTest' are matched.

2018-03-13 11:01:41 - [MESSAGE][PASSED] - Actual text and expected text of test object 'Object Repository/OGRPrototypFilialsuche - Footer/11ErgebnisTest' are matched.

2018-03-13 11:01:41 - [TEST_STEP][PASSED] - verifyElementText: Actual text and expected text of test object 'Object Repository/OGRPrototypFilialsuche - Footer/12ErgebnisTest' are matched.

2018-03-13 11:01:41 - [MESSAGE][PASSED] - Actual text and expected text of test object 'Object Repository/OGRPrototypFilialsuche - Footer/12ErgebnisTest' are matched.

2018-03-13 11:01:41 - [TEST_STEP][PASSED] - click: Object: 'Object Repository/naechsteSeite' is clicked on

2018-03-13 11:01:41 - [MESSAGE][PASSED] - Object: 'Object Repository/naechsteSeite' is clicked on

2018-03-13 11:01:41 - [TEST_STEP][PASSED] - verifyElementText: Actual text and expected text of test object 'Object Repository/OGRPrototypFilialsuche - Footer/13ErgebnisTest' are matched.

2018-03-13 11:01:41 - [MESSAGE][PASSED] - Actual text and expected text of test object 'Object Repository/OGRPrototypFilialsuche - Footer/13ErgebnisTest' are matched.

2018-03-13 11:01:41 - [TEST_STEP][PASSED] - verifyElementText: Actual text and expected text of test object 'Object Repository/OGRPrototypFilialsuche - Footer/14ErgebnisTest' are matched.

2018-03-13 11:01:41 - [MESSAGE][PASSED] - Actual text and expected text of test object 'Object Repository/OGRPrototypFilialsuche - Footer/14ErgebnisTest' are matched.

2018-03-13 11:01:41 - [TEST_STEP][PASSED] - verifyElementText: Actual text and expected text of test object 'Object Repository/OGRPrototypFilialsuche - Footer/15ErgebnisTest' are matched.

2018-03-13 11:01:41 - [MESSAGE][PASSED] - Actual text and expected text of test object 'Object Repository/OGRPrototypFilialsuche - Footer/15ErgebnisTest' are matched.

2018-03-13 11:01:41 - [TEST_STEP][PASSED] - verifyElementText: Actual text and expected text of test object 'Object Repository/OGRPrototypFilialsuche - Footer/16ErgebnisTest' are matched.

2018-03-13 11:01:41 - [MESSAGE][PASSED] - Actual text and expected text of test object 'Object Repository/OGRPrototypFilialsuche - Footer/16ErgebnisTest' are matched.

2018-03-13 11:01:41 - [TEST_STEP][PASSED] - verifyElementText: Actual text and expected text of test object 'Object Repository/OGRPrototypFilialsuche - Footer/17ErgebnisTest' are matched.

2018-03-13 11:01:41 - [MESSAGE][PASSED] - Actual text and expected text of test object 'Object Repository/OGRPrototypFilialsuche - Footer/17ErgebnisTest' are matched.

2018-03-13 11:01:41 - [TEST_STEP][PASSED] - verifyElementText: Actual text and expected text of test object 'Object Repository/OGRPrototypFilialsuche - Footer/18ErgebnisTest' are matched.

2018-03-13 11:01:41 - [MESSAGE][PASSED] - Actual text and expected text of test object 'Object Repository/OGRPrototypFilialsuche - Footer/18ErgebnisTest' are matched.

2018-03-13 11:01:41 - [TEST_STEP][PASSED] - click: Object: 'Object Repository/naechsteSeite' is clicked on

2018-03-13 11:01:41 - [MESSAGE][PASSED] - Object: 'Object Repository/naechsteSeite' is clicked on

2018-03-13 11:01:41 - [TEST_STEP][PASSED] - verifyElementText: Actual text and expected text of test object 'Object Repository/OGRPrototypFilialsuche - Footer/19ErgebnisTest' are matched.

2018-03-13 11:01:41 - [MESSAGE][PASSED] - Actual text and expected text of test object 'Object Repository/OGRPrototypFilialsuche - Footer/19ErgebnisTest' are matched.

2018-03-13 11:01:41 - [TEST_STEP][PASSED] - verifyElementText: Actual text and expected text of test object 'Object Repository/OGRPrototypFilialsuche - Footer/20ErgebnisTest' are matched.

2018-03-13 11:01:41 - [MESSAGE][PASSED] - Actual text and expected text of test object 'Object Repository/OGRPrototypFilialsuche - Footer/20ErgebnisTest' are matched.

2018-03-13 11:01:41 - [TEST_STEP][PASSED] - verifyElementText: Actual text and expected text of test object 'Object Repository/OGRPrototypFilialsuche - Footer/21ErgebnisTest' are matched.

2018-03-13 11:01:41 - [MESSAGE][PASSED] - Actual text and expected text of test object 'Object Repository/OGRPrototypFilialsuche - Footer/21ErgebnisTest' are matched.

2018-03-13 11:01:41 - [TEST_STEP][PASSED] - verifyElementText: Actual text and expected text of test object 'Object Repository/OGRPrototypFilialsuche - Footer/22ErgebnisTest' are matched.

2018-03-13 11:01:41 - [MESSAGE][PASSED] - Actual text and expected text of test object 'Object Repository/OGRPrototypFilialsuche - Footer/22ErgebnisTest' are matched.

2018-03-13 11:01:41 - [TEST_STEP][PASSED] - verifyElementText: Actual text and expected text of test object 'Object Repository/OGRPrototypFilialsuche - Footer/23ErgebnisTest' are matched.

2018-03-13 11:01:41 - [MESSAGE][PASSED] - Actual text and expected text of test object 'Object Repository/OGRPrototypFilialsuche - Footer/23ErgebnisTest' are matched.

2018-03-13 11:01:41 - [TEST_STEP][PASSED] - verifyElementText: Actual text and expected text of test object 'Object Repository/OGRPrototypFilialsuche - Footer/24ErgebnisTest' are matched.

2018-03-13 11:01:41 - [MESSAGE][PASSED] - Actual text and expected text of test object 'Object Repository/OGRPrototypFilialsuche - Footer/24ErgebnisTest' are matched.

2018-03-13 11:01:41 - [TEST_STEP][PASSED] - click: Object: 'Object Repository/naechsteSeite' is clicked on

2018-03-13 11:01:41 - [MESSAGE][PASSED] - Object: 'Object Repository/naechsteSeite' is clicked on

2018-03-13 11:01:41 - [TEST_STEP][PASSED] - delay: Delayed 2 second(s)

2018-03-13 11:01:43 - [MESSAGE][PASSED] - Delayed 2 second(s)

2018-03-13 11:01:43 - [TEST_STEP][PASSED] - verifyElementText: Actual text and expected text of test object 'Object Repository/OGRPrototypFilialsuche - Footer/25ErgebnisTest' are matched.

2018-03-13 11:01:44 - [MESSAGE][PASSED] - Actual text and expected text of test object 'Object Repository/OGRPrototypFilialsuche - Footer/25ErgebnisTest' are matched.

2018-03-13 11:01:44 - [TEST_STEP][PASSED] - verifyElementText: Actual text and expected text of test object 'Object Repository/OGRPrototypFilialsuche - Footer/26ErgebnisTest' are matched.

2018-03-13 11:01:44 - [MESSAGE][PASSED] - Actual text and expected text of test object 'Object Repository/OGRPrototypFilialsuche - Footer/26ErgebnisTest' are matched.

2018-03-13 11:01:44 - [TEST_STEP][PASSED] - verifyElementText: Actual text and expected text of test object 'Object Repository/OGRPrototypFilialsuche - Footer/27ErgebnisTest' are matched.

2018-03-13 11:01:44 - [MESSAGE][PASSED] - Actual text and expected text of test object 'Object Repository/OGRPrototypFilialsuche - Footer/27ErgebnisTest' are matched.

2018-03-13 11:01:44 - [TEST_STEP][PASSED] - verifyElementText: Actual text and expected text of test object 'Object Repository/OGRPrototypFilialsuche - Footer/28ErgebnisTest' are matched.

2018-03-13 11:01:44 - [MESSAGE][PASSED] - Actual text and expected text of test object 'Object Repository/OGRPrototypFilialsuche - Footer/28ErgebnisTest' are matched.

2018-03-13 11:01:44 - [TEST_STEP][PASSED] - verifyElementText: Actual text and expected text of test object 'Object Repository/OGRPrototypFilialsuche - Footer/29ErgebnisTest' are matched.

2018-03-13 11:01:44 - [MESSAGE][PASSED] - Actual text and expected text of test object 'Object Repository/OGRPrototypFilialsuche - Footer/29ErgebnisTest' are matched.

2018-03-13 11:01:44 - [TEST_STEP][PASSED] - verifyElementText: Actual text and expected text of test object 'Object Repository/OGRPrototypFilialsuche - Footer/30ErgebnisTest' are matched.

2018-03-13 11:01:44 - [MESSAGE][PASSED] - Actual text and expected text of test object 'Object Repository/OGRPrototypFilialsuche - Footer/30ErgebnisTest' are matched.

2018-03-13 11:01:44 - [TEST_STEP][PASSED] - click: Object: 'Object Repository/naechsteSeite' is clicked on

2018-03-13 11:01:44 - [MESSAGE][PASSED] - Object: 'Object Repository/naechsteSeite' is clicked on

2018-03-13 11:01:44 - [TEST_STEP][PASSED] - delay: Delayed 2 second(s)

2018-03-13 11:01:46 - [MESSAGE][PASSED] - Delayed 2 second(s)

2018-03-13 11:01:46 - [TEST_STEP][PASSED] - verifyElementText: Actual text and expected text of test object 'Object Repository/OGRPrototypFilialsuche - Footer/31ErgebnisTest' are matched.

2018-03-13 11:01:46 - [MESSAGE][PASSED] - Actual text and expected text of test object 'Object Repository/OGRPrototypFilialsuche - Footer/31ErgebnisTest' are matched.

2018-03-13 11:01:46 - [TEST_STEP][PASSED] - verifyElementText: Actual text and expected text of test object 'Object Repository/OGRPrototypFilialsuche - Footer/32ErgebnisTest' are matched.

2018-03-13 11:01:46 - [MESSAGE][PASSED] - Actual text and expected text of test object 'Object Repository/OGRPrototypFilialsuche - Footer/32ErgebnisTest' are matched.

2018-03-13 11:01:46 - [TEST_STEP][PASSED] - verifyElementText: Actual text and expected text of test object 'Object Repository/OGRPrototypFilialsuche - Footer/33ErgebnisTest' are matched.

2018-03-13 11:01:46 - [MESSAGE][PASSED] - Actual text and expected text of test object 'Object Repository/OGRPrototypFilialsuche - Footer/33ErgebnisTest' are matched.

2018-03-13 11:01:46 - [TEST_STEP][PASSED] - verifyElementText: Actual text and expected text of test object 'Object Repository/OGRPrototypFilialsuche - Footer/34ErgebnisTest' are matched.

2018-03-13 11:01:46 - [MESSAGE][PASSED] - Actual text and expected text of test object 'Object Repository/OGRPrototypFilialsuche - Footer/34ErgebnisTest' are matched.

2018-03-13 11:01:46 - [TEST_STEP][PASSED] - verifyElementText: Actual text and expected text of test object 'Object Repository/OGRPrototypFilialsuche - Footer/35ErgebnisTest' are matched.

2018-03-13 11:01:46 - [MESSAGE][PASSED] - Actual text and expected text of test object 'Object Repository/OGRPrototypFilialsuche - Footer/35ErgebnisTest' are matched.

2018-03-13 11:01:46 - [TEST_STEP][PASSED] - verifyElementText: Actual text and expected text of test object 'Object Repository/OGRPrototypFilialsuche - Footer/36ErgebnisTest' are matched.

2018-03-13 11:01:46 - [MESSAGE][PASSED] - Actual text and expected text of test object 'Object Repository/OGRPrototypFilialsuche - Footer/36ErgebnisTest' are matched.

2018-03-13 11:01:46 - [TEST_STEP][PASSED] - click: Object: 'Object Repository/naechsteSeite' is clicked on

2018-03-13 11:01:46 - [MESSAGE][PASSED] - Object: 'Object Repository/naechsteSeite' is clicked on

2018-03-13 11:01:46 - [TEST_STEP][PASSED] - delay: Delayed 2 second(s)

2018-03-13 11:01:48 - [MESSAGE][PASSED] - Delayed 2 second(s)

2018-03-13 11:01:48 - [TEST_STEP][PASSED] - verifyElementText: Actual text and expected text of test object 'Object Repository/OGRPrototypFilialsuche - Footer/37ErgebnisTest' are matched.

2018-03-13 11:01:48 - [MESSAGE][PASSED] - Actual text and expected text of test object 'Object Repository/OGRPrototypFilialsuche - Footer/37ErgebnisTest' are matched.

2018-03-13 11:01:48 - [TEST_STEP][PASSED] - closeBrowser: Browser is closed

2018-03-13 11:01:49 - [MESSAGE][PASSED] - Browser is closed]]></system-out>
         <system-err><![CDATA[]]></system-err>
      </testcase>
      <testcase name="Test Cases/Prototyp_Filialsuche (RC 18)/51_Testfall" classname="Test Cases/Prototyp_Filialsuche (RC 18)/51_Testfall" status="PASSED">
         <system-out><![CDATA[2018-03-13 11:01:49 - [TEST_CASE][PASSED] - Test Cases/Prototyp_Filialsuche (RC 18)/51_Testfall: Test Cases/Prototyp_Filialsuche (RC 18)/51_Testfall

2018-03-13 11:01:49 - [TEST_STEP][PASSED] - openBrowser: Browser is opened with url: ''

2018-03-13 11:01:51 - [MESSAGE][PASSED] - Browser is opened with url: ''

2018-03-13 11:01:51 - [TEST_STEP][PASSED] - maximizeWindow: Current window maximized

2018-03-13 11:01:52 - [MESSAGE][PASSED] - Current window maximized

2018-03-13 11:01:52 - [TEST_STEP][PASSED] - deleteAllCookies: Delete all cookies successfully

2018-03-13 11:01:52 - [MESSAGE][PASSED] - Delete all cookies successfully

2018-03-13 11:01:52 - [TEST_STEP][PASSED] - navigateToUrl: Navigate to 'http://rc-ogrhtmlprototyp.testintern/18-1-0/filialsuche.html' successfully

2018-03-13 11:01:54 - [MESSAGE][PASSED] - Navigate to 'http://rc-ogrhtmlprototyp.testintern/18-1-0/filialsuche.html' successfully

2018-03-13 11:01:54 - [TEST_STEP][PASSED] - delay: Delayed 5 second(s)

2018-03-13 11:01:59 - [MESSAGE][PASSED] - Delayed 5 second(s)

2018-03-13 11:01:59 - [TEST_STEP][PASSED] - verifyElementText: Actual text and expected text of test object 'Object Repository/OGRPrototypFiliasuche - DistanzZentralbank/01ErgebnisText' are matched.

2018-03-13 11:01:59 - [MESSAGE][PASSED] - Actual text and expected text of test object 'Object Repository/OGRPrototypFiliasuche - DistanzZentralbank/01ErgebnisText' are matched.

2018-03-13 11:01:59 - [TEST_STEP][PASSED] - verifyElementText: Actual text and expected text of test object 'Object Repository/OGRPrototypFiliasuche - DistanzZentralbank/02ErgebnisText' are matched.

2018-03-13 11:01:59 - [MESSAGE][PASSED] - Actual text and expected text of test object 'Object Repository/OGRPrototypFiliasuche - DistanzZentralbank/02ErgebnisText' are matched.

2018-03-13 11:01:59 - [TEST_STEP][PASSED] - verifyElementText: Actual text and expected text of test object 'Object Repository/OGRPrototypFiliasuche - DistanzZentralbank/03ErgebnisTest' are matched.

2018-03-13 11:01:59 - [MESSAGE][PASSED] - Actual text and expected text of test object 'Object Repository/OGRPrototypFiliasuche - DistanzZentralbank/03ErgebnisTest' are matched.

2018-03-13 11:01:59 - [TEST_STEP][PASSED] - verifyElementText: Actual text and expected text of test object 'Object Repository/OGRPrototypFiliasuche - DistanzZentralbank/04ErgebnisTest' are matched.

2018-03-13 11:01:59 - [MESSAGE][PASSED] - Actual text and expected text of test object 'Object Repository/OGRPrototypFiliasuche - DistanzZentralbank/04ErgebnisTest' are matched.

2018-03-13 11:01:59 - [TEST_STEP][PASSED] - verifyElementText: Actual text and expected text of test object 'Object Repository/OGRPrototypFiliasuche - DistanzZentralbank/05ErgebnisTest' are matched.

2018-03-13 11:01:59 - [MESSAGE][PASSED] - Actual text and expected text of test object 'Object Repository/OGRPrototypFiliasuche - DistanzZentralbank/05ErgebnisTest' are matched.

2018-03-13 11:01:59 - [TEST_STEP][PASSED] - verifyElementText: Actual text and expected text of test object 'Object Repository/OGRPrototypFiliasuche - DistanzZentralbank/06ErgebnisTest' are matched.

2018-03-13 11:01:59 - [MESSAGE][PASSED] - Actual text and expected text of test object 'Object Repository/OGRPrototypFiliasuche - DistanzZentralbank/06ErgebnisTest' are matched.

2018-03-13 11:01:59 - [TEST_STEP][PASSED] - click: Object: 'Object Repository/naechsteSeite' is clicked on

2018-03-13 11:01:59 - [MESSAGE][PASSED] - Object: 'Object Repository/naechsteSeite' is clicked on

2018-03-13 11:01:59 - [TEST_STEP][PASSED] - delay: Delayed 2 second(s)

2018-03-13 11:02:01 - [MESSAGE][PASSED] - Delayed 2 second(s)

2018-03-13 11:02:01 - [TEST_STEP][PASSED] - verifyElementText: Actual text and expected text of test object 'Object Repository/OGRPrototypFiliasuche - DistanzZentralbank/07ErgebnisTest' are matched.

2018-03-13 11:02:01 - [MESSAGE][PASSED] - Actual text and expected text of test object 'Object Repository/OGRPrototypFiliasuche - DistanzZentralbank/07ErgebnisTest' are matched.

2018-03-13 11:02:01 - [TEST_STEP][PASSED] - verifyElementText: Actual text and expected text of test object 'Object Repository/OGRPrototypFiliasuche - DistanzZentralbank/08ErgebnisTest' are matched.

2018-03-13 11:02:01 - [MESSAGE][PASSED] - Actual text and expected text of test object 'Object Repository/OGRPrototypFiliasuche - DistanzZentralbank/08ErgebnisTest' are matched.

2018-03-13 11:02:01 - [TEST_STEP][PASSED] - verifyElementText: Actual text and expected text of test object 'Object Repository/OGRPrototypFiliasuche - DistanzZentralbank/09ErgebnisTest' are matched.

2018-03-13 11:02:01 - [MESSAGE][PASSED] - Actual text and expected text of test object 'Object Repository/OGRPrototypFiliasuche - DistanzZentralbank/09ErgebnisTest' are matched.

2018-03-13 11:02:01 - [TEST_STEP][PASSED] - verifyElementText: Actual text and expected text of test object 'Object Repository/OGRPrototypFiliasuche - DistanzZentralbank/10ErgebnisTest' are matched.

2018-03-13 11:02:01 - [MESSAGE][PASSED] - Actual text and expected text of test object 'Object Repository/OGRPrototypFiliasuche - DistanzZentralbank/10ErgebnisTest' are matched.

2018-03-13 11:02:01 - [TEST_STEP][PASSED] - verifyElementText: Actual text and expected text of test object 'Object Repository/OGRPrototypFiliasuche - DistanzZentralbank/11ErgebnisTest' are matched.

2018-03-13 11:02:01 - [MESSAGE][PASSED] - Actual text and expected text of test object 'Object Repository/OGRPrototypFiliasuche - DistanzZentralbank/11ErgebnisTest' are matched.

2018-03-13 11:02:01 - [TEST_STEP][PASSED] - verifyElementText: Actual text and expected text of test object 'Object Repository/OGRPrototypFiliasuche - DistanzZentralbank/12ErgebnisTest' are matched.

2018-03-13 11:02:01 - [MESSAGE][PASSED] - Actual text and expected text of test object 'Object Repository/OGRPrototypFiliasuche - DistanzZentralbank/12ErgebnisTest' are matched.

2018-03-13 11:02:01 - [TEST_STEP][PASSED] - click: Object: 'Object Repository/naechsteSeite' is clicked on

2018-03-13 11:02:01 - [MESSAGE][PASSED] - Object: 'Object Repository/naechsteSeite' is clicked on

2018-03-13 11:02:01 - [TEST_STEP][PASSED] - delay: Delayed 2 second(s)

2018-03-13 11:02:03 - [MESSAGE][PASSED] - Delayed 2 second(s)

2018-03-13 11:02:03 - [TEST_STEP][PASSED] - verifyElementText: Actual text and expected text of test object 'Object Repository/OGRPrototypFiliasuche - DistanzZentralbank/13ErgebnisTest' are matched.

2018-03-13 11:02:04 - [MESSAGE][PASSED] - Actual text and expected text of test object 'Object Repository/OGRPrototypFiliasuche - DistanzZentralbank/13ErgebnisTest' are matched.

2018-03-13 11:02:04 - [TEST_STEP][PASSED] - verifyElementText: Actual text and expected text of test object 'Object Repository/OGRPrototypFiliasuche - DistanzZentralbank/14ErgebnisTest' are matched.

2018-03-13 11:02:04 - [MESSAGE][PASSED] - Actual text and expected text of test object 'Object Repository/OGRPrototypFiliasuche - DistanzZentralbank/14ErgebnisTest' are matched.

2018-03-13 11:02:04 - [TEST_STEP][PASSED] - verifyElementText: Actual text and expected text of test object 'Object Repository/OGRPrototypFiliasuche - DistanzZentralbank/15ErgebnisTest' are matched.

2018-03-13 11:02:04 - [MESSAGE][PASSED] - Actual text and expected text of test object 'Object Repository/OGRPrototypFiliasuche - DistanzZentralbank/15ErgebnisTest' are matched.

2018-03-13 11:02:04 - [TEST_STEP][PASSED] - verifyElementText: Actual text and expected text of test object 'Object Repository/OGRPrototypFiliasuche - DistanzZentralbank/16ErgebnisTest' are matched.

2018-03-13 11:02:04 - [MESSAGE][PASSED] - Actual text and expected text of test object 'Object Repository/OGRPrototypFiliasuche - DistanzZentralbank/16ErgebnisTest' are matched.

2018-03-13 11:02:04 - [TEST_STEP][PASSED] - verifyElementText: Actual text and expected text of test object 'Object Repository/OGRPrototypFiliasuche - DistanzZentralbank/17ErgebnisTest' are matched.

2018-03-13 11:02:04 - [MESSAGE][PASSED] - Actual text and expected text of test object 'Object Repository/OGRPrototypFiliasuche - DistanzZentralbank/17ErgebnisTest' are matched.

2018-03-13 11:02:04 - [TEST_STEP][PASSED] - verifyElementText: Actual text and expected text of test object 'Object Repository/OGRPrototypFiliasuche - DistanzZentralbank/18ErgebnisTest' are matched.

2018-03-13 11:02:04 - [MESSAGE][PASSED] - Actual text and expected text of test object 'Object Repository/OGRPrototypFiliasuche - DistanzZentralbank/18ErgebnisTest' are matched.

2018-03-13 11:02:04 - [TEST_STEP][PASSED] - click: Object: 'Object Repository/naechsteSeite' is clicked on

2018-03-13 11:02:04 - [MESSAGE][PASSED] - Object: 'Object Repository/naechsteSeite' is clicked on

2018-03-13 11:02:04 - [TEST_STEP][PASSED] - delay: Delayed 2 second(s)

2018-03-13 11:02:06 - [MESSAGE][PASSED] - Delayed 2 second(s)

2018-03-13 11:02:06 - [TEST_STEP][PASSED] - verifyElementText: Actual text and expected text of test object 'Object Repository/OGRPrototypFiliasuche - DistanzZentralbank/19ErgebnisTest' are matched.

2018-03-13 11:02:06 - [MESSAGE][PASSED] - Actual text and expected text of test object 'Object Repository/OGRPrototypFiliasuche - DistanzZentralbank/19ErgebnisTest' are matched.

2018-03-13 11:02:06 - [TEST_STEP][PASSED] - verifyElementText: Actual text and expected text of test object 'Object Repository/OGRPrototypFiliasuche - DistanzZentralbank/20ErgebnisTest' are matched.

2018-03-13 11:02:06 - [MESSAGE][PASSED] - Actual text and expected text of test object 'Object Repository/OGRPrototypFiliasuche - DistanzZentralbank/20ErgebnisTest' are matched.

2018-03-13 11:02:06 - [TEST_STEP][PASSED] - verifyElementText: Actual text and expected text of test object 'Object Repository/OGRPrototypFiliasuche - DistanzZentralbank/21ErgebnisTest' are matched.

2018-03-13 11:02:06 - [MESSAGE][PASSED] - Actual text and expected text of test object 'Object Repository/OGRPrototypFiliasuche - DistanzZentralbank/21ErgebnisTest' are matched.

2018-03-13 11:02:06 - [TEST_STEP][PASSED] - verifyElementText: Actual text and expected text of test object 'Object Repository/OGRPrototypFiliasuche - DistanzZentralbank/22ErgebnisTest' are matched.

2018-03-13 11:02:06 - [MESSAGE][PASSED] - Actual text and expected text of test object 'Object Repository/OGRPrototypFiliasuche - DistanzZentralbank/22ErgebnisTest' are matched.

2018-03-13 11:02:06 - [TEST_STEP][PASSED] - verifyElementText: Actual text and expected text of test object 'Object Repository/OGRPrototypFiliasuche - DistanzZentralbank/23ErgebnisTest' are matched.

2018-03-13 11:02:06 - [MESSAGE][PASSED] - Actual text and expected text of test object 'Object Repository/OGRPrototypFiliasuche - DistanzZentralbank/23ErgebnisTest' are matched.

2018-03-13 11:02:06 - [TEST_STEP][PASSED] - verifyElementText: Actual text and expected text of test object 'Object Repository/OGRPrototypFiliasuche - DistanzZentralbank/24ErgebnisTest' are matched.

2018-03-13 11:02:06 - [MESSAGE][PASSED] - Actual text and expected text of test object 'Object Repository/OGRPrototypFiliasuche - DistanzZentralbank/24ErgebnisTest' are matched.

2018-03-13 11:02:06 - [TEST_STEP][PASSED] - click: Object: 'Object Repository/naechsteSeite' is clicked on

2018-03-13 11:02:06 - [MESSAGE][PASSED] - Object: 'Object Repository/naechsteSeite' is clicked on

2018-03-13 11:02:06 - [TEST_STEP][PASSED] - delay: Delayed 2 second(s)

2018-03-13 11:02:08 - [MESSAGE][PASSED] - Delayed 2 second(s)

2018-03-13 11:02:08 - [TEST_STEP][PASSED] - verifyElementText: Actual text and expected text of test object 'Object Repository/OGRPrototypFiliasuche - DistanzZentralbank/25ErgebnisTest' are matched.

2018-03-13 11:02:08 - [MESSAGE][PASSED] - Actual text and expected text of test object 'Object Repository/OGRPrototypFiliasuche - DistanzZentralbank/25ErgebnisTest' are matched.

2018-03-13 11:02:08 - [TEST_STEP][PASSED] - verifyElementText: Actual text and expected text of test object 'Object Repository/OGRPrototypFiliasuche - DistanzZentralbank/26ErgebnisTest' are matched.

2018-03-13 11:02:08 - [MESSAGE][PASSED] - Actual text and expected text of test object 'Object Repository/OGRPrototypFiliasuche - DistanzZentralbank/26ErgebnisTest' are matched.

2018-03-13 11:02:08 - [TEST_STEP][PASSED] - verifyElementText: Actual text and expected text of test object 'Object Repository/OGRPrototypFiliasuche - DistanzZentralbank/27ErgebnisTest' are matched.

2018-03-13 11:02:08 - [MESSAGE][PASSED] - Actual text and expected text of test object 'Object Repository/OGRPrototypFiliasuche - DistanzZentralbank/27ErgebnisTest' are matched.

2018-03-13 11:02:08 - [TEST_STEP][PASSED] - verifyElementText: Actual text and expected text of test object 'Object Repository/OGRPrototypFiliasuche - DistanzZentralbank/28ErgebnisTest' are matched.

2018-03-13 11:02:08 - [MESSAGE][PASSED] - Actual text and expected text of test object 'Object Repository/OGRPrototypFiliasuche - DistanzZentralbank/28ErgebnisTest' are matched.

2018-03-13 11:02:08 - [TEST_STEP][PASSED] - verifyElementText: Actual text and expected text of test object 'Object Repository/OGRPrototypFiliasuche - DistanzZentralbank/29ErgebnisTest' are matched.

2018-03-13 11:02:08 - [MESSAGE][PASSED] - Actual text and expected text of test object 'Object Repository/OGRPrototypFiliasuche - DistanzZentralbank/29ErgebnisTest' are matched.

2018-03-13 11:02:08 - [TEST_STEP][PASSED] - verifyElementText: Actual text and expected text of test object 'Object Repository/OGRPrototypFiliasuche - DistanzZentralbank/30ErgebnisTest' are matched.

2018-03-13 11:02:08 - [MESSAGE][PASSED] - Actual text and expected text of test object 'Object Repository/OGRPrototypFiliasuche - DistanzZentralbank/30ErgebnisTest' are matched.

2018-03-13 11:02:08 - [TEST_STEP][PASSED] - click: Object: 'Object Repository/naechsteSeite' is clicked on

2018-03-13 11:02:08 - [MESSAGE][PASSED] - Object: 'Object Repository/naechsteSeite' is clicked on

2018-03-13 11:02:08 - [TEST_STEP][PASSED] - delay: Delayed 2 second(s)

2018-03-13 11:02:10 - [MESSAGE][PASSED] - Delayed 2 second(s)

2018-03-13 11:02:10 - [TEST_STEP][PASSED] - verifyElementText: Actual text and expected text of test object 'Object Repository/OGRPrototypFiliasuche - DistanzZentralbank/31ErgebnisTest' are matched.

2018-03-13 11:02:10 - [MESSAGE][PASSED] - Actual text and expected text of test object 'Object Repository/OGRPrototypFiliasuche - DistanzZentralbank/31ErgebnisTest' are matched.

2018-03-13 11:02:10 - [TEST_STEP][PASSED] - verifyElementText: Actual text and expected text of test object 'Object Repository/OGRPrototypFiliasuche - DistanzZentralbank/32ErgebnisTest' are matched.

2018-03-13 11:02:11 - [MESSAGE][PASSED] - Actual text and expected text of test object 'Object Repository/OGRPrototypFiliasuche - DistanzZentralbank/32ErgebnisTest' are matched.

2018-03-13 11:02:11 - [TEST_STEP][PASSED] - verifyElementText: Actual text and expected text of test object 'Object Repository/OGRPrototypFiliasuche - DistanzZentralbank/33ErgebnisTest' are matched.

2018-03-13 11:02:11 - [MESSAGE][PASSED] - Actual text and expected text of test object 'Object Repository/OGRPrototypFiliasuche - DistanzZentralbank/33ErgebnisTest' are matched.

2018-03-13 11:02:11 - [TEST_STEP][PASSED] - verifyElementText: Actual text and expected text of test object 'Object Repository/OGRPrototypFiliasuche - DistanzZentralbank/34ErgebnisTest' are matched.

2018-03-13 11:02:11 - [MESSAGE][PASSED] - Actual text and expected text of test object 'Object Repository/OGRPrototypFiliasuche - DistanzZentralbank/34ErgebnisTest' are matched.

2018-03-13 11:02:11 - [TEST_STEP][PASSED] - verifyElementText: Actual text and expected text of test object 'Object Repository/OGRPrototypFiliasuche - DistanzZentralbank/35ErgebnisTest' are matched.

2018-03-13 11:02:11 - [MESSAGE][PASSED] - Actual text and expected text of test object 'Object Repository/OGRPrototypFiliasuche - DistanzZentralbank/35ErgebnisTest' are matched.

2018-03-13 11:02:11 - [TEST_STEP][PASSED] - verifyElementText: Actual text and expected text of test object 'Object Repository/OGRPrototypFiliasuche - DistanzZentralbank/36ErgebnisTest' are matched.

2018-03-13 11:02:11 - [MESSAGE][PASSED] - Actual text and expected text of test object 'Object Repository/OGRPrototypFiliasuche - DistanzZentralbank/36ErgebnisTest' are matched.

2018-03-13 11:02:11 - [TEST_STEP][PASSED] - click: Object: 'Object Repository/naechsteSeite' is clicked on

2018-03-13 11:02:11 - [MESSAGE][PASSED] - Object: 'Object Repository/naechsteSeite' is clicked on

2018-03-13 11:02:11 - [TEST_STEP][PASSED] - delay: Delayed 2 second(s)

2018-03-13 11:02:13 - [MESSAGE][PASSED] - Delayed 2 second(s)

2018-03-13 11:02:13 - [TEST_STEP][PASSED] - verifyElementText: Actual text and expected text of test object 'Object Repository/OGRPrototypFiliasuche - DistanzZentralbank/37ErgebnisTest' are matched.

2018-03-13 11:02:13 - [MESSAGE][PASSED] - Actual text and expected text of test object 'Object Repository/OGRPrototypFiliasuche - DistanzZentralbank/37ErgebnisTest' are matched.

2018-03-13 11:02:13 - [TEST_STEP][PASSED] - verifyElementText: Actual text and expected text of test object 'Object Repository/OGRPrototypFiliasuche - DistanzZentralbank/38ErgebnisTest' are matched.

2018-03-13 11:02:13 - [MESSAGE][PASSED] - Actual text and expected text of test object 'Object Repository/OGRPrototypFiliasuche - DistanzZentralbank/38ErgebnisTest' are matched.

2018-03-13 11:02:13 - [TEST_STEP][PASSED] - verifyElementText: Actual text and expected text of test object 'Object Repository/OGRPrototypFiliasuche - DistanzZentralbank/39ErgebnisTest' are matched.

2018-03-13 11:02:13 - [MESSAGE][PASSED] - Actual text and expected text of test object 'Object Repository/OGRPrototypFiliasuche - DistanzZentralbank/39ErgebnisTest' are matched.

2018-03-13 11:02:13 - [TEST_STEP][PASSED] - verifyElementText: Actual text and expected text of test object 'Object Repository/OGRPrototypFiliasuche - DistanzZentralbank/40ErgebnisTest' are matched.

2018-03-13 11:02:13 - [MESSAGE][PASSED] - Actual text and expected text of test object 'Object Repository/OGRPrototypFiliasuche - DistanzZentralbank/40ErgebnisTest' are matched.

2018-03-13 11:02:13 - [TEST_STEP][PASSED] - verifyElementText: Actual text and expected text of test object 'Object Repository/OGRPrototypFiliasuche - DistanzZentralbank/41ErgebnisTest' are matched.

2018-03-13 11:02:13 - [MESSAGE][PASSED] - Actual text and expected text of test object 'Object Repository/OGRPrototypFiliasuche - DistanzZentralbank/41ErgebnisTest' are matched.

2018-03-13 11:02:13 - [TEST_STEP][PASSED] - verifyElementText: Actual text and expected text of test object 'Object Repository/OGRPrototypFiliasuche - DistanzZentralbank/42ErgebnisTest' are matched.

2018-03-13 11:02:13 - [MESSAGE][PASSED] - Actual text and expected text of test object 'Object Repository/OGRPrototypFiliasuche - DistanzZentralbank/42ErgebnisTest' are matched.

2018-03-13 11:02:13 - [TEST_STEP][PASSED] - click: Object: 'Object Repository/naechsteSeite' is clicked on

2018-03-13 11:02:13 - [MESSAGE][PASSED] - Object: 'Object Repository/naechsteSeite' is clicked on

2018-03-13 11:02:13 - [TEST_STEP][PASSED] - delay: Delayed 2 second(s)

2018-03-13 11:02:15 - [MESSAGE][PASSED] - Delayed 2 second(s)

2018-03-13 11:02:15 - [TEST_STEP][PASSED] - verifyElementText: Actual text and expected text of test object 'Object Repository/OGRPrototypFiliasuche - DistanzZentralbank/43ErgebnisTest' are matched.

2018-03-13 11:02:15 - [MESSAGE][PASSED] - Actual text and expected text of test object 'Object Repository/OGRPrototypFiliasuche - DistanzZentralbank/43ErgebnisTest' are matched.

2018-03-13 11:02:15 - [TEST_STEP][PASSED] - verifyElementText: Actual text and expected text of test object 'Object Repository/OGRPrototypFiliasuche - DistanzZentralbank/44ErgebnisTest' are matched.

2018-03-13 11:02:15 - [MESSAGE][PASSED] - Actual text and expected text of test object 'Object Repository/OGRPrototypFiliasuche - DistanzZentralbank/44ErgebnisTest' are matched.

2018-03-13 11:02:15 - [TEST_STEP][PASSED] - verifyElementText: Actual text and expected text of test object 'Object Repository/OGRPrototypFiliasuche - DistanzZentralbank/45ErgebnisTest' are matched.

2018-03-13 11:02:15 - [MESSAGE][PASSED] - Actual text and expected text of test object 'Object Repository/OGRPrototypFiliasuche - DistanzZentralbank/45ErgebnisTest' are matched.

2018-03-13 11:02:15 - [TEST_STEP][PASSED] - verifyElementText: Actual text and expected text of test object 'Object Repository/OGRPrototypFiliasuche - DistanzZentralbank/46ErgebnisTest' are matched.

2018-03-13 11:02:15 - [MESSAGE][PASSED] - Actual text and expected text of test object 'Object Repository/OGRPrototypFiliasuche - DistanzZentralbank/46ErgebnisTest' are matched.

2018-03-13 11:02:15 - [TEST_STEP][PASSED] - verifyElementText: Actual text and expected text of test object 'Object Repository/OGRPrototypFiliasuche - DistanzZentralbank/47ErgebnisTest' are matched.

2018-03-13 11:02:15 - [MESSAGE][PASSED] - Actual text and expected text of test object 'Object Repository/OGRPrototypFiliasuche - DistanzZentralbank/47ErgebnisTest' are matched.

2018-03-13 11:02:15 - [TEST_STEP][PASSED] - verifyElementText: Actual text and expected text of test object 'Object Repository/OGRPrototypFiliasuche - DistanzZentralbank/48ErgebnisTest' are matched.

2018-03-13 11:02:15 - [MESSAGE][PASSED] - Actual text and expected text of test object 'Object Repository/OGRPrototypFiliasuche - DistanzZentralbank/48ErgebnisTest' are matched.

2018-03-13 11:02:15 - [TEST_STEP][PASSED] - click: Object: 'Object Repository/naechsteSeite' is clicked on

2018-03-13 11:02:15 - [MESSAGE][PASSED] - Object: 'Object Repository/naechsteSeite' is clicked on

2018-03-13 11:02:15 - [TEST_STEP][PASSED] - delay: Delayed 2 second(s)

2018-03-13 11:02:17 - [MESSAGE][PASSED] - Delayed 2 second(s)

2018-03-13 11:02:17 - [TEST_STEP][PASSED] - verifyElementText: Actual text and expected text of test object 'Object Repository/OGRPrototypFiliasuche - DistanzZentralbank/49ErgebnisTest' are matched.

2018-03-13 11:02:18 - [MESSAGE][PASSED] - Actual text and expected text of test object 'Object Repository/OGRPrototypFiliasuche - DistanzZentralbank/49ErgebnisTest' are matched.

2018-03-13 11:02:18 - [TEST_STEP][PASSED] - verifyElementText: Actual text and expected text of test object 'Object Repository/OGRPrototypFiliasuche - DistanzZentralbank/50ErgebnisTest' are matched.

2018-03-13 11:02:18 - [MESSAGE][PASSED] - Actual text and expected text of test object 'Object Repository/OGRPrototypFiliasuche - DistanzZentralbank/50ErgebnisTest' are matched.

2018-03-13 11:02:18 - [TEST_STEP][PASSED] - verifyElementText: Actual text and expected text of test object 'Object Repository/OGRPrototypFiliasuche - DistanzZentralbank/51ErgebnisTest' are matched.

2018-03-13 11:02:18 - [MESSAGE][PASSED] - Actual text and expected text of test object 'Object Repository/OGRPrototypFiliasuche - DistanzZentralbank/51ErgebnisTest' are matched.

2018-03-13 11:02:18 - [TEST_STEP][PASSED] - verifyElementText: Actual text and expected text of test object 'Object Repository/OGRPrototypFiliasuche - DistanzZentralbank/52ErgebnisTest' are matched.

2018-03-13 11:02:18 - [MESSAGE][PASSED] - Actual text and expected text of test object 'Object Repository/OGRPrototypFiliasuche - DistanzZentralbank/52ErgebnisTest' are matched.

2018-03-13 11:02:18 - [TEST_STEP][PASSED] - verifyElementText: Actual text and expected text of test object 'Object Repository/OGRPrototypFiliasuche - DistanzZentralbank/53ErgebnisTest' are matched.

2018-03-13 11:02:18 - [MESSAGE][PASSED] - Actual text and expected text of test object 'Object Repository/OGRPrototypFiliasuche - DistanzZentralbank/53ErgebnisTest' are matched.

2018-03-13 11:02:18 - [TEST_STEP][PASSED] - verifyElementText: Actual text and expected text of test object 'Object Repository/OGRPrototypFiliasuche - DistanzZentralbank/54ErgebnisTest' are matched.

2018-03-13 11:02:18 - [MESSAGE][PASSED] - Actual text and expected text of test object 'Object Repository/OGRPrototypFiliasuche - DistanzZentralbank/54ErgebnisTest' are matched.

2018-03-13 11:02:18 - [TEST_STEP][PASSED] - click: Object: 'Object Repository/naechsteSeite' is clicked on

2018-03-13 11:02:18 - [MESSAGE][PASSED] - Object: 'Object Repository/naechsteSeite' is clicked on

2018-03-13 11:02:18 - [TEST_STEP][PASSED] - delay: Delayed 2 second(s)

2018-03-13 11:02:20 - [MESSAGE][PASSED] - Delayed 2 second(s)

2018-03-13 11:02:20 - [TEST_STEP][PASSED] - verifyElementText: Actual text and expected text of test object 'Object Repository/OGRPrototypFiliasuche - DistanzZentralbank/55ErgebnisTest' are matched.

2018-03-13 11:02:20 - [MESSAGE][PASSED] - Actual text and expected text of test object 'Object Repository/OGRPrototypFiliasuche - DistanzZentralbank/55ErgebnisTest' are matched.

2018-03-13 11:02:20 - [TEST_STEP][PASSED] - verifyElementText: Actual text and expected text of test object 'Object Repository/OGRPrototypFiliasuche - DistanzZentralbank/56ErgebnisTest' are matched.

2018-03-13 11:02:20 - [MESSAGE][PASSED] - Actual text and expected text of test object 'Object Repository/OGRPrototypFiliasuche - DistanzZentralbank/56ErgebnisTest' are matched.

2018-03-13 11:02:20 - [TEST_STEP][PASSED] - verifyElementText: Actual text and expected text of test object 'Object Repository/OGRPrototypFiliasuche - DistanzZentralbank/57ErgebnisTest' are matched.

2018-03-13 11:02:20 - [MESSAGE][PASSED] - Actual text and expected text of test object 'Object Repository/OGRPrototypFiliasuche - DistanzZentralbank/57ErgebnisTest' are matched.

2018-03-13 11:02:20 - [TEST_STEP][PASSED] - verifyElementText: Actual text and expected text of test object 'Object Repository/OGRPrototypFiliasuche - DistanzZentralbank/58ErgebnisTest' are matched.

2018-03-13 11:02:20 - [MESSAGE][PASSED] - Actual text and expected text of test object 'Object Repository/OGRPrototypFiliasuche - DistanzZentralbank/58ErgebnisTest' are matched.

2018-03-13 11:02:20 - [TEST_STEP][PASSED] - verifyElementText: Actual text and expected text of test object 'Object Repository/OGRPrototypFiliasuche - DistanzZentralbank/59ErgebnisTest' are matched.

2018-03-13 11:02:20 - [MESSAGE][PASSED] - Actual text and expected text of test object 'Object Repository/OGRPrototypFiliasuche - DistanzZentralbank/59ErgebnisTest' are matched.

2018-03-13 11:02:20 - [TEST_STEP][PASSED] - verifyElementText: Actual text and expected text of test object 'Object Repository/OGRPrototypFiliasuche - DistanzZentralbank/60ErgebnisTest' are matched.

2018-03-13 11:02:20 - [MESSAGE][PASSED] - Actual text and expected text of test object 'Object Repository/OGRPrototypFiliasuche - DistanzZentralbank/60ErgebnisTest' are matched.

2018-03-13 11:02:20 - [TEST_STEP][PASSED] - click: Object: 'Object Repository/naechsteSeite' is clicked on

2018-03-13 11:02:20 - [MESSAGE][PASSED] - Object: 'Object Repository/naechsteSeite' is clicked on

2018-03-13 11:02:20 - [TEST_STEP][PASSED] - delay: Delayed 2 second(s)

2018-03-13 11:02:22 - [MESSAGE][PASSED] - Delayed 2 second(s)

2018-03-13 11:02:22 - [TEST_STEP][PASSED] - verifyElementText: Actual text and expected text of test object 'Object Repository/OGRPrototypFiliasuche - DistanzZentralbank/61ErgebnisTest' are matched.

2018-03-13 11:02:22 - [MESSAGE][PASSED] - Actual text and expected text of test object 'Object Repository/OGRPrototypFiliasuche - DistanzZentralbank/61ErgebnisTest' are matched.

2018-03-13 11:02:22 - [TEST_STEP][PASSED] - closeBrowser: Browser is closed

2018-03-13 11:02:23 - [MESSAGE][PASSED] - Browser is closed]]></system-out>
         <system-err><![CDATA[]]></system-err>
      </testcase>
      <testcase name="Test Cases/Prototyp_Filialsuche (RC 18)/52_Testfall" classname="Test Cases/Prototyp_Filialsuche (RC 18)/52_Testfall" status="PASSED">
         <system-out><![CDATA[2018-03-13 11:02:23 - [TEST_CASE][PASSED] - Test Cases/Prototyp_Filialsuche (RC 18)/52_Testfall: Test Cases/Prototyp_Filialsuche (RC 18)/52_Testfall

2018-03-13 11:02:23 - [TEST_STEP][PASSED] - openBrowser: Browser is opened with url: ''

2018-03-13 11:02:25 - [MESSAGE][PASSED] - Browser is opened with url: ''

2018-03-13 11:02:25 - [TEST_STEP][PASSED] - maximizeWindow: Current window maximized

2018-03-13 11:02:26 - [MESSAGE][PASSED] - Current window maximized

2018-03-13 11:02:26 - [TEST_STEP][PASSED] - deleteAllCookies: Delete all cookies successfully

2018-03-13 11:02:26 - [MESSAGE][PASSED] - Delete all cookies successfully

2018-03-13 11:02:26 - [TEST_STEP][PASSED] - navigateToUrl: Navigate to 'http://rc-ogrhtmlprototyp.testintern/18-1-0/home-6-filialsuche.html' successfully

2018-03-13 11:02:28 - [MESSAGE][PASSED] - Navigate to 'http://rc-ogrhtmlprototyp.testintern/18-1-0/home-6-filialsuche.html' successfully

2018-03-13 11:02:28 - [TEST_STEP][PASSED] - delay: Delayed 5 second(s)

2018-03-13 11:02:33 - [MESSAGE][PASSED] - Delayed 5 second(s)

2018-03-13 11:02:33 - [TEST_STEP][PASSED] - click: Object: 'Object Repository/OGRPrototypFilialsuche - Kontakt-Box/svg_dropdown-icons' is clicked on

2018-03-13 11:02:33 - [MESSAGE][PASSED] - Object: 'Object Repository/OGRPrototypFilialsuche - Kontakt-Box/svg_dropdown-icons' is clicked on

2018-03-13 11:02:33 - [TEST_STEP][PASSED] - delay: Delayed 2 second(s)

2018-03-13 11:02:35 - [MESSAGE][PASSED] - Delayed 2 second(s)

2018-03-13 11:02:35 - [TEST_STEP][PASSED] - mouseOver: Object: 'Object Repository/Belitz_option' is hovered

2018-03-13 11:02:35 - [MESSAGE][PASSED] - Object: 'Object Repository/Belitz_option' is hovered

2018-03-13 11:02:35 - [TEST_STEP][PASSED] - delay: Delayed 2 second(s)

2018-03-13 11:02:37 - [MESSAGE][PASSED] - Delayed 2 second(s)

2018-03-13 11:02:37 - [TEST_STEP][PASSED] - click: Object: 'Object Repository/Belitz_option' is clicked on

2018-03-13 11:02:37 - [MESSAGE][PASSED] - Object: 'Object Repository/Belitz_option' is clicked on

2018-03-13 11:02:37 - [TEST_STEP][PASSED] - delay: Delayed 4 second(s)

2018-03-13 11:02:41 - [MESSAGE][PASSED] - Delayed 4 second(s)

2018-03-13 11:02:41 - [TEST_STEP][PASSED] - verifyElementText: Actual text and expected text of test object 'Object Repository/OGRPrototypFilialsuche - Kontakt-Box/01ErgebnisText' are matched.

2018-03-13 11:02:41 - [MESSAGE][PASSED] - Actual text and expected text of test object 'Object Repository/OGRPrototypFilialsuche - Kontakt-Box/01ErgebnisText' are matched.

2018-03-13 11:02:41 - [TEST_STEP][PASSED] - verifyElementText: Actual text and expected text of test object 'Object Repository/OGRPrototypFilialsuche - Kontakt-Box/02ErgebnisText' are matched.

2018-03-13 11:02:41 - [MESSAGE][PASSED] - Actual text and expected text of test object 'Object Repository/OGRPrototypFilialsuche - Kontakt-Box/02ErgebnisText' are matched.

2018-03-13 11:02:41 - [TEST_STEP][PASSED] - verifyElementText: Actual text and expected text of test object 'Object Repository/OGRPrototypFilialsuche - Kontakt-Box/03ErgebnisTest' are matched.

2018-03-13 11:02:41 - [MESSAGE][PASSED] - Actual text and expected text of test object 'Object Repository/OGRPrototypFilialsuche - Kontakt-Box/03ErgebnisTest' are matched.

2018-03-13 11:02:41 - [TEST_STEP][PASSED] - verifyElementText: Actual text and expected text of test object 'Object Repository/OGRPrototypFilialsuche - Kontakt-Box/04ErgebnisTest' are matched.

2018-03-13 11:02:41 - [MESSAGE][PASSED] - Actual text and expected text of test object 'Object Repository/OGRPrototypFilialsuche - Kontakt-Box/04ErgebnisTest' are matched.

2018-03-13 11:02:41 - [TEST_STEP][PASSED] - verifyElementText: Actual text and expected text of test object 'Object Repository/OGRPrototypFilialsuche - Kontakt-Box/05ErgebnisTest' are matched.

2018-03-13 11:02:41 - [MESSAGE][PASSED] - Actual text and expected text of test object 'Object Repository/OGRPrototypFilialsuche - Kontakt-Box/05ErgebnisTest' are matched.

2018-03-13 11:02:41 - [TEST_STEP][PASSED] - verifyElementText: Actual text and expected text of test object 'Object Repository/OGRPrototypFilialsuche - Kontakt-Box/06ErgebnisTest' are matched.

2018-03-13 11:02:41 - [MESSAGE][PASSED] - Actual text and expected text of test object 'Object Repository/OGRPrototypFilialsuche - Kontakt-Box/06ErgebnisTest' are matched.

2018-03-13 11:02:41 - [TEST_STEP][PASSED] - click: Object: 'Object Repository/naechsteSeite' is clicked on

2018-03-13 11:02:41 - [MESSAGE][PASSED] - Object: 'Object Repository/naechsteSeite' is clicked on

2018-03-13 11:02:41 - [TEST_STEP][PASSED] - verifyElementText: Actual text and expected text of test object 'Object Repository/OGRPrototypFilialsuche - Kontakt-Box/07ErgebnisTest' are matched.

2018-03-13 11:02:41 - [MESSAGE][PASSED] - Actual text and expected text of test object 'Object Repository/OGRPrototypFilialsuche - Kontakt-Box/07ErgebnisTest' are matched.

2018-03-13 11:02:41 - [TEST_STEP][PASSED] - verifyElementText: Actual text and expected text of test object 'Object Repository/OGRPrototypFilialsuche - Kontakt-Box/08ErgebnisTest' are matched.

2018-03-13 11:02:41 - [MESSAGE][PASSED] - Actual text and expected text of test object 'Object Repository/OGRPrototypFilialsuche - Kontakt-Box/08ErgebnisTest' are matched.

2018-03-13 11:02:41 - [TEST_STEP][PASSED] - verifyElementText: Actual text and expected text of test object 'Object Repository/OGRPrototypFilialsuche - Kontakt-Box/09ErgebnisTest' are matched.

2018-03-13 11:02:41 - [MESSAGE][PASSED] - Actual text and expected text of test object 'Object Repository/OGRPrototypFilialsuche - Kontakt-Box/09ErgebnisTest' are matched.

2018-03-13 11:02:41 - [TEST_STEP][PASSED] - verifyElementText: Actual text and expected text of test object 'Object Repository/OGRPrototypFilialsuche - Kontakt-Box/10ErgebnisTest' are matched.

2018-03-13 11:02:41 - [MESSAGE][PASSED] - Actual text and expected text of test object 'Object Repository/OGRPrototypFilialsuche - Kontakt-Box/10ErgebnisTest' are matched.

2018-03-13 11:02:41 - [TEST_STEP][PASSED] - verifyElementText: Actual text and expected text of test object 'Object Repository/OGRPrototypFilialsuche - Kontakt-Box/11ErgebnisTest' are matched.

2018-03-13 11:02:41 - [MESSAGE][PASSED] - Actual text and expected text of test object 'Object Repository/OGRPrototypFilialsuche - Kontakt-Box/11ErgebnisTest' are matched.

2018-03-13 11:02:41 - [TEST_STEP][PASSED] - verifyElementText: Actual text and expected text of test object 'Object Repository/OGRPrototypFilialsuche - Kontakt-Box/12ErgebnisTest' are matched.

2018-03-13 11:02:41 - [MESSAGE][PASSED] - Actual text and expected text of test object 'Object Repository/OGRPrototypFilialsuche - Kontakt-Box/12ErgebnisTest' are matched.

2018-03-13 11:02:41 - [TEST_STEP][PASSED] - click: Object: 'Object Repository/naechsteSeite' is clicked on

2018-03-13 11:02:41 - [MESSAGE][PASSED] - Object: 'Object Repository/naechsteSeite' is clicked on

2018-03-13 11:02:41 - [TEST_STEP][PASSED] - verifyElementText: Actual text and expected text of test object 'Object Repository/OGRPrototypFilialsuche - Kontakt-Box/13ErgebnisTest' are matched.

2018-03-13 11:02:41 - [MESSAGE][PASSED] - Actual text and expected text of test object 'Object Repository/OGRPrototypFilialsuche - Kontakt-Box/13ErgebnisTest' are matched.

2018-03-13 11:02:41 - [TEST_STEP][PASSED] - verifyElementText: Actual text and expected text of test object 'Object Repository/OGRPrototypFilialsuche - Kontakt-Box/14ErgebnisTest' are matched.

2018-03-13 11:02:41 - [MESSAGE][PASSED] - Actual text and expected text of test object 'Object Repository/OGRPrototypFilialsuche - Kontakt-Box/14ErgebnisTest' are matched.

2018-03-13 11:02:41 - [TEST_STEP][PASSED] - verifyElementText: Actual text and expected text of test object 'Object Repository/OGRPrototypFilialsuche - Kontakt-Box/15ErgebnisTest' are matched.

2018-03-13 11:02:42 - [MESSAGE][PASSED] - Actual text and expected text of test object 'Object Repository/OGRPrototypFilialsuche - Kontakt-Box/15ErgebnisTest' are matched.

2018-03-13 11:02:42 - [TEST_STEP][PASSED] - verifyElementText: Actual text and expected text of test object 'Object Repository/OGRPrototypFilialsuche - Kontakt-Box/16ErgebnisTest' are matched.

2018-03-13 11:02:42 - [MESSAGE][PASSED] - Actual text and expected text of test object 'Object Repository/OGRPrototypFilialsuche - Kontakt-Box/16ErgebnisTest' are matched.

2018-03-13 11:02:42 - [TEST_STEP][PASSED] - verifyElementText: Actual text and expected text of test object 'Object Repository/OGRPrototypFilialsuche - Kontakt-Box/17ErgebnisTest' are matched.

2018-03-13 11:02:42 - [MESSAGE][PASSED] - Actual text and expected text of test object 'Object Repository/OGRPrototypFilialsuche - Kontakt-Box/17ErgebnisTest' are matched.

2018-03-13 11:02:42 - [TEST_STEP][PASSED] - verifyElementText: Actual text and expected text of test object 'Object Repository/OGRPrototypFilialsuche - Kontakt-Box/18ErgebnisTest' are matched.

2018-03-13 11:02:42 - [MESSAGE][PASSED] - Actual text and expected text of test object 'Object Repository/OGRPrototypFilialsuche - Kontakt-Box/18ErgebnisTest' are matched.

2018-03-13 11:02:42 - [TEST_STEP][PASSED] - click: Object: 'Object Repository/naechsteSeite' is clicked on

2018-03-13 11:02:42 - [MESSAGE][PASSED] - Object: 'Object Repository/naechsteSeite' is clicked on

2018-03-13 11:02:42 - [TEST_STEP][PASSED] - verifyElementText: Actual text and expected text of test object 'Object Repository/OGRPrototypFilialsuche - Kontakt-Box/19ErgebnisTest' are matched.

2018-03-13 11:02:42 - [MESSAGE][PASSED] - Actual text and expected text of test object 'Object Repository/OGRPrototypFilialsuche - Kontakt-Box/19ErgebnisTest' are matched.

2018-03-13 11:02:42 - [TEST_STEP][PASSED] - verifyElementText: Actual text and expected text of test object 'Object Repository/OGRPrototypFilialsuche - Kontakt-Box/20ErgebnisTest' are matched.

2018-03-13 11:02:42 - [MESSAGE][PASSED] - Actual text and expected text of test object 'Object Repository/OGRPrototypFilialsuche - Kontakt-Box/20ErgebnisTest' are matched.

2018-03-13 11:02:42 - [TEST_STEP][PASSED] - verifyElementText: Actual text and expected text of test object 'Object Repository/OGRPrototypFilialsuche - Kontakt-Box/21ErgebnisTest' are matched.

2018-03-13 11:02:42 - [MESSAGE][PASSED] - Actual text and expected text of test object 'Object Repository/OGRPrototypFilialsuche - Kontakt-Box/21ErgebnisTest' are matched.

2018-03-13 11:02:42 - [TEST_STEP][PASSED] - verifyElementText: Actual text and expected text of test object 'Object Repository/OGRPrototypFilialsuche - Kontakt-Box/22ErgebnisTest' are matched.

2018-03-13 11:02:42 - [MESSAGE][PASSED] - Actual text and expected text of test object 'Object Repository/OGRPrototypFilialsuche - Kontakt-Box/22ErgebnisTest' are matched.

2018-03-13 11:02:42 - [TEST_STEP][PASSED] - verifyElementText: Actual text and expected text of test object 'Object Repository/OGRPrototypFilialsuche - Kontakt-Box/23ErgebnisTest' are matched.

2018-03-13 11:02:42 - [MESSAGE][PASSED] - Actual text and expected text of test object 'Object Repository/OGRPrototypFilialsuche - Kontakt-Box/23ErgebnisTest' are matched.

2018-03-13 11:02:42 - [TEST_STEP][PASSED] - verifyElementText: Actual text and expected text of test object 'Object Repository/OGRPrototypFilialsuche - Kontakt-Box/24ErgebnisTest' are matched.

2018-03-13 11:02:42 - [MESSAGE][PASSED] - Actual text and expected text of test object 'Object Repository/OGRPrototypFilialsuche - Kontakt-Box/24ErgebnisTest' are matched.

2018-03-13 11:02:42 - [TEST_STEP][PASSED] - click: Object: 'Object Repository/naechsteSeite' is clicked on

2018-03-13 11:02:42 - [MESSAGE][PASSED] - Object: 'Object Repository/naechsteSeite' is clicked on

2018-03-13 11:02:42 - [TEST_STEP][PASSED] - verifyElementText: Actual text and expected text of test object 'Object Repository/OGRPrototypFilialsuche - Kontakt-Box/25ErgebnisTest' are matched.

2018-03-13 11:02:42 - [MESSAGE][PASSED] - Actual text and expected text of test object 'Object Repository/OGRPrototypFilialsuche - Kontakt-Box/25ErgebnisTest' are matched.

2018-03-13 11:02:42 - [TEST_STEP][PASSED] - verifyElementText: Actual text and expected text of test object 'Object Repository/OGRPrototypFilialsuche - Kontakt-Box/26ErgebnisTest' are matched.

2018-03-13 11:02:42 - [MESSAGE][PASSED] - Actual text and expected text of test object 'Object Repository/OGRPrototypFilialsuche - Kontakt-Box/26ErgebnisTest' are matched.

2018-03-13 11:02:42 - [TEST_STEP][PASSED] - verifyElementText: Actual text and expected text of test object 'Object Repository/OGRPrototypFilialsuche - Kontakt-Box/27ErgebnisTest' are matched.

2018-03-13 11:02:42 - [MESSAGE][PASSED] - Actual text and expected text of test object 'Object Repository/OGRPrototypFilialsuche - Kontakt-Box/27ErgebnisTest' are matched.

2018-03-13 11:02:42 - [TEST_STEP][PASSED] - verifyElementText: Actual text and expected text of test object 'Object Repository/OGRPrototypFilialsuche - Kontakt-Box/28ErgebnisTest' are matched.

2018-03-13 11:02:42 - [MESSAGE][PASSED] - Actual text and expected text of test object 'Object Repository/OGRPrototypFilialsuche - Kontakt-Box/28ErgebnisTest' are matched.

2018-03-13 11:02:42 - [TEST_STEP][PASSED] - verifyElementText: Actual text and expected text of test object 'Object Repository/OGRPrototypFilialsuche - Kontakt-Box/29ErgebnisTest' are matched.

2018-03-13 11:02:42 - [MESSAGE][PASSED] - Actual text and expected text of test object 'Object Repository/OGRPrototypFilialsuche - Kontakt-Box/29ErgebnisTest' are matched.

2018-03-13 11:02:42 - [TEST_STEP][PASSED] - verifyElementText: Actual text and expected text of test object 'Object Repository/OGRPrototypFilialsuche - Kontakt-Box/30ErgebnisTest' are matched.

2018-03-13 11:02:42 - [MESSAGE][PASSED] - Actual text and expected text of test object 'Object Repository/OGRPrototypFilialsuche - Kontakt-Box/30ErgebnisTest' are matched.

2018-03-13 11:02:42 - [TEST_STEP][PASSED] - click: Object: 'Object Repository/naechsteSeite' is clicked on

2018-03-13 11:02:42 - [MESSAGE][PASSED] - Object: 'Object Repository/naechsteSeite' is clicked on

2018-03-13 11:02:42 - [TEST_STEP][PASSED] - verifyElementText: Actual text and expected text of test object 'Object Repository/OGRPrototypFilialsuche - Kontakt-Box/31ErgebnisTest' are matched.

2018-03-13 11:02:42 - [MESSAGE][PASSED] - Actual text and expected text of test object 'Object Repository/OGRPrototypFilialsuche - Kontakt-Box/31ErgebnisTest' are matched.

2018-03-13 11:02:42 - [TEST_STEP][PASSED] - verifyElementText: Actual text and expected text of test object 'Object Repository/OGRPrototypFilialsuche - Kontakt-Box/32ErgebnisTest' are matched.

2018-03-13 11:02:42 - [MESSAGE][PASSED] - Actual text and expected text of test object 'Object Repository/OGRPrototypFilialsuche - Kontakt-Box/32ErgebnisTest' are matched.

2018-03-13 11:02:42 - [TEST_STEP][PASSED] - verifyElementText: Actual text and expected text of test object 'Object Repository/OGRPrototypFilialsuche - Kontakt-Box/33ErgebnisTest' are matched.

2018-03-13 11:02:42 - [MESSAGE][PASSED] - Actual text and expected text of test object 'Object Repository/OGRPrototypFilialsuche - Kontakt-Box/33ErgebnisTest' are matched.

2018-03-13 11:02:42 - [TEST_STEP][PASSED] - verifyElementText: Actual text and expected text of test object 'Object Repository/OGRPrototypFilialsuche - Kontakt-Box/34ErgebnisTest' are matched.

2018-03-13 11:02:42 - [MESSAGE][PASSED] - Actual text and expected text of test object 'Object Repository/OGRPrototypFilialsuche - Kontakt-Box/34ErgebnisTest' are matched.

2018-03-13 11:02:42 - [TEST_STEP][PASSED] - verifyElementText: Actual text and expected text of test object 'Object Repository/OGRPrototypFilialsuche - Kontakt-Box/35ErgebnisTest' are matched.

2018-03-13 11:02:42 - [MESSAGE][PASSED] - Actual text and expected text of test object 'Object Repository/OGRPrototypFilialsuche - Kontakt-Box/35ErgebnisTest' are matched.

2018-03-13 11:02:42 - [TEST_STEP][PASSED] - verifyElementText: Actual text and expected text of test object 'Object Repository/OGRPrototypFilialsuche - Kontakt-Box/36ErgebnisTest' are matched.

2018-03-13 11:02:42 - [MESSAGE][PASSED] - Actual text and expected text of test object 'Object Repository/OGRPrototypFilialsuche - Kontakt-Box/36ErgebnisTest' are matched.

2018-03-13 11:02:42 - [TEST_STEP][PASSED] - click: Object: 'Object Repository/naechsteSeite' is clicked on

2018-03-13 11:02:42 - [MESSAGE][PASSED] - Object: 'Object Repository/naechsteSeite' is clicked on

2018-03-13 11:02:42 - [TEST_STEP][PASSED] - verifyElementText: Actual text and expected text of test object 'Object Repository/OGRPrototypFilialsuche - Kontakt-Box/37ErgebnisTest' are matched.

2018-03-13 11:02:42 - [MESSAGE][PASSED] - Actual text and expected text of test object 'Object Repository/OGRPrototypFilialsuche - Kontakt-Box/37ErgebnisTest' are matched.

2018-03-13 11:02:42 - [TEST_STEP][PASSED] - closeBrowser: Browser is closed

2018-03-13 11:02:43 - [MESSAGE][PASSED] - Browser is closed]]></system-out>
         <system-err><![CDATA[]]></system-err>
      </testcase>
      <testcase name="Test Cases/Prototyp_Filialsuche (RC 18)/53_Testfall" classname="Test Cases/Prototyp_Filialsuche (RC 18)/53_Testfall" status="PASSED">
         <system-out><![CDATA[2018-03-13 11:02:43 - [TEST_CASE][PASSED] - Test Cases/Prototyp_Filialsuche (RC 18)/53_Testfall: Test Cases/Prototyp_Filialsuche (RC 18)/53_Testfall

2018-03-13 11:02:43 - [TEST_STEP][PASSED] - openBrowser: Browser is opened with url: ''

2018-03-13 11:02:45 - [MESSAGE][PASSED] - Browser is opened with url: ''

2018-03-13 11:02:45 - [TEST_STEP][PASSED] - maximizeWindow: Current window maximized

2018-03-13 11:02:46 - [MESSAGE][PASSED] - Current window maximized

2018-03-13 11:02:46 - [TEST_STEP][PASSED] - deleteAllCookies: Delete all cookies successfully

2018-03-13 11:02:47 - [MESSAGE][PASSED] - Delete all cookies successfully

2018-03-13 11:02:47 - [TEST_STEP][PASSED] - navigateToUrl: Navigate to 'http://rc-ogrhtmlprototyp.testintern/18-1-0/detail.html' successfully

2018-03-13 11:02:51 - [MESSAGE][PASSED] - Navigate to 'http://rc-ogrhtmlprototyp.testintern/18-1-0/detail.html' successfully

2018-03-13 11:02:51 - [TEST_STEP][PASSED] - delay: Delayed 5 second(s)

2018-03-13 11:02:56 - [MESSAGE][PASSED] - Delayed 5 second(s)

2018-03-13 11:02:56 - [TEST_STEP][PASSED] - click: Object: 'Object Repository/OGRPrototypFilialsuche - Marginalspalte/svg_dropdown-icons' is clicked on

2018-03-13 11:02:56 - [MESSAGE][PASSED] - Object: 'Object Repository/OGRPrototypFilialsuche - Marginalspalte/svg_dropdown-icons' is clicked on

2018-03-13 11:02:56 - [TEST_STEP][PASSED] - delay: Delayed 2 second(s)

2018-03-13 11:02:58 - [MESSAGE][PASSED] - Delayed 2 second(s)

2018-03-13 11:02:58 - [TEST_STEP][PASSED] - mouseOver: Object: 'Object Repository/Belitz_option' is hovered

2018-03-13 11:02:58 - [MESSAGE][PASSED] - Object: 'Object Repository/Belitz_option' is hovered

2018-03-13 11:02:58 - [TEST_STEP][PASSED] - delay: Delayed 2 second(s)

2018-03-13 11:03:00 - [MESSAGE][PASSED] - Delayed 2 second(s)

2018-03-13 11:03:00 - [TEST_STEP][PASSED] - click: Object: 'Object Repository/Belitz_option' is clicked on

2018-03-13 11:03:00 - [MESSAGE][PASSED] - Object: 'Object Repository/Belitz_option' is clicked on

2018-03-13 11:03:00 - [TEST_STEP][PASSED] - delay: Delayed 5 second(s)

2018-03-13 11:03:05 - [MESSAGE][PASSED] - Delayed 5 second(s)

2018-03-13 11:03:05 - [TEST_STEP][PASSED] - verifyElementText: Actual text and expected text of test object 'Object Repository/OGRPrototypFilialsuche - Marginalspalte/01ErgebnisText' are matched.

2018-03-13 11:03:05 - [MESSAGE][PASSED] - Actual text and expected text of test object 'Object Repository/OGRPrototypFilialsuche - Marginalspalte/01ErgebnisText' are matched.

2018-03-13 11:03:05 - [TEST_STEP][PASSED] - verifyElementText: Actual text and expected text of test object 'Object Repository/OGRPrototypFilialsuche - Marginalspalte/02ErgebnisText' are matched.

2018-03-13 11:03:05 - [MESSAGE][PASSED] - Actual text and expected text of test object 'Object Repository/OGRPrototypFilialsuche - Marginalspalte/02ErgebnisText' are matched.

2018-03-13 11:03:05 - [TEST_STEP][PASSED] - verifyElementText: Actual text and expected text of test object 'Object Repository/OGRPrototypFilialsuche - Marginalspalte/03ErgebnisTest' are matched.

2018-03-13 11:03:05 - [MESSAGE][PASSED] - Actual text and expected text of test object 'Object Repository/OGRPrototypFilialsuche - Marginalspalte/03ErgebnisTest' are matched.

2018-03-13 11:03:05 - [TEST_STEP][PASSED] - verifyElementText: Actual text and expected text of test object 'Object Repository/OGRPrototypFilialsuche - Marginalspalte/04ErgebnisTest' are matched.

2018-03-13 11:03:05 - [MESSAGE][PASSED] - Actual text and expected text of test object 'Object Repository/OGRPrototypFilialsuche - Marginalspalte/04ErgebnisTest' are matched.

2018-03-13 11:03:05 - [TEST_STEP][PASSED] - verifyElementText: Actual text and expected text of test object 'Object Repository/OGRPrototypFilialsuche - Marginalspalte/05ErgebnisTest' are matched.

2018-03-13 11:03:05 - [MESSAGE][PASSED] - Actual text and expected text of test object 'Object Repository/OGRPrototypFilialsuche - Marginalspalte/05ErgebnisTest' are matched.

2018-03-13 11:03:05 - [TEST_STEP][PASSED] - verifyElementText: Actual text and expected text of test object 'Object Repository/OGRPrototypFilialsuche - Marginalspalte/06ErgebnisTest' are matched.

2018-03-13 11:03:06 - [MESSAGE][PASSED] - Actual text and expected text of test object 'Object Repository/OGRPrototypFilialsuche - Marginalspalte/06ErgebnisTest' are matched.

2018-03-13 11:03:06 - [TEST_STEP][PASSED] - click: Object: 'Object Repository/naechsteSeite' is clicked on

2018-03-13 11:03:06 - [MESSAGE][PASSED] - Object: 'Object Repository/naechsteSeite' is clicked on

2018-03-13 11:03:06 - [TEST_STEP][PASSED] - verifyElementText: Actual text and expected text of test object 'Object Repository/OGRPrototypFilialsuche - Marginalspalte/07ErgebnisTest' are matched.

2018-03-13 11:03:06 - [MESSAGE][PASSED] - Actual text and expected text of test object 'Object Repository/OGRPrototypFilialsuche - Marginalspalte/07ErgebnisTest' are matched.

2018-03-13 11:03:06 - [TEST_STEP][PASSED] - verifyElementText: Actual text and expected text of test object 'Object Repository/OGRPrototypFilialsuche - Marginalspalte/08ErgebnisTest' are matched.

2018-03-13 11:03:06 - [MESSAGE][PASSED] - Actual text and expected text of test object 'Object Repository/OGRPrototypFilialsuche - Marginalspalte/08ErgebnisTest' are matched.

2018-03-13 11:03:06 - [TEST_STEP][PASSED] - verifyElementText: Actual text and expected text of test object 'Object Repository/OGRPrototypFilialsuche - Marginalspalte/09ErgebnisTest' are matched.

2018-03-13 11:03:06 - [MESSAGE][PASSED] - Actual text and expected text of test object 'Object Repository/OGRPrototypFilialsuche - Marginalspalte/09ErgebnisTest' are matched.

2018-03-13 11:03:06 - [TEST_STEP][PASSED] - verifyElementText: Actual text and expected text of test object 'Object Repository/OGRPrototypFilialsuche - Marginalspalte/10ErgebnisTest' are matched.

2018-03-13 11:03:06 - [MESSAGE][PASSED] - Actual text and expected text of test object 'Object Repository/OGRPrototypFilialsuche - Marginalspalte/10ErgebnisTest' are matched.

2018-03-13 11:03:06 - [TEST_STEP][PASSED] - verifyElementText: Actual text and expected text of test object 'Object Repository/OGRPrototypFilialsuche - Marginalspalte/11ErgebnisTest' are matched.

2018-03-13 11:03:06 - [MESSAGE][PASSED] - Actual text and expected text of test object 'Object Repository/OGRPrototypFilialsuche - Marginalspalte/11ErgebnisTest' are matched.

2018-03-13 11:03:06 - [TEST_STEP][PASSED] - verifyElementText: Actual text and expected text of test object 'Object Repository/OGRPrototypFilialsuche - Marginalspalte/12ErgebnisTest' are matched.

2018-03-13 11:03:06 - [MESSAGE][PASSED] - Actual text and expected text of test object 'Object Repository/OGRPrototypFilialsuche - Marginalspalte/12ErgebnisTest' are matched.

2018-03-13 11:03:06 - [TEST_STEP][PASSED] - click: Object: 'Object Repository/naechsteSeite' is clicked on

2018-03-13 11:03:06 - [MESSAGE][PASSED] - Object: 'Object Repository/naechsteSeite' is clicked on

2018-03-13 11:03:06 - [TEST_STEP][PASSED] - verifyElementText: Actual text and expected text of test object 'Object Repository/OGRPrototypFilialsuche - Marginalspalte/13ErgebnisTest' are matched.

2018-03-13 11:03:06 - [MESSAGE][PASSED] - Actual text and expected text of test object 'Object Repository/OGRPrototypFilialsuche - Marginalspalte/13ErgebnisTest' are matched.

2018-03-13 11:03:06 - [TEST_STEP][PASSED] - verifyElementText: Actual text and expected text of test object 'Object Repository/OGRPrototypFilialsuche - Marginalspalte/14ErgebnisTest' are matched.

2018-03-13 11:03:06 - [MESSAGE][PASSED] - Actual text and expected text of test object 'Object Repository/OGRPrototypFilialsuche - Marginalspalte/14ErgebnisTest' are matched.

2018-03-13 11:03:06 - [TEST_STEP][PASSED] - verifyElementText: Actual text and expected text of test object 'Object Repository/OGRPrototypFilialsuche - Marginalspalte/15ErgebnisTest' are matched.

2018-03-13 11:03:06 - [MESSAGE][PASSED] - Actual text and expected text of test object 'Object Repository/OGRPrototypFilialsuche - Marginalspalte/15ErgebnisTest' are matched.

2018-03-13 11:03:06 - [TEST_STEP][PASSED] - verifyElementText: Actual text and expected text of test object 'Object Repository/OGRPrototypFilialsuche - Marginalspalte/16ErgebnisTest' are matched.

2018-03-13 11:03:06 - [MESSAGE][PASSED] - Actual text and expected text of test object 'Object Repository/OGRPrototypFilialsuche - Marginalspalte/16ErgebnisTest' are matched.

2018-03-13 11:03:06 - [TEST_STEP][PASSED] - verifyElementText: Actual text and expected text of test object 'Object Repository/OGRPrototypFilialsuche - Marginalspalte/17ErgebnisTest' are matched.

2018-03-13 11:03:06 - [MESSAGE][PASSED] - Actual text and expected text of test object 'Object Repository/OGRPrototypFilialsuche - Marginalspalte/17ErgebnisTest' are matched.

2018-03-13 11:03:06 - [TEST_STEP][PASSED] - verifyElementText: Actual text and expected text of test object 'Object Repository/OGRPrototypFilialsuche - Marginalspalte/18ErgebnisTest' are matched.

2018-03-13 11:03:06 - [MESSAGE][PASSED] - Actual text and expected text of test object 'Object Repository/OGRPrototypFilialsuche - Marginalspalte/18ErgebnisTest' are matched.

2018-03-13 11:03:06 - [TEST_STEP][PASSED] - click: Object: 'Object Repository/naechsteSeite' is clicked on

2018-03-13 11:03:06 - [MESSAGE][PASSED] - Object: 'Object Repository/naechsteSeite' is clicked on

2018-03-13 11:03:06 - [TEST_STEP][PASSED] - verifyElementText: Actual text and expected text of test object 'Object Repository/OGRPrototypFilialsuche - Marginalspalte/19ErgebnisTest' are matched.

2018-03-13 11:03:06 - [MESSAGE][PASSED] - Actual text and expected text of test object 'Object Repository/OGRPrototypFilialsuche - Marginalspalte/19ErgebnisTest' are matched.

2018-03-13 11:03:06 - [TEST_STEP][PASSED] - verifyElementText: Actual text and expected text of test object 'Object Repository/OGRPrototypFilialsuche - Marginalspalte/20ErgebnisTest' are matched.

2018-03-13 11:03:06 - [MESSAGE][PASSED] - Actual text and expected text of test object 'Object Repository/OGRPrototypFilialsuche - Marginalspalte/20ErgebnisTest' are matched.

2018-03-13 11:03:06 - [TEST_STEP][PASSED] - verifyElementText: Actual text and expected text of test object 'Object Repository/OGRPrototypFilialsuche - Marginalspalte/21ErgebnisTest' are matched.

2018-03-13 11:03:06 - [MESSAGE][PASSED] - Actual text and expected text of test object 'Object Repository/OGRPrototypFilialsuche - Marginalspalte/21ErgebnisTest' are matched.

2018-03-13 11:03:06 - [TEST_STEP][PASSED] - verifyElementText: Actual text and expected text of test object 'Object Repository/OGRPrototypFilialsuche - Marginalspalte/22ErgebnisTest' are matched.

2018-03-13 11:03:06 - [MESSAGE][PASSED] - Actual text and expected text of test object 'Object Repository/OGRPrototypFilialsuche - Marginalspalte/22ErgebnisTest' are matched.

2018-03-13 11:03:06 - [TEST_STEP][PASSED] - verifyElementText: Actual text and expected text of test object 'Object Repository/OGRPrototypFilialsuche - Marginalspalte/23ErgebnisTest' are matched.

2018-03-13 11:03:06 - [MESSAGE][PASSED] - Actual text and expected text of test object 'Object Repository/OGRPrototypFilialsuche - Marginalspalte/23ErgebnisTest' are matched.

2018-03-13 11:03:06 - [TEST_STEP][PASSED] - verifyElementText: Actual text and expected text of test object 'Object Repository/OGRPrototypFilialsuche - Marginalspalte/24ErgebnisTest' are matched.

2018-03-13 11:03:06 - [MESSAGE][PASSED] - Actual text and expected text of test object 'Object Repository/OGRPrototypFilialsuche - Marginalspalte/24ErgebnisTest' are matched.

2018-03-13 11:03:06 - [TEST_STEP][PASSED] - click: Object: 'Object Repository/naechsteSeite' is clicked on

2018-03-13 11:03:06 - [MESSAGE][PASSED] - Object: 'Object Repository/naechsteSeite' is clicked on

2018-03-13 11:03:06 - [TEST_STEP][PASSED] - verifyElementText: Actual text and expected text of test object 'Object Repository/OGRPrototypFilialsuche - Marginalspalte/25ErgebnisTest' are matched.

2018-03-13 11:03:06 - [MESSAGE][PASSED] - Actual text and expected text of test object 'Object Repository/OGRPrototypFilialsuche - Marginalspalte/25ErgebnisTest' are matched.

2018-03-13 11:03:06 - [TEST_STEP][PASSED] - verifyElementText: Actual text and expected text of test object 'Object Repository/OGRPrototypFilialsuche - Marginalspalte/26ErgebnisTest' are matched.

2018-03-13 11:03:06 - [MESSAGE][PASSED] - Actual text and expected text of test object 'Object Repository/OGRPrototypFilialsuche - Marginalspalte/26ErgebnisTest' are matched.

2018-03-13 11:03:06 - [TEST_STEP][PASSED] - verifyElementText: Actual text and expected text of test object 'Object Repository/OGRPrototypFilialsuche - Marginalspalte/27ErgebnisTest' are matched.

2018-03-13 11:03:06 - [MESSAGE][PASSED] - Actual text and expected text of test object 'Object Repository/OGRPrototypFilialsuche - Marginalspalte/27ErgebnisTest' are matched.

2018-03-13 11:03:06 - [TEST_STEP][PASSED] - verifyElementText: Actual text and expected text of test object 'Object Repository/OGRPrototypFilialsuche - Marginalspalte/28ErgebnisTest' are matched.

2018-03-13 11:03:06 - [MESSAGE][PASSED] - Actual text and expected text of test object 'Object Repository/OGRPrototypFilialsuche - Marginalspalte/28ErgebnisTest' are matched.

2018-03-13 11:03:06 - [TEST_STEP][PASSED] - verifyElementText: Actual text and expected text of test object 'Object Repository/OGRPrototypFilialsuche - Marginalspalte/29ErgebnisTest' are matched.

2018-03-13 11:03:06 - [MESSAGE][PASSED] - Actual text and expected text of test object 'Object Repository/OGRPrototypFilialsuche - Marginalspalte/29ErgebnisTest' are matched.

2018-03-13 11:03:06 - [TEST_STEP][PASSED] - verifyElementText: Actual text and expected text of test object 'Object Repository/OGRPrototypFilialsuche - Marginalspalte/30ErgebnisTest' are matched.

2018-03-13 11:03:06 - [MESSAGE][PASSED] - Actual text and expected text of test object 'Object Repository/OGRPrototypFilialsuche - Marginalspalte/30ErgebnisTest' are matched.

2018-03-13 11:03:06 - [TEST_STEP][PASSED] - click: Object: 'Object Repository/naechsteSeite' is clicked on

2018-03-13 11:03:06 - [MESSAGE][PASSED] - Object: 'Object Repository/naechsteSeite' is clicked on

2018-03-13 11:03:06 - [TEST_STEP][PASSED] - verifyElementText: Actual text and expected text of test object 'Object Repository/OGRPrototypFilialsuche - Marginalspalte/31ErgebnisTest' are matched.

2018-03-13 11:03:07 - [MESSAGE][PASSED] - Actual text and expected text of test object 'Object Repository/OGRPrototypFilialsuche - Marginalspalte/31ErgebnisTest' are matched.

2018-03-13 11:03:07 - [TEST_STEP][PASSED] - verifyElementText: Actual text and expected text of test object 'Object Repository/OGRPrototypFilialsuche - Marginalspalte/32ErgebnisTest' are matched.

2018-03-13 11:03:07 - [MESSAGE][PASSED] - Actual text and expected text of test object 'Object Repository/OGRPrototypFilialsuche - Marginalspalte/32ErgebnisTest' are matched.

2018-03-13 11:03:07 - [TEST_STEP][PASSED] - verifyElementText: Actual text and expected text of test object 'Object Repository/OGRPrototypFilialsuche - Marginalspalte/33ErgebnisTest' are matched.

2018-03-13 11:03:07 - [MESSAGE][PASSED] - Actual text and expected text of test object 'Object Repository/OGRPrototypFilialsuche - Marginalspalte/33ErgebnisTest' are matched.

2018-03-13 11:03:07 - [TEST_STEP][PASSED] - verifyElementText: Actual text and expected text of test object 'Object Repository/OGRPrototypFilialsuche - Marginalspalte/34ErgebnisTest' are matched.

2018-03-13 11:03:07 - [MESSAGE][PASSED] - Actual text and expected text of test object 'Object Repository/OGRPrototypFilialsuche - Marginalspalte/34ErgebnisTest' are matched.

2018-03-13 11:03:07 - [TEST_STEP][PASSED] - verifyElementText: Actual text and expected text of test object 'Object Repository/OGRPrototypFilialsuche - Marginalspalte/35ErgebnisTest' are matched.

2018-03-13 11:03:07 - [MESSAGE][PASSED] - Actual text and expected text of test object 'Object Repository/OGRPrototypFilialsuche - Marginalspalte/35ErgebnisTest' are matched.

2018-03-13 11:03:07 - [TEST_STEP][PASSED] - verifyElementText: Actual text and expected text of test object 'Object Repository/OGRPrototypFilialsuche - Marginalspalte/36ErgebnisTest' are matched.

2018-03-13 11:03:07 - [MESSAGE][PASSED] - Actual text and expected text of test object 'Object Repository/OGRPrototypFilialsuche - Marginalspalte/36ErgebnisTest' are matched.

2018-03-13 11:03:07 - [TEST_STEP][PASSED] - click: Object: 'Object Repository/naechsteSeite' is clicked on

2018-03-13 11:03:07 - [MESSAGE][PASSED] - Object: 'Object Repository/naechsteSeite' is clicked on

2018-03-13 11:03:07 - [TEST_STEP][PASSED] - verifyElementText: Actual text and expected text of test object 'Object Repository/OGRPrototypFilialsuche - Marginalspalte/37ErgebnisTest' are matched.

2018-03-13 11:03:07 - [MESSAGE][PASSED] - Actual text and expected text of test object 'Object Repository/OGRPrototypFilialsuche - Marginalspalte/37ErgebnisTest' are matched.

2018-03-13 11:03:07 - [TEST_STEP][PASSED] - closeBrowser: Browser is closed

2018-03-13 11:03:07 - [MESSAGE][PASSED] - Browser is closed]]></system-out>
         <system-err><![CDATA[]]></system-err>
      </testcase>
      <testcase name="Test Cases/Prototyp_Filialsuche (RC 18)/54_Testfall" classname="Test Cases/Prototyp_Filialsuche (RC 18)/54_Testfall" status="PASSED">
         <system-out><![CDATA[2018-03-13 11:03:07 - [TEST_CASE][PASSED] - Test Cases/Prototyp_Filialsuche (RC 18)/54_Testfall: Test Cases/Prototyp_Filialsuche (RC 18)/54_Testfall

2018-03-13 11:03:07 - [TEST_STEP][PASSED] - openBrowser: Browser is opened with url: ''

2018-03-13 11:03:10 - [MESSAGE][PASSED] - Browser is opened with url: ''

2018-03-13 11:03:10 - [TEST_STEP][PASSED] - maximizeWindow: Current window maximized

2018-03-13 11:03:11 - [MESSAGE][PASSED] - Current window maximized

2018-03-13 11:03:11 - [TEST_STEP][PASSED] - deleteAllCookies: Delete all cookies successfully

2018-03-13 11:03:11 - [MESSAGE][PASSED] - Delete all cookies successfully

2018-03-13 11:03:11 - [TEST_STEP][PASSED] - navigateToUrl: Navigate to 'http://rc-ogrhtmlprototyp.testintern/18-1-0/filialsuche-wangen.html' successfully

2018-03-13 11:03:12 - [MESSAGE][PASSED] - Navigate to 'http://rc-ogrhtmlprototyp.testintern/18-1-0/filialsuche-wangen.html' successfully

2018-03-13 11:03:12 - [TEST_STEP][PASSED] - delay: Delayed 5 second(s)

2018-03-13 11:03:17 - [MESSAGE][PASSED] - Delayed 5 second(s)

2018-03-13 11:03:17 - [TEST_STEP][PASSED] - verifyElementText: Actual text and expected text of test object 'Object Repository/OGRProtoypFilialsuche - Ort/01ErgebnisText' are matched.

2018-03-13 11:03:17 - [MESSAGE][PASSED] - Actual text and expected text of test object 'Object Repository/OGRProtoypFilialsuche - Ort/01ErgebnisText' are matched.

2018-03-13 11:03:17 - [TEST_STEP][PASSED] - verifyElementText: Actual text and expected text of test object 'Object Repository/OGRProtoypFilialsuche - Ort/02ErgebnisText' are matched.

2018-03-13 11:03:17 - [MESSAGE][PASSED] - Actual text and expected text of test object 'Object Repository/OGRProtoypFilialsuche - Ort/02ErgebnisText' are matched.

2018-03-13 11:03:17 - [TEST_STEP][PASSED] - verifyElementText: Actual text and expected text of test object 'Object Repository/OGRProtoypFilialsuche - Ort/03ErgebnisTest' are matched.

2018-03-13 11:03:17 - [MESSAGE][PASSED] - Actual text and expected text of test object 'Object Repository/OGRProtoypFilialsuche - Ort/03ErgebnisTest' are matched.

2018-03-13 11:03:17 - [TEST_STEP][PASSED] - verifyElementText: Actual text and expected text of test object 'Object Repository/OGRProtoypFilialsuche - Ort/04ErgebnisTest' are matched.

2018-03-13 11:03:18 - [MESSAGE][PASSED] - Actual text and expected text of test object 'Object Repository/OGRProtoypFilialsuche - Ort/04ErgebnisTest' are matched.

2018-03-13 11:03:18 - [TEST_STEP][PASSED] - closeBrowser: Browser is closed

2018-03-13 11:03:18 - [MESSAGE][PASSED] - Browser is closed]]></system-out>
         <system-err><![CDATA[]]></system-err>
      </testcase>
      <testcase name="Test Cases/Prototyp_Filialsuche (RC 18)/55_Testfall" classname="Test Cases/Prototyp_Filialsuche (RC 18)/55_Testfall" status="PASSED">
         <system-out><![CDATA[2018-03-13 11:03:18 - [TEST_CASE][PASSED] - Test Cases/Prototyp_Filialsuche (RC 18)/55_Testfall: Test Cases/Prototyp_Filialsuche (RC 18)/55_Testfall

2018-03-13 11:03:18 - [TEST_STEP][PASSED] - openBrowser: Browser is opened with url: ''

2018-03-13 11:03:20 - [MESSAGE][PASSED] - Browser is opened with url: ''

2018-03-13 11:03:20 - [TEST_STEP][PASSED] - maximizeWindow: Current window maximized

2018-03-13 11:03:22 - [MESSAGE][PASSED] - Current window maximized

2018-03-13 11:03:22 - [TEST_STEP][PASSED] - deleteAllCookies: Delete all cookies successfully

2018-03-13 11:03:22 - [MESSAGE][PASSED] - Delete all cookies successfully

2018-03-13 11:03:22 - [TEST_STEP][PASSED] - navigateToUrl: Navigate to 'http://rc-ogrhtmlprototyp.testintern/18-1-0/filialsuche.html' successfully

2018-03-13 11:03:23 - [MESSAGE][PASSED] - Navigate to 'http://rc-ogrhtmlprototyp.testintern/18-1-0/filialsuche.html' successfully

2018-03-13 11:03:23 - [TEST_STEP][PASSED] - delay: Delayed 5 second(s)

2018-03-13 11:03:28 - [MESSAGE][PASSED] - Delayed 5 second(s)

2018-03-13 11:03:28 - [TEST_STEP][PASSED] - click: Object: 'Object Repository/Page_Filialsuche - Strassenname Hausnummer/svg_dropdown-icons' is clicked on

2018-03-13 11:03:28 - [MESSAGE][PASSED] - Object: 'Object Repository/Page_Filialsuche - Strassenname Hausnummer/svg_dropdown-icons' is clicked on

2018-03-13 11:03:28 - [TEST_STEP][PASSED] - delay: Delayed 2 second(s)

2018-03-13 11:03:30 - [MESSAGE][PASSED] - Delayed 2 second(s)

2018-03-13 11:03:30 - [TEST_STEP][PASSED] - mouseOver: Object: 'Object Repository/Belitz_option' is hovered

2018-03-13 11:03:30 - [MESSAGE][PASSED] - Object: 'Object Repository/Belitz_option' is hovered

2018-03-13 11:03:30 - [TEST_STEP][PASSED] - delay: Delayed 2 second(s)

2018-03-13 11:03:32 - [MESSAGE][PASSED] - Delayed 2 second(s)

2018-03-13 11:03:32 - [TEST_STEP][PASSED] - click: Object: 'Object Repository/Belitz_option' is clicked on

2018-03-13 11:03:32 - [MESSAGE][PASSED] - Object: 'Object Repository/Belitz_option' is clicked on

2018-03-13 11:03:32 - [TEST_STEP][PASSED] - delay: Delayed 2 second(s)

2018-03-13 11:03:34 - [MESSAGE][PASSED] - Delayed 2 second(s)

2018-03-13 11:03:34 - [TEST_STEP][PASSED] - verifyElementText: Actual text and expected text of test object 'Object Repository/Page_Filialsuche - Strassenname Hausnummer/01ErgebnisText' are matched.

2018-03-13 11:03:34 - [MESSAGE][PASSED] - Actual text and expected text of test object 'Object Repository/Page_Filialsuche - Strassenname Hausnummer/01ErgebnisText' are matched.

2018-03-13 11:03:34 - [TEST_STEP][PASSED] - verifyElementText: Actual text and expected text of test object 'Object Repository/Page_Filialsuche - Strassenname Hausnummer/02ErgebnisText' are matched.

2018-03-13 11:03:35 - [MESSAGE][PASSED] - Actual text and expected text of test object 'Object Repository/Page_Filialsuche - Strassenname Hausnummer/02ErgebnisText' are matched.

2018-03-13 11:03:35 - [TEST_STEP][PASSED] - verifyElementText: Actual text and expected text of test object 'Object Repository/Page_Filialsuche - Strassenname Hausnummer/03ErgebnisTest' are matched.

2018-03-13 11:03:35 - [MESSAGE][PASSED] - Actual text and expected text of test object 'Object Repository/Page_Filialsuche - Strassenname Hausnummer/03ErgebnisTest' are matched.

2018-03-13 11:03:35 - [TEST_STEP][PASSED] - verifyElementText: Actual text and expected text of test object 'Object Repository/Page_Filialsuche - Strassenname Hausnummer/04ErgebnisTest' are matched.

2018-03-13 11:03:35 - [MESSAGE][PASSED] - Actual text and expected text of test object 'Object Repository/Page_Filialsuche - Strassenname Hausnummer/04ErgebnisTest' are matched.

2018-03-13 11:03:35 - [TEST_STEP][PASSED] - verifyElementText: Actual text and expected text of test object 'Object Repository/Page_Filialsuche - Strassenname Hausnummer/05ErgebnisTest' are matched.

2018-03-13 11:03:35 - [MESSAGE][PASSED] - Actual text and expected text of test object 'Object Repository/Page_Filialsuche - Strassenname Hausnummer/05ErgebnisTest' are matched.

2018-03-13 11:03:35 - [TEST_STEP][PASSED] - verifyElementText: Actual text and expected text of test object 'Object Repository/Page_Filialsuche - Strassenname Hausnummer/06ErgebnisTest' are matched.

2018-03-13 11:03:35 - [MESSAGE][PASSED] - Actual text and expected text of test object 'Object Repository/Page_Filialsuche - Strassenname Hausnummer/06ErgebnisTest' are matched.

2018-03-13 11:03:35 - [TEST_STEP][PASSED] - click: Object: 'Object Repository/naechsteSeite' is clicked on

2018-03-13 11:03:35 - [MESSAGE][PASSED] - Object: 'Object Repository/naechsteSeite' is clicked on

2018-03-13 11:03:35 - [TEST_STEP][PASSED] - verifyElementText: Actual text and expected text of test object 'Object Repository/Page_Filialsuche - Strassenname Hausnummer/07ErgebnisTest' are matched.

2018-03-13 11:03:35 - [MESSAGE][PASSED] - Actual text and expected text of test object 'Object Repository/Page_Filialsuche - Strassenname Hausnummer/07ErgebnisTest' are matched.

2018-03-13 11:03:35 - [TEST_STEP][PASSED] - verifyElementText: Actual text and expected text of test object 'Object Repository/Page_Filialsuche - Strassenname Hausnummer/08ErgebnisTest' are matched.

2018-03-13 11:03:35 - [MESSAGE][PASSED] - Actual text and expected text of test object 'Object Repository/Page_Filialsuche - Strassenname Hausnummer/08ErgebnisTest' are matched.

2018-03-13 11:03:35 - [TEST_STEP][PASSED] - verifyElementText: Actual text and expected text of test object 'Object Repository/Page_Filialsuche - Strassenname Hausnummer/09ErgebnisTest' are matched.

2018-03-13 11:03:35 - [MESSAGE][PASSED] - Actual text and expected text of test object 'Object Repository/Page_Filialsuche - Strassenname Hausnummer/09ErgebnisTest' are matched.

2018-03-13 11:03:35 - [TEST_STEP][PASSED] - verifyElementText: Actual text and expected text of test object 'Object Repository/Page_Filialsuche - Strassenname Hausnummer/10ErgebnisTest' are matched.

2018-03-13 11:03:35 - [MESSAGE][PASSED] - Actual text and expected text of test object 'Object Repository/Page_Filialsuche - Strassenname Hausnummer/10ErgebnisTest' are matched.

2018-03-13 11:03:35 - [TEST_STEP][PASSED] - verifyElementText: Actual text and expected text of test object 'Object Repository/Page_Filialsuche - Strassenname Hausnummer/11ErgebnisTest' are matched.

2018-03-13 11:03:35 - [MESSAGE][PASSED] - Actual text and expected text of test object 'Object Repository/Page_Filialsuche - Strassenname Hausnummer/11ErgebnisTest' are matched.

2018-03-13 11:03:35 - [TEST_STEP][PASSED] - verifyElementText: Actual text and expected text of test object 'Object Repository/Page_Filialsuche - Strassenname Hausnummer/12ErgebnisTest' are matched.

2018-03-13 11:03:35 - [MESSAGE][PASSED] - Actual text and expected text of test object 'Object Repository/Page_Filialsuche - Strassenname Hausnummer/12ErgebnisTest' are matched.

2018-03-13 11:03:35 - [TEST_STEP][PASSED] - click: Object: 'Object Repository/naechsteSeite' is clicked on

2018-03-13 11:03:35 - [MESSAGE][PASSED] - Object: 'Object Repository/naechsteSeite' is clicked on

2018-03-13 11:03:35 - [TEST_STEP][PASSED] - verifyElementText: Actual text and expected text of test object 'Object Repository/Page_Filialsuche - Strassenname Hausnummer/13ErgebnisTest' are matched.

2018-03-13 11:03:35 - [MESSAGE][PASSED] - Actual text and expected text of test object 'Object Repository/Page_Filialsuche - Strassenname Hausnummer/13ErgebnisTest' are matched.

2018-03-13 11:03:35 - [TEST_STEP][PASSED] - verifyElementText: Actual text and expected text of test object 'Object Repository/Page_Filialsuche - Strassenname Hausnummer/14ErgebnisTest' are matched.

2018-03-13 11:03:35 - [MESSAGE][PASSED] - Actual text and expected text of test object 'Object Repository/Page_Filialsuche - Strassenname Hausnummer/14ErgebnisTest' are matched.

2018-03-13 11:03:35 - [TEST_STEP][PASSED] - verifyElementText: Actual text and expected text of test object 'Object Repository/Page_Filialsuche - Strassenname Hausnummer/15ErgebnisTest' are matched.

2018-03-13 11:03:35 - [MESSAGE][PASSED] - Actual text and expected text of test object 'Object Repository/Page_Filialsuche - Strassenname Hausnummer/15ErgebnisTest' are matched.

2018-03-13 11:03:35 - [TEST_STEP][PASSED] - verifyElementText: Actual text and expected text of test object 'Object Repository/Page_Filialsuche - Strassenname Hausnummer/16ErgebnisTest' are matched.

2018-03-13 11:03:35 - [MESSAGE][PASSED] - Actual text and expected text of test object 'Object Repository/Page_Filialsuche - Strassenname Hausnummer/16ErgebnisTest' are matched.

2018-03-13 11:03:35 - [TEST_STEP][PASSED] - verifyElementText: Actual text and expected text of test object 'Object Repository/Page_Filialsuche - Strassenname Hausnummer/17ErgebnisTest' are matched.

2018-03-13 11:03:35 - [MESSAGE][PASSED] - Actual text and expected text of test object 'Object Repository/Page_Filialsuche - Strassenname Hausnummer/17ErgebnisTest' are matched.

2018-03-13 11:03:35 - [TEST_STEP][PASSED] - verifyElementText: Actual text and expected text of test object 'Object Repository/Page_Filialsuche - Strassenname Hausnummer/18ErgebnisTest' are matched.

2018-03-13 11:03:35 - [MESSAGE][PASSED] - Actual text and expected text of test object 'Object Repository/Page_Filialsuche - Strassenname Hausnummer/18ErgebnisTest' are matched.

2018-03-13 11:03:35 - [TEST_STEP][PASSED] - click: Object: 'Object Repository/naechsteSeite' is clicked on

2018-03-13 11:03:35 - [MESSAGE][PASSED] - Object: 'Object Repository/naechsteSeite' is clicked on

2018-03-13 11:03:35 - [TEST_STEP][PASSED] - verifyElementText: Actual text and expected text of test object 'Object Repository/Page_Filialsuche - Strassenname Hausnummer/19ErgebnisTest' are matched.

2018-03-13 11:03:35 - [MESSAGE][PASSED] - Actual text and expected text of test object 'Object Repository/Page_Filialsuche - Strassenname Hausnummer/19ErgebnisTest' are matched.

2018-03-13 11:03:35 - [TEST_STEP][PASSED] - verifyElementText: Actual text and expected text of test object 'Object Repository/Page_Filialsuche - Strassenname Hausnummer/20ErgebnisTest' are matched.

2018-03-13 11:03:36 - [MESSAGE][PASSED] - Actual text and expected text of test object 'Object Repository/Page_Filialsuche - Strassenname Hausnummer/20ErgebnisTest' are matched.

2018-03-13 11:03:36 - [TEST_STEP][PASSED] - verifyElementText: Actual text and expected text of test object 'Object Repository/Page_Filialsuche - Strassenname Hausnummer/21ErgebnisTest' are matched.

2018-03-13 11:03:36 - [MESSAGE][PASSED] - Actual text and expected text of test object 'Object Repository/Page_Filialsuche - Strassenname Hausnummer/21ErgebnisTest' are matched.

2018-03-13 11:03:36 - [TEST_STEP][PASSED] - verifyElementText: Actual text and expected text of test object 'Object Repository/Page_Filialsuche - Strassenname Hausnummer/22ErgebnisTest' are matched.

2018-03-13 11:03:36 - [MESSAGE][PASSED] - Actual text and expected text of test object 'Object Repository/Page_Filialsuche - Strassenname Hausnummer/22ErgebnisTest' are matched.

2018-03-13 11:03:36 - [TEST_STEP][PASSED] - verifyElementText: Actual text and expected text of test object 'Object Repository/Page_Filialsuche - Strassenname Hausnummer/23ErgebnisTest' are matched.

2018-03-13 11:03:36 - [MESSAGE][PASSED] - Actual text and expected text of test object 'Object Repository/Page_Filialsuche - Strassenname Hausnummer/23ErgebnisTest' are matched.

2018-03-13 11:03:36 - [TEST_STEP][PASSED] - verifyElementText: Actual text and expected text of test object 'Object Repository/Page_Filialsuche - Strassenname Hausnummer/24ErgebnisTest' are matched.

2018-03-13 11:03:36 - [MESSAGE][PASSED] - Actual text and expected text of test object 'Object Repository/Page_Filialsuche - Strassenname Hausnummer/24ErgebnisTest' are matched.

2018-03-13 11:03:36 - [TEST_STEP][PASSED] - click: Object: 'Object Repository/naechsteSeite' is clicked on

2018-03-13 11:03:36 - [MESSAGE][PASSED] - Object: 'Object Repository/naechsteSeite' is clicked on

2018-03-13 11:03:36 - [TEST_STEP][PASSED] - verifyElementText: Actual text and expected text of test object 'Object Repository/Page_Filialsuche - Strassenname Hausnummer/25ErgebnisTest' are matched.

2018-03-13 11:03:36 - [MESSAGE][PASSED] - Actual text and expected text of test object 'Object Repository/Page_Filialsuche - Strassenname Hausnummer/25ErgebnisTest' are matched.

2018-03-13 11:03:36 - [TEST_STEP][PASSED] - verifyElementText: Actual text and expected text of test object 'Object Repository/Page_Filialsuche - Strassenname Hausnummer/26ErgebnisTest' are matched.

2018-03-13 11:03:36 - [MESSAGE][PASSED] - Actual text and expected text of test object 'Object Repository/Page_Filialsuche - Strassenname Hausnummer/26ErgebnisTest' are matched.

2018-03-13 11:03:36 - [TEST_STEP][PASSED] - verifyElementText: Actual text and expected text of test object 'Object Repository/Page_Filialsuche - Strassenname Hausnummer/27ErgebnisTest' are matched.

2018-03-13 11:03:36 - [MESSAGE][PASSED] - Actual text and expected text of test object 'Object Repository/Page_Filialsuche - Strassenname Hausnummer/27ErgebnisTest' are matched.

2018-03-13 11:03:36 - [TEST_STEP][PASSED] - verifyElementText: Actual text and expected text of test object 'Object Repository/Page_Filialsuche - Strassenname Hausnummer/28ErgebnisTest' are matched.

2018-03-13 11:03:36 - [MESSAGE][PASSED] - Actual text and expected text of test object 'Object Repository/Page_Filialsuche - Strassenname Hausnummer/28ErgebnisTest' are matched.

2018-03-13 11:03:36 - [TEST_STEP][PASSED] - verifyElementText: Actual text and expected text of test object 'Object Repository/Page_Filialsuche - Strassenname Hausnummer/29ErgebnisTest' are matched.

2018-03-13 11:03:36 - [MESSAGE][PASSED] - Actual text and expected text of test object 'Object Repository/Page_Filialsuche - Strassenname Hausnummer/29ErgebnisTest' are matched.

2018-03-13 11:03:36 - [TEST_STEP][PASSED] - verifyElementText: Actual text and expected text of test object 'Object Repository/Page_Filialsuche - Strassenname Hausnummer/30ErgebnisTest' are matched.

2018-03-13 11:03:36 - [MESSAGE][PASSED] - Actual text and expected text of test object 'Object Repository/Page_Filialsuche - Strassenname Hausnummer/30ErgebnisTest' are matched.

2018-03-13 11:03:36 - [TEST_STEP][PASSED] - click: Object: 'Object Repository/naechsteSeite' is clicked on

2018-03-13 11:03:36 - [MESSAGE][PASSED] - Object: 'Object Repository/naechsteSeite' is clicked on

2018-03-13 11:03:36 - [TEST_STEP][PASSED] - verifyElementText: Actual text and expected text of test object 'Object Repository/Page_Filialsuche - Strassenname Hausnummer/31ErgebnisTest' are matched.

2018-03-13 11:03:36 - [MESSAGE][PASSED] - Actual text and expected text of test object 'Object Repository/Page_Filialsuche - Strassenname Hausnummer/31ErgebnisTest' are matched.

2018-03-13 11:03:36 - [TEST_STEP][PASSED] - verifyElementText: Actual text and expected text of test object 'Object Repository/Page_Filialsuche - Strassenname Hausnummer/32ErgebnisTest' are matched.

2018-03-13 11:03:36 - [MESSAGE][PASSED] - Actual text and expected text of test object 'Object Repository/Page_Filialsuche - Strassenname Hausnummer/32ErgebnisTest' are matched.

2018-03-13 11:03:36 - [TEST_STEP][PASSED] - verifyElementText: Actual text and expected text of test object 'Object Repository/Page_Filialsuche - Strassenname Hausnummer/33ErgebnisTest' are matched.

2018-03-13 11:03:36 - [MESSAGE][PASSED] - Actual text and expected text of test object 'Object Repository/Page_Filialsuche - Strassenname Hausnummer/33ErgebnisTest' are matched.

2018-03-13 11:03:36 - [TEST_STEP][PASSED] - verifyElementText: Actual text and expected text of test object 'Object Repository/Page_Filialsuche - Strassenname Hausnummer/34ErgebnisTest' are matched.

2018-03-13 11:03:36 - [MESSAGE][PASSED] - Actual text and expected text of test object 'Object Repository/Page_Filialsuche - Strassenname Hausnummer/34ErgebnisTest' are matched.

2018-03-13 11:03:36 - [TEST_STEP][PASSED] - verifyElementText: Actual text and expected text of test object 'Object Repository/Page_Filialsuche - Strassenname Hausnummer/35ErgebnisTest' are matched.

2018-03-13 11:03:36 - [MESSAGE][PASSED] - Actual text and expected text of test object 'Object Repository/Page_Filialsuche - Strassenname Hausnummer/35ErgebnisTest' are matched.

2018-03-13 11:03:36 - [TEST_STEP][PASSED] - verifyElementText: Actual text and expected text of test object 'Object Repository/Page_Filialsuche - Strassenname Hausnummer/36ErgebnisTest' are matched.

2018-03-13 11:03:36 - [MESSAGE][PASSED] - Actual text and expected text of test object 'Object Repository/Page_Filialsuche - Strassenname Hausnummer/36ErgebnisTest' are matched.

2018-03-13 11:03:36 - [TEST_STEP][PASSED] - click: Object: 'Object Repository/naechsteSeite' is clicked on

2018-03-13 11:03:36 - [MESSAGE][PASSED] - Object: 'Object Repository/naechsteSeite' is clicked on

2018-03-13 11:03:36 - [TEST_STEP][PASSED] - verifyElementText: Actual text and expected text of test object 'Object Repository/Page_Filialsuche - Strassenname Hausnummer/37ErgebnisTest' are matched.

2018-03-13 11:03:36 - [MESSAGE][PASSED] - Actual text and expected text of test object 'Object Repository/Page_Filialsuche - Strassenname Hausnummer/37ErgebnisTest' are matched.

2018-03-13 11:03:36 - [TEST_STEP][PASSED] - closeBrowser: Browser is closed

2018-03-13 11:03:37 - [MESSAGE][PASSED] - Browser is closed]]></system-out>
         <system-err><![CDATA[]]></system-err>
      </testcase>
      <testcase name="Test Cases/Prototyp_Filialsuche (RC 18)/56_Testfall" classname="Test Cases/Prototyp_Filialsuche (RC 18)/56_Testfall" status="PASSED">
         <system-out><![CDATA[2018-03-13 11:03:37 - [TEST_CASE][PASSED] - Test Cases/Prototyp_Filialsuche (RC 18)/56_Testfall: Test Cases/Prototyp_Filialsuche (RC 18)/56_Testfall

2018-03-13 11:03:37 - [TEST_STEP][PASSED] - openBrowser: Browser is opened with url: ''

2018-03-13 11:03:39 - [MESSAGE][PASSED] - Browser is opened with url: ''

2018-03-13 11:03:39 - [TEST_STEP][PASSED] - maximizeWindow: Current window maximized

2018-03-13 11:03:40 - [MESSAGE][PASSED] - Current window maximized

2018-03-13 11:03:40 - [TEST_STEP][PASSED] - deleteAllCookies: Delete all cookies successfully

2018-03-13 11:03:41 - [MESSAGE][PASSED] - Delete all cookies successfully

2018-03-13 11:03:41 - [TEST_STEP][PASSED] - navigateToUrl: Navigate to 'http://rc-ogrhtmlprototyp.testintern/18-1-0/filialsuche-nuernberg.html' successfully

2018-03-13 11:03:42 - [MESSAGE][PASSED] - Navigate to 'http://rc-ogrhtmlprototyp.testintern/18-1-0/filialsuche-nuernberg.html' successfully

2018-03-13 11:03:42 - [TEST_STEP][PASSED] - delay: Delayed 5 second(s)

2018-03-13 11:03:47 - [MESSAGE][PASSED] - Delayed 5 second(s)

2018-03-13 11:03:47 - [TEST_STEP][PASSED] - Statement - wes = com.kms.katalon.core.webui.common.WebUiCommonHelper.findWebElements(com.kms.katalon.core.testobject.ObjectRepository.findTestObject(filial_map), 5): Found 10 web elements with id: 'Object Repository/filial_map' located by 'By.xpath: //div[@class='aps-map__custom-marker']' in '5' second(s)

2018-03-13 11:03:47 - [TEST_STEP][PASSED] - Statement - For ([i = 0, i < wes.size(), (i++)]): null

2018-03-13 11:03:47 - [TEST_STEP][PASSED] - Statement - el = wes.get(i): null

2018-03-13 11:03:47 - [TEST_STEP][PASSED] - Statement - text = el.getCssValue("background-image"): null

2018-03-13 11:03:47 - [TEST_STEP][PASSED] - Statement - If (!(text.contains("psd_bank.png"))): null

2018-03-13 11:03:47 - [TEST_STEP][PASSED] - Statement - el = wes.get(i): null

2018-03-13 11:03:47 - [TEST_STEP][PASSED] - Statement - text = el.getCssValue("background-image"): null

2018-03-13 11:03:47 - [TEST_STEP][PASSED] - Statement - If (!(text.contains("psd_bank.png"))): null

2018-03-13 11:03:47 - [TEST_STEP][PASSED] - Statement - el = wes.get(i): null

2018-03-13 11:03:47 - [TEST_STEP][PASSED] - Statement - text = el.getCssValue("background-image"): null

2018-03-13 11:03:47 - [TEST_STEP][PASSED] - Statement - If (!(text.contains("psd_bank.png"))): null

2018-03-13 11:03:47 - [TEST_STEP][PASSED] - Statement - el = wes.get(i): null

2018-03-13 11:03:47 - [TEST_STEP][PASSED] - Statement - text = el.getCssValue("background-image"): null

2018-03-13 11:03:47 - [TEST_STEP][PASSED] - Statement - If (!(text.contains("psd_bank.png"))): null

2018-03-13 11:03:47 - [TEST_STEP][PASSED] - Statement - el = wes.get(i): null

2018-03-13 11:03:47 - [TEST_STEP][PASSED] - Statement - text = el.getCssValue("background-image"): null

2018-03-13 11:03:47 - [TEST_STEP][PASSED] - Statement - If (!(text.contains("psd_bank.png"))): null

2018-03-13 11:03:47 - [TEST_STEP][PASSED] - Statement - el = wes.get(i): null

2018-03-13 11:03:47 - [TEST_STEP][PASSED] - Statement - text = el.getCssValue("background-image"): null

2018-03-13 11:03:47 - [TEST_STEP][PASSED] - Statement - If (!(text.contains("psd_bank.png"))): null

2018-03-13 11:03:47 - [TEST_STEP][PASSED] - Statement - el = wes.get(i): null

2018-03-13 11:03:47 - [TEST_STEP][PASSED] - Statement - text = el.getCssValue("background-image"): null

2018-03-13 11:03:47 - [TEST_STEP][PASSED] - Statement - If (!(text.contains("psd_bank.png"))): null

2018-03-13 11:03:47 - [TEST_STEP][PASSED] - Statement - el = wes.get(i): null

2018-03-13 11:03:47 - [TEST_STEP][PASSED] - Statement - text = el.getCssValue("background-image"): null

2018-03-13 11:03:47 - [TEST_STEP][PASSED] - Statement - If (!(text.contains("psd_bank.png"))): null

2018-03-13 11:03:47 - [TEST_STEP][PASSED] - Statement - el = wes.get(i): null

2018-03-13 11:03:47 - [TEST_STEP][PASSED] - Statement - text = el.getCssValue("background-image"): null

2018-03-13 11:03:47 - [TEST_STEP][PASSED] - Statement - If (!(text.contains("psd_bank.png"))): null

2018-03-13 11:03:47 - [TEST_STEP][PASSED] - Statement - el = wes.get(i): null

2018-03-13 11:03:47 - [TEST_STEP][PASSED] - Statement - text = el.getCssValue("background-image"): null

2018-03-13 11:03:47 - [TEST_STEP][PASSED] - Statement - If (!(text.contains("psd_bank.png"))): null

2018-03-13 11:03:47 - [TEST_STEP][PASSED] - closeBrowser: Browser is closed

2018-03-13 11:03:48 - [MESSAGE][PASSED] - Browser is closed]]></system-out>
         <system-err><![CDATA[]]></system-err>
      </testcase>
      <system-out><![CDATA[2018-03-13 10:44:51 - [TEST_SUITE][FAILED] - Prototyp Filialsuche (RC18) 13_03_2018: Test Cases/Prototyp_Filialsuche (RC 18)/17_Testfall FAILED because (of) Unable to verify text 'Kranoldplatz 2' is present  (Root cause: Text 'Kranoldplatz 2' is not present on page )]]></system-out>
      <system-err><![CDATA[2018-03-13 10:44:51 - [TEST_SUITE][FAILED] - Prototyp Filialsuche (RC18) 13_03_2018: Test Cases/Prototyp_Filialsuche (RC 18)/17_Testfall FAILED because (of) Unable to verify text 'Kranoldplatz 2' is present  (Root cause: Text 'Kranoldplatz 2' is not present on page )]]></system-err>
   </testsuite>
</testsuites>
