<?xml version="1.0" encoding="UTF-8"?>
<testsuites name="Prototyp Filialsuche (RC18) 13_03_2018" time="1545" tests="55" failures="2" errors="0">
   <testsuite name="Prototyp Filialsuche (RC18) 13_03_2018" tests="55" failures="2" errors="0" time="1545" timestamp="2018-03-13 10:44:50" hostname="lbut - Unitb-Dell22.Werk.UnitB.de" id="Test Suites/Prototyp Filialsuche (RC18) 13_03_2018">
      <properties>
         <property name="deviceName" value=""/>
         <property name="devicePlatform" value=""/>
         <property name="logFolder" value="C:\\Users\\lbut\\Downloads\\Prototyp1_12_03\\Prototyp1\\Reports\\Prototyp Filialsuche (RC18) 13_03_2018\\20180313_104446"/>
         <property name="logFiles" value="C:\\Users\\lbut\\Downloads\\Prototyp1_12_03\\Prototyp1\\Reports\\Prototyp Filialsuche (RC18) 13_03_2018\\20180313_104446\\execution0.log"/>
         <property name="attachments" value="C:\\Users\\lbut\\Downloads\\Prototyp1_12_03\\Prototyp1\\Reports\\Prototyp Filialsuche (RC18) 13_03_2018\\20180313_104446\\1520935693401.png, C:\\Users\\lbut\\Downloads\\Prototyp1_12_03\\Prototyp1\\Reports\\Prototyp Filialsuche (RC18) 13_03_2018\\20180313_104446\\1520935693581.png"/>
         <property name="hostName" value="lbut - Unitb-Dell22.Werk.UnitB.de"/>
         <property name="os" value="Windows 7 64bit"/>
         <property name="katalonVersion" value="5.3.0.1"/>
         <property name="browser" value="Firefox 58.0"/>
         <property name="hostAddress" value="192.168.134.64"/>
         <property name="sessionId" value="8e16e833-12bd-41fa-8997-cca0ab7bd9dc"/>
         <property name="seleniumVersion" value="3.7.1"/>
         <property name="proxyInformation" value="ProxyInformation{proxyOption=NO_PROXY, proxyServerType=HTTP, password=, proxyServerAddress=, proxyServerPort=0}"/>
         <property name="platform" value="Windows 7"/>
      </properties>
      <testcase name="Test Cases/Prototyp_Filialsuche (RC 18)/01_Testfall" classname="Test Cases/Prototyp_Filialsuche (RC 18)/01_Testfall" status="PASSED">
         <system-out><![CDATA[2018-03-13 10:44:52 - [TEST_CASE][PASSED] - Test Cases/Prototyp_Filialsuche (RC 18)/01_Testfall: Test Cases/Prototyp_Filialsuche (RC 18)/01_Testfall

2018-03-13 10:44:53 - [TEST_STEP][PASSED] - openBrowser: Browser is opened with url: ''

2018-03-13 10:45:12 - [MESSAGE][PASSED] - Browser is opened with url: ''

2018-03-13 10:45:12 - [TEST_STEP][PASSED] - deleteAllCookies: Delete all cookies successfully

2018-03-13 10:45:12 - [MESSAGE][PASSED] - Delete all cookies successfully

2018-03-13 10:45:12 - [TEST_STEP][PASSED] - maximizeWindow: Current window maximized

2018-03-13 10:45:12 - [MESSAGE][PASSED] - Current window maximized

2018-03-13 10:45:12 - [TEST_STEP][PASSED] - navigateToUrl: Navigate to 'http://rc-ogrhtmlprototyp.testintern/18-1-0/filialsuche.html' successfully

2018-03-13 10:45:23 - [MESSAGE][PASSED] - Navigate to 'http://rc-ogrhtmlprototyp.testintern/18-1-0/filialsuche.html' successfully

2018-03-13 10:45:23 - [TEST_STEP][PASSED] - delay: Delayed 5 second(s)

2018-03-13 10:45:28 - [MESSAGE][PASSED] - Delayed 5 second(s)

2018-03-13 10:45:28 - [TEST_STEP][PASSED] - Statement - wes = com.kms.katalon.core.webui.common.WebUiCommonHelper.findWebElements(com.kms.katalon.core.testobject.ObjectRepository.findTestObject(filial_map), 5): Found 61 web elements with id: 'Object Repository/filial_map' located by 'By.xpath: //div[@class='aps-map__custom-marker']' in '5' second(s)

2018-03-13 10:45:28 - [TEST_STEP][PASSED] - Statement - For ([i = 0, i < wes.size(), (i++)]): null

2018-03-13 10:45:28 - [TEST_STEP][PASSED] - Statement - el = wes.get(i): null

2018-03-13 10:45:28 - [TEST_STEP][PASSED] - Statement - If (!(el.isDisplayed())): null

2018-03-13 10:45:28 - [TEST_STEP][PASSED] - Statement - el = wes.get(i): null

2018-03-13 10:45:28 - [TEST_STEP][PASSED] - Statement - If (!(el.isDisplayed())): null

2018-03-13 10:45:28 - [TEST_STEP][PASSED] - Statement - el = wes.get(i): null

2018-03-13 10:45:28 - [TEST_STEP][PASSED] - Statement - If (!(el.isDisplayed())): null

2018-03-13 10:45:28 - [TEST_STEP][PASSED] - Statement - el = wes.get(i): null

2018-03-13 10:45:28 - [TEST_STEP][PASSED] - Statement - If (!(el.isDisplayed())): null

2018-03-13 10:45:28 - [TEST_STEP][PASSED] - Statement - el = wes.get(i): null

2018-03-13 10:45:28 - [TEST_STEP][PASSED] - Statement - If (!(el.isDisplayed())): null

2018-03-13 10:45:28 - [TEST_STEP][PASSED] - Statement - el = wes.get(i): null

2018-03-13 10:45:28 - [TEST_STEP][PASSED] - Statement - If (!(el.isDisplayed())): null

2018-03-13 10:45:29 - [TEST_STEP][PASSED] - Statement - el = wes.get(i): null

2018-03-13 10:45:29 - [TEST_STEP][PASSED] - Statement - If (!(el.isDisplayed())): null

2018-03-13 10:45:29 - [TEST_STEP][PASSED] - Statement - el = wes.get(i): null

2018-03-13 10:45:29 - [TEST_STEP][PASSED] - Statement - If (!(el.isDisplayed())): null

2018-03-13 10:45:29 - [TEST_STEP][PASSED] - Statement - el = wes.get(i): null

2018-03-13 10:45:29 - [TEST_STEP][PASSED] - Statement - If (!(el.isDisplayed())): null

2018-03-13 10:45:29 - [TEST_STEP][PASSED] - Statement - el = wes.get(i): null

2018-03-13 10:45:29 - [TEST_STEP][PASSED] - Statement - If (!(el.isDisplayed())): null

2018-03-13 10:45:29 - [TEST_STEP][PASSED] - Statement - el = wes.get(i): null

2018-03-13 10:45:29 - [TEST_STEP][PASSED] - Statement - If (!(el.isDisplayed())): null

2018-03-13 10:45:29 - [TEST_STEP][PASSED] - Statement - el = wes.get(i): null

2018-03-13 10:45:29 - [TEST_STEP][PASSED] - Statement - If (!(el.isDisplayed())): null

2018-03-13 10:45:29 - [TEST_STEP][PASSED] - Statement - el = wes.get(i): null

2018-03-13 10:45:29 - [TEST_STEP][PASSED] - Statement - If (!(el.isDisplayed())): null

2018-03-13 10:45:29 - [TEST_STEP][PASSED] - Statement - el = wes.get(i): null

2018-03-13 10:45:29 - [TEST_STEP][PASSED] - Statement - If (!(el.isDisplayed())): null

2018-03-13 10:45:29 - [TEST_STEP][PASSED] - Statement - el = wes.get(i): null

2018-03-13 10:45:29 - [TEST_STEP][PASSED] - Statement - If (!(el.isDisplayed())): null

2018-03-13 10:45:29 - [TEST_STEP][PASSED] - Statement - el = wes.get(i): null

2018-03-13 10:45:29 - [TEST_STEP][PASSED] - Statement - If (!(el.isDisplayed())): null

2018-03-13 10:45:29 - [TEST_STEP][PASSED] - Statement - el = wes.get(i): null

2018-03-13 10:45:29 - [TEST_STEP][PASSED] - Statement - If (!(el.isDisplayed())): null

2018-03-13 10:45:29 - [TEST_STEP][PASSED] - Statement - el = wes.get(i): null

2018-03-13 10:45:29 - [TEST_STEP][PASSED] - Statement - If (!(el.isDisplayed())): null

2018-03-13 10:45:29 - [TEST_STEP][PASSED] - Statement - el = wes.get(i): null

2018-03-13 10:45:29 - [TEST_STEP][PASSED] - Statement - If (!(el.isDisplayed())): null

2018-03-13 10:45:29 - [TEST_STEP][PASSED] - Statement - el = wes.get(i): null

2018-03-13 10:45:29 - [TEST_STEP][PASSED] - Statement - If (!(el.isDisplayed())): null

2018-03-13 10:45:29 - [TEST_STEP][PASSED] - Statement - el = wes.get(i): null

2018-03-13 10:45:29 - [TEST_STEP][PASSED] - Statement - If (!(el.isDisplayed())): null

2018-03-13 10:45:29 - [TEST_STEP][PASSED] - Statement - el = wes.get(i): null

2018-03-13 10:45:29 - [TEST_STEP][PASSED] - Statement - If (!(el.isDisplayed())): null

2018-03-13 10:45:29 - [TEST_STEP][PASSED] - Statement - el = wes.get(i): null

2018-03-13 10:45:29 - [TEST_STEP][PASSED] - Statement - If (!(el.isDisplayed())): null

2018-03-13 10:45:29 - [TEST_STEP][PASSED] - Statement - el = wes.get(i): null

2018-03-13 10:45:29 - [TEST_STEP][PASSED] - Statement - If (!(el.isDisplayed())): null

2018-03-13 10:45:29 - [TEST_STEP][PASSED] - Statement - el = wes.get(i): null

2018-03-13 10:45:29 - [TEST_STEP][PASSED] - Statement - If (!(el.isDisplayed())): null

2018-03-13 10:45:29 - [TEST_STEP][PASSED] - Statement - el = wes.get(i): null

2018-03-13 10:45:29 - [TEST_STEP][PASSED] - Statement - If (!(el.isDisplayed())): null

2018-03-13 10:45:29 - [TEST_STEP][PASSED] - Statement - el = wes.get(i): null

2018-03-13 10:45:30 - [TEST_STEP][PASSED] - Statement - If (!(el.isDisplayed())): null

2018-03-13 10:45:30 - [TEST_STEP][PASSED] - Statement - el = wes.get(i): null

2018-03-13 10:45:30 - [TEST_STEP][PASSED] - Statement - If (!(el.isDisplayed())): null

2018-03-13 10:45:30 - [TEST_STEP][PASSED] - Statement - el = wes.get(i): null

2018-03-13 10:45:30 - [TEST_STEP][PASSED] - Statement - If (!(el.isDisplayed())): null

2018-03-13 10:45:30 - [TEST_STEP][PASSED] - Statement - el = wes.get(i): null

2018-03-13 10:45:30 - [TEST_STEP][PASSED] - Statement - If (!(el.isDisplayed())): null

2018-03-13 10:45:30 - [TEST_STEP][PASSED] - Statement - el = wes.get(i): null

2018-03-13 10:45:30 - [TEST_STEP][PASSED] - Statement - If (!(el.isDisplayed())): null

2018-03-13 10:45:30 - [TEST_STEP][PASSED] - Statement - el = wes.get(i): null

2018-03-13 10:45:30 - [TEST_STEP][PASSED] - Statement - If (!(el.isDisplayed())): null

2018-03-13 10:45:30 - [TEST_STEP][PASSED] - Statement - el = wes.get(i): null

2018-03-13 10:45:30 - [TEST_STEP][PASSED] - Statement - If (!(el.isDisplayed())): null

2018-03-13 10:45:30 - [TEST_STEP][PASSED] - Statement - el = wes.get(i): null

2018-03-13 10:45:30 - [TEST_STEP][PASSED] - Statement - If (!(el.isDisplayed())): null

2018-03-13 10:45:30 - [TEST_STEP][PASSED] - Statement - el = wes.get(i): null

2018-03-13 10:45:30 - [TEST_STEP][PASSED] - Statement - If (!(el.isDisplayed())): null

2018-03-13 10:45:30 - [TEST_STEP][PASSED] - Statement - el = wes.get(i): null

2018-03-13 10:45:30 - [TEST_STEP][PASSED] - Statement - If (!(el.isDisplayed())): null

2018-03-13 10:45:30 - [TEST_STEP][PASSED] - Statement - el = wes.get(i): null

2018-03-13 10:45:30 - [TEST_STEP][PASSED] - Statement - If (!(el.isDisplayed())): null

2018-03-13 10:45:30 - [TEST_STEP][PASSED] - Statement - el = wes.get(i): null

2018-03-13 10:45:30 - [TEST_STEP][PASSED] - Statement - If (!(el.isDisplayed())): null

2018-03-13 10:45:30 - [TEST_STEP][PASSED] - Statement - el = wes.get(i): null

2018-03-13 10:45:30 - [TEST_STEP][PASSED] - Statement - If (!(el.isDisplayed())): null

2018-03-13 10:45:30 - [TEST_STEP][PASSED] - Statement - el = wes.get(i): null

2018-03-13 10:45:31 - [TEST_STEP][PASSED] - Statement - If (!(el.isDisplayed())): null

2018-03-13 10:45:31 - [TEST_STEP][PASSED] - Statement - el = wes.get(i): null

2018-03-13 10:45:31 - [TEST_STEP][PASSED] - Statement - If (!(el.isDisplayed())): null

2018-03-13 10:45:31 - [TEST_STEP][PASSED] - Statement - el = wes.get(i): null

2018-03-13 10:45:31 - [TEST_STEP][PASSED] - Statement - If (!(el.isDisplayed())): null

2018-03-13 10:45:31 - [TEST_STEP][PASSED] - Statement - el = wes.get(i): null

2018-03-13 10:45:31 - [TEST_STEP][PASSED] - Statement - If (!(el.isDisplayed())): null

2018-03-13 10:45:31 - [TEST_STEP][PASSED] - Statement - el = wes.get(i): null

2018-03-13 10:45:31 - [TEST_STEP][PASSED] - Statement - If (!(el.isDisplayed())): null

2018-03-13 10:45:31 - [TEST_STEP][PASSED] - Statement - el = wes.get(i): null

2018-03-13 10:45:31 - [TEST_STEP][PASSED] - Statement - If (!(el.isDisplayed())): null

2018-03-13 10:45:31 - [TEST_STEP][PASSED] - Statement - el = wes.get(i): null

2018-03-13 10:45:31 - [TEST_STEP][PASSED] - Statement - If (!(el.isDisplayed())): null

2018-03-13 10:45:31 - [TEST_STEP][PASSED] - Statement - el = wes.get(i): null

2018-03-13 10:45:31 - [TEST_STEP][PASSED] - Statement - If (!(el.isDisplayed())): null

2018-03-13 10:45:31 - [TEST_STEP][PASSED] - Statement - el = wes.get(i): null

2018-03-13 10:45:31 - [TEST_STEP][PASSED] - Statement - If (!(el.isDisplayed())): null

2018-03-13 10:45:31 - [TEST_STEP][PASSED] - Statement - el = wes.get(i): null

2018-03-13 10:45:31 - [TEST_STEP][PASSED] - Statement - If (!(el.isDisplayed())): null

2018-03-13 10:45:31 - [TEST_STEP][PASSED] - Statement - el = wes.get(i): null

2018-03-13 10:45:31 - [TEST_STEP][PASSED] - Statement - If (!(el.isDisplayed())): null

2018-03-13 10:45:31 - [TEST_STEP][PASSED] - Statement - el = wes.get(i): null

2018-03-13 10:45:31 - [TEST_STEP][PASSED] - Statement - If (!(el.isDisplayed())): null

2018-03-13 10:45:31 - [TEST_STEP][PASSED] - Statement - el = wes.get(i): null

2018-03-13 10:45:31 - [TEST_STEP][PASSED] - Statement - If (!(el.isDisplayed())): null

2018-03-13 10:45:31 - [TEST_STEP][PASSED] - Statement - el = wes.get(i): null

2018-03-13 10:45:31 - [TEST_STEP][PASSED] - Statement - If (!(el.isDisplayed())): null

2018-03-13 10:45:31 - [TEST_STEP][PASSED] - Statement - el = wes.get(i): null

2018-03-13 10:45:31 - [TEST_STEP][PASSED] - Statement - If (!(el.isDisplayed())): null

2018-03-13 10:45:31 - [TEST_STEP][PASSED] - Statement - el = wes.get(i): null

2018-03-13 10:45:31 - [TEST_STEP][PASSED] - Statement - If (!(el.isDisplayed())): null

2018-03-13 10:45:31 - [TEST_STEP][PASSED] - Statement - el = wes.get(i): null

2018-03-13 10:45:32 - [TEST_STEP][PASSED] - Statement - If (!(el.isDisplayed())): null

2018-03-13 10:45:32 - [TEST_STEP][PASSED] - Statement - el = wes.get(i): null

2018-03-13 10:45:32 - [TEST_STEP][PASSED] - Statement - If (!(el.isDisplayed())): null

2018-03-13 10:45:32 - [TEST_STEP][PASSED] - Statement - el = wes.get(i): null

2018-03-13 10:45:32 - [TEST_STEP][PASSED] - Statement - If (!(el.isDisplayed())): null

2018-03-13 10:45:32 - [TEST_STEP][PASSED] - Statement - el = wes.get(i): null

2018-03-13 10:45:32 - [TEST_STEP][PASSED] - Statement - If (!(el.isDisplayed())): null

2018-03-13 10:45:32 - [TEST_STEP][PASSED] - Statement - el = wes.get(i): null

2018-03-13 10:45:32 - [TEST_STEP][PASSED] - Statement - If (!(el.isDisplayed())): null

2018-03-13 10:45:32 - [TEST_STEP][PASSED] - Statement - el = wes.get(i): null

2018-03-13 10:45:32 - [TEST_STEP][PASSED] - Statement - If (!(el.isDisplayed())): null

2018-03-13 10:45:32 - [TEST_STEP][PASSED] - closeBrowser: Browser is closed

2018-03-13 10:45:33 - [MESSAGE][PASSED] - Browser is closed]]></system-out>
         <system-err><![CDATA[]]></system-err>
      </testcase>
      <testcase name="Test Cases/Prototyp_Filialsuche (RC 18)/02_Testfall" classname="Test Cases/Prototyp_Filialsuche (RC 18)/02_Testfall" status="PASSED">
         <system-out><![CDATA[2018-03-13 10:45:33 - [TEST_CASE][PASSED] - Test Cases/Prototyp_Filialsuche (RC 18)/02_Testfall: Test Cases/Prototyp_Filialsuche (RC 18)/02_Testfall

2018-03-13 10:45:33 - [TEST_STEP][PASSED] - openBrowser: Browser is opened with url: ''

2018-03-13 10:45:45 - [MESSAGE][PASSED] - Browser is opened with url: ''

2018-03-13 10:45:45 - [TEST_STEP][PASSED] - deleteAllCookies: Delete all cookies successfully

2018-03-13 10:45:45 - [MESSAGE][PASSED] - Delete all cookies successfully

2018-03-13 10:45:45 - [TEST_STEP][PASSED] - maximizeWindow: Current window maximized

2018-03-13 10:45:46 - [MESSAGE][PASSED] - Current window maximized

2018-03-13 10:45:46 - [TEST_STEP][PASSED] - navigateToUrl: Navigate to 'http://rc-ogrhtmlprototyp.testintern/18-1-0/filialsuche-wangen.html' successfully

2018-03-13 10:45:49 - [MESSAGE][PASSED] - Navigate to 'http://rc-ogrhtmlprototyp.testintern/18-1-0/filialsuche-wangen.html' successfully

2018-03-13 10:45:49 - [TEST_STEP][PASSED] - delay: Delayed 5 second(s)

2018-03-13 10:45:54 - [MESSAGE][PASSED] - Delayed 5 second(s)

2018-03-13 10:45:54 - [TEST_STEP][PASSED] - Statement - wes = com.kms.katalon.core.webui.common.WebUiCommonHelper.findWebElements(com.kms.katalon.core.testobject.ObjectRepository.findTestObject(filial_map), 5): Found 4 web elements with id: 'Object Repository/filial_map' located by 'By.xpath: //div[@class='aps-map__custom-marker']' in '5' second(s)

2018-03-13 10:45:54 - [TEST_STEP][PASSED] - Statement - For ([i = 0, i < wes.size(), (i++)]): null

2018-03-13 10:45:54 - [TEST_STEP][PASSED] - Statement - el = wes.get(i): null

2018-03-13 10:45:54 - [TEST_STEP][PASSED] - Statement - If (!(el.isDisplayed())): null

2018-03-13 10:45:54 - [TEST_STEP][PASSED] - Statement - el = wes.get(i): null

2018-03-13 10:45:54 - [TEST_STEP][PASSED] - Statement - If (!(el.isDisplayed())): null

2018-03-13 10:45:54 - [TEST_STEP][PASSED] - Statement - el = wes.get(i): null

2018-03-13 10:45:54 - [TEST_STEP][PASSED] - Statement - If (!(el.isDisplayed())): null

2018-03-13 10:45:54 - [TEST_STEP][PASSED] - Statement - el = wes.get(i): null

2018-03-13 10:45:54 - [TEST_STEP][PASSED] - Statement - If (!(el.isDisplayed())): null

2018-03-13 10:45:54 - [TEST_STEP][PASSED] - closeBrowser: Browser is closed

2018-03-13 10:45:55 - [MESSAGE][PASSED] - Browser is closed]]></system-out>
         <system-err><![CDATA[]]></system-err>
      </testcase>
      <testcase name="Test Cases/Prototyp_Filialsuche (RC 18)/03_Testfall" classname="Test Cases/Prototyp_Filialsuche (RC 18)/03_Testfall" status="PASSED">
         <system-out><![CDATA[2018-03-13 10:45:55 - [TEST_CASE][PASSED] - Test Cases/Prototyp_Filialsuche (RC 18)/03_Testfall: Test Cases/Prototyp_Filialsuche (RC 18)/03_Testfall

2018-03-13 10:45:55 - [TEST_STEP][PASSED] - openBrowser: Browser is opened with url: ''

2018-03-13 10:46:14 - [MESSAGE][PASSED] - Browser is opened with url: ''

2018-03-13 10:46:14 - [TEST_STEP][PASSED] - deleteAllCookies: Delete all cookies successfully

2018-03-13 10:46:14 - [MESSAGE][PASSED] - Delete all cookies successfully

2018-03-13 10:46:14 - [TEST_STEP][PASSED] - maximizeWindow: Current window maximized

2018-03-13 10:46:14 - [MESSAGE][PASSED] - Current window maximized

2018-03-13 10:46:14 - [TEST_STEP][PASSED] - navigateToUrl: Navigate to 'http://rc-ogrhtmlprototyp.testintern/18-1-0/filialsuche-rotenburg.html' successfully

2018-03-13 10:46:46 - [MESSAGE][PASSED] - Navigate to 'http://rc-ogrhtmlprototyp.testintern/18-1-0/filialsuche-rotenburg.html' successfully

2018-03-13 10:46:46 - [TEST_STEP][PASSED] - delay: Delayed 5 second(s)

2018-03-13 10:46:51 - [MESSAGE][PASSED] - Delayed 5 second(s)

2018-03-13 10:46:51 - [TEST_STEP][PASSED] - Statement - wes = com.kms.katalon.core.webui.common.WebUiCommonHelper.findWebElements(com.kms.katalon.core.testobject.ObjectRepository.findTestObject(filial_map), 5): Found 19 web elements with id: 'Object Repository/filial_map' located by 'By.xpath: //div[@class='aps-map__custom-marker']' in '5' second(s)

2018-03-13 10:46:51 - [TEST_STEP][PASSED] - Statement - For ([i = 0, i < wes.size(), (i++)]): null

2018-03-13 10:46:51 - [TEST_STEP][PASSED] - Statement - el = wes.get(i): null

2018-03-13 10:46:51 - [TEST_STEP][PASSED] - Statement - If (!(el.isDisplayed())): null

2018-03-13 10:46:51 - [TEST_STEP][PASSED] - Statement - el = wes.get(i): null

2018-03-13 10:46:51 - [TEST_STEP][PASSED] - Statement - If (!(el.isDisplayed())): null

2018-03-13 10:46:51 - [TEST_STEP][PASSED] - Statement - el = wes.get(i): null

2018-03-13 10:46:51 - [TEST_STEP][PASSED] - Statement - If (!(el.isDisplayed())): null

2018-03-13 10:46:51 - [TEST_STEP][PASSED] - Statement - el = wes.get(i): null

2018-03-13 10:46:51 - [TEST_STEP][PASSED] - Statement - If (!(el.isDisplayed())): null

2018-03-13 10:46:51 - [TEST_STEP][PASSED] - Statement - el = wes.get(i): null

2018-03-13 10:46:51 - [TEST_STEP][PASSED] - Statement - If (!(el.isDisplayed())): null

2018-03-13 10:46:51 - [TEST_STEP][PASSED] - Statement - el = wes.get(i): null

2018-03-13 10:46:51 - [TEST_STEP][PASSED] - Statement - If (!(el.isDisplayed())): null

2018-03-13 10:46:51 - [TEST_STEP][PASSED] - Statement - el = wes.get(i): null

2018-03-13 10:46:51 - [TEST_STEP][PASSED] - Statement - If (!(el.isDisplayed())): null

2018-03-13 10:46:51 - [TEST_STEP][PASSED] - Statement - el = wes.get(i): null

2018-03-13 10:46:51 - [TEST_STEP][PASSED] - Statement - If (!(el.isDisplayed())): null

2018-03-13 10:46:51 - [TEST_STEP][PASSED] - Statement - el = wes.get(i): null

2018-03-13 10:46:51 - [TEST_STEP][PASSED] - Statement - If (!(el.isDisplayed())): null

2018-03-13 10:46:51 - [TEST_STEP][PASSED] - Statement - el = wes.get(i): null

2018-03-13 10:46:51 - [TEST_STEP][PASSED] - Statement - If (!(el.isDisplayed())): null

2018-03-13 10:46:51 - [TEST_STEP][PASSED] - Statement - el = wes.get(i): null

2018-03-13 10:46:51 - [TEST_STEP][PASSED] - Statement - If (!(el.isDisplayed())): null

2018-03-13 10:46:51 - [TEST_STEP][PASSED] - Statement - el = wes.get(i): null

2018-03-13 10:46:51 - [TEST_STEP][PASSED] - Statement - If (!(el.isDisplayed())): null

2018-03-13 10:46:51 - [TEST_STEP][PASSED] - Statement - el = wes.get(i): null

2018-03-13 10:46:51 - [TEST_STEP][PASSED] - Statement - If (!(el.isDisplayed())): null

2018-03-13 10:46:52 - [TEST_STEP][PASSED] - Statement - el = wes.get(i): null

2018-03-13 10:46:52 - [TEST_STEP][PASSED] - Statement - If (!(el.isDisplayed())): null

2018-03-13 10:46:52 - [TEST_STEP][PASSED] - Statement - el = wes.get(i): null

2018-03-13 10:46:52 - [TEST_STEP][PASSED] - Statement - If (!(el.isDisplayed())): null

2018-03-13 10:46:52 - [TEST_STEP][PASSED] - Statement - el = wes.get(i): null

2018-03-13 10:46:52 - [TEST_STEP][PASSED] - Statement - If (!(el.isDisplayed())): null

2018-03-13 10:46:52 - [TEST_STEP][PASSED] - Statement - el = wes.get(i): null

2018-03-13 10:46:52 - [TEST_STEP][PASSED] - Statement - If (!(el.isDisplayed())): null

2018-03-13 10:46:52 - [TEST_STEP][PASSED] - Statement - el = wes.get(i): null

2018-03-13 10:46:52 - [TEST_STEP][PASSED] - Statement - If (!(el.isDisplayed())): null

2018-03-13 10:46:52 - [TEST_STEP][PASSED] - Statement - el = wes.get(i): null

2018-03-13 10:46:52 - [TEST_STEP][PASSED] - Statement - If (!(el.isDisplayed())): null

2018-03-13 10:46:52 - [TEST_STEP][PASSED] - closeBrowser: Browser is closed

2018-03-13 10:46:53 - [MESSAGE][PASSED] - Browser is closed]]></system-out>
         <system-err><![CDATA[]]></system-err>
      </testcase>
      <testcase name="Test Cases/Prototyp_Filialsuche (RC 18)/04_Testfall" classname="Test Cases/Prototyp_Filialsuche (RC 18)/04_Testfall" status="PASSED">
         <system-out><![CDATA[2018-03-13 10:46:53 - [TEST_CASE][PASSED] - Test Cases/Prototyp_Filialsuche (RC 18)/04_Testfall: Test Cases/Prototyp_Filialsuche (RC 18)/04_Testfall

2018-03-13 10:46:54 - [TEST_STEP][PASSED] - openBrowser: Browser is opened with url: ''

2018-03-13 10:47:11 - [MESSAGE][PASSED] - Browser is opened with url: ''

2018-03-13 10:47:11 - [TEST_STEP][PASSED] - deleteAllCookies: Delete all cookies successfully

2018-03-13 10:47:11 - [MESSAGE][PASSED] - Delete all cookies successfully

2018-03-13 10:47:11 - [TEST_STEP][PASSED] - maximizeWindow: Current window maximized

2018-03-13 10:47:11 - [MESSAGE][PASSED] - Current window maximized

2018-03-13 10:47:11 - [TEST_STEP][PASSED] - navigateToUrl: Navigate to 'http://rc-ogrhtmlprototyp.testintern/18-1-0/filialsuche-nuernberg.html' successfully

2018-03-13 10:47:15 - [MESSAGE][PASSED] - Navigate to 'http://rc-ogrhtmlprototyp.testintern/18-1-0/filialsuche-nuernberg.html' successfully

2018-03-13 10:47:15 - [TEST_STEP][PASSED] - delay: Delayed 5 second(s)

2018-03-13 10:47:20 - [MESSAGE][PASSED] - Delayed 5 second(s)

2018-03-13 10:47:20 - [TEST_STEP][PASSED] - Statement - wes = com.kms.katalon.core.webui.common.WebUiCommonHelper.findWebElements(com.kms.katalon.core.testobject.ObjectRepository.findTestObject(filial_map), 5): Found 10 web elements with id: 'Object Repository/filial_map' located by 'By.xpath: //div[@class='aps-map__custom-marker']' in '5' second(s)

2018-03-13 10:47:20 - [TEST_STEP][PASSED] - Statement - For ([i = 0, i < wes.size(), (i++)]): null

2018-03-13 10:47:20 - [TEST_STEP][PASSED] - Statement - el = wes.get(i): null

2018-03-13 10:47:20 - [TEST_STEP][PASSED] - Statement - If (!(el.isDisplayed())): null

2018-03-13 10:47:20 - [TEST_STEP][PASSED] - Statement - el = wes.get(i): null

2018-03-13 10:47:20 - [TEST_STEP][PASSED] - Statement - If (!(el.isDisplayed())): null

2018-03-13 10:47:20 - [TEST_STEP][PASSED] - Statement - el = wes.get(i): null

2018-03-13 10:47:20 - [TEST_STEP][PASSED] - Statement - If (!(el.isDisplayed())): null

2018-03-13 10:47:20 - [TEST_STEP][PASSED] - Statement - el = wes.get(i): null

2018-03-13 10:47:20 - [TEST_STEP][PASSED] - Statement - If (!(el.isDisplayed())): null

2018-03-13 10:47:20 - [TEST_STEP][PASSED] - Statement - el = wes.get(i): null

2018-03-13 10:47:20 - [TEST_STEP][PASSED] - Statement - If (!(el.isDisplayed())): null

2018-03-13 10:47:20 - [TEST_STEP][PASSED] - Statement - el = wes.get(i): null

2018-03-13 10:47:20 - [TEST_STEP][PASSED] - Statement - If (!(el.isDisplayed())): null

2018-03-13 10:47:20 - [TEST_STEP][PASSED] - Statement - el = wes.get(i): null

2018-03-13 10:47:20 - [TEST_STEP][PASSED] - Statement - If (!(el.isDisplayed())): null

2018-03-13 10:47:21 - [TEST_STEP][PASSED] - Statement - el = wes.get(i): null

2018-03-13 10:47:21 - [TEST_STEP][PASSED] - Statement - If (!(el.isDisplayed())): null

2018-03-13 10:47:21 - [TEST_STEP][PASSED] - Statement - el = wes.get(i): null

2018-03-13 10:47:21 - [TEST_STEP][PASSED] - Statement - If (!(el.isDisplayed())): null

2018-03-13 10:47:21 - [TEST_STEP][PASSED] - Statement - el = wes.get(i): null

2018-03-13 10:47:21 - [TEST_STEP][PASSED] - Statement - If (!(el.isDisplayed())): null

2018-03-13 10:47:21 - [TEST_STEP][PASSED] - closeBrowser: Browser is closed

2018-03-13 10:47:22 - [MESSAGE][PASSED] - Browser is closed]]></system-out>
         <system-err><![CDATA[]]></system-err>
      </testcase>
      <testcase name="Test Cases/Prototyp_Filialsuche (RC 18)/05_Testfall" classname="Test Cases/Prototyp_Filialsuche (RC 18)/05_Testfall" status="PASSED">
         <system-out><![CDATA[2018-03-13 10:47:22 - [TEST_CASE][PASSED] - Test Cases/Prototyp_Filialsuche (RC 18)/05_Testfall: Test Cases/Prototyp_Filialsuche (RC 18)/05_Testfall

2018-03-13 10:47:22 - [TEST_STEP][PASSED] - openBrowser: Browser is opened with url: ''

2018-03-13 10:47:34 - [MESSAGE][PASSED] - Browser is opened with url: ''

2018-03-13 10:47:34 - [TEST_STEP][PASSED] - maximizeWindow: Current window maximized

2018-03-13 10:47:34 - [MESSAGE][PASSED] - Current window maximized

2018-03-13 10:47:34 - [TEST_STEP][PASSED] - deleteAllCookies: Delete all cookies successfully

2018-03-13 10:47:34 - [MESSAGE][PASSED] - Delete all cookies successfully

2018-03-13 10:47:34 - [TEST_STEP][PASSED] - navigateToUrl: Navigate to 'http://rc-ogrhtmlprototyp.testintern/18-1-0/filialsuche.html' successfully

2018-03-13 10:47:38 - [MESSAGE][PASSED] - Navigate to 'http://rc-ogrhtmlprototyp.testintern/18-1-0/filialsuche.html' successfully

2018-03-13 10:47:38 - [TEST_STEP][PASSED] - delay: Delayed 5 second(s)

2018-03-13 10:47:43 - [MESSAGE][PASSED] - Delayed 5 second(s)

2018-03-13 10:47:43 - [TEST_STEP][PASSED] - verifyElementNotPresent: Web element with id: 'Object Repository/Akkordeon_plus_filialsuche' located by 'By.xpath: //a[@class='acc-header acc-header--open']' is not present after '5' second(s)

2018-03-13 10:47:43 - [MESSAGE][PASSED] - Web element with id: 'Object Repository/Akkordeon_plus_filialsuche' located by 'By.xpath: //a[@class='acc-header acc-header--open']' is not present after '5' second(s)

2018-03-13 10:47:43 - [TEST_STEP][PASSED] - closeBrowser: Browser is closed

2018-03-13 10:47:43 - [MESSAGE][PASSED] - Browser is closed]]></system-out>
         <system-err><![CDATA[]]></system-err>
      </testcase>
      <testcase name="Test Cases/Prototyp_Filialsuche (RC 18)/06_Testfall" classname="Test Cases/Prototyp_Filialsuche (RC 18)/06_Testfall" status="PASSED">
         <system-out><![CDATA[2018-03-13 10:47:43 - [TEST_CASE][PASSED] - Test Cases/Prototyp_Filialsuche (RC 18)/06_Testfall: Test Cases/Prototyp_Filialsuche (RC 18)/06_Testfall

2018-03-13 10:47:43 - [TEST_STEP][PASSED] - openBrowser: Browser is opened with url: ''

2018-03-13 10:47:56 - [MESSAGE][PASSED] - Browser is opened with url: ''

2018-03-13 10:47:56 - [TEST_STEP][PASSED] - maximizeWindow: Current window maximized

2018-03-13 10:47:56 - [MESSAGE][PASSED] - Current window maximized

2018-03-13 10:47:56 - [TEST_STEP][PASSED] - deleteAllCookies: Delete all cookies successfully

2018-03-13 10:47:56 - [MESSAGE][PASSED] - Delete all cookies successfully

2018-03-13 10:47:56 - [TEST_STEP][PASSED] - navigateToUrl: Navigate to 'http://rc-ogrhtmlprototyp.testintern/18-1-0/filialsuche-wangen.html' successfully

2018-03-13 10:48:06 - [MESSAGE][PASSED] - Navigate to 'http://rc-ogrhtmlprototyp.testintern/18-1-0/filialsuche-wangen.html' successfully

2018-03-13 10:48:06 - [TEST_STEP][PASSED] - delay: Delayed 5 second(s)

2018-03-13 10:48:11 - [MESSAGE][PASSED] - Delayed 5 second(s)

2018-03-13 10:48:11 - [TEST_STEP][PASSED] - verifyElementNotPresent: Web element with id: 'Object Repository/Akkordeon_plus_filialsuche' located by 'By.xpath: //a[@class='acc-header acc-header--open']' is not present after '5' second(s)

2018-03-13 10:48:11 - [MESSAGE][PASSED] - Web element with id: 'Object Repository/Akkordeon_plus_filialsuche' located by 'By.xpath: //a[@class='acc-header acc-header--open']' is not present after '5' second(s)

2018-03-13 10:48:11 - [TEST_STEP][PASSED] - closeBrowser: Browser is closed

2018-03-13 10:48:11 - [MESSAGE][PASSED] - Browser is closed]]></system-out>
         <system-err><![CDATA[]]></system-err>
      </testcase>
      <testcase name="Test Cases/Prototyp_Filialsuche (RC 18)/07_Testfall" classname="Test Cases/Prototyp_Filialsuche (RC 18)/07_Testfall" status="PASSED">
         <system-out><![CDATA[2018-03-13 10:48:11 - [TEST_CASE][PASSED] - Test Cases/Prototyp_Filialsuche (RC 18)/07_Testfall: Test Cases/Prototyp_Filialsuche (RC 18)/07_Testfall

2018-03-13 10:48:11 - [TEST_STEP][PASSED] - openBrowser: Browser is opened with url: ''

2018-03-13 10:48:19 - [MESSAGE][PASSED] - Browser is opened with url: ''

2018-03-13 10:48:19 - [TEST_STEP][PASSED] - maximizeWindow: Current window maximized

2018-03-13 10:48:20 - [MESSAGE][PASSED] - Current window maximized

2018-03-13 10:48:20 - [TEST_STEP][PASSED] - deleteAllCookies: Delete all cookies successfully

2018-03-13 10:48:20 - [MESSAGE][PASSED] - Delete all cookies successfully

2018-03-13 10:48:20 - [TEST_STEP][PASSED] - navigateToUrl: Navigate to 'http://rc-ogrhtmlprototyp.testintern/18-1-0/filialsuche-rotenburg.html' successfully

2018-03-13 10:48:29 - [MESSAGE][PASSED] - Navigate to 'http://rc-ogrhtmlprototyp.testintern/18-1-0/filialsuche-rotenburg.html' successfully

2018-03-13 10:48:29 - [TEST_STEP][PASSED] - delay: Delayed 5 second(s)

2018-03-13 10:48:34 - [MESSAGE][PASSED] - Delayed 5 second(s)

2018-03-13 10:48:34 - [TEST_STEP][PASSED] - verifyElementNotPresent: Web element with id: 'Object Repository/Akkordeon_plus_filialsuche' located by 'By.xpath: //a[@class='acc-header acc-header--open']' is not present after '5' second(s)

2018-03-13 10:48:34 - [MESSAGE][PASSED] - Web element with id: 'Object Repository/Akkordeon_plus_filialsuche' located by 'By.xpath: //a[@class='acc-header acc-header--open']' is not present after '5' second(s)

2018-03-13 10:48:34 - [TEST_STEP][PASSED] - closeBrowser: Browser is closed

2018-03-13 10:48:34 - [MESSAGE][PASSED] - Browser is closed]]></system-out>
         <system-err><![CDATA[]]></system-err>
      </testcase>
      <testcase name="Test Cases/Prototyp_Filialsuche (RC 18)/08_Testfall" classname="Test Cases/Prototyp_Filialsuche (RC 18)/08_Testfall" status="PASSED">
         <system-out><![CDATA[2018-03-13 10:48:34 - [TEST_CASE][PASSED] - Test Cases/Prototyp_Filialsuche (RC 18)/08_Testfall: Test Cases/Prototyp_Filialsuche (RC 18)/08_Testfall

2018-03-13 10:48:34 - [TEST_STEP][PASSED] - openBrowser: Browser is opened with url: ''

2018-03-13 10:48:41 - [MESSAGE][PASSED] - Browser is opened with url: ''

2018-03-13 10:48:41 - [TEST_STEP][PASSED] - maximizeWindow: Current window maximized

2018-03-13 10:48:41 - [MESSAGE][PASSED] - Current window maximized

2018-03-13 10:48:41 - [TEST_STEP][PASSED] - deleteAllCookies: Delete all cookies successfully

2018-03-13 10:48:41 - [MESSAGE][PASSED] - Delete all cookies successfully

2018-03-13 10:48:41 - [TEST_STEP][PASSED] - navigateToUrl: Navigate to 'http://rc-ogrhtmlprototyp.testintern/18-1-0/filialsuche-nuernberg.html' successfully

2018-03-13 10:48:46 - [MESSAGE][PASSED] - Navigate to 'http://rc-ogrhtmlprototyp.testintern/18-1-0/filialsuche-nuernberg.html' successfully

2018-03-13 10:48:46 - [TEST_STEP][PASSED] - delay: Delayed 5 second(s)

2018-03-13 10:48:51 - [MESSAGE][PASSED] - Delayed 5 second(s)

2018-03-13 10:48:51 - [TEST_STEP][PASSED] - verifyElementNotPresent: Web element with id: 'Object Repository/Akkordeon_plus_filialsuche' located by 'By.xpath: //a[@class='acc-header acc-header--open']' is not present after '5' second(s)

2018-03-13 10:48:51 - [MESSAGE][PASSED] - Web element with id: 'Object Repository/Akkordeon_plus_filialsuche' located by 'By.xpath: //a[@class='acc-header acc-header--open']' is not present after '5' second(s)

2018-03-13 10:48:51 - [TEST_STEP][PASSED] - closeBrowser: Browser is closed

2018-03-13 10:48:53 - [MESSAGE][PASSED] - Browser is closed]]></system-out>
         <system-err><![CDATA[]]></system-err>
      </testcase>
      <testcase name="Test Cases/Prototyp_Filialsuche (RC 18)/09_Testfall" classname="Test Cases/Prototyp_Filialsuche (RC 18)/09_Testfall" status="PASSED">
         <system-out><![CDATA[2018-03-13 10:48:53 - [TEST_CASE][PASSED] - Test Cases/Prototyp_Filialsuche (RC 18)/09_Testfall: Test Cases/Prototyp_Filialsuche (RC 18)/09_Testfall

2018-03-13 10:48:53 - [TEST_STEP][PASSED] - openBrowser: Browser is opened with url: ''

2018-03-13 10:49:05 - [MESSAGE][PASSED] - Browser is opened with url: ''

2018-03-13 10:49:05 - [TEST_STEP][PASSED] - maximizeWindow: Current window maximized

2018-03-13 10:49:05 - [MESSAGE][PASSED] - Current window maximized

2018-03-13 10:49:05 - [TEST_STEP][PASSED] - deleteAllCookies: Delete all cookies successfully

2018-03-13 10:49:05 - [MESSAGE][PASSED] - Delete all cookies successfully

2018-03-13 10:49:05 - [TEST_STEP][PASSED] - navigateToUrl: Navigate to 'http://rc-ogrhtmlprototyp.testintern/18-1-0/filialsuche.html' successfully

2018-03-13 10:49:08 - [MESSAGE][PASSED] - Navigate to 'http://rc-ogrhtmlprototyp.testintern/18-1-0/filialsuche.html' successfully

2018-03-13 10:49:08 - [TEST_STEP][PASSED] - delay: Delayed 5 second(s)

2018-03-13 10:49:13 - [MESSAGE][PASSED] - Delayed 5 second(s)

2018-03-13 10:49:13 - [TEST_STEP][PASSED] - verifyElementNotPresent: Web element with id: 'Object Repository/Entfernung_filialsuche' located by 'By.xpath: //span[@class='loc-distance']' is not present after '5' second(s)

2018-03-13 10:49:13 - [MESSAGE][PASSED] - Web element with id: 'Object Repository/Entfernung_filialsuche' located by 'By.xpath: //span[@class='loc-distance']' is not present after '5' second(s)

2018-03-13 10:49:13 - [TEST_STEP][PASSED] - closeBrowser: Browser is closed

2018-03-13 10:49:14 - [MESSAGE][PASSED] - Browser is closed]]></system-out>
         <system-err><![CDATA[]]></system-err>
      </testcase>
      <testcase name="Test Cases/Prototyp_Filialsuche (RC 18)/10_Testfall" classname="Test Cases/Prototyp_Filialsuche (RC 18)/10_Testfall" status="PASSED">
         <system-out><![CDATA[2018-03-13 10:49:14 - [TEST_CASE][PASSED] - Test Cases/Prototyp_Filialsuche (RC 18)/10_Testfall: Test Cases/Prototyp_Filialsuche (RC 18)/10_Testfall

2018-03-13 10:49:14 - [TEST_STEP][PASSED] - openBrowser: Browser is opened with url: ''

2018-03-13 10:49:30 - [MESSAGE][PASSED] - Browser is opened with url: ''

2018-03-13 10:49:30 - [TEST_STEP][PASSED] - maximizeWindow: Current window maximized

2018-03-13 10:49:30 - [MESSAGE][PASSED] - Current window maximized

2018-03-13 10:49:30 - [TEST_STEP][PASSED] - deleteAllCookies: Delete all cookies successfully

2018-03-13 10:49:30 - [MESSAGE][PASSED] - Delete all cookies successfully

2018-03-13 10:49:30 - [TEST_STEP][PASSED] - navigateToUrl: Navigate to 'http://rc-ogrhtmlprototyp.testintern/18-1-0/filialsuche-wangen.html' successfully

2018-03-13 10:49:32 - [MESSAGE][PASSED] - Navigate to 'http://rc-ogrhtmlprototyp.testintern/18-1-0/filialsuche-wangen.html' successfully

2018-03-13 10:49:32 - [TEST_STEP][PASSED] - delay: Delayed 5 second(s)

2018-03-13 10:49:37 - [MESSAGE][PASSED] - Delayed 5 second(s)

2018-03-13 10:49:37 - [TEST_STEP][PASSED] - verifyElementNotPresent: Web element with id: 'Object Repository/Entfernung_filialsuche' located by 'By.xpath: //span[@class='loc-distance']' is not present after '5' second(s)

2018-03-13 10:49:37 - [MESSAGE][PASSED] - Web element with id: 'Object Repository/Entfernung_filialsuche' located by 'By.xpath: //span[@class='loc-distance']' is not present after '5' second(s)

2018-03-13 10:49:37 - [TEST_STEP][PASSED] - closeBrowser: Browser is closed

2018-03-13 10:49:37 - [MESSAGE][PASSED] - Browser is closed]]></system-out>
         <system-err><![CDATA[]]></system-err>
      </testcase>
      <testcase name="Test Cases/Prototyp_Filialsuche (RC 18)/11_Testfall" classname="Test Cases/Prototyp_Filialsuche (RC 18)/11_Testfall" status="PASSED">
         <system-out><![CDATA[2018-03-13 10:49:37 - [TEST_CASE][PASSED] - Test Cases/Prototyp_Filialsuche (RC 18)/11_Testfall: Test Cases/Prototyp_Filialsuche (RC 18)/11_Testfall

2018-03-13 10:49:37 - [TEST_STEP][PASSED] - openBrowser: Browser is opened with url: ''

2018-03-13 10:49:41 - [MESSAGE][PASSED] - Browser is opened with url: ''

2018-03-13 10:49:41 - [TEST_STEP][PASSED] - maximizeWindow: Current window maximized

2018-03-13 10:49:41 - [MESSAGE][PASSED] - Current window maximized

2018-03-13 10:49:41 - [TEST_STEP][PASSED] - deleteAllCookies: Delete all cookies successfully

2018-03-13 10:49:41 - [MESSAGE][PASSED] - Delete all cookies successfully

2018-03-13 10:49:41 - [TEST_STEP][PASSED] - navigateToUrl: Navigate to 'http://rc-ogrhtmlprototyp.testintern/18-1-0/filialsuche-rotenburg.html' successfully

2018-03-13 10:49:43 - [MESSAGE][PASSED] - Navigate to 'http://rc-ogrhtmlprototyp.testintern/18-1-0/filialsuche-rotenburg.html' successfully

2018-03-13 10:49:43 - [TEST_STEP][PASSED] - delay: Delayed 5 second(s)

2018-03-13 10:49:48 - [MESSAGE][PASSED] - Delayed 5 second(s)

2018-03-13 10:49:48 - [TEST_STEP][PASSED] - verifyElementNotPresent: Web element with id: 'Object Repository/Entfernung_filialsuche' located by 'By.xpath: //span[@class='loc-distance']' is not present after '5' second(s)

2018-03-13 10:49:48 - [MESSAGE][PASSED] - Web element with id: 'Object Repository/Entfernung_filialsuche' located by 'By.xpath: //span[@class='loc-distance']' is not present after '5' second(s)

2018-03-13 10:49:48 - [TEST_STEP][PASSED] - closeBrowser: Browser is closed

2018-03-13 10:49:48 - [MESSAGE][PASSED] - Browser is closed]]></system-out>
         <system-err><![CDATA[]]></system-err>
      </testcase>
      <testcase name="Test Cases/Prototyp_Filialsuche (RC 18)/12_Testfall" classname="Test Cases/Prototyp_Filialsuche (RC 18)/12_Testfall" status="PASSED">
         <system-out><![CDATA[2018-03-13 10:49:48 - [TEST_CASE][PASSED] - Test Cases/Prototyp_Filialsuche (RC 18)/12_Testfall: Test Cases/Prototyp_Filialsuche (RC 18)/12_Testfall

2018-03-13 10:49:48 - [TEST_STEP][PASSED] - openBrowser: Browser is opened with url: ''

2018-03-13 10:49:52 - [MESSAGE][PASSED] - Browser is opened with url: ''

2018-03-13 10:49:52 - [TEST_STEP][PASSED] - maximizeWindow: Current window maximized

2018-03-13 10:49:52 - [MESSAGE][PASSED] - Current window maximized

2018-03-13 10:49:52 - [TEST_STEP][PASSED] - deleteAllCookies: Delete all cookies successfully

2018-03-13 10:49:52 - [MESSAGE][PASSED] - Delete all cookies successfully

2018-03-13 10:49:52 - [TEST_STEP][PASSED] - navigateToUrl: Navigate to 'http://rc-ogrhtmlprototyp.testintern/18-1-0/filialsuche-nuernberg.html' successfully

2018-03-13 10:49:54 - [MESSAGE][PASSED] - Navigate to 'http://rc-ogrhtmlprototyp.testintern/18-1-0/filialsuche-nuernberg.html' successfully

2018-03-13 10:49:54 - [TEST_STEP][PASSED] - delay: Delayed 5 second(s)

2018-03-13 10:49:59 - [MESSAGE][PASSED] - Delayed 5 second(s)

2018-03-13 10:49:59 - [TEST_STEP][PASSED] - verifyElementNotPresent: Web element with id: 'Object Repository/Entfernung_filialsuche' located by 'By.xpath: //span[@class='loc-distance']' is not present after '5' second(s)

2018-03-13 10:49:59 - [MESSAGE][PASSED] - Web element with id: 'Object Repository/Entfernung_filialsuche' located by 'By.xpath: //span[@class='loc-distance']' is not present after '5' second(s)

2018-03-13 10:49:59 - [TEST_STEP][PASSED] - closeBrowser: Browser is closed

2018-03-13 10:50:00 - [MESSAGE][PASSED] - Browser is closed]]></system-out>
         <system-err><![CDATA[]]></system-err>
      </testcase>
      <testcase name="Test Cases/Prototyp_Filialsuche (RC 18)/13_Testfall" classname="Test Cases/Prototyp_Filialsuche (RC 18)/13_Testfall" status="PASSED">
         <system-out><![CDATA[2018-03-13 10:50:00 - [TEST_CASE][PASSED] - Test Cases/Prototyp_Filialsuche (RC 18)/13_Testfall: Test Cases/Prototyp_Filialsuche (RC 18)/13_Testfall

2018-03-13 10:50:00 - [TEST_STEP][PASSED] - openBrowser: Browser is opened with url: ''

2018-03-13 10:50:05 - [MESSAGE][PASSED] - Browser is opened with url: ''

2018-03-13 10:50:05 - [TEST_STEP][PASSED] - deleteAllCookies: Delete all cookies successfully

2018-03-13 10:50:05 - [MESSAGE][PASSED] - Delete all cookies successfully

2018-03-13 10:50:05 - [TEST_STEP][PASSED] - maximizeWindow: Current window maximized

2018-03-13 10:50:05 - [MESSAGE][PASSED] - Current window maximized

2018-03-13 10:50:05 - [TEST_STEP][PASSED] - navigateToUrl: Navigate to 'http://rc-ogrhtmlprototyp.testintern/18-1-0/filialsuche.html' successfully

2018-03-13 10:50:09 - [MESSAGE][PASSED] - Navigate to 'http://rc-ogrhtmlprototyp.testintern/18-1-0/filialsuche.html' successfully

2018-03-13 10:50:09 - [TEST_STEP][PASSED] - delay: Delayed 5 second(s)

2018-03-13 10:50:14 - [MESSAGE][PASSED] - Delayed 5 second(s)

2018-03-13 10:50:14 - [TEST_STEP][PASSED] - Statement - wes1 = com.kms.katalon.core.webui.common.WebUiCommonHelper.findWebElements(com.kms.katalon.core.testobject.ObjectRepository.findTestObject(filial_map), 5): Found 61 web elements with id: 'Object Repository/filial_map' located by 'By.xpath: //div[@class='aps-map__custom-marker']' in '5' second(s)

2018-03-13 10:50:14 - [TEST_STEP][PASSED] - Statement - wes2 = com.kms.katalon.core.webui.common.WebUiCommonHelper.findWebElements(com.kms.katalon.core.testobject.ObjectRepository.findTestObject(loc_steet_filialsuche), 5): Found 61 web elements with id: 'Object Repository/loc_steet_filialsuche' located by 'By.xpath: //div[@class='loc-street']' in '5' second(s)

2018-03-13 10:50:14 - [TEST_STEP][PASSED] - Statement - filial_maps_count = wes1.size(): null

2018-03-13 10:50:14 - [TEST_STEP][PASSED] - Statement - filial_accordeon_count = wes2.size(): null

2018-03-13 10:50:14 - [TEST_STEP][PASSED] - Statement - filial_count = 61: null

2018-03-13 10:50:14 - [TEST_STEP][PASSED] - Statement - If (filial_maps_count != filial_count): null

2018-03-13 10:50:14 - [TEST_STEP][PASSED] - closeBrowser: Browser is closed

2018-03-13 10:50:15 - [MESSAGE][PASSED] - Browser is closed]]></system-out>
         <system-err><![CDATA[]]></system-err>
      </testcase>
      <testcase name="Test Cases/Prototyp_Filialsuche (RC 18)/14_Testfall" classname="Test Cases/Prototyp_Filialsuche (RC 18)/14_Testfall" status="PASSED">
         <system-out><![CDATA[2018-03-13 10:50:15 - [TEST_CASE][PASSED] - Test Cases/Prototyp_Filialsuche (RC 18)/14_Testfall: Test Cases/Prototyp_Filialsuche (RC 18)/14_Testfall

2018-03-13 10:50:15 - [TEST_STEP][PASSED] - openBrowser: Browser is opened with url: ''

2018-03-13 10:50:18 - [MESSAGE][PASSED] - Browser is opened with url: ''

2018-03-13 10:50:18 - [TEST_STEP][PASSED] - deleteAllCookies: Delete all cookies successfully

2018-03-13 10:50:18 - [MESSAGE][PASSED] - Delete all cookies successfully

2018-03-13 10:50:18 - [TEST_STEP][PASSED] - maximizeWindow: Current window maximized

2018-03-13 10:50:18 - [MESSAGE][PASSED] - Current window maximized

2018-03-13 10:50:18 - [TEST_STEP][PASSED] - navigateToUrl: Navigate to 'http://rc-ogrhtmlprototyp.testintern/18-1-0/filialsuche.html' successfully

2018-03-13 10:50:20 - [MESSAGE][PASSED] - Navigate to 'http://rc-ogrhtmlprototyp.testintern/18-1-0/filialsuche.html' successfully

2018-03-13 10:50:20 - [TEST_STEP][PASSED] - delay: Delayed 5 second(s)

2018-03-13 10:50:25 - [MESSAGE][PASSED] - Delayed 5 second(s)

2018-03-13 10:50:25 - [TEST_STEP][PASSED] - click: Object: 'Object Repository/002/Page_Filialsuche-rotenburg - BVR HT/svg_dropdown-icons' is clicked on

2018-03-13 10:50:25 - [MESSAGE][PASSED] - Object: 'Object Repository/002/Page_Filialsuche-rotenburg - BVR HT/svg_dropdown-icons' is clicked on

2018-03-13 10:50:25 - [TEST_STEP][PASSED] - delay: Delayed 2 second(s)

2018-03-13 10:50:27 - [MESSAGE][PASSED] - Delayed 2 second(s)

2018-03-13 10:50:27 - [TEST_STEP][PASSED] - mouseOver: Object: 'Object Repository/Belitz_option' is hovered

2018-03-13 10:50:27 - [MESSAGE][PASSED] - Object: 'Object Repository/Belitz_option' is hovered

2018-03-13 10:50:27 - [TEST_STEP][PASSED] - delay: Delayed 2 second(s)

2018-03-13 10:50:29 - [MESSAGE][PASSED] - Delayed 2 second(s)

2018-03-13 10:50:29 - [TEST_STEP][PASSED] - click: Object: 'Object Repository/Belitz_option' is clicked on

2018-03-13 10:50:29 - [MESSAGE][PASSED] - Object: 'Object Repository/Belitz_option' is clicked on

2018-03-13 10:50:29 - [TEST_STEP][PASSED] - delay: Delayed 5 second(s)

2018-03-13 10:50:34 - [MESSAGE][PASSED] - Delayed 5 second(s)

2018-03-13 10:50:34 - [TEST_STEP][PASSED] - Statement - wes1 = com.kms.katalon.core.webui.common.WebUiCommonHelper.findWebElements(com.kms.katalon.core.testobject.ObjectRepository.findTestObject(filial_map), 5): Found 37 web elements with id: 'Object Repository/filial_map' located by 'By.xpath: //div[@class='aps-map__custom-marker']' in '5' second(s)

2018-03-13 10:50:34 - [TEST_STEP][PASSED] - Statement - wes2 = com.kms.katalon.core.webui.common.WebUiCommonHelper.findWebElements(com.kms.katalon.core.testobject.ObjectRepository.findTestObject(loc_steet_filialsuche), 5): Found 37 web elements with id: 'Object Repository/loc_steet_filialsuche' located by 'By.xpath: //div[@class='loc-street']' in '5' second(s)

2018-03-13 10:50:34 - [TEST_STEP][PASSED] - Statement - wes3 = com.kms.katalon.core.webui.common.WebUiCommonHelper.findWebElements(com.kms.katalon.core.testobject.ObjectRepository.findTestObject(filialsuche_loc_city), 5): Finding web element with id: 'Object Repository/filialsuche_loc_city' located by 'By.xpath: /div[@class='loc-city']' in '5' second(s)

2018-03-13 10:50:39 - [TEST_STEP][PASSED] - Statement - filial_maps_count = wes1.size(): null

2018-03-13 10:50:39 - [TEST_STEP][PASSED] - Statement - filial_accordeon_count = wes2.size(): null

2018-03-13 10:50:39 - [TEST_STEP][PASSED] - Statement - filial_count = 37: null

2018-03-13 10:50:39 - [TEST_STEP][PASSED] - Statement - city_name = "Berlin": null

2018-03-13 10:50:39 - [TEST_STEP][PASSED] - Statement - If (filial_maps_count != filial_count): null

2018-03-13 10:50:39 - [TEST_STEP][PASSED] - Statement - For ([i = 0, i < wes3.size(), (i++)]): null

2018-03-13 10:50:39 - [TEST_STEP][PASSED] - closeBrowser: Browser is closed

2018-03-13 10:50:40 - [MESSAGE][PASSED] - Browser is closed]]></system-out>
         <system-err><![CDATA[]]></system-err>
      </testcase>
      <testcase name="Test Cases/Prototyp_Filialsuche (RC 18)/15_Testfall" classname="Test Cases/Prototyp_Filialsuche (RC 18)/15_Testfall" status="PASSED">
         <system-out><![CDATA[2018-03-13 10:50:40 - [TEST_CASE][PASSED] - Test Cases/Prototyp_Filialsuche (RC 18)/15_Testfall: Test Cases/Prototyp_Filialsuche (RC 18)/15_Testfall

2018-03-13 10:50:40 - [TEST_STEP][PASSED] - openBrowser: Browser is opened with url: ''

2018-03-13 10:50:44 - [MESSAGE][PASSED] - Browser is opened with url: ''

2018-03-13 10:50:44 - [TEST_STEP][PASSED] - maximizeWindow: Current window maximized

2018-03-13 10:50:44 - [MESSAGE][PASSED] - Current window maximized

2018-03-13 10:50:44 - [TEST_STEP][PASSED] - deleteAllCookies: Delete all cookies successfully

2018-03-13 10:50:44 - [MESSAGE][PASSED] - Delete all cookies successfully

2018-03-13 10:50:44 - [TEST_STEP][PASSED] - navigateToUrl: Navigate to 'http://rc-ogrhtmlprototyp.testintern/18-1-0/filialsuche-textinput.html' successfully

2018-03-13 10:50:45 - [MESSAGE][PASSED] - Navigate to 'http://rc-ogrhtmlprototyp.testintern/18-1-0/filialsuche-textinput.html' successfully

2018-03-13 10:50:45 - [TEST_STEP][PASSED] - delay: Delayed 5 second(s)

2018-03-13 10:50:50 - [MESSAGE][PASSED] - Delayed 5 second(s)

2018-03-13 10:50:50 - [TEST_STEP][PASSED] - setText: Text 'Berlin' is set on object 'Object Repository/Filialsuche_Inputtext'

2018-03-13 10:50:50 - [MESSAGE][PASSED] - Text 'Berlin' is set on object 'Object Repository/Filialsuche_Inputtext'

2018-03-13 10:50:50 - [TEST_STEP][PASSED] - delay: Delayed 2 second(s)

2018-03-13 10:50:52 - [MESSAGE][PASSED] - Delayed 2 second(s)

2018-03-13 10:50:52 - [TEST_STEP][PASSED] - submit: The form containing object: 'Object Repository/Filialsuche_submit_button' is submitted

2018-03-13 10:50:52 - [MESSAGE][PASSED] - The form containing object: 'Object Repository/Filialsuche_submit_button' is submitted

2018-03-13 10:50:52 - [TEST_STEP][PASSED] - delay: Delayed 2 second(s)

2018-03-13 10:50:54 - [MESSAGE][PASSED] - Delayed 2 second(s)

2018-03-13 10:50:54 - [TEST_STEP][PASSED] - Statement - wes = com.kms.katalon.core.webui.common.WebUiCommonHelper.findWebElements(com.kms.katalon.core.testobject.ObjectRepository.findTestObject(Filialsuche_loc_distance), 5): Found 25 web elements with id: 'Object Repository/Filialsuche_loc_distance' located by 'By.xpath: //span[@class='loc-distance']' in '5' second(s)

2018-03-13 10:50:54 - [TEST_STEP][PASSED] - Statement - For ([i = 1, i < wes.size(), (i++)]): null

2018-03-13 10:50:54 - [TEST_STEP][PASSED] - Statement - el1 = wes.get(i): null

2018-03-13 10:50:54 - [TEST_STEP][PASSED] - Statement - text1 = el1.getAttribute("innerHTML"): null

2018-03-13 10:50:54 - [TEST_STEP][PASSED] - Statement - tmp1 = text1.split(" "): null

2018-03-13 10:50:54 - [TEST_STEP][PASSED] - Statement - num1 = tmp1[0].replaceAll(",", "."): null

2018-03-13 10:50:54 - [TEST_STEP][PASSED] - Statement - km1 = java.lang.Float.parseFloat(num1): null

2018-03-13 10:50:54 - [TEST_STEP][PASSED] - Statement - el2 = wes.get(i - 1): null

2018-03-13 10:50:54 - [TEST_STEP][PASSED] - Statement - text2 = el2.getAttribute("innerHTML"): null

2018-03-13 10:50:54 - [TEST_STEP][PASSED] - Statement - tmp2 = text2.split(" "): null

2018-03-13 10:50:54 - [TEST_STEP][PASSED] - Statement - num2 = tmp2[0].replaceAll(",", "."): null

2018-03-13 10:50:54 - [TEST_STEP][PASSED] - Statement - km2 = java.lang.Float.parseFloat(num2): null

2018-03-13 10:50:54 - [TEST_STEP][PASSED] - Statement - If (km2 > km1): null

2018-03-13 10:50:54 - [TEST_STEP][PASSED] - Statement - el1 = wes.get(i): null

2018-03-13 10:50:54 - [TEST_STEP][PASSED] - Statement - text1 = el1.getAttribute("innerHTML"): null

2018-03-13 10:50:54 - [TEST_STEP][PASSED] - Statement - tmp1 = text1.split(" "): null

2018-03-13 10:50:54 - [TEST_STEP][PASSED] - Statement - num1 = tmp1[0].replaceAll(",", "."): null

2018-03-13 10:50:54 - [TEST_STEP][PASSED] - Statement - km1 = java.lang.Float.parseFloat(num1): null

2018-03-13 10:50:54 - [TEST_STEP][PASSED] - Statement - el2 = wes.get(i - 1): null

2018-03-13 10:50:54 - [TEST_STEP][PASSED] - Statement - text2 = el2.getAttribute("innerHTML"): null

2018-03-13 10:50:54 - [TEST_STEP][PASSED] - Statement - tmp2 = text2.split(" "): null

2018-03-13 10:50:54 - [TEST_STEP][PASSED] - Statement - num2 = tmp2[0].replaceAll(",", "."): null

2018-03-13 10:50:54 - [TEST_STEP][PASSED] - Statement - km2 = java.lang.Float.parseFloat(num2): null

2018-03-13 10:50:54 - [TEST_STEP][PASSED] - Statement - If (km2 > km1): null

2018-03-13 10:50:54 - [TEST_STEP][PASSED] - Statement - el1 = wes.get(i): null

2018-03-13 10:50:54 - [TEST_STEP][PASSED] - Statement - text1 = el1.getAttribute("innerHTML"): null

2018-03-13 10:50:54 - [TEST_STEP][PASSED] - Statement - tmp1 = text1.split(" "): null

2018-03-13 10:50:54 - [TEST_STEP][PASSED] - Statement - num1 = tmp1[0].replaceAll(",", "."): null

2018-03-13 10:50:54 - [TEST_STEP][PASSED] - Statement - km1 = java.lang.Float.parseFloat(num1): null

2018-03-13 10:50:54 - [TEST_STEP][PASSED] - Statement - el2 = wes.get(i - 1): null

2018-03-13 10:50:54 - [TEST_STEP][PASSED] - Statement - text2 = el2.getAttribute("innerHTML"): null

2018-03-13 10:50:54 - [TEST_STEP][PASSED] - Statement - tmp2 = text2.split(" "): null

2018-03-13 10:50:54 - [TEST_STEP][PASSED] - Statement - num2 = tmp2[0].replaceAll(",", "."): null

2018-03-13 10:50:54 - [TEST_STEP][PASSED] - Statement - km2 = java.lang.Float.parseFloat(num2): null

2018-03-13 10:50:54 - [TEST_STEP][PASSED] - Statement - If (km2 > km1): null

2018-03-13 10:50:54 - [TEST_STEP][PASSED] - Statement - el1 = wes.get(i): null

2018-03-13 10:50:54 - [TEST_STEP][PASSED] - Statement - text1 = el1.getAttribute("innerHTML"): null

2018-03-13 10:50:54 - [TEST_STEP][PASSED] - Statement - tmp1 = text1.split(" "): null

2018-03-13 10:50:54 - [TEST_STEP][PASSED] - Statement - num1 = tmp1[0].replaceAll(",", "."): null

2018-03-13 10:50:54 - [TEST_STEP][PASSED] - Statement - km1 = java.lang.Float.parseFloat(num1): null

2018-03-13 10:50:54 - [TEST_STEP][PASSED] - Statement - el2 = wes.get(i - 1): null

2018-03-13 10:50:54 - [TEST_STEP][PASSED] - Statement - text2 = el2.getAttribute("innerHTML"): null

2018-03-13 10:50:54 - [TEST_STEP][PASSED] - Statement - tmp2 = text2.split(" "): null

2018-03-13 10:50:54 - [TEST_STEP][PASSED] - Statement - num2 = tmp2[0].replaceAll(",", "."): null

2018-03-13 10:50:54 - [TEST_STEP][PASSED] - Statement - km2 = java.lang.Float.parseFloat(num2): null

2018-03-13 10:50:54 - [TEST_STEP][PASSED] - Statement - If (km2 > km1): null

2018-03-13 10:50:54 - [TEST_STEP][PASSED] - Statement - el1 = wes.get(i): null

2018-03-13 10:50:54 - [TEST_STEP][PASSED] - Statement - text1 = el1.getAttribute("innerHTML"): null

2018-03-13 10:50:54 - [TEST_STEP][PASSED] - Statement - tmp1 = text1.split(" "): null

2018-03-13 10:50:54 - [TEST_STEP][PASSED] - Statement - num1 = tmp1[0].replaceAll(",", "."): null

2018-03-13 10:50:54 - [TEST_STEP][PASSED] - Statement - km1 = java.lang.Float.parseFloat(num1): null

2018-03-13 10:50:54 - [TEST_STEP][PASSED] - Statement - el2 = wes.get(i - 1): null

2018-03-13 10:50:54 - [TEST_STEP][PASSED] - Statement - text2 = el2.getAttribute("innerHTML"): null

2018-03-13 10:50:54 - [TEST_STEP][PASSED] - Statement - tmp2 = text2.split(" "): null

2018-03-13 10:50:54 - [TEST_STEP][PASSED] - Statement - num2 = tmp2[0].replaceAll(",", "."): null

2018-03-13 10:50:54 - [TEST_STEP][PASSED] - Statement - km2 = java.lang.Float.parseFloat(num2): null

2018-03-13 10:50:54 - [TEST_STEP][PASSED] - Statement - If (km2 > km1): null

2018-03-13 10:50:54 - [TEST_STEP][PASSED] - Statement - el1 = wes.get(i): null

2018-03-13 10:50:54 - [TEST_STEP][PASSED] - Statement - text1 = el1.getAttribute("innerHTML"): null

2018-03-13 10:50:55 - [TEST_STEP][PASSED] - Statement - tmp1 = text1.split(" "): null

2018-03-13 10:50:55 - [TEST_STEP][PASSED] - Statement - num1 = tmp1[0].replaceAll(",", "."): null

2018-03-13 10:50:55 - [TEST_STEP][PASSED] - Statement - km1 = java.lang.Float.parseFloat(num1): null

2018-03-13 10:50:55 - [TEST_STEP][PASSED] - Statement - el2 = wes.get(i - 1): null

2018-03-13 10:50:55 - [TEST_STEP][PASSED] - Statement - text2 = el2.getAttribute("innerHTML"): null

2018-03-13 10:50:55 - [TEST_STEP][PASSED] - Statement - tmp2 = text2.split(" "): null

2018-03-13 10:50:55 - [TEST_STEP][PASSED] - Statement - num2 = tmp2[0].replaceAll(",", "."): null

2018-03-13 10:50:55 - [TEST_STEP][PASSED] - Statement - km2 = java.lang.Float.parseFloat(num2): null

2018-03-13 10:50:55 - [TEST_STEP][PASSED] - Statement - If (km2 > km1): null

2018-03-13 10:50:55 - [TEST_STEP][PASSED] - Statement - el1 = wes.get(i): null

2018-03-13 10:50:55 - [TEST_STEP][PASSED] - Statement - text1 = el1.getAttribute("innerHTML"): null

2018-03-13 10:50:55 - [TEST_STEP][PASSED] - Statement - tmp1 = text1.split(" "): null

2018-03-13 10:50:55 - [TEST_STEP][PASSED] - Statement - num1 = tmp1[0].replaceAll(",", "."): null

2018-03-13 10:50:55 - [TEST_STEP][PASSED] - Statement - km1 = java.lang.Float.parseFloat(num1): null

2018-03-13 10:50:55 - [TEST_STEP][PASSED] - Statement - el2 = wes.get(i - 1): null

2018-03-13 10:50:55 - [TEST_STEP][PASSED] - Statement - text2 = el2.getAttribute("innerHTML"): null

2018-03-13 10:50:55 - [TEST_STEP][PASSED] - Statement - tmp2 = text2.split(" "): null

2018-03-13 10:50:55 - [TEST_STEP][PASSED] - Statement - num2 = tmp2[0].replaceAll(",", "."): null

2018-03-13 10:50:55 - [TEST_STEP][PASSED] - Statement - km2 = java.lang.Float.parseFloat(num2): null

2018-03-13 10:50:55 - [TEST_STEP][PASSED] - Statement - If (km2 > km1): null

2018-03-13 10:50:55 - [TEST_STEP][PASSED] - Statement - el1 = wes.get(i): null

2018-03-13 10:50:55 - [TEST_STEP][PASSED] - Statement - text1 = el1.getAttribute("innerHTML"): null

2018-03-13 10:50:55 - [TEST_STEP][PASSED] - Statement - tmp1 = text1.split(" "): null

2018-03-13 10:50:55 - [TEST_STEP][PASSED] - Statement - num1 = tmp1[0].replaceAll(",", "."): null

2018-03-13 10:50:55 - [TEST_STEP][PASSED] - Statement - km1 = java.lang.Float.parseFloat(num1): null

2018-03-13 10:50:55 - [TEST_STEP][PASSED] - Statement - el2 = wes.get(i - 1): null

2018-03-13 10:50:55 - [TEST_STEP][PASSED] - Statement - text2 = el2.getAttribute("innerHTML"): null

2018-03-13 10:50:55 - [TEST_STEP][PASSED] - Statement - tmp2 = text2.split(" "): null

2018-03-13 10:50:55 - [TEST_STEP][PASSED] - Statement - num2 = tmp2[0].replaceAll(",", "."): null

2018-03-13 10:50:55 - [TEST_STEP][PASSED] - Statement - km2 = java.lang.Float.parseFloat(num2): null

2018-03-13 10:50:55 - [TEST_STEP][PASSED] - Statement - If (km2 > km1): null

2018-03-13 10:50:55 - [TEST_STEP][PASSED] - Statement - el1 = wes.get(i): null

2018-03-13 10:50:55 - [TEST_STEP][PASSED] - Statement - text1 = el1.getAttribute("innerHTML"): null

2018-03-13 10:50:55 - [TEST_STEP][PASSED] - Statement - tmp1 = text1.split(" "): null

2018-03-13 10:50:55 - [TEST_STEP][PASSED] - Statement - num1 = tmp1[0].replaceAll(",", "."): null

2018-03-13 10:50:55 - [TEST_STEP][PASSED] - Statement - km1 = java.lang.Float.parseFloat(num1): null

2018-03-13 10:50:55 - [TEST_STEP][PASSED] - Statement - el2 = wes.get(i - 1): null

2018-03-13 10:50:55 - [TEST_STEP][PASSED] - Statement - text2 = el2.getAttribute("innerHTML"): null

2018-03-13 10:50:55 - [TEST_STEP][PASSED] - Statement - tmp2 = text2.split(" "): null

2018-03-13 10:50:55 - [TEST_STEP][PASSED] - Statement - num2 = tmp2[0].replaceAll(",", "."): null

2018-03-13 10:50:55 - [TEST_STEP][PASSED] - Statement - km2 = java.lang.Float.parseFloat(num2): null

2018-03-13 10:50:55 - [TEST_STEP][PASSED] - Statement - If (km2 > km1): null

2018-03-13 10:50:55 - [TEST_STEP][PASSED] - Statement - el1 = wes.get(i): null

2018-03-13 10:50:55 - [TEST_STEP][PASSED] - Statement - text1 = el1.getAttribute("innerHTML"): null

2018-03-13 10:50:55 - [TEST_STEP][PASSED] - Statement - tmp1 = text1.split(" "): null

2018-03-13 10:50:55 - [TEST_STEP][PASSED] - Statement - num1 = tmp1[0].replaceAll(",", "."): null

2018-03-13 10:50:55 - [TEST_STEP][PASSED] - Statement - km1 = java.lang.Float.parseFloat(num1): null

2018-03-13 10:50:55 - [TEST_STEP][PASSED] - Statement - el2 = wes.get(i - 1): null

2018-03-13 10:50:55 - [TEST_STEP][PASSED] - Statement - text2 = el2.getAttribute("innerHTML"): null

2018-03-13 10:50:55 - [TEST_STEP][PASSED] - Statement - tmp2 = text2.split(" "): null

2018-03-13 10:50:55 - [TEST_STEP][PASSED] - Statement - num2 = tmp2[0].replaceAll(",", "."): null

2018-03-13 10:50:55 - [TEST_STEP][PASSED] - Statement - km2 = java.lang.Float.parseFloat(num2): null

2018-03-13 10:50:55 - [TEST_STEP][PASSED] - Statement - If (km2 > km1): null

2018-03-13 10:50:56 - [TEST_STEP][PASSED] - Statement - el1 = wes.get(i): null

2018-03-13 10:50:56 - [TEST_STEP][PASSED] - Statement - text1 = el1.getAttribute("innerHTML"): null

2018-03-13 10:50:56 - [TEST_STEP][PASSED] - Statement - tmp1 = text1.split(" "): null

2018-03-13 10:50:56 - [TEST_STEP][PASSED] - Statement - num1 = tmp1[0].replaceAll(",", "."): null

2018-03-13 10:50:56 - [TEST_STEP][PASSED] - Statement - km1 = java.lang.Float.parseFloat(num1): null

2018-03-13 10:50:56 - [TEST_STEP][PASSED] - Statement - el2 = wes.get(i - 1): null

2018-03-13 10:50:56 - [TEST_STEP][PASSED] - Statement - text2 = el2.getAttribute("innerHTML"): null

2018-03-13 10:50:56 - [TEST_STEP][PASSED] - Statement - tmp2 = text2.split(" "): null

2018-03-13 10:50:56 - [TEST_STEP][PASSED] - Statement - num2 = tmp2[0].replaceAll(",", "."): null

2018-03-13 10:50:56 - [TEST_STEP][PASSED] - Statement - km2 = java.lang.Float.parseFloat(num2): null

2018-03-13 10:50:56 - [TEST_STEP][PASSED] - Statement - If (km2 > km1): null

2018-03-13 10:50:56 - [TEST_STEP][PASSED] - Statement - el1 = wes.get(i): null

2018-03-13 10:50:56 - [TEST_STEP][PASSED] - Statement - text1 = el1.getAttribute("innerHTML"): null

2018-03-13 10:50:56 - [TEST_STEP][PASSED] - Statement - tmp1 = text1.split(" "): null

2018-03-13 10:50:56 - [TEST_STEP][PASSED] - Statement - num1 = tmp1[0].replaceAll(",", "."): null

2018-03-13 10:50:56 - [TEST_STEP][PASSED] - Statement - km1 = java.lang.Float.parseFloat(num1): null

2018-03-13 10:50:56 - [TEST_STEP][PASSED] - Statement - el2 = wes.get(i - 1): null

2018-03-13 10:50:56 - [TEST_STEP][PASSED] - Statement - text2 = el2.getAttribute("innerHTML"): null

2018-03-13 10:50:56 - [TEST_STEP][PASSED] - Statement - tmp2 = text2.split(" "): null

2018-03-13 10:50:56 - [TEST_STEP][PASSED] - Statement - num2 = tmp2[0].replaceAll(",", "."): null

2018-03-13 10:50:56 - [TEST_STEP][PASSED] - Statement - km2 = java.lang.Float.parseFloat(num2): null

2018-03-13 10:50:56 - [TEST_STEP][PASSED] - Statement - If (km2 > km1): null

2018-03-13 10:50:56 - [TEST_STEP][PASSED] - Statement - el1 = wes.get(i): null

2018-03-13 10:50:56 - [TEST_STEP][PASSED] - Statement - text1 = el1.getAttribute("innerHTML"): null

2018-03-13 10:50:56 - [TEST_STEP][PASSED] - Statement - tmp1 = text1.split(" "): null

2018-03-13 10:50:57 - [TEST_STEP][PASSED] - Statement - num1 = tmp1[0].replaceAll(",", "."): null

2018-03-13 10:50:57 - [TEST_STEP][PASSED] - Statement - km1 = java.lang.Float.parseFloat(num1): null

2018-03-13 10:50:57 - [TEST_STEP][PASSED] - Statement - el2 = wes.get(i - 1): null

2018-03-13 10:50:57 - [TEST_STEP][PASSED] - Statement - text2 = el2.getAttribute("innerHTML"): null

2018-03-13 10:50:57 - [TEST_STEP][PASSED] - Statement - tmp2 = text2.split(" "): null

2018-03-13 10:50:57 - [TEST_STEP][PASSED] - Statement - num2 = tmp2[0].replaceAll(",", "."): null

2018-03-13 10:50:57 - [TEST_STEP][PASSED] - Statement - km2 = java.lang.Float.parseFloat(num2): null

2018-03-13 10:50:57 - [TEST_STEP][PASSED] - Statement - If (km2 > km1): null

2018-03-13 10:50:57 - [TEST_STEP][PASSED] - Statement - el1 = wes.get(i): null

2018-03-13 10:50:57 - [TEST_STEP][PASSED] - Statement - text1 = el1.getAttribute("innerHTML"): null

2018-03-13 10:50:57 - [TEST_STEP][PASSED] - Statement - tmp1 = text1.split(" "): null

2018-03-13 10:50:57 - [TEST_STEP][PASSED] - Statement - num1 = tmp1[0].replaceAll(",", "."): null

2018-03-13 10:50:57 - [TEST_STEP][PASSED] - Statement - km1 = java.lang.Float.parseFloat(num1): null

2018-03-13 10:50:57 - [TEST_STEP][PASSED] - Statement - el2 = wes.get(i - 1): null

2018-03-13 10:50:57 - [TEST_STEP][PASSED] - Statement - text2 = el2.getAttribute("innerHTML"): null

2018-03-13 10:50:57 - [TEST_STEP][PASSED] - Statement - tmp2 = text2.split(" "): null

2018-03-13 10:50:57 - [TEST_STEP][PASSED] - Statement - num2 = tmp2[0].replaceAll(",", "."): null

2018-03-13 10:50:57 - [TEST_STEP][PASSED] - Statement - km2 = java.lang.Float.parseFloat(num2): null

2018-03-13 10:50:57 - [TEST_STEP][PASSED] - Statement - If (km2 > km1): null

2018-03-13 10:50:57 - [TEST_STEP][PASSED] - Statement - el1 = wes.get(i): null

2018-03-13 10:50:57 - [TEST_STEP][PASSED] - Statement - text1 = el1.getAttribute("innerHTML"): null

2018-03-13 10:50:57 - [TEST_STEP][PASSED] - Statement - tmp1 = text1.split(" "): null

2018-03-13 10:50:57 - [TEST_STEP][PASSED] - Statement - num1 = tmp1[0].replaceAll(",", "."): null

2018-03-13 10:50:57 - [TEST_STEP][PASSED] - Statement - km1 = java.lang.Float.parseFloat(num1): null

2018-03-13 10:50:57 - [TEST_STEP][PASSED] - Statement - el2 = wes.get(i - 1): null

2018-03-13 10:50:57 - [TEST_STEP][PASSED] - Statement - text2 = el2.getAttribute("innerHTML"): null

2018-03-13 10:50:57 - [TEST_STEP][PASSED] - Statement - tmp2 = text2.split(" "): null

2018-03-13 10:50:57 - [TEST_STEP][PASSED] - Statement - num2 = tmp2[0].replaceAll(",", "."): null

2018-03-13 10:50:57 - [TEST_STEP][PASSED] - Statement - km2 = java.lang.Float.parseFloat(num2): null

2018-03-13 10:50:57 - [TEST_STEP][PASSED] - Statement - If (km2 > km1): null

2018-03-13 10:50:57 - [TEST_STEP][PASSED] - Statement - el1 = wes.get(i): null

2018-03-13 10:50:57 - [TEST_STEP][PASSED] - Statement - text1 = el1.getAttribute("innerHTML"): null

2018-03-13 10:50:57 - [TEST_STEP][PASSED] - Statement - tmp1 = text1.split(" "): null

2018-03-13 10:50:57 - [TEST_STEP][PASSED] - Statement - num1 = tmp1[0].replaceAll(",", "."): null

2018-03-13 10:50:57 - [TEST_STEP][PASSED] - Statement - km1 = java.lang.Float.parseFloat(num1): null

2018-03-13 10:50:57 - [TEST_STEP][PASSED] - Statement - el2 = wes.get(i - 1): null

2018-03-13 10:50:57 - [TEST_STEP][PASSED] - Statement - text2 = el2.getAttribute("innerHTML"): null

2018-03-13 10:50:57 - [TEST_STEP][PASSED] - Statement - tmp2 = text2.split(" "): null

2018-03-13 10:50:57 - [TEST_STEP][PASSED] - Statement - num2 = tmp2[0].replaceAll(",", "."): null

2018-03-13 10:50:57 - [TEST_STEP][PASSED] - Statement - km2 = java.lang.Float.parseFloat(num2): null

2018-03-13 10:50:57 - [TEST_STEP][PASSED] - Statement - If (km2 > km1): null

2018-03-13 10:50:57 - [TEST_STEP][PASSED] - Statement - el1 = wes.get(i): null

2018-03-13 10:50:57 - [TEST_STEP][PASSED] - Statement - text1 = el1.getAttribute("innerHTML"): null

2018-03-13 10:50:57 - [TEST_STEP][PASSED] - Statement - tmp1 = text1.split(" "): null

2018-03-13 10:50:57 - [TEST_STEP][PASSED] - Statement - num1 = tmp1[0].replaceAll(",", "."): null

2018-03-13 10:50:57 - [TEST_STEP][PASSED] - Statement - km1 = java.lang.Float.parseFloat(num1): null

2018-03-13 10:50:57 - [TEST_STEP][PASSED] - Statement - el2 = wes.get(i - 1): null

2018-03-13 10:50:57 - [TEST_STEP][PASSED] - Statement - text2 = el2.getAttribute("innerHTML"): null

2018-03-13 10:50:57 - [TEST_STEP][PASSED] - Statement - tmp2 = text2.split(" "): null

2018-03-13 10:50:57 - [TEST_STEP][PASSED] - Statement - num2 = tmp2[0].replaceAll(",", "."): null

2018-03-13 10:50:57 - [TEST_STEP][PASSED] - Statement - km2 = java.lang.Float.parseFloat(num2): null

2018-03-13 10:50:57 - [TEST_STEP][PASSED] - Statement - If (km2 > km1): null

2018-03-13 10:50:57 - [TEST_STEP][PASSED] - Statement - el1 = wes.get(i): null

2018-03-13 10:50:57 - [TEST_STEP][PASSED] - Statement - text1 = el1.getAttribute("innerHTML"): null

2018-03-13 10:50:57 - [TEST_STEP][PASSED] - Statement - tmp1 = text1.split(" "): null

2018-03-13 10:50:57 - [TEST_STEP][PASSED] - Statement - num1 = tmp1[0].replaceAll(",", "."): null

2018-03-13 10:50:57 - [TEST_STEP][PASSED] - Statement - km1 = java.lang.Float.parseFloat(num1): null

2018-03-13 10:50:57 - [TEST_STEP][PASSED] - Statement - el2 = wes.get(i - 1): null

2018-03-13 10:50:57 - [TEST_STEP][PASSED] - Statement - text2 = el2.getAttribute("innerHTML"): null

2018-03-13 10:50:58 - [TEST_STEP][PASSED] - Statement - tmp2 = text2.split(" "): null

2018-03-13 10:50:58 - [TEST_STEP][PASSED] - Statement - num2 = tmp2[0].replaceAll(",", "."): null

2018-03-13 10:50:58 - [TEST_STEP][PASSED] - Statement - km2 = java.lang.Float.parseFloat(num2): null

2018-03-13 10:50:58 - [TEST_STEP][PASSED] - Statement - If (km2 > km1): null

2018-03-13 10:50:58 - [TEST_STEP][PASSED] - Statement - el1 = wes.get(i): null

2018-03-13 10:50:58 - [TEST_STEP][PASSED] - Statement - text1 = el1.getAttribute("innerHTML"): null

2018-03-13 10:50:58 - [TEST_STEP][PASSED] - Statement - tmp1 = text1.split(" "): null

2018-03-13 10:50:58 - [TEST_STEP][PASSED] - Statement - num1 = tmp1[0].replaceAll(",", "."): null

2018-03-13 10:50:58 - [TEST_STEP][PASSED] - Statement - km1 = java.lang.Float.parseFloat(num1): null

2018-03-13 10:50:58 - [TEST_STEP][PASSED] - Statement - el2 = wes.get(i - 1): null

2018-03-13 10:50:58 - [TEST_STEP][PASSED] - Statement - text2 = el2.getAttribute("innerHTML"): null

2018-03-13 10:50:58 - [TEST_STEP][PASSED] - Statement - tmp2 = text2.split(" "): null

2018-03-13 10:50:58 - [TEST_STEP][PASSED] - Statement - num2 = tmp2[0].replaceAll(",", "."): null

2018-03-13 10:50:58 - [TEST_STEP][PASSED] - Statement - km2 = java.lang.Float.parseFloat(num2): null

2018-03-13 10:50:58 - [TEST_STEP][PASSED] - Statement - If (km2 > km1): null

2018-03-13 10:50:58 - [TEST_STEP][PASSED] - Statement - el1 = wes.get(i): null

2018-03-13 10:50:58 - [TEST_STEP][PASSED] - Statement - text1 = el1.getAttribute("innerHTML"): null

2018-03-13 10:50:58 - [TEST_STEP][PASSED] - Statement - tmp1 = text1.split(" "): null

2018-03-13 10:50:58 - [TEST_STEP][PASSED] - Statement - num1 = tmp1[0].replaceAll(",", "."): null

2018-03-13 10:50:58 - [TEST_STEP][PASSED] - Statement - km1 = java.lang.Float.parseFloat(num1): null

2018-03-13 10:50:58 - [TEST_STEP][PASSED] - Statement - el2 = wes.get(i - 1): null

2018-03-13 10:50:58 - [TEST_STEP][PASSED] - Statement - text2 = el2.getAttribute("innerHTML"): null

2018-03-13 10:50:58 - [TEST_STEP][PASSED] - Statement - tmp2 = text2.split(" "): null

2018-03-13 10:50:58 - [TEST_STEP][PASSED] - Statement - num2 = tmp2[0].replaceAll(",", "."): null

2018-03-13 10:50:58 - [TEST_STEP][PASSED] - Statement - km2 = java.lang.Float.parseFloat(num2): null

2018-03-13 10:50:58 - [TEST_STEP][PASSED] - Statement - If (km2 > km1): null

2018-03-13 10:51:00 - [TEST_STEP][PASSED] - Statement - el1 = wes.get(i): null

2018-03-13 10:51:00 - [TEST_STEP][PASSED] - Statement - text1 = el1.getAttribute("innerHTML"): null

2018-03-13 10:51:00 - [TEST_STEP][PASSED] - Statement - tmp1 = text1.split(" "): null

2018-03-13 10:51:00 - [TEST_STEP][PASSED] - Statement - num1 = tmp1[0].replaceAll(",", "."): null

2018-03-13 10:51:00 - [TEST_STEP][PASSED] - Statement - km1 = java.lang.Float.parseFloat(num1): null

2018-03-13 10:51:00 - [TEST_STEP][PASSED] - Statement - el2 = wes.get(i - 1): null

2018-03-13 10:51:00 - [TEST_STEP][PASSED] - Statement - text2 = el2.getAttribute("innerHTML"): null

2018-03-13 10:51:00 - [TEST_STEP][PASSED] - Statement - tmp2 = text2.split(" "): null

2018-03-13 10:51:00 - [TEST_STEP][PASSED] - Statement - num2 = tmp2[0].replaceAll(",", "."): null

2018-03-13 10:51:00 - [TEST_STEP][PASSED] - Statement - km2 = java.lang.Float.parseFloat(num2): null

2018-03-13 10:51:00 - [TEST_STEP][PASSED] - Statement - If (km2 > km1): null

2018-03-13 10:51:00 - [TEST_STEP][PASSED] - Statement - el1 = wes.get(i): null

2018-03-13 10:51:00 - [TEST_STEP][PASSED] - Statement - text1 = el1.getAttribute("innerHTML"): null

2018-03-13 10:51:00 - [TEST_STEP][PASSED] - Statement - tmp1 = text1.split(" "): null

2018-03-13 10:51:00 - [TEST_STEP][PASSED] - Statement - num1 = tmp1[0].replaceAll(",", "."): null

2018-03-13 10:51:00 - [TEST_STEP][PASSED] - Statement - km1 = java.lang.Float.parseFloat(num1): null

2018-03-13 10:51:00 - [TEST_STEP][PASSED] - Statement - el2 = wes.get(i - 1): null

2018-03-13 10:51:00 - [TEST_STEP][PASSED] - Statement - text2 = el2.getAttribute("innerHTML"): null

2018-03-13 10:51:00 - [TEST_STEP][PASSED] - Statement - tmp2 = text2.split(" "): null

2018-03-13 10:51:00 - [TEST_STEP][PASSED] - Statement - num2 = tmp2[0].replaceAll(",", "."): null

2018-03-13 10:51:00 - [TEST_STEP][PASSED] - Statement - km2 = java.lang.Float.parseFloat(num2): null

2018-03-13 10:51:00 - [TEST_STEP][PASSED] - Statement - If (km2 > km1): null

2018-03-13 10:51:00 - [TEST_STEP][PASSED] - Statement - el1 = wes.get(i): null

2018-03-13 10:51:00 - [TEST_STEP][PASSED] - Statement - text1 = el1.getAttribute("innerHTML"): null

2018-03-13 10:51:00 - [TEST_STEP][PASSED] - Statement - tmp1 = text1.split(" "): null

2018-03-13 10:51:00 - [TEST_STEP][PASSED] - Statement - num1 = tmp1[0].replaceAll(",", "."): null

2018-03-13 10:51:00 - [TEST_STEP][PASSED] - Statement - km1 = java.lang.Float.parseFloat(num1): null

2018-03-13 10:51:00 - [TEST_STEP][PASSED] - Statement - el2 = wes.get(i - 1): null

2018-03-13 10:51:00 - [TEST_STEP][PASSED] - Statement - text2 = el2.getAttribute("innerHTML"): null

2018-03-13 10:51:00 - [TEST_STEP][PASSED] - Statement - tmp2 = text2.split(" "): null

2018-03-13 10:51:00 - [TEST_STEP][PASSED] - Statement - num2 = tmp2[0].replaceAll(",", "."): null

2018-03-13 10:51:00 - [TEST_STEP][PASSED] - Statement - km2 = java.lang.Float.parseFloat(num2): null

2018-03-13 10:51:00 - [TEST_STEP][PASSED] - Statement - If (km2 > km1): null

2018-03-13 10:51:02 - [TEST_STEP][PASSED] - Statement - el1 = wes.get(i): null

2018-03-13 10:51:02 - [TEST_STEP][PASSED] - Statement - text1 = el1.getAttribute("innerHTML"): null

2018-03-13 10:51:02 - [TEST_STEP][PASSED] - Statement - tmp1 = text1.split(" "): null

2018-03-13 10:51:02 - [TEST_STEP][PASSED] - Statement - num1 = tmp1[0].replaceAll(",", "."): null

2018-03-13 10:51:02 - [TEST_STEP][PASSED] - Statement - km1 = java.lang.Float.parseFloat(num1): null

2018-03-13 10:51:02 - [TEST_STEP][PASSED] - Statement - el2 = wes.get(i - 1): null

2018-03-13 10:51:02 - [TEST_STEP][PASSED] - Statement - text2 = el2.getAttribute("innerHTML"): null

2018-03-13 10:51:02 - [TEST_STEP][PASSED] - Statement - tmp2 = text2.split(" "): null

2018-03-13 10:51:02 - [TEST_STEP][PASSED] - Statement - num2 = tmp2[0].replaceAll(",", "."): null

2018-03-13 10:51:02 - [TEST_STEP][PASSED] - Statement - km2 = java.lang.Float.parseFloat(num2): null

2018-03-13 10:51:02 - [TEST_STEP][PASSED] - Statement - If (km2 > km1): null

2018-03-13 10:51:02 - [TEST_STEP][PASSED] - closeBrowser: Browser is closed

2018-03-13 10:51:02 - [MESSAGE][PASSED] - Browser is closed]]></system-out>
         <system-err><![CDATA[]]></system-err>
      </testcase>
      <testcase name="Test Cases/Prototyp_Filialsuche (RC 18)/16_Testfall" classname="Test Cases/Prototyp_Filialsuche (RC 18)/16_Testfall" status="PASSED">
         <system-out><![CDATA[2018-03-13 10:51:02 - [TEST_CASE][PASSED] - Test Cases/Prototyp_Filialsuche (RC 18)/16_Testfall: Test Cases/Prototyp_Filialsuche (RC 18)/16_Testfall

2018-03-13 10:51:02 - [TEST_STEP][PASSED] - openBrowser: Browser is opened with url: ''

2018-03-13 10:51:06 - [MESSAGE][PASSED] - Browser is opened with url: ''

2018-03-13 10:51:06 - [TEST_STEP][PASSED] - maximizeWindow: Current window maximized

2018-03-13 10:51:06 - [MESSAGE][PASSED] - Current window maximized

2018-03-13 10:51:06 - [TEST_STEP][PASSED] - deleteAllCookies: Delete all cookies successfully

2018-03-13 10:51:06 - [MESSAGE][PASSED] - Delete all cookies successfully

2018-03-13 10:51:06 - [TEST_STEP][PASSED] - navigateToUrl: Navigate to 'http://rc-ogrhtmlprototyp.testintern/18-1-0/filialsuche-textinput.html' successfully

2018-03-13 10:51:08 - [MESSAGE][PASSED] - Navigate to 'http://rc-ogrhtmlprototyp.testintern/18-1-0/filialsuche-textinput.html' successfully

2018-03-13 10:51:08 - [TEST_STEP][PASSED] - delay: Delayed 5 second(s)

2018-03-13 10:51:13 - [MESSAGE][PASSED] - Delayed 5 second(s)

2018-03-13 10:51:13 - [TEST_STEP][PASSED] - setText: Text 'Berlin' is set on object 'Object Repository/Filialsuche_Inputtext'

2018-03-13 10:51:13 - [MESSAGE][PASSED] - Text 'Berlin' is set on object 'Object Repository/Filialsuche_Inputtext'

2018-03-13 10:51:13 - [TEST_STEP][PASSED] - delay: Delayed 2 second(s)

2018-03-13 10:51:15 - [MESSAGE][PASSED] - Delayed 2 second(s)

2018-03-13 10:51:15 - [TEST_STEP][PASSED] - submit: The form containing object: 'Object Repository/Filialsuche_submit_button' is submitted

2018-03-13 10:51:15 - [MESSAGE][PASSED] - The form containing object: 'Object Repository/Filialsuche_submit_button' is submitted

2018-03-13 10:51:15 - [TEST_STEP][PASSED] - delay: Delayed 2 second(s)

2018-03-13 10:51:17 - [MESSAGE][PASSED] - Delayed 2 second(s)

2018-03-13 10:51:17 - [TEST_STEP][PASSED] - verifyElementVisible: Object 'Object Repository/Entfernung_filialsuche' is visible

2018-03-13 10:51:17 - [MESSAGE][PASSED] - Object 'Object Repository/Entfernung_filialsuche' is visible

2018-03-13 10:51:17 - [TEST_STEP][PASSED] - closeBrowser: Browser is closed

2018-03-13 10:51:17 - [MESSAGE][PASSED] - Browser is closed]]></system-out>
         <system-err><![CDATA[]]></system-err>
      </testcase>
      <testcase name="Test Cases/Prototyp_Filialsuche (RC 18)/17_Testfall" classname="Test Cases/Prototyp_Filialsuche (RC 18)/17_Testfall" status="PASSED">
         <system-out><![CDATA[2018-03-13 10:51:17 - [TEST_CASE][PASSED] - Test Cases/Prototyp_Filialsuche (RC 18)/17_Testfall: Test Cases/Prototyp_Filialsuche (RC 18)/17_Testfall

2018-03-13 10:51:17 - [TEST_STEP][PASSED] - openBrowser: Browser is opened with url: ''

2018-03-13 10:51:21 - [MESSAGE][PASSED] - Browser is opened with url: ''

2018-03-13 10:51:21 - [TEST_STEP][PASSED] - deleteAllCookies: Delete all cookies successfully

2018-03-13 10:51:21 - [MESSAGE][PASSED] - Delete all cookies successfully

2018-03-13 10:51:21 - [TEST_STEP][PASSED] - maximizeWindow: Current window maximized

2018-03-13 10:51:21 - [MESSAGE][PASSED] - Current window maximized

2018-03-13 10:51:21 - [TEST_STEP][PASSED] - navigateToUrl: Navigate to 'http://rc-ogrhtmlprototyp.testintern/18-1-0/filialsuche.html' successfully

2018-03-13 10:51:23 - [MESSAGE][PASSED] - Navigate to 'http://rc-ogrhtmlprototyp.testintern/18-1-0/filialsuche.html' successfully

2018-03-13 10:51:23 - [TEST_STEP][PASSED] - delay: Delayed 2 second(s)

2018-03-13 10:51:25 - [MESSAGE][PASSED] - Delayed 2 second(s)

2018-03-13 10:51:25 - [TEST_STEP][PASSED] - waitForPageLoad: Wait for page load successfully

2018-03-13 10:51:25 - [MESSAGE][WARNING] - Timeout '0' is invalid. Using default page load timeout: '30'

2018-03-13 10:51:25 - [MESSAGE][PASSED] - Wait for page load successfully

2018-03-13 10:51:25 - [TEST_STEP][PASSED] - delay: Delayed 2 second(s)

2018-03-13 10:51:27 - [MESSAGE][PASSED] - Delayed 2 second(s)

2018-03-13 10:51:27 - [TEST_STEP][PASSED] - click: Object: 'Object Repository/03/Page_Filialsuche-rotenburg - BVR HT/svg_dropdown-icons' is clicked on

2018-03-13 10:51:27 - [MESSAGE][PASSED] - Object: 'Object Repository/03/Page_Filialsuche-rotenburg - BVR HT/svg_dropdown-icons' is clicked on

2018-03-13 10:51:27 - [TEST_STEP][PASSED] - delay: Delayed 2 second(s)

2018-03-13 10:51:29 - [MESSAGE][PASSED] - Delayed 2 second(s)

2018-03-13 10:51:29 - [TEST_STEP][PASSED] - mouseOver: Object: 'Object Repository/002/Page_Filialsuche - BVR HTML Prototy/div_Berlin' is hovered

2018-03-13 10:51:29 - [MESSAGE][PASSED] - Object: 'Object Repository/002/Page_Filialsuche - BVR HTML Prototy/div_Berlin' is hovered

2018-03-13 10:51:29 - [TEST_STEP][PASSED] - delay: Delayed 2 second(s)

2018-03-13 10:51:31 - [MESSAGE][PASSED] - Delayed 2 second(s)

2018-03-13 10:51:31 - [TEST_STEP][PASSED] - click: Object: 'Object Repository/002/Page_Filialsuche - BVR HTML Prototy/div_Berlin' is clicked on

2018-03-13 10:51:31 - [MESSAGE][PASSED] - Object: 'Object Repository/002/Page_Filialsuche - BVR HTML Prototy/div_Berlin' is clicked on

2018-03-13 10:51:31 - [TEST_STEP][PASSED] - delay: Delayed 5 second(s)

2018-03-13 10:51:36 - [MESSAGE][PASSED] - Delayed 5 second(s)

2018-03-13 10:51:36 - [TEST_STEP][PASSED] - click: Object: 'Object Repository/TF17/Page_Filialsuche - BVR HTML Prototy/span_Berliner Volksbank eG Fil' is clicked on

2018-03-13 10:51:37 - [MESSAGE][PASSED] - Object: 'Object Repository/TF17/Page_Filialsuche - BVR HTML Prototy/span_Berliner Volksbank eG Fil' is clicked on

2018-03-13 10:51:37 - [TEST_STEP][PASSED] - delay: Delayed 2 second(s)

2018-03-13 10:51:39 - [MESSAGE][PASSED] - Delayed 2 second(s)

2018-03-13 10:51:39 - [TEST_STEP][PASSED] - verifyTextPresent: Text 'Alt-Moabit 82' is present on page 

2018-03-13 10:51:41 - [MESSAGE][PASSED] - Text 'Alt-Moabit 82' is present on page 

2018-03-13 10:51:41 - [TEST_STEP][PASSED] - verifyTextPresent: Text '10555 Berlin' is present on page 

2018-03-13 10:51:44 - [MESSAGE][PASSED] - Text '10555 Berlin' is present on page 

2018-03-13 10:51:44 - [TEST_STEP][PASSED] - click: Object: 'Object Repository/TF17/Page_Filialsuche - BVR HTML Prototy/span_Berliner Volksbank eG Fil_1' is clicked on

2018-03-13 10:51:44 - [MESSAGE][PASSED] - Object: 'Object Repository/TF17/Page_Filialsuche - BVR HTML Prototy/span_Berliner Volksbank eG Fil_1' is clicked on

2018-03-13 10:51:44 - [TEST_STEP][PASSED] - delay: Delayed 2 second(s)

2018-03-13 10:51:46 - [MESSAGE][PASSED] - Delayed 2 second(s)

2018-03-13 10:51:46 - [TEST_STEP][PASSED] - verifyTextPresent: Text 'Alt-Rudow 71' is present on page 

2018-03-13 10:51:49 - [MESSAGE][PASSED] - Text 'Alt-Rudow 71' is present on page 

2018-03-13 10:51:49 - [TEST_STEP][PASSED] - verifyTextPresent: Text '12355 Berlin' is present on page 

2018-03-13 10:51:51 - [MESSAGE][PASSED] - Text '12355 Berlin' is present on page 

2018-03-13 10:51:51 - [TEST_STEP][PASSED] - click: Object: 'Object Repository/TF17/Page_Filialsuche - BVR HTML Prototy/span_Berliner Volksbank eG Fin' is clicked on

2018-03-13 10:51:51 - [MESSAGE][PASSED] - Object: 'Object Repository/TF17/Page_Filialsuche - BVR HTML Prototy/span_Berliner Volksbank eG Fin' is clicked on

2018-03-13 10:51:51 - [TEST_STEP][PASSED] - delay: Delayed 2 second(s)

2018-03-13 10:51:53 - [MESSAGE][PASSED] - Delayed 2 second(s)

2018-03-13 10:51:53 - [TEST_STEP][PASSED] - verifyTextPresent: Text 'Bahnhofstr. 19' is present on page 

2018-03-13 10:51:56 - [MESSAGE][PASSED] - Text 'Bahnhofstr. 19' is present on page 

2018-03-13 10:51:56 - [TEST_STEP][PASSED] - verifyTextPresent: Text '12555 Berlin' is present on page 

2018-03-13 10:51:59 - [MESSAGE][PASSED] - Text '12555 Berlin' is present on page 

2018-03-13 10:51:59 - [TEST_STEP][PASSED] - click: Object: 'Object Repository/TF17/Page_Filialsuche - BVR HTML Prototy/span_Berliner Volksbank eG Fin_1' is clicked on

2018-03-13 10:51:59 - [MESSAGE][PASSED] - Object: 'Object Repository/TF17/Page_Filialsuche - BVR HTML Prototy/span_Berliner Volksbank eG Fin_1' is clicked on

2018-03-13 10:51:59 - [TEST_STEP][PASSED] - delay: Delayed 2 second(s)

2018-03-13 10:52:01 - [MESSAGE][PASSED] - Delayed 2 second(s)

2018-03-13 10:52:01 - [TEST_STEP][PASSED] - verifyTextPresent: Text 'Bahnhofstr. 50' is present on page 

2018-03-13 10:52:04 - [MESSAGE][PASSED] - Text 'Bahnhofstr. 50' is present on page 

2018-03-13 10:52:04 - [TEST_STEP][PASSED] - verifyTextPresent: Text '12305 Berlin' is present on page 

2018-03-13 10:52:06 - [MESSAGE][PASSED] - Text '12305 Berlin' is present on page 

2018-03-13 10:52:06 - [TEST_STEP][PASSED] - click: Object: 'Object Repository/TF17/Page_Filialsuche - BVR HTML Prototy/span_Berliner Volksbank eG Fil_2' is clicked on

2018-03-13 10:52:07 - [MESSAGE][PASSED] - Object: 'Object Repository/TF17/Page_Filialsuche - BVR HTML Prototy/span_Berliner Volksbank eG Fil_2' is clicked on

2018-03-13 10:52:07 - [TEST_STEP][PASSED] - delay: Delayed 2 second(s)

2018-03-13 10:52:09 - [MESSAGE][PASSED] - Delayed 2 second(s)

2018-03-13 10:52:09 - [TEST_STEP][PASSED] - verifyTextPresent: Text 'Baumschulenstr. 96' is present on page 

2018-03-13 10:52:11 - [MESSAGE][PASSED] - Text 'Baumschulenstr. 96' is present on page 

2018-03-13 10:52:11 - [TEST_STEP][PASSED] - verifyTextPresent: Text '12437 Berlin' is present on page 

2018-03-13 10:52:14 - [MESSAGE][PASSED] - Text '12437 Berlin' is present on page 

2018-03-13 10:52:14 - [TEST_STEP][PASSED] - scrollToElement: Scroll to object 'Object Repository/TF17/Page_Filialsuche - BVR HTML Prototy/span_Berliner Volksbank eG Fin_2' successfully

2018-03-13 10:52:14 - [MESSAGE][WARNING] - Timeout '0' is invalid. Using default page load timeout: '30'

2018-03-13 10:52:14 - [MESSAGE][PASSED] - Scroll to object 'Object Repository/TF17/Page_Filialsuche - BVR HTML Prototy/span_Berliner Volksbank eG Fin_2' successfully

2018-03-13 10:52:14 - [TEST_STEP][PASSED] - click: Object: 'Object Repository/TF17/Page_Filialsuche - BVR HTML Prototy/span_Berliner Volksbank eG Fin_2' is clicked on

2018-03-13 10:52:14 - [MESSAGE][PASSED] - Object: 'Object Repository/TF17/Page_Filialsuche - BVR HTML Prototy/span_Berliner Volksbank eG Fin_2' is clicked on

2018-03-13 10:52:14 - [TEST_STEP][PASSED] - delay: Delayed 2 second(s)

2018-03-13 10:52:16 - [MESSAGE][PASSED] - Delayed 2 second(s)

2018-03-13 10:52:16 - [TEST_STEP][PASSED] - verifyTextPresent: Text 'Berliner Allee 19-21' is present on page 

2018-03-13 10:52:18 - [MESSAGE][PASSED] - Text 'Berliner Allee 19-21' is present on page 

2018-03-13 10:52:18 - [TEST_STEP][PASSED] - verifyTextPresent: Text '13088 Berlin' is present on page 

2018-03-13 10:52:21 - [MESSAGE][PASSED] - Text '13088 Berlin' is present on page 

2018-03-13 10:52:21 - [TEST_STEP][PASSED] - click: Object: 'Object Repository/TF17/Page_Filialsuche - BVR HTML Prototy/a_2' is clicked on

2018-03-13 10:52:21 - [MESSAGE][PASSED] - Object: 'Object Repository/TF17/Page_Filialsuche - BVR HTML Prototy/a_2' is clicked on

2018-03-13 10:52:21 - [TEST_STEP][PASSED] - click: Object: 'Object Repository/TF17/Page_Filialsuche - BVR HTML Prototy/span_Berliner Volksbank eG Fin_3' is clicked on

2018-03-13 10:52:22 - [MESSAGE][PASSED] - Object: 'Object Repository/TF17/Page_Filialsuche - BVR HTML Prototy/span_Berliner Volksbank eG Fin_3' is clicked on

2018-03-13 10:52:22 - [TEST_STEP][PASSED] - delay: Delayed 2 second(s)

2018-03-13 10:52:24 - [MESSAGE][PASSED] - Delayed 2 second(s)

2018-03-13 10:52:24 - [TEST_STEP][PASSED] - verifyTextPresent: Text 'Berliner Str. 98' is present on page 

2018-03-13 10:52:26 - [MESSAGE][PASSED] - Text 'Berliner Str. 98' is present on page 

2018-03-13 10:52:26 - [TEST_STEP][PASSED] - verifyTextPresent: Text '13507 Berlin' is present on page 

2018-03-13 10:52:29 - [MESSAGE][PASSED] - Text '13507 Berlin' is present on page 

2018-03-13 10:52:29 - [TEST_STEP][PASSED] - click: Object: 'Object Repository/TF17/Page_Filialsuche - BVR HTML Prototy (1)/span_Berliner Volksbank eG Fil' is clicked on

2018-03-13 10:52:29 - [MESSAGE][PASSED] - Object: 'Object Repository/TF17/Page_Filialsuche - BVR HTML Prototy (1)/span_Berliner Volksbank eG Fil' is clicked on

2018-03-13 10:52:29 - [TEST_STEP][PASSED] - delay: Delayed 2 second(s)

2018-03-13 10:52:31 - [MESSAGE][PASSED] - Delayed 2 second(s)

2018-03-13 10:52:31 - [TEST_STEP][PASSED] - verifyTextPresent: Text 'Bornholmer Str. 1' is present on page 

2018-03-13 10:52:34 - [MESSAGE][PASSED] - Text 'Bornholmer Str. 1' is present on page 

2018-03-13 10:52:34 - [TEST_STEP][PASSED] - verifyTextPresent: Text '10439 Berlin' is present on page 

2018-03-13 10:52:37 - [MESSAGE][PASSED] - Text '10439 Berlin' is present on page 

2018-03-13 10:52:37 - [TEST_STEP][PASSED] - click: Object: 'Object Repository/TF17/Page_Filialsuche - BVR HTML Prototy (1)/span_Berliner Volksbank eG Fin' is clicked on

2018-03-13 10:52:37 - [MESSAGE][PASSED] - Object: 'Object Repository/TF17/Page_Filialsuche - BVR HTML Prototy (1)/span_Berliner Volksbank eG Fin' is clicked on

2018-03-13 10:52:37 - [TEST_STEP][PASSED] - delay: Delayed 2 second(s)

2018-03-13 10:52:39 - [MESSAGE][PASSED] - Delayed 2 second(s)

2018-03-13 10:52:39 - [TEST_STEP][PASSED] - verifyTextPresent: Text 'Brandenburgische Str. 86-87' is present on page 

2018-03-13 10:52:41 - [MESSAGE][PASSED] - Text 'Brandenburgische Str. 86-87' is present on page 

2018-03-13 10:52:41 - [TEST_STEP][PASSED] - verifyTextPresent: Text '10713 Berlin' is present on page 

2018-03-13 10:52:44 - [MESSAGE][PASSED] - Text '10713 Berlin' is present on page 

2018-03-13 10:52:44 - [TEST_STEP][PASSED] - click: Object: 'Object Repository/TF17/Page_Filialsuche - BVR HTML Prototy (1)/span_Berliner Volksbank eG Fin_1' is clicked on

2018-03-13 10:52:44 - [MESSAGE][PASSED] - Object: 'Object Repository/TF17/Page_Filialsuche - BVR HTML Prototy (1)/span_Berliner Volksbank eG Fin_1' is clicked on

2018-03-13 10:52:44 - [TEST_STEP][PASSED] - delay: Delayed 2 second(s)

2018-03-13 10:52:46 - [MESSAGE][PASSED] - Delayed 2 second(s)

2018-03-13 10:52:46 - [TEST_STEP][PASSED] - verifyTextPresent: Text 'Brodauer Str. 45' is present on page 

2018-03-13 10:52:49 - [MESSAGE][PASSED] - Text 'Brodauer Str. 45' is present on page 

2018-03-13 10:52:49 - [TEST_STEP][PASSED] - verifyTextPresent: Text '12621 Berlin' is present on page 

2018-03-13 10:52:51 - [MESSAGE][PASSED] - Text '12621 Berlin' is present on page 

2018-03-13 10:52:51 - [TEST_STEP][PASSED] - click: Object: 'Object Repository/TF17/Page_Filialsuche - BVR HTML Prototy (1)/span_Berliner Volksbank eG Fin_2' is clicked on

2018-03-13 10:52:51 - [MESSAGE][PASSED] - Object: 'Object Repository/TF17/Page_Filialsuche - BVR HTML Prototy (1)/span_Berliner Volksbank eG Fin_2' is clicked on

2018-03-13 10:52:51 - [TEST_STEP][PASSED] - delay: Delayed 2 second(s)

2018-03-13 10:52:53 - [MESSAGE][PASSED] - Delayed 2 second(s)

2018-03-13 10:52:53 - [TEST_STEP][PASSED] - verifyTextPresent: Text 'Frankfurter Allee 69' is present on page 

2018-03-13 10:52:56 - [MESSAGE][PASSED] - Text 'Frankfurter Allee 69' is present on page 

2018-03-13 10:52:56 - [TEST_STEP][PASSED] - verifyTextPresent: Text '10247 Berlin' is present on page 

2018-03-13 10:52:59 - [MESSAGE][PASSED] - Text '10247 Berlin' is present on page 

2018-03-13 10:52:59 - [TEST_STEP][PASSED] - click: Object: 'Object Repository/TF17/Page_Filialsuche - BVR HTML Prototy (1)/span_Berliner Volksbank eG Fin_3' is clicked on

2018-03-13 10:52:59 - [MESSAGE][PASSED] - Object: 'Object Repository/TF17/Page_Filialsuche - BVR HTML Prototy (1)/span_Berliner Volksbank eG Fin_3' is clicked on

2018-03-13 10:52:59 - [TEST_STEP][PASSED] - delay: Delayed 2 second(s)

2018-03-13 10:53:01 - [MESSAGE][PASSED] - Delayed 2 second(s)

2018-03-13 10:53:01 - [TEST_STEP][PASSED] - verifyTextPresent: Text 'Friedrichstr. 108-109' is present on page 

2018-03-13 10:53:04 - [MESSAGE][PASSED] - Text 'Friedrichstr. 108-109' is present on page 

2018-03-13 10:53:04 - [TEST_STEP][PASSED] - verifyTextPresent: Text '10117 Berlin' is present on page 

2018-03-13 10:53:06 - [MESSAGE][PASSED] - Text '10117 Berlin' is present on page 

2018-03-13 10:53:06 - [TEST_STEP][PASSED] - click: Object: 'Object Repository/TF17/Page_Filialsuche - BVR HTML Prototy (1)/a_3' is clicked on

2018-03-13 10:53:07 - [MESSAGE][PASSED] - Object: 'Object Repository/TF17/Page_Filialsuche - BVR HTML Prototy (1)/a_3' is clicked on

2018-03-13 10:53:07 - [TEST_STEP][PASSED] - click: Object: 'Object Repository/TF17/Page_Filialsuche - BVR HTML Prototy (1)/span_Berliner Volksbank eG Fil_1' is clicked on

2018-03-13 10:53:07 - [MESSAGE][PASSED] - Object: 'Object Repository/TF17/Page_Filialsuche - BVR HTML Prototy (1)/span_Berliner Volksbank eG Fil_1' is clicked on

2018-03-13 10:53:07 - [TEST_STEP][PASSED] - delay: Delayed 2 second(s)

2018-03-13 10:53:09 - [MESSAGE][PASSED] - Delayed 2 second(s)

2018-03-13 10:53:09 - [TEST_STEP][PASSED] - verifyTextPresent: Text 'Karl-Marx-Str. 71' is present on page 

2018-03-13 10:53:11 - [MESSAGE][PASSED] - Text 'Karl-Marx-Str. 71' is present on page 

2018-03-13 10:53:11 - [TEST_STEP][PASSED] - verifyTextPresent: Text '12043 Berlin' is present on page 

2018-03-13 10:53:14 - [MESSAGE][PASSED] - Text '12043 Berlin' is present on page 

2018-03-13 10:53:14 - [TEST_STEP][PASSED] - click: Object: 'Object Repository/TF17/Page_Filialsuche - BVR HTML Prototy (1)/span_Berliner Volksbank eG Fil_2' is clicked on

2018-03-13 10:53:14 - [MESSAGE][PASSED] - Object: 'Object Repository/TF17/Page_Filialsuche - BVR HTML Prototy (1)/span_Berliner Volksbank eG Fil_2' is clicked on

2018-03-13 10:53:14 - [TEST_STEP][PASSED] - click: Object: 'Object Repository/TF17/Page_Filialsuche - BVR HTML Prototy (1)/span_Berliner Volksbank eG Fin_4' is clicked on

2018-03-13 10:53:14 - [MESSAGE][PASSED] - Object: 'Object Repository/TF17/Page_Filialsuche - BVR HTML Prototy (1)/span_Berliner Volksbank eG Fin_4' is clicked on

2018-03-13 10:53:14 - [TEST_STEP][PASSED] - click: Object: 'Object Repository/TF17/Page_Filialsuche - BVR HTML Prototy (1)/span_Berliner Volksbank eG Fil_3' is clicked on

2018-03-13 10:53:14 - [MESSAGE][PASSED] - Object: 'Object Repository/TF17/Page_Filialsuche - BVR HTML Prototy (1)/span_Berliner Volksbank eG Fil_3' is clicked on

2018-03-13 10:53:14 - [TEST_STEP][PASSED] - delay: Delayed 2 second(s)

2018-03-13 10:53:16 - [MESSAGE][PASSED] - Delayed 2 second(s)

2018-03-13 10:53:16 - [TEST_STEP][PASSED] - verifyTextPresent: Text 'Kranoldplatz 2' is present on page 

2018-03-13 10:53:19 - [MESSAGE][PASSED] - Text 'Kranoldplatz 2' is present on page 

2018-03-13 10:53:19 - [TEST_STEP][PASSED] - verifyTextPresent: Text '12209 Berlin' is present on page 

2018-03-13 10:53:22 - [MESSAGE][PASSED] - Text '12209 Berlin' is present on page 

2018-03-13 10:53:22 - [TEST_STEP][PASSED] - click: Object: 'Object Repository/TF17/Page_Filialsuche - BVR HTML Prototy (1)/span_Berliner Volksbank eG Fil_4' is clicked on

2018-03-13 10:53:22 - [MESSAGE][PASSED] - Object: 'Object Repository/TF17/Page_Filialsuche - BVR HTML Prototy (1)/span_Berliner Volksbank eG Fil_4' is clicked on

2018-03-13 10:53:22 - [TEST_STEP][PASSED] - click: Object: 'Object Repository/TF17/Page_Filialsuche - BVR HTML Prototy (1)/span_Berliner Volksbank eG Fin_5' is clicked on

2018-03-13 10:53:22 - [MESSAGE][PASSED] - Object: 'Object Repository/TF17/Page_Filialsuche - BVR HTML Prototy (1)/span_Berliner Volksbank eG Fin_5' is clicked on

2018-03-13 10:53:22 - [TEST_STEP][PASSED] - delay: Delayed 2 second(s)

2018-03-13 10:53:24 - [MESSAGE][PASSED] - Delayed 2 second(s)

2018-03-13 10:53:24 - [TEST_STEP][PASSED] - verifyTextPresent: Text 'Kurfürstendamm 46' is present on page 

2018-03-13 10:53:27 - [MESSAGE][PASSED] - Text 'Kurfürstendamm 46' is present on page 

2018-03-13 10:53:27 - [TEST_STEP][PASSED] - verifyTextPresent: Text '10707 Berlin' is present on page 

2018-03-13 10:53:29 - [MESSAGE][PASSED] - Text '10707 Berlin' is present on page 

2018-03-13 10:53:29 - [TEST_STEP][PASSED] - click: Object: 'Object Repository/TF17/Page_Filialsuche - BVR HTML Prototy (1)/a_4' is clicked on

2018-03-13 10:53:30 - [MESSAGE][PASSED] - Object: 'Object Repository/TF17/Page_Filialsuche - BVR HTML Prototy (1)/a_4' is clicked on

2018-03-13 10:53:30 - [TEST_STEP][PASSED] - click: Object: 'Object Repository/TF17/Page_Filialsuche - BVR HTML Prototy (1)/span_Berliner Volksbank eG Fil_5' is clicked on

2018-03-13 10:53:30 - [MESSAGE][PASSED] - Object: 'Object Repository/TF17/Page_Filialsuche - BVR HTML Prototy (1)/span_Berliner Volksbank eG Fil_5' is clicked on

2018-03-13 10:53:30 - [TEST_STEP][PASSED] - delay: Delayed 2 second(s)

2018-03-13 10:53:32 - [MESSAGE][PASSED] - Delayed 2 second(s)

2018-03-13 10:53:32 - [TEST_STEP][PASSED] - verifyTextPresent: Text 'Ludolfingerplatz 7' is present on page 

2018-03-13 10:53:35 - [MESSAGE][PASSED] - Text 'Ludolfingerplatz 7' is present on page 

2018-03-13 10:53:35 - [TEST_STEP][PASSED] - verifyTextPresent: Text '13465 Berlin' is present on page 

2018-03-13 10:53:37 - [MESSAGE][PASSED] - Text '13465 Berlin' is present on page 

2018-03-13 10:53:37 - [TEST_STEP][PASSED] - click: Object: 'Object Repository/TF17/Page_Filialsuche - BVR HTML Prototy (1)/span_Berliner Volksbank eG Fin_6' is clicked on

2018-03-13 10:53:37 - [MESSAGE][PASSED] - Object: 'Object Repository/TF17/Page_Filialsuche - BVR HTML Prototy (1)/span_Berliner Volksbank eG Fin_6' is clicked on

2018-03-13 10:53:37 - [TEST_STEP][PASSED] - delay: Delayed 2 second(s)

2018-03-13 10:53:39 - [MESSAGE][PASSED] - Delayed 2 second(s)

2018-03-13 10:53:39 - [TEST_STEP][PASSED] - verifyTextPresent: Text 'Mariendorfer Damm 88-90' is present on page 

2018-03-13 10:53:42 - [MESSAGE][PASSED] - Text 'Mariendorfer Damm 88-90' is present on page 

2018-03-13 10:53:42 - [TEST_STEP][PASSED] - verifyTextPresent: Text '12109 Berlin' is present on page 

2018-03-13 10:53:45 - [MESSAGE][PASSED] - Text '12109 Berlin' is present on page 

2018-03-13 10:53:45 - [TEST_STEP][PASSED] - click: Object: 'Object Repository/TF17/Page_Filialsuche - BVR HTML Prototy (1)/span_Berliner Volksbank eG Fil_6' is clicked on

2018-03-13 10:53:45 - [MESSAGE][PASSED] - Object: 'Object Repository/TF17/Page_Filialsuche - BVR HTML Prototy (1)/span_Berliner Volksbank eG Fil_6' is clicked on

2018-03-13 10:53:45 - [TEST_STEP][PASSED] - click: Object: 'Object Repository/TF17/Page_Filialsuche - BVR HTML Prototy (1)/span_Berliner Volksbank eG Fin_7' is clicked on

2018-03-13 10:53:46 - [MESSAGE][PASSED] - Object: 'Object Repository/TF17/Page_Filialsuche - BVR HTML Prototy (1)/span_Berliner Volksbank eG Fin_7' is clicked on

2018-03-13 10:53:46 - [TEST_STEP][PASSED] - click: Object: 'Object Repository/TF17/Page_Filialsuche - BVR HTML Prototy (1)/span_Berliner Volksbank eG Fil_7' is clicked on

2018-03-13 10:53:46 - [MESSAGE][PASSED] - Object: 'Object Repository/TF17/Page_Filialsuche - BVR HTML Prototy (1)/span_Berliner Volksbank eG Fil_7' is clicked on

2018-03-13 10:53:46 - [TEST_STEP][PASSED] - click: Object: 'Object Repository/TF17/Page_Filialsuche - BVR HTML Prototy (1)/span_Berliner Volksbank eG Fil_8' is clicked on

2018-03-13 10:53:46 - [MESSAGE][PASSED] - Object: 'Object Repository/TF17/Page_Filialsuche - BVR HTML Prototy (1)/span_Berliner Volksbank eG Fil_8' is clicked on

2018-03-13 10:53:46 - [TEST_STEP][PASSED] - click: Object: 'Object Repository/TF17/Page_Filialsuche - BVR HTML Prototy (1)/a_5' is clicked on

2018-03-13 10:53:46 - [MESSAGE][PASSED] - Object: 'Object Repository/TF17/Page_Filialsuche - BVR HTML Prototy (1)/a_5' is clicked on

2018-03-13 10:53:46 - [TEST_STEP][PASSED] - click: Object: 'Object Repository/TF17/Page_Filialsuche - BVR HTML Prototy (1)/span_Berliner Volksbank eG Fil_9' is clicked on

2018-03-13 10:53:47 - [MESSAGE][PASSED] - Object: 'Object Repository/TF17/Page_Filialsuche - BVR HTML Prototy (1)/span_Berliner Volksbank eG Fil_9' is clicked on

2018-03-13 10:53:47 - [TEST_STEP][PASSED] - click: Object: 'Object Repository/TF17/Page_Filialsuche - BVR HTML Prototy (1)/span_Berliner Volksbank eG Fil_10' is clicked on

2018-03-13 10:53:47 - [MESSAGE][PASSED] - Object: 'Object Repository/TF17/Page_Filialsuche - BVR HTML Prototy (1)/span_Berliner Volksbank eG Fil_10' is clicked on

2018-03-13 10:53:47 - [TEST_STEP][PASSED] - click: Object: 'Object Repository/TF17/Page_Filialsuche - BVR HTML Prototy (1)/span_Berliner Volksbank eG Fil_11' is clicked on

2018-03-13 10:53:47 - [MESSAGE][PASSED] - Object: 'Object Repository/TF17/Page_Filialsuche - BVR HTML Prototy (1)/span_Berliner Volksbank eG Fil_11' is clicked on

2018-03-13 10:53:47 - [TEST_STEP][PASSED] - click: Object: 'Object Repository/TF17/Page_Filialsuche - BVR HTML Prototy (1)/span_Berliner Volksbank eG Fil_12' is clicked on

2018-03-13 10:53:47 - [MESSAGE][PASSED] - Object: 'Object Repository/TF17/Page_Filialsuche - BVR HTML Prototy (1)/span_Berliner Volksbank eG Fil_12' is clicked on

2018-03-13 10:53:47 - [TEST_STEP][PASSED] - click: Object: 'Object Repository/TF17/Page_Filialsuche - BVR HTML Prototy (1)/span_Berliner Volksbank eG Fil_13' is clicked on

2018-03-13 10:53:48 - [MESSAGE][PASSED] - Object: 'Object Repository/TF17/Page_Filialsuche - BVR HTML Prototy (1)/span_Berliner Volksbank eG Fil_13' is clicked on

2018-03-13 10:53:48 - [TEST_STEP][PASSED] - delay: Delayed 2 second(s)

2018-03-13 10:53:50 - [MESSAGE][PASSED] - Delayed 2 second(s)

2018-03-13 10:53:50 - [TEST_STEP][PASSED] - verifyTextPresent: Text 'Scharnweberstr. 14' is present on page 

2018-03-13 10:53:52 - [MESSAGE][PASSED] - Text 'Scharnweberstr. 14' is present on page 

2018-03-13 10:53:52 - [TEST_STEP][PASSED] - verifyTextPresent: Text '13405 Berlin' is present on page 

2018-03-13 10:53:55 - [MESSAGE][PASSED] - Text '13405 Berlin' is present on page 

2018-03-13 10:53:55 - [TEST_STEP][PASSED] - click: Object: 'Object Repository/TF17/Page_Filialsuche - BVR HTML Prototy (1)/span_Berliner Volksbank eG Fin_8' is clicked on

2018-03-13 10:53:55 - [MESSAGE][PASSED] - Object: 'Object Repository/TF17/Page_Filialsuche - BVR HTML Prototy (1)/span_Berliner Volksbank eG Fin_8' is clicked on

2018-03-13 10:53:55 - [TEST_STEP][PASSED] - delay: Delayed 2 second(s)

2018-03-13 10:53:57 - [MESSAGE][PASSED] - Delayed 2 second(s)

2018-03-13 10:53:57 - [TEST_STEP][PASSED] - verifyTextPresent: Text 'Schloßstr. 46' is present on page 

2018-03-13 10:54:00 - [MESSAGE][PASSED] - Text 'Schloßstr. 46' is present on page 

2018-03-13 10:54:00 - [TEST_STEP][PASSED] - verifyTextPresent: Text '12165 Berlin' is present on page 

2018-03-13 10:54:02 - [MESSAGE][PASSED] - Text '12165 Berlin' is present on page 

2018-03-13 10:54:02 - [TEST_STEP][PASSED] - click: Object: 'Object Repository/TF17/Page_Filialsuche - BVR HTML Prototy (1)/a_6' is clicked on

2018-03-13 10:54:02 - [MESSAGE][PASSED] - Object: 'Object Repository/TF17/Page_Filialsuche - BVR HTML Prototy (1)/a_6' is clicked on

2018-03-13 10:54:02 - [TEST_STEP][PASSED] - click: Object: 'Object Repository/TF17/Page_Filialsuche - BVR HTML Prototy (1)/span_Berliner Volksbank eG Fil_14' is clicked on

2018-03-13 10:54:03 - [MESSAGE][PASSED] - Object: 'Object Repository/TF17/Page_Filialsuche - BVR HTML Prototy (1)/span_Berliner Volksbank eG Fil_14' is clicked on

2018-03-13 10:54:03 - [TEST_STEP][PASSED] - click: Object: 'Object Repository/TF17/Page_Filialsuche - BVR HTML Prototy (1)/span_Berliner Volksbank eG Fin_9' is clicked on

2018-03-13 10:54:03 - [MESSAGE][PASSED] - Object: 'Object Repository/TF17/Page_Filialsuche - BVR HTML Prototy (1)/span_Berliner Volksbank eG Fin_9' is clicked on

2018-03-13 10:54:03 - [TEST_STEP][PASSED] - click: Object: 'Object Repository/TF17/Page_Filialsuche - BVR HTML Prototy (1)/span_Berliner Volksbank eG Fil_15' is clicked on

2018-03-13 10:54:03 - [MESSAGE][PASSED] - Object: 'Object Repository/TF17/Page_Filialsuche - BVR HTML Prototy (1)/span_Berliner Volksbank eG Fil_15' is clicked on

2018-03-13 10:54:03 - [TEST_STEP][PASSED] - delay: Delayed 2 second(s)

2018-03-13 10:54:05 - [MESSAGE][PASSED] - Delayed 2 second(s)

2018-03-13 10:54:05 - [TEST_STEP][PASSED] - verifyTextPresent: Text 'Tempelhofer Damm 159' is present on page 

2018-03-13 10:54:08 - [MESSAGE][PASSED] - Text 'Tempelhofer Damm 159' is present on page 

2018-03-13 10:54:08 - [TEST_STEP][PASSED] - verifyTextPresent: Text '12099 Berlin' is present on page 

2018-03-13 10:54:10 - [MESSAGE][PASSED] - Text '12099 Berlin' is present on page 

2018-03-13 10:54:10 - [TEST_STEP][PASSED] - click: Object: 'Object Repository/TF17/Page_Filialsuche - BVR HTML Prototy (1)/span_Berliner Volksbank eG Fin_10' is clicked on

2018-03-13 10:54:10 - [MESSAGE][PASSED] - Object: 'Object Repository/TF17/Page_Filialsuche - BVR HTML Prototy (1)/span_Berliner Volksbank eG Fin_10' is clicked on

2018-03-13 10:54:10 - [TEST_STEP][PASSED] - delay: Delayed 2 second(s)

2018-03-13 10:54:12 - [MESSAGE][PASSED] - Delayed 2 second(s)

2018-03-13 10:54:12 - [TEST_STEP][PASSED] - verifyTextPresent: Text 'Wilmersdorfer Straße 65/66' is present on page 

2018-03-13 10:54:15 - [MESSAGE][PASSED] - Text 'Wilmersdorfer Straße 65/66' is present on page 

2018-03-13 10:54:15 - [TEST_STEP][PASSED] - verifyTextPresent: Text '10627 Berlin' is present on page 

2018-03-13 10:54:18 - [MESSAGE][PASSED] - Text '10627 Berlin' is present on page 

2018-03-13 10:54:18 - [TEST_STEP][PASSED] - click: Object: 'Object Repository/TF17/Page_Filialsuche - BVR HTML Prototy (1)/span_Berliner Volksbank eG' is clicked on

2018-03-13 10:54:19 - [MESSAGE][PASSED] - Object: 'Object Repository/TF17/Page_Filialsuche - BVR HTML Prototy (1)/span_Berliner Volksbank eG' is clicked on

2018-03-13 10:54:19 - [TEST_STEP][PASSED] - click: Object: 'Object Repository/TF17/Page_Filialsuche - BVR HTML Prototy (1)/span_Berliner Volksbank eG Fin_11' is clicked on

2018-03-13 10:54:19 - [MESSAGE][PASSED] - Object: 'Object Repository/TF17/Page_Filialsuche - BVR HTML Prototy (1)/span_Berliner Volksbank eG Fin_11' is clicked on

2018-03-13 10:54:19 - [TEST_STEP][PASSED] - click: Object: 'Object Repository/TF17/Page_Filialsuche - BVR HTML Prototy (1)/a_7' is clicked on

2018-03-13 10:54:19 - [MESSAGE][PASSED] - Object: 'Object Repository/TF17/Page_Filialsuche - BVR HTML Prototy (1)/a_7' is clicked on

2018-03-13 10:54:19 - [TEST_STEP][PASSED] - click: Object: 'Object Repository/TF17/Page_Filialsuche - BVR HTML Prototy (1)/span_Berliner Volksbank eG Fil_16' is clicked on

2018-03-13 10:54:19 - [MESSAGE][PASSED] - Object: 'Object Repository/TF17/Page_Filialsuche - BVR HTML Prototy (1)/span_Berliner Volksbank eG Fil_16' is clicked on

2018-03-13 10:54:19 - [TEST_STEP][PASSED] - delay: Delayed 2 second(s)

2018-03-13 10:54:21 - [MESSAGE][PASSED] - Delayed 2 second(s)

2018-03-13 10:54:21 - [TEST_STEP][PASSED] - verifyTextPresent: Text 'Wormser Str. 6' is present on page 

2018-03-13 10:54:24 - [MESSAGE][PASSED] - Text 'Wormser Str. 6' is present on page 

2018-03-13 10:54:24 - [TEST_STEP][PASSED] - verifyTextPresent: Text '10789 Berlin' is present on page 

2018-03-13 10:54:27 - [MESSAGE][PASSED] - Text '10789 Berlin' is present on page 

2018-03-13 10:54:27 - [TEST_STEP][PASSED] - closeBrowser: Browser is closed

2018-03-13 10:54:27 - [MESSAGE][PASSED] - Browser is closed]]></system-out>
         <system-err><![CDATA[]]></system-err>
      </testcase>
      <testcase name="Test Cases/Prototyp_Filialsuche (RC 18)/18_Testfall" classname="Test Cases/Prototyp_Filialsuche (RC 18)/18_Testfall" status="PASSED">
         <system-out><![CDATA[2018-03-13 10:54:27 - [TEST_CASE][PASSED] - Test Cases/Prototyp_Filialsuche (RC 18)/18_Testfall: Test Cases/Prototyp_Filialsuche (RC 18)/18_Testfall

2018-03-13 10:54:27 - [TEST_STEP][PASSED] - openBrowser: Browser is opened with url: ''

2018-03-13 10:54:33 - [MESSAGE][PASSED] - Browser is opened with url: ''

2018-03-13 10:54:33 - [TEST_STEP][PASSED] - deleteAllCookies: Delete all cookies successfully

2018-03-13 10:54:33 - [MESSAGE][PASSED] - Delete all cookies successfully

2018-03-13 10:54:33 - [TEST_STEP][PASSED] - maximizeWindow: Current window maximized

2018-03-13 10:54:33 - [MESSAGE][PASSED] - Current window maximized

2018-03-13 10:54:33 - [TEST_STEP][PASSED] - navigateToUrl: Navigate to 'http://rc-ogrhtmlprototyp.testintern/18-1-0/filialsuche-rotenburg.html' successfully

2018-03-13 10:54:36 - [MESSAGE][PASSED] - Navigate to 'http://rc-ogrhtmlprototyp.testintern/18-1-0/filialsuche-rotenburg.html' successfully

2018-03-13 10:54:36 - [TEST_STEP][PASSED] - waitForPageLoad: Wait for page load successfully

2018-03-13 10:54:36 - [MESSAGE][WARNING] - Timeout '0' is invalid. Using default page load timeout: '30'

2018-03-13 10:54:36 - [MESSAGE][PASSED] - Wait for page load successfully

2018-03-13 10:54:36 - [TEST_STEP][PASSED] - delay: Delayed 4 second(s)

2018-03-13 10:54:40 - [MESSAGE][PASSED] - Delayed 4 second(s)

2018-03-13 10:54:40 - [TEST_STEP][PASSED] - click: Object: 'Object Repository/03/Page_Filialsuche-rotenburg - BVR HT/svg_dropdown-icons' is clicked on

2018-03-13 10:54:40 - [MESSAGE][PASSED] - Object: 'Object Repository/03/Page_Filialsuche-rotenburg - BVR HT/svg_dropdown-icons' is clicked on

2018-03-13 10:54:40 - [TEST_STEP][PASSED] - delay: Delayed 2 second(s)

2018-03-13 10:54:42 - [MESSAGE][PASSED] - Delayed 2 second(s)

2018-03-13 10:54:42 - [TEST_STEP][PASSED] - mouseOver: Object: 'Object Repository/002/Page_Filialsuche-rotenburg - BVR HT/div_Bad Hersfeld' is hovered

2018-03-13 10:54:42 - [MESSAGE][PASSED] - Object: 'Object Repository/002/Page_Filialsuche-rotenburg - BVR HT/div_Bad Hersfeld' is hovered

2018-03-13 10:54:42 - [TEST_STEP][PASSED] - delay: Delayed 2 second(s)

2018-03-13 10:54:44 - [MESSAGE][PASSED] - Delayed 2 second(s)

2018-03-13 10:54:44 - [TEST_STEP][PASSED] - click: Object: 'Object Repository/03/Page_Filialsuche-rotenburg - BVR HT/div_Bad Hersfeld' is clicked on

2018-03-13 10:54:44 - [MESSAGE][PASSED] - Object: 'Object Repository/03/Page_Filialsuche-rotenburg - BVR HT/div_Bad Hersfeld' is clicked on

2018-03-13 10:54:44 - [TEST_STEP][PASSED] - delay: Delayed 2 second(s)

2018-03-13 10:54:46 - [MESSAGE][PASSED] - Delayed 2 second(s)

2018-03-13 10:54:46 - [TEST_STEP][PASSED] - click: Object: 'Object Repository/03/Page_Filialsuche-rotenburg - BVR HT/div_acc-wrapper' is clicked on

2018-03-13 10:54:47 - [MESSAGE][PASSED] - Object: 'Object Repository/03/Page_Filialsuche-rotenburg - BVR HT/div_acc-wrapper' is clicked on

2018-03-13 10:54:47 - [TEST_STEP][PASSED] - delay: Delayed 2 second(s)

2018-03-13 10:54:49 - [MESSAGE][PASSED] - Delayed 2 second(s)

2018-03-13 10:54:49 - [TEST_STEP][PASSED] - click: Object: 'Object Repository/03/Page_Filialsuche-rotenburg - BVR HT/a_Anfahrt' is clicked on

2018-03-13 10:54:49 - [MESSAGE][PASSED] - Object: 'Object Repository/03/Page_Filialsuche-rotenburg - BVR HT/a_Anfahrt' is clicked on

2018-03-13 10:54:49 - [TEST_STEP][PASSED] - setText: Text '10555' is set on object 'Object Repository/03/Page_Filialsuche-rotenburg - BVR HT/input_street'

2018-03-13 10:54:49 - [MESSAGE][PASSED] - Text '10555' is set on object 'Object Repository/03/Page_Filialsuche-rotenburg - BVR HT/input_street'

2018-03-13 10:54:49 - [TEST_STEP][PASSED] - setText: Text '10555' is set on object 'Object Repository/03/Page_Filialsuche-rotenburg - BVR HT/input_city'

2018-03-13 10:54:49 - [MESSAGE][PASSED] - Text '10555' is set on object 'Object Repository/03/Page_Filialsuche-rotenburg - BVR HT/input_city'

2018-03-13 10:54:49 - [TEST_STEP][PASSED] - setText: Text 'agricolastr' is set on object 'Object Repository/03/Page_Filialsuche-rotenburg - BVR HT/input_street'

2018-03-13 10:54:49 - [MESSAGE][PASSED] - Text 'agricolastr' is set on object 'Object Repository/03/Page_Filialsuche-rotenburg - BVR HT/input_street'

2018-03-13 10:54:49 - [TEST_STEP][PASSED] - click: Object: 'Object Repository/03/Page_Filialsuche-rotenburg - BVR HT/a_Zurck' is clicked on

2018-03-13 10:54:49 - [MESSAGE][PASSED] - Object: 'Object Repository/03/Page_Filialsuche-rotenburg - BVR HT/a_Zurck' is clicked on

2018-03-13 10:54:49 - [TEST_STEP][PASSED] - click: Object: 'Object Repository/03/Page_Filialsuche-rotenburg - BVR HT/div_aps-map__custom-marker' is clicked on

2018-03-13 10:54:49 - [MESSAGE][PASSED] - Object: 'Object Repository/03/Page_Filialsuche-rotenburg - BVR HT/div_aps-map__custom-marker' is clicked on

2018-03-13 10:54:49 - [TEST_STEP][PASSED] - click: Object: 'Object Repository/03/Page_Filialsuche-rotenburg - BVR HT/a_Anfahrt_1' is clicked on

2018-03-13 10:54:49 - [MESSAGE][PASSED] - Object: 'Object Repository/03/Page_Filialsuche-rotenburg - BVR HT/a_Anfahrt_1' is clicked on

2018-03-13 10:54:49 - [TEST_STEP][PASSED] - click: Object: 'Object Repository/03/Page_Filialsuche-rotenburg - BVR HT/a_Zurck' is clicked on

2018-03-13 10:54:50 - [MESSAGE][PASSED] - Object: 'Object Repository/03/Page_Filialsuche-rotenburg - BVR HT/a_Zurck' is clicked on

2018-03-13 10:54:50 - [TEST_STEP][PASSED] - delay: Delayed 2 second(s)

2018-03-13 10:54:52 - [MESSAGE][PASSED] - Delayed 2 second(s)

2018-03-13 10:54:52 - [TEST_STEP][PASSED] - click: Object: 'Object Repository/03/Page_Filialsuche-rotenburg - BVR HT/svg_dropdown-icons' is clicked on

2018-03-13 10:54:52 - [MESSAGE][PASSED] - Object: 'Object Repository/03/Page_Filialsuche-rotenburg - BVR HT/svg_dropdown-icons' is clicked on

2018-03-13 10:54:52 - [TEST_STEP][PASSED] - mouseOver: Object: 'Object Repository/03/Page_Filialsuche-rotenburg - BVR HT/div_Kirchheim' is hovered

2018-03-13 10:54:52 - [MESSAGE][PASSED] - Object: 'Object Repository/03/Page_Filialsuche-rotenburg - BVR HT/div_Kirchheim' is hovered

2018-03-13 10:54:52 - [TEST_STEP][PASSED] - click: Object: 'Object Repository/03/Page_Filialsuche-rotenburg - BVR HT/div_Kirchheim' is clicked on

2018-03-13 10:54:52 - [MESSAGE][PASSED] - Object: 'Object Repository/03/Page_Filialsuche-rotenburg - BVR HT/div_Kirchheim' is clicked on

2018-03-13 10:54:52 - [TEST_STEP][PASSED] - delay: Delayed 2 second(s)

2018-03-13 10:54:54 - [MESSAGE][PASSED] - Delayed 2 second(s)

2018-03-13 10:54:54 - [TEST_STEP][PASSED] - verifyTextPresent: Text 'Hauptstr. 11' is present on page 

2018-03-13 10:54:55 - [MESSAGE][PASSED] - Text 'Hauptstr. 11' is present on page 

2018-03-13 10:54:55 - [TEST_STEP][PASSED] - closeBrowser: Browser is closed

2018-03-13 10:54:56 - [MESSAGE][PASSED] - Browser is closed]]></system-out>
         <system-err><![CDATA[]]></system-err>
      </testcase>
      <testcase name="Test Cases/Prototyp_Filialsuche (RC 18)/19_Testfall" classname="Test Cases/Prototyp_Filialsuche (RC 18)/19_Testfall" status="PASSED">
         <system-out><![CDATA[2018-03-13 10:54:56 - [TEST_CASE][PASSED] - Test Cases/Prototyp_Filialsuche (RC 18)/19_Testfall: Test Cases/Prototyp_Filialsuche (RC 18)/19_Testfall

2018-03-13 10:54:56 - [TEST_STEP][PASSED] - openBrowser: Browser is opened with url: ''

2018-03-13 10:55:00 - [MESSAGE][PASSED] - Browser is opened with url: ''

2018-03-13 10:55:00 - [TEST_STEP][PASSED] - maximizeWindow: Current window maximized

2018-03-13 10:55:00 - [MESSAGE][PASSED] - Current window maximized

2018-03-13 10:55:00 - [TEST_STEP][PASSED] - navigateToUrl: Navigate to 'http://rc-ogrhtmlprototyp.testintern/18-1-0/filialsuche.html' successfully

2018-03-13 10:55:04 - [MESSAGE][PASSED] - Navigate to 'http://rc-ogrhtmlprototyp.testintern/18-1-0/filialsuche.html' successfully

2018-03-13 10:55:04 - [TEST_STEP][PASSED] - delay: Delayed 2 second(s)

2018-03-13 10:55:06 - [MESSAGE][PASSED] - Delayed 2 second(s)

2018-03-13 10:55:06 - [TEST_STEP][PASSED] - click: Object: 'Object Repository/44_TF/Page_Filialsuche - BVR HTML Prototy/a_Weiter' is clicked on

2018-03-13 10:55:06 - [MESSAGE][PASSED] - Object: 'Object Repository/44_TF/Page_Filialsuche - BVR HTML Prototy/a_Weiter' is clicked on

2018-03-13 10:55:06 - [TEST_STEP][PASSED] - click: Object: 'Object Repository/44_TF/Page_Filialsuche - BVR HTML Prototy/a_Weiter' is clicked on

2018-03-13 10:55:06 - [MESSAGE][PASSED] - Object: 'Object Repository/44_TF/Page_Filialsuche - BVR HTML Prototy/a_Weiter' is clicked on

2018-03-13 10:55:06 - [TEST_STEP][PASSED] - click: Object: 'Object Repository/44_TF/Page_Filialsuche - BVR HTML Prototy/a_4' is clicked on

2018-03-13 10:55:06 - [MESSAGE][PASSED] - Object: 'Object Repository/44_TF/Page_Filialsuche - BVR HTML Prototy/a_4' is clicked on

2018-03-13 10:55:06 - [TEST_STEP][PASSED] - click: Object: 'Object Repository/44_TF/Page_Filialsuche - BVR HTML Prototy/a_Weiter' is clicked on

2018-03-13 10:55:07 - [MESSAGE][PASSED] - Object: 'Object Repository/44_TF/Page_Filialsuche - BVR HTML Prototy/a_Weiter' is clicked on

2018-03-13 10:55:07 - [TEST_STEP][PASSED] - click: Object: 'Object Repository/44_TF/Page_Filialsuche - BVR HTML Prototy/a_Weiter' is clicked on

2018-03-13 10:55:07 - [MESSAGE][PASSED] - Object: 'Object Repository/44_TF/Page_Filialsuche - BVR HTML Prototy/a_Weiter' is clicked on

2018-03-13 10:55:07 - [TEST_STEP][PASSED] - click: Object: 'Object Repository/44_TF/Page_Filialsuche - BVR HTML Prototy/a_Weiter' is clicked on

2018-03-13 10:55:07 - [MESSAGE][PASSED] - Object: 'Object Repository/44_TF/Page_Filialsuche - BVR HTML Prototy/a_Weiter' is clicked on

2018-03-13 10:55:07 - [TEST_STEP][PASSED] - click: Object: 'Object Repository/44_TF/Page_Filialsuche - BVR HTML Prototy/a_Weiter' is clicked on

2018-03-13 10:55:07 - [MESSAGE][PASSED] - Object: 'Object Repository/44_TF/Page_Filialsuche - BVR HTML Prototy/a_Weiter' is clicked on

2018-03-13 10:55:07 - [TEST_STEP][PASSED] - click: Object: 'Object Repository/44_TF/Page_Filialsuche - BVR HTML Prototy/a_Weiter' is clicked on

2018-03-13 10:55:08 - [MESSAGE][PASSED] - Object: 'Object Repository/44_TF/Page_Filialsuche - BVR HTML Prototy/a_Weiter' is clicked on

2018-03-13 10:55:08 - [TEST_STEP][PASSED] - click: Object: 'Object Repository/44_TF/Page_Filialsuche - BVR HTML Prototy/a_Zum Anfang' is clicked on

2018-03-13 10:55:08 - [MESSAGE][PASSED] - Object: 'Object Repository/44_TF/Page_Filialsuche - BVR HTML Prototy/a_Zum Anfang' is clicked on

2018-03-13 10:55:08 - [TEST_STEP][PASSED] - click: Object: 'Object Repository/44_TF/Page_Filialsuche - BVR HTML Prototy/a_7' is clicked on

2018-03-13 10:55:08 - [MESSAGE][PASSED] - Object: 'Object Repository/44_TF/Page_Filialsuche - BVR HTML Prototy/a_7' is clicked on

2018-03-13 10:55:08 - [TEST_STEP][PASSED] - click: Object: 'Object Repository/44_TF/Page_Filialsuche - BVR HTML Prototy/a_Zurck' is clicked on

2018-03-13 10:55:08 - [MESSAGE][PASSED] - Object: 'Object Repository/44_TF/Page_Filialsuche - BVR HTML Prototy/a_Zurck' is clicked on

2018-03-13 10:55:08 - [TEST_STEP][PASSED] - click: Object: 'Object Repository/44_TF/Page_Filialsuche - BVR HTML Prototy/a_Zurck' is clicked on

2018-03-13 10:55:09 - [MESSAGE][PASSED] - Object: 'Object Repository/44_TF/Page_Filialsuche - BVR HTML Prototy/a_Zurck' is clicked on

2018-03-13 10:55:09 - [TEST_STEP][PASSED] - click: Object: 'Object Repository/44_TF/Page_Filialsuche - BVR HTML Prototy/a_Zurck' is clicked on

2018-03-13 10:55:09 - [MESSAGE][PASSED] - Object: 'Object Repository/44_TF/Page_Filialsuche - BVR HTML Prototy/a_Zurck' is clicked on

2018-03-13 10:55:09 - [TEST_STEP][PASSED] - click: Object: 'Object Repository/44_TF/Page_Filialsuche - BVR HTML Prototy/a_Zurck' is clicked on

2018-03-13 10:55:09 - [MESSAGE][PASSED] - Object: 'Object Repository/44_TF/Page_Filialsuche - BVR HTML Prototy/a_Zurck' is clicked on

2018-03-13 10:55:09 - [TEST_STEP][PASSED] - click: Object: 'Object Repository/44_TF/Page_Filialsuche - BVR HTML Prototy/a_Zurck' is clicked on

2018-03-13 10:55:09 - [MESSAGE][PASSED] - Object: 'Object Repository/44_TF/Page_Filialsuche - BVR HTML Prototy/a_Zurck' is clicked on

2018-03-13 10:55:09 - [TEST_STEP][PASSED] - click: Object: 'Object Repository/44_TF/Page_Filialsuche - BVR HTML Prototy/a_Zum Ende' is clicked on

2018-03-13 10:55:09 - [MESSAGE][PASSED] - Object: 'Object Repository/44_TF/Page_Filialsuche - BVR HTML Prototy/a_Zum Ende' is clicked on

2018-03-13 10:55:09 - [TEST_STEP][PASSED] - closeBrowser: Browser is closed

2018-03-13 10:55:10 - [MESSAGE][PASSED] - Browser is closed]]></system-out>
         <system-err><![CDATA[]]></system-err>
      </testcase>
      <testcase name="Test Cases/Prototyp_Filialsuche (RC 18)/20_Testfall" classname="Test Cases/Prototyp_Filialsuche (RC 18)/20_Testfall" status="PASSED">
         <system-out><![CDATA[2018-03-13 10:55:10 - [TEST_CASE][PASSED] - Test Cases/Prototyp_Filialsuche (RC 18)/20_Testfall: Test Cases/Prototyp_Filialsuche (RC 18)/20_Testfall

2018-03-13 10:55:10 - [TEST_STEP][PASSED] - openBrowser: Browser is opened with url: ''

2018-03-13 10:55:14 - [MESSAGE][PASSED] - Browser is opened with url: ''

2018-03-13 10:55:14 - [TEST_STEP][PASSED] - maximizeWindow: Current window maximized

2018-03-13 10:55:14 - [MESSAGE][PASSED] - Current window maximized

2018-03-13 10:55:14 - [TEST_STEP][PASSED] - deleteAllCookies: Delete all cookies successfully

2018-03-13 10:55:14 - [MESSAGE][PASSED] - Delete all cookies successfully

2018-03-13 10:55:14 - [TEST_STEP][PASSED] - navigateToUrl: Navigate to 'http://rc-ogrhtmlprototyp.testintern/18-1-0/filialsuche-wangen-textinput.html' successfully

2018-03-13 10:55:16 - [MESSAGE][PASSED] - Navigate to 'http://rc-ogrhtmlprototyp.testintern/18-1-0/filialsuche-wangen-textinput.html' successfully

2018-03-13 10:55:16 - [TEST_STEP][PASSED] - delay: Delayed 5 second(s)

2018-03-13 10:55:21 - [MESSAGE][PASSED] - Delayed 5 second(s)

2018-03-13 10:55:21 - [TEST_STEP][PASSED] - setText: Text 'Rechberghausen' is set on object 'Object Repository/Filialsuche_Inputtext'

2018-03-13 10:55:21 - [MESSAGE][PASSED] - Text 'Rechberghausen' is set on object 'Object Repository/Filialsuche_Inputtext'

2018-03-13 10:55:21 - [TEST_STEP][PASSED] - delay: Delayed 2 second(s)

2018-03-13 10:55:23 - [MESSAGE][PASSED] - Delayed 2 second(s)

2018-03-13 10:55:23 - [TEST_STEP][PASSED] - submit: The form containing object: 'Object Repository/Filialsuche_submit_button' is submitted

2018-03-13 10:55:23 - [MESSAGE][PASSED] - The form containing object: 'Object Repository/Filialsuche_submit_button' is submitted

2018-03-13 10:55:23 - [TEST_STEP][PASSED] - delay: Delayed 2 second(s)

2018-03-13 10:55:25 - [MESSAGE][PASSED] - Delayed 2 second(s)

2018-03-13 10:55:25 - [TEST_STEP][PASSED] - verifyElementVisible: Object 'Object Repository/Entfernung_filialsuche' is visible

2018-03-13 10:55:25 - [MESSAGE][PASSED] - Object 'Object Repository/Entfernung_filialsuche' is visible

2018-03-13 10:55:25 - [TEST_STEP][PASSED] - closeBrowser: Browser is closed

2018-03-13 10:55:25 - [MESSAGE][PASSED] - Browser is closed]]></system-out>
         <system-err><![CDATA[]]></system-err>
      </testcase>
      <testcase name="Test Cases/Prototyp_Filialsuche (RC 18)/21_Testfall" classname="Test Cases/Prototyp_Filialsuche (RC 18)/21_Testfall" status="PASSED">
         <system-out><![CDATA[2018-03-13 10:55:25 - [TEST_CASE][PASSED] - Test Cases/Prototyp_Filialsuche (RC 18)/21_Testfall: Test Cases/Prototyp_Filialsuche (RC 18)/21_Testfall

2018-03-13 10:55:25 - [TEST_STEP][PASSED] - openBrowser: Browser is opened with url: ''

2018-03-13 10:55:30 - [MESSAGE][PASSED] - Browser is opened with url: ''

2018-03-13 10:55:30 - [TEST_STEP][PASSED] - maximizeWindow: Current window maximized

2018-03-13 10:55:30 - [MESSAGE][PASSED] - Current window maximized

2018-03-13 10:55:30 - [TEST_STEP][PASSED] - deleteAllCookies: Delete all cookies successfully

2018-03-13 10:55:30 - [MESSAGE][PASSED] - Delete all cookies successfully

2018-03-13 10:55:30 - [TEST_STEP][PASSED] - navigateToUrl: Navigate to 'http://rc-ogrhtmlprototyp.testintern/18-1-0/filialsuche.html' successfully

2018-03-13 10:55:32 - [MESSAGE][PASSED] - Navigate to 'http://rc-ogrhtmlprototyp.testintern/18-1-0/filialsuche.html' successfully

2018-03-13 10:55:32 - [TEST_STEP][PASSED] - waitForPageLoad: Wait for page load successfully

2018-03-13 10:55:32 - [MESSAGE][WARNING] - Timeout '0' is invalid. Using default page load timeout: '30'

2018-03-13 10:55:32 - [MESSAGE][PASSED] - Wait for page load successfully

2018-03-13 10:55:32 - [TEST_STEP][PASSED] - delay: Delayed 2 second(s)

2018-03-13 10:55:34 - [MESSAGE][PASSED] - Delayed 2 second(s)

2018-03-13 10:55:34 - [TEST_STEP][PASSED] - click: Object: 'Object Repository/03/Page_Filialsuche-rotenburg - BVR HT/svg_dropdown-icons' is clicked on

2018-03-13 10:55:34 - [MESSAGE][PASSED] - Object: 'Object Repository/03/Page_Filialsuche-rotenburg - BVR HT/svg_dropdown-icons' is clicked on

2018-03-13 10:55:34 - [TEST_STEP][PASSED] - delay: Delayed 2 second(s)

2018-03-13 10:55:36 - [MESSAGE][PASSED] - Delayed 2 second(s)

2018-03-13 10:55:36 - [TEST_STEP][PASSED] - mouseOver: Object: 'Object Repository/002/Page_Filialsuche - BVR HTML Prototy/div_Berlin' is hovered

2018-03-13 10:55:36 - [MESSAGE][PASSED] - Object: 'Object Repository/002/Page_Filialsuche - BVR HTML Prototy/div_Berlin' is hovered

2018-03-13 10:55:36 - [TEST_STEP][PASSED] - delay: Delayed 2 second(s)

2018-03-13 10:55:38 - [MESSAGE][PASSED] - Delayed 2 second(s)

2018-03-13 10:55:38 - [TEST_STEP][PASSED] - click: Object: 'Object Repository/002/Page_Filialsuche - BVR HTML Prototy/div_Berlin' is clicked on

2018-03-13 10:55:39 - [MESSAGE][PASSED] - Object: 'Object Repository/002/Page_Filialsuche - BVR HTML Prototy/div_Berlin' is clicked on

2018-03-13 10:55:39 - [TEST_STEP][PASSED] - delay: Delayed 5 second(s)

2018-03-13 10:55:44 - [MESSAGE][PASSED] - Delayed 5 second(s)

2018-03-13 10:55:44 - [TEST_STEP][PASSED] - verifyElementNotPresent: Web element with id: 'Object Repository/Akkordeon_plus_filialsuche' located by 'By.xpath: //a[@class='acc-header acc-header--open']' is not present after '5' second(s)

2018-03-13 10:55:44 - [MESSAGE][PASSED] - Web element with id: 'Object Repository/Akkordeon_plus_filialsuche' located by 'By.xpath: //a[@class='acc-header acc-header--open']' is not present after '5' second(s)

2018-03-13 10:55:44 - [TEST_STEP][PASSED] - closeBrowser: Browser is closed

2018-03-13 10:55:44 - [MESSAGE][PASSED] - Browser is closed]]></system-out>
         <system-err><![CDATA[]]></system-err>
      </testcase>
      <testcase name="Test Cases/Prototyp_Filialsuche (RC 18)/22_Testfall" classname="Test Cases/Prototyp_Filialsuche (RC 18)/22_Testfall" status="PASSED">
         <system-out><![CDATA[2018-03-13 10:55:44 - [TEST_CASE][PASSED] - Test Cases/Prototyp_Filialsuche (RC 18)/22_Testfall: Test Cases/Prototyp_Filialsuche (RC 18)/22_Testfall

2018-03-13 10:55:44 - [TEST_STEP][PASSED] - openBrowser: Browser is opened with url: ''

2018-03-13 10:55:51 - [MESSAGE][PASSED] - Browser is opened with url: ''

2018-03-13 10:55:51 - [TEST_STEP][PASSED] - maximizeWindow: Current window maximized

2018-03-13 10:55:51 - [MESSAGE][PASSED] - Current window maximized

2018-03-13 10:55:51 - [TEST_STEP][PASSED] - deleteAllCookies: Delete all cookies successfully

2018-03-13 10:55:51 - [MESSAGE][PASSED] - Delete all cookies successfully

2018-03-13 10:55:51 - [TEST_STEP][PASSED] - navigateToUrl: Navigate to 'http://rc-ogrhtmlprototyp.testintern/18-1-0/home-6-filialsuche.html' successfully

2018-03-13 10:55:52 - [MESSAGE][PASSED] - Navigate to 'http://rc-ogrhtmlprototyp.testintern/18-1-0/home-6-filialsuche.html' successfully

2018-03-13 10:55:52 - [TEST_STEP][PASSED] - waitForPageLoad: Wait for page load successfully

2018-03-13 10:55:52 - [MESSAGE][WARNING] - Timeout '0' is invalid. Using default page load timeout: '30'

2018-03-13 10:55:52 - [MESSAGE][PASSED] - Wait for page load successfully

2018-03-13 10:55:52 - [TEST_STEP][PASSED] - delay: Delayed 2 second(s)

2018-03-13 10:55:54 - [MESSAGE][PASSED] - Delayed 2 second(s)

2018-03-13 10:55:54 - [TEST_STEP][PASSED] - click: Object: 'Object Repository/03/Page_Filialsuche-rotenburg - BVR HT/Page_Home-6-filialsuche - BVR HTML/svg_dropdown-icons' is clicked on

2018-03-13 10:55:54 - [MESSAGE][PASSED] - Object: 'Object Repository/03/Page_Filialsuche-rotenburg - BVR HT/Page_Home-6-filialsuche - BVR HTML/svg_dropdown-icons' is clicked on

2018-03-13 10:55:54 - [TEST_STEP][PASSED] - delay: Delayed 2 second(s)

2018-03-13 10:55:56 - [MESSAGE][PASSED] - Delayed 2 second(s)

2018-03-13 10:55:56 - [TEST_STEP][PASSED] - mouseOver: Object: 'Object Repository/002/Page_Home-6-filialsuche - BVR HTML/div_Berlin' is hovered

2018-03-13 10:55:56 - [MESSAGE][PASSED] - Object: 'Object Repository/002/Page_Home-6-filialsuche - BVR HTML/div_Berlin' is hovered

2018-03-13 10:55:56 - [TEST_STEP][PASSED] - delay: Delayed 2 second(s)

2018-03-13 10:55:58 - [MESSAGE][PASSED] - Delayed 2 second(s)

2018-03-13 10:55:58 - [TEST_STEP][PASSED] - click: Object: 'Object Repository/002/Page_Home-6-filialsuche - BVR HTML/div_Berlin' is clicked on

2018-03-13 10:55:58 - [MESSAGE][PASSED] - Object: 'Object Repository/002/Page_Home-6-filialsuche - BVR HTML/div_Berlin' is clicked on

2018-03-13 10:55:58 - [TEST_STEP][PASSED] - delay: Delayed 5 second(s)

2018-03-13 10:56:03 - [MESSAGE][PASSED] - Delayed 5 second(s)

2018-03-13 10:56:03 - [TEST_STEP][PASSED] - verifyElementNotPresent: Web element with id: 'Object Repository/Akkordeon_plus_filialsuche' located by 'By.xpath: //a[@class='acc-header acc-header--open']' is not present after '5' second(s)

2018-03-13 10:56:03 - [MESSAGE][PASSED] - Web element with id: 'Object Repository/Akkordeon_plus_filialsuche' located by 'By.xpath: //a[@class='acc-header acc-header--open']' is not present after '5' second(s)

2018-03-13 10:56:03 - [TEST_STEP][PASSED] - closeBrowser: Browser is closed

2018-03-13 10:56:03 - [MESSAGE][PASSED] - Browser is closed]]></system-out>
         <system-err><![CDATA[]]></system-err>
      </testcase>
      <testcase name="Test Cases/Prototyp_Filialsuche (RC 18)/23_Testfall" classname="Test Cases/Prototyp_Filialsuche (RC 18)/23_Testfall" status="PASSED">
         <system-out><![CDATA[2018-03-13 10:56:03 - [TEST_CASE][PASSED] - Test Cases/Prototyp_Filialsuche (RC 18)/23_Testfall: Test Cases/Prototyp_Filialsuche (RC 18)/23_Testfall

2018-03-13 10:56:04 - [TEST_STEP][PASSED] - openBrowser: Browser is opened with url: ''

2018-03-13 10:56:08 - [MESSAGE][PASSED] - Browser is opened with url: ''

2018-03-13 10:56:08 - [TEST_STEP][PASSED] - maximizeWindow: Current window maximized

2018-03-13 10:56:08 - [MESSAGE][PASSED] - Current window maximized

2018-03-13 10:56:08 - [TEST_STEP][PASSED] - deleteAllCookies: Delete all cookies successfully

2018-03-13 10:56:08 - [MESSAGE][PASSED] - Delete all cookies successfully

2018-03-13 10:56:08 - [TEST_STEP][PASSED] - navigateToUrl: Navigate to 'http://rc-ogrhtmlprototyp.testintern/18-1-0/detail.html' successfully

2018-03-13 10:56:12 - [MESSAGE][PASSED] - Navigate to 'http://rc-ogrhtmlprototyp.testintern/18-1-0/detail.html' successfully

2018-03-13 10:56:12 - [TEST_STEP][PASSED] - waitForPageLoad: Wait for page load successfully

2018-03-13 10:56:12 - [MESSAGE][WARNING] - Timeout '0' is invalid. Using default page load timeout: '30'

2018-03-13 10:56:12 - [MESSAGE][PASSED] - Wait for page load successfully

2018-03-13 10:56:12 - [TEST_STEP][PASSED] - delay: Delayed 2 second(s)

2018-03-13 10:56:14 - [MESSAGE][PASSED] - Delayed 2 second(s)

2018-03-13 10:56:14 - [TEST_STEP][PASSED] - click: Object: 'Object Repository/002/Page_Detail - BVR HTML Prototyp/svg_dropdown-icons' is clicked on

2018-03-13 10:56:14 - [MESSAGE][PASSED] - Object: 'Object Repository/002/Page_Detail - BVR HTML Prototyp/svg_dropdown-icons' is clicked on

2018-03-13 10:56:14 - [TEST_STEP][PASSED] - delay: Delayed 2 second(s)

2018-03-13 10:56:16 - [MESSAGE][PASSED] - Delayed 2 second(s)

2018-03-13 10:56:16 - [TEST_STEP][PASSED] - mouseOver: Object: 'Object Repository/002/Page_Detail - BVR HTML Prototyp (1)/div_Berlin' is hovered

2018-03-13 10:56:16 - [MESSAGE][PASSED] - Object: 'Object Repository/002/Page_Detail - BVR HTML Prototyp (1)/div_Berlin' is hovered

2018-03-13 10:56:16 - [TEST_STEP][PASSED] - delay: Delayed 2 second(s)

2018-03-13 10:56:18 - [MESSAGE][PASSED] - Delayed 2 second(s)

2018-03-13 10:56:18 - [TEST_STEP][PASSED] - click: Object: 'Object Repository/002/Page_Detail - BVR HTML Prototyp (1)/div_Berlin' is clicked on

2018-03-13 10:56:19 - [MESSAGE][PASSED] - Object: 'Object Repository/002/Page_Detail - BVR HTML Prototyp (1)/div_Berlin' is clicked on

2018-03-13 10:56:19 - [TEST_STEP][PASSED] - delay: Delayed 5 second(s)

2018-03-13 10:56:24 - [MESSAGE][PASSED] - Delayed 5 second(s)

2018-03-13 10:56:24 - [TEST_STEP][PASSED] - verifyElementNotPresent: Web element with id: 'Object Repository/Akkordeon_plus_filialsuche' located by 'By.xpath: //a[@class='acc-header acc-header--open']' is not present after '5' second(s)

2018-03-13 10:56:24 - [MESSAGE][PASSED] - Web element with id: 'Object Repository/Akkordeon_plus_filialsuche' located by 'By.xpath: //a[@class='acc-header acc-header--open']' is not present after '5' second(s)

2018-03-13 10:56:24 - [TEST_STEP][PASSED] - closeBrowser: Browser is closed

2018-03-13 10:56:24 - [MESSAGE][PASSED] - Browser is closed]]></system-out>
         <system-err><![CDATA[]]></system-err>
      </testcase>
      <testcase name="Test Cases/Prototyp_Filialsuche (RC 18)/24_Testfall" classname="Test Cases/Prototyp_Filialsuche (RC 18)/24_Testfall" status="PASSED">
         <system-out><![CDATA[2018-03-13 10:56:24 - [TEST_CASE][PASSED] - Test Cases/Prototyp_Filialsuche (RC 18)/24_Testfall: Test Cases/Prototyp_Filialsuche (RC 18)/24_Testfall

2018-03-13 10:56:24 - [TEST_STEP][PASSED] - openBrowser: Browser is opened with url: ''

2018-03-13 10:56:28 - [MESSAGE][PASSED] - Browser is opened with url: ''

2018-03-13 10:56:28 - [TEST_STEP][PASSED] - maximizeWindow: Current window maximized

2018-03-13 10:56:28 - [MESSAGE][PASSED] - Current window maximized

2018-03-13 10:56:28 - [TEST_STEP][PASSED] - deleteAllCookies: Delete all cookies successfully

2018-03-13 10:56:28 - [MESSAGE][PASSED] - Delete all cookies successfully

2018-03-13 10:56:28 - [TEST_STEP][PASSED] - navigateToUrl: Navigate to 'http://rc-ogrhtmlprototyp.testintern/18-1-0/filialsuche.html' successfully

2018-03-13 10:56:30 - [MESSAGE][PASSED] - Navigate to 'http://rc-ogrhtmlprototyp.testintern/18-1-0/filialsuche.html' successfully

2018-03-13 10:56:30 - [TEST_STEP][PASSED] - waitForPageLoad: Wait for page load successfully

2018-03-13 10:56:30 - [MESSAGE][WARNING] - Timeout '0' is invalid. Using default page load timeout: '30'

2018-03-13 10:56:30 - [MESSAGE][PASSED] - Wait for page load successfully

2018-03-13 10:56:30 - [TEST_STEP][PASSED] - delay: Delayed 2 second(s)

2018-03-13 10:56:32 - [MESSAGE][PASSED] - Delayed 2 second(s)

2018-03-13 10:56:32 - [TEST_STEP][PASSED] - click: Object: 'Object Repository/002/Page_Filialsuche - BVR HTML Prototy (1)/svg_dropdown-icons' is clicked on

2018-03-13 10:56:32 - [MESSAGE][PASSED] - Object: 'Object Repository/002/Page_Filialsuche - BVR HTML Prototy (1)/svg_dropdown-icons' is clicked on

2018-03-13 10:56:32 - [TEST_STEP][PASSED] - delay: Delayed 2 second(s)

2018-03-13 10:56:34 - [MESSAGE][PASSED] - Delayed 2 second(s)

2018-03-13 10:56:34 - [TEST_STEP][PASSED] - mouseOver: Object: 'Object Repository/berlin/Page_Filialsuche - BVR HTML Prototy/div_Berlin' is hovered

2018-03-13 10:56:34 - [MESSAGE][PASSED] - Object: 'Object Repository/berlin/Page_Filialsuche - BVR HTML Prototy/div_Berlin' is hovered

2018-03-13 10:56:34 - [TEST_STEP][PASSED] - delay: Delayed 2 second(s)

2018-03-13 10:56:36 - [MESSAGE][PASSED] - Delayed 2 second(s)

2018-03-13 10:56:36 - [TEST_STEP][PASSED] - click: Object: 'Object Repository/berlin/Page_Filialsuche - BVR HTML Prototy/div_Berlin' is clicked on

2018-03-13 10:56:37 - [MESSAGE][PASSED] - Object: 'Object Repository/berlin/Page_Filialsuche - BVR HTML Prototy/div_Berlin' is clicked on

2018-03-13 10:56:37 - [TEST_STEP][PASSED] - delay: Delayed 5 second(s)

2018-03-13 10:56:42 - [MESSAGE][PASSED] - Delayed 5 second(s)

2018-03-13 10:56:42 - [TEST_STEP][PASSED] - verifyElementNotPresent: Web element with id: 'Object Repository/Akkordeon_plus_filialsuche' located by 'By.xpath: //a[@class='acc-header acc-header--open']' is not present after '5' second(s)

2018-03-13 10:56:42 - [MESSAGE][PASSED] - Web element with id: 'Object Repository/Akkordeon_plus_filialsuche' located by 'By.xpath: //a[@class='acc-header acc-header--open']' is not present after '5' second(s)

2018-03-13 10:56:42 - [TEST_STEP][PASSED] - closeBrowser: Browser is closed

2018-03-13 10:56:43 - [MESSAGE][PASSED] - Browser is closed]]></system-out>
         <system-err><![CDATA[]]></system-err>
      </testcase>
      <testcase name="Test Cases/Prototyp_Filialsuche (RC 18)/25_Testfall" classname="Test Cases/Prototyp_Filialsuche (RC 18)/25_Testfall" status="PASSED">
         <system-out><![CDATA[2018-03-13 10:56:43 - [TEST_CASE][PASSED] - Test Cases/Prototyp_Filialsuche (RC 18)/25_Testfall: Test Cases/Prototyp_Filialsuche (RC 18)/25_Testfall

2018-03-13 10:56:43 - [TEST_STEP][PASSED] - openBrowser: Browser is opened with url: ''

2018-03-13 10:56:47 - [MESSAGE][PASSED] - Browser is opened with url: ''

2018-03-13 10:56:47 - [TEST_STEP][PASSED] - deleteAllCookies: Delete all cookies successfully

2018-03-13 10:56:47 - [MESSAGE][PASSED] - Delete all cookies successfully

2018-03-13 10:56:47 - [TEST_STEP][PASSED] - maximizeWindow: Current window maximized

2018-03-13 10:56:47 - [MESSAGE][PASSED] - Current window maximized

2018-03-13 10:56:47 - [TEST_STEP][PASSED] - navigateToUrl: Navigate to 'http://rc-ogrhtmlprototyp.testintern/18-1-0/filialsuche.html' successfully

2018-03-13 10:56:48 - [MESSAGE][PASSED] - Navigate to 'http://rc-ogrhtmlprototyp.testintern/18-1-0/filialsuche.html' successfully

2018-03-13 10:56:48 - [TEST_STEP][PASSED] - waitForPageLoad: Wait for page load successfully

2018-03-13 10:56:48 - [MESSAGE][WARNING] - Timeout '0' is invalid. Using default page load timeout: '30'

2018-03-13 10:56:48 - [MESSAGE][PASSED] - Wait for page load successfully

2018-03-13 10:56:48 - [TEST_STEP][PASSED] - delay: Delayed 2 second(s)

2018-03-13 10:56:50 - [MESSAGE][PASSED] - Delayed 2 second(s)

2018-03-13 10:56:50 - [TEST_STEP][PASSED] - click: Object: 'Object Repository/03/Page_Filialsuche-rotenburg - BVR HT/svg_dropdown-icons' is clicked on

2018-03-13 10:56:51 - [MESSAGE][PASSED] - Object: 'Object Repository/03/Page_Filialsuche-rotenburg - BVR HT/svg_dropdown-icons' is clicked on

2018-03-13 10:56:51 - [TEST_STEP][PASSED] - delay: Delayed 2 second(s)

2018-03-13 10:56:53 - [MESSAGE][PASSED] - Delayed 2 second(s)

2018-03-13 10:56:53 - [TEST_STEP][PASSED] - mouseOver: Object: 'Object Repository/002/Page_Filialsuche - BVR HTML Prototy/div_Berlin' is hovered

2018-03-13 10:56:53 - [MESSAGE][PASSED] - Object: 'Object Repository/002/Page_Filialsuche - BVR HTML Prototy/div_Berlin' is hovered

2018-03-13 10:56:53 - [TEST_STEP][PASSED] - delay: Delayed 2 second(s)

2018-03-13 10:56:55 - [MESSAGE][PASSED] - Delayed 2 second(s)

2018-03-13 10:56:55 - [TEST_STEP][PASSED] - click: Object: 'Object Repository/002/Page_Filialsuche - BVR HTML Prototy/div_Berlin' is clicked on

2018-03-13 10:56:55 - [MESSAGE][PASSED] - Object: 'Object Repository/002/Page_Filialsuche - BVR HTML Prototy/div_Berlin' is clicked on

2018-03-13 10:56:55 - [TEST_STEP][PASSED] - delay: Delayed 5 second(s)

2018-03-13 10:57:00 - [MESSAGE][PASSED] - Delayed 5 second(s)

2018-03-13 10:57:00 - [TEST_STEP][PASSED] - Statement - wes = com.kms.katalon.core.webui.common.WebUiCommonHelper.findWebElements(com.kms.katalon.core.testobject.ObjectRepository.findTestObject(filial_map), 5): Found 37 web elements with id: 'Object Repository/filial_map' located by 'By.xpath: //div[@class='aps-map__custom-marker']' in '5' second(s)

2018-03-13 10:57:00 - [TEST_STEP][PASSED] - Statement - For ([i = 0, i < wes.size(), (i++)]): null

2018-03-13 10:57:00 - [TEST_STEP][PASSED] - Statement - el = wes.get(i): null

2018-03-13 10:57:00 - [TEST_STEP][PASSED] - Statement - If (!(el.isDisplayed())): null

2018-03-13 10:57:00 - [TEST_STEP][PASSED] - Statement - el = wes.get(i): null

2018-03-13 10:57:00 - [TEST_STEP][PASSED] - Statement - If (!(el.isDisplayed())): null

2018-03-13 10:57:00 - [TEST_STEP][PASSED] - Statement - el = wes.get(i): null

2018-03-13 10:57:00 - [TEST_STEP][PASSED] - Statement - If (!(el.isDisplayed())): null

2018-03-13 10:57:00 - [TEST_STEP][PASSED] - Statement - el = wes.get(i): null

2018-03-13 10:57:00 - [TEST_STEP][PASSED] - Statement - If (!(el.isDisplayed())): null

2018-03-13 10:57:00 - [TEST_STEP][PASSED] - Statement - el = wes.get(i): null

2018-03-13 10:57:00 - [TEST_STEP][PASSED] - Statement - If (!(el.isDisplayed())): null

2018-03-13 10:57:00 - [TEST_STEP][PASSED] - Statement - el = wes.get(i): null

2018-03-13 10:57:00 - [TEST_STEP][PASSED] - Statement - If (!(el.isDisplayed())): null

2018-03-13 10:57:00 - [TEST_STEP][PASSED] - Statement - el = wes.get(i): null

2018-03-13 10:57:00 - [TEST_STEP][PASSED] - Statement - If (!(el.isDisplayed())): null

2018-03-13 10:57:00 - [TEST_STEP][PASSED] - Statement - el = wes.get(i): null

2018-03-13 10:57:00 - [TEST_STEP][PASSED] - Statement - If (!(el.isDisplayed())): null

2018-03-13 10:57:00 - [TEST_STEP][PASSED] - Statement - el = wes.get(i): null

2018-03-13 10:57:00 - [TEST_STEP][PASSED] - Statement - If (!(el.isDisplayed())): null

2018-03-13 10:57:00 - [TEST_STEP][PASSED] - Statement - el = wes.get(i): null

2018-03-13 10:57:00 - [TEST_STEP][PASSED] - Statement - If (!(el.isDisplayed())): null

2018-03-13 10:57:00 - [TEST_STEP][PASSED] - Statement - el = wes.get(i): null

2018-03-13 10:57:00 - [TEST_STEP][PASSED] - Statement - If (!(el.isDisplayed())): null

2018-03-13 10:57:00 - [TEST_STEP][PASSED] - Statement - el = wes.get(i): null

2018-03-13 10:57:00 - [TEST_STEP][PASSED] - Statement - If (!(el.isDisplayed())): null

2018-03-13 10:57:00 - [TEST_STEP][PASSED] - Statement - el = wes.get(i): null

2018-03-13 10:57:00 - [TEST_STEP][PASSED] - Statement - If (!(el.isDisplayed())): null

2018-03-13 10:57:00 - [TEST_STEP][PASSED] - Statement - el = wes.get(i): null

2018-03-13 10:57:00 - [TEST_STEP][PASSED] - Statement - If (!(el.isDisplayed())): null

2018-03-13 10:57:00 - [TEST_STEP][PASSED] - Statement - el = wes.get(i): null

2018-03-13 10:57:00 - [TEST_STEP][PASSED] - Statement - If (!(el.isDisplayed())): null

2018-03-13 10:57:00 - [TEST_STEP][PASSED] - Statement - el = wes.get(i): null

2018-03-13 10:57:00 - [TEST_STEP][PASSED] - Statement - If (!(el.isDisplayed())): null

2018-03-13 10:57:00 - [TEST_STEP][PASSED] - Statement - el = wes.get(i): null

2018-03-13 10:57:00 - [TEST_STEP][PASSED] - Statement - If (!(el.isDisplayed())): null

2018-03-13 10:57:00 - [TEST_STEP][PASSED] - Statement - el = wes.get(i): null

2018-03-13 10:57:00 - [TEST_STEP][PASSED] - Statement - If (!(el.isDisplayed())): null

2018-03-13 10:57:00 - [TEST_STEP][PASSED] - Statement - el = wes.get(i): null

2018-03-13 10:57:00 - [TEST_STEP][PASSED] - Statement - If (!(el.isDisplayed())): null

2018-03-13 10:57:00 - [TEST_STEP][PASSED] - Statement - el = wes.get(i): null

2018-03-13 10:57:00 - [TEST_STEP][PASSED] - Statement - If (!(el.isDisplayed())): null

2018-03-13 10:57:01 - [TEST_STEP][PASSED] - Statement - el = wes.get(i): null

2018-03-13 10:57:01 - [TEST_STEP][PASSED] - Statement - If (!(el.isDisplayed())): null

2018-03-13 10:57:01 - [TEST_STEP][PASSED] - Statement - el = wes.get(i): null

2018-03-13 10:57:01 - [TEST_STEP][PASSED] - Statement - If (!(el.isDisplayed())): null

2018-03-13 10:57:01 - [TEST_STEP][PASSED] - Statement - el = wes.get(i): null

2018-03-13 10:57:01 - [TEST_STEP][PASSED] - Statement - If (!(el.isDisplayed())): null

2018-03-13 10:57:01 - [TEST_STEP][PASSED] - Statement - el = wes.get(i): null

2018-03-13 10:57:01 - [TEST_STEP][PASSED] - Statement - If (!(el.isDisplayed())): null

2018-03-13 10:57:01 - [TEST_STEP][PASSED] - Statement - el = wes.get(i): null

2018-03-13 10:57:01 - [TEST_STEP][PASSED] - Statement - If (!(el.isDisplayed())): null

2018-03-13 10:57:01 - [TEST_STEP][PASSED] - Statement - el = wes.get(i): null

2018-03-13 10:57:01 - [TEST_STEP][PASSED] - Statement - If (!(el.isDisplayed())): null

2018-03-13 10:57:01 - [TEST_STEP][PASSED] - Statement - el = wes.get(i): null

2018-03-13 10:57:01 - [TEST_STEP][PASSED] - Statement - If (!(el.isDisplayed())): null

2018-03-13 10:57:01 - [TEST_STEP][PASSED] - Statement - el = wes.get(i): null

2018-03-13 10:57:01 - [TEST_STEP][PASSED] - Statement - If (!(el.isDisplayed())): null

2018-03-13 10:57:01 - [TEST_STEP][PASSED] - Statement - el = wes.get(i): null

2018-03-13 10:57:01 - [TEST_STEP][PASSED] - Statement - If (!(el.isDisplayed())): null

2018-03-13 10:57:01 - [TEST_STEP][PASSED] - Statement - el = wes.get(i): null

2018-03-13 10:57:01 - [TEST_STEP][PASSED] - Statement - If (!(el.isDisplayed())): null

2018-03-13 10:57:01 - [TEST_STEP][PASSED] - Statement - el = wes.get(i): null

2018-03-13 10:57:01 - [TEST_STEP][PASSED] - Statement - If (!(el.isDisplayed())): null

2018-03-13 10:57:01 - [TEST_STEP][PASSED] - Statement - el = wes.get(i): null

2018-03-13 10:57:01 - [TEST_STEP][PASSED] - Statement - If (!(el.isDisplayed())): null

2018-03-13 10:57:01 - [TEST_STEP][PASSED] - Statement - el = wes.get(i): null

2018-03-13 10:57:01 - [TEST_STEP][PASSED] - Statement - If (!(el.isDisplayed())): null

2018-03-13 10:57:01 - [TEST_STEP][PASSED] - Statement - el = wes.get(i): null

2018-03-13 10:57:01 - [TEST_STEP][PASSED] - Statement - If (!(el.isDisplayed())): null

2018-03-13 10:57:01 - [TEST_STEP][PASSED] - Statement - el = wes.get(i): null

2018-03-13 10:57:01 - [TEST_STEP][PASSED] - Statement - If (!(el.isDisplayed())): null

2018-03-13 10:57:01 - [TEST_STEP][PASSED] - Statement - el = wes.get(i): null

2018-03-13 10:57:01 - [TEST_STEP][PASSED] - Statement - If (!(el.isDisplayed())): null

2018-03-13 10:57:01 - [TEST_STEP][PASSED] - Statement - el = wes.get(i): null

2018-03-13 10:57:01 - [TEST_STEP][PASSED] - Statement - If (!(el.isDisplayed())): null

2018-03-13 10:57:01 - [TEST_STEP][PASSED] - closeBrowser: Browser is closed

2018-03-13 10:57:02 - [MESSAGE][PASSED] - Browser is closed]]></system-out>
         <system-err><![CDATA[]]></system-err>
      </testcase>
      <testcase name="Test Cases/Prototyp_Filialsuche (RC 18)/26_Testfall" classname="Test Cases/Prototyp_Filialsuche (RC 18)/26_Testfall" status="PASSED">
         <system-out><![CDATA[2018-03-13 10:57:02 - [TEST_CASE][PASSED] - Test Cases/Prototyp_Filialsuche (RC 18)/26_Testfall: Test Cases/Prototyp_Filialsuche (RC 18)/26_Testfall

2018-03-13 10:57:02 - [TEST_STEP][PASSED] - openBrowser: Browser is opened with url: ''

2018-03-13 10:57:13 - [MESSAGE][PASSED] - Browser is opened with url: ''

2018-03-13 10:57:13 - [TEST_STEP][PASSED] - deleteAllCookies: Delete all cookies successfully

2018-03-13 10:57:13 - [MESSAGE][PASSED] - Delete all cookies successfully

2018-03-13 10:57:13 - [TEST_STEP][PASSED] - maximizeWindow: Current window maximized

2018-03-13 10:57:13 - [MESSAGE][PASSED] - Current window maximized

2018-03-13 10:57:13 - [TEST_STEP][PASSED] - navigateToUrl: Navigate to 'http://rc-ogrhtmlprototyp.testintern/18-1-0/home-6-filialsuche.html' successfully

2018-03-13 10:57:15 - [MESSAGE][PASSED] - Navigate to 'http://rc-ogrhtmlprototyp.testintern/18-1-0/home-6-filialsuche.html' successfully

2018-03-13 10:57:15 - [TEST_STEP][PASSED] - waitForPageLoad: Wait for page load successfully

2018-03-13 10:57:15 - [MESSAGE][WARNING] - Timeout '0' is invalid. Using default page load timeout: '30'

2018-03-13 10:57:15 - [MESSAGE][PASSED] - Wait for page load successfully

2018-03-13 10:57:15 - [TEST_STEP][PASSED] - delay: Delayed 2 second(s)

2018-03-13 10:57:17 - [MESSAGE][PASSED] - Delayed 2 second(s)

2018-03-13 10:57:17 - [TEST_STEP][PASSED] - click: Object: 'Object Repository/03/Page_Filialsuche-rotenburg - BVR HT/Page_Home-6-filialsuche - BVR HTML/svg_dropdown-icons' is clicked on

2018-03-13 10:57:19 - [MESSAGE][PASSED] - Object: 'Object Repository/03/Page_Filialsuche-rotenburg - BVR HT/Page_Home-6-filialsuche - BVR HTML/svg_dropdown-icons' is clicked on

2018-03-13 10:57:19 - [TEST_STEP][PASSED] - delay: Delayed 2 second(s)

2018-03-13 10:57:21 - [MESSAGE][PASSED] - Delayed 2 second(s)

2018-03-13 10:57:21 - [TEST_STEP][PASSED] - mouseOver: Object: 'Object Repository/002/Page_Home-6-filialsuche - BVR HTML/div_Berlin' is hovered

2018-03-13 10:57:21 - [MESSAGE][PASSED] - Object: 'Object Repository/002/Page_Home-6-filialsuche - BVR HTML/div_Berlin' is hovered

2018-03-13 10:57:21 - [TEST_STEP][PASSED] - delay: Delayed 2 second(s)

2018-03-13 10:57:23 - [MESSAGE][PASSED] - Delayed 2 second(s)

2018-03-13 10:57:23 - [TEST_STEP][PASSED] - click: Object: 'Object Repository/002/Page_Home-6-filialsuche - BVR HTML/div_Berlin' is clicked on

2018-03-13 10:57:23 - [MESSAGE][PASSED] - Object: 'Object Repository/002/Page_Home-6-filialsuche - BVR HTML/div_Berlin' is clicked on

2018-03-13 10:57:23 - [TEST_STEP][PASSED] - delay: Delayed 5 second(s)

2018-03-13 10:57:28 - [MESSAGE][PASSED] - Delayed 5 second(s)

2018-03-13 10:57:28 - [TEST_STEP][PASSED] - Statement - wes = com.kms.katalon.core.webui.common.WebUiCommonHelper.findWebElements(com.kms.katalon.core.testobject.ObjectRepository.findTestObject(filial_map), 5): Found 37 web elements with id: 'Object Repository/filial_map' located by 'By.xpath: //div[@class='aps-map__custom-marker']' in '5' second(s)

2018-03-13 10:57:28 - [TEST_STEP][PASSED] - Statement - For ([i = 0, i < wes.size(), (i++)]): null

2018-03-13 10:57:28 - [TEST_STEP][PASSED] - Statement - el = wes.get(i): null

2018-03-13 10:57:28 - [TEST_STEP][PASSED] - Statement - If (!(el.isDisplayed())): null

2018-03-13 10:57:28 - [TEST_STEP][PASSED] - Statement - el = wes.get(i): null

2018-03-13 10:57:28 - [TEST_STEP][PASSED] - Statement - If (!(el.isDisplayed())): null

2018-03-13 10:57:28 - [TEST_STEP][PASSED] - Statement - el = wes.get(i): null

2018-03-13 10:57:28 - [TEST_STEP][PASSED] - Statement - If (!(el.isDisplayed())): null

2018-03-13 10:57:28 - [TEST_STEP][PASSED] - Statement - el = wes.get(i): null

2018-03-13 10:57:28 - [TEST_STEP][PASSED] - Statement - If (!(el.isDisplayed())): null

2018-03-13 10:57:28 - [TEST_STEP][PASSED] - Statement - el = wes.get(i): null

2018-03-13 10:57:28 - [TEST_STEP][PASSED] - Statement - If (!(el.isDisplayed())): null

2018-03-13 10:57:28 - [TEST_STEP][PASSED] - Statement - el = wes.get(i): null

2018-03-13 10:57:28 - [TEST_STEP][PASSED] - Statement - If (!(el.isDisplayed())): null

2018-03-13 10:57:29 - [TEST_STEP][PASSED] - Statement - el = wes.get(i): null

2018-03-13 10:57:29 - [TEST_STEP][PASSED] - Statement - If (!(el.isDisplayed())): null

2018-03-13 10:57:29 - [TEST_STEP][PASSED] - Statement - el = wes.get(i): null

2018-03-13 10:57:29 - [TEST_STEP][PASSED] - Statement - If (!(el.isDisplayed())): null

2018-03-13 10:57:29 - [TEST_STEP][PASSED] - Statement - el = wes.get(i): null

2018-03-13 10:57:29 - [TEST_STEP][PASSED] - Statement - If (!(el.isDisplayed())): null

2018-03-13 10:57:29 - [TEST_STEP][PASSED] - Statement - el = wes.get(i): null

2018-03-13 10:57:29 - [TEST_STEP][PASSED] - Statement - If (!(el.isDisplayed())): null

2018-03-13 10:57:29 - [TEST_STEP][PASSED] - Statement - el = wes.get(i): null

2018-03-13 10:57:29 - [TEST_STEP][PASSED] - Statement - If (!(el.isDisplayed())): null

2018-03-13 10:57:29 - [TEST_STEP][PASSED] - Statement - el = wes.get(i): null

2018-03-13 10:57:29 - [TEST_STEP][PASSED] - Statement - If (!(el.isDisplayed())): null

2018-03-13 10:57:29 - [TEST_STEP][PASSED] - Statement - el = wes.get(i): null

2018-03-13 10:57:29 - [TEST_STEP][PASSED] - Statement - If (!(el.isDisplayed())): null

2018-03-13 10:57:29 - [TEST_STEP][PASSED] - Statement - el = wes.get(i): null

2018-03-13 10:57:29 - [TEST_STEP][PASSED] - Statement - If (!(el.isDisplayed())): null

2018-03-13 10:57:29 - [TEST_STEP][PASSED] - Statement - el = wes.get(i): null

2018-03-13 10:57:29 - [TEST_STEP][PASSED] - Statement - If (!(el.isDisplayed())): null

2018-03-13 10:57:29 - [TEST_STEP][PASSED] - Statement - el = wes.get(i): null

2018-03-13 10:57:29 - [TEST_STEP][PASSED] - Statement - If (!(el.isDisplayed())): null

2018-03-13 10:57:29 - [TEST_STEP][PASSED] - Statement - el = wes.get(i): null

2018-03-13 10:57:29 - [TEST_STEP][PASSED] - Statement - If (!(el.isDisplayed())): null

2018-03-13 10:57:29 - [TEST_STEP][PASSED] - Statement - el = wes.get(i): null

2018-03-13 10:57:29 - [TEST_STEP][PASSED] - Statement - If (!(el.isDisplayed())): null

2018-03-13 10:57:29 - [TEST_STEP][PASSED] - Statement - el = wes.get(i): null

2018-03-13 10:57:29 - [TEST_STEP][PASSED] - Statement - If (!(el.isDisplayed())): null

2018-03-13 10:57:29 - [TEST_STEP][PASSED] - Statement - el = wes.get(i): null

2018-03-13 10:57:29 - [TEST_STEP][PASSED] - Statement - If (!(el.isDisplayed())): null

2018-03-13 10:57:29 - [TEST_STEP][PASSED] - Statement - el = wes.get(i): null

2018-03-13 10:57:29 - [TEST_STEP][PASSED] - Statement - If (!(el.isDisplayed())): null

2018-03-13 10:57:29 - [TEST_STEP][PASSED] - Statement - el = wes.get(i): null

2018-03-13 10:57:29 - [TEST_STEP][PASSED] - Statement - If (!(el.isDisplayed())): null

2018-03-13 10:57:29 - [TEST_STEP][PASSED] - Statement - el = wes.get(i): null

2018-03-13 10:57:29 - [TEST_STEP][PASSED] - Statement - If (!(el.isDisplayed())): null

2018-03-13 10:57:29 - [TEST_STEP][PASSED] - Statement - el = wes.get(i): null

2018-03-13 10:57:29 - [TEST_STEP][PASSED] - Statement - If (!(el.isDisplayed())): null

2018-03-13 10:57:29 - [TEST_STEP][PASSED] - Statement - el = wes.get(i): null

2018-03-13 10:57:29 - [TEST_STEP][PASSED] - Statement - If (!(el.isDisplayed())): null

2018-03-13 10:57:29 - [TEST_STEP][PASSED] - Statement - el = wes.get(i): null

2018-03-13 10:57:29 - [TEST_STEP][PASSED] - Statement - If (!(el.isDisplayed())): null

2018-03-13 10:57:29 - [TEST_STEP][PASSED] - Statement - el = wes.get(i): null

2018-03-13 10:57:29 - [TEST_STEP][PASSED] - Statement - If (!(el.isDisplayed())): null

2018-03-13 10:57:29 - [TEST_STEP][PASSED] - Statement - el = wes.get(i): null

2018-03-13 10:57:29 - [TEST_STEP][PASSED] - Statement - If (!(el.isDisplayed())): null

2018-03-13 10:57:29 - [TEST_STEP][PASSED] - Statement - el = wes.get(i): null

2018-03-13 10:57:29 - [TEST_STEP][PASSED] - Statement - If (!(el.isDisplayed())): null

2018-03-13 10:57:29 - [TEST_STEP][PASSED] - Statement - el = wes.get(i): null

2018-03-13 10:57:29 - [TEST_STEP][PASSED] - Statement - If (!(el.isDisplayed())): null

2018-03-13 10:57:29 - [TEST_STEP][PASSED] - Statement - el = wes.get(i): null

2018-03-13 10:57:29 - [TEST_STEP][PASSED] - Statement - If (!(el.isDisplayed())): null

2018-03-13 10:57:29 - [TEST_STEP][PASSED] - Statement - el = wes.get(i): null

2018-03-13 10:57:29 - [TEST_STEP][PASSED] - Statement - If (!(el.isDisplayed())): null

2018-03-13 10:57:29 - [TEST_STEP][PASSED] - Statement - el = wes.get(i): null

2018-03-13 10:57:29 - [TEST_STEP][PASSED] - Statement - If (!(el.isDisplayed())): null

2018-03-13 10:57:29 - [TEST_STEP][PASSED] - Statement - el = wes.get(i): null

2018-03-13 10:57:29 - [TEST_STEP][PASSED] - Statement - If (!(el.isDisplayed())): null

2018-03-13 10:57:29 - [TEST_STEP][PASSED] - Statement - el = wes.get(i): null

2018-03-13 10:57:29 - [TEST_STEP][PASSED] - Statement - If (!(el.isDisplayed())): null

2018-03-13 10:57:29 - [TEST_STEP][PASSED] - Statement - el = wes.get(i): null

2018-03-13 10:57:29 - [TEST_STEP][PASSED] - Statement - If (!(el.isDisplayed())): null

2018-03-13 10:57:29 - [TEST_STEP][PASSED] - Statement - el = wes.get(i): null

2018-03-13 10:57:29 - [TEST_STEP][PASSED] - Statement - If (!(el.isDisplayed())): null

2018-03-13 10:57:29 - [TEST_STEP][PASSED] - closeBrowser: Browser is closed

2018-03-13 10:57:29 - [MESSAGE][PASSED] - Browser is closed]]></system-out>
         <system-err><![CDATA[]]></system-err>
      </testcase>
      <testcase name="Test Cases/Prototyp_Filialsuche (RC 18)/27_Testfall" classname="Test Cases/Prototyp_Filialsuche (RC 18)/27_Testfall" status="PASSED">
         <system-out><![CDATA[2018-03-13 10:57:29 - [TEST_CASE][PASSED] - Test Cases/Prototyp_Filialsuche (RC 18)/27_Testfall: Test Cases/Prototyp_Filialsuche (RC 18)/27_Testfall

2018-03-13 10:57:30 - [TEST_STEP][PASSED] - openBrowser: Browser is opened with url: ''

2018-03-13 10:57:34 - [MESSAGE][PASSED] - Browser is opened with url: ''

2018-03-13 10:57:34 - [TEST_STEP][PASSED] - deleteAllCookies: Delete all cookies successfully

2018-03-13 10:57:34 - [MESSAGE][PASSED] - Delete all cookies successfully

2018-03-13 10:57:34 - [TEST_STEP][PASSED] - maximizeWindow: Current window maximized

2018-03-13 10:57:34 - [MESSAGE][PASSED] - Current window maximized

2018-03-13 10:57:34 - [TEST_STEP][PASSED] - navigateToUrl: Navigate to 'http://rc-ogrhtmlprototyp.testintern/18-1-0/detail.html' successfully

2018-03-13 10:57:38 - [MESSAGE][PASSED] - Navigate to 'http://rc-ogrhtmlprototyp.testintern/18-1-0/detail.html' successfully

2018-03-13 10:57:38 - [TEST_STEP][PASSED] - waitForPageLoad: Wait for page load successfully

2018-03-13 10:57:38 - [MESSAGE][WARNING] - Timeout '0' is invalid. Using default page load timeout: '30'

2018-03-13 10:57:38 - [MESSAGE][PASSED] - Wait for page load successfully

2018-03-13 10:57:38 - [TEST_STEP][PASSED] - delay: Delayed 2 second(s)

2018-03-13 10:57:40 - [MESSAGE][PASSED] - Delayed 2 second(s)

2018-03-13 10:57:40 - [TEST_STEP][PASSED] - click: Object: 'Object Repository/002/Page_Detail - BVR HTML Prototyp/svg_dropdown-icons' is clicked on

2018-03-13 10:57:40 - [MESSAGE][PASSED] - Object: 'Object Repository/002/Page_Detail - BVR HTML Prototyp/svg_dropdown-icons' is clicked on

2018-03-13 10:57:40 - [TEST_STEP][PASSED] - delay: Delayed 2 second(s)

2018-03-13 10:57:42 - [MESSAGE][PASSED] - Delayed 2 second(s)

2018-03-13 10:57:42 - [TEST_STEP][PASSED] - mouseOver: Object: 'Object Repository/002/Page_Detail - BVR HTML Prototyp (1)/div_Berlin' is hovered

2018-03-13 10:57:42 - [MESSAGE][PASSED] - Object: 'Object Repository/002/Page_Detail - BVR HTML Prototyp (1)/div_Berlin' is hovered

2018-03-13 10:57:42 - [TEST_STEP][PASSED] - delay: Delayed 2 second(s)

2018-03-13 10:57:44 - [MESSAGE][PASSED] - Delayed 2 second(s)

2018-03-13 10:57:44 - [TEST_STEP][PASSED] - click: Object: 'Object Repository/002/Page_Detail - BVR HTML Prototyp (1)/div_Berlin' is clicked on

2018-03-13 10:57:44 - [MESSAGE][PASSED] - Object: 'Object Repository/002/Page_Detail - BVR HTML Prototyp (1)/div_Berlin' is clicked on

2018-03-13 10:57:44 - [TEST_STEP][PASSED] - delay: Delayed 5 second(s)

2018-03-13 10:57:49 - [MESSAGE][PASSED] - Delayed 5 second(s)

2018-03-13 10:57:49 - [TEST_STEP][PASSED] - Statement - wes = com.kms.katalon.core.webui.common.WebUiCommonHelper.findWebElements(com.kms.katalon.core.testobject.ObjectRepository.findTestObject(filial_map), 5): Found 37 web elements with id: 'Object Repository/filial_map' located by 'By.xpath: //div[@class='aps-map__custom-marker']' in '5' second(s)

2018-03-13 10:57:49 - [TEST_STEP][PASSED] - Statement - For ([i = 0, i < wes.size(), (i++)]): null

2018-03-13 10:57:49 - [TEST_STEP][PASSED] - Statement - el = wes.get(i): null

2018-03-13 10:57:49 - [TEST_STEP][PASSED] - Statement - If (!(el.isDisplayed())): null

2018-03-13 10:57:49 - [TEST_STEP][PASSED] - Statement - el = wes.get(i): null

2018-03-13 10:57:49 - [TEST_STEP][PASSED] - Statement - If (!(el.isDisplayed())): null

2018-03-13 10:57:49 - [TEST_STEP][PASSED] - Statement - el = wes.get(i): null

2018-03-13 10:57:49 - [TEST_STEP][PASSED] - Statement - If (!(el.isDisplayed())): null

2018-03-13 10:57:49 - [TEST_STEP][PASSED] - Statement - el = wes.get(i): null

2018-03-13 10:57:49 - [TEST_STEP][PASSED] - Statement - If (!(el.isDisplayed())): null

2018-03-13 10:57:49 - [TEST_STEP][PASSED] - Statement - el = wes.get(i): null

2018-03-13 10:57:49 - [TEST_STEP][PASSED] - Statement - If (!(el.isDisplayed())): null

2018-03-13 10:57:49 - [TEST_STEP][PASSED] - Statement - el = wes.get(i): null

2018-03-13 10:57:49 - [TEST_STEP][PASSED] - Statement - If (!(el.isDisplayed())): null

2018-03-13 10:57:49 - [TEST_STEP][PASSED] - Statement - el = wes.get(i): null

2018-03-13 10:57:49 - [TEST_STEP][PASSED] - Statement - If (!(el.isDisplayed())): null

2018-03-13 10:57:49 - [TEST_STEP][PASSED] - Statement - el = wes.get(i): null

2018-03-13 10:57:49 - [TEST_STEP][PASSED] - Statement - If (!(el.isDisplayed())): null

2018-03-13 10:57:49 - [TEST_STEP][PASSED] - Statement - el = wes.get(i): null

2018-03-13 10:57:49 - [TEST_STEP][PASSED] - Statement - If (!(el.isDisplayed())): null

2018-03-13 10:57:49 - [TEST_STEP][PASSED] - Statement - el = wes.get(i): null

2018-03-13 10:57:49 - [TEST_STEP][PASSED] - Statement - If (!(el.isDisplayed())): null

2018-03-13 10:57:49 - [TEST_STEP][PASSED] - Statement - el = wes.get(i): null

2018-03-13 10:57:49 - [TEST_STEP][PASSED] - Statement - If (!(el.isDisplayed())): null

2018-03-13 10:57:49 - [TEST_STEP][PASSED] - Statement - el = wes.get(i): null

2018-03-13 10:57:49 - [TEST_STEP][PASSED] - Statement - If (!(el.isDisplayed())): null

2018-03-13 10:57:49 - [TEST_STEP][PASSED] - Statement - el = wes.get(i): null

2018-03-13 10:57:49 - [TEST_STEP][PASSED] - Statement - If (!(el.isDisplayed())): null

2018-03-13 10:57:49 - [TEST_STEP][PASSED] - Statement - el = wes.get(i): null

2018-03-13 10:57:49 - [TEST_STEP][PASSED] - Statement - If (!(el.isDisplayed())): null

2018-03-13 10:57:50 - [TEST_STEP][PASSED] - Statement - el = wes.get(i): null

2018-03-13 10:57:50 - [TEST_STEP][PASSED] - Statement - If (!(el.isDisplayed())): null

2018-03-13 10:57:50 - [TEST_STEP][PASSED] - Statement - el = wes.get(i): null

2018-03-13 10:57:50 - [TEST_STEP][PASSED] - Statement - If (!(el.isDisplayed())): null

2018-03-13 10:57:50 - [TEST_STEP][PASSED] - Statement - el = wes.get(i): null

2018-03-13 10:57:50 - [TEST_STEP][PASSED] - Statement - If (!(el.isDisplayed())): null

2018-03-13 10:57:50 - [TEST_STEP][PASSED] - Statement - el = wes.get(i): null

2018-03-13 10:57:50 - [TEST_STEP][PASSED] - Statement - If (!(el.isDisplayed())): null

2018-03-13 10:57:50 - [TEST_STEP][PASSED] - Statement - el = wes.get(i): null

2018-03-13 10:57:50 - [TEST_STEP][PASSED] - Statement - If (!(el.isDisplayed())): null

2018-03-13 10:57:50 - [TEST_STEP][PASSED] - Statement - el = wes.get(i): null

2018-03-13 10:57:50 - [TEST_STEP][PASSED] - Statement - If (!(el.isDisplayed())): null

2018-03-13 10:57:50 - [TEST_STEP][PASSED] - Statement - el = wes.get(i): null

2018-03-13 10:57:50 - [TEST_STEP][PASSED] - Statement - If (!(el.isDisplayed())): null

2018-03-13 10:57:50 - [TEST_STEP][PASSED] - Statement - el = wes.get(i): null

2018-03-13 10:57:50 - [TEST_STEP][PASSED] - Statement - If (!(el.isDisplayed())): null

2018-03-13 10:57:50 - [TEST_STEP][PASSED] - Statement - el = wes.get(i): null

2018-03-13 10:57:50 - [TEST_STEP][PASSED] - Statement - If (!(el.isDisplayed())): null

2018-03-13 10:57:50 - [TEST_STEP][PASSED] - Statement - el = wes.get(i): null

2018-03-13 10:57:50 - [TEST_STEP][PASSED] - Statement - If (!(el.isDisplayed())): null

2018-03-13 10:57:50 - [TEST_STEP][PASSED] - Statement - el = wes.get(i): null

2018-03-13 10:57:50 - [TEST_STEP][PASSED] - Statement - If (!(el.isDisplayed())): null

2018-03-13 10:57:50 - [TEST_STEP][PASSED] - Statement - el = wes.get(i): null

2018-03-13 10:57:50 - [TEST_STEP][PASSED] - Statement - If (!(el.isDisplayed())): null

2018-03-13 10:57:50 - [TEST_STEP][PASSED] - Statement - el = wes.get(i): null

2018-03-13 10:57:50 - [TEST_STEP][PASSED] - Statement - If (!(el.isDisplayed())): null

2018-03-13 10:57:50 - [TEST_STEP][PASSED] - Statement - el = wes.get(i): null

2018-03-13 10:57:50 - [TEST_STEP][PASSED] - Statement - If (!(el.isDisplayed())): null

2018-03-13 10:57:50 - [TEST_STEP][PASSED] - Statement - el = wes.get(i): null

2018-03-13 10:57:50 - [TEST_STEP][PASSED] - Statement - If (!(el.isDisplayed())): null

2018-03-13 10:57:50 - [TEST_STEP][PASSED] - Statement - el = wes.get(i): null

2018-03-13 10:57:50 - [TEST_STEP][PASSED] - Statement - If (!(el.isDisplayed())): null

2018-03-13 10:57:50 - [TEST_STEP][PASSED] - Statement - el = wes.get(i): null

2018-03-13 10:57:50 - [TEST_STEP][PASSED] - Statement - If (!(el.isDisplayed())): null

2018-03-13 10:57:50 - [TEST_STEP][PASSED] - Statement - el = wes.get(i): null

2018-03-13 10:57:50 - [TEST_STEP][PASSED] - Statement - If (!(el.isDisplayed())): null

2018-03-13 10:57:50 - [TEST_STEP][PASSED] - Statement - el = wes.get(i): null

2018-03-13 10:57:50 - [TEST_STEP][PASSED] - Statement - If (!(el.isDisplayed())): null

2018-03-13 10:57:50 - [TEST_STEP][PASSED] - Statement - el = wes.get(i): null

2018-03-13 10:57:50 - [TEST_STEP][PASSED] - Statement - If (!(el.isDisplayed())): null

2018-03-13 10:57:50 - [TEST_STEP][PASSED] - Statement - el = wes.get(i): null

2018-03-13 10:57:50 - [TEST_STEP][PASSED] - Statement - If (!(el.isDisplayed())): null

2018-03-13 10:57:50 - [TEST_STEP][PASSED] - Statement - el = wes.get(i): null

2018-03-13 10:57:50 - [TEST_STEP][PASSED] - Statement - If (!(el.isDisplayed())): null

2018-03-13 10:57:50 - [TEST_STEP][PASSED] - Statement - el = wes.get(i): null

2018-03-13 10:57:50 - [TEST_STEP][PASSED] - Statement - If (!(el.isDisplayed())): null

2018-03-13 10:57:50 - [TEST_STEP][PASSED] - closeBrowser: Browser is closed

2018-03-13 10:57:50 - [MESSAGE][PASSED] - Browser is closed]]></system-out>
         <system-err><![CDATA[]]></system-err>
      </testcase>
      <testcase name="Test Cases/Prototyp_Filialsuche (RC 18)/28_Testfall" classname="Test Cases/Prototyp_Filialsuche (RC 18)/28_Testfall" status="PASSED">
         <system-out><![CDATA[2018-03-13 10:57:50 - [TEST_CASE][PASSED] - Test Cases/Prototyp_Filialsuche (RC 18)/28_Testfall: Test Cases/Prototyp_Filialsuche (RC 18)/28_Testfall

2018-03-13 10:57:51 - [TEST_STEP][PASSED] - openBrowser: Browser is opened with url: ''

2018-03-13 10:57:57 - [MESSAGE][PASSED] - Browser is opened with url: ''

2018-03-13 10:57:57 - [TEST_STEP][PASSED] - deleteAllCookies: Delete all cookies successfully

2018-03-13 10:57:57 - [MESSAGE][PASSED] - Delete all cookies successfully

2018-03-13 10:57:57 - [TEST_STEP][PASSED] - maximizeWindow: Current window maximized

2018-03-13 10:57:57 - [MESSAGE][PASSED] - Current window maximized

2018-03-13 10:57:57 - [TEST_STEP][PASSED] - navigateToUrl: Navigate to 'http://rc-ogrhtmlprototyp.testintern/18-1-0/filialsuche.html' successfully

2018-03-13 10:57:59 - [MESSAGE][PASSED] - Navigate to 'http://rc-ogrhtmlprototyp.testintern/18-1-0/filialsuche.html' successfully

2018-03-13 10:57:59 - [TEST_STEP][PASSED] - waitForPageLoad: Wait for page load successfully

2018-03-13 10:57:59 - [MESSAGE][WARNING] - Timeout '0' is invalid. Using default page load timeout: '30'

2018-03-13 10:57:59 - [MESSAGE][PASSED] - Wait for page load successfully

2018-03-13 10:57:59 - [TEST_STEP][PASSED] - delay: Delayed 2 second(s)

2018-03-13 10:58:01 - [MESSAGE][PASSED] - Delayed 2 second(s)

2018-03-13 10:58:01 - [TEST_STEP][PASSED] - click: Object: 'Object Repository/002/Page_Filialsuche - BVR HTML Prototy (1)/svg_dropdown-icons' is clicked on

2018-03-13 10:58:01 - [MESSAGE][PASSED] - Object: 'Object Repository/002/Page_Filialsuche - BVR HTML Prototy (1)/svg_dropdown-icons' is clicked on

2018-03-13 10:58:01 - [TEST_STEP][PASSED] - delay: Delayed 2 second(s)

2018-03-13 10:58:03 - [MESSAGE][PASSED] - Delayed 2 second(s)

2018-03-13 10:58:03 - [TEST_STEP][PASSED] - mouseOver: Object: 'Object Repository/berlin/Page_Filialsuche - BVR HTML Prototy/div_Berlin' is hovered

2018-03-13 10:58:03 - [MESSAGE][PASSED] - Object: 'Object Repository/berlin/Page_Filialsuche - BVR HTML Prototy/div_Berlin' is hovered

2018-03-13 10:58:03 - [TEST_STEP][PASSED] - delay: Delayed 2 second(s)

2018-03-13 10:58:05 - [MESSAGE][PASSED] - Delayed 2 second(s)

2018-03-13 10:58:05 - [TEST_STEP][PASSED] - click: Object: 'Object Repository/berlin/Page_Filialsuche - BVR HTML Prototy/div_Berlin' is clicked on

2018-03-13 10:58:06 - [MESSAGE][PASSED] - Object: 'Object Repository/berlin/Page_Filialsuche - BVR HTML Prototy/div_Berlin' is clicked on

2018-03-13 10:58:06 - [TEST_STEP][PASSED] - delay: Delayed 5 second(s)

2018-03-13 10:58:11 - [MESSAGE][PASSED] - Delayed 5 second(s)

2018-03-13 10:58:11 - [TEST_STEP][PASSED] - Statement - wes = com.kms.katalon.core.webui.common.WebUiCommonHelper.findWebElements(com.kms.katalon.core.testobject.ObjectRepository.findTestObject(filial_map), 5): Found 37 web elements with id: 'Object Repository/filial_map' located by 'By.xpath: //div[@class='aps-map__custom-marker']' in '5' second(s)

2018-03-13 10:58:11 - [TEST_STEP][PASSED] - Statement - For ([i = 0, i < wes.size(), (i++)]): null

2018-03-13 10:58:11 - [TEST_STEP][PASSED] - Statement - el = wes.get(i): null

2018-03-13 10:58:11 - [TEST_STEP][PASSED] - Statement - If (!(el.isDisplayed())): null

2018-03-13 10:58:11 - [TEST_STEP][PASSED] - Statement - el = wes.get(i): null

2018-03-13 10:58:11 - [TEST_STEP][PASSED] - Statement - If (!(el.isDisplayed())): null

2018-03-13 10:58:11 - [TEST_STEP][PASSED] - Statement - el = wes.get(i): null

2018-03-13 10:58:11 - [TEST_STEP][PASSED] - Statement - If (!(el.isDisplayed())): null

2018-03-13 10:58:11 - [TEST_STEP][PASSED] - Statement - el = wes.get(i): null

2018-03-13 10:58:11 - [TEST_STEP][PASSED] - Statement - If (!(el.isDisplayed())): null

2018-03-13 10:58:11 - [TEST_STEP][PASSED] - Statement - el = wes.get(i): null

2018-03-13 10:58:11 - [TEST_STEP][PASSED] - Statement - If (!(el.isDisplayed())): null

2018-03-13 10:58:11 - [TEST_STEP][PASSED] - Statement - el = wes.get(i): null

2018-03-13 10:58:11 - [TEST_STEP][PASSED] - Statement - If (!(el.isDisplayed())): null

2018-03-13 10:58:11 - [TEST_STEP][PASSED] - Statement - el = wes.get(i): null

2018-03-13 10:58:11 - [TEST_STEP][PASSED] - Statement - If (!(el.isDisplayed())): null

2018-03-13 10:58:11 - [TEST_STEP][PASSED] - Statement - el = wes.get(i): null

2018-03-13 10:58:11 - [TEST_STEP][PASSED] - Statement - If (!(el.isDisplayed())): null

2018-03-13 10:58:11 - [TEST_STEP][PASSED] - Statement - el = wes.get(i): null

2018-03-13 10:58:11 - [TEST_STEP][PASSED] - Statement - If (!(el.isDisplayed())): null

2018-03-13 10:58:11 - [TEST_STEP][PASSED] - Statement - el = wes.get(i): null

2018-03-13 10:58:11 - [TEST_STEP][PASSED] - Statement - If (!(el.isDisplayed())): null

2018-03-13 10:58:11 - [TEST_STEP][PASSED] - Statement - el = wes.get(i): null

2018-03-13 10:58:11 - [TEST_STEP][PASSED] - Statement - If (!(el.isDisplayed())): null

2018-03-13 10:58:11 - [TEST_STEP][PASSED] - Statement - el = wes.get(i): null

2018-03-13 10:58:11 - [TEST_STEP][PASSED] - Statement - If (!(el.isDisplayed())): null

2018-03-13 10:58:11 - [TEST_STEP][PASSED] - Statement - el = wes.get(i): null

2018-03-13 10:58:11 - [TEST_STEP][PASSED] - Statement - If (!(el.isDisplayed())): null

2018-03-13 10:58:11 - [TEST_STEP][PASSED] - Statement - el = wes.get(i): null

2018-03-13 10:58:11 - [TEST_STEP][PASSED] - Statement - If (!(el.isDisplayed())): null

2018-03-13 10:58:11 - [TEST_STEP][PASSED] - Statement - el = wes.get(i): null

2018-03-13 10:58:11 - [TEST_STEP][PASSED] - Statement - If (!(el.isDisplayed())): null

2018-03-13 10:58:11 - [TEST_STEP][PASSED] - Statement - el = wes.get(i): null

2018-03-13 10:58:11 - [TEST_STEP][PASSED] - Statement - If (!(el.isDisplayed())): null

2018-03-13 10:58:11 - [TEST_STEP][PASSED] - Statement - el = wes.get(i): null

2018-03-13 10:58:11 - [TEST_STEP][PASSED] - Statement - If (!(el.isDisplayed())): null

2018-03-13 10:58:11 - [TEST_STEP][PASSED] - Statement - el = wes.get(i): null

2018-03-13 10:58:11 - [TEST_STEP][PASSED] - Statement - If (!(el.isDisplayed())): null

2018-03-13 10:58:11 - [TEST_STEP][PASSED] - Statement - el = wes.get(i): null

2018-03-13 10:58:11 - [TEST_STEP][PASSED] - Statement - If (!(el.isDisplayed())): null

2018-03-13 10:58:11 - [TEST_STEP][PASSED] - Statement - el = wes.get(i): null

2018-03-13 10:58:11 - [TEST_STEP][PASSED] - Statement - If (!(el.isDisplayed())): null

2018-03-13 10:58:11 - [TEST_STEP][PASSED] - Statement - el = wes.get(i): null

2018-03-13 10:58:11 - [TEST_STEP][PASSED] - Statement - If (!(el.isDisplayed())): null

2018-03-13 10:58:11 - [TEST_STEP][PASSED] - Statement - el = wes.get(i): null

2018-03-13 10:58:11 - [TEST_STEP][PASSED] - Statement - If (!(el.isDisplayed())): null

2018-03-13 10:58:11 - [TEST_STEP][PASSED] - Statement - el = wes.get(i): null

2018-03-13 10:58:11 - [TEST_STEP][PASSED] - Statement - If (!(el.isDisplayed())): null

2018-03-13 10:58:11 - [TEST_STEP][PASSED] - Statement - el = wes.get(i): null

2018-03-13 10:58:11 - [TEST_STEP][PASSED] - Statement - If (!(el.isDisplayed())): null

2018-03-13 10:58:11 - [TEST_STEP][PASSED] - Statement - el = wes.get(i): null

2018-03-13 10:58:11 - [TEST_STEP][PASSED] - Statement - If (!(el.isDisplayed())): null

2018-03-13 10:58:11 - [TEST_STEP][PASSED] - Statement - el = wes.get(i): null

2018-03-13 10:58:11 - [TEST_STEP][PASSED] - Statement - If (!(el.isDisplayed())): null

2018-03-13 10:58:11 - [TEST_STEP][PASSED] - Statement - el = wes.get(i): null

2018-03-13 10:58:11 - [TEST_STEP][PASSED] - Statement - If (!(el.isDisplayed())): null

2018-03-13 10:58:11 - [TEST_STEP][PASSED] - Statement - el = wes.get(i): null

2018-03-13 10:58:11 - [TEST_STEP][PASSED] - Statement - If (!(el.isDisplayed())): null

2018-03-13 10:58:11 - [TEST_STEP][PASSED] - Statement - el = wes.get(i): null

2018-03-13 10:58:11 - [TEST_STEP][PASSED] - Statement - If (!(el.isDisplayed())): null

2018-03-13 10:58:11 - [TEST_STEP][PASSED] - Statement - el = wes.get(i): null

2018-03-13 10:58:11 - [TEST_STEP][PASSED] - Statement - If (!(el.isDisplayed())): null

2018-03-13 10:58:11 - [TEST_STEP][PASSED] - Statement - el = wes.get(i): null

2018-03-13 10:58:11 - [TEST_STEP][PASSED] - Statement - If (!(el.isDisplayed())): null

2018-03-13 10:58:11 - [TEST_STEP][PASSED] - Statement - el = wes.get(i): null

2018-03-13 10:58:11 - [TEST_STEP][PASSED] - Statement - If (!(el.isDisplayed())): null

2018-03-13 10:58:11 - [TEST_STEP][PASSED] - Statement - el = wes.get(i): null

2018-03-13 10:58:11 - [TEST_STEP][PASSED] - Statement - If (!(el.isDisplayed())): null

2018-03-13 10:58:11 - [TEST_STEP][PASSED] - Statement - el = wes.get(i): null

2018-03-13 10:58:11 - [TEST_STEP][PASSED] - Statement - If (!(el.isDisplayed())): null

2018-03-13 10:58:12 - [TEST_STEP][PASSED] - Statement - el = wes.get(i): null

2018-03-13 10:58:12 - [TEST_STEP][PASSED] - Statement - If (!(el.isDisplayed())): null

2018-03-13 10:58:12 - [TEST_STEP][PASSED] - Statement - el = wes.get(i): null

2018-03-13 10:58:12 - [TEST_STEP][PASSED] - Statement - If (!(el.isDisplayed())): null

2018-03-13 10:58:12 - [TEST_STEP][PASSED] - Statement - el = wes.get(i): null

2018-03-13 10:58:12 - [TEST_STEP][PASSED] - Statement - If (!(el.isDisplayed())): null

2018-03-13 10:58:12 - [TEST_STEP][PASSED] - closeBrowser: Browser is closed

2018-03-13 10:58:12 - [MESSAGE][PASSED] - Browser is closed]]></system-out>
         <system-err><![CDATA[]]></system-err>
      </testcase>
      <testcase name="Test Cases/Prototyp_Filialsuche (RC 18)/29_Testfall" classname="Test Cases/Prototyp_Filialsuche (RC 18)/29_Testfall" status="PASSED">
         <system-out><![CDATA[2018-03-13 10:58:12 - [TEST_CASE][PASSED] - Test Cases/Prototyp_Filialsuche (RC 18)/29_Testfall: Test Cases/Prototyp_Filialsuche (RC 18)/29_Testfall

2018-03-13 10:58:12 - [TEST_STEP][PASSED] - openBrowser: Browser is opened with url: ''

2018-03-13 10:58:15 - [MESSAGE][PASSED] - Browser is opened with url: ''

2018-03-13 10:58:15 - [TEST_STEP][PASSED] - maximizeWindow: Current window maximized

2018-03-13 10:58:15 - [MESSAGE][PASSED] - Current window maximized

2018-03-13 10:58:15 - [TEST_STEP][PASSED] - deleteAllCookies: Delete all cookies successfully

2018-03-13 10:58:15 - [MESSAGE][PASSED] - Delete all cookies successfully

2018-03-13 10:58:15 - [TEST_STEP][PASSED] - navigateToUrl: Navigate to 'http://rc-ogrhtmlprototyp.testintern/18-1-0/filialsuche.html' successfully

2018-03-13 10:58:18 - [MESSAGE][PASSED] - Navigate to 'http://rc-ogrhtmlprototyp.testintern/18-1-0/filialsuche.html' successfully

2018-03-13 10:58:18 - [TEST_STEP][PASSED] - delay: Delayed 2 second(s)

2018-03-13 10:58:20 - [MESSAGE][PASSED] - Delayed 2 second(s)

2018-03-13 10:58:20 - [TEST_STEP][PASSED] - click: Object: 'Object Repository/03/Page_Filialsuche-rotenburg - BVR HT/svg_dropdown-icons' is clicked on

2018-03-13 10:58:20 - [MESSAGE][PASSED] - Object: 'Object Repository/03/Page_Filialsuche-rotenburg - BVR HT/svg_dropdown-icons' is clicked on

2018-03-13 10:58:20 - [TEST_STEP][PASSED] - delay: Delayed 2 second(s)

2018-03-13 10:58:22 - [MESSAGE][PASSED] - Delayed 2 second(s)

2018-03-13 10:58:22 - [TEST_STEP][PASSED] - mouseOver: Object: 'Object Repository/x/Page_Filialsuche - BVR HTML Prototy/div_Berlin' is hovered

2018-03-13 10:58:22 - [MESSAGE][PASSED] - Object: 'Object Repository/x/Page_Filialsuche - BVR HTML Prototy/div_Berlin' is hovered

2018-03-13 10:58:22 - [TEST_STEP][PASSED] - delay: Delayed 2 second(s)

2018-03-13 10:58:24 - [MESSAGE][PASSED] - Delayed 2 second(s)

2018-03-13 10:58:24 - [TEST_STEP][PASSED] - click: Object: 'Object Repository/x/Page_Filialsuche - BVR HTML Prototy/div_Berlin' is clicked on

2018-03-13 10:58:24 - [MESSAGE][PASSED] - Object: 'Object Repository/x/Page_Filialsuche - BVR HTML Prototy/div_Berlin' is clicked on

2018-03-13 10:58:24 - [TEST_STEP][PASSED] - delay: Delayed 5 second(s)

2018-03-13 10:58:29 - [MESSAGE][PASSED] - Delayed 5 second(s)

2018-03-13 10:58:29 - [TEST_STEP][PASSED] - verifyElementNotPresent: Web element with id: 'Object Repository/Entfernung_filialsuche' located by 'By.xpath: //span[@class='loc-distance']' is not present after '5' second(s)

2018-03-13 10:58:29 - [MESSAGE][PASSED] - Web element with id: 'Object Repository/Entfernung_filialsuche' located by 'By.xpath: //span[@class='loc-distance']' is not present after '5' second(s)

2018-03-13 10:58:29 - [TEST_STEP][PASSED] - closeBrowser: Browser is closed

2018-03-13 10:58:30 - [MESSAGE][PASSED] - Browser is closed]]></system-out>
         <system-err><![CDATA[]]></system-err>
      </testcase>
      <testcase name="Test Cases/Prototyp_Filialsuche (RC 18)/30_Testfall" classname="Test Cases/Prototyp_Filialsuche (RC 18)/30_Testfall" status="PASSED">
         <system-out><![CDATA[2018-03-13 10:58:30 - [TEST_CASE][PASSED] - Test Cases/Prototyp_Filialsuche (RC 18)/30_Testfall: Test Cases/Prototyp_Filialsuche (RC 18)/30_Testfall

2018-03-13 10:58:30 - [TEST_STEP][PASSED] - openBrowser: Browser is opened with url: ''

2018-03-13 10:58:36 - [MESSAGE][PASSED] - Browser is opened with url: ''

2018-03-13 10:58:36 - [TEST_STEP][PASSED] - maximizeWindow: Current window maximized

2018-03-13 10:58:36 - [MESSAGE][PASSED] - Current window maximized

2018-03-13 10:58:36 - [TEST_STEP][PASSED] - deleteAllCookies: Delete all cookies successfully

2018-03-13 10:58:36 - [MESSAGE][PASSED] - Delete all cookies successfully

2018-03-13 10:58:36 - [TEST_STEP][PASSED] - navigateToUrl: Navigate to 'http://rc-ogrhtmlprototyp.testintern/18-1-0/home-6-filialsuche.html' successfully

2018-03-13 10:58:38 - [MESSAGE][PASSED] - Navigate to 'http://rc-ogrhtmlprototyp.testintern/18-1-0/home-6-filialsuche.html' successfully

2018-03-13 10:58:38 - [TEST_STEP][PASSED] - delay: Delayed 5 second(s)

2018-03-13 10:58:43 - [MESSAGE][PASSED] - Delayed 5 second(s)

2018-03-13 10:58:43 - [TEST_STEP][PASSED] - click: Object: 'Object Repository/03/Page_Filialsuche-rotenburg - BVR HT/Page_Home-6-filialsuche - BVR HTML/svg_dropdown-icons' is clicked on

2018-03-13 10:58:43 - [MESSAGE][PASSED] - Object: 'Object Repository/03/Page_Filialsuche-rotenburg - BVR HT/Page_Home-6-filialsuche - BVR HTML/svg_dropdown-icons' is clicked on

2018-03-13 10:58:43 - [TEST_STEP][PASSED] - delay: Delayed 2 second(s)

2018-03-13 10:58:45 - [MESSAGE][PASSED] - Delayed 2 second(s)

2018-03-13 10:58:45 - [TEST_STEP][PASSED] - mouseOver: Object: 'Object Repository/002/Page_Home-6-filialsuche - BVR HTML/div_Berlin' is hovered

2018-03-13 10:58:45 - [MESSAGE][PASSED] - Object: 'Object Repository/002/Page_Home-6-filialsuche - BVR HTML/div_Berlin' is hovered

2018-03-13 10:58:45 - [TEST_STEP][PASSED] - delay: Delayed 2 second(s)

2018-03-13 10:58:47 - [MESSAGE][PASSED] - Delayed 2 second(s)

2018-03-13 10:58:47 - [TEST_STEP][PASSED] - click: Object: 'Object Repository/002/Page_Home-6-filialsuche - BVR HTML/div_Berlin' is clicked on

2018-03-13 10:58:47 - [MESSAGE][PASSED] - Object: 'Object Repository/002/Page_Home-6-filialsuche - BVR HTML/div_Berlin' is clicked on

2018-03-13 10:58:47 - [TEST_STEP][PASSED] - delay: Delayed 5 second(s)

2018-03-13 10:58:52 - [MESSAGE][PASSED] - Delayed 5 second(s)

2018-03-13 10:58:52 - [TEST_STEP][PASSED] - verifyElementNotPresent: Web element with id: 'Object Repository/Entfernung_filialsuche' located by 'By.xpath: //span[@class='loc-distance']' is not present after '5' second(s)

2018-03-13 10:58:52 - [MESSAGE][PASSED] - Web element with id: 'Object Repository/Entfernung_filialsuche' located by 'By.xpath: //span[@class='loc-distance']' is not present after '5' second(s)

2018-03-13 10:58:52 - [TEST_STEP][PASSED] - closeBrowser: Browser is closed

2018-03-13 10:58:52 - [MESSAGE][PASSED] - Browser is closed]]></system-out>
         <system-err><![CDATA[]]></system-err>
      </testcase>
      <testcase name="Test Cases/Prototyp_Filialsuche (RC 18)/31_Testfall" classname="Test Cases/Prototyp_Filialsuche (RC 18)/31_Testfall" status="PASSED">
         <system-out><![CDATA[2018-03-13 10:58:52 - [TEST_CASE][PASSED] - Test Cases/Prototyp_Filialsuche (RC 18)/31_Testfall: Test Cases/Prototyp_Filialsuche (RC 18)/31_Testfall

2018-03-13 10:58:53 - [TEST_STEP][PASSED] - openBrowser: Browser is opened with url: ''

2018-03-13 10:58:55 - [MESSAGE][PASSED] - Browser is opened with url: ''

2018-03-13 10:58:55 - [TEST_STEP][PASSED] - maximizeWindow: Current window maximized

2018-03-13 10:58:56 - [MESSAGE][PASSED] - Current window maximized

2018-03-13 10:58:56 - [TEST_STEP][PASSED] - deleteAllCookies: Delete all cookies successfully

2018-03-13 10:58:56 - [MESSAGE][PASSED] - Delete all cookies successfully

2018-03-13 10:58:56 - [TEST_STEP][PASSED] - navigateToUrl: Navigate to 'http://rc-ogrhtmlprototyp.testintern/18-1-0/detail.html' successfully

2018-03-13 10:58:58 - [MESSAGE][PASSED] - Navigate to 'http://rc-ogrhtmlprototyp.testintern/18-1-0/detail.html' successfully

2018-03-13 10:58:58 - [TEST_STEP][PASSED] - delay: Delayed 5 second(s)

2018-03-13 10:59:03 - [MESSAGE][PASSED] - Delayed 5 second(s)

2018-03-13 10:59:03 - [TEST_STEP][PASSED] - click: Object: 'Object Repository/002/Page_Detail - BVR HTML Prototyp/svg_dropdown-icons' is clicked on

2018-03-13 10:59:04 - [MESSAGE][PASSED] - Object: 'Object Repository/002/Page_Detail - BVR HTML Prototyp/svg_dropdown-icons' is clicked on

2018-03-13 10:59:04 - [TEST_STEP][PASSED] - delay: Delayed 2 second(s)

2018-03-13 10:59:06 - [MESSAGE][PASSED] - Delayed 2 second(s)

2018-03-13 10:59:06 - [TEST_STEP][PASSED] - mouseOver: Object: 'Object Repository/002/Page_Detail - BVR HTML Prototyp (1)/div_Berlin' is hovered

2018-03-13 10:59:06 - [MESSAGE][PASSED] - Object: 'Object Repository/002/Page_Detail - BVR HTML Prototyp (1)/div_Berlin' is hovered

2018-03-13 10:59:06 - [TEST_STEP][PASSED] - delay: Delayed 2 second(s)

2018-03-13 10:59:08 - [MESSAGE][PASSED] - Delayed 2 second(s)

2018-03-13 10:59:08 - [TEST_STEP][PASSED] - click: Object: 'Object Repository/002/Page_Detail - BVR HTML Prototyp (1)/div_Berlin' is clicked on

2018-03-13 10:59:08 - [MESSAGE][PASSED] - Object: 'Object Repository/002/Page_Detail - BVR HTML Prototyp (1)/div_Berlin' is clicked on

2018-03-13 10:59:08 - [TEST_STEP][PASSED] - delay: Delayed 5 second(s)

2018-03-13 10:59:13 - [MESSAGE][PASSED] - Delayed 5 second(s)

2018-03-13 10:59:13 - [TEST_STEP][PASSED] - verifyElementNotPresent: Web element with id: 'Object Repository/Entfernung_filialsuche' located by 'By.xpath: //span[@class='loc-distance']' is not present after '5' second(s)

2018-03-13 10:59:13 - [MESSAGE][PASSED] - Web element with id: 'Object Repository/Entfernung_filialsuche' located by 'By.xpath: //span[@class='loc-distance']' is not present after '5' second(s)

2018-03-13 10:59:13 - [TEST_STEP][PASSED] - closeBrowser: Browser is closed

2018-03-13 10:59:14 - [MESSAGE][PASSED] - Browser is closed]]></system-out>
         <system-err><![CDATA[]]></system-err>
      </testcase>
      <testcase name="Test Cases/Prototyp_Filialsuche (RC 18)/32_Testfall" classname="Test Cases/Prototyp_Filialsuche (RC 18)/32_Testfall" status="PASSED">
         <system-out><![CDATA[2018-03-13 10:59:14 - [TEST_CASE][PASSED] - Test Cases/Prototyp_Filialsuche (RC 18)/32_Testfall: Test Cases/Prototyp_Filialsuche (RC 18)/32_Testfall

2018-03-13 10:59:14 - [TEST_STEP][PASSED] - openBrowser: Browser is opened with url: ''

2018-03-13 10:59:18 - [MESSAGE][PASSED] - Browser is opened with url: ''

2018-03-13 10:59:18 - [TEST_STEP][PASSED] - maximizeWindow: Current window maximized

2018-03-13 10:59:18 - [MESSAGE][PASSED] - Current window maximized

2018-03-13 10:59:18 - [TEST_STEP][PASSED] - deleteAllCookies: Delete all cookies successfully

2018-03-13 10:59:18 - [MESSAGE][PASSED] - Delete all cookies successfully

2018-03-13 10:59:18 - [TEST_STEP][PASSED] - navigateToUrl: Navigate to 'http://rc-ogrhtmlprototyp.testintern/18-1-0/filialsuche.html' successfully

2018-03-13 10:59:20 - [MESSAGE][PASSED] - Navigate to 'http://rc-ogrhtmlprototyp.testintern/18-1-0/filialsuche.html' successfully

2018-03-13 10:59:20 - [TEST_STEP][PASSED] - delay: Delayed 5 second(s)

2018-03-13 10:59:25 - [MESSAGE][PASSED] - Delayed 5 second(s)

2018-03-13 10:59:25 - [TEST_STEP][PASSED] - click: Object: 'Object Repository/002/Page_Filialsuche - BVR HTML Prototy (1)/svg_dropdown-icons' is clicked on

2018-03-13 10:59:25 - [MESSAGE][PASSED] - Object: 'Object Repository/002/Page_Filialsuche - BVR HTML Prototy (1)/svg_dropdown-icons' is clicked on

2018-03-13 10:59:25 - [TEST_STEP][PASSED] - delay: Delayed 3 second(s)

2018-03-13 10:59:28 - [MESSAGE][PASSED] - Delayed 3 second(s)

2018-03-13 10:59:28 - [TEST_STEP][PASSED] - mouseOver: Object: 'Object Repository/berlin/Page_Filialsuche - BVR HTML Prototy/div_Berlin' is hovered

2018-03-13 10:59:29 - [MESSAGE][PASSED] - Object: 'Object Repository/berlin/Page_Filialsuche - BVR HTML Prototy/div_Berlin' is hovered

2018-03-13 10:59:29 - [TEST_STEP][PASSED] - delay: Delayed 3 second(s)

2018-03-13 10:59:32 - [MESSAGE][PASSED] - Delayed 3 second(s)

2018-03-13 10:59:32 - [TEST_STEP][PASSED] - click: Object: 'Object Repository/berlin/Page_Filialsuche - BVR HTML Prototy/div_Berlin' is clicked on

2018-03-13 10:59:32 - [MESSAGE][PASSED] - Object: 'Object Repository/berlin/Page_Filialsuche - BVR HTML Prototy/div_Berlin' is clicked on

2018-03-13 10:59:32 - [TEST_STEP][PASSED] - delay: Delayed 5 second(s)

2018-03-13 10:59:37 - [MESSAGE][PASSED] - Delayed 5 second(s)

2018-03-13 10:59:37 - [TEST_STEP][PASSED] - verifyElementNotPresent: Web element with id: 'Object Repository/Entfernung_filialsuche' located by 'By.xpath: //span[@class='loc-distance']' is not present after '5' second(s)

2018-03-13 10:59:37 - [MESSAGE][PASSED] - Web element with id: 'Object Repository/Entfernung_filialsuche' located by 'By.xpath: //span[@class='loc-distance']' is not present after '5' second(s)

2018-03-13 10:59:37 - [TEST_STEP][PASSED] - closeBrowser: Browser is closed

2018-03-13 10:59:37 - [MESSAGE][PASSED] - Browser is closed]]></system-out>
         <system-err><![CDATA[]]></system-err>
      </testcase>
      <testcase name="Test Cases/Prototyp_Filialsuche (RC 18)/33_Testfall" classname="Test Cases/Prototyp_Filialsuche (RC 18)/33_Testfall" status="PASSED">
         <system-out><![CDATA[2018-03-13 10:59:37 - [TEST_CASE][PASSED] - Test Cases/Prototyp_Filialsuche (RC 18)/33_Testfall: Test Cases/Prototyp_Filialsuche (RC 18)/33_Testfall

2018-03-13 10:59:38 - [TEST_STEP][PASSED] - openBrowser: Browser is opened with url: ''

2018-03-13 10:59:41 - [MESSAGE][PASSED] - Browser is opened with url: ''

2018-03-13 10:59:41 - [TEST_STEP][PASSED] - maximizeWindow: Current window maximized

2018-03-13 10:59:41 - [MESSAGE][PASSED] - Current window maximized

2018-03-13 10:59:41 - [TEST_STEP][PASSED] - deleteAllCookies: Delete all cookies successfully

2018-03-13 10:59:41 - [MESSAGE][PASSED] - Delete all cookies successfully

2018-03-13 10:59:41 - [TEST_STEP][PASSED] - navigateToUrl: Navigate to 'http://rc-ogrhtmlprototyp.testintern/18-1-0/filialsuche-textinput.html' successfully

2018-03-13 10:59:43 - [MESSAGE][PASSED] - Navigate to 'http://rc-ogrhtmlprototyp.testintern/18-1-0/filialsuche-textinput.html' successfully

2018-03-13 10:59:43 - [TEST_STEP][PASSED] - delay: Delayed 5 second(s)

2018-03-13 10:59:48 - [MESSAGE][PASSED] - Delayed 5 second(s)

2018-03-13 10:59:48 - [TEST_STEP][PASSED] - Statement - Try: Object 'Object Repository/Accordeon_filialsuche' is NOT visible

2018-03-13 10:59:48 - [TEST_STEP][PASSED] - verifyElementNotVisible: Object 'Object Repository/Accordeon_filialsuche' is NOT visible

2018-03-13 10:59:48 - [MESSAGE][PASSED] - Object 'Object Repository/Accordeon_filialsuche' is NOT visible

2018-03-13 10:59:48 - [TEST_STEP][PASSED] - verifyElementNotPresent: Web element with id: 'Object Repository/filial_map' located by 'By.xpath: //div[@class='aps-map__custom-marker']' is not present after '2' second(s)

2018-03-13 10:59:48 - [MESSAGE][PASSED] - Web element with id: 'Object Repository/filial_map' located by 'By.xpath: //div[@class='aps-map__custom-marker']' is not present after '2' second(s)

2018-03-13 10:59:48 - [TEST_STEP][PASSED] - closeBrowser: Browser is closed

2018-03-13 10:59:48 - [MESSAGE][PASSED] - Browser is closed]]></system-out>
         <system-err><![CDATA[]]></system-err>
      </testcase>
      <testcase name="Test Cases/Prototyp_Filialsuche (RC 18)/34_Testfall" classname="Test Cases/Prototyp_Filialsuche (RC 18)/34_Testfall" status="PASSED">
         <system-out><![CDATA[2018-03-13 10:59:48 - [TEST_CASE][PASSED] - Test Cases/Prototyp_Filialsuche (RC 18)/34_Testfall: Test Cases/Prototyp_Filialsuche (RC 18)/34_Testfall

2018-03-13 10:59:48 - [TEST_STEP][PASSED] - openBrowser: Browser is opened with url: ''

2018-03-13 10:59:53 - [MESSAGE][PASSED] - Browser is opened with url: ''

2018-03-13 10:59:53 - [TEST_STEP][PASSED] - maximizeWindow: Current window maximized

2018-03-13 10:59:53 - [MESSAGE][PASSED] - Current window maximized

2018-03-13 10:59:53 - [TEST_STEP][PASSED] - deleteAllCookies: Delete all cookies successfully

2018-03-13 10:59:53 - [MESSAGE][PASSED] - Delete all cookies successfully

2018-03-13 10:59:53 - [TEST_STEP][PASSED] - navigateToUrl: Navigate to 'http://rc-ogrhtmlprototyp.testintern/18-1-0/filialsuche-textinput.html' successfully

2018-03-13 10:59:55 - [MESSAGE][PASSED] - Navigate to 'http://rc-ogrhtmlprototyp.testintern/18-1-0/filialsuche-textinput.html' successfully

2018-03-13 10:59:55 - [TEST_STEP][PASSED] - delay: Delayed 2 second(s)

2018-03-13 10:59:57 - [MESSAGE][PASSED] - Delayed 2 second(s)

2018-03-13 10:59:57 - [TEST_STEP][PASSED] - setText: Text 'berlin' is set on object 'Object Repository/34TF/Page_Filialsuche-textinput - BVR HT/input_city'

2018-03-13 10:59:57 - [MESSAGE][PASSED] - Text 'berlin' is set on object 'Object Repository/34TF/Page_Filialsuche-textinput - BVR HT/input_city'

2018-03-13 10:59:57 - [TEST_STEP][PASSED] - click: Object: 'Object Repository/34TF/Page_Filialsuche-textinput - BVR HT (1)/button_Suchen' is clicked on

2018-03-13 10:59:57 - [MESSAGE][PASSED] - Object: 'Object Repository/34TF/Page_Filialsuche-textinput - BVR HT (1)/button_Suchen' is clicked on

2018-03-13 10:59:57 - [TEST_STEP][PASSED] - delay: Delayed 3 second(s)

2018-03-13 11:00:00 - [MESSAGE][PASSED] - Delayed 3 second(s)

2018-03-13 11:00:00 - [TEST_STEP][PASSED] - verifyElementNotPresent: Web element with id: 'Object Repository/Akkordeon_plus_filialsuche' located by 'By.xpath: //a[@class='acc-header acc-header--open']' is not present after '5' second(s)

2018-03-13 11:00:00 - [MESSAGE][PASSED] - Web element with id: 'Object Repository/Akkordeon_plus_filialsuche' located by 'By.xpath: //a[@class='acc-header acc-header--open']' is not present after '5' second(s)

2018-03-13 11:00:00 - [TEST_STEP][PASSED] - closeBrowser: Browser is closed

2018-03-13 11:00:01 - [MESSAGE][PASSED] - Browser is closed]]></system-out>
         <system-err><![CDATA[]]></system-err>
      </testcase>
      <testcase name="Test Cases/Prototyp_Filialsuche (RC 18)/35_Testfall" classname="Test Cases/Prototyp_Filialsuche (RC 18)/35_Testfall" status="PASSED">
         <system-out><![CDATA[2018-03-13 11:00:01 - [TEST_CASE][PASSED] - Test Cases/Prototyp_Filialsuche (RC 18)/35_Testfall: Test Cases/Prototyp_Filialsuche (RC 18)/35_Testfall

2018-03-13 11:00:01 - [TEST_STEP][PASSED] - openBrowser: Browser is opened with url: ''

2018-03-13 11:00:05 - [MESSAGE][PASSED] - Browser is opened with url: ''

2018-03-13 11:00:05 - [TEST_STEP][PASSED] - maximizeWindow: Current window maximized

2018-03-13 11:00:05 - [MESSAGE][PASSED] - Current window maximized

2018-03-13 11:00:05 - [TEST_STEP][PASSED] - deleteAllCookies: Delete all cookies successfully

2018-03-13 11:00:05 - [MESSAGE][PASSED] - Delete all cookies successfully

2018-03-13 11:00:05 - [TEST_STEP][PASSED] - navigateToUrl: Navigate to 'http://rc-ogrhtmlprototyp.testintern/18-1-0/filialsuche-rotenburg-textinput.html' successfully

2018-03-13 11:00:06 - [MESSAGE][PASSED] - Navigate to 'http://rc-ogrhtmlprototyp.testintern/18-1-0/filialsuche-rotenburg-textinput.html' successfully

2018-03-13 11:00:06 - [TEST_STEP][PASSED] - delay: Delayed 5 second(s)

2018-03-13 11:00:11 - [MESSAGE][PASSED] - Delayed 5 second(s)

2018-03-13 11:00:11 - [TEST_STEP][PASSED] - setText: Text 'Bad Hersfeld' is set on object 'Object Repository/Filialsuche_Inputtext'

2018-03-13 11:00:11 - [MESSAGE][PASSED] - Text 'Bad Hersfeld' is set on object 'Object Repository/Filialsuche_Inputtext'

2018-03-13 11:00:11 - [TEST_STEP][PASSED] - delay: Delayed 2 second(s)

2018-03-13 11:00:13 - [MESSAGE][PASSED] - Delayed 2 second(s)

2018-03-13 11:00:13 - [TEST_STEP][PASSED] - submit: The form containing object: 'Object Repository/Filialsuche_submit_button' is submitted

2018-03-13 11:00:13 - [MESSAGE][PASSED] - The form containing object: 'Object Repository/Filialsuche_submit_button' is submitted

2018-03-13 11:00:13 - [TEST_STEP][PASSED] - delay: Delayed 2 second(s)

2018-03-13 11:00:15 - [MESSAGE][PASSED] - Delayed 2 second(s)

2018-03-13 11:00:15 - [TEST_STEP][PASSED] - verifyElementVisible: Object 'Object Repository/Entfernung_filialsuche' is visible

2018-03-13 11:00:15 - [MESSAGE][PASSED] - Object 'Object Repository/Entfernung_filialsuche' is visible

2018-03-13 11:00:15 - [TEST_STEP][PASSED] - closeBrowser: Browser is closed

2018-03-13 11:00:16 - [MESSAGE][PASSED] - Browser is closed]]></system-out>
         <system-err><![CDATA[]]></system-err>
      </testcase>
      <testcase name="Test Cases/Prototyp_Filialsuche (RC 18)/36_Testfall" classname="Test Cases/Prototyp_Filialsuche (RC 18)/36_Testfall" status="PASSED">
         <system-out><![CDATA[2018-03-13 11:00:16 - [TEST_CASE][PASSED] - Test Cases/Prototyp_Filialsuche (RC 18)/36_Testfall: Test Cases/Prototyp_Filialsuche (RC 18)/36_Testfall

2018-03-13 11:00:16 - [TEST_STEP][PASSED] - openBrowser: Browser is opened with url: ''

2018-03-13 11:00:20 - [MESSAGE][PASSED] - Browser is opened with url: ''

2018-03-13 11:00:20 - [TEST_STEP][PASSED] - maximizeWindow: Current window maximized

2018-03-13 11:00:20 - [MESSAGE][PASSED] - Current window maximized

2018-03-13 11:00:20 - [TEST_STEP][PASSED] - deleteAllCookies: Delete all cookies successfully

2018-03-13 11:00:20 - [MESSAGE][PASSED] - Delete all cookies successfully

2018-03-13 11:00:20 - [TEST_STEP][PASSED] - navigateToUrl: Navigate to 'http://rc-ogrhtmlprototyp.testintern/18-1-0/filialsuche-rotenburg-textinput.html' successfully

2018-03-13 11:00:22 - [MESSAGE][PASSED] - Navigate to 'http://rc-ogrhtmlprototyp.testintern/18-1-0/filialsuche-rotenburg-textinput.html' successfully

2018-03-13 11:00:22 - [TEST_STEP][PASSED] - delay: Delayed 2 second(s)

2018-03-13 11:00:24 - [MESSAGE][PASSED] - Delayed 2 second(s)

2018-03-13 11:00:24 - [TEST_STEP][PASSED] - setText: Text 'Bad Hersfeld' is set on object 'Object Repository/34TF/Page_Filialsuche-textinput - BVR HT/input_city'

2018-03-13 11:00:24 - [MESSAGE][PASSED] - Text 'Bad Hersfeld' is set on object 'Object Repository/34TF/Page_Filialsuche-textinput - BVR HT/input_city'

2018-03-13 11:00:24 - [TEST_STEP][PASSED] - click: Object: 'Object Repository/34TF/Page_Filialsuche-textinput - BVR HT (1)/button_Suchen' is clicked on

2018-03-13 11:00:25 - [MESSAGE][PASSED] - Object: 'Object Repository/34TF/Page_Filialsuche-textinput - BVR HT (1)/button_Suchen' is clicked on

2018-03-13 11:00:25 - [TEST_STEP][PASSED] - delay: Delayed 3 second(s)

2018-03-13 11:00:28 - [MESSAGE][PASSED] - Delayed 3 second(s)

2018-03-13 11:00:28 - [TEST_STEP][PASSED] - verifyElementNotPresent: Web element with id: 'Object Repository/Akkordeon_plus_filialsuche' located by 'By.xpath: //a[@class='acc-header acc-header--open']' is not present after '5' second(s)

2018-03-13 11:00:28 - [MESSAGE][PASSED] - Web element with id: 'Object Repository/Akkordeon_plus_filialsuche' located by 'By.xpath: //a[@class='acc-header acc-header--open']' is not present after '5' second(s)

2018-03-13 11:00:28 - [TEST_STEP][PASSED] - closeBrowser: Browser is closed

2018-03-13 11:00:28 - [MESSAGE][PASSED] - Browser is closed]]></system-out>
         <system-err><![CDATA[]]></system-err>
      </testcase>
      <testcase name="Test Cases/Prototyp_Filialsuche (RC 18)/37_Testfall" classname="Test Cases/Prototyp_Filialsuche (RC 18)/37_Testfall" status="PASSED">
         <system-out><![CDATA[2018-03-13 11:00:28 - [TEST_CASE][PASSED] - Test Cases/Prototyp_Filialsuche (RC 18)/37_Testfall: Test Cases/Prototyp_Filialsuche (RC 18)/37_Testfall

2018-03-13 11:00:28 - [TEST_STEP][PASSED] - openBrowser: Browser is opened with url: ''

2018-03-13 11:00:32 - [MESSAGE][PASSED] - Browser is opened with url: ''

2018-03-13 11:00:32 - [TEST_STEP][PASSED] - maximizeWindow: Current window maximized

2018-03-13 11:00:32 - [MESSAGE][PASSED] - Current window maximized

2018-03-13 11:00:32 - [TEST_STEP][PASSED] - deleteAllCookies: Delete all cookies successfully

2018-03-13 11:00:32 - [MESSAGE][PASSED] - Delete all cookies successfully

2018-03-13 11:00:32 - [TEST_STEP][PASSED] - navigateToUrl: Navigate to 'http://rc-ogrhtmlprototyp.testintern/18-1-0/filialsuche-nuernberg-textinput.html' successfully

2018-03-13 11:00:33 - [MESSAGE][PASSED] - Navigate to 'http://rc-ogrhtmlprototyp.testintern/18-1-0/filialsuche-nuernberg-textinput.html' successfully

2018-03-13 11:00:33 - [TEST_STEP][PASSED] - delay: Delayed 5 second(s)

2018-03-13 11:00:38 - [MESSAGE][PASSED] - Delayed 5 second(s)

2018-03-13 11:00:38 - [TEST_STEP][PASSED] - setText: Text 'Nürnberg' is set on object 'Object Repository/Filialsuche_Inputtext'

2018-03-13 11:00:38 - [MESSAGE][PASSED] - Text 'Nürnberg' is set on object 'Object Repository/Filialsuche_Inputtext'

2018-03-13 11:00:38 - [TEST_STEP][PASSED] - delay: Delayed 2 second(s)

2018-03-13 11:00:40 - [MESSAGE][PASSED] - Delayed 2 second(s)

2018-03-13 11:00:40 - [TEST_STEP][PASSED] - submit: The form containing object: 'Object Repository/Filialsuche_submit_button' is submitted

2018-03-13 11:00:40 - [MESSAGE][PASSED] - The form containing object: 'Object Repository/Filialsuche_submit_button' is submitted

2018-03-13 11:00:40 - [TEST_STEP][PASSED] - delay: Delayed 2 second(s)

2018-03-13 11:00:42 - [MESSAGE][PASSED] - Delayed 2 second(s)

2018-03-13 11:00:42 - [TEST_STEP][PASSED] - verifyElementVisible: Object 'Object Repository/Entfernung_filialsuche' is visible

2018-03-13 11:00:42 - [MESSAGE][PASSED] - Object 'Object Repository/Entfernung_filialsuche' is visible

2018-03-13 11:00:42 - [TEST_STEP][PASSED] - closeBrowser: Browser is closed

2018-03-13 11:00:43 - [MESSAGE][PASSED] - Browser is closed]]></system-out>
         <system-err><![CDATA[]]></system-err>
      </testcase>
      <testcase name="Test Cases/Prototyp_Filialsuche (RC 18)/38_Testfall" classname="Test Cases/Prototyp_Filialsuche (RC 18)/38_Testfall" status="PASSED">
         <system-out><![CDATA[2018-03-13 11:00:43 - [TEST_CASE][PASSED] - Test Cases/Prototyp_Filialsuche (RC 18)/38_Testfall: Test Cases/Prototyp_Filialsuche (RC 18)/38_Testfall

2018-03-13 11:00:43 - [TEST_STEP][PASSED] - openBrowser: Browser is opened with url: ''

2018-03-13 11:00:46 - [MESSAGE][PASSED] - Browser is opened with url: ''

2018-03-13 11:00:46 - [TEST_STEP][PASSED] - deleteAllCookies: Delete all cookies successfully

2018-03-13 11:00:46 - [MESSAGE][PASSED] - Delete all cookies successfully

2018-03-13 11:00:46 - [TEST_STEP][PASSED] - maximizeWindow: Current window maximized

2018-03-13 11:00:46 - [MESSAGE][PASSED] - Current window maximized

2018-03-13 11:00:46 - [TEST_STEP][PASSED] - navigateToUrl: Navigate to 'http://rc-ogrhtmlprototyp.testintern/18-1-0/filialsuche-wangen.html' successfully

2018-03-13 11:00:49 - [MESSAGE][PASSED] - Navigate to 'http://rc-ogrhtmlprototyp.testintern/18-1-0/filialsuche-wangen.html' successfully

2018-03-13 11:00:49 - [TEST_STEP][PASSED] - delay: Delayed 2 second(s)

2018-03-13 11:00:51 - [MESSAGE][PASSED] - Delayed 2 second(s)

2018-03-13 11:00:51 - [TEST_STEP][PASSED] - click: Object: 'Object Repository/16TF/Page_Filialsuche-wangen - BVR HTML/span_Geschftsstelle Brtlingen' is clicked on

2018-03-13 11:00:51 - [MESSAGE][PASSED] - Object: 'Object Repository/16TF/Page_Filialsuche-wangen - BVR HTML/span_Geschftsstelle Brtlingen' is clicked on

2018-03-13 11:00:51 - [TEST_STEP][PASSED] - delay: Delayed 2 second(s)

2018-03-13 11:00:53 - [MESSAGE][PASSED] - Delayed 2 second(s)

2018-03-13 11:00:53 - [TEST_STEP][PASSED] - verifyTextPresent: Text 'Hauptstr. 56' is present on page 

2018-03-13 11:00:54 - [MESSAGE][PASSED] - Text 'Hauptstr. 56' is present on page 

2018-03-13 11:00:54 - [TEST_STEP][PASSED] - verifyTextPresent: Text '73104 Börtlingen' is present on page 

2018-03-13 11:00:55 - [MESSAGE][PASSED] - Text '73104 Börtlingen' is present on page 

2018-03-13 11:00:55 - [TEST_STEP][PASSED] - click: Object: 'Object Repository/16TF/Page_Filialsuche-wangen - BVR HTML/span_Geschftsstelle Rechbergha' is clicked on

2018-03-13 11:00:55 - [MESSAGE][PASSED] - Object: 'Object Repository/16TF/Page_Filialsuche-wangen - BVR HTML/span_Geschftsstelle Rechbergha' is clicked on

2018-03-13 11:00:55 - [TEST_STEP][PASSED] - delay: Delayed 2 second(s)

2018-03-13 11:00:57 - [MESSAGE][PASSED] - Delayed 2 second(s)

2018-03-13 11:00:57 - [TEST_STEP][PASSED] - verifyTextPresent: Text 'Hauptstr. 37' is present on page 

2018-03-13 11:00:58 - [MESSAGE][PASSED] - Text 'Hauptstr. 37' is present on page 

2018-03-13 11:00:58 - [TEST_STEP][PASSED] - verifyTextPresent: Text '73098 Rechberghausen' is present on page 

2018-03-13 11:00:59 - [MESSAGE][PASSED] - Text '73098 Rechberghausen' is present on page 

2018-03-13 11:00:59 - [TEST_STEP][PASSED] - scrollToElement: Scroll to object 'Object Repository/16TF/Page_Filialsuche-wangen - BVR HTML/span_Geschftsstelle Uhingen-Ho' successfully

2018-03-13 11:00:59 - [MESSAGE][WARNING] - Timeout '0' is invalid. Using default page load timeout: '30'

2018-03-13 11:00:59 - [MESSAGE][PASSED] - Scroll to object 'Object Repository/16TF/Page_Filialsuche-wangen - BVR HTML/span_Geschftsstelle Uhingen-Ho' successfully

2018-03-13 11:00:59 - [TEST_STEP][PASSED] - click: Object: 'Object Repository/16TF/Page_Filialsuche-wangen - BVR HTML/span_Geschftsstelle Uhingen-Ho' is clicked on

2018-03-13 11:00:59 - [MESSAGE][PASSED] - Object: 'Object Repository/16TF/Page_Filialsuche-wangen - BVR HTML/span_Geschftsstelle Uhingen-Ho' is clicked on

2018-03-13 11:00:59 - [TEST_STEP][PASSED] - delay: Delayed 3 second(s)

2018-03-13 11:01:02 - [MESSAGE][PASSED] - Delayed 3 second(s)

2018-03-13 11:01:02 - [TEST_STEP][PASSED] - verifyTextPresent: Text 'Dorfstr. 17 a' is present on page 

2018-03-13 11:01:03 - [MESSAGE][PASSED] - Text 'Dorfstr. 17 a' is present on page 

2018-03-13 11:01:03 - [TEST_STEP][PASSED] - verifyTextPresent: Text '73066 Uhingen' is present on page 

2018-03-13 11:01:04 - [MESSAGE][PASSED] - Text '73066 Uhingen' is present on page 

2018-03-13 11:01:04 - [TEST_STEP][PASSED] - scrollToElement: Scroll to object 'Object Repository/16TF/Page_Filialsuche-wangen - BVR HTML/span_Raiffeisenbank Wangen eG' successfully

2018-03-13 11:01:04 - [MESSAGE][WARNING] - Timeout '0' is invalid. Using default page load timeout: '30'

2018-03-13 11:01:04 - [MESSAGE][PASSED] - Scroll to object 'Object Repository/16TF/Page_Filialsuche-wangen - BVR HTML/span_Raiffeisenbank Wangen eG' successfully

2018-03-13 11:01:04 - [TEST_STEP][PASSED] - click: Object: 'Object Repository/16TF/Page_Filialsuche-wangen - BVR HTML/span_Raiffeisenbank Wangen eG' is clicked on

2018-03-13 11:01:04 - [MESSAGE][PASSED] - Object: 'Object Repository/16TF/Page_Filialsuche-wangen - BVR HTML/span_Raiffeisenbank Wangen eG' is clicked on

2018-03-13 11:01:04 - [TEST_STEP][PASSED] - delay: Delayed 2 second(s)

2018-03-13 11:01:06 - [MESSAGE][PASSED] - Delayed 2 second(s)

2018-03-13 11:01:06 - [TEST_STEP][PASSED] - verifyTextPresent: Text 'Hauptstr.44' is present on page 

2018-03-13 11:01:07 - [MESSAGE][PASSED] - Text 'Hauptstr.44' is present on page 

2018-03-13 11:01:07 - [TEST_STEP][PASSED] - verifyTextPresent: Text '73117 Wangen' is present on page 

2018-03-13 11:01:08 - [MESSAGE][PASSED] - Text '73117 Wangen' is present on page 

2018-03-13 11:01:08 - [TEST_STEP][PASSED] - closeBrowser: Browser is closed

2018-03-13 11:01:08 - [MESSAGE][PASSED] - Browser is closed]]></system-out>
         <system-err><![CDATA[]]></system-err>
      </testcase>
      <testcase name="Test Cases/Prototyp_Filialsuche (RC 18)/39_Testfall" classname="Test Cases/Prototyp_Filialsuche (RC 18)/39_Testfall" status="PASSED">
         <system-out><![CDATA[2018-03-13 11:01:08 - [TEST_CASE][PASSED] - Test Cases/Prototyp_Filialsuche (RC 18)/39_Testfall: Test Cases/Prototyp_Filialsuche (RC 18)/39_Testfall

2018-03-13 11:01:08 - [TEST_STEP][PASSED] - openBrowser: Browser is opened with url: ''

2018-03-13 11:01:12 - [MESSAGE][PASSED] - Browser is opened with url: ''

2018-03-13 11:01:12 - [TEST_STEP][PASSED] - maximizeWindow: Current window maximized

2018-03-13 11:01:12 - [MESSAGE][PASSED] - Current window maximized

2018-03-13 11:01:12 - [TEST_STEP][PASSED] - deleteAllCookies: Delete all cookies successfully

2018-03-13 11:01:12 - [MESSAGE][PASSED] - Delete all cookies successfully

2018-03-13 11:01:12 - [TEST_STEP][PASSED] - navigateToUrl: Navigate to 'http://rc-ogrhtmlprototyp.testintern/18-1-0/filialsuche.html' successfully

2018-03-13 11:01:13 - [MESSAGE][PASSED] - Navigate to 'http://rc-ogrhtmlprototyp.testintern/18-1-0/filialsuche.html' successfully

2018-03-13 11:01:13 - [TEST_STEP][PASSED] - delay: Delayed 5 second(s)

2018-03-13 11:01:18 - [MESSAGE][PASSED] - Delayed 5 second(s)

2018-03-13 11:01:18 - [TEST_STEP][PASSED] - click: Object: 'Object Repository/002/Page_Filialsuche-rotenburg - BVR HT/svg_dropdown-icons' is clicked on

2018-03-13 11:01:19 - [MESSAGE][PASSED] - Object: 'Object Repository/002/Page_Filialsuche-rotenburg - BVR HT/svg_dropdown-icons' is clicked on

2018-03-13 11:01:19 - [TEST_STEP][PASSED] - delay: Delayed 2 second(s)

2018-03-13 11:01:21 - [MESSAGE][PASSED] - Delayed 2 second(s)

2018-03-13 11:01:21 - [TEST_STEP][PASSED] - scrollToElement: Scroll to object 'Object Repository/Belitz_option' successfully

2018-03-13 11:01:21 - [MESSAGE][PASSED] - Scroll to object 'Object Repository/Belitz_option' successfully

2018-03-13 11:01:21 - [TEST_STEP][PASSED] - delay: Delayed 2 second(s)

2018-03-13 11:01:23 - [MESSAGE][PASSED] - Delayed 2 second(s)

2018-03-13 11:01:23 - [TEST_STEP][PASSED] - mouseOver: Object: 'Object Repository/Belitz_option' is hovered

2018-03-13 11:01:23 - [MESSAGE][PASSED] - Object: 'Object Repository/Belitz_option' is hovered

2018-03-13 11:01:23 - [TEST_STEP][PASSED] - delay: Delayed 2 second(s)

2018-03-13 11:01:25 - [MESSAGE][PASSED] - Delayed 2 second(s)

2018-03-13 11:01:25 - [TEST_STEP][PASSED] - click: Object: 'Object Repository/Belitz_option' is clicked on

2018-03-13 11:01:25 - [MESSAGE][PASSED] - Object: 'Object Repository/Belitz_option' is clicked on

2018-03-13 11:01:25 - [TEST_STEP][PASSED] - delay: Delayed 5 second(s)

2018-03-13 11:01:30 - [MESSAGE][PASSED] - Delayed 5 second(s)

2018-03-13 11:01:30 - [TEST_STEP][PASSED] - Statement - wes = com.kms.katalon.core.webui.common.WebUiCommonHelper.findWebElements(com.kms.katalon.core.testobject.ObjectRepository.findTestObject(loc_steet_filialsuche), 5): Found 37 web elements with id: 'Object Repository/loc_steet_filialsuche' located by 'By.xpath: //div[@class='loc-street']' in '5' second(s)

2018-03-13 11:01:30 - [TEST_STEP][PASSED] - Statement - For ([i = 1, i < wes.size(), (i++)]): null

2018-03-13 11:01:30 - [TEST_STEP][PASSED] - Statement - el = wes.get(i): null

2018-03-13 11:01:30 - [TEST_STEP][PASSED] - Statement - el_prev = wes.get(i - 1): null

2018-03-13 11:01:30 - [TEST_STEP][PASSED] - Statement - text = el.getAttribute("innerHTML"): null

2018-03-13 11:01:30 - [TEST_STEP][PASSED] - Statement - text_prev = el_prev.getAttribute("innerHTML"): null

2018-03-13 11:01:30 - [TEST_STEP][PASSED] - Statement - text = text.replaceAll("ö", "o"): null

2018-03-13 11:01:30 - [TEST_STEP][PASSED] - Statement - text = text.replaceAll("Ö", "O"): null

2018-03-13 11:01:30 - [TEST_STEP][PASSED] - Statement - text_prev = text_prev.replaceAll("ö", "o"): null

2018-03-13 11:01:30 - [TEST_STEP][PASSED] - Statement - text_prev = text_prev.replaceAll("Ö", "O"): null

2018-03-13 11:01:30 - [TEST_STEP][PASSED] - Statement - text = text.replaceAll("ä", "a"): null

2018-03-13 11:01:30 - [TEST_STEP][PASSED] - Statement - text = text.replaceAll("Ä", "A"): null

2018-03-13 11:01:30 - [TEST_STEP][PASSED] - Statement - text_prev = text_prev.replaceAll("ä", "a"): null

2018-03-13 11:01:30 - [TEST_STEP][PASSED] - Statement - text_prev = text_prev.replaceAll("Ä", "A"): null

2018-03-13 11:01:30 - [TEST_STEP][PASSED] - Statement - text = text.replaceAll("ü", "u"): null

2018-03-13 11:01:30 - [TEST_STEP][PASSED] - Statement - text = text.replaceAll("Ü", "U"): null

2018-03-13 11:01:30 - [TEST_STEP][PASSED] - Statement - text_prev = text_prev.replaceAll("ü", "u"): null

2018-03-13 11:01:30 - [TEST_STEP][PASSED] - Statement - text_prev = text_prev.replaceAll("Ü", "U"): null

2018-03-13 11:01:30 - [TEST_STEP][PASSED] - Statement - ch = text.charAt(0): null

2018-03-13 11:01:30 - [TEST_STEP][PASSED] - Statement - ch_prev = el_prev.getAttribute("innerHTML").charAt(0): null

2018-03-13 11:01:30 - [TEST_STEP][PASSED] - Statement - If (ch_prev > ch): null

2018-03-13 11:01:30 - [TEST_STEP][PASSED] - Statement - Else If (ch_prev == ch): null

2018-03-13 11:01:30 - [TEST_STEP][PASSED] - Statement - ch = text.charAt(1): null

2018-03-13 11:01:30 - [TEST_STEP][PASSED] - Statement - ch_prev = text_prev.charAt(1): null

2018-03-13 11:01:30 - [TEST_STEP][PASSED] - Statement - If (ch_prev > ch): null

2018-03-13 11:01:30 - [TEST_STEP][PASSED] - Statement - Else If (ch_prev == ch): null

2018-03-13 11:01:30 - [TEST_STEP][PASSED] - Statement - ch = text.charAt(2): null

2018-03-13 11:01:30 - [TEST_STEP][PASSED] - Statement - ch_prev = text_prev.charAt(2): null

2018-03-13 11:01:30 - [TEST_STEP][PASSED] - Statement - If (ch_prev > ch): null

2018-03-13 11:01:30 - [TEST_STEP][PASSED] - Statement - el = wes.get(i): null

2018-03-13 11:01:30 - [TEST_STEP][PASSED] - Statement - el_prev = wes.get(i - 1): null

2018-03-13 11:01:30 - [TEST_STEP][PASSED] - Statement - text = el.getAttribute("innerHTML"): null

2018-03-13 11:01:30 - [TEST_STEP][PASSED] - Statement - text_prev = el_prev.getAttribute("innerHTML"): null

2018-03-13 11:01:30 - [TEST_STEP][PASSED] - Statement - text = text.replaceAll("ö", "o"): null

2018-03-13 11:01:30 - [TEST_STEP][PASSED] - Statement - text = text.replaceAll("Ö", "O"): null

2018-03-13 11:01:30 - [TEST_STEP][PASSED] - Statement - text_prev = text_prev.replaceAll("ö", "o"): null

2018-03-13 11:01:30 - [TEST_STEP][PASSED] - Statement - text_prev = text_prev.replaceAll("Ö", "O"): null

2018-03-13 11:01:30 - [TEST_STEP][PASSED] - Statement - text = text.replaceAll("ä", "a"): null

2018-03-13 11:01:30 - [TEST_STEP][PASSED] - Statement - text = text.replaceAll("Ä", "A"): null

2018-03-13 11:01:30 - [TEST_STEP][PASSED] - Statement - text_prev = text_prev.replaceAll("ä", "a"): null

2018-03-13 11:01:30 - [TEST_STEP][PASSED] - Statement - text_prev = text_prev.replaceAll("Ä", "A"): null

2018-03-13 11:01:30 - [TEST_STEP][PASSED] - Statement - text = text.replaceAll("ü", "u"): null

2018-03-13 11:01:30 - [TEST_STEP][PASSED] - Statement - text = text.replaceAll("Ü", "U"): null

2018-03-13 11:01:30 - [TEST_STEP][PASSED] - Statement - text_prev = text_prev.replaceAll("ü", "u"): null

2018-03-13 11:01:30 - [TEST_STEP][PASSED] - Statement - text_prev = text_prev.replaceAll("Ü", "U"): null

2018-03-13 11:01:30 - [TEST_STEP][PASSED] - Statement - ch = text.charAt(0): null

2018-03-13 11:01:30 - [TEST_STEP][PASSED] - Statement - ch_prev = el_prev.getAttribute("innerHTML").charAt(0): null

2018-03-13 11:01:30 - [TEST_STEP][PASSED] - Statement - If (ch_prev > ch): null

2018-03-13 11:01:30 - [TEST_STEP][PASSED] - Statement - el = wes.get(i): null

2018-03-13 11:01:31 - [TEST_STEP][PASSED] - Statement - el_prev = wes.get(i - 1): null

2018-03-13 11:01:31 - [TEST_STEP][PASSED] - Statement - text = el.getAttribute("innerHTML"): null

2018-03-13 11:01:31 - [TEST_STEP][PASSED] - Statement - text_prev = el_prev.getAttribute("innerHTML"): null

2018-03-13 11:01:31 - [TEST_STEP][PASSED] - Statement - text = text.replaceAll("ö", "o"): null

2018-03-13 11:01:31 - [TEST_STEP][PASSED] - Statement - text = text.replaceAll("Ö", "O"): null

2018-03-13 11:01:31 - [TEST_STEP][PASSED] - Statement - text_prev = text_prev.replaceAll("ö", "o"): null

2018-03-13 11:01:31 - [TEST_STEP][PASSED] - Statement - text_prev = text_prev.replaceAll("Ö", "O"): null

2018-03-13 11:01:31 - [TEST_STEP][PASSED] - Statement - text = text.replaceAll("ä", "a"): null

2018-03-13 11:01:31 - [TEST_STEP][PASSED] - Statement - text = text.replaceAll("Ä", "A"): null

2018-03-13 11:01:31 - [TEST_STEP][PASSED] - Statement - text_prev = text_prev.replaceAll("ä", "a"): null

2018-03-13 11:01:31 - [TEST_STEP][PASSED] - Statement - text_prev = text_prev.replaceAll("Ä", "A"): null

2018-03-13 11:01:31 - [TEST_STEP][PASSED] - Statement - text = text.replaceAll("ü", "u"): null

2018-03-13 11:01:31 - [TEST_STEP][PASSED] - Statement - text = text.replaceAll("Ü", "U"): null

2018-03-13 11:01:31 - [TEST_STEP][PASSED] - Statement - text_prev = text_prev.replaceAll("ü", "u"): null

2018-03-13 11:01:31 - [TEST_STEP][PASSED] - Statement - text_prev = text_prev.replaceAll("Ü", "U"): null

2018-03-13 11:01:31 - [TEST_STEP][PASSED] - Statement - ch = text.charAt(0): null

2018-03-13 11:01:31 - [TEST_STEP][PASSED] - Statement - ch_prev = el_prev.getAttribute("innerHTML").charAt(0): null

2018-03-13 11:01:31 - [TEST_STEP][PASSED] - Statement - If (ch_prev > ch): null

2018-03-13 11:01:31 - [TEST_STEP][PASSED] - Statement - Else If (ch_prev == ch): null

2018-03-13 11:01:31 - [TEST_STEP][PASSED] - Statement - ch = text.charAt(1): null

2018-03-13 11:01:31 - [TEST_STEP][PASSED] - Statement - ch_prev = text_prev.charAt(1): null

2018-03-13 11:01:31 - [TEST_STEP][PASSED] - Statement - If (ch_prev > ch): null

2018-03-13 11:01:31 - [TEST_STEP][PASSED] - Statement - Else If (ch_prev == ch): null

2018-03-13 11:01:31 - [TEST_STEP][PASSED] - Statement - ch = text.charAt(2): null

2018-03-13 11:01:31 - [TEST_STEP][PASSED] - Statement - ch_prev = text_prev.charAt(2): null

2018-03-13 11:01:31 - [TEST_STEP][PASSED] - Statement - If (ch_prev > ch): null

2018-03-13 11:01:31 - [TEST_STEP][PASSED] - Statement - el = wes.get(i): null

2018-03-13 11:01:31 - [TEST_STEP][PASSED] - Statement - el_prev = wes.get(i - 1): null

2018-03-13 11:01:31 - [TEST_STEP][PASSED] - Statement - text = el.getAttribute("innerHTML"): null

2018-03-13 11:01:31 - [TEST_STEP][PASSED] - Statement - text_prev = el_prev.getAttribute("innerHTML"): null

2018-03-13 11:01:31 - [TEST_STEP][PASSED] - Statement - text = text.replaceAll("ö", "o"): null

2018-03-13 11:01:31 - [TEST_STEP][PASSED] - Statement - text = text.replaceAll("Ö", "O"): null

2018-03-13 11:01:31 - [TEST_STEP][PASSED] - Statement - text_prev = text_prev.replaceAll("ö", "o"): null

2018-03-13 11:01:31 - [TEST_STEP][PASSED] - Statement - text_prev = text_prev.replaceAll("Ö", "O"): null

2018-03-13 11:01:31 - [TEST_STEP][PASSED] - Statement - text = text.replaceAll("ä", "a"): null

2018-03-13 11:01:31 - [TEST_STEP][PASSED] - Statement - text = text.replaceAll("Ä", "A"): null

2018-03-13 11:01:31 - [TEST_STEP][PASSED] - Statement - text_prev = text_prev.replaceAll("ä", "a"): null

2018-03-13 11:01:31 - [TEST_STEP][PASSED] - Statement - text_prev = text_prev.replaceAll("Ä", "A"): null

2018-03-13 11:01:31 - [TEST_STEP][PASSED] - Statement - text = text.replaceAll("ü", "u"): null

2018-03-13 11:01:31 - [TEST_STEP][PASSED] - Statement - text = text.replaceAll("Ü", "U"): null

2018-03-13 11:01:31 - [TEST_STEP][PASSED] - Statement - text_prev = text_prev.replaceAll("ü", "u"): null

2018-03-13 11:01:31 - [TEST_STEP][PASSED] - Statement - text_prev = text_prev.replaceAll("Ü", "U"): null

2018-03-13 11:01:31 - [TEST_STEP][PASSED] - Statement - ch = text.charAt(0): null

2018-03-13 11:01:31 - [TEST_STEP][PASSED] - Statement - ch_prev = el_prev.getAttribute("innerHTML").charAt(0): null

2018-03-13 11:01:31 - [TEST_STEP][PASSED] - Statement - If (ch_prev > ch): null

2018-03-13 11:01:31 - [TEST_STEP][PASSED] - Statement - Else If (ch_prev == ch): null

2018-03-13 11:01:31 - [TEST_STEP][PASSED] - Statement - ch = text.charAt(1): null

2018-03-13 11:01:31 - [TEST_STEP][PASSED] - Statement - ch_prev = text_prev.charAt(1): null

2018-03-13 11:01:31 - [TEST_STEP][PASSED] - Statement - If (ch_prev > ch): null

2018-03-13 11:01:31 - [TEST_STEP][PASSED] - Statement - Else If (ch_prev == ch): null

2018-03-13 11:01:31 - [TEST_STEP][PASSED] - Statement - ch = text.charAt(2): null

2018-03-13 11:01:31 - [TEST_STEP][PASSED] - Statement - ch_prev = text_prev.charAt(2): null

2018-03-13 11:01:31 - [TEST_STEP][PASSED] - Statement - If (ch_prev > ch): null

2018-03-13 11:01:31 - [TEST_STEP][PASSED] - Statement - el = wes.get(i): null

2018-03-13 11:01:31 - [TEST_STEP][PASSED] - Statement - el_prev = wes.get(i - 1): null

2018-03-13 11:01:31 - [TEST_STEP][PASSED] - Statement - text = el.getAttribute("innerHTML"): null

2018-03-13 11:01:31 - [TEST_STEP][PASSED] - Statement - text_prev = el_prev.getAttribute("innerHTML"): null

2018-03-13 11:01:32 - [TEST_STEP][PASSED] - Statement - text = text.replaceAll("ö", "o"): null

2018-03-13 11:01:32 - [TEST_STEP][PASSED] - Statement - text = text.replaceAll("Ö", "O"): null

2018-03-13 11:01:32 - [TEST_STEP][PASSED] - Statement - text_prev = text_prev.replaceAll("ö", "o"): null

2018-03-13 11:01:32 - [TEST_STEP][PASSED] - Statement - text_prev = text_prev.replaceAll("Ö", "O"): null

2018-03-13 11:01:32 - [TEST_STEP][PASSED] - Statement - text = text.replaceAll("ä", "a"): null

2018-03-13 11:01:32 - [TEST_STEP][PASSED] - Statement - text = text.replaceAll("Ä", "A"): null

2018-03-13 11:01:32 - [TEST_STEP][PASSED] - Statement - text_prev = text_prev.replaceAll("ä", "a"): null

2018-03-13 11:01:32 - [TEST_STEP][PASSED] - Statement - text_prev = text_prev.replaceAll("Ä", "A"): null

2018-03-13 11:01:32 - [TEST_STEP][PASSED] - Statement - text = text.replaceAll("ü", "u"): null

2018-03-13 11:01:32 - [TEST_STEP][PASSED] - Statement - text = text.replaceAll("Ü", "U"): null

2018-03-13 11:01:32 - [TEST_STEP][PASSED] - Statement - text_prev = text_prev.replaceAll("ü", "u"): null

2018-03-13 11:01:32 - [TEST_STEP][PASSED] - Statement - text_prev = text_prev.replaceAll("Ü", "U"): null

2018-03-13 11:01:32 - [TEST_STEP][PASSED] - Statement - ch = text.charAt(0): null

2018-03-13 11:01:32 - [TEST_STEP][PASSED] - Statement - ch_prev = el_prev.getAttribute("innerHTML").charAt(0): null

2018-03-13 11:01:32 - [TEST_STEP][PASSED] - Statement - If (ch_prev > ch): null

2018-03-13 11:01:32 - [TEST_STEP][PASSED] - Statement - Else If (ch_prev == ch): null

2018-03-13 11:01:32 - [TEST_STEP][PASSED] - Statement - ch = text.charAt(1): null

2018-03-13 11:01:32 - [TEST_STEP][PASSED] - Statement - ch_prev = text_prev.charAt(1): null

2018-03-13 11:01:32 - [TEST_STEP][PASSED] - Statement - If (ch_prev > ch): null

2018-03-13 11:01:32 - [TEST_STEP][PASSED] - Statement - el = wes.get(i): null

2018-03-13 11:01:33 - [TEST_STEP][PASSED] - Statement - el_prev = wes.get(i - 1): null

2018-03-13 11:01:33 - [TEST_STEP][PASSED] - Statement - text = el.getAttribute("innerHTML"): null

2018-03-13 11:01:33 - [TEST_STEP][PASSED] - Statement - text_prev = el_prev.getAttribute("innerHTML"): null

2018-03-13 11:01:33 - [TEST_STEP][PASSED] - Statement - text = text.replaceAll("ö", "o"): null

2018-03-13 11:01:33 - [TEST_STEP][PASSED] - Statement - text = text.replaceAll("Ö", "O"): null

2018-03-13 11:01:33 - [TEST_STEP][PASSED] - Statement - text_prev = text_prev.replaceAll("ö", "o"): null

2018-03-13 11:01:33 - [TEST_STEP][PASSED] - Statement - text_prev = text_prev.replaceAll("Ö", "O"): null

2018-03-13 11:01:33 - [TEST_STEP][PASSED] - Statement - text = text.replaceAll("ä", "a"): null

2018-03-13 11:01:33 - [TEST_STEP][PASSED] - Statement - text = text.replaceAll("Ä", "A"): null

2018-03-13 11:01:33 - [TEST_STEP][PASSED] - Statement - text_prev = text_prev.replaceAll("ä", "a"): null

2018-03-13 11:01:33 - [TEST_STEP][PASSED] - Statement - text_prev = text_prev.replaceAll("Ä", "A"): null

2018-03-13 11:01:33 - [TEST_STEP][PASSED] - Statement - text = text.replaceAll("ü", "u"): null

2018-03-13 11:01:33 - [TEST_STEP][PASSED] - Statement - text = text.replaceAll("Ü", "U"): null

2018-03-13 11:01:33 - [TEST_STEP][PASSED] - Statement - text_prev = text_prev.replaceAll("ü", "u"): null

2018-03-13 11:01:33 - [TEST_STEP][PASSED] - Statement - text_prev = text_prev.replaceAll("Ü", "U"): null

2018-03-13 11:01:33 - [TEST_STEP][PASSED] - Statement - ch = text.charAt(0): null

2018-03-13 11:01:33 - [TEST_STEP][PASSED] - Statement - ch_prev = el_prev.getAttribute("innerHTML").charAt(0): null

2018-03-13 11:01:33 - [TEST_STEP][PASSED] - Statement - If (ch_prev > ch): null

2018-03-13 11:01:34 - [TEST_STEP][PASSED] - Statement - Else If (ch_prev == ch): null

2018-03-13 11:01:34 - [TEST_STEP][PASSED] - Statement - ch = text.charAt(1): null

2018-03-13 11:01:34 - [TEST_STEP][PASSED] - Statement - ch_prev = text_prev.charAt(1): null

2018-03-13 11:01:34 - [TEST_STEP][PASSED] - Statement - If (ch_prev > ch): null

2018-03-13 11:01:34 - [TEST_STEP][PASSED] - Statement - Else If (ch_prev == ch): null

2018-03-13 11:01:34 - [TEST_STEP][PASSED] - Statement - ch = text.charAt(2): null

2018-03-13 11:01:34 - [TEST_STEP][PASSED] - Statement - ch_prev = text_prev.charAt(2): null

2018-03-13 11:01:34 - [TEST_STEP][PASSED] - Statement - If (ch_prev > ch): null

2018-03-13 11:01:34 - [TEST_STEP][PASSED] - Statement - el = wes.get(i): null

2018-03-13 11:01:34 - [TEST_STEP][PASSED] - Statement - el_prev = wes.get(i - 1): null

2018-03-13 11:01:34 - [TEST_STEP][PASSED] - Statement - text = el.getAttribute("innerHTML"): null

2018-03-13 11:01:34 - [TEST_STEP][PASSED] - Statement - text_prev = el_prev.getAttribute("innerHTML"): null

2018-03-13 11:01:34 - [TEST_STEP][PASSED] - Statement - text = text.replaceAll("ö", "o"): null

2018-03-13 11:01:34 - [TEST_STEP][PASSED] - Statement - text = text.replaceAll("Ö", "O"): null

2018-03-13 11:01:34 - [TEST_STEP][PASSED] - Statement - text_prev = text_prev.replaceAll("ö", "o"): null

2018-03-13 11:01:34 - [TEST_STEP][PASSED] - Statement - text_prev = text_prev.replaceAll("Ö", "O"): null

2018-03-13 11:01:34 - [TEST_STEP][PASSED] - Statement - text = text.replaceAll("ä", "a"): null

2018-03-13 11:01:34 - [TEST_STEP][PASSED] - Statement - text = text.replaceAll("Ä", "A"): null

2018-03-13 11:01:34 - [TEST_STEP][PASSED] - Statement - text_prev = text_prev.replaceAll("ä", "a"): null

2018-03-13 11:01:34 - [TEST_STEP][PASSED] - Statement - text_prev = text_prev.replaceAll("Ä", "A"): null

2018-03-13 11:01:34 - [TEST_STEP][PASSED] - Statement - text = text.replaceAll("ü", "u"): null

2018-03-13 11:01:34 - [TEST_STEP][PASSED] - Statement - text = text.replaceAll("Ü", "U"): null

2018-03-13 11:01:34 - [TEST_STEP][PASSED] - Statement - text_prev = text_prev.replaceAll("ü", "u"): null

2018-03-13 11:01:34 - [TEST_STEP][PASSED] - Statement - text_prev = text_prev.replaceAll("Ü", "U"): null

2018-03-13 11:01:34 - [TEST_STEP][PASSED] - Statement - ch = text.charAt(0): null

2018-03-13 11:01:34 - [TEST_STEP][PASSED] - Statement - ch_prev = el_prev.getAttribute("innerHTML").charAt(0): null

2018-03-13 11:01:34 - [TEST_STEP][PASSED] - Statement - If (ch_prev > ch): null

2018-03-13 11:01:34 - [TEST_STEP][PASSED] - Statement - Else If (ch_prev == ch): null

2018-03-13 11:01:34 - [TEST_STEP][PASSED] - Statement - ch = text.charAt(1): null

2018-03-13 11:01:34 - [TEST_STEP][PASSED] - Statement - ch_prev = text_prev.charAt(1): null

2018-03-13 11:01:34 - [TEST_STEP][PASSED] - Statement - If (ch_prev > ch): null

2018-03-13 11:01:34 - [TEST_STEP][PASSED] - Statement - el = wes.get(i): null

2018-03-13 11:01:34 - [TEST_STEP][PASSED] - Statement - el_prev = wes.get(i - 1): null

2018-03-13 11:01:34 - [TEST_STEP][PASSED] - Statement - text = el.getAttribute("innerHTML"): null

2018-03-13 11:01:34 - [TEST_STEP][PASSED] - Statement - text_prev = el_prev.getAttribute("innerHTML"): null

2018-03-13 11:01:34 - [TEST_STEP][PASSED] - Statement - text = text.replaceAll("ö", "o"): null

2018-03-13 11:01:34 - [TEST_STEP][PASSED] - Statement - text = text.replaceAll("Ö", "O"): null

2018-03-13 11:01:34 - [TEST_STEP][PASSED] - Statement - text_prev = text_prev.replaceAll("ö", "o"): null

2018-03-13 11:01:34 - [TEST_STEP][PASSED] - Statement - text_prev = text_prev.replaceAll("Ö", "O"): null

2018-03-13 11:01:34 - [TEST_STEP][PASSED] - Statement - text = text.replaceAll("ä", "a"): null

2018-03-13 11:01:34 - [TEST_STEP][PASSED] - Statement - text = text.replaceAll("Ä", "A"): null

2018-03-13 11:01:34 - [TEST_STEP][PASSED] - Statement - text_prev = text_prev.replaceAll("ä", "a"): null

2018-03-13 11:01:34 - [TEST_STEP][PASSED] - Statement - text_prev = text_prev.replaceAll("Ä", "A"): null

2018-03-13 11:01:34 - [TEST_STEP][PASSED] - Statement - text = text.replaceAll("ü", "u"): null

2018-03-13 11:01:34 - [TEST_STEP][PASSED] - Statement - text = text.replaceAll("Ü", "U"): null

2018-03-13 11:01:34 - [TEST_STEP][PASSED] - Statement - text_prev = text_prev.replaceAll("ü", "u"): null

2018-03-13 11:01:34 - [TEST_STEP][PASSED] - Statement - text_prev = text_prev.replaceAll("Ü", "U"): null

2018-03-13 11:01:34 - [TEST_STEP][PASSED] - Statement - ch = text.charAt(0): null

2018-03-13 11:01:34 - [TEST_STEP][PASSED] - Statement - ch_prev = el_prev.getAttribute("innerHTML").charAt(0): null

2018-03-13 11:01:34 - [TEST_STEP][PASSED] - Statement - If (ch_prev > ch): null

2018-03-13 11:01:34 - [TEST_STEP][PASSED] - Statement - Else If (ch_prev == ch): null

2018-03-13 11:01:34 - [TEST_STEP][PASSED] - Statement - ch = text.charAt(1): null

2018-03-13 11:01:34 - [TEST_STEP][PASSED] - Statement - ch_prev = text_prev.charAt(1): null

2018-03-13 11:01:34 - [TEST_STEP][PASSED] - Statement - If (ch_prev > ch): null

2018-03-13 11:01:34 - [TEST_STEP][PASSED] - Statement - el = wes.get(i): null

2018-03-13 11:01:34 - [TEST_STEP][PASSED] - Statement - el_prev = wes.get(i - 1): null

2018-03-13 11:01:34 - [TEST_STEP][PASSED] - Statement - text = el.getAttribute("innerHTML"): null

2018-03-13 11:01:34 - [TEST_STEP][PASSED] - Statement - text_prev = el_prev.getAttribute("innerHTML"): null

2018-03-13 11:01:34 - [TEST_STEP][PASSED] - Statement - text = text.replaceAll("ö", "o"): null

2018-03-13 11:01:34 - [TEST_STEP][PASSED] - Statement - text = text.replaceAll("Ö", "O"): null

2018-03-13 11:01:34 - [TEST_STEP][PASSED] - Statement - text_prev = text_prev.replaceAll("ö", "o"): null

2018-03-13 11:01:34 - [TEST_STEP][PASSED] - Statement - text_prev = text_prev.replaceAll("Ö", "O"): null

2018-03-13 11:01:34 - [TEST_STEP][PASSED] - Statement - text = text.replaceAll("ä", "a"): null

2018-03-13 11:01:34 - [TEST_STEP][PASSED] - Statement - text = text.replaceAll("Ä", "A"): null

2018-03-13 11:01:34 - [TEST_STEP][PASSED] - Statement - text_prev = text_prev.replaceAll("ä", "a"): null

2018-03-13 11:01:34 - [TEST_STEP][PASSED] - Statement - text_prev = text_prev.replaceAll("Ä", "A"): null

2018-03-13 11:01:34 - [TEST_STEP][PASSED] - Statement - text = text.replaceAll("ü", "u"): null

2018-03-13 11:01:34 - [TEST_STEP][PASSED] - Statement - text = text.replaceAll("Ü", "U"): null

2018-03-13 11:01:36 - [TEST_STEP][PASSED] - Statement - text_prev = text_prev.replaceAll("ü", "u"): null

2018-03-13 11:01:36 - [TEST_STEP][PASSED] - Statement - text_prev = text_prev.replaceAll("Ü", "U"): null

2018-03-13 11:01:36 - [TEST_STEP][PASSED] - Statement - ch = text.charAt(0): null

2018-03-13 11:01:36 - [TEST_STEP][PASSED] - Statement - ch_prev = el_prev.getAttribute("innerHTML").charAt(0): null

2018-03-13 11:01:36 - [TEST_STEP][PASSED] - Statement - If (ch_prev > ch): null

2018-03-13 11:01:36 - [TEST_STEP][PASSED] - Statement - Else If (ch_prev == ch): null

2018-03-13 11:01:36 - [TEST_STEP][PASSED] - Statement - ch = text.charAt(1): null

2018-03-13 11:01:36 - [TEST_STEP][PASSED] - Statement - ch_prev = text_prev.charAt(1): null

2018-03-13 11:01:36 - [TEST_STEP][PASSED] - Statement - If (ch_prev > ch): null

2018-03-13 11:01:36 - [TEST_STEP][PASSED] - Statement - Else If (ch_prev == ch): null

2018-03-13 11:01:36 - [TEST_STEP][PASSED] - Statement - ch = text.charAt(2): null

2018-03-13 11:01:36 - [TEST_STEP][PASSED] - Statement - ch_prev = text_prev.charAt(2): null

2018-03-13 11:01:36 - [TEST_STEP][PASSED] - Statement - If (ch_prev > ch): null

2018-03-13 11:01:36 - [TEST_STEP][PASSED] - Statement - el = wes.get(i): null

2018-03-13 11:01:36 - [TEST_STEP][PASSED] - Statement - el_prev = wes.get(i - 1): null

2018-03-13 11:01:36 - [TEST_STEP][PASSED] - Statement - text = el.getAttribute("innerHTML"): null

2018-03-13 11:01:36 - [TEST_STEP][PASSED] - Statement - text_prev = el_prev.getAttribute("innerHTML"): null

2018-03-13 11:01:36 - [TEST_STEP][PASSED] - Statement - text = text.replaceAll("ö", "o"): null

2018-03-13 11:01:36 - [TEST_STEP][PASSED] - Statement - text = text.replaceAll("Ö", "O"): null

2018-03-13 11:01:36 - [TEST_STEP][PASSED] - Statement - text_prev = text_prev.replaceAll("ö", "o"): null

2018-03-13 11:01:36 - [TEST_STEP][PASSED] - Statement - text_prev = text_prev.replaceAll("Ö", "O"): null

2018-03-13 11:01:36 - [TEST_STEP][PASSED] - Statement - text = text.replaceAll("ä", "a"): null

2018-03-13 11:01:36 - [TEST_STEP][PASSED] - Statement - text = text.replaceAll("Ä", "A"): null

2018-03-13 11:01:36 - [TEST_STEP][PASSED] - Statement - text_prev = text_prev.replaceAll("ä", "a"): null

2018-03-13 11:01:36 - [TEST_STEP][PASSED] - Statement - text_prev = text_prev.replaceAll("Ä", "A"): null

2018-03-13 11:01:36 - [TEST_STEP][PASSED] - Statement - text = text.replaceAll("ü", "u"): null

2018-03-13 11:01:36 - [TEST_STEP][PASSED] - Statement - text = text.replaceAll("Ü", "U"): null

2018-03-13 11:01:36 - [TEST_STEP][PASSED] - Statement - text_prev = text_prev.replaceAll("ü", "u"): null

2018-03-13 11:01:36 - [TEST_STEP][PASSED] - Statement - text_prev = text_prev.replaceAll("Ü", "U"): null

2018-03-13 11:01:36 - [TEST_STEP][PASSED] - Statement - ch = text.charAt(0): null

2018-03-13 11:01:36 - [TEST_STEP][PASSED] - Statement - ch_prev = el_prev.getAttribute("innerHTML").charAt(0): null

2018-03-13 11:01:36 - [TEST_STEP][PASSED] - Statement - If (ch_prev > ch): null

2018-03-13 11:01:36 - [TEST_STEP][PASSED] - Statement - el = wes.get(i): null

2018-03-13 11:01:36 - [TEST_STEP][PASSED] - Statement - el_prev = wes.get(i - 1): null

2018-03-13 11:01:36 - [TEST_STEP][PASSED] - Statement - text = el.getAttribute("innerHTML"): null

2018-03-13 11:01:36 - [TEST_STEP][PASSED] - Statement - text_prev = el_prev.getAttribute("innerHTML"): null

2018-03-13 11:01:36 - [TEST_STEP][PASSED] - Statement - text = text.replaceAll("ö", "o"): null

2018-03-13 11:01:36 - [TEST_STEP][PASSED] - Statement - text = text.replaceAll("Ö", "O"): null

2018-03-13 11:01:36 - [TEST_STEP][PASSED] - Statement - text_prev = text_prev.replaceAll("ö", "o"): null

2018-03-13 11:01:36 - [TEST_STEP][PASSED] - Statement - text_prev = text_prev.replaceAll("Ö", "O"): null

2018-03-13 11:01:36 - [TEST_STEP][PASSED] - Statement - text = text.replaceAll("ä", "a"): null

2018-03-13 11:01:36 - [TEST_STEP][PASSED] - Statement - text = text.replaceAll("Ä", "A"): null

2018-03-13 11:01:36 - [TEST_STEP][PASSED] - Statement - text_prev = text_prev.replaceAll("ä", "a"): null

2018-03-13 11:01:36 - [TEST_STEP][PASSED] - Statement - text_prev = text_prev.replaceAll("Ä", "A"): null

2018-03-13 11:01:36 - [TEST_STEP][PASSED] - Statement - text = text.replaceAll("ü", "u"): null

2018-03-13 11:01:36 - [TEST_STEP][PASSED] - Statement - text = text.replaceAll("Ü", "U"): null

2018-03-13 11:01:36 - [TEST_STEP][PASSED] - Statement - text_prev = text_prev.replaceAll("ü", "u"): null

2018-03-13 11:01:36 - [TEST_STEP][PASSED] - Statement - text_prev = text_prev.replaceAll("Ü", "U"): null

2018-03-13 11:01:36 - [TEST_STEP][PASSED] - Statement - ch = text.charAt(0): null

2018-03-13 11:01:36 - [TEST_STEP][PASSED] - Statement - ch_prev = el_prev.getAttribute("innerHTML").charAt(0): null

2018-03-13 11:01:36 - [TEST_STEP][PASSED] - Statement - If (ch_prev > ch): null

2018-03-13 11:01:36 - [TEST_STEP][PASSED] - Statement - Else If (ch_prev == ch): null

2018-03-13 11:01:36 - [TEST_STEP][PASSED] - Statement - ch = text.charAt(1): null

2018-03-13 11:01:36 - [TEST_STEP][PASSED] - Statement - ch_prev = text_prev.charAt(1): null

2018-03-13 11:01:36 - [TEST_STEP][PASSED] - Statement - If (ch_prev > ch): null

2018-03-13 11:01:36 - [TEST_STEP][PASSED] - Statement - Else If (ch_prev == ch): null

2018-03-13 11:01:36 - [TEST_STEP][PASSED] - Statement - ch = text.charAt(2): null

2018-03-13 11:01:38 - [TEST_STEP][PASSED] - Statement - ch_prev = text_prev.charAt(2): null

2018-03-13 11:01:38 - [TEST_STEP][PASSED] - Statement - If (ch_prev > ch): null

2018-03-13 11:01:38 - [TEST_STEP][PASSED] - Statement - el = wes.get(i): null

2018-03-13 11:01:38 - [TEST_STEP][PASSED] - Statement - el_prev = wes.get(i - 1): null

2018-03-13 11:01:38 - [TEST_STEP][PASSED] - Statement - text = el.getAttribute("innerHTML"): null

2018-03-13 11:01:38 - [TEST_STEP][PASSED] - Statement - text_prev = el_prev.getAttribute("innerHTML"): null

2018-03-13 11:01:38 - [TEST_STEP][PASSED] - Statement - text = text.replaceAll("ö", "o"): null

2018-03-13 11:01:38 - [TEST_STEP][PASSED] - Statement - text = text.replaceAll("Ö", "O"): null

2018-03-13 11:01:38 - [TEST_STEP][PASSED] - Statement - text_prev = text_prev.replaceAll("ö", "o"): null

2018-03-13 11:01:38 - [TEST_STEP][PASSED] - Statement - text_prev = text_prev.replaceAll("Ö", "O"): null

2018-03-13 11:01:38 - [TEST_STEP][PASSED] - Statement - text = text.replaceAll("ä", "a"): null

2018-03-13 11:01:38 - [TEST_STEP][PASSED] - Statement - text = text.replaceAll("Ä", "A"): null

2018-03-13 11:01:38 - [TEST_STEP][PASSED] - Statement - text_prev = text_prev.replaceAll("ä", "a"): null

2018-03-13 11:01:38 - [TEST_STEP][PASSED] - Statement - text_prev = text_prev.replaceAll("Ä", "A"): null

2018-03-13 11:01:38 - [TEST_STEP][PASSED] - Statement - text = text.replaceAll("ü", "u"): null

2018-03-13 11:01:38 - [TEST_STEP][PASSED] - Statement - text = text.replaceAll("Ü", "U"): null

2018-03-13 11:01:38 - [TEST_STEP][PASSED] - Statement - text_prev = text_prev.replaceAll("ü", "u"): null

2018-03-13 11:01:38 - [TEST_STEP][PASSED] - Statement - text_prev = text_prev.replaceAll("Ü", "U"): null

2018-03-13 11:01:38 - [TEST_STEP][PASSED] - Statement - ch = text.charAt(0): null

2018-03-13 11:01:38 - [TEST_STEP][PASSED] - Statement - ch_prev = el_prev.getAttribute("innerHTML").charAt(0): null

2018-03-13 11:01:38 - [TEST_STEP][PASSED] - Statement - If (ch_prev > ch): null

2018-03-13 11:01:38 - [TEST_STEP][PASSED] - Statement - el = wes.get(i): null

2018-03-13 11:01:38 - [TEST_STEP][PASSED] - Statement - el_prev = wes.get(i - 1): null

2018-03-13 11:01:38 - [TEST_STEP][PASSED] - Statement - text = el.getAttribute("innerHTML"): null

2018-03-13 11:01:38 - [TEST_STEP][PASSED] - Statement - text_prev = el_prev.getAttribute("innerHTML"): null

2018-03-13 11:01:38 - [TEST_STEP][PASSED] - Statement - text = text.replaceAll("ö", "o"): null

2018-03-13 11:01:38 - [TEST_STEP][PASSED] - Statement - text = text.replaceAll("Ö", "O"): null

2018-03-13 11:01:39 - [TEST_STEP][PASSED] - Statement - text_prev = text_prev.replaceAll("ö", "o"): null

2018-03-13 11:01:39 - [TEST_STEP][PASSED] - Statement - text_prev = text_prev.replaceAll("Ö", "O"): null

2018-03-13 11:01:39 - [TEST_STEP][PASSED] - Statement - text = text.replaceAll("ä", "a"): null

2018-03-13 11:01:39 - [TEST_STEP][PASSED] - Statement - text = text.replaceAll("Ä", "A"): null

2018-03-13 11:01:39 - [TEST_STEP][PASSED] - Statement - text_prev = text_prev.replaceAll("ä", "a"): null

2018-03-13 11:01:39 - [TEST_STEP][PASSED] - Statement - text_prev = text_prev.replaceAll("Ä", "A"): null

2018-03-13 11:01:39 - [TEST_STEP][PASSED] - Statement - text = text.replaceAll("ü", "u"): null

2018-03-13 11:01:40 - [TEST_STEP][PASSED] - Statement - text = text.replaceAll("Ü", "U"): null

2018-03-13 11:01:40 - [TEST_STEP][PASSED] - Statement - text_prev = text_prev.replaceAll("ü", "u"): null

2018-03-13 11:01:40 - [TEST_STEP][PASSED] - Statement - text_prev = text_prev.replaceAll("Ü", "U"): null

2018-03-13 11:01:40 - [TEST_STEP][PASSED] - Statement - ch = text.charAt(0): null

2018-03-13 11:01:40 - [TEST_STEP][PASSED] - Statement - ch_prev = el_prev.getAttribute("innerHTML").charAt(0): null

2018-03-13 11:01:40 - [TEST_STEP][PASSED] - Statement - If (ch_prev > ch): null

2018-03-13 11:01:40 - [TEST_STEP][PASSED] - Statement - Else If (ch_prev == ch): null

2018-03-13 11:01:40 - [TEST_STEP][PASSED] - Statement - ch = text.charAt(1): null

2018-03-13 11:01:40 - [TEST_STEP][PASSED] - Statement - ch_prev = text_prev.charAt(1): null

2018-03-13 11:01:40 - [TEST_STEP][PASSED] - Statement - If (ch_prev > ch): null

2018-03-13 11:01:40 - [TEST_STEP][PASSED] - Statement - el = wes.get(i): null

2018-03-13 11:01:40 - [TEST_STEP][PASSED] - Statement - el_prev = wes.get(i - 1): null

2018-03-13 11:01:40 - [TEST_STEP][PASSED] - Statement - text = el.getAttribute("innerHTML"): null

2018-03-13 11:01:40 - [TEST_STEP][PASSED] - Statement - text_prev = el_prev.getAttribute("innerHTML"): null

2018-03-13 11:01:40 - [TEST_STEP][PASSED] - Statement - text = text.replaceAll("ö", "o"): null

2018-03-13 11:01:40 - [TEST_STEP][PASSED] - Statement - text = text.replaceAll("Ö", "O"): null

2018-03-13 11:01:40 - [TEST_STEP][PASSED] - Statement - text_prev = text_prev.replaceAll("ö", "o"): null

2018-03-13 11:01:40 - [TEST_STEP][PASSED] - Statement - text_prev = text_prev.replaceAll("Ö", "O"): null

2018-03-13 11:01:40 - [TEST_STEP][PASSED] - Statement - text = text.replaceAll("ä", "a"): null

2018-03-13 11:01:40 - [TEST_STEP][PASSED] - Statement - text = text.replaceAll("Ä", "A"): null

2018-03-13 11:01:40 - [TEST_STEP][PASSED] - Statement - text_prev = text_prev.replaceAll("ä", "a"): null

2018-03-13 11:01:40 - [TEST_STEP][PASSED] - Statement - text_prev = text_prev.replaceAll("Ä", "A"): null

2018-03-13 11:01:40 - [TEST_STEP][PASSED] - Statement - text = text.replaceAll("ü", "u"): null

2018-03-13 11:01:40 - [TEST_STEP][PASSED] - Statement - text = text.replaceAll("Ü", "U"): null

2018-03-13 11:01:40 - [TEST_STEP][PASSED] - Statement - text_prev = text_prev.replaceAll("ü", "u"): null

2018-03-13 11:01:41 - [TEST_STEP][PASSED] - Statement - text_prev = text_prev.replaceAll("Ü", "U"): null

2018-03-13 11:01:41 - [TEST_STEP][PASSED] - Statement - ch = text.charAt(0): null

2018-03-13 11:01:41 - [TEST_STEP][PASSED] - Statement - ch_prev = el_prev.getAttribute("innerHTML").charAt(0): null

2018-03-13 11:01:41 - [TEST_STEP][PASSED] - Statement - If (ch_prev > ch): null

2018-03-13 11:01:41 - [TEST_STEP][PASSED] - Statement - Else If (ch_prev == ch): null

2018-03-13 11:01:41 - [TEST_STEP][PASSED] - Statement - ch = text.charAt(1): null

2018-03-13 11:01:41 - [TEST_STEP][PASSED] - Statement - ch_prev = text_prev.charAt(1): null

2018-03-13 11:01:41 - [TEST_STEP][PASSED] - Statement - If (ch_prev > ch): null

2018-03-13 11:01:41 - [TEST_STEP][PASSED] - Statement - Else If (ch_prev == ch): null

2018-03-13 11:01:41 - [TEST_STEP][PASSED] - Statement - ch = text.charAt(2): null

2018-03-13 11:01:41 - [TEST_STEP][PASSED] - Statement - ch_prev = text_prev.charAt(2): null

2018-03-13 11:01:41 - [TEST_STEP][PASSED] - Statement - If (ch_prev > ch): null

2018-03-13 11:01:41 - [TEST_STEP][PASSED] - Statement - el = wes.get(i): null

2018-03-13 11:01:41 - [TEST_STEP][PASSED] - Statement - el_prev = wes.get(i - 1): null

2018-03-13 11:01:41 - [TEST_STEP][PASSED] - Statement - text = el.getAttribute("innerHTML"): null

2018-03-13 11:01:41 - [TEST_STEP][PASSED] - Statement - text_prev = el_prev.getAttribute("innerHTML"): null

2018-03-13 11:01:41 - [TEST_STEP][PASSED] - Statement - text = text.replaceAll("ö", "o"): null

2018-03-13 11:01:41 - [TEST_STEP][PASSED] - Statement - text = text.replaceAll("Ö", "O"): null

2018-03-13 11:01:41 - [TEST_STEP][PASSED] - Statement - text_prev = text_prev.replaceAll("ö", "o"): null

2018-03-13 11:01:41 - [TEST_STEP][PASSED] - Statement - text_prev = text_prev.replaceAll("Ö", "O"): null

2018-03-13 11:01:41 - [TEST_STEP][PASSED] - Statement - text = text.replaceAll("ä", "a"): null

2018-03-13 11:01:41 - [TEST_STEP][PASSED] - Statement - text = text.replaceAll("Ä", "A"): null

2018-03-13 11:01:41 - [TEST_STEP][PASSED] - Statement - text_prev = text_prev.replaceAll("ä", "a"): null

2018-03-13 11:01:41 - [TEST_STEP][PASSED] - Statement - text_prev = text_prev.replaceAll("Ä", "A"): null

2018-03-13 11:01:41 - [TEST_STEP][PASSED] - Statement - text = text.replaceAll("ü", "u"): null

2018-03-13 11:01:41 - [TEST_STEP][PASSED] - Statement - text = text.replaceAll("Ü", "U"): null

2018-03-13 11:01:41 - [TEST_STEP][PASSED] - Statement - text_prev = text_prev.replaceAll("ü", "u"): null

2018-03-13 11:01:41 - [TEST_STEP][PASSED] - Statement - text_prev = text_prev.replaceAll("Ü", "U"): null

2018-03-13 11:01:41 - [TEST_STEP][PASSED] - Statement - ch = text.charAt(0): null

2018-03-13 11:01:41 - [TEST_STEP][PASSED] - Statement - ch_prev = el_prev.getAttribute("innerHTML").charAt(0): null

2018-03-13 11:01:41 - [TEST_STEP][PASSED] - Statement - If (ch_prev > ch): null

2018-03-13 11:01:41 - [TEST_STEP][PASSED] - Statement - Else If (ch_prev == ch): null

2018-03-13 11:01:41 - [TEST_STEP][PASSED] - Statement - ch = text.charAt(1): null

2018-03-13 11:01:41 - [TEST_STEP][PASSED] - Statement - ch_prev = text_prev.charAt(1): null

2018-03-13 11:01:41 - [TEST_STEP][PASSED] - Statement - If (ch_prev > ch): null

2018-03-13 11:01:41 - [TEST_STEP][PASSED] - Statement - el = wes.get(i): null

2018-03-13 11:01:41 - [TEST_STEP][PASSED] - Statement - el_prev = wes.get(i - 1): null

2018-03-13 11:01:41 - [TEST_STEP][PASSED] - Statement - text = el.getAttribute("innerHTML"): null

2018-03-13 11:01:41 - [TEST_STEP][PASSED] - Statement - text_prev = el_prev.getAttribute("innerHTML"): null

2018-03-13 11:01:41 - [TEST_STEP][PASSED] - Statement - text = text.replaceAll("ö", "o"): null

2018-03-13 11:01:41 - [TEST_STEP][PASSED] - Statement - text = text.replaceAll("Ö", "O"): null

2018-03-13 11:01:41 - [TEST_STEP][PASSED] - Statement - text_prev = text_prev.replaceAll("ö", "o"): null

2018-03-13 11:01:41 - [TEST_STEP][PASSED] - Statement - text_prev = text_prev.replaceAll("Ö", "O"): null

2018-03-13 11:01:41 - [TEST_STEP][PASSED] - Statement - text = text.replaceAll("ä", "a"): null

2018-03-13 11:01:41 - [TEST_STEP][PASSED] - Statement - text = text.replaceAll("Ä", "A"): null

2018-03-13 11:01:41 - [TEST_STEP][PASSED] - Statement - text_prev = text_prev.replaceAll("ä", "a"): null

2018-03-13 11:01:41 - [TEST_STEP][PASSED] - Statement - text_prev = text_prev.replaceAll("Ä", "A"): null

2018-03-13 11:01:41 - [TEST_STEP][PASSED] - Statement - text = text.replaceAll("ü", "u"): null

2018-03-13 11:01:41 - [TEST_STEP][PASSED] - Statement - text = text.replaceAll("Ü", "U"): null

2018-03-13 11:01:41 - [TEST_STEP][PASSED] - Statement - text_prev = text_prev.replaceAll("ü", "u"): null

2018-03-13 11:01:41 - [TEST_STEP][PASSED] - Statement - text_prev = text_prev.replaceAll("Ü", "U"): null

2018-03-13 11:01:41 - [TEST_STEP][PASSED] - Statement - ch = text.charAt(0): null

2018-03-13 11:01:41 - [TEST_STEP][PASSED] - Statement - ch_prev = el_prev.getAttribute("innerHTML").charAt(0): null

2018-03-13 11:01:41 - [TEST_STEP][PASSED] - Statement - If (ch_prev > ch): null

2018-03-13 11:01:41 - [TEST_STEP][PASSED] - Statement - Else If (ch_prev == ch): null

2018-03-13 11:01:41 - [TEST_STEP][PASSED] - Statement - ch = text.charAt(1): null

2018-03-13 11:01:41 - [TEST_STEP][PASSED] - Statement - ch_prev = text_prev.charAt(1): null

2018-03-13 11:01:41 - [TEST_STEP][PASSED] - Statement - If (ch_prev > ch): null

2018-03-13 11:01:41 - [TEST_STEP][PASSED] - Statement - el = wes.get(i): null

2018-03-13 11:01:41 - [TEST_STEP][PASSED] - Statement - el_prev = wes.get(i - 1): null

2018-03-13 11:01:41 - [TEST_STEP][PASSED] - Statement - text = el.getAttribute("innerHTML"): null

2018-03-13 11:01:41 - [TEST_STEP][PASSED] - Statement - text_prev = el_prev.getAttribute("innerHTML"): null

2018-03-13 11:01:41 - [TEST_STEP][PASSED] - Statement - text = text.replaceAll("ö", "o"): null

2018-03-13 11:01:41 - [TEST_STEP][PASSED] - Statement - text = text.replaceAll("Ö", "O"): null

2018-03-13 11:01:41 - [TEST_STEP][PASSED] - Statement - text_prev = text_prev.replaceAll("ö", "o"): null

2018-03-13 11:01:43 - [TEST_STEP][PASSED] - Statement - text_prev = text_prev.replaceAll("Ö", "O"): null

2018-03-13 11:01:43 - [TEST_STEP][PASSED] - Statement - text = text.replaceAll("ä", "a"): null

2018-03-13 11:01:43 - [TEST_STEP][PASSED] - Statement - text = text.replaceAll("Ä", "A"): null

2018-03-13 11:01:43 - [TEST_STEP][PASSED] - Statement - text_prev = text_prev.replaceAll("ä", "a"): null

2018-03-13 11:01:43 - [TEST_STEP][PASSED] - Statement - text_prev = text_prev.replaceAll("Ä", "A"): null

2018-03-13 11:01:43 - [TEST_STEP][PASSED] - Statement - text = text.replaceAll("ü", "u"): null

2018-03-13 11:01:43 - [TEST_STEP][PASSED] - Statement - text = text.replaceAll("Ü", "U"): null

2018-03-13 11:01:43 - [TEST_STEP][PASSED] - Statement - text_prev = text_prev.replaceAll("ü", "u"): null

2018-03-13 11:01:43 - [TEST_STEP][PASSED] - Statement - text_prev = text_prev.replaceAll("Ü", "U"): null

2018-03-13 11:01:43 - [TEST_STEP][PASSED] - Statement - ch = text.charAt(0): null

2018-03-13 11:01:43 - [TEST_STEP][PASSED] - Statement - ch_prev = el_prev.getAttribute("innerHTML").charAt(0): null

2018-03-13 11:01:43 - [TEST_STEP][PASSED] - Statement - If (ch_prev > ch): null

2018-03-13 11:01:43 - [TEST_STEP][PASSED] - Statement - Else If (ch_prev == ch): null

2018-03-13 11:01:43 - [TEST_STEP][PASSED] - Statement - ch = text.charAt(1): null

2018-03-13 11:01:43 - [TEST_STEP][PASSED] - Statement - ch_prev = text_prev.charAt(1): null

2018-03-13 11:01:43 - [TEST_STEP][PASSED] - Statement - If (ch_prev > ch): null

2018-03-13 11:01:43 - [TEST_STEP][PASSED] - Statement - Else If (ch_prev == ch): null

2018-03-13 11:01:43 - [TEST_STEP][PASSED] - Statement - ch = text.charAt(2): null

2018-03-13 11:01:43 - [TEST_STEP][PASSED] - Statement - ch_prev = text_prev.charAt(2): null

2018-03-13 11:01:43 - [TEST_STEP][PASSED] - Statement - If (ch_prev > ch): null

2018-03-13 11:01:43 - [TEST_STEP][PASSED] - Statement - el = wes.get(i): null

2018-03-13 11:01:43 - [TEST_STEP][PASSED] - Statement - el_prev = wes.get(i - 1): null

2018-03-13 11:01:43 - [TEST_STEP][PASSED] - Statement - text = el.getAttribute("innerHTML"): null

2018-03-13 11:01:46 - [TEST_STEP][PASSED] - Statement - text_prev = el_prev.getAttribute("innerHTML"): null

2018-03-13 11:01:46 - [TEST_STEP][PASSED] - Statement - text = text.replaceAll("ö", "o"): null

2018-03-13 11:01:46 - [TEST_STEP][PASSED] - Statement - text = text.replaceAll("Ö", "O"): null

2018-03-13 11:01:46 - [TEST_STEP][PASSED] - Statement - text_prev = text_prev.replaceAll("ö", "o"): null

2018-03-13 11:01:46 - [TEST_STEP][PASSED] - Statement - text_prev = text_prev.replaceAll("Ö", "O"): null

2018-03-13 11:01:46 - [TEST_STEP][PASSED] - Statement - text = text.replaceAll("ä", "a"): null

2018-03-13 11:01:46 - [TEST_STEP][PASSED] - Statement - text = text.replaceAll("Ä", "A"): null

2018-03-13 11:01:46 - [TEST_STEP][PASSED] - Statement - text_prev = text_prev.replaceAll("ä", "a"): null

2018-03-13 11:01:46 - [TEST_STEP][PASSED] - Statement - text_prev = text_prev.replaceAll("Ä", "A"): null

2018-03-13 11:01:46 - [TEST_STEP][PASSED] - Statement - text = text.replaceAll("ü", "u"): null

2018-03-13 11:01:46 - [TEST_STEP][PASSED] - Statement - text = text.replaceAll("Ü", "U"): null

2018-03-13 11:01:46 - [TEST_STEP][PASSED] - Statement - text_prev = text_prev.replaceAll("ü", "u"): null

2018-03-13 11:01:46 - [TEST_STEP][PASSED] - Statement - text_prev = text_prev.replaceAll("Ü", "U"): null

2018-03-13 11:01:46 - [TEST_STEP][PASSED] - Statement - ch = text.charAt(0): null

2018-03-13 11:01:46 - [TEST_STEP][PASSED] - Statement - ch_prev = el_prev.getAttribute("innerHTML").charAt(0): null

2018-03-13 11:01:46 - [TEST_STEP][PASSED] - Statement - If (ch_prev > ch): null

2018-03-13 11:01:46 - [TEST_STEP][PASSED] - Statement - el = wes.get(i): null

2018-03-13 11:01:46 - [TEST_STEP][PASSED] - Statement - el_prev = wes.get(i - 1): null

2018-03-13 11:01:46 - [TEST_STEP][PASSED] - Statement - text = el.getAttribute("innerHTML"): null

2018-03-13 11:01:46 - [TEST_STEP][PASSED] - Statement - text_prev = el_prev.getAttribute("innerHTML"): null

2018-03-13 11:01:46 - [TEST_STEP][PASSED] - Statement - text = text.replaceAll("ö", "o"): null

2018-03-13 11:01:46 - [TEST_STEP][PASSED] - Statement - text = text.replaceAll("Ö", "O"): null

2018-03-13 11:01:46 - [TEST_STEP][PASSED] - Statement - text_prev = text_prev.replaceAll("ö", "o"): null

2018-03-13 11:01:46 - [TEST_STEP][PASSED] - Statement - text_prev = text_prev.replaceAll("Ö", "O"): null

2018-03-13 11:01:46 - [TEST_STEP][PASSED] - Statement - text = text.replaceAll("ä", "a"): null

2018-03-13 11:01:46 - [TEST_STEP][PASSED] - Statement - text = text.replaceAll("Ä", "A"): null

2018-03-13 11:01:46 - [TEST_STEP][PASSED] - Statement - text_prev = text_prev.replaceAll("ä", "a"): null

2018-03-13 11:01:46 - [TEST_STEP][PASSED] - Statement - text_prev = text_prev.replaceAll("Ä", "A"): null

2018-03-13 11:01:46 - [TEST_STEP][PASSED] - Statement - text = text.replaceAll("ü", "u"): null

2018-03-13 11:01:46 - [TEST_STEP][PASSED] - Statement - text = text.replaceAll("Ü", "U"): null

2018-03-13 11:01:46 - [TEST_STEP][PASSED] - Statement - text_prev = text_prev.replaceAll("ü", "u"): null

2018-03-13 11:01:46 - [TEST_STEP][PASSED] - Statement - text_prev = text_prev.replaceAll("Ü", "U"): null

2018-03-13 11:01:46 - [TEST_STEP][PASSED] - Statement - ch = text.charAt(0): null

2018-03-13 11:01:46 - [TEST_STEP][PASSED] - Statement - ch_prev = el_prev.getAttribute("innerHTML").charAt(0): null

2018-03-13 11:01:46 - [TEST_STEP][PASSED] - Statement - If (ch_prev > ch): null

2018-03-13 11:01:46 - [TEST_STEP][PASSED] - Statement - el = wes.get(i): null

2018-03-13 11:01:46 - [TEST_STEP][PASSED] - Statement - el_prev = wes.get(i - 1): null

2018-03-13 11:01:46 - [TEST_STEP][PASSED] - Statement - text = el.getAttribute("innerHTML"): null

2018-03-13 11:01:46 - [TEST_STEP][PASSED] - Statement - text_prev = el_prev.getAttribute("innerHTML"): null

2018-03-13 11:01:46 - [TEST_STEP][PASSED] - Statement - text = text.replaceAll("ö", "o"): null

2018-03-13 11:01:46 - [TEST_STEP][PASSED] - Statement - text = text.replaceAll("Ö", "O"): null

2018-03-13 11:01:46 - [TEST_STEP][PASSED] - Statement - text_prev = text_prev.replaceAll("ö", "o"): null

2018-03-13 11:01:46 - [TEST_STEP][PASSED] - Statement - text_prev = text_prev.replaceAll("Ö", "O"): null

2018-03-13 11:01:46 - [TEST_STEP][PASSED] - Statement - text = text.replaceAll("ä", "a"): null

2018-03-13 11:01:46 - [TEST_STEP][PASSED] - Statement - text = text.replaceAll("Ä", "A"): null

2018-03-13 11:01:46 - [TEST_STEP][PASSED] - Statement - text_prev = text_prev.replaceAll("ä", "a"): null

2018-03-13 11:01:46 - [TEST_STEP][PASSED] - Statement - text_prev = text_prev.replaceAll("Ä", "A"): null

2018-03-13 11:01:46 - [TEST_STEP][PASSED] - Statement - text = text.replaceAll("ü", "u"): null

2018-03-13 11:01:46 - [TEST_STEP][PASSED] - Statement - text = text.replaceAll("Ü", "U"): null

2018-03-13 11:01:46 - [TEST_STEP][PASSED] - Statement - text_prev = text_prev.replaceAll("ü", "u"): null

2018-03-13 11:01:46 - [TEST_STEP][PASSED] - Statement - text_prev = text_prev.replaceAll("Ü", "U"): null

2018-03-13 11:01:46 - [TEST_STEP][PASSED] - Statement - ch = text.charAt(0): null

2018-03-13 11:01:46 - [TEST_STEP][PASSED] - Statement - ch_prev = el_prev.getAttribute("innerHTML").charAt(0): null

2018-03-13 11:01:48 - [TEST_STEP][PASSED] - Statement - If (ch_prev > ch): null

2018-03-13 11:01:48 - [TEST_STEP][PASSED] - Statement - Else If (ch_prev == ch): null

2018-03-13 11:01:48 - [TEST_STEP][PASSED] - Statement - ch = text.charAt(1): null

2018-03-13 11:01:48 - [TEST_STEP][PASSED] - Statement - ch_prev = text_prev.charAt(1): null

2018-03-13 11:01:48 - [TEST_STEP][PASSED] - Statement - If (ch_prev > ch): null

2018-03-13 11:01:48 - [TEST_STEP][PASSED] - Statement - Else If (ch_prev == ch): null

2018-03-13 11:01:48 - [TEST_STEP][PASSED] - Statement - ch = text.charAt(2): null

2018-03-13 11:01:48 - [TEST_STEP][PASSED] - Statement - ch_prev = text_prev.charAt(2): null

2018-03-13 11:01:48 - [TEST_STEP][PASSED] - Statement - If (ch_prev > ch): null

2018-03-13 11:01:48 - [TEST_STEP][PASSED] - Statement - el = wes.get(i): null

2018-03-13 11:01:48 - [TEST_STEP][PASSED] - Statement - el_prev = wes.get(i - 1): null

2018-03-13 11:01:48 - [TEST_STEP][PASSED] - Statement - text = el.getAttribute("innerHTML"): null

2018-03-13 11:01:48 - [TEST_STEP][PASSED] - Statement - text_prev = el_prev.getAttribute("innerHTML"): null

2018-03-13 11:01:48 - [TEST_STEP][PASSED] - Statement - text = text.replaceAll("ö", "o"): null

2018-03-13 11:01:48 - [TEST_STEP][PASSED] - Statement - text = text.replaceAll("Ö", "O"): null

2018-03-13 11:01:48 - [TEST_STEP][PASSED] - Statement - text_prev = text_prev.replaceAll("ö", "o"): null

2018-03-13 11:01:48 - [TEST_STEP][PASSED] - Statement - text_prev = text_prev.replaceAll("Ö", "O"): null

2018-03-13 11:01:48 - [TEST_STEP][PASSED] - Statement - text = text.replaceAll("ä", "a"): null

2018-03-13 11:01:48 - [TEST_STEP][PASSED] - Statement - text = text.replaceAll("Ä", "A"): null

2018-03-13 11:01:48 - [TEST_STEP][PASSED] - Statement - text_prev = text_prev.replaceAll("ä", "a"): null

2018-03-13 11:01:48 - [TEST_STEP][PASSED] - Statement - text_prev = text_prev.replaceAll("Ä", "A"): null

2018-03-13 11:01:48 - [TEST_STEP][PASSED] - Statement - text = text.replaceAll("ü", "u"): null

2018-03-13 11:01:48 - [TEST_STEP][PASSED] - Statement - text = text.replaceAll("Ü", "U"): null

2018-03-13 11:01:48 - [TEST_STEP][PASSED] - Statement - text_prev = text_prev.replaceAll("ü", "u"): null

2018-03-13 11:01:48 - [TEST_STEP][PASSED] - Statement - text_prev = text_prev.replaceAll("Ü", "U"): null

2018-03-13 11:01:48 - [TEST_STEP][PASSED] - Statement - ch = text.charAt(0): null

2018-03-13 11:01:48 - [TEST_STEP][PASSED] - Statement - ch_prev = el_prev.getAttribute("innerHTML").charAt(0): null

2018-03-13 11:01:48 - [TEST_STEP][PASSED] - Statement - If (ch_prev > ch): null

2018-03-13 11:01:48 - [TEST_STEP][PASSED] - Statement - Else If (ch_prev == ch): null

2018-03-13 11:01:48 - [TEST_STEP][PASSED] - Statement - ch = text.charAt(1): null

2018-03-13 11:01:48 - [TEST_STEP][PASSED] - Statement - ch_prev = text_prev.charAt(1): null

2018-03-13 11:01:48 - [TEST_STEP][PASSED] - Statement - If (ch_prev > ch): null

2018-03-13 11:01:48 - [TEST_STEP][PASSED] - Statement - Else If (ch_prev == ch): null

2018-03-13 11:01:48 - [TEST_STEP][PASSED] - Statement - ch = text.charAt(2): null

2018-03-13 11:01:51 - [TEST_STEP][PASSED] - Statement - ch_prev = text_prev.charAt(2): null

2018-03-13 11:01:51 - [TEST_STEP][PASSED] - Statement - If (ch_prev > ch): null

2018-03-13 11:01:51 - [TEST_STEP][PASSED] - Statement - el = wes.get(i): null

2018-03-13 11:01:51 - [TEST_STEP][PASSED] - Statement - el_prev = wes.get(i - 1): null

2018-03-13 11:01:51 - [TEST_STEP][PASSED] - Statement - text = el.getAttribute("innerHTML"): null

2018-03-13 11:01:51 - [TEST_STEP][PASSED] - Statement - text_prev = el_prev.getAttribute("innerHTML"): null

2018-03-13 11:01:51 - [TEST_STEP][PASSED] - Statement - text = text.replaceAll("ö", "o"): null

2018-03-13 11:01:51 - [TEST_STEP][PASSED] - Statement - text = text.replaceAll("Ö", "O"): null

2018-03-13 11:01:51 - [TEST_STEP][PASSED] - Statement - text_prev = text_prev.replaceAll("ö", "o"): null

2018-03-13 11:01:51 - [TEST_STEP][PASSED] - Statement - text_prev = text_prev.replaceAll("Ö", "O"): null

2018-03-13 11:01:51 - [TEST_STEP][PASSED] - Statement - text = text.replaceAll("ä", "a"): null

2018-03-13 11:01:51 - [TEST_STEP][PASSED] - Statement - text = text.replaceAll("Ä", "A"): null

2018-03-13 11:01:51 - [TEST_STEP][PASSED] - Statement - text_prev = text_prev.replaceAll("ä", "a"): null

2018-03-13 11:01:51 - [TEST_STEP][PASSED] - Statement - text_prev = text_prev.replaceAll("Ä", "A"): null

2018-03-13 11:01:51 - [TEST_STEP][PASSED] - Statement - text = text.replaceAll("ü", "u"): null

2018-03-13 11:01:51 - [TEST_STEP][PASSED] - Statement - text = text.replaceAll("Ü", "U"): null

2018-03-13 11:01:51 - [TEST_STEP][PASSED] - Statement - text_prev = text_prev.replaceAll("ü", "u"): null

2018-03-13 11:01:51 - [TEST_STEP][PASSED] - Statement - text_prev = text_prev.replaceAll("Ü", "U"): null

2018-03-13 11:01:51 - [TEST_STEP][PASSED] - Statement - ch = text.charAt(0): null

2018-03-13 11:01:51 - [TEST_STEP][PASSED] - Statement - ch_prev = el_prev.getAttribute("innerHTML").charAt(0): null

2018-03-13 11:01:51 - [TEST_STEP][PASSED] - Statement - If (ch_prev > ch): null

2018-03-13 11:01:51 - [TEST_STEP][PASSED] - Statement - Else If (ch_prev == ch): null

2018-03-13 11:01:51 - [TEST_STEP][PASSED] - Statement - ch = text.charAt(1): null

2018-03-13 11:01:51 - [TEST_STEP][PASSED] - Statement - ch_prev = text_prev.charAt(1): null

2018-03-13 11:01:51 - [TEST_STEP][PASSED] - Statement - If (ch_prev > ch): null

2018-03-13 11:01:51 - [TEST_STEP][PASSED] - Statement - el = wes.get(i): null

2018-03-13 11:01:51 - [TEST_STEP][PASSED] - Statement - el_prev = wes.get(i - 1): null

2018-03-13 11:01:51 - [TEST_STEP][PASSED] - Statement - text = el.getAttribute("innerHTML"): null

2018-03-13 11:01:51 - [TEST_STEP][PASSED] - Statement - text_prev = el_prev.getAttribute("innerHTML"): null

2018-03-13 11:01:51 - [TEST_STEP][PASSED] - Statement - text = text.replaceAll("ö", "o"): null

2018-03-13 11:01:53 - [TEST_STEP][PASSED] - Statement - text = text.replaceAll("Ö", "O"): null

2018-03-13 11:01:53 - [TEST_STEP][PASSED] - Statement - text_prev = text_prev.replaceAll("ö", "o"): null

2018-03-13 11:01:53 - [TEST_STEP][PASSED] - Statement - text_prev = text_prev.replaceAll("Ö", "O"): null

2018-03-13 11:01:53 - [TEST_STEP][PASSED] - Statement - text = text.replaceAll("ä", "a"): null

2018-03-13 11:01:53 - [TEST_STEP][PASSED] - Statement - text = text.replaceAll("Ä", "A"): null

2018-03-13 11:01:53 - [TEST_STEP][PASSED] - Statement - text_prev = text_prev.replaceAll("ä", "a"): null

2018-03-13 11:01:53 - [TEST_STEP][PASSED] - Statement - text_prev = text_prev.replaceAll("Ä", "A"): null

2018-03-13 11:01:53 - [TEST_STEP][PASSED] - Statement - text = text.replaceAll("ü", "u"): null

2018-03-13 11:01:53 - [TEST_STEP][PASSED] - Statement - text = text.replaceAll("Ü", "U"): null

2018-03-13 11:01:53 - [TEST_STEP][PASSED] - Statement - text_prev = text_prev.replaceAll("ü", "u"): null

2018-03-13 11:01:53 - [TEST_STEP][PASSED] - Statement - text_prev = text_prev.replaceAll("Ü", "U"): null

2018-03-13 11:01:53 - [TEST_STEP][PASSED] - Statement - ch = text.charAt(0): null

2018-03-13 11:01:53 - [TEST_STEP][PASSED] - Statement - ch_prev = el_prev.getAttribute("innerHTML").charAt(0): null

2018-03-13 11:01:53 - [TEST_STEP][PASSED] - Statement - If (ch_prev > ch): null

2018-03-13 11:01:53 - [TEST_STEP][PASSED] - Statement - Else If (ch_prev == ch): null

2018-03-13 11:01:53 - [TEST_STEP][PASSED] - Statement - ch = text.charAt(1): null

2018-03-13 11:01:53 - [TEST_STEP][PASSED] - Statement - ch_prev = text_prev.charAt(1): null

2018-03-13 11:01:53 - [TEST_STEP][PASSED] - Statement - If (ch_prev > ch): null

2018-03-13 11:01:53 - [TEST_STEP][PASSED] - Statement - el = wes.get(i): null

2018-03-13 11:01:53 - [TEST_STEP][PASSED] - Statement - el_prev = wes.get(i - 1): null

2018-03-13 11:01:53 - [TEST_STEP][PASSED] - Statement - text = el.getAttribute("innerHTML"): null

2018-03-13 11:01:53 - [TEST_STEP][PASSED] - Statement - text_prev = el_prev.getAttribute("innerHTML"): null

2018-03-13 11:01:53 - [TEST_STEP][PASSED] - Statement - text = text.replaceAll("ö", "o"): null

2018-03-13 11:01:53 - [TEST_STEP][PASSED] - Statement - text = text.replaceAll("Ö", "O"): null

2018-03-13 11:01:53 - [TEST_STEP][PASSED] - Statement - text_prev = text_prev.replaceAll("ö", "o"): null

2018-03-13 11:01:53 - [TEST_STEP][PASSED] - Statement - text_prev = text_prev.replaceAll("Ö", "O"): null

2018-03-13 11:01:53 - [TEST_STEP][PASSED] - Statement - text = text.replaceAll("ä", "a"): null

2018-03-13 11:01:53 - [TEST_STEP][PASSED] - Statement - text = text.replaceAll("Ä", "A"): null

2018-03-13 11:01:53 - [TEST_STEP][PASSED] - Statement - text_prev = text_prev.replaceAll("ä", "a"): null

2018-03-13 11:01:53 - [TEST_STEP][PASSED] - Statement - text_prev = text_prev.replaceAll("Ä", "A"): null

2018-03-13 11:01:55 - [TEST_STEP][PASSED] - Statement - text = text.replaceAll("ü", "u"): null

2018-03-13 11:01:55 - [TEST_STEP][PASSED] - Statement - text = text.replaceAll("Ü", "U"): null

2018-03-13 11:01:55 - [TEST_STEP][PASSED] - Statement - text_prev = text_prev.replaceAll("ü", "u"): null

2018-03-13 11:01:55 - [TEST_STEP][PASSED] - Statement - text_prev = text_prev.replaceAll("Ü", "U"): null

2018-03-13 11:01:56 - [TEST_STEP][PASSED] - Statement - ch = text.charAt(0): null

2018-03-13 11:01:56 - [TEST_STEP][PASSED] - Statement - ch_prev = el_prev.getAttribute("innerHTML").charAt(0): null

2018-03-13 11:01:56 - [TEST_STEP][PASSED] - Statement - If (ch_prev > ch): null

2018-03-13 11:01:56 - [TEST_STEP][PASSED] - Statement - el = wes.get(i): null

2018-03-13 11:01:56 - [TEST_STEP][PASSED] - Statement - el_prev = wes.get(i - 1): null

2018-03-13 11:01:56 - [TEST_STEP][PASSED] - Statement - text = el.getAttribute("innerHTML"): null

2018-03-13 11:01:56 - [TEST_STEP][PASSED] - Statement - text_prev = el_prev.getAttribute("innerHTML"): null

2018-03-13 11:01:56 - [TEST_STEP][PASSED] - Statement - text = text.replaceAll("ö", "o"): null

2018-03-13 11:01:56 - [TEST_STEP][PASSED] - Statement - text = text.replaceAll("Ö", "O"): null

2018-03-13 11:01:56 - [TEST_STEP][PASSED] - Statement - text_prev = text_prev.replaceAll("ö", "o"): null

2018-03-13 11:01:56 - [TEST_STEP][PASSED] - Statement - text_prev = text_prev.replaceAll("Ö", "O"): null

2018-03-13 11:01:56 - [TEST_STEP][PASSED] - Statement - text = text.replaceAll("ä", "a"): null

2018-03-13 11:01:56 - [TEST_STEP][PASSED] - Statement - text = text.replaceAll("Ä", "A"): null

2018-03-13 11:01:56 - [TEST_STEP][PASSED] - Statement - text_prev = text_prev.replaceAll("ä", "a"): null

2018-03-13 11:01:56 - [TEST_STEP][PASSED] - Statement - text_prev = text_prev.replaceAll("Ä", "A"): null

2018-03-13 11:01:56 - [TEST_STEP][PASSED] - Statement - text = text.replaceAll("ü", "u"): null

2018-03-13 11:01:56 - [TEST_STEP][PASSED] - Statement - text = text.replaceAll("Ü", "U"): null

2018-03-13 11:01:56 - [TEST_STEP][PASSED] - Statement - text_prev = text_prev.replaceAll("ü", "u"): null

2018-03-13 11:01:56 - [TEST_STEP][PASSED] - Statement - text_prev = text_prev.replaceAll("Ü", "U"): null

2018-03-13 11:01:56 - [TEST_STEP][PASSED] - Statement - ch = text.charAt(0): null

2018-03-13 11:01:56 - [TEST_STEP][PASSED] - Statement - ch_prev = el_prev.getAttribute("innerHTML").charAt(0): null

2018-03-13 11:01:56 - [TEST_STEP][PASSED] - Statement - If (ch_prev > ch): null

2018-03-13 11:01:56 - [TEST_STEP][PASSED] - Statement - el = wes.get(i): null

2018-03-13 11:01:56 - [TEST_STEP][PASSED] - Statement - el_prev = wes.get(i - 1): null

2018-03-13 11:01:56 - [TEST_STEP][PASSED] - Statement - text = el.getAttribute("innerHTML"): null

2018-03-13 11:01:56 - [TEST_STEP][PASSED] - Statement - text_prev = el_prev.getAttribute("innerHTML"): null

2018-03-13 11:01:57 - [TEST_STEP][PASSED] - Statement - text = text.replaceAll("ö", "o"): null

2018-03-13 11:01:57 - [TEST_STEP][PASSED] - Statement - text = text.replaceAll("Ö", "O"): null

2018-03-13 11:01:57 - [TEST_STEP][PASSED] - Statement - text_prev = text_prev.replaceAll("ö", "o"): null

2018-03-13 11:01:57 - [TEST_STEP][PASSED] - Statement - text_prev = text_prev.replaceAll("Ö", "O"): null

2018-03-13 11:01:57 - [TEST_STEP][PASSED] - Statement - text = text.replaceAll("ä", "a"): null

2018-03-13 11:01:57 - [TEST_STEP][PASSED] - Statement - text = text.replaceAll("Ä", "A"): null

2018-03-13 11:01:57 - [TEST_STEP][PASSED] - Statement - text_prev = text_prev.replaceAll("ä", "a"): null

2018-03-13 11:01:57 - [TEST_STEP][PASSED] - Statement - text_prev = text_prev.replaceAll("Ä", "A"): null

2018-03-13 11:01:57 - [TEST_STEP][PASSED] - Statement - text = text.replaceAll("ü", "u"): null

2018-03-13 11:01:58 - [TEST_STEP][PASSED] - Statement - text = text.replaceAll("Ü", "U"): null

2018-03-13 11:01:58 - [TEST_STEP][PASSED] - Statement - text_prev = text_prev.replaceAll("ü", "u"): null

2018-03-13 11:01:58 - [TEST_STEP][PASSED] - Statement - text_prev = text_prev.replaceAll("Ü", "U"): null

2018-03-13 11:01:58 - [TEST_STEP][PASSED] - Statement - ch = text.charAt(0): null

2018-03-13 11:01:58 - [TEST_STEP][PASSED] - Statement - ch_prev = el_prev.getAttribute("innerHTML").charAt(0): null

2018-03-13 11:01:58 - [TEST_STEP][PASSED] - Statement - If (ch_prev > ch): null

2018-03-13 11:01:58 - [TEST_STEP][PASSED] - Statement - Else If (ch_prev == ch): null

2018-03-13 11:01:58 - [TEST_STEP][PASSED] - Statement - ch = text.charAt(1): null

2018-03-13 11:01:58 - [TEST_STEP][PASSED] - Statement - ch_prev = text_prev.charAt(1): null

2018-03-13 11:01:58 - [TEST_STEP][PASSED] - Statement - If (ch_prev > ch): null

2018-03-13 11:01:58 - [TEST_STEP][PASSED] - Statement - el = wes.get(i): null

2018-03-13 11:01:58 - [TEST_STEP][PASSED] - Statement - el_prev = wes.get(i - 1): null

2018-03-13 11:01:58 - [TEST_STEP][PASSED] - Statement - text = el.getAttribute("innerHTML"): null

2018-03-13 11:01:58 - [TEST_STEP][PASSED] - Statement - text_prev = el_prev.getAttribute("innerHTML"): null

2018-03-13 11:01:58 - [TEST_STEP][PASSED] - Statement - text = text.replaceAll("ö", "o"): null

2018-03-13 11:01:58 - [TEST_STEP][PASSED] - Statement - text = text.replaceAll("Ö", "O"): null

2018-03-13 11:01:58 - [TEST_STEP][PASSED] - Statement - text_prev = text_prev.replaceAll("ö", "o"): null

2018-03-13 11:01:58 - [TEST_STEP][PASSED] - Statement - text_prev = text_prev.replaceAll("Ö", "O"): null

2018-03-13 11:01:58 - [TEST_STEP][PASSED] - Statement - text = text.replaceAll("ä", "a"): null

2018-03-13 11:01:58 - [TEST_STEP][PASSED] - Statement - text = text.replaceAll("Ä", "A"): null

2018-03-13 11:01:58 - [TEST_STEP][PASSED] - Statement - text_prev = text_prev.replaceAll("ä", "a"): null

2018-03-13 11:01:58 - [TEST_STEP][PASSED] - Statement - text_prev = text_prev.replaceAll("Ä", "A"): null

2018-03-13 11:01:58 - [TEST_STEP][PASSED] - Statement - text = text.replaceAll("ü", "u"): null

2018-03-13 11:01:58 - [TEST_STEP][PASSED] - Statement - text = text.replaceAll("Ü", "U"): null

2018-03-13 11:01:58 - [TEST_STEP][PASSED] - Statement - text_prev = text_prev.replaceAll("ü", "u"): null

2018-03-13 11:01:58 - [TEST_STEP][PASSED] - Statement - text_prev = text_prev.replaceAll("Ü", "U"): null

2018-03-13 11:02:00 - [TEST_STEP][PASSED] - Statement - ch = text.charAt(0): null

2018-03-13 11:02:00 - [TEST_STEP][PASSED] - Statement - ch_prev = el_prev.getAttribute("innerHTML").charAt(0): null

2018-03-13 11:02:00 - [TEST_STEP][PASSED] - Statement - If (ch_prev > ch): null

2018-03-13 11:02:00 - [TEST_STEP][PASSED] - Statement - el = wes.get(i): null

2018-03-13 11:02:00 - [TEST_STEP][PASSED] - Statement - el_prev = wes.get(i - 1): null

2018-03-13 11:02:00 - [TEST_STEP][PASSED] - Statement - text = el.getAttribute("innerHTML"): null

2018-03-13 11:02:00 - [TEST_STEP][PASSED] - Statement - text_prev = el_prev.getAttribute("innerHTML"): null

2018-03-13 11:02:00 - [TEST_STEP][PASSED] - Statement - text = text.replaceAll("ö", "o"): null

2018-03-13 11:02:00 - [TEST_STEP][PASSED] - Statement - text = text.replaceAll("Ö", "O"): null

2018-03-13 11:02:00 - [TEST_STEP][PASSED] - Statement - text_prev = text_prev.replaceAll("ö", "o"): null

2018-03-13 11:02:00 - [TEST_STEP][PASSED] - Statement - text_prev = text_prev.replaceAll("Ö", "O"): null

2018-03-13 11:02:00 - [TEST_STEP][PASSED] - Statement - text = text.replaceAll("ä", "a"): null

2018-03-13 11:02:00 - [TEST_STEP][PASSED] - Statement - text = text.replaceAll("Ä", "A"): null

2018-03-13 11:02:00 - [TEST_STEP][PASSED] - Statement - text_prev = text_prev.replaceAll("ä", "a"): null

2018-03-13 11:02:00 - [TEST_STEP][PASSED] - Statement - text_prev = text_prev.replaceAll("Ä", "A"): null

2018-03-13 11:02:00 - [TEST_STEP][PASSED] - Statement - text = text.replaceAll("ü", "u"): null

2018-03-13 11:02:00 - [TEST_STEP][PASSED] - Statement - text = text.replaceAll("Ü", "U"): null

2018-03-13 11:02:00 - [TEST_STEP][PASSED] - Statement - text_prev = text_prev.replaceAll("ü", "u"): null

2018-03-13 11:02:00 - [TEST_STEP][PASSED] - Statement - text_prev = text_prev.replaceAll("Ü", "U"): null

2018-03-13 11:02:00 - [TEST_STEP][PASSED] - Statement - ch = text.charAt(0): null

2018-03-13 11:02:00 - [TEST_STEP][PASSED] - Statement - ch_prev = el_prev.getAttribute("innerHTML").charAt(0): null

2018-03-13 11:02:00 - [TEST_STEP][PASSED] - Statement - If (ch_prev > ch): null

2018-03-13 11:02:00 - [TEST_STEP][PASSED] - Statement - Else If (ch_prev == ch): null

2018-03-13 11:02:00 - [TEST_STEP][PASSED] - Statement - ch = text.charAt(1): null

2018-03-13 11:02:00 - [TEST_STEP][PASSED] - Statement - ch_prev = text_prev.charAt(1): null

2018-03-13 11:02:00 - [TEST_STEP][PASSED] - Statement - If (ch_prev > ch): null

2018-03-13 11:02:00 - [TEST_STEP][PASSED] - Statement - el = wes.get(i): null

2018-03-13 11:02:00 - [TEST_STEP][PASSED] - Statement - el_prev = wes.get(i - 1): null

2018-03-13 11:02:00 - [TEST_STEP][PASSED] - Statement - text = el.getAttribute("innerHTML"): null

2018-03-13 11:02:00 - [TEST_STEP][PASSED] - Statement - text_prev = el_prev.getAttribute("innerHTML"): null

2018-03-13 11:02:00 - [TEST_STEP][PASSED] - Statement - text = text.replaceAll("ö", "o"): null

2018-03-13 11:02:00 - [TEST_STEP][PASSED] - Statement - text = text.replaceAll("Ö", "O"): null

2018-03-13 11:02:00 - [TEST_STEP][PASSED] - Statement - text_prev = text_prev.replaceAll("ö", "o"): null

2018-03-13 11:02:00 - [TEST_STEP][PASSED] - Statement - text_prev = text_prev.replaceAll("Ö", "O"): null

2018-03-13 11:02:00 - [TEST_STEP][PASSED] - Statement - text = text.replaceAll("ä", "a"): null

2018-03-13 11:02:00 - [TEST_STEP][PASSED] - Statement - text = text.replaceAll("Ä", "A"): null

2018-03-13 11:02:00 - [TEST_STEP][PASSED] - Statement - text_prev = text_prev.replaceAll("ä", "a"): null

2018-03-13 11:02:00 - [TEST_STEP][PASSED] - Statement - text_prev = text_prev.replaceAll("Ä", "A"): null

2018-03-13 11:02:00 - [TEST_STEP][PASSED] - Statement - text = text.replaceAll("ü", "u"): null

2018-03-13 11:02:00 - [TEST_STEP][PASSED] - Statement - text = text.replaceAll("Ü", "U"): null

2018-03-13 11:02:00 - [TEST_STEP][PASSED] - Statement - text_prev = text_prev.replaceAll("ü", "u"): null

2018-03-13 11:02:00 - [TEST_STEP][PASSED] - Statement - text_prev = text_prev.replaceAll("Ü", "U"): null

2018-03-13 11:02:00 - [TEST_STEP][PASSED] - Statement - ch = text.charAt(0): null

2018-03-13 11:02:00 - [TEST_STEP][PASSED] - Statement - ch_prev = el_prev.getAttribute("innerHTML").charAt(0): null

2018-03-13 11:02:00 - [TEST_STEP][PASSED] - Statement - If (ch_prev > ch): null

2018-03-13 11:02:00 - [TEST_STEP][PASSED] - Statement - Else If (ch_prev == ch): null

2018-03-13 11:02:00 - [TEST_STEP][PASSED] - Statement - ch = text.charAt(1): null

2018-03-13 11:02:00 - [TEST_STEP][PASSED] - Statement - ch_prev = text_prev.charAt(1): null

2018-03-13 11:02:00 - [TEST_STEP][PASSED] - Statement - If (ch_prev > ch): null

2018-03-13 11:02:00 - [TEST_STEP][PASSED] - Statement - Else If (ch_prev == ch): null

2018-03-13 11:02:00 - [TEST_STEP][PASSED] - Statement - ch = text.charAt(2): null

2018-03-13 11:02:00 - [TEST_STEP][PASSED] - Statement - ch_prev = text_prev.charAt(2): null

2018-03-13 11:02:00 - [TEST_STEP][PASSED] - Statement - If (ch_prev > ch): null

2018-03-13 11:02:00 - [TEST_STEP][PASSED] - Statement - el = wes.get(i): null

2018-03-13 11:02:00 - [TEST_STEP][PASSED] - Statement - el_prev = wes.get(i - 1): null

2018-03-13 11:02:00 - [TEST_STEP][PASSED] - Statement - text = el.getAttribute("innerHTML"): null

2018-03-13 11:02:00 - [TEST_STEP][PASSED] - Statement - text_prev = el_prev.getAttribute("innerHTML"): null

2018-03-13 11:02:00 - [TEST_STEP][PASSED] - Statement - text = text.replaceAll("ö", "o"): null

2018-03-13 11:02:00 - [TEST_STEP][PASSED] - Statement - text = text.replaceAll("Ö", "O"): null

2018-03-13 11:02:00 - [TEST_STEP][PASSED] - Statement - text_prev = text_prev.replaceAll("ö", "o"): null

2018-03-13 11:02:00 - [TEST_STEP][PASSED] - Statement - text_prev = text_prev.replaceAll("Ö", "O"): null

2018-03-13 11:02:00 - [TEST_STEP][PASSED] - Statement - text = text.replaceAll("ä", "a"): null

2018-03-13 11:02:00 - [TEST_STEP][PASSED] - Statement - text = text.replaceAll("Ä", "A"): null

2018-03-13 11:02:00 - [TEST_STEP][PASSED] - Statement - text_prev = text_prev.replaceAll("ä", "a"): null

2018-03-13 11:02:00 - [TEST_STEP][PASSED] - Statement - text_prev = text_prev.replaceAll("Ä", "A"): null

2018-03-13 11:02:00 - [TEST_STEP][PASSED] - Statement - text = text.replaceAll("ü", "u"): null

2018-03-13 11:02:03 - [TEST_STEP][PASSED] - Statement - text = text.replaceAll("Ü", "U"): null

2018-03-13 11:02:03 - [TEST_STEP][PASSED] - Statement - text_prev = text_prev.replaceAll("ü", "u"): null

2018-03-13 11:02:03 - [TEST_STEP][PASSED] - Statement - text_prev = text_prev.replaceAll("Ü", "U"): null

2018-03-13 11:02:03 - [TEST_STEP][PASSED] - Statement - ch = text.charAt(0): null

2018-03-13 11:02:03 - [TEST_STEP][PASSED] - Statement - ch_prev = el_prev.getAttribute("innerHTML").charAt(0): null

2018-03-13 11:02:03 - [TEST_STEP][PASSED] - Statement - If (ch_prev > ch): null

2018-03-13 11:02:03 - [TEST_STEP][PASSED] - Statement - Else If (ch_prev == ch): null

2018-03-13 11:02:03 - [TEST_STEP][PASSED] - Statement - ch = text.charAt(1): null

2018-03-13 11:02:03 - [TEST_STEP][PASSED] - Statement - ch_prev = text_prev.charAt(1): null

2018-03-13 11:02:03 - [TEST_STEP][PASSED] - Statement - If (ch_prev > ch): null

2018-03-13 11:02:03 - [TEST_STEP][PASSED] - Statement - el = wes.get(i): null

2018-03-13 11:02:03 - [TEST_STEP][PASSED] - Statement - el_prev = wes.get(i - 1): null

2018-03-13 11:02:03 - [TEST_STEP][PASSED] - Statement - text = el.getAttribute("innerHTML"): null

2018-03-13 11:02:03 - [TEST_STEP][PASSED] - Statement - text_prev = el_prev.getAttribute("innerHTML"): null

2018-03-13 11:02:03 - [TEST_STEP][PASSED] - Statement - text = text.replaceAll("ö", "o"): null

2018-03-13 11:02:03 - [TEST_STEP][PASSED] - Statement - text = text.replaceAll("Ö", "O"): null

2018-03-13 11:02:03 - [TEST_STEP][PASSED] - Statement - text_prev = text_prev.replaceAll("ö", "o"): null

2018-03-13 11:02:03 - [TEST_STEP][PASSED] - Statement - text_prev = text_prev.replaceAll("Ö", "O"): null

2018-03-13 11:02:03 - [TEST_STEP][PASSED] - Statement - text = text.replaceAll("ä", "a"): null

2018-03-13 11:02:03 - [TEST_STEP][PASSED] - Statement - text = text.replaceAll("Ä", "A"): null

2018-03-13 11:02:03 - [TEST_STEP][PASSED] - Statement - text_prev = text_prev.replaceAll("ä", "a"): null

2018-03-13 11:02:06 - [TEST_STEP][PASSED] - Statement - text_prev = text_prev.replaceAll("Ä", "A"): null

2018-03-13 11:02:06 - [TEST_STEP][PASSED] - Statement - text = text.replaceAll("ü", "u"): null

2018-03-13 11:02:06 - [TEST_STEP][PASSED] - Statement - text = text.replaceAll("Ü", "U"): null

2018-03-13 11:02:06 - [TEST_STEP][PASSED] - Statement - text_prev = text_prev.replaceAll("ü", "u"): null

2018-03-13 11:02:06 - [TEST_STEP][PASSED] - Statement - text_prev = text_prev.replaceAll("Ü", "U"): null

2018-03-13 11:02:06 - [TEST_STEP][PASSED] - Statement - ch = text.charAt(0): null

2018-03-13 11:02:06 - [TEST_STEP][PASSED] - Statement - ch_prev = el_prev.getAttribute("innerHTML").charAt(0): null

2018-03-13 11:02:06 - [TEST_STEP][PASSED] - Statement - If (ch_prev > ch): null

2018-03-13 11:02:06 - [TEST_STEP][PASSED] - Statement - el = wes.get(i): null

2018-03-13 11:02:06 - [TEST_STEP][PASSED] - Statement - el_prev = wes.get(i - 1): null

2018-03-13 11:02:06 - [TEST_STEP][PASSED] - Statement - text = el.getAttribute("innerHTML"): null

2018-03-13 11:02:06 - [TEST_STEP][PASSED] - Statement - text_prev = el_prev.getAttribute("innerHTML"): null

2018-03-13 11:02:06 - [TEST_STEP][PASSED] - Statement - text = text.replaceAll("ö", "o"): null

2018-03-13 11:02:06 - [TEST_STEP][PASSED] - Statement - text = text.replaceAll("Ö", "O"): null

2018-03-13 11:02:06 - [TEST_STEP][PASSED] - Statement - text_prev = text_prev.replaceAll("ö", "o"): null

2018-03-13 11:02:06 - [TEST_STEP][PASSED] - Statement - text_prev = text_prev.replaceAll("Ö", "O"): null

2018-03-13 11:02:06 - [TEST_STEP][PASSED] - Statement - text = text.replaceAll("ä", "a"): null

2018-03-13 11:02:06 - [TEST_STEP][PASSED] - Statement - text = text.replaceAll("Ä", "A"): null

2018-03-13 11:02:06 - [TEST_STEP][PASSED] - Statement - text_prev = text_prev.replaceAll("ä", "a"): null

2018-03-13 11:02:07 - [TEST_STEP][PASSED] - Statement - text_prev = text_prev.replaceAll("Ä", "A"): null

2018-03-13 11:02:07 - [TEST_STEP][PASSED] - Statement - text = text.replaceAll("ü", "u"): null

2018-03-13 11:02:07 - [TEST_STEP][PASSED] - Statement - text = text.replaceAll("Ü", "U"): null

2018-03-13 11:02:07 - [TEST_STEP][PASSED] - Statement - text_prev = text_prev.replaceAll("ü", "u"): null

2018-03-13 11:02:07 - [TEST_STEP][PASSED] - Statement - text_prev = text_prev.replaceAll("Ü", "U"): null

2018-03-13 11:02:07 - [TEST_STEP][PASSED] - Statement - ch = text.charAt(0): null

2018-03-13 11:02:07 - [TEST_STEP][PASSED] - Statement - ch_prev = el_prev.getAttribute("innerHTML").charAt(0): null

2018-03-13 11:02:07 - [TEST_STEP][PASSED] - Statement - If (ch_prev > ch): null

2018-03-13 11:02:07 - [TEST_STEP][PASSED] - Statement - Else If (ch_prev == ch): null

2018-03-13 11:02:07 - [TEST_STEP][PASSED] - Statement - ch = text.charAt(1): null

2018-03-13 11:02:07 - [TEST_STEP][PASSED] - Statement - ch_prev = text_prev.charAt(1): null

2018-03-13 11:02:07 - [TEST_STEP][PASSED] - Statement - If (ch_prev > ch): null

2018-03-13 11:02:07 - [TEST_STEP][PASSED] - Statement - Else If (ch_prev == ch): null

2018-03-13 11:02:07 - [TEST_STEP][PASSED] - Statement - ch = text.charAt(2): null

2018-03-13 11:02:07 - [TEST_STEP][PASSED] - Statement - ch_prev = text_prev.charAt(2): null

2018-03-13 11:02:07 - [TEST_STEP][PASSED] - Statement - If (ch_prev > ch): null

2018-03-13 11:02:07 - [TEST_STEP][PASSED] - Statement - el = wes.get(i): null

2018-03-13 11:02:07 - [TEST_STEP][PASSED] - Statement - el_prev = wes.get(i - 1): null

2018-03-13 11:02:07 - [TEST_STEP][PASSED] - Statement - text = el.getAttribute("innerHTML"): null

2018-03-13 11:02:07 - [TEST_STEP][PASSED] - Statement - text_prev = el_prev.getAttribute("innerHTML"): null

2018-03-13 11:02:07 - [TEST_STEP][PASSED] - Statement - text = text.replaceAll("ö", "o"): null

2018-03-13 11:02:07 - [TEST_STEP][PASSED] - Statement - text = text.replaceAll("Ö", "O"): null

2018-03-13 11:02:07 - [TEST_STEP][PASSED] - Statement - text_prev = text_prev.replaceAll("ö", "o"): null

2018-03-13 11:02:07 - [TEST_STEP][PASSED] - Statement - text_prev = text_prev.replaceAll("Ö", "O"): null

2018-03-13 11:02:07 - [TEST_STEP][PASSED] - Statement - text = text.replaceAll("ä", "a"): null

2018-03-13 11:02:07 - [TEST_STEP][PASSED] - Statement - text = text.replaceAll("Ä", "A"): null

2018-03-13 11:02:07 - [TEST_STEP][PASSED] - Statement - text_prev = text_prev.replaceAll("ä", "a"): null

2018-03-13 11:02:07 - [TEST_STEP][PASSED] - Statement - text_prev = text_prev.replaceAll("Ä", "A"): null

2018-03-13 11:02:07 - [TEST_STEP][PASSED] - Statement - text = text.replaceAll("ü", "u"): null

2018-03-13 11:02:07 - [TEST_STEP][PASSED] - Statement - text = text.replaceAll("Ü", "U"): null

2018-03-13 11:02:08 - [TEST_STEP][PASSED] - Statement - text_prev = text_prev.replaceAll("ü", "u"): null

2018-03-13 11:02:08 - [TEST_STEP][PASSED] - Statement - text_prev = text_prev.replaceAll("Ü", "U"): null

2018-03-13 11:02:08 - [TEST_STEP][PASSED] - Statement - ch = text.charAt(0): null

2018-03-13 11:02:08 - [TEST_STEP][PASSED] - Statement - ch_prev = el_prev.getAttribute("innerHTML").charAt(0): null

2018-03-13 11:02:08 - [TEST_STEP][PASSED] - Statement - If (ch_prev > ch): null

2018-03-13 11:02:08 - [TEST_STEP][PASSED] - Statement - el = wes.get(i): null

2018-03-13 11:02:08 - [TEST_STEP][PASSED] - Statement - el_prev = wes.get(i - 1): null

2018-03-13 11:02:08 - [TEST_STEP][PASSED] - Statement - text = el.getAttribute("innerHTML"): null

2018-03-13 11:02:08 - [TEST_STEP][PASSED] - Statement - text_prev = el_prev.getAttribute("innerHTML"): null

2018-03-13 11:02:09 - [TEST_STEP][PASSED] - Statement - text = text.replaceAll("ö", "o"): null

2018-03-13 11:02:09 - [TEST_STEP][PASSED] - Statement - text = text.replaceAll("Ö", "O"): null

2018-03-13 11:02:09 - [TEST_STEP][PASSED] - Statement - text_prev = text_prev.replaceAll("ö", "o"): null

2018-03-13 11:02:09 - [TEST_STEP][PASSED] - Statement - text_prev = text_prev.replaceAll("Ö", "O"): null

2018-03-13 11:02:09 - [TEST_STEP][PASSED] - Statement - text = text.replaceAll("ä", "a"): null

2018-03-13 11:02:09 - [TEST_STEP][PASSED] - Statement - text = text.replaceAll("Ä", "A"): null

2018-03-13 11:02:09 - [TEST_STEP][PASSED] - Statement - text_prev = text_prev.replaceAll("ä", "a"): null

2018-03-13 11:02:09 - [TEST_STEP][PASSED] - Statement - text_prev = text_prev.replaceAll("Ä", "A"): null

2018-03-13 11:02:09 - [TEST_STEP][PASSED] - Statement - text = text.replaceAll("ü", "u"): null

2018-03-13 11:02:09 - [TEST_STEP][PASSED] - Statement - text = text.replaceAll("Ü", "U"): null

2018-03-13 11:02:09 - [TEST_STEP][PASSED] - Statement - text_prev = text_prev.replaceAll("ü", "u"): null

2018-03-13 11:02:09 - [TEST_STEP][PASSED] - Statement - text_prev = text_prev.replaceAll("Ü", "U"): null

2018-03-13 11:02:09 - [TEST_STEP][PASSED] - Statement - ch = text.charAt(0): null

2018-03-13 11:02:09 - [TEST_STEP][PASSED] - Statement - ch_prev = el_prev.getAttribute("innerHTML").charAt(0): null

2018-03-13 11:02:09 - [TEST_STEP][PASSED] - Statement - If (ch_prev > ch): null

2018-03-13 11:02:09 - [TEST_STEP][PASSED] - Statement - Else If (ch_prev == ch): null

2018-03-13 11:02:09 - [TEST_STEP][PASSED] - Statement - ch = text.charAt(1): null

2018-03-13 11:02:09 - [TEST_STEP][PASSED] - Statement - ch_prev = text_prev.charAt(1): null

2018-03-13 11:02:09 - [TEST_STEP][PASSED] - Statement - If (ch_prev > ch): null

2018-03-13 11:02:09 - [TEST_STEP][PASSED] - Statement - Else If (ch_prev == ch): null

2018-03-13 11:02:09 - [TEST_STEP][PASSED] - Statement - ch = text.charAt(2): null

2018-03-13 11:02:09 - [TEST_STEP][PASSED] - Statement - ch_prev = text_prev.charAt(2): null

2018-03-13 11:02:09 - [TEST_STEP][PASSED] - Statement - If (ch_prev > ch): null

2018-03-13 11:02:09 - [TEST_STEP][PASSED] - Statement - el = wes.get(i): null

2018-03-13 11:02:09 - [TEST_STEP][PASSED] - Statement - el_prev = wes.get(i - 1): null

2018-03-13 11:02:09 - [TEST_STEP][PASSED] - Statement - text = el.getAttribute("innerHTML"): null

2018-03-13 11:02:09 - [TEST_STEP][PASSED] - Statement - text_prev = el_prev.getAttribute("innerHTML"): null

2018-03-13 11:02:09 - [TEST_STEP][PASSED] - Statement - text = text.replaceAll("ö", "o"): null

2018-03-13 11:02:09 - [TEST_STEP][PASSED] - Statement - text = text.replaceAll("Ö", "O"): null

2018-03-13 11:02:09 - [TEST_STEP][PASSED] - Statement - text_prev = text_prev.replaceAll("ö", "o"): null

2018-03-13 11:02:12 - [TEST_STEP][PASSED] - Statement - text_prev = text_prev.replaceAll("Ö", "O"): null

2018-03-13 11:02:12 - [TEST_STEP][PASSED] - Statement - text = text.replaceAll("ä", "a"): null

2018-03-13 11:02:13 - [TEST_STEP][PASSED] - Statement - text = text.replaceAll("Ä", "A"): null

2018-03-13 11:02:13 - [TEST_STEP][PASSED] - Statement - text_prev = text_prev.replaceAll("ä", "a"): null

2018-03-13 11:02:13 - [TEST_STEP][PASSED] - Statement - text_prev = text_prev.replaceAll("Ä", "A"): null

2018-03-13 11:02:13 - [TEST_STEP][PASSED] - Statement - text = text.replaceAll("ü", "u"): null

2018-03-13 11:02:13 - [TEST_STEP][PASSED] - Statement - text = text.replaceAll("Ü", "U"): null

2018-03-13 11:02:13 - [TEST_STEP][PASSED] - Statement - text_prev = text_prev.replaceAll("ü", "u"): null

2018-03-13 11:02:13 - [TEST_STEP][PASSED] - Statement - text_prev = text_prev.replaceAll("Ü", "U"): null

2018-03-13 11:02:13 - [TEST_STEP][PASSED] - Statement - ch = text.charAt(0): null

2018-03-13 11:02:13 - [TEST_STEP][PASSED] - Statement - ch_prev = el_prev.getAttribute("innerHTML").charAt(0): null

2018-03-13 11:02:13 - [TEST_STEP][PASSED] - Statement - If (ch_prev > ch): null

2018-03-13 11:02:13 - [TEST_STEP][PASSED] - Statement - Else If (ch_prev == ch): null

2018-03-13 11:02:13 - [TEST_STEP][PASSED] - Statement - ch = text.charAt(1): null

2018-03-13 11:02:13 - [TEST_STEP][PASSED] - Statement - ch_prev = text_prev.charAt(1): null

2018-03-13 11:02:13 - [TEST_STEP][PASSED] - Statement - If (ch_prev > ch): null

2018-03-13 11:02:13 - [TEST_STEP][PASSED] - Statement - el = wes.get(i): null

2018-03-13 11:02:13 - [TEST_STEP][PASSED] - Statement - el_prev = wes.get(i - 1): null

2018-03-13 11:02:13 - [TEST_STEP][PASSED] - Statement - text = el.getAttribute("innerHTML"): null

2018-03-13 11:02:13 - [TEST_STEP][PASSED] - Statement - text_prev = el_prev.getAttribute("innerHTML"): null

2018-03-13 11:02:13 - [TEST_STEP][PASSED] - Statement - text = text.replaceAll("ö", "o"): null

2018-03-13 11:02:13 - [TEST_STEP][PASSED] - Statement - text = text.replaceAll("Ö", "O"): null

2018-03-13 11:02:13 - [TEST_STEP][PASSED] - Statement - text_prev = text_prev.replaceAll("ö", "o"): null

2018-03-13 11:02:13 - [TEST_STEP][PASSED] - Statement - text_prev = text_prev.replaceAll("Ö", "O"): null

2018-03-13 11:02:13 - [TEST_STEP][PASSED] - Statement - text = text.replaceAll("ä", "a"): null

2018-03-13 11:02:13 - [TEST_STEP][PASSED] - Statement - text = text.replaceAll("Ä", "A"): null

2018-03-13 11:02:13 - [TEST_STEP][PASSED] - Statement - text_prev = text_prev.replaceAll("ä", "a"): null

2018-03-13 11:02:13 - [TEST_STEP][PASSED] - Statement - text_prev = text_prev.replaceAll("Ä", "A"): null

2018-03-13 11:02:13 - [TEST_STEP][PASSED] - Statement - text = text.replaceAll("ü", "u"): null

2018-03-13 11:02:13 - [TEST_STEP][PASSED] - Statement - text = text.replaceAll("Ü", "U"): null

2018-03-13 11:02:13 - [TEST_STEP][PASSED] - Statement - text_prev = text_prev.replaceAll("ü", "u"): null

2018-03-13 11:02:13 - [TEST_STEP][PASSED] - Statement - text_prev = text_prev.replaceAll("Ü", "U"): null

2018-03-13 11:02:15 - [TEST_STEP][PASSED] - Statement - ch = text.charAt(0): null

2018-03-13 11:02:15 - [TEST_STEP][PASSED] - Statement - ch_prev = el_prev.getAttribute("innerHTML").charAt(0): null

2018-03-13 11:02:15 - [TEST_STEP][PASSED] - Statement - If (ch_prev > ch): null

2018-03-13 11:02:15 - [TEST_STEP][PASSED] - Statement - Else If (ch_prev == ch): null

2018-03-13 11:02:15 - [TEST_STEP][PASSED] - Statement - ch = text.charAt(1): null

2018-03-13 11:02:15 - [TEST_STEP][PASSED] - Statement - ch_prev = text_prev.charAt(1): null

2018-03-13 11:02:15 - [TEST_STEP][PASSED] - Statement - If (ch_prev > ch): null

2018-03-13 11:02:15 - [TEST_STEP][PASSED] - Statement - Else If (ch_prev == ch): null

2018-03-13 11:02:15 - [TEST_STEP][PASSED] - Statement - ch = text.charAt(2): null

2018-03-13 11:02:15 - [TEST_STEP][PASSED] - Statement - ch_prev = text_prev.charAt(2): null

2018-03-13 11:02:15 - [TEST_STEP][PASSED] - Statement - If (ch_prev > ch): null

2018-03-13 11:02:15 - [TEST_STEP][PASSED] - closeBrowser: Browser is closed

2018-03-13 11:02:15 - [MESSAGE][PASSED] - Browser is closed]]></system-out>
         <system-err><![CDATA[]]></system-err>
      </testcase>
      <testcase name="Test Cases/Prototyp_Filialsuche (RC 18)/40_Testfall" classname="Test Cases/Prototyp_Filialsuche (RC 18)/40_Testfall" status="PASSED">
         <system-out><![CDATA[2018-03-13 11:02:15 - [TEST_CASE][PASSED] - Test Cases/Prototyp_Filialsuche (RC 18)/40_Testfall: Test Cases/Prototyp_Filialsuche (RC 18)/40_Testfall

2018-03-13 11:02:15 - [TEST_STEP][PASSED] - openBrowser: Browser is opened with url: ''

2018-03-13 11:02:18 - [MESSAGE][PASSED] - Browser is opened with url: ''

2018-03-13 11:02:18 - [TEST_STEP][PASSED] - deleteAllCookies: Delete all cookies successfully

2018-03-13 11:02:18 - [MESSAGE][PASSED] - Delete all cookies successfully

2018-03-13 11:02:18 - [TEST_STEP][PASSED] - maximizeWindow: Current window maximized

2018-03-13 11:02:18 - [MESSAGE][PASSED] - Current window maximized

2018-03-13 11:02:18 - [TEST_STEP][PASSED] - navigateToUrl: Navigate to 'http://rc-ogrhtmlprototyp.testintern/18-1-0/filialsuche-wangen.html' successfully

2018-03-13 11:02:20 - [MESSAGE][PASSED] - Navigate to 'http://rc-ogrhtmlprototyp.testintern/18-1-0/filialsuche-wangen.html' successfully

2018-03-13 11:02:20 - [TEST_STEP][PASSED] - delay: Delayed 2 second(s)

2018-03-13 11:02:22 - [MESSAGE][PASSED] - Delayed 2 second(s)

2018-03-13 11:02:22 - [TEST_STEP][PASSED] - click: Object: 'Object Repository/40_TF/Page_Filialsuche-wangen - BVR HTML/svg_dropdown-icons' is clicked on

2018-03-13 11:02:22 - [MESSAGE][PASSED] - Object: 'Object Repository/40_TF/Page_Filialsuche-wangen - BVR HTML/svg_dropdown-icons' is clicked on

2018-03-13 11:02:22 - [TEST_STEP][PASSED] - delay: Delayed 2 second(s)

2018-03-13 11:02:24 - [MESSAGE][PASSED] - Delayed 2 second(s)

2018-03-13 11:02:24 - [TEST_STEP][PASSED] - mouseOver: Object: 'Object Repository/40_TF/Page_Filialsuche-wangen - BVR HTML/div_Brtlingen' is hovered

2018-03-13 11:02:24 - [MESSAGE][PASSED] - Object: 'Object Repository/40_TF/Page_Filialsuche-wangen - BVR HTML/div_Brtlingen' is hovered

2018-03-13 11:02:24 - [TEST_STEP][PASSED] - click: Object: 'Object Repository/40_TF/Page_Filialsuche-wangen - BVR HTML/div_Brtlingen' is clicked on

2018-03-13 11:02:25 - [MESSAGE][PASSED] - Object: 'Object Repository/40_TF/Page_Filialsuche-wangen - BVR HTML/div_Brtlingen' is clicked on

2018-03-13 11:02:25 - [TEST_STEP][PASSED] - delay: Delayed 2 second(s)

2018-03-13 11:02:27 - [MESSAGE][PASSED] - Delayed 2 second(s)

2018-03-13 11:02:27 - [TEST_STEP][PASSED] - verifyTextPresent: Text '73104 Börtlingen' is present on page 

2018-03-13 11:02:27 - [MESSAGE][PASSED] - Text '73104 Börtlingen' is present on page 

2018-03-13 11:02:27 - [TEST_STEP][PASSED] - verifyTextPresent: Text 'Hauptstr. 56' is present on page 

2018-03-13 11:02:28 - [MESSAGE][PASSED] - Text 'Hauptstr. 56' is present on page 

2018-03-13 11:02:28 - [TEST_STEP][PASSED] - verifyTextNotPresent: Text '73098 Rechberghausen' is not present on page

2018-03-13 11:02:29 - [MESSAGE][PASSED] - Text '73098 Rechberghausen' is not present on page

2018-03-13 11:02:29 - [TEST_STEP][PASSED] - verifyTextNotPresent: Text 'Hauptstr. 37' is not present on page

2018-03-13 11:02:30 - [MESSAGE][PASSED] - Text 'Hauptstr. 37' is not present on page

2018-03-13 11:02:30 - [TEST_STEP][PASSED] - verifyTextNotPresent: Text 'Dorfstr. 17 a' is not present on page

2018-03-13 11:02:31 - [MESSAGE][PASSED] - Text 'Dorfstr. 17 a' is not present on page

2018-03-13 11:02:31 - [TEST_STEP][PASSED] - verifyTextNotPresent: Text '73066 Uhingen' is not present on page

2018-03-13 11:02:32 - [MESSAGE][PASSED] - Text '73066 Uhingen' is not present on page

2018-03-13 11:02:32 - [TEST_STEP][PASSED] - verifyTextNotPresent: Text 'Hauptstr.44' is not present on page

2018-03-13 11:02:32 - [MESSAGE][PASSED] - Text 'Hauptstr.44' is not present on page

2018-03-13 11:02:32 - [TEST_STEP][PASSED] - verifyTextNotPresent: Text '73117 Wangen' is not present on page

2018-03-13 11:02:33 - [MESSAGE][PASSED] - Text '73117 Wangen' is not present on page

2018-03-13 11:02:33 - [TEST_STEP][PASSED] - delay: Delayed 2 second(s)

2018-03-13 11:02:35 - [MESSAGE][PASSED] - Delayed 2 second(s)

2018-03-13 11:02:35 - [TEST_STEP][PASSED] - click: Object: 'Object Repository/40_TF/Page_Filialsuche-wangen - BVR HTML/svg_dropdown-icons' is clicked on

2018-03-13 11:02:36 - [MESSAGE][PASSED] - Object: 'Object Repository/40_TF/Page_Filialsuche-wangen - BVR HTML/svg_dropdown-icons' is clicked on

2018-03-13 11:02:36 - [TEST_STEP][PASSED] - delay: Delayed 2 second(s)

2018-03-13 11:02:38 - [MESSAGE][PASSED] - Delayed 2 second(s)

2018-03-13 11:02:38 - [TEST_STEP][PASSED] - mouseOver: Object: 'Object Repository/40_TF/Page_Filialsuche-wangen - BVR HTML/div_Rechberghausen' is hovered

2018-03-13 11:02:38 - [MESSAGE][PASSED] - Object: 'Object Repository/40_TF/Page_Filialsuche-wangen - BVR HTML/div_Rechberghausen' is hovered

2018-03-13 11:02:38 - [TEST_STEP][PASSED] - click: Object: 'Object Repository/40_TF/Page_Filialsuche-wangen - BVR HTML/div_Rechberghausen' is clicked on

2018-03-13 11:02:38 - [MESSAGE][PASSED] - Object: 'Object Repository/40_TF/Page_Filialsuche-wangen - BVR HTML/div_Rechberghausen' is clicked on

2018-03-13 11:02:38 - [TEST_STEP][PASSED] - delay: Delayed 2 second(s)

2018-03-13 11:02:40 - [MESSAGE][PASSED] - Delayed 2 second(s)

2018-03-13 11:02:40 - [TEST_STEP][PASSED] - verifyTextNotPresent: Text '73104 Börtlingen' is not present on page

2018-03-13 11:02:41 - [MESSAGE][PASSED] - Text '73104 Börtlingen' is not present on page

2018-03-13 11:02:41 - [TEST_STEP][PASSED] - verifyTextNotPresent: Text 'Hauptstr. 56' is not present on page

2018-03-13 11:02:42 - [MESSAGE][PASSED] - Text 'Hauptstr. 56' is not present on page

2018-03-13 11:02:42 - [TEST_STEP][PASSED] - verifyTextPresent: Text '73098 Rechberghausen' is present on page 

2018-03-13 11:02:42 - [MESSAGE][PASSED] - Text '73098 Rechberghausen' is present on page 

2018-03-13 11:02:42 - [TEST_STEP][PASSED] - verifyTextPresent: Text 'Hauptstr. 37' is present on page 

2018-03-13 11:02:43 - [MESSAGE][PASSED] - Text 'Hauptstr. 37' is present on page 

2018-03-13 11:02:43 - [TEST_STEP][PASSED] - verifyTextNotPresent: Text 'Dorfstr. 17 a' is not present on page

2018-03-13 11:02:44 - [MESSAGE][PASSED] - Text 'Dorfstr. 17 a' is not present on page

2018-03-13 11:02:44 - [TEST_STEP][PASSED] - verifyTextNotPresent: Text '73066 Uhingen' is not present on page

2018-03-13 11:02:45 - [MESSAGE][PASSED] - Text '73066 Uhingen' is not present on page

2018-03-13 11:02:45 - [TEST_STEP][PASSED] - verifyTextNotPresent: Text 'Hauptstr.44' is not present on page

2018-03-13 11:02:46 - [MESSAGE][PASSED] - Text 'Hauptstr.44' is not present on page

2018-03-13 11:02:46 - [TEST_STEP][PASSED] - verifyTextNotPresent: Text '73117 Wangen' is not present on page

2018-03-13 11:02:47 - [MESSAGE][PASSED] - Text '73117 Wangen' is not present on page

2018-03-13 11:02:47 - [TEST_STEP][PASSED] - delay: Delayed 2 second(s)

2018-03-13 11:02:49 - [MESSAGE][PASSED] - Delayed 2 second(s)

2018-03-13 11:02:49 - [TEST_STEP][PASSED] - click: Object: 'Object Repository/40_TF/Page_Filialsuche-wangen - BVR HTML/svg_dropdown-icons' is clicked on

2018-03-13 11:02:49 - [MESSAGE][PASSED] - Object: 'Object Repository/40_TF/Page_Filialsuche-wangen - BVR HTML/svg_dropdown-icons' is clicked on

2018-03-13 11:02:49 - [TEST_STEP][PASSED] - delay: Delayed 2 second(s)

2018-03-13 11:02:51 - [MESSAGE][PASSED] - Delayed 2 second(s)

2018-03-13 11:02:51 - [TEST_STEP][PASSED] - mouseOver: Object: 'Object Repository/40_TF/Page_Filialsuche-wangen - BVR HTML/div_Uhingen' is hovered

2018-03-13 11:02:51 - [MESSAGE][PASSED] - Object: 'Object Repository/40_TF/Page_Filialsuche-wangen - BVR HTML/div_Uhingen' is hovered

2018-03-13 11:02:51 - [TEST_STEP][PASSED] - click: Object: 'Object Repository/40_TF/Page_Filialsuche-wangen - BVR HTML/div_Uhingen' is clicked on

2018-03-13 11:02:51 - [MESSAGE][PASSED] - Object: 'Object Repository/40_TF/Page_Filialsuche-wangen - BVR HTML/div_Uhingen' is clicked on

2018-03-13 11:02:51 - [TEST_STEP][PASSED] - delay: Delayed 2 second(s)

2018-03-13 11:02:53 - [MESSAGE][PASSED] - Delayed 2 second(s)

2018-03-13 11:02:53 - [TEST_STEP][PASSED] - verifyTextNotPresent: Text '73104 Börtlingen' is not present on page

2018-03-13 11:02:54 - [MESSAGE][PASSED] - Text '73104 Börtlingen' is not present on page

2018-03-13 11:02:54 - [TEST_STEP][PASSED] - verifyTextNotPresent: Text 'Hauptstr. 56' is not present on page

2018-03-13 11:02:55 - [MESSAGE][PASSED] - Text 'Hauptstr. 56' is not present on page

2018-03-13 11:02:55 - [TEST_STEP][PASSED] - verifyTextNotPresent: Text '73098 Rechberghausen' is not present on page

2018-03-13 11:02:56 - [MESSAGE][PASSED] - Text '73098 Rechberghausen' is not present on page

2018-03-13 11:02:56 - [TEST_STEP][PASSED] - verifyTextNotPresent: Text 'Hauptstr. 37' is not present on page

2018-03-13 11:02:56 - [MESSAGE][PASSED] - Text 'Hauptstr. 37' is not present on page

2018-03-13 11:02:56 - [TEST_STEP][PASSED] - verifyTextPresent: Text 'Dorfstr. 17 a' is present on page 

2018-03-13 11:02:57 - [MESSAGE][PASSED] - Text 'Dorfstr. 17 a' is present on page 

2018-03-13 11:02:57 - [TEST_STEP][PASSED] - verifyTextPresent: Text '73066 Uhingen' is present on page 

2018-03-13 11:02:58 - [MESSAGE][PASSED] - Text '73066 Uhingen' is present on page 

2018-03-13 11:02:58 - [TEST_STEP][PASSED] - verifyTextNotPresent: Text 'Hauptstr.44' is not present on page

2018-03-13 11:02:59 - [MESSAGE][PASSED] - Text 'Hauptstr.44' is not present on page

2018-03-13 11:02:59 - [TEST_STEP][PASSED] - verifyTextNotPresent: Text '73117 Wangen' is not present on page

2018-03-13 11:03:00 - [MESSAGE][PASSED] - Text '73117 Wangen' is not present on page

2018-03-13 11:03:00 - [TEST_STEP][PASSED] - delay: Delayed 2 second(s)

2018-03-13 11:03:02 - [MESSAGE][PASSED] - Delayed 2 second(s)

2018-03-13 11:03:02 - [TEST_STEP][PASSED] - click: Object: 'Object Repository/40_TF/Page_Filialsuche-wangen - BVR HTML/svg_dropdown-icons' is clicked on

2018-03-13 11:03:02 - [MESSAGE][PASSED] - Object: 'Object Repository/40_TF/Page_Filialsuche-wangen - BVR HTML/svg_dropdown-icons' is clicked on

2018-03-13 11:03:02 - [TEST_STEP][PASSED] - delay: Delayed 2 second(s)

2018-03-13 11:03:04 - [MESSAGE][PASSED] - Delayed 2 second(s)

2018-03-13 11:03:04 - [TEST_STEP][PASSED] - mouseOver: Object: 'Object Repository/40_TF/Page_Filialsuche-wangen - BVR HTML/div_Wangen' is hovered

2018-03-13 11:03:04 - [MESSAGE][PASSED] - Object: 'Object Repository/40_TF/Page_Filialsuche-wangen - BVR HTML/div_Wangen' is hovered

2018-03-13 11:03:04 - [TEST_STEP][PASSED] - click: Object: 'Object Repository/40_TF/Page_Filialsuche-wangen - BVR HTML/div_Wangen' is clicked on

2018-03-13 11:03:05 - [MESSAGE][PASSED] - Object: 'Object Repository/40_TF/Page_Filialsuche-wangen - BVR HTML/div_Wangen' is clicked on

2018-03-13 11:03:05 - [TEST_STEP][PASSED] - delay: Delayed 2 second(s)

2018-03-13 11:03:07 - [MESSAGE][PASSED] - Delayed 2 second(s)

2018-03-13 11:03:07 - [TEST_STEP][PASSED] - verifyTextNotPresent: Text '73104 Börtlingen' is not present on page

2018-03-13 11:03:07 - [MESSAGE][PASSED] - Text '73104 Börtlingen' is not present on page

2018-03-13 11:03:07 - [TEST_STEP][PASSED] - verifyTextNotPresent: Text 'Hauptstr. 56' is not present on page

2018-03-13 11:03:08 - [MESSAGE][PASSED] - Text 'Hauptstr. 56' is not present on page

2018-03-13 11:03:08 - [TEST_STEP][PASSED] - verifyTextNotPresent: Text '73098 Rechberghausen' is not present on page

2018-03-13 11:03:09 - [MESSAGE][PASSED] - Text '73098 Rechberghausen' is not present on page

2018-03-13 11:03:09 - [TEST_STEP][PASSED] - verifyTextNotPresent: Text 'Hauptstr. 37' is not present on page

2018-03-13 11:03:10 - [MESSAGE][PASSED] - Text 'Hauptstr. 37' is not present on page

2018-03-13 11:03:10 - [TEST_STEP][PASSED] - verifyTextNotPresent: Text 'Dorfstr. 17 a' is not present on page

2018-03-13 11:03:11 - [MESSAGE][PASSED] - Text 'Dorfstr. 17 a' is not present on page

2018-03-13 11:03:11 - [TEST_STEP][PASSED] - verifyTextNotPresent: Text '73066 Uhingen' is not present on page

2018-03-13 11:03:12 - [MESSAGE][PASSED] - Text '73066 Uhingen' is not present on page

2018-03-13 11:03:12 - [TEST_STEP][PASSED] - verifyTextPresent: Text 'Hauptstr.44' is present on page 

2018-03-13 11:03:13 - [MESSAGE][PASSED] - Text 'Hauptstr.44' is present on page 

2018-03-13 11:03:13 - [TEST_STEP][PASSED] - verifyTextPresent: Text '73117 Wangen' is present on page 

2018-03-13 11:03:13 - [MESSAGE][PASSED] - Text '73117 Wangen' is present on page 

2018-03-13 11:03:13 - [TEST_STEP][PASSED] - closeBrowser: Browser is closed

2018-03-13 11:03:14 - [MESSAGE][PASSED] - Browser is closed]]></system-out>
         <system-err><![CDATA[]]></system-err>
      </testcase>
      <testcase name="Test Cases/Prototyp_Filialsuche (RC 18)/41_Testfall" classname="Test Cases/Prototyp_Filialsuche (RC 18)/41_Testfall" status="PASSED">
         <system-out><![CDATA[2018-03-13 11:03:14 - [TEST_CASE][PASSED] - Test Cases/Prototyp_Filialsuche (RC 18)/41_Testfall: Test Cases/Prototyp_Filialsuche (RC 18)/41_Testfall

2018-03-13 11:03:14 - [TEST_STEP][PASSED] - openBrowser: Browser is opened with url: ''

2018-03-13 11:03:17 - [MESSAGE][PASSED] - Browser is opened with url: ''

2018-03-13 11:03:17 - [TEST_STEP][PASSED] - deleteAllCookies: Delete all cookies successfully

2018-03-13 11:03:17 - [MESSAGE][PASSED] - Delete all cookies successfully

2018-03-13 11:03:17 - [TEST_STEP][PASSED] - maximizeWindow: Current window maximized

2018-03-13 11:03:17 - [MESSAGE][PASSED] - Current window maximized

2018-03-13 11:03:17 - [TEST_STEP][PASSED] - navigateToUrl: Navigate to 'http://rc-ogrhtmlprototyp.testintern/18-1-0/filialsuche-nuernberg-textinput.html' successfully

2018-03-13 11:03:18 - [MESSAGE][PASSED] - Navigate to 'http://rc-ogrhtmlprototyp.testintern/18-1-0/filialsuche-nuernberg-textinput.html' successfully

2018-03-13 11:03:18 - [TEST_STEP][PASSED] - delay: Delayed 2 second(s)

2018-03-13 11:03:20 - [MESSAGE][PASSED] - Delayed 2 second(s)

2018-03-13 11:03:20 - [TEST_STEP][PASSED] - setText: Text 'Ansbach' is set on object 'Object Repository/Filialsuche_Inputtext'

2018-03-13 11:03:20 - [MESSAGE][PASSED] - Text 'Ansbach' is set on object 'Object Repository/Filialsuche_Inputtext'

2018-03-13 11:03:20 - [TEST_STEP][PASSED] - submit: The form containing object: 'Object Repository/Filialsuche_submit_button' is submitted

2018-03-13 11:03:20 - [MESSAGE][PASSED] - The form containing object: 'Object Repository/Filialsuche_submit_button' is submitted

2018-03-13 11:03:20 - [TEST_STEP][PASSED] - delay: Delayed 2 second(s)

2018-03-13 11:03:22 - [MESSAGE][PASSED] - Delayed 2 second(s)

2018-03-13 11:03:22 - [TEST_STEP][PASSED] - verifyTextPresent: Text 'Martin-Luther-Platz 20' is present on page 

2018-03-13 11:03:23 - [MESSAGE][PASSED] - Text 'Martin-Luther-Platz 20' is present on page 

2018-03-13 11:03:23 - [TEST_STEP][PASSED] - verifyTextPresent: Text 'PSD Bank Nürnberg eG' is present on page 

2018-03-13 11:03:24 - [MESSAGE][PASSED] - Text 'PSD Bank Nürnberg eG' is present on page 

2018-03-13 11:03:24 - [TEST_STEP][PASSED] - setText: Text 'nürnberg' is set on object 'Object Repository/Filialsuche_Inputtext'

2018-03-13 11:03:24 - [MESSAGE][PASSED] - Text 'nürnberg' is set on object 'Object Repository/Filialsuche_Inputtext'

2018-03-13 11:03:24 - [TEST_STEP][PASSED] - submit: The form containing object: 'Object Repository/Filialsuche_submit_button' is submitted

2018-03-13 11:03:24 - [MESSAGE][PASSED] - The form containing object: 'Object Repository/Filialsuche_submit_button' is submitted

2018-03-13 11:03:24 - [TEST_STEP][PASSED] - delay: Delayed 2 second(s)

2018-03-13 11:03:26 - [MESSAGE][PASSED] - Delayed 2 second(s)

2018-03-13 11:03:26 - [TEST_STEP][PASSED] - verifyTextPresent: Text 'PSD Bank Nürnberg eG' is present on page 

2018-03-13 11:03:27 - [MESSAGE][PASSED] - Text 'PSD Bank Nürnberg eG' is present on page 

2018-03-13 11:03:27 - [TEST_STEP][PASSED] - verifyTextPresent: Text 'Willy-Brandt-Platz 8' is present on page 

2018-03-13 11:03:28 - [MESSAGE][PASSED] - Text 'Willy-Brandt-Platz 8' is present on page 

2018-03-13 11:03:28 - [TEST_STEP][PASSED] - verifyTextPresent: Text '90402 Nürnberg' is present on page 

2018-03-13 11:03:29 - [MESSAGE][PASSED] - Text '90402 Nürnberg' is present on page 

2018-03-13 11:03:29 - [TEST_STEP][PASSED] - verifyTextPresent: Text 'Beratungsbüro Ansbach' is present on page 

2018-03-13 11:03:30 - [MESSAGE][PASSED] - Text 'Beratungsbüro Ansbach' is present on page 

2018-03-13 11:03:30 - [TEST_STEP][PASSED] - setText: Text 'Bamberg' is set on object 'Object Repository/41_TF/Page_Filialsuche-nuernberg-textinpu/input_city'

2018-03-13 11:03:30 - [MESSAGE][PASSED] - Text 'Bamberg' is set on object 'Object Repository/41_TF/Page_Filialsuche-nuernberg-textinpu/input_city'

2018-03-13 11:03:30 - [TEST_STEP][PASSED] - submit: The form containing object: 'Object Repository/Filialsuche_submit_button' is submitted

2018-03-13 11:03:30 - [MESSAGE][PASSED] - The form containing object: 'Object Repository/Filialsuche_submit_button' is submitted

2018-03-13 11:03:30 - [TEST_STEP][PASSED] - delay: Delayed 2 second(s)

2018-03-13 11:03:32 - [MESSAGE][PASSED] - Delayed 2 second(s)

2018-03-13 11:03:32 - [TEST_STEP][PASSED] - verifyTextPresent: Text 'PSD Bank Nürnberg eG, Filiale Bamberg' is present on page 

2018-03-13 11:03:33 - [MESSAGE][PASSED] - Text 'PSD Bank Nürnberg eG, Filiale Bamberg' is present on page 

2018-03-13 11:03:33 - [TEST_STEP][PASSED] - verifyTextPresent: Text 'Hauptwachstr. 11' is present on page 

2018-03-13 11:03:34 - [MESSAGE][PASSED] - Text 'Hauptwachstr. 11' is present on page 

2018-03-13 11:03:34 - [TEST_STEP][PASSED] - verifyTextPresent: Text '96047 Bamberg' is present on page 

2018-03-13 11:03:34 - [MESSAGE][PASSED] - Text '96047 Bamberg' is present on page 

2018-03-13 11:03:34 - [TEST_STEP][PASSED] - verifyTextPresent: Text 'Beratungsbüro Bayreuth' is present on page 

2018-03-13 11:03:35 - [MESSAGE][PASSED] - Text 'Beratungsbüro Bayreuth' is present on page 

2018-03-13 11:03:35 - [TEST_STEP][PASSED] - setText: Text 'Bayreuth' is set on object 'Object Repository/41_TF/Page_Filialsuche-nuernberg-textinpu/input_city'

2018-03-13 11:03:35 - [MESSAGE][PASSED] - Text 'Bayreuth' is set on object 'Object Repository/41_TF/Page_Filialsuche-nuernberg-textinpu/input_city'

2018-03-13 11:03:35 - [TEST_STEP][PASSED] - submit: The form containing object: 'Object Repository/Filialsuche_submit_button' is submitted

2018-03-13 11:03:35 - [MESSAGE][PASSED] - The form containing object: 'Object Repository/Filialsuche_submit_button' is submitted

2018-03-13 11:03:35 - [TEST_STEP][PASSED] - delay: Delayed 2 second(s)

2018-03-13 11:03:37 - [MESSAGE][PASSED] - Delayed 2 second(s)

2018-03-13 11:03:37 - [TEST_STEP][PASSED] - verifyTextPresent: Text 'Beratungsbüro Bayreuth' is present on page 

2018-03-13 11:03:38 - [MESSAGE][PASSED] - Text 'Beratungsbüro Bayreuth' is present on page 

2018-03-13 11:03:38 - [TEST_STEP][PASSED] - verifyTextPresent: Text 'Wölfelstraße 7' is present on page 

2018-03-13 11:03:39 - [MESSAGE][PASSED] - Text 'Wölfelstraße 7' is present on page 

2018-03-13 11:03:39 - [TEST_STEP][PASSED] - verifyTextPresent: Text '95444 Bayreuth' is present on page 

2018-03-13 11:03:40 - [MESSAGE][PASSED] - Text '95444 Bayreuth' is present on page 

2018-03-13 11:03:40 - [TEST_STEP][PASSED] - verifyTextPresent: Text 'PSD Bank Nürnberg eG, Filiale Bamberg' is present on page 

2018-03-13 11:03:41 - [MESSAGE][PASSED] - Text 'PSD Bank Nürnberg eG, Filiale Bamberg' is present on page 

2018-03-13 11:03:41 - [TEST_STEP][PASSED] - closeBrowser: Browser is closed

2018-03-13 11:03:41 - [MESSAGE][PASSED] - Browser is closed]]></system-out>
         <system-err><![CDATA[]]></system-err>
      </testcase>
      <testcase name="Test Cases/Prototyp_Filialsuche (RC 18)/42_Testfall" classname="Test Cases/Prototyp_Filialsuche (RC 18)/42_Testfall" status="PASSED">
         <system-out><![CDATA[2018-03-13 11:03:41 - [TEST_CASE][PASSED] - Test Cases/Prototyp_Filialsuche (RC 18)/42_Testfall: Test Cases/Prototyp_Filialsuche (RC 18)/42_Testfall

2018-03-13 11:03:41 - [TEST_STEP][PASSED] - openBrowser: Browser is opened with url: ''

2018-03-13 11:03:45 - [MESSAGE][PASSED] - Browser is opened with url: ''

2018-03-13 11:03:45 - [TEST_STEP][PASSED] - deleteAllCookies: Delete all cookies successfully

2018-03-13 11:03:45 - [MESSAGE][PASSED] - Delete all cookies successfully

2018-03-13 11:03:45 - [TEST_STEP][PASSED] - maximizeWindow: Current window maximized

2018-03-13 11:03:45 - [MESSAGE][PASSED] - Current window maximized

2018-03-13 11:03:45 - [TEST_STEP][PASSED] - navigateToUrl: Navigate to 'http://rc-ogrhtmlprototyp.testintern/18-1-0/filialsuche-nuernberg.html' successfully

2018-03-13 11:03:46 - [MESSAGE][PASSED] - Navigate to 'http://rc-ogrhtmlprototyp.testintern/18-1-0/filialsuche-nuernberg.html' successfully

2018-03-13 11:03:46 - [TEST_STEP][PASSED] - delay: Delayed 2 second(s)

2018-03-13 11:03:48 - [MESSAGE][PASSED] - Delayed 2 second(s)

2018-03-13 11:03:48 - [TEST_STEP][PASSED] - click: Object: 'Object Repository/42TF/Page_Filialsuche-nuernberg - BVR HT/span_PSD Bank Nrnberg eG' is clicked on

2018-03-13 11:03:48 - [MESSAGE][PASSED] - Object: 'Object Repository/42TF/Page_Filialsuche-nuernberg - BVR HT/span_PSD Bank Nrnberg eG' is clicked on

2018-03-13 11:03:48 - [TEST_STEP][PASSED] - verifyTextPresent: Text 'PSD Bank Nürnberg eG' is present on page 

2018-03-13 11:03:50 - [MESSAGE][PASSED] - Text 'PSD Bank Nürnberg eG' is present on page 

2018-03-13 11:03:50 - [TEST_STEP][PASSED] - verifyTextPresent: Text 'Willy-Brandt-Platz 8' is present on page 

2018-03-13 11:03:51 - [MESSAGE][PASSED] - Text 'Willy-Brandt-Platz 8' is present on page 

2018-03-13 11:03:51 - [TEST_STEP][PASSED] - verifyTextPresent: Text '90402 Nürnberg' is present on page 

2018-03-13 11:03:52 - [MESSAGE][PASSED] - Text '90402 Nürnberg' is present on page 

2018-03-13 11:03:52 - [TEST_STEP][PASSED] - click: Object: 'Object Repository/42TF/Page_Filialsuche-nuernberg - BVR HT/span_Beratungsbro Ansbach' is clicked on

2018-03-13 11:03:52 - [MESSAGE][PASSED] - Object: 'Object Repository/42TF/Page_Filialsuche-nuernberg - BVR HT/span_Beratungsbro Ansbach' is clicked on

2018-03-13 11:03:52 - [TEST_STEP][PASSED] - verifyTextPresent: Text 'Beratungsbüro Ansbach' is present on page 

2018-03-13 11:03:53 - [MESSAGE][PASSED] - Text 'Beratungsbüro Ansbach' is present on page 

2018-03-13 11:03:53 - [TEST_STEP][PASSED] - verifyTextPresent: Text 'Martin-Luther-Platz 20' is present on page 

2018-03-13 11:03:55 - [MESSAGE][PASSED] - Text 'Martin-Luther-Platz 20' is present on page 

2018-03-13 11:03:55 - [TEST_STEP][PASSED] - verifyTextPresent: Text '91522 Ansbach' is present on page 

2018-03-13 11:03:56 - [MESSAGE][PASSED] - Text '91522 Ansbach' is present on page 

2018-03-13 11:03:56 - [TEST_STEP][PASSED] - click: Object: 'Object Repository/42TF/Page_Filialsuche-nuernberg - BVR HT/span_PSD Bank Nrnberg eG Filia' is clicked on

2018-03-13 11:04:38 - [MESSAGE][PASSED] - Object: 'Object Repository/42TF/Page_Filialsuche-nuernberg - BVR HT/span_PSD Bank Nrnberg eG Filia' is clicked on

2018-03-13 11:04:38 - [TEST_STEP][PASSED] - verifyTextPresent: Text 'PSD Bank Nürnberg eG, Filiale Bamberg' is present on page 

2018-03-13 11:04:39 - [MESSAGE][PASSED] - Text 'PSD Bank Nürnberg eG, Filiale Bamberg' is present on page 

2018-03-13 11:04:39 - [TEST_STEP][PASSED] - verifyTextPresent: Text 'Hauptwachstr. 11' is present on page 

2018-03-13 11:04:40 - [MESSAGE][PASSED] - Text 'Hauptwachstr. 11' is present on page 

2018-03-13 11:04:40 - [TEST_STEP][PASSED] - verifyTextPresent: Text '96047 Bamberg' is present on page 

2018-03-13 11:04:41 - [MESSAGE][PASSED] - Text '96047 Bamberg' is present on page 

2018-03-13 11:04:41 - [TEST_STEP][PASSED] - click: Object: 'Object Repository/42TF/Page_Filialsuche-nuernberg - BVR HT/span_Beratungsbro Bayreuth' is clicked on

2018-03-13 11:04:41 - [MESSAGE][PASSED] - Object: 'Object Repository/42TF/Page_Filialsuche-nuernberg - BVR HT/span_Beratungsbro Bayreuth' is clicked on

2018-03-13 11:04:41 - [TEST_STEP][PASSED] - verifyTextPresent: Text 'Beratungsbüro Bayreuth' is present on page 

2018-03-13 11:04:43 - [MESSAGE][PASSED] - Text 'Beratungsbüro Bayreuth' is present on page 

2018-03-13 11:04:43 - [TEST_STEP][PASSED] - verifyTextPresent: Text 'Wölfelstraße 7' is present on page 

2018-03-13 11:04:44 - [MESSAGE][PASSED] - Text 'Wölfelstraße 7' is present on page 

2018-03-13 11:04:44 - [TEST_STEP][PASSED] - verifyTextPresent: Text '95444 Bayreuth' is present on page 

2018-03-13 11:04:45 - [MESSAGE][PASSED] - Text '95444 Bayreuth' is present on page 

2018-03-13 11:04:45 - [TEST_STEP][PASSED] - click: Object: 'Object Repository/42TF/Page_Filialsuche-nuernberg - BVR HT/span_Beratungsbro Regensburg' is clicked on

2018-03-13 11:04:45 - [MESSAGE][PASSED] - Object: 'Object Repository/42TF/Page_Filialsuche-nuernberg - BVR HT/span_Beratungsbro Regensburg' is clicked on

2018-03-13 11:04:45 - [TEST_STEP][PASSED] - verifyTextPresent: Text 'Beratungsbüro Regensburg' is present on page 

2018-03-13 11:04:46 - [MESSAGE][PASSED] - Text 'Beratungsbüro Regensburg' is present on page 

2018-03-13 11:04:46 - [TEST_STEP][PASSED] - verifyTextPresent: Text 'Dr.-Leo-Ritter-Str. 2 (1. OG)' is present on page 

2018-03-13 11:04:47 - [MESSAGE][PASSED] - Text 'Dr.-Leo-Ritter-Str. 2 (1. OG)' is present on page 

2018-03-13 11:04:47 - [TEST_STEP][PASSED] - verifyTextPresent: Text '93049 Regensburg' is present on page 

2018-03-13 11:04:48 - [MESSAGE][PASSED] - Text '93049 Regensburg' is present on page 

2018-03-13 11:04:48 - [TEST_STEP][PASSED] - click: Object: 'Object Repository/42TF/Page_Filialsuche-nuernberg - BVR HT/span_PSD Bank Nrnberg eG Filia_1' is clicked on

2018-03-13 11:04:49 - [MESSAGE][PASSED] - Object: 'Object Repository/42TF/Page_Filialsuche-nuernberg - BVR HT/span_PSD Bank Nrnberg eG Filia_1' is clicked on

2018-03-13 11:04:49 - [TEST_STEP][PASSED] - verifyTextPresent: Text 'PSD Bank Nürnberg eG, Filiale Würzburg' is present on page 

2018-03-13 11:04:50 - [MESSAGE][PASSED] - Text 'PSD Bank Nürnberg eG, Filiale Würzburg' is present on page 

2018-03-13 11:04:50 - [TEST_STEP][PASSED] - verifyTextPresent: Text 'Ludwigstr. 22' is present on page 

2018-03-13 11:04:51 - [MESSAGE][PASSED] - Text 'Ludwigstr. 22' is present on page 

2018-03-13 11:04:51 - [TEST_STEP][PASSED] - verifyTextPresent: Text '97070 Würzburg' is present on page 

2018-03-13 11:04:52 - [MESSAGE][PASSED] - Text '97070 Würzburg' is present on page 

2018-03-13 11:04:52 - [TEST_STEP][PASSED] - click: Object: 'Object Repository/42TF/Page_Filialsuche-nuernberg - BVR HT/a_Weiter' is clicked on

2018-03-13 11:04:52 - [MESSAGE][PASSED] - Object: 'Object Repository/42TF/Page_Filialsuche-nuernberg - BVR HT/a_Weiter' is clicked on

2018-03-13 11:04:52 - [TEST_STEP][PASSED] - click: Object: 'Object Repository/42TF/Page_Filialsuche-nuernberg - BVR HT (1)/span_Beratungsbro Aschaffenbur' is clicked on

2018-03-13 11:04:53 - [MESSAGE][PASSED] - Object: 'Object Repository/42TF/Page_Filialsuche-nuernberg - BVR HT (1)/span_Beratungsbro Aschaffenbur' is clicked on

2018-03-13 11:04:53 - [TEST_STEP][PASSED] - verifyTextPresent: Text 'Beratungsbüro Aschaffenburg' is present on page 

2018-03-13 11:04:54 - [MESSAGE][PASSED] - Text 'Beratungsbüro Aschaffenburg' is present on page 

2018-03-13 11:04:54 - [TEST_STEP][PASSED] - verifyTextPresent: Text 'Ludwigstr. 25' is present on page 

2018-03-13 11:04:55 - [MESSAGE][PASSED] - Text 'Ludwigstr. 25' is present on page 

2018-03-13 11:04:55 - [TEST_STEP][PASSED] - verifyTextPresent: Text '63739 Aschaffenburg' is present on page 

2018-03-13 11:04:56 - [MESSAGE][PASSED] - Text '63739 Aschaffenburg' is present on page 

2018-03-13 11:04:56 - [TEST_STEP][PASSED] - click: Object: 'Object Repository/42TF/Page_Filialsuche-nuernberg - BVR HT (1)/span_PSD Bank Nrnberg eG Filia' is clicked on

2018-03-13 11:04:57 - [MESSAGE][PASSED] - Object: 'Object Repository/42TF/Page_Filialsuche-nuernberg - BVR HT (1)/span_PSD Bank Nrnberg eG Filia' is clicked on

2018-03-13 11:04:57 - [TEST_STEP][PASSED] - verifyTextPresent: Text 'PSD Bank Nürnberg eG, Filiale Chemnitz' is present on page 

2018-03-13 11:04:58 - [MESSAGE][PASSED] - Text 'PSD Bank Nürnberg eG, Filiale Chemnitz' is present on page 

2018-03-13 11:04:58 - [TEST_STEP][PASSED] - verifyTextPresent: Text 'Bahnhofstraße 54a' is present on page 

2018-03-13 11:04:59 - [MESSAGE][PASSED] - Text 'Bahnhofstraße 54a' is present on page 

2018-03-13 11:04:59 - [TEST_STEP][PASSED] - verifyTextPresent: Text '09111 Chemnitz' is present on page 

2018-03-13 11:05:00 - [MESSAGE][PASSED] - Text '09111 Chemnitz' is present on page 

2018-03-13 11:05:00 - [TEST_STEP][PASSED] - click: Object: 'Object Repository/42TF/Page_Filialsuche-nuernberg - BVR HT (1)/span_PSD Bank Nrnberg eG Filia_1' is clicked on

2018-03-13 11:05:00 - [MESSAGE][PASSED] - Object: 'Object Repository/42TF/Page_Filialsuche-nuernberg - BVR HT (1)/span_PSD Bank Nrnberg eG Filia_1' is clicked on

2018-03-13 11:05:00 - [TEST_STEP][PASSED] - verifyTextPresent: Text 'PSD Bank Nürnberg eG, Filiale Leipzig' is present on page 

2018-03-13 11:05:02 - [MESSAGE][PASSED] - Text 'PSD Bank Nürnberg eG, Filiale Leipzig' is present on page 

2018-03-13 11:05:02 - [TEST_STEP][PASSED] - verifyTextPresent: Text 'Brühl 65' is present on page 

2018-03-13 11:05:03 - [MESSAGE][PASSED] - Text 'Brühl 65' is present on page 

2018-03-13 11:05:03 - [TEST_STEP][PASSED] - verifyTextPresent: Text '04109 Leipzig' is present on page 

2018-03-13 11:05:04 - [MESSAGE][PASSED] - Text '04109 Leipzig' is present on page 

2018-03-13 11:05:04 - [TEST_STEP][PASSED] - click: Object: 'Object Repository/42TF/Page_Filialsuche-nuernberg - BVR HT (1)/span_PSD Bank Nrnberg eG Filia_2' is clicked on

2018-03-13 11:05:04 - [MESSAGE][PASSED] - Object: 'Object Repository/42TF/Page_Filialsuche-nuernberg - BVR HT (1)/span_PSD Bank Nrnberg eG Filia_2' is clicked on

2018-03-13 11:05:04 - [TEST_STEP][PASSED] - verifyTextPresent: Text 'PSD Bank Nürnberg eG, Filiale Dresden' is present on page 

2018-03-13 11:05:05 - [MESSAGE][PASSED] - Text 'PSD Bank Nürnberg eG, Filiale Dresden' is present on page 

2018-03-13 11:05:05 - [TEST_STEP][PASSED] - verifyTextPresent: Text 'Hauptstr. 36' is present on page 

2018-03-13 11:05:07 - [MESSAGE][PASSED] - Text 'Hauptstr. 36' is present on page 

2018-03-13 11:05:07 - [TEST_STEP][PASSED] - verifyTextPresent: Text '01097 Dresden' is present on page 

2018-03-13 11:05:08 - [MESSAGE][PASSED] - Text '01097 Dresden' is present on page 

2018-03-13 11:05:08 - [TEST_STEP][PASSED] - click: Object: 'Object Repository/42TF/Page_Filialsuche-nuernberg - BVR HT/a_1' is clicked on

2018-03-13 11:05:08 - [MESSAGE][PASSED] - Object: 'Object Repository/42TF/Page_Filialsuche-nuernberg - BVR HT/a_1' is clicked on

2018-03-13 11:05:08 - [TEST_STEP][PASSED] - delay: Delayed 2 second(s)

2018-03-13 11:05:10 - [MESSAGE][PASSED] - Delayed 2 second(s)

2018-03-13 11:05:10 - [TEST_STEP][PASSED] - click: Object: 'Object Repository/42TF/Page_Filialsuche-nuernberg - BVR HT (2)/svg_dropdown-icons' is clicked on

2018-03-13 11:05:10 - [MESSAGE][PASSED] - Object: 'Object Repository/42TF/Page_Filialsuche-nuernberg - BVR HT (2)/svg_dropdown-icons' is clicked on

2018-03-13 11:05:10 - [TEST_STEP][PASSED] - delay: Delayed 2 second(s)

2018-03-13 11:05:12 - [MESSAGE][PASSED] - Delayed 2 second(s)

2018-03-13 11:05:12 - [TEST_STEP][PASSED] - mouseOver: Object: 'Object Repository/42TF/Page_Filialsuche-nuernberg - BVR HT (2)/div_Ansbach' is hovered

2018-03-13 11:05:13 - [MESSAGE][PASSED] - Object: 'Object Repository/42TF/Page_Filialsuche-nuernberg - BVR HT (2)/div_Ansbach' is hovered

2018-03-13 11:05:13 - [TEST_STEP][PASSED] - click: Object: 'Object Repository/42TF/Page_Filialsuche-nuernberg - BVR HT (2)/div_Ansbach' is clicked on

2018-03-13 11:05:13 - [MESSAGE][PASSED] - Object: 'Object Repository/42TF/Page_Filialsuche-nuernberg - BVR HT (2)/div_Ansbach' is clicked on

2018-03-13 11:05:13 - [TEST_STEP][PASSED] - delay: Delayed 2 second(s)

2018-03-13 11:05:15 - [MESSAGE][PASSED] - Delayed 2 second(s)

2018-03-13 11:05:15 - [TEST_STEP][PASSED] - verifyTextPresent: Text 'Martin-Luther-Platz 20' is present on page 

2018-03-13 11:05:16 - [MESSAGE][PASSED] - Text 'Martin-Luther-Platz 20' is present on page 

2018-03-13 11:05:16 - [TEST_STEP][PASSED] - verifyTextPresent: Text '91522 Ansbach' is present on page 

2018-03-13 11:05:16 - [MESSAGE][PASSED] - Text '91522 Ansbach' is present on page 

2018-03-13 11:05:16 - [TEST_STEP][PASSED] - verifyTextPresent: Text 'Beratungsbüro Ansbach' is present on page 

2018-03-13 11:05:17 - [MESSAGE][PASSED] - Text 'Beratungsbüro Ansbach' is present on page 

2018-03-13 11:05:17 - [TEST_STEP][PASSED] - click: Object: 'Object Repository/42TF/Page_Filialsuche-nuernberg - BVR HT (2)/svg_dropdown-icons' is clicked on

2018-03-13 11:05:17 - [MESSAGE][PASSED] - Object: 'Object Repository/42TF/Page_Filialsuche-nuernberg - BVR HT (2)/svg_dropdown-icons' is clicked on

2018-03-13 11:05:17 - [TEST_STEP][PASSED] - delay: Delayed 2 second(s)

2018-03-13 11:05:19 - [MESSAGE][PASSED] - Delayed 2 second(s)

2018-03-13 11:05:19 - [TEST_STEP][PASSED] - mouseOver: Object: 'Object Repository/42TF/Page_Filialsuche-nuernberg - BVR HT (2)/div_Aschaffenburg' is hovered

2018-03-13 11:05:19 - [MESSAGE][PASSED] - Object: 'Object Repository/42TF/Page_Filialsuche-nuernberg - BVR HT (2)/div_Aschaffenburg' is hovered

2018-03-13 11:05:19 - [TEST_STEP][PASSED] - click: Object: 'Object Repository/42TF/Page_Filialsuche-nuernberg - BVR HT (2)/div_Aschaffenburg' is clicked on

2018-03-13 11:05:20 - [MESSAGE][PASSED] - Object: 'Object Repository/42TF/Page_Filialsuche-nuernberg - BVR HT (2)/div_Aschaffenburg' is clicked on

2018-03-13 11:05:20 - [TEST_STEP][PASSED] - delay: Delayed 2 second(s)

2018-03-13 11:05:22 - [MESSAGE][PASSED] - Delayed 2 second(s)

2018-03-13 11:05:22 - [TEST_STEP][PASSED] - verifyTextPresent: Text 'Beratungsbüro Aschaffenburg' is present on page 

2018-03-13 11:05:22 - [MESSAGE][PASSED] - Text 'Beratungsbüro Aschaffenburg' is present on page 

2018-03-13 11:05:22 - [TEST_STEP][PASSED] - verifyTextPresent: Text 'Ludwigstr. 25' is present on page 

2018-03-13 11:05:23 - [MESSAGE][PASSED] - Text 'Ludwigstr. 25' is present on page 

2018-03-13 11:05:23 - [TEST_STEP][PASSED] - verifyTextPresent: Text '63739 Aschaffenburg' is present on page 

2018-03-13 11:05:24 - [MESSAGE][PASSED] - Text '63739 Aschaffenburg' is present on page 

2018-03-13 11:05:24 - [TEST_STEP][PASSED] - click: Object: 'Object Repository/42TF/Page_Filialsuche-nuernberg - BVR HT (2)/svg_dropdown-icons' is clicked on

2018-03-13 11:05:24 - [MESSAGE][PASSED] - Object: 'Object Repository/42TF/Page_Filialsuche-nuernberg - BVR HT (2)/svg_dropdown-icons' is clicked on

2018-03-13 11:05:24 - [TEST_STEP][PASSED] - delay: Delayed 2 second(s)

2018-03-13 11:05:26 - [MESSAGE][PASSED] - Delayed 2 second(s)

2018-03-13 11:05:26 - [TEST_STEP][PASSED] - mouseOver: Object: 'Object Repository/42TF/Page_Filialsuche-nuernberg - BVR HT (2)/div_Bamberg' is hovered

2018-03-13 11:05:26 - [MESSAGE][PASSED] - Object: 'Object Repository/42TF/Page_Filialsuche-nuernberg - BVR HT (2)/div_Bamberg' is hovered

2018-03-13 11:05:26 - [TEST_STEP][PASSED] - click: Object: 'Object Repository/42TF/Page_Filialsuche-nuernberg - BVR HT (2)/div_Bamberg' is clicked on

2018-03-13 11:05:27 - [MESSAGE][PASSED] - Object: 'Object Repository/42TF/Page_Filialsuche-nuernberg - BVR HT (2)/div_Bamberg' is clicked on

2018-03-13 11:05:27 - [TEST_STEP][PASSED] - delay: Delayed 2 second(s)

2018-03-13 11:05:29 - [MESSAGE][PASSED] - Delayed 2 second(s)

2018-03-13 11:05:29 - [TEST_STEP][PASSED] - verifyTextPresent: Text 'PSD Bank Nürnberg eG, Filiale Bamberg' is present on page 

2018-03-13 11:05:29 - [MESSAGE][PASSED] - Text 'PSD Bank Nürnberg eG, Filiale Bamberg' is present on page 

2018-03-13 11:05:29 - [TEST_STEP][PASSED] - verifyTextPresent: Text 'Hauptwachstr. 11' is present on page 

2018-03-13 11:05:30 - [MESSAGE][PASSED] - Text 'Hauptwachstr. 11' is present on page 

2018-03-13 11:05:30 - [TEST_STEP][PASSED] - verifyTextPresent: Text '96047 Bamberg' is present on page 

2018-03-13 11:05:31 - [MESSAGE][PASSED] - Text '96047 Bamberg' is present on page 

2018-03-13 11:05:31 - [TEST_STEP][PASSED] - click: Object: 'Object Repository/42TF/Page_Filialsuche-nuernberg - BVR HT (2)/svg_dropdown-icons' is clicked on

2018-03-13 11:05:31 - [MESSAGE][PASSED] - Object: 'Object Repository/42TF/Page_Filialsuche-nuernberg - BVR HT (2)/svg_dropdown-icons' is clicked on

2018-03-13 11:05:31 - [TEST_STEP][PASSED] - delay: Delayed 2 second(s)

2018-03-13 11:05:33 - [MESSAGE][PASSED] - Delayed 2 second(s)

2018-03-13 11:05:33 - [TEST_STEP][PASSED] - mouseOver: Object: 'Object Repository/42TF/Page_Filialsuche-nuernberg - BVR HT (2)/div_Chemnitz' is hovered

2018-03-13 11:05:33 - [MESSAGE][PASSED] - Object: 'Object Repository/42TF/Page_Filialsuche-nuernberg - BVR HT (2)/div_Chemnitz' is hovered

2018-03-13 11:05:33 - [TEST_STEP][PASSED] - click: Object: 'Object Repository/42TF/Page_Filialsuche-nuernberg - BVR HT (2)/div_Chemnitz' is clicked on

2018-03-13 11:05:34 - [MESSAGE][PASSED] - Object: 'Object Repository/42TF/Page_Filialsuche-nuernberg - BVR HT (2)/div_Chemnitz' is clicked on

2018-03-13 11:05:34 - [TEST_STEP][PASSED] - delay: Delayed 2 second(s)

2018-03-13 11:05:36 - [MESSAGE][PASSED] - Delayed 2 second(s)

2018-03-13 11:05:36 - [TEST_STEP][PASSED] - verifyTextPresent: Text 'PSD Bank Nürnberg eG, Filiale Chemnitz' is present on page 

2018-03-13 11:05:36 - [MESSAGE][PASSED] - Text 'PSD Bank Nürnberg eG, Filiale Chemnitz' is present on page 

2018-03-13 11:05:36 - [TEST_STEP][PASSED] - verifyTextPresent: Text 'Bahnhofstraße 54a' is present on page 

2018-03-13 11:05:37 - [MESSAGE][PASSED] - Text 'Bahnhofstraße 54a' is present on page 

2018-03-13 11:05:37 - [TEST_STEP][PASSED] - verifyTextPresent: Text '09111 Chemnitz' is present on page 

2018-03-13 11:05:38 - [MESSAGE][PASSED] - Text '09111 Chemnitz' is present on page 

2018-03-13 11:05:38 - [TEST_STEP][PASSED] - click: Object: 'Object Repository/42TF/Page_Filialsuche-nuernberg - BVR HT (2)/svg_dropdown-icons' is clicked on

2018-03-13 11:05:38 - [MESSAGE][PASSED] - Object: 'Object Repository/42TF/Page_Filialsuche-nuernberg - BVR HT (2)/svg_dropdown-icons' is clicked on

2018-03-13 11:05:38 - [TEST_STEP][PASSED] - delay: Delayed 2 second(s)

2018-03-13 11:05:40 - [MESSAGE][PASSED] - Delayed 2 second(s)

2018-03-13 11:05:40 - [TEST_STEP][PASSED] - mouseOver: Object: 'Object Repository/42TF/Page_Filialsuche-nuernberg - BVR HT (2)/div_Leipzig' is hovered

2018-03-13 11:05:40 - [MESSAGE][PASSED] - Object: 'Object Repository/42TF/Page_Filialsuche-nuernberg - BVR HT (2)/div_Leipzig' is hovered

2018-03-13 11:05:40 - [TEST_STEP][PASSED] - click: Object: 'Object Repository/42TF/Page_Filialsuche-nuernberg - BVR HT (2)/div_Leipzig' is clicked on

2018-03-13 11:05:41 - [MESSAGE][PASSED] - Object: 'Object Repository/42TF/Page_Filialsuche-nuernberg - BVR HT (2)/div_Leipzig' is clicked on

2018-03-13 11:05:41 - [TEST_STEP][PASSED] - delay: Delayed 2 second(s)

2018-03-13 11:05:43 - [MESSAGE][PASSED] - Delayed 2 second(s)

2018-03-13 11:05:43 - [TEST_STEP][PASSED] - verifyTextPresent: Text 'PSD Bank Nürnberg eG, Filiale Leipzig' is present on page 

2018-03-13 11:05:43 - [MESSAGE][PASSED] - Text 'PSD Bank Nürnberg eG, Filiale Leipzig' is present on page 

2018-03-13 11:05:43 - [TEST_STEP][PASSED] - verifyTextPresent: Text 'Brühl 65' is present on page 

2018-03-13 11:05:44 - [MESSAGE][PASSED] - Text 'Brühl 65' is present on page 

2018-03-13 11:05:44 - [TEST_STEP][PASSED] - verifyTextPresent: Text '04109 Leipzig' is present on page 

2018-03-13 11:05:45 - [MESSAGE][PASSED] - Text '04109 Leipzig' is present on page 

2018-03-13 11:05:45 - [TEST_STEP][PASSED] - click: Object: 'Object Repository/42TF/Page_Filialsuche-nuernberg - BVR HT (2)/svg_dropdown-icons' is clicked on

2018-03-13 11:05:45 - [MESSAGE][PASSED] - Object: 'Object Repository/42TF/Page_Filialsuche-nuernberg - BVR HT (2)/svg_dropdown-icons' is clicked on

2018-03-13 11:05:45 - [TEST_STEP][PASSED] - delay: Delayed 2 second(s)

2018-03-13 11:05:47 - [MESSAGE][PASSED] - Delayed 2 second(s)

2018-03-13 11:05:47 - [TEST_STEP][PASSED] - mouseOver: Object: 'Object Repository/42TF/Page_Filialsuche-nuernberg - BVR HT (2)/div_Regensburg' is hovered

2018-03-13 11:05:47 - [MESSAGE][PASSED] - Object: 'Object Repository/42TF/Page_Filialsuche-nuernberg - BVR HT (2)/div_Regensburg' is hovered

2018-03-13 11:05:47 - [TEST_STEP][PASSED] - click: Object: 'Object Repository/42TF/Page_Filialsuche-nuernberg - BVR HT (2)/div_Regensburg' is clicked on

2018-03-13 11:05:48 - [MESSAGE][PASSED] - Object: 'Object Repository/42TF/Page_Filialsuche-nuernberg - BVR HT (2)/div_Regensburg' is clicked on

2018-03-13 11:05:48 - [TEST_STEP][PASSED] - delay: Delayed 2 second(s)

2018-03-13 11:05:50 - [MESSAGE][PASSED] - Delayed 2 second(s)

2018-03-13 11:05:50 - [TEST_STEP][PASSED] - verifyTextPresent: Text 'Beratungsbüro Regensburg' is present on page 

2018-03-13 11:05:50 - [MESSAGE][PASSED] - Text 'Beratungsbüro Regensburg' is present on page 

2018-03-13 11:05:50 - [TEST_STEP][PASSED] - verifyTextPresent: Text 'Dr.-Leo-Ritter-Str. 2 (1. OG)' is present on page 

2018-03-13 11:05:51 - [MESSAGE][PASSED] - Text 'Dr.-Leo-Ritter-Str. 2 (1. OG)' is present on page 

2018-03-13 11:05:51 - [TEST_STEP][PASSED] - verifyTextPresent: Text '93049 Regensburg' is present on page 

2018-03-13 11:05:52 - [MESSAGE][PASSED] - Text '93049 Regensburg' is present on page 

2018-03-13 11:05:52 - [TEST_STEP][PASSED] - click: Object: 'Object Repository/42TF/Page_Filialsuche-nuernberg - BVR HT (2)/svg_dropdown-icons' is clicked on

2018-03-13 11:05:53 - [MESSAGE][PASSED] - Object: 'Object Repository/42TF/Page_Filialsuche-nuernberg - BVR HT (2)/svg_dropdown-icons' is clicked on

2018-03-13 11:05:53 - [TEST_STEP][PASSED] - delay: Delayed 2 second(s)

2018-03-13 11:05:55 - [MESSAGE][PASSED] - Delayed 2 second(s)

2018-03-13 11:05:55 - [TEST_STEP][PASSED] - mouseOver: Object: 'Object Repository/42TF/Page_Filialsuche-nuernberg - BVR HT (2)/div_Wrzburg' is hovered

2018-03-13 11:05:55 - [MESSAGE][PASSED] - Object: 'Object Repository/42TF/Page_Filialsuche-nuernberg - BVR HT (2)/div_Wrzburg' is hovered

2018-03-13 11:05:55 - [TEST_STEP][PASSED] - click: Object: 'Object Repository/42TF/Page_Filialsuche-nuernberg - BVR HT (2)/div_Wrzburg' is clicked on

2018-03-13 11:05:55 - [MESSAGE][PASSED] - Object: 'Object Repository/42TF/Page_Filialsuche-nuernberg - BVR HT (2)/div_Wrzburg' is clicked on

2018-03-13 11:05:55 - [TEST_STEP][PASSED] - delay: Delayed 2 second(s)

2018-03-13 11:05:57 - [MESSAGE][PASSED] - Delayed 2 second(s)

2018-03-13 11:05:57 - [TEST_STEP][PASSED] - verifyTextPresent: Text 'PSD Bank Nürnberg eG, Filiale Würzburg' is present on page 

2018-03-13 11:05:58 - [MESSAGE][PASSED] - Text 'PSD Bank Nürnberg eG, Filiale Würzburg' is present on page 

2018-03-13 11:05:58 - [TEST_STEP][PASSED] - verifyTextPresent: Text 'Ludwigstr. 22' is present on page 

2018-03-13 11:05:59 - [MESSAGE][PASSED] - Text 'Ludwigstr. 22' is present on page 

2018-03-13 11:05:59 - [TEST_STEP][PASSED] - verifyTextPresent: Text '97070 Würzburg' is present on page 

2018-03-13 11:05:59 - [MESSAGE][PASSED] - Text '97070 Würzburg' is present on page 

2018-03-13 11:05:59 - [TEST_STEP][PASSED] - closeBrowser: Browser is closed

2018-03-13 11:05:59 - [MESSAGE][PASSED] - Browser is closed]]></system-out>
         <system-err><![CDATA[]]></system-err>
      </testcase>
      <testcase name="Test Cases/Prototyp_Filialsuche (RC 18)/43_Testfall" classname="Test Cases/Prototyp_Filialsuche (RC 18)/43_Testfall" status="PASSED">
         <system-out><![CDATA[2018-03-13 11:05:59 - [TEST_CASE][PASSED] - Test Cases/Prototyp_Filialsuche (RC 18)/43_Testfall: Test Cases/Prototyp_Filialsuche (RC 18)/43_Testfall

2018-03-13 11:06:00 - [TEST_STEP][PASSED] - openBrowser: Browser is opened with url: ''

2018-03-13 11:06:03 - [MESSAGE][PASSED] - Browser is opened with url: ''

2018-03-13 11:06:03 - [TEST_STEP][PASSED] - deleteAllCookies: Delete all cookies successfully

2018-03-13 11:06:03 - [MESSAGE][PASSED] - Delete all cookies successfully

2018-03-13 11:06:03 - [TEST_STEP][PASSED] - maximizeWindow: Current window maximized

2018-03-13 11:06:03 - [MESSAGE][PASSED] - Current window maximized

2018-03-13 11:06:03 - [TEST_STEP][PASSED] - navigateToUrl: Navigate to 'http://rc-ogrhtmlprototyp.testintern/18-1-0/filialsuche-nuernberg.html' successfully

2018-03-13 11:06:04 - [MESSAGE][PASSED] - Navigate to 'http://rc-ogrhtmlprototyp.testintern/18-1-0/filialsuche-nuernberg.html' successfully

2018-03-13 11:06:04 - [TEST_STEP][PASSED] - delay: Delayed 5 second(s)

2018-03-13 11:06:09 - [MESSAGE][PASSED] - Delayed 5 second(s)

2018-03-13 11:06:09 - [TEST_STEP][PASSED] - Statement - wes1 = com.kms.katalon.core.webui.common.WebUiCommonHelper.findWebElements(com.kms.katalon.core.testobject.ObjectRepository.findTestObject(filial_map), 5): Found 10 web elements with id: 'Object Repository/filial_map' located by 'By.xpath: //div[@class='aps-map__custom-marker']' in '5' second(s)

2018-03-13 11:06:09 - [TEST_STEP][PASSED] - Statement - wes2 = com.kms.katalon.core.webui.common.WebUiCommonHelper.findWebElements(com.kms.katalon.core.testobject.ObjectRepository.findTestObject(loc_steet_filialsuche), 5): Found 10 web elements with id: 'Object Repository/loc_steet_filialsuche' located by 'By.xpath: //div[@class='loc-street']' in '5' second(s)

2018-03-13 11:06:09 - [TEST_STEP][PASSED] - Statement - filial_maps_count = wes1.size(): null

2018-03-13 11:06:09 - [TEST_STEP][PASSED] - Statement - filial_accordeon_count = wes2.size(): null

2018-03-13 11:06:09 - [TEST_STEP][PASSED] - Statement - filial_count = 10: null

2018-03-13 11:06:09 - [TEST_STEP][PASSED] - Statement - If (filial_maps_count != filial_count): null

2018-03-13 11:06:09 - [TEST_STEP][PASSED] - closeBrowser: Browser is closed

2018-03-13 11:06:09 - [MESSAGE][PASSED] - Browser is closed]]></system-out>
         <system-err><![CDATA[]]></system-err>
      </testcase>
      <testcase name="Test Cases/Prototyp_Filialsuche (RC 18)/44-Testfall" classname="Test Cases/Prototyp_Filialsuche (RC 18)/44-Testfall" status="PASSED">
         <system-out><![CDATA[2018-03-13 11:06:09 - [TEST_CASE][PASSED] - Test Cases/Prototyp_Filialsuche (RC 18)/44-Testfall: Test Cases/Prototyp_Filialsuche (RC 18)/44-Testfall

2018-03-13 11:06:09 - [TEST_STEP][PASSED] - openBrowser: Browser is opened with url: ''

2018-03-13 11:06:12 - [MESSAGE][PASSED] - Browser is opened with url: ''

2018-03-13 11:06:12 - [TEST_STEP][PASSED] - deleteAllCookies: Delete all cookies successfully

2018-03-13 11:06:12 - [MESSAGE][PASSED] - Delete all cookies successfully

2018-03-13 11:06:12 - [TEST_STEP][PASSED] - maximizeWindow: Current window maximized

2018-03-13 11:06:12 - [MESSAGE][PASSED] - Current window maximized

2018-03-13 11:06:12 - [TEST_STEP][PASSED] - navigateToUrl: Navigate to 'http://rc-ogrhtmlprototyp.testintern/18-1-0/filialsuche-wangen.html' successfully

2018-03-13 11:06:13 - [MESSAGE][PASSED] - Navigate to 'http://rc-ogrhtmlprototyp.testintern/18-1-0/filialsuche-wangen.html' successfully

2018-03-13 11:06:13 - [TEST_STEP][PASSED] - delay: Delayed 5 second(s)

2018-03-13 11:06:18 - [MESSAGE][PASSED] - Delayed 5 second(s)

2018-03-13 11:06:18 - [TEST_STEP][PASSED] - Statement - wes1 = com.kms.katalon.core.webui.common.WebUiCommonHelper.findWebElements(com.kms.katalon.core.testobject.ObjectRepository.findTestObject(filial_map), 5): Found 4 web elements with id: 'Object Repository/filial_map' located by 'By.xpath: //div[@class='aps-map__custom-marker']' in '5' second(s)

2018-03-13 11:06:18 - [TEST_STEP][PASSED] - Statement - wes2 = com.kms.katalon.core.webui.common.WebUiCommonHelper.findWebElements(com.kms.katalon.core.testobject.ObjectRepository.findTestObject(loc_steet_filialsuche), 5): Found 4 web elements with id: 'Object Repository/loc_steet_filialsuche' located by 'By.xpath: //div[@class='loc-street']' in '5' second(s)

2018-03-13 11:06:18 - [TEST_STEP][PASSED] - Statement - filial_maps_count = wes1.size(): null

2018-03-13 11:06:18 - [TEST_STEP][PASSED] - Statement - filial_accordeon_count = wes2.size(): null

2018-03-13 11:06:18 - [TEST_STEP][PASSED] - Statement - filial_count = 4: null

2018-03-13 11:06:18 - [TEST_STEP][PASSED] - Statement - If (filial_maps_count != filial_count): null

2018-03-13 11:06:18 - [TEST_STEP][PASSED] - closeBrowser: Browser is closed

2018-03-13 11:06:19 - [MESSAGE][PASSED] - Browser is closed]]></system-out>
         <system-err><![CDATA[]]></system-err>
      </testcase>
      <testcase name="Test Cases/Prototyp_Filialsuche (RC 18)/45_Testfall" classname="Test Cases/Prototyp_Filialsuche (RC 18)/45_Testfall" status="PASSED">
         <system-out><![CDATA[2018-03-13 11:06:19 - [TEST_CASE][PASSED] - Test Cases/Prototyp_Filialsuche (RC 18)/45_Testfall: Test Cases/Prototyp_Filialsuche (RC 18)/45_Testfall

2018-03-13 11:06:19 - [TEST_STEP][PASSED] - openBrowser: Browser is opened with url: ''

2018-03-13 11:06:23 - [MESSAGE][PASSED] - Browser is opened with url: ''

2018-03-13 11:06:23 - [TEST_STEP][PASSED] - deleteAllCookies: Delete all cookies successfully

2018-03-13 11:06:23 - [MESSAGE][PASSED] - Delete all cookies successfully

2018-03-13 11:06:23 - [TEST_STEP][PASSED] - maximizeWindow: Current window maximized

2018-03-13 11:06:23 - [MESSAGE][PASSED] - Current window maximized

2018-03-13 11:06:23 - [TEST_STEP][PASSED] - navigateToUrl: Navigate to 'http://rc-ogrhtmlprototyp.testintern/18-1-0/filialsuche-textinput.html' successfully

2018-03-13 11:06:24 - [MESSAGE][PASSED] - Navigate to 'http://rc-ogrhtmlprototyp.testintern/18-1-0/filialsuche-textinput.html' successfully

2018-03-13 11:06:24 - [TEST_STEP][PASSED] - delay: Delayed 5 second(s)

2018-03-13 11:06:29 - [MESSAGE][PASSED] - Delayed 5 second(s)

2018-03-13 11:06:29 - [TEST_STEP][PASSED] - setText: Text 'berlin' is set on object 'Object Repository/34TF/Page_Filialsuche-textinput - BVR HT/input_city'

2018-03-13 11:06:29 - [MESSAGE][PASSED] - Text 'berlin' is set on object 'Object Repository/34TF/Page_Filialsuche-textinput - BVR HT/input_city'

2018-03-13 11:06:29 - [TEST_STEP][PASSED] - click: Object: 'Object Repository/34TF/Page_Filialsuche-textinput - BVR HT (1)/button_Suchen' is clicked on

2018-03-13 11:06:29 - [MESSAGE][PASSED] - Object: 'Object Repository/34TF/Page_Filialsuche-textinput - BVR HT (1)/button_Suchen' is clicked on

2018-03-13 11:06:29 - [TEST_STEP][PASSED] - delay: Delayed 3 second(s)

2018-03-13 11:06:32 - [MESSAGE][PASSED] - Delayed 3 second(s)

2018-03-13 11:06:32 - [TEST_STEP][PASSED] - Statement - wes1 = com.kms.katalon.core.webui.common.WebUiCommonHelper.findWebElements(com.kms.katalon.core.testobject.ObjectRepository.findTestObject(filial_map), 5): Found 25 web elements with id: 'Object Repository/filial_map' located by 'By.xpath: //div[@class='aps-map__custom-marker']' in '5' second(s)

2018-03-13 11:06:32 - [TEST_STEP][PASSED] - Statement - wes2 = com.kms.katalon.core.webui.common.WebUiCommonHelper.findWebElements(com.kms.katalon.core.testobject.ObjectRepository.findTestObject(loc_steet_filialsuche), 5): Found 25 web elements with id: 'Object Repository/loc_steet_filialsuche' located by 'By.xpath: //div[@class='loc-street']' in '5' second(s)

2018-03-13 11:06:32 - [TEST_STEP][PASSED] - Statement - filial_maps_count = wes1.size(): null

2018-03-13 11:06:32 - [TEST_STEP][PASSED] - Statement - filial_accordeon_count = wes2.size(): null

2018-03-13 11:06:32 - [TEST_STEP][PASSED] - Statement - filial_count = 25: null

2018-03-13 11:06:32 - [TEST_STEP][PASSED] - Statement - If (filial_maps_count != filial_count): null

2018-03-13 11:06:32 - [TEST_STEP][PASSED] - closeBrowser: Browser is closed

2018-03-13 11:06:33 - [MESSAGE][PASSED] - Browser is closed]]></system-out>
         <system-err><![CDATA[]]></system-err>
      </testcase>
      <testcase name="Test Cases/Prototyp_Filialsuche (RC 18)/46_Testfall" classname="Test Cases/Prototyp_Filialsuche (RC 18)/46_Testfall" status="PASSED">
         <system-out><![CDATA[2018-03-13 11:06:33 - [TEST_CASE][PASSED] - Test Cases/Prototyp_Filialsuche (RC 18)/46_Testfall: Test Cases/Prototyp_Filialsuche (RC 18)/46_Testfall

2018-03-13 11:06:33 - [TEST_STEP][PASSED] - openBrowser: Browser is opened with url: ''

2018-03-13 11:06:35 - [MESSAGE][PASSED] - Browser is opened with url: ''

2018-03-13 11:06:35 - [TEST_STEP][PASSED] - maximizeWindow: Current window maximized

2018-03-13 11:06:36 - [MESSAGE][PASSED] - Current window maximized

2018-03-13 11:06:36 - [TEST_STEP][PASSED] - deleteAllCookies: Delete all cookies successfully

2018-03-13 11:06:36 - [MESSAGE][PASSED] - Delete all cookies successfully

2018-03-13 11:06:36 - [TEST_STEP][PASSED] - navigateToUrl: Navigate to 'http://kundentest.dev-unitb.de/ogrhtmlprototyp/ogrhtmlprototyp/filialsuche-wangen-textinput.html' successfully

2018-03-13 11:06:38 - [MESSAGE][PASSED] - Navigate to 'http://kundentest.dev-unitb.de/ogrhtmlprototyp/ogrhtmlprototyp/filialsuche-wangen-textinput.html' successfully

2018-03-13 11:06:38 - [TEST_STEP][PASSED] - delay: Delayed 5 second(s)

2018-03-13 11:06:43 - [MESSAGE][PASSED] - Delayed 5 second(s)

2018-03-13 11:06:43 - [TEST_STEP][PASSED] - setText: Text 'Rechberghausen' is set on object 'Object Repository/Filialsuche_Inputtext'

2018-03-13 11:06:43 - [MESSAGE][PASSED] - Text 'Rechberghausen' is set on object 'Object Repository/Filialsuche_Inputtext'

2018-03-13 11:06:43 - [TEST_STEP][PASSED] - delay: Delayed 2 second(s)

2018-03-13 11:06:45 - [MESSAGE][PASSED] - Delayed 2 second(s)

2018-03-13 11:06:45 - [TEST_STEP][PASSED] - submit: The form containing object: 'Object Repository/Filialsuche_submit_button' is submitted

2018-03-13 11:06:45 - [MESSAGE][PASSED] - The form containing object: 'Object Repository/Filialsuche_submit_button' is submitted

2018-03-13 11:06:45 - [TEST_STEP][PASSED] - delay: Delayed 2 second(s)

2018-03-13 11:06:47 - [MESSAGE][PASSED] - Delayed 2 second(s)

2018-03-13 11:06:47 - [TEST_STEP][PASSED] - verifyTextPresent: Text 'Geschäftsstelle Rechberghausen' is present on page 

2018-03-13 11:06:48 - [MESSAGE][PASSED] - Text 'Geschäftsstelle Rechberghausen' is present on page 

2018-03-13 11:06:48 - [TEST_STEP][PASSED] - verifyTextPresent: Text 'Hauptstr. 37' is present on page 

2018-03-13 11:06:49 - [MESSAGE][PASSED] - Text 'Hauptstr. 37' is present on page 

2018-03-13 11:06:49 - [TEST_STEP][PASSED] - verifyTextPresent: Text '73098 Rechberghausen' is present on page 

2018-03-13 11:06:50 - [MESSAGE][PASSED] - Text '73098 Rechberghausen' is present on page 

2018-03-13 11:06:50 - [TEST_STEP][PASSED] - verifyTextPresent: Text 'Geschäftsstelle Börtlingen' is present on page 

2018-03-13 11:06:51 - [MESSAGE][PASSED] - Text 'Geschäftsstelle Börtlingen' is present on page 

2018-03-13 11:06:51 - [TEST_STEP][PASSED] - verifyTextPresent: Text 'Geschäftsstelle Uhingen-Holzhausen' is present on page 

2018-03-13 11:06:52 - [MESSAGE][PASSED] - Text 'Geschäftsstelle Uhingen-Holzhausen' is present on page 

2018-03-13 11:06:52 - [TEST_STEP][PASSED] - verifyTextPresent: Text 'Raiffeisenbank Wangen eG' is present on page 

2018-03-13 11:06:53 - [MESSAGE][PASSED] - Text 'Raiffeisenbank Wangen eG' is present on page 

2018-03-13 11:06:53 - [TEST_STEP][PASSED] - delay: Delayed 2 second(s)

2018-03-13 11:06:55 - [MESSAGE][PASSED] - Delayed 2 second(s)

2018-03-13 11:06:55 - [TEST_STEP][PASSED] - setText: Text 'Börtlingen' is set on object 'Object Repository/Filialsuche_Inputtext'

2018-03-13 11:06:55 - [MESSAGE][PASSED] - Text 'Börtlingen' is set on object 'Object Repository/Filialsuche_Inputtext'

2018-03-13 11:06:55 - [TEST_STEP][PASSED] - delay: Delayed 2 second(s)

2018-03-13 11:06:57 - [MESSAGE][PASSED] - Delayed 2 second(s)

2018-03-13 11:06:57 - [TEST_STEP][PASSED] - submit: The form containing object: 'Object Repository/Filialsuche_submit_button' is submitted

2018-03-13 11:06:57 - [MESSAGE][PASSED] - The form containing object: 'Object Repository/Filialsuche_submit_button' is submitted

2018-03-13 11:06:57 - [TEST_STEP][PASSED] - delay: Delayed 2 second(s)

2018-03-13 11:06:59 - [MESSAGE][PASSED] - Delayed 2 second(s)

2018-03-13 11:06:59 - [TEST_STEP][PASSED] - verifyTextPresent: Text 'Geschäftsstelle Börtlingen' is present on page 

2018-03-13 11:07:00 - [MESSAGE][PASSED] - Text 'Geschäftsstelle Börtlingen' is present on page 

2018-03-13 11:07:00 - [TEST_STEP][PASSED] - verifyTextPresent: Text 'Hauptstr. 56' is present on page 

2018-03-13 11:07:01 - [MESSAGE][PASSED] - Text 'Hauptstr. 56' is present on page 

2018-03-13 11:07:01 - [TEST_STEP][PASSED] - verifyTextPresent: Text '73104 Börtlingen' is present on page 

2018-03-13 11:07:02 - [MESSAGE][PASSED] - Text '73104 Börtlingen' is present on page 

2018-03-13 11:07:02 - [TEST_STEP][PASSED] - verifyTextPresent: Text 'Geschäftsstelle Rechberghausen' is present on page 

2018-03-13 11:07:03 - [MESSAGE][PASSED] - Text 'Geschäftsstelle Rechberghausen' is present on page 

2018-03-13 11:07:03 - [TEST_STEP][PASSED] - verifyTextPresent: Text 'Geschäftsstelle Uhingen-Holzhausen' is present on page 

2018-03-13 11:07:04 - [MESSAGE][PASSED] - Text 'Geschäftsstelle Uhingen-Holzhausen' is present on page 

2018-03-13 11:07:04 - [TEST_STEP][PASSED] - verifyTextPresent: Text 'Raiffeisenbank Wangen eG' is present on page 

2018-03-13 11:07:05 - [MESSAGE][PASSED] - Text 'Raiffeisenbank Wangen eG' is present on page 

2018-03-13 11:07:05 - [TEST_STEP][PASSED] - delay: Delayed 2 second(s)

2018-03-13 11:07:07 - [MESSAGE][PASSED] - Delayed 2 second(s)

2018-03-13 11:07:07 - [TEST_STEP][PASSED] - setText: Text 'Uhingen ' is set on object 'Object Repository/Filialsuche_Inputtext'

2018-03-13 11:07:07 - [MESSAGE][PASSED] - Text 'Uhingen ' is set on object 'Object Repository/Filialsuche_Inputtext'

2018-03-13 11:07:07 - [TEST_STEP][PASSED] - delay: Delayed 2 second(s)

2018-03-13 11:07:09 - [MESSAGE][PASSED] - Delayed 2 second(s)

2018-03-13 11:07:09 - [TEST_STEP][PASSED] - submit: The form containing object: 'Object Repository/Filialsuche_submit_button' is submitted

2018-03-13 11:07:09 - [MESSAGE][PASSED] - The form containing object: 'Object Repository/Filialsuche_submit_button' is submitted

2018-03-13 11:07:09 - [TEST_STEP][PASSED] - delay: Delayed 2 second(s)

2018-03-13 11:07:11 - [MESSAGE][PASSED] - Delayed 2 second(s)

2018-03-13 11:07:11 - [TEST_STEP][PASSED] - verifyTextPresent: Text 'Geschäftsstelle Uhingen-Holzhausen' is present on page 

2018-03-13 11:07:11 - [MESSAGE][PASSED] - Text 'Geschäftsstelle Uhingen-Holzhausen' is present on page 

2018-03-13 11:07:11 - [TEST_STEP][PASSED] - verifyTextPresent: Text 'Dorfstr. 17 a' is present on page 

2018-03-13 11:07:12 - [MESSAGE][PASSED] - Text 'Dorfstr. 17 a' is present on page 

2018-03-13 11:07:12 - [TEST_STEP][PASSED] - verifyTextPresent: Text '73066 Uhingen' is present on page 

2018-03-13 11:07:13 - [MESSAGE][PASSED] - Text '73066 Uhingen' is present on page 

2018-03-13 11:07:13 - [TEST_STEP][PASSED] - verifyTextPresent: Text 'Geschäftsstelle Börtlingen' is present on page 

2018-03-13 11:07:14 - [MESSAGE][PASSED] - Text 'Geschäftsstelle Börtlingen' is present on page 

2018-03-13 11:07:14 - [TEST_STEP][PASSED] - verifyTextPresent: Text 'Geschäftsstelle Rechberghausen' is present on page 

2018-03-13 11:07:15 - [MESSAGE][PASSED] - Text 'Geschäftsstelle Rechberghausen' is present on page 

2018-03-13 11:07:15 - [TEST_STEP][PASSED] - verifyTextPresent: Text 'Raiffeisenbank Wangen eG' is present on page 

2018-03-13 11:07:16 - [MESSAGE][PASSED] - Text 'Raiffeisenbank Wangen eG' is present on page 

2018-03-13 11:07:16 - [TEST_STEP][PASSED] - closeBrowser: Browser is closed

2018-03-13 11:07:16 - [MESSAGE][PASSED] - Browser is closed]]></system-out>
         <system-err><![CDATA[]]></system-err>
      </testcase>
      <testcase name="Test Cases/Prototyp_Filialsuche (RC 18)/47TF" classname="Test Cases/Prototyp_Filialsuche (RC 18)/47TF" status="FAILED">
         <failure type="FAILED" message="Anzahl Accordeons 20 ist NICHT gleich Anzahl Filialen 19"/>
         <system-out><![CDATA[2018-03-13 11:07:16 - [TEST_CASE][FAILED] - Test Cases/Prototyp_Filialsuche (RC 18)/47TF: Test Cases/Prototyp_Filialsuche (RC 18)/47TF FAILED because (of) Anzahl Accordeons 20 ist NICHT gleich Anzahl Filialen 19

2018-03-13 11:07:17 - [TEST_STEP][PASSED] - openBrowser: Browser is opened with url: ''

2018-03-13 11:07:20 - [MESSAGE][PASSED] - Browser is opened with url: ''

2018-03-13 11:07:20 - [TEST_STEP][PASSED] - deleteAllCookies: Delete all cookies successfully

2018-03-13 11:07:20 - [MESSAGE][PASSED] - Delete all cookies successfully

2018-03-13 11:07:20 - [TEST_STEP][PASSED] - maximizeWindow: Current window maximized

2018-03-13 11:07:20 - [MESSAGE][PASSED] - Current window maximized

2018-03-13 11:07:20 - [TEST_STEP][PASSED] - navigateToUrl: Navigate to 'http://rc-ogrhtmlprototyp.testintern/18-1-0/filialsuche-rotenburg.html' successfully

2018-03-13 11:07:22 - [MESSAGE][PASSED] - Navigate to 'http://rc-ogrhtmlprototyp.testintern/18-1-0/filialsuche-rotenburg.html' successfully

2018-03-13 11:07:22 - [TEST_STEP][PASSED] - delay: Delayed 5 second(s)

2018-03-13 11:07:27 - [MESSAGE][PASSED] - Delayed 5 second(s)

2018-03-13 11:07:27 - [TEST_STEP][PASSED] - Statement - wes1 = com.kms.katalon.core.webui.common.WebUiCommonHelper.findWebElements(com.kms.katalon.core.testobject.ObjectRepository.findTestObject(filial_map), 5): Found 19 web elements with id: 'Object Repository/filial_map' located by 'By.xpath: //div[@class='aps-map__custom-marker']' in '5' second(s)

2018-03-13 11:07:27 - [TEST_STEP][PASSED] - Statement - wes2 = com.kms.katalon.core.webui.common.WebUiCommonHelper.findWebElements(com.kms.katalon.core.testobject.ObjectRepository.findTestObject(loc_steet_filialsuche), 5): Found 20 web elements with id: 'Object Repository/loc_steet_filialsuche' located by 'By.xpath: //div[@class='loc-street']' in '5' second(s)

2018-03-13 11:07:27 - [TEST_STEP][PASSED] - Statement - filial_maps_count = wes1.size(): null

2018-03-13 11:07:27 - [TEST_STEP][PASSED] - Statement - filial_accordeon_count = wes2.size(): null

2018-03-13 11:07:27 - [TEST_STEP][PASSED] - Statement - filial_count = 19: null

2018-03-13 11:07:27 - [TEST_STEP][PASSED] - Statement - If (filial_maps_count != filial_count): null

2018-03-13 11:07:27 - [TEST_STEP][PASSED] - Statement - Else If (filial_accordeon_count != filial_count): null

2018-03-13 11:07:27 - [TEST_STEP][PASSED] - comment: Anzahl Accordeons 20 ist NICHT gleich Anzahl Filialen 19

2018-03-13 11:07:27 - [TEST_STEP][PASSED] - closeBrowser: Browser is closed

2018-03-13 11:07:28 - [MESSAGE][PASSED] - Browser is closed

2018-03-13 11:07:28 - [TEST_STEP][PASSED] - Statement - Throw new com.kms.katalon.core.exception.StepFailedException((((Anzahl Accordeons  + filial_accordeon_count) +  ist NICHT gleich Anzahl Filialen ) + filial_count)): null]]></system-out>
         <system-err><![CDATA[2018-03-13 11:07:16 - [TEST_CASE][FAILED] - Test Cases/Prototyp_Filialsuche (RC 18)/47TF: Test Cases/Prototyp_Filialsuche (RC 18)/47TF FAILED because (of) Anzahl Accordeons 20 ist NICHT gleich Anzahl Filialen 19]]></system-err>
      </testcase>
      <testcase name="Test Cases/Prototyp_Filialsuche (RC 18)/47_Testfall" classname="Test Cases/Prototyp_Filialsuche (RC 18)/47_Testfall" status="PASSED">
         <system-out><![CDATA[2018-03-13 11:07:28 - [TEST_CASE][PASSED] - Test Cases/Prototyp_Filialsuche (RC 18)/47_Testfall: Test Cases/Prototyp_Filialsuche (RC 18)/47_Testfall

2018-03-13 11:07:28 - [TEST_STEP][PASSED] - openBrowser: Browser is opened with url: ''

2018-03-13 11:07:30 - [MESSAGE][PASSED] - Browser is opened with url: ''

2018-03-13 11:07:30 - [TEST_STEP][PASSED] - maximizeWindow: Current window maximized

2018-03-13 11:07:31 - [MESSAGE][PASSED] - Current window maximized

2018-03-13 11:07:31 - [TEST_STEP][PASSED] - deleteAllCookies: Delete all cookies successfully

2018-03-13 11:07:31 - [MESSAGE][PASSED] - Delete all cookies successfully

2018-03-13 11:07:31 - [TEST_STEP][PASSED] - navigateToUrl: Navigate to 'http://rc-ogrhtmlprototyp.testintern/18-1-0/filialsuche-textinput.html' successfully

2018-03-13 11:07:32 - [MESSAGE][PASSED] - Navigate to 'http://rc-ogrhtmlprototyp.testintern/18-1-0/filialsuche-textinput.html' successfully

2018-03-13 11:07:32 - [TEST_STEP][PASSED] - delay: Delayed 5 second(s)

2018-03-13 11:07:37 - [MESSAGE][PASSED] - Delayed 5 second(s)

2018-03-13 11:07:37 - [TEST_STEP][PASSED] - setText: Text 'Berlin' is set on object 'Object Repository/OGRPrototypFilialsuche - Berlin Zentrum/input_city'

2018-03-13 11:07:37 - [MESSAGE][PASSED] - Text 'Berlin' is set on object 'Object Repository/OGRPrototypFilialsuche - Berlin Zentrum/input_city'

2018-03-13 11:07:37 - [TEST_STEP][PASSED] - sendKeys: Keys 'ENTER + ' sent to object: 'Object Repository/OGRPrototypFilialsuche - Berlin Zentrum/input_city'

2018-03-13 11:07:37 - [MESSAGE][PASSED] - Keys 'ENTER + ' sent to object: 'Object Repository/OGRPrototypFilialsuche - Berlin Zentrum/input_city'

2018-03-13 11:07:37 - [TEST_STEP][PASSED] - delay: Delayed 5 second(s)

2018-03-13 11:07:42 - [MESSAGE][PASSED] - Delayed 5 second(s)

2018-03-13 11:07:42 - [TEST_STEP][PASSED] - verifyElementText: Actual text and expected text of test object 'Object Repository/OGRPrototypFilialsuche - Berlin Zentrum/01ErgebnisText' are matched.

2018-03-13 11:07:42 - [MESSAGE][PASSED] - Actual text and expected text of test object 'Object Repository/OGRPrototypFilialsuche - Berlin Zentrum/01ErgebnisText' are matched.

2018-03-13 11:07:42 - [TEST_STEP][PASSED] - verifyElementText: Actual text and expected text of test object 'Object Repository/OGRPrototypFilialsuche - Berlin Zentrum/02ErgebnisText' are matched.

2018-03-13 11:07:42 - [MESSAGE][PASSED] - Actual text and expected text of test object 'Object Repository/OGRPrototypFilialsuche - Berlin Zentrum/02ErgebnisText' are matched.

2018-03-13 11:07:42 - [TEST_STEP][PASSED] - verifyElementText: Actual text and expected text of test object 'Object Repository/OGRPrototypFilialsuche - Berlin Zentrum/03ErgebnisTest' are matched.

2018-03-13 11:07:42 - [MESSAGE][PASSED] - Actual text and expected text of test object 'Object Repository/OGRPrototypFilialsuche - Berlin Zentrum/03ErgebnisTest' are matched.

2018-03-13 11:07:42 - [TEST_STEP][PASSED] - verifyElementText: Actual text and expected text of test object 'Object Repository/OGRPrototypFilialsuche - Berlin Zentrum/04ErgebnisTest' are matched.

2018-03-13 11:07:42 - [MESSAGE][PASSED] - Actual text and expected text of test object 'Object Repository/OGRPrototypFilialsuche - Berlin Zentrum/04ErgebnisTest' are matched.

2018-03-13 11:07:42 - [TEST_STEP][PASSED] - verifyElementText: Actual text and expected text of test object 'Object Repository/OGRPrototypFilialsuche - Berlin Zentrum/05ErgebnisTest' are matched.

2018-03-13 11:07:42 - [MESSAGE][PASSED] - Actual text and expected text of test object 'Object Repository/OGRPrototypFilialsuche - Berlin Zentrum/05ErgebnisTest' are matched.

2018-03-13 11:07:42 - [TEST_STEP][PASSED] - verifyElementText: Actual text and expected text of test object 'Object Repository/OGRPrototypFilialsuche - Berlin Zentrum/06ErgebnisTest' are matched.

2018-03-13 11:07:42 - [MESSAGE][PASSED] - Actual text and expected text of test object 'Object Repository/OGRPrototypFilialsuche - Berlin Zentrum/06ErgebnisTest' are matched.

2018-03-13 11:07:42 - [TEST_STEP][PASSED] - click: Object: 'Object Repository/naechsteSeite' is clicked on

2018-03-13 11:07:42 - [MESSAGE][PASSED] - Object: 'Object Repository/naechsteSeite' is clicked on

2018-03-13 11:07:42 - [TEST_STEP][PASSED] - delay: Delayed 2 second(s)

2018-03-13 11:07:44 - [MESSAGE][PASSED] - Delayed 2 second(s)

2018-03-13 11:07:44 - [TEST_STEP][PASSED] - verifyElementText: Actual text and expected text of test object 'Object Repository/OGRPrototypFilialsuche - Berlin Zentrum/07ErgebnisTest' are matched.

2018-03-13 11:07:45 - [MESSAGE][PASSED] - Actual text and expected text of test object 'Object Repository/OGRPrototypFilialsuche - Berlin Zentrum/07ErgebnisTest' are matched.

2018-03-13 11:07:45 - [TEST_STEP][PASSED] - verifyElementText: Actual text and expected text of test object 'Object Repository/OGRPrototypFilialsuche - Berlin Zentrum/08ErgebnisTest' are matched.

2018-03-13 11:07:45 - [MESSAGE][PASSED] - Actual text and expected text of test object 'Object Repository/OGRPrototypFilialsuche - Berlin Zentrum/08ErgebnisTest' are matched.

2018-03-13 11:07:45 - [TEST_STEP][PASSED] - verifyElementText: Actual text and expected text of test object 'Object Repository/OGRPrototypFilialsuche - Berlin Zentrum/09ErgebnisTest' are matched.

2018-03-13 11:07:45 - [MESSAGE][PASSED] - Actual text and expected text of test object 'Object Repository/OGRPrototypFilialsuche - Berlin Zentrum/09ErgebnisTest' are matched.

2018-03-13 11:07:45 - [TEST_STEP][PASSED] - verifyElementText: Actual text and expected text of test object 'Object Repository/OGRPrototypFilialsuche - Berlin Zentrum/10ErgebnisTest' are matched.

2018-03-13 11:07:45 - [MESSAGE][PASSED] - Actual text and expected text of test object 'Object Repository/OGRPrototypFilialsuche - Berlin Zentrum/10ErgebnisTest' are matched.

2018-03-13 11:07:45 - [TEST_STEP][PASSED] - verifyElementText: Actual text and expected text of test object 'Object Repository/OGRPrototypFilialsuche - Berlin Zentrum/11ErgebnisTest' are matched.

2018-03-13 11:07:45 - [MESSAGE][PASSED] - Actual text and expected text of test object 'Object Repository/OGRPrototypFilialsuche - Berlin Zentrum/11ErgebnisTest' are matched.

2018-03-13 11:07:45 - [TEST_STEP][PASSED] - verifyElementText: Actual text and expected text of test object 'Object Repository/OGRPrototypFilialsuche - Berlin Zentrum/12ErgebnisTest' are matched.

2018-03-13 11:07:45 - [MESSAGE][PASSED] - Actual text and expected text of test object 'Object Repository/OGRPrototypFilialsuche - Berlin Zentrum/12ErgebnisTest' are matched.

2018-03-13 11:07:45 - [TEST_STEP][PASSED] - click: Object: 'Object Repository/naechsteSeite' is clicked on

2018-03-13 11:07:45 - [MESSAGE][PASSED] - Object: 'Object Repository/naechsteSeite' is clicked on

2018-03-13 11:07:45 - [TEST_STEP][PASSED] - delay: Delayed 2 second(s)

2018-03-13 11:07:47 - [MESSAGE][PASSED] - Delayed 2 second(s)

2018-03-13 11:07:47 - [TEST_STEP][PASSED] - verifyElementText: Actual text and expected text of test object 'Object Repository/OGRPrototypFilialsuche - Berlin Zentrum/13ErgebnisTest' are matched.

2018-03-13 11:07:47 - [MESSAGE][PASSED] - Actual text and expected text of test object 'Object Repository/OGRPrototypFilialsuche - Berlin Zentrum/13ErgebnisTest' are matched.

2018-03-13 11:07:47 - [TEST_STEP][PASSED] - verifyElementText: Actual text and expected text of test object 'Object Repository/OGRPrototypFilialsuche - Berlin Zentrum/14ErgebnisTest' are matched.

2018-03-13 11:07:47 - [MESSAGE][PASSED] - Actual text and expected text of test object 'Object Repository/OGRPrototypFilialsuche - Berlin Zentrum/14ErgebnisTest' are matched.

2018-03-13 11:07:47 - [TEST_STEP][PASSED] - verifyElementText: Actual text and expected text of test object 'Object Repository/OGRPrototypFilialsuche - Berlin Zentrum/15ErgebnisTest' are matched.

2018-03-13 11:07:47 - [MESSAGE][PASSED] - Actual text and expected text of test object 'Object Repository/OGRPrototypFilialsuche - Berlin Zentrum/15ErgebnisTest' are matched.

2018-03-13 11:07:47 - [TEST_STEP][PASSED] - verifyElementText: Actual text and expected text of test object 'Object Repository/OGRPrototypFilialsuche - Berlin Zentrum/16ErgebnisTest' are matched.

2018-03-13 11:07:47 - [MESSAGE][PASSED] - Actual text and expected text of test object 'Object Repository/OGRPrototypFilialsuche - Berlin Zentrum/16ErgebnisTest' are matched.

2018-03-13 11:07:47 - [TEST_STEP][PASSED] - verifyElementText: Actual text and expected text of test object 'Object Repository/OGRPrototypFilialsuche - Berlin Zentrum/17ErgebnisTest' are matched.

2018-03-13 11:07:47 - [MESSAGE][PASSED] - Actual text and expected text of test object 'Object Repository/OGRPrototypFilialsuche - Berlin Zentrum/17ErgebnisTest' are matched.

2018-03-13 11:07:47 - [TEST_STEP][PASSED] - verifyElementText: Actual text and expected text of test object 'Object Repository/OGRPrototypFilialsuche - Berlin Zentrum/18ErgebnisTest' are matched.

2018-03-13 11:07:47 - [MESSAGE][PASSED] - Actual text and expected text of test object 'Object Repository/OGRPrototypFilialsuche - Berlin Zentrum/18ErgebnisTest' are matched.

2018-03-13 11:07:47 - [TEST_STEP][PASSED] - click: Object: 'Object Repository/naechsteSeite' is clicked on

2018-03-13 11:07:47 - [MESSAGE][PASSED] - Object: 'Object Repository/naechsteSeite' is clicked on

2018-03-13 11:07:47 - [TEST_STEP][PASSED] - delay: Delayed 2 second(s)

2018-03-13 11:07:49 - [MESSAGE][PASSED] - Delayed 2 second(s)

2018-03-13 11:07:49 - [TEST_STEP][PASSED] - verifyElementText: Actual text and expected text of test object 'Object Repository/OGRPrototypFilialsuche - Berlin Zentrum/19ErgebnisTest' are matched.

2018-03-13 11:07:49 - [MESSAGE][PASSED] - Actual text and expected text of test object 'Object Repository/OGRPrototypFilialsuche - Berlin Zentrum/19ErgebnisTest' are matched.

2018-03-13 11:07:49 - [TEST_STEP][PASSED] - verifyElementText: Actual text and expected text of test object 'Object Repository/OGRPrototypFilialsuche - Berlin Zentrum/20ErgebnisTest' are matched.

2018-03-13 11:07:49 - [MESSAGE][PASSED] - Actual text and expected text of test object 'Object Repository/OGRPrototypFilialsuche - Berlin Zentrum/20ErgebnisTest' are matched.

2018-03-13 11:07:49 - [TEST_STEP][PASSED] - verifyElementText: Actual text and expected text of test object 'Object Repository/OGRPrototypFilialsuche - Berlin Zentrum/21ErgebnisTest' are matched.

2018-03-13 11:07:49 - [MESSAGE][PASSED] - Actual text and expected text of test object 'Object Repository/OGRPrototypFilialsuche - Berlin Zentrum/21ErgebnisTest' are matched.

2018-03-13 11:07:49 - [TEST_STEP][PASSED] - verifyElementText: Actual text and expected text of test object 'Object Repository/OGRPrototypFilialsuche - Berlin Zentrum/22ErgebnisTest' are matched.

2018-03-13 11:07:49 - [MESSAGE][PASSED] - Actual text and expected text of test object 'Object Repository/OGRPrototypFilialsuche - Berlin Zentrum/22ErgebnisTest' are matched.

2018-03-13 11:07:49 - [TEST_STEP][PASSED] - verifyElementText: Actual text and expected text of test object 'Object Repository/OGRPrototypFilialsuche - Berlin Zentrum/23ErgebnisTest' are matched.

2018-03-13 11:07:49 - [MESSAGE][PASSED] - Actual text and expected text of test object 'Object Repository/OGRPrototypFilialsuche - Berlin Zentrum/23ErgebnisTest' are matched.

2018-03-13 11:07:49 - [TEST_STEP][PASSED] - verifyElementText: Actual text and expected text of test object 'Object Repository/OGRPrototypFilialsuche - Berlin Zentrum/24ErgebnisTest' are matched.

2018-03-13 11:07:49 - [MESSAGE][PASSED] - Actual text and expected text of test object 'Object Repository/OGRPrototypFilialsuche - Berlin Zentrum/24ErgebnisTest' are matched.

2018-03-13 11:07:49 - [TEST_STEP][PASSED] - click: Object: 'Object Repository/naechsteSeite' is clicked on

2018-03-13 11:07:49 - [MESSAGE][PASSED] - Object: 'Object Repository/naechsteSeite' is clicked on

2018-03-13 11:07:49 - [TEST_STEP][PASSED] - delay: Delayed 2 second(s)

2018-03-13 11:07:51 - [MESSAGE][PASSED] - Delayed 2 second(s)

2018-03-13 11:07:51 - [TEST_STEP][PASSED] - verifyElementText: Actual text and expected text of test object 'Object Repository/OGRPrototypFilialsuche - Berlin Zentrum/25ErgebnisTest' are matched.

2018-03-13 11:07:51 - [MESSAGE][PASSED] - Actual text and expected text of test object 'Object Repository/OGRPrototypFilialsuche - Berlin Zentrum/25ErgebnisTest' are matched.

2018-03-13 11:07:51 - [TEST_STEP][PASSED] - closeBrowser: Browser is closed

2018-03-13 11:07:52 - [MESSAGE][PASSED] - Browser is closed]]></system-out>
         <system-err><![CDATA[]]></system-err>
      </testcase>
      <testcase name="Test Cases/Prototyp_Filialsuche (RC 18)/48_Testfall" classname="Test Cases/Prototyp_Filialsuche (RC 18)/48_Testfall" status="PASSED">
         <system-out><![CDATA[2018-03-13 11:07:52 - [TEST_CASE][PASSED] - Test Cases/Prototyp_Filialsuche (RC 18)/48_Testfall: Test Cases/Prototyp_Filialsuche (RC 18)/48_Testfall

2018-03-13 11:07:52 - [TEST_STEP][PASSED] - openBrowser: Browser is opened with url: ''

2018-03-13 11:07:55 - [MESSAGE][PASSED] - Browser is opened with url: ''

2018-03-13 11:07:55 - [TEST_STEP][PASSED] - deleteAllCookies: Delete all cookies successfully

2018-03-13 11:07:55 - [MESSAGE][PASSED] - Delete all cookies successfully

2018-03-13 11:07:55 - [TEST_STEP][PASSED] - navigateToUrl: Navigate to 'http://rc-ogrhtmlprototyp.testintern/18-1-0/filialsuche-nuernberg.html' successfully

2018-03-13 11:07:56 - [MESSAGE][PASSED] - Navigate to 'http://rc-ogrhtmlprototyp.testintern/18-1-0/filialsuche-nuernberg.html' successfully

2018-03-13 11:07:56 - [TEST_STEP][PASSED] - delay: Delayed 5 second(s)

2018-03-13 11:08:01 - [MESSAGE][PASSED] - Delayed 5 second(s)

2018-03-13 11:08:01 - [TEST_STEP][PASSED] - verifyElementText: Actual text and expected text of test object 'Object Repository/OGRPrototypFilialsuche - DistanzNuernberg/01ErgebnisText' are matched.

2018-03-13 11:08:01 - [MESSAGE][PASSED] - Actual text and expected text of test object 'Object Repository/OGRPrototypFilialsuche - DistanzNuernberg/01ErgebnisText' are matched.

2018-03-13 11:08:01 - [TEST_STEP][PASSED] - verifyElementText: Actual text and expected text of test object 'Object Repository/OGRPrototypFilialsuche - DistanzNuernberg/02ErgebnisText' are matched.

2018-03-13 11:08:01 - [MESSAGE][PASSED] - Actual text and expected text of test object 'Object Repository/OGRPrototypFilialsuche - DistanzNuernberg/02ErgebnisText' are matched.

2018-03-13 11:08:01 - [TEST_STEP][PASSED] - verifyElementText: Actual text and expected text of test object 'Object Repository/OGRPrototypFilialsuche - DistanzNuernberg/03ErgebnisTest' are matched.

2018-03-13 11:08:01 - [MESSAGE][PASSED] - Actual text and expected text of test object 'Object Repository/OGRPrototypFilialsuche - DistanzNuernberg/03ErgebnisTest' are matched.

2018-03-13 11:08:01 - [TEST_STEP][PASSED] - verifyElementText: Actual text and expected text of test object 'Object Repository/OGRPrototypFilialsuche - DistanzNuernberg/04ErgebnisTest' are matched.

2018-03-13 11:08:01 - [MESSAGE][PASSED] - Actual text and expected text of test object 'Object Repository/OGRPrototypFilialsuche - DistanzNuernberg/04ErgebnisTest' are matched.

2018-03-13 11:08:01 - [TEST_STEP][PASSED] - verifyElementText: Actual text and expected text of test object 'Object Repository/OGRPrototypFilialsuche - DistanzNuernberg/05ErgebnisTest' are matched.

2018-03-13 11:08:01 - [MESSAGE][PASSED] - Actual text and expected text of test object 'Object Repository/OGRPrototypFilialsuche - DistanzNuernberg/05ErgebnisTest' are matched.

2018-03-13 11:08:01 - [TEST_STEP][PASSED] - verifyElementText: Actual text and expected text of test object 'Object Repository/OGRPrototypFilialsuche - DistanzNuernberg/06ErgebnisTest' are matched.

2018-03-13 11:08:01 - [MESSAGE][PASSED] - Actual text and expected text of test object 'Object Repository/OGRPrototypFilialsuche - DistanzNuernberg/06ErgebnisTest' are matched.

2018-03-13 11:08:01 - [TEST_STEP][PASSED] - click: Object: 'Object Repository/naechsteSeite' is clicked on

2018-03-13 11:08:01 - [MESSAGE][PASSED] - Object: 'Object Repository/naechsteSeite' is clicked on

2018-03-13 11:08:01 - [TEST_STEP][PASSED] - delay: Delayed 2 second(s)

2018-03-13 11:08:03 - [MESSAGE][PASSED] - Delayed 2 second(s)

2018-03-13 11:08:03 - [TEST_STEP][PASSED] - verifyElementText: Actual text and expected text of test object 'Object Repository/OGRPrototypFilialsuche - DistanzNuernberg/07ErgebnisTest' are matched.

2018-03-13 11:08:03 - [MESSAGE][PASSED] - Actual text and expected text of test object 'Object Repository/OGRPrototypFilialsuche - DistanzNuernberg/07ErgebnisTest' are matched.

2018-03-13 11:08:03 - [TEST_STEP][PASSED] - verifyElementText: Actual text and expected text of test object 'Object Repository/OGRPrototypFilialsuche - DistanzNuernberg/08ErgebnisTest' are matched.

2018-03-13 11:08:03 - [MESSAGE][PASSED] - Actual text and expected text of test object 'Object Repository/OGRPrototypFilialsuche - DistanzNuernberg/08ErgebnisTest' are matched.

2018-03-13 11:08:03 - [TEST_STEP][PASSED] - verifyElementText: Actual text and expected text of test object 'Object Repository/OGRPrototypFilialsuche - DistanzNuernberg/09ErgebnisTest' are matched.

2018-03-13 11:08:03 - [MESSAGE][PASSED] - Actual text and expected text of test object 'Object Repository/OGRPrototypFilialsuche - DistanzNuernberg/09ErgebnisTest' are matched.

2018-03-13 11:08:03 - [TEST_STEP][PASSED] - verifyElementText: Actual text and expected text of test object 'Object Repository/OGRPrototypFilialsuche - DistanzNuernberg/10ErgebnisTest' are matched.

2018-03-13 11:08:03 - [MESSAGE][PASSED] - Actual text and expected text of test object 'Object Repository/OGRPrototypFilialsuche - DistanzNuernberg/10ErgebnisTest' are matched.

2018-03-13 11:08:03 - [TEST_STEP][PASSED] - closeBrowser: Browser is closed

2018-03-13 11:08:03 - [MESSAGE][PASSED] - Browser is closed]]></system-out>
         <system-err><![CDATA[]]></system-err>
      </testcase>
      <testcase name="Test Cases/Prototyp_Filialsuche (RC 18)/49_Testfall" classname="Test Cases/Prototyp_Filialsuche (RC 18)/49_Testfall" status="FAILED">
         <failure type="FAILED" message="Verify element text of test object 'Object Repository/OGRPrototypFilialsuche - DistanzRotenburg/01ErgebnisTest' FAILED. (Root cause: Actual text 'VR-Bankverein Bad Hersfeld-Rotenburg eG SB-Stelle Autohof Süd' and expected text 'VR-Bankverein Bad Hersfeld-Rotenburg eG Filiale Bad Hersfeld' of test object 'Object Repository/OGRPrototypFilialsuche - DistanzRotenburg/01ErgebnisTest' are NOT matched.)"/>
         <system-out><![CDATA[2018-03-13 11:08:03 - [TEST_CASE][FAILED] - Test Cases/Prototyp_Filialsuche (RC 18)/49_Testfall: Test Cases/Prototyp_Filialsuche (RC 18)/49_Testfall FAILED because (of) Verify element text of test object 'Object Repository/OGRPrototypFilialsuche - DistanzRotenburg/01ErgebnisTest' FAILED. (Root cause: Actual text 'VR-Bankverein Bad Hersfeld-Rotenburg eG SB-Stelle Autohof Süd' and expected text 'VR-Bankverein Bad Hersfeld-Rotenburg eG Filiale Bad Hersfeld' of test object 'Object Repository/OGRPrototypFilialsuche - DistanzRotenburg/01ErgebnisTest' are NOT matched.)

2018-03-13 11:08:04 - [TEST_STEP][PASSED] - openBrowser: Browser is opened with url: ''

2018-03-13 11:08:06 - [MESSAGE][PASSED] - Browser is opened with url: ''

2018-03-13 11:08:06 - [TEST_STEP][PASSED] - maximizeWindow: Current window maximized

2018-03-13 11:08:06 - [MESSAGE][PASSED] - Current window maximized

2018-03-13 11:08:06 - [TEST_STEP][PASSED] - deleteAllCookies: Delete all cookies successfully

2018-03-13 11:08:06 - [MESSAGE][PASSED] - Delete all cookies successfully

2018-03-13 11:08:06 - [TEST_STEP][PASSED] - navigateToUrl: Navigate to 'http://rc-ogrhtmlprototyp.testintern/18-1-0/filialsuche-rotenburg.html' successfully

2018-03-13 11:08:08 - [MESSAGE][PASSED] - Navigate to 'http://rc-ogrhtmlprototyp.testintern/18-1-0/filialsuche-rotenburg.html' successfully

2018-03-13 11:08:08 - [TEST_STEP][PASSED] - delay: Delayed 5 second(s)

2018-03-13 11:08:13 - [MESSAGE][PASSED] - Delayed 5 second(s)

2018-03-13 11:08:13 - [TEST_STEP][FAILED] - verifyElementText: Verify element text of test object 'Object Repository/OGRPrototypFilialsuche - DistanzRotenburg/01ErgebnisTest' FAILED. (Root cause: Actual text 'VR-Bankverein Bad Hersfeld-Rotenburg eG SB-Stelle Autohof Süd' and expected text 'VR-Bankverein Bad Hersfeld-Rotenburg eG Filiale Bad Hersfeld' of test object 'Object Repository/OGRPrototypFilialsuche - DistanzRotenburg/01ErgebnisTest' are NOT matched.)

2018-03-13 11:08:13 - [MESSAGE][FAILED] - Actual text 'VR-Bankverein Bad Hersfeld-Rotenburg eG SB-Stelle Autohof Süd' and expected text 'VR-Bankverein Bad Hersfeld-Rotenburg eG Filiale Bad Hersfeld' of test object 'Object Repository/OGRPrototypFilialsuche - DistanzRotenburg/01ErgebnisTest' are NOT matched.
[[ATTACHMENT|C:\\Users\\lbut\\Downloads\\Prototyp1_12_03\\Prototyp1\\Reports\\Prototyp Filialsuche (RC18) 13_03_2018\\20180313_104446\\1520935693401.png]]

2018-03-13 11:08:13 - [MESSAGE][FAILED] - Verify element text of test object 'Object Repository/OGRPrototypFilialsuche - DistanzRotenburg/01ErgebnisTest' FAILED. (Root cause: Actual text 'VR-Bankverein Bad Hersfeld-Rotenburg eG SB-Stelle Autohof Süd' and expected text 'VR-Bankverein Bad Hersfeld-Rotenburg eG Filiale Bad Hersfeld' of test object 'Object Repository/OGRPrototypFilialsuche - DistanzRotenburg/01ErgebnisTest' are NOT matched.)
[[ATTACHMENT|C:\\Users\\lbut\\Downloads\\Prototyp1_12_03\\Prototyp1\\Reports\\Prototyp Filialsuche (RC18) 13_03_2018\\20180313_104446\\1520935693581.png]]]]></system-out>
         <system-err><![CDATA[2018-03-13 11:08:03 - [TEST_CASE][FAILED] - Test Cases/Prototyp_Filialsuche (RC 18)/49_Testfall: Test Cases/Prototyp_Filialsuche (RC 18)/49_Testfall FAILED because (of) Verify element text of test object 'Object Repository/OGRPrototypFilialsuche - DistanzRotenburg/01ErgebnisTest' FAILED. (Root cause: Actual text 'VR-Bankverein Bad Hersfeld-Rotenburg eG SB-Stelle Autohof Süd' and expected text 'VR-Bankverein Bad Hersfeld-Rotenburg eG Filiale Bad Hersfeld' of test object 'Object Repository/OGRPrototypFilialsuche - DistanzRotenburg/01ErgebnisTest' are NOT matched.)]]></system-err>
      </testcase>
      <testcase name="Test Cases/Prototyp_Filialsuche (RC 18)/50_Testfall" classname="Test Cases/Prototyp_Filialsuche (RC 18)/50_Testfall" status="PASSED">
         <system-out><![CDATA[2018-03-13 11:08:13 - [TEST_CASE][PASSED] - Test Cases/Prototyp_Filialsuche (RC 18)/50_Testfall: Test Cases/Prototyp_Filialsuche (RC 18)/50_Testfall

2018-03-13 11:08:13 - [TEST_STEP][PASSED] - openBrowser: Browser is opened with url: ''

2018-03-13 11:08:13 - [MESSAGE][WARNING] - A browser is already opened. Closing browser and opening a new one

2018-03-13 11:08:16 - [MESSAGE][PASSED] - Browser is opened with url: ''

2018-03-13 11:08:16 - [TEST_STEP][PASSED] - maximizeWindow: Current window maximized

2018-03-13 11:08:16 - [MESSAGE][PASSED] - Current window maximized

2018-03-13 11:08:16 - [TEST_STEP][PASSED] - deleteAllCookies: Delete all cookies successfully

2018-03-13 11:08:16 - [MESSAGE][PASSED] - Delete all cookies successfully

2018-03-13 11:08:16 - [TEST_STEP][PASSED] - navigateToUrl: Navigate to 'http://rc-ogrhtmlprototyp.testintern/18-1-0/filialsuche.html' successfully

2018-03-13 11:08:18 - [MESSAGE][PASSED] - Navigate to 'http://rc-ogrhtmlprototyp.testintern/18-1-0/filialsuche.html' successfully

2018-03-13 11:08:18 - [TEST_STEP][PASSED] - delay: Delayed 5 second(s)

2018-03-13 11:08:23 - [MESSAGE][PASSED] - Delayed 5 second(s)

2018-03-13 11:08:23 - [TEST_STEP][PASSED] - click: Object: 'Object Repository/03/Page_Filialsuche-rotenburg - BVR HT/svg_dropdown-icons' is clicked on

2018-03-13 11:08:23 - [MESSAGE][PASSED] - Object: 'Object Repository/03/Page_Filialsuche-rotenburg - BVR HT/svg_dropdown-icons' is clicked on

2018-03-13 11:08:23 - [TEST_STEP][PASSED] - delay: Delayed 2 second(s)

2018-03-13 11:08:25 - [MESSAGE][PASSED] - Delayed 2 second(s)

2018-03-13 11:08:25 - [TEST_STEP][PASSED] - mouseOver: Object: 'Object Repository/Belitz_option' is hovered

2018-03-13 11:08:25 - [MESSAGE][PASSED] - Object: 'Object Repository/Belitz_option' is hovered

2018-03-13 11:08:25 - [TEST_STEP][PASSED] - delay: Delayed 2 second(s)

2018-03-13 11:08:27 - [MESSAGE][PASSED] - Delayed 2 second(s)

2018-03-13 11:08:27 - [TEST_STEP][PASSED] - click: Object: 'Object Repository/Belitz_option' is clicked on

2018-03-13 11:08:27 - [MESSAGE][PASSED] - Object: 'Object Repository/Belitz_option' is clicked on

2018-03-13 11:08:27 - [TEST_STEP][PASSED] - delay: Delayed 2 second(s)

2018-03-13 11:08:29 - [MESSAGE][PASSED] - Delayed 2 second(s)

2018-03-13 11:08:29 - [TEST_STEP][PASSED] - verifyElementText: Actual text and expected text of test object 'Object Repository/OGRPrototypFilialsuche - Footer/01ErgebnisText' are matched.

2018-03-13 11:08:29 - [MESSAGE][PASSED] - Actual text and expected text of test object 'Object Repository/OGRPrototypFilialsuche - Footer/01ErgebnisText' are matched.

2018-03-13 11:08:29 - [TEST_STEP][PASSED] - verifyElementText: Actual text and expected text of test object 'Object Repository/OGRPrototypFilialsuche - Footer/02ErgebnisText' are matched.

2018-03-13 11:08:29 - [MESSAGE][PASSED] - Actual text and expected text of test object 'Object Repository/OGRPrototypFilialsuche - Footer/02ErgebnisText' are matched.

2018-03-13 11:08:29 - [TEST_STEP][PASSED] - verifyElementText: Actual text and expected text of test object 'Object Repository/OGRPrototypFilialsuche - Footer/03ErgebnisTest' are matched.

2018-03-13 11:08:29 - [MESSAGE][PASSED] - Actual text and expected text of test object 'Object Repository/OGRPrototypFilialsuche - Footer/03ErgebnisTest' are matched.

2018-03-13 11:08:29 - [TEST_STEP][PASSED] - verifyElementText: Actual text and expected text of test object 'Object Repository/OGRPrototypFilialsuche - Footer/04ErgebnisTest' are matched.

2018-03-13 11:08:29 - [MESSAGE][PASSED] - Actual text and expected text of test object 'Object Repository/OGRPrototypFilialsuche - Footer/04ErgebnisTest' are matched.

2018-03-13 11:08:29 - [TEST_STEP][PASSED] - verifyElementText: Actual text and expected text of test object 'Object Repository/OGRPrototypFilialsuche - Footer/05ErgebnisTest' are matched.

2018-03-13 11:08:29 - [MESSAGE][PASSED] - Actual text and expected text of test object 'Object Repository/OGRPrototypFilialsuche - Footer/05ErgebnisTest' are matched.

2018-03-13 11:08:29 - [TEST_STEP][PASSED] - verifyElementText: Actual text and expected text of test object 'Object Repository/OGRPrototypFilialsuche - Footer/06ErgebnisTest' are matched.

2018-03-13 11:08:29 - [MESSAGE][PASSED] - Actual text and expected text of test object 'Object Repository/OGRPrototypFilialsuche - Footer/06ErgebnisTest' are matched.

2018-03-13 11:08:29 - [TEST_STEP][PASSED] - click: Object: 'Object Repository/naechsteSeite' is clicked on

2018-03-13 11:08:29 - [MESSAGE][PASSED] - Object: 'Object Repository/naechsteSeite' is clicked on

2018-03-13 11:08:29 - [TEST_STEP][PASSED] - delay: Delayed 2 second(s)

2018-03-13 11:08:31 - [MESSAGE][PASSED] - Delayed 2 second(s)

2018-03-13 11:08:31 - [TEST_STEP][PASSED] - verifyElementText: Actual text and expected text of test object 'Object Repository/OGRPrototypFilialsuche - Footer/07ErgebnisTest' are matched.

2018-03-13 11:08:31 - [MESSAGE][PASSED] - Actual text and expected text of test object 'Object Repository/OGRPrototypFilialsuche - Footer/07ErgebnisTest' are matched.

2018-03-13 11:08:31 - [TEST_STEP][PASSED] - verifyElementText: Actual text and expected text of test object 'Object Repository/OGRPrototypFilialsuche - Footer/08ErgebnisTest' are matched.

2018-03-13 11:08:31 - [MESSAGE][PASSED] - Actual text and expected text of test object 'Object Repository/OGRPrototypFilialsuche - Footer/08ErgebnisTest' are matched.

2018-03-13 11:08:31 - [TEST_STEP][PASSED] - verifyElementText: Actual text and expected text of test object 'Object Repository/OGRPrototypFilialsuche - Footer/09ErgebnisTest' are matched.

2018-03-13 11:08:32 - [MESSAGE][PASSED] - Actual text and expected text of test object 'Object Repository/OGRPrototypFilialsuche - Footer/09ErgebnisTest' are matched.

2018-03-13 11:08:32 - [TEST_STEP][PASSED] - verifyElementText: Actual text and expected text of test object 'Object Repository/OGRPrototypFilialsuche - Footer/10ErgebnisTest' are matched.

2018-03-13 11:08:32 - [MESSAGE][PASSED] - Actual text and expected text of test object 'Object Repository/OGRPrototypFilialsuche - Footer/10ErgebnisTest' are matched.

2018-03-13 11:08:32 - [TEST_STEP][PASSED] - verifyElementText: Actual text and expected text of test object 'Object Repository/OGRPrototypFilialsuche - Footer/11ErgebnisTest' are matched.

2018-03-13 11:08:32 - [MESSAGE][PASSED] - Actual text and expected text of test object 'Object Repository/OGRPrototypFilialsuche - Footer/11ErgebnisTest' are matched.

2018-03-13 11:08:32 - [TEST_STEP][PASSED] - verifyElementText: Actual text and expected text of test object 'Object Repository/OGRPrototypFilialsuche - Footer/12ErgebnisTest' are matched.

2018-03-13 11:08:32 - [MESSAGE][PASSED] - Actual text and expected text of test object 'Object Repository/OGRPrototypFilialsuche - Footer/12ErgebnisTest' are matched.

2018-03-13 11:08:32 - [TEST_STEP][PASSED] - click: Object: 'Object Repository/naechsteSeite' is clicked on

2018-03-13 11:08:32 - [MESSAGE][PASSED] - Object: 'Object Repository/naechsteSeite' is clicked on

2018-03-13 11:08:32 - [TEST_STEP][PASSED] - verifyElementText: Actual text and expected text of test object 'Object Repository/OGRPrototypFilialsuche - Footer/13ErgebnisTest' are matched.

2018-03-13 11:08:32 - [MESSAGE][PASSED] - Actual text and expected text of test object 'Object Repository/OGRPrototypFilialsuche - Footer/13ErgebnisTest' are matched.

2018-03-13 11:08:32 - [TEST_STEP][PASSED] - verifyElementText: Actual text and expected text of test object 'Object Repository/OGRPrototypFilialsuche - Footer/14ErgebnisTest' are matched.

2018-03-13 11:08:32 - [MESSAGE][PASSED] - Actual text and expected text of test object 'Object Repository/OGRPrototypFilialsuche - Footer/14ErgebnisTest' are matched.

2018-03-13 11:08:32 - [TEST_STEP][PASSED] - verifyElementText: Actual text and expected text of test object 'Object Repository/OGRPrototypFilialsuche - Footer/15ErgebnisTest' are matched.

2018-03-13 11:08:32 - [MESSAGE][PASSED] - Actual text and expected text of test object 'Object Repository/OGRPrototypFilialsuche - Footer/15ErgebnisTest' are matched.

2018-03-13 11:08:32 - [TEST_STEP][PASSED] - verifyElementText: Actual text and expected text of test object 'Object Repository/OGRPrototypFilialsuche - Footer/16ErgebnisTest' are matched.

2018-03-13 11:08:32 - [MESSAGE][PASSED] - Actual text and expected text of test object 'Object Repository/OGRPrototypFilialsuche - Footer/16ErgebnisTest' are matched.

2018-03-13 11:08:32 - [TEST_STEP][PASSED] - verifyElementText: Actual text and expected text of test object 'Object Repository/OGRPrototypFilialsuche - Footer/17ErgebnisTest' are matched.

2018-03-13 11:08:32 - [MESSAGE][PASSED] - Actual text and expected text of test object 'Object Repository/OGRPrototypFilialsuche - Footer/17ErgebnisTest' are matched.

2018-03-13 11:08:32 - [TEST_STEP][PASSED] - verifyElementText: Actual text and expected text of test object 'Object Repository/OGRPrototypFilialsuche - Footer/18ErgebnisTest' are matched.

2018-03-13 11:08:32 - [MESSAGE][PASSED] - Actual text and expected text of test object 'Object Repository/OGRPrototypFilialsuche - Footer/18ErgebnisTest' are matched.

2018-03-13 11:08:32 - [TEST_STEP][PASSED] - click: Object: 'Object Repository/naechsteSeite' is clicked on

2018-03-13 11:08:32 - [MESSAGE][PASSED] - Object: 'Object Repository/naechsteSeite' is clicked on

2018-03-13 11:08:32 - [TEST_STEP][PASSED] - verifyElementText: Actual text and expected text of test object 'Object Repository/OGRPrototypFilialsuche - Footer/19ErgebnisTest' are matched.

2018-03-13 11:08:32 - [MESSAGE][PASSED] - Actual text and expected text of test object 'Object Repository/OGRPrototypFilialsuche - Footer/19ErgebnisTest' are matched.

2018-03-13 11:08:32 - [TEST_STEP][PASSED] - verifyElementText: Actual text and expected text of test object 'Object Repository/OGRPrototypFilialsuche - Footer/20ErgebnisTest' are matched.

2018-03-13 11:08:32 - [MESSAGE][PASSED] - Actual text and expected text of test object 'Object Repository/OGRPrototypFilialsuche - Footer/20ErgebnisTest' are matched.

2018-03-13 11:08:32 - [TEST_STEP][PASSED] - verifyElementText: Actual text and expected text of test object 'Object Repository/OGRPrototypFilialsuche - Footer/21ErgebnisTest' are matched.

2018-03-13 11:08:32 - [MESSAGE][PASSED] - Actual text and expected text of test object 'Object Repository/OGRPrototypFilialsuche - Footer/21ErgebnisTest' are matched.

2018-03-13 11:08:32 - [TEST_STEP][PASSED] - verifyElementText: Actual text and expected text of test object 'Object Repository/OGRPrototypFilialsuche - Footer/22ErgebnisTest' are matched.

2018-03-13 11:08:32 - [MESSAGE][PASSED] - Actual text and expected text of test object 'Object Repository/OGRPrototypFilialsuche - Footer/22ErgebnisTest' are matched.

2018-03-13 11:08:32 - [TEST_STEP][PASSED] - verifyElementText: Actual text and expected text of test object 'Object Repository/OGRPrototypFilialsuche - Footer/23ErgebnisTest' are matched.

2018-03-13 11:08:32 - [MESSAGE][PASSED] - Actual text and expected text of test object 'Object Repository/OGRPrototypFilialsuche - Footer/23ErgebnisTest' are matched.

2018-03-13 11:08:32 - [TEST_STEP][PASSED] - verifyElementText: Actual text and expected text of test object 'Object Repository/OGRPrototypFilialsuche - Footer/24ErgebnisTest' are matched.

2018-03-13 11:08:32 - [MESSAGE][PASSED] - Actual text and expected text of test object 'Object Repository/OGRPrototypFilialsuche - Footer/24ErgebnisTest' are matched.

2018-03-13 11:08:32 - [TEST_STEP][PASSED] - click: Object: 'Object Repository/naechsteSeite' is clicked on

2018-03-13 11:08:32 - [MESSAGE][PASSED] - Object: 'Object Repository/naechsteSeite' is clicked on

2018-03-13 11:08:32 - [TEST_STEP][PASSED] - delay: Delayed 2 second(s)

2018-03-13 11:08:34 - [MESSAGE][PASSED] - Delayed 2 second(s)

2018-03-13 11:08:34 - [TEST_STEP][PASSED] - verifyElementText: Actual text and expected text of test object 'Object Repository/OGRPrototypFilialsuche - Footer/25ErgebnisTest' are matched.

2018-03-13 11:08:34 - [MESSAGE][PASSED] - Actual text and expected text of test object 'Object Repository/OGRPrototypFilialsuche - Footer/25ErgebnisTest' are matched.

2018-03-13 11:08:34 - [TEST_STEP][PASSED] - verifyElementText: Actual text and expected text of test object 'Object Repository/OGRPrototypFilialsuche - Footer/26ErgebnisTest' are matched.

2018-03-13 11:08:34 - [MESSAGE][PASSED] - Actual text and expected text of test object 'Object Repository/OGRPrototypFilialsuche - Footer/26ErgebnisTest' are matched.

2018-03-13 11:08:34 - [TEST_STEP][PASSED] - verifyElementText: Actual text and expected text of test object 'Object Repository/OGRPrototypFilialsuche - Footer/27ErgebnisTest' are matched.

2018-03-13 11:08:34 - [MESSAGE][PASSED] - Actual text and expected text of test object 'Object Repository/OGRPrototypFilialsuche - Footer/27ErgebnisTest' are matched.

2018-03-13 11:08:34 - [TEST_STEP][PASSED] - verifyElementText: Actual text and expected text of test object 'Object Repository/OGRPrototypFilialsuche - Footer/28ErgebnisTest' are matched.

2018-03-13 11:08:34 - [MESSAGE][PASSED] - Actual text and expected text of test object 'Object Repository/OGRPrototypFilialsuche - Footer/28ErgebnisTest' are matched.

2018-03-13 11:08:34 - [TEST_STEP][PASSED] - verifyElementText: Actual text and expected text of test object 'Object Repository/OGRPrototypFilialsuche - Footer/29ErgebnisTest' are matched.

2018-03-13 11:08:34 - [MESSAGE][PASSED] - Actual text and expected text of test object 'Object Repository/OGRPrototypFilialsuche - Footer/29ErgebnisTest' are matched.

2018-03-13 11:08:34 - [TEST_STEP][PASSED] - verifyElementText: Actual text and expected text of test object 'Object Repository/OGRPrototypFilialsuche - Footer/30ErgebnisTest' are matched.

2018-03-13 11:08:35 - [MESSAGE][PASSED] - Actual text and expected text of test object 'Object Repository/OGRPrototypFilialsuche - Footer/30ErgebnisTest' are matched.

2018-03-13 11:08:35 - [TEST_STEP][PASSED] - click: Object: 'Object Repository/naechsteSeite' is clicked on

2018-03-13 11:08:35 - [MESSAGE][PASSED] - Object: 'Object Repository/naechsteSeite' is clicked on

2018-03-13 11:08:35 - [TEST_STEP][PASSED] - delay: Delayed 2 second(s)

2018-03-13 11:08:37 - [MESSAGE][PASSED] - Delayed 2 second(s)

2018-03-13 11:08:37 - [TEST_STEP][PASSED] - verifyElementText: Actual text and expected text of test object 'Object Repository/OGRPrototypFilialsuche - Footer/31ErgebnisTest' are matched.

2018-03-13 11:08:37 - [MESSAGE][PASSED] - Actual text and expected text of test object 'Object Repository/OGRPrototypFilialsuche - Footer/31ErgebnisTest' are matched.

2018-03-13 11:08:37 - [TEST_STEP][PASSED] - verifyElementText: Actual text and expected text of test object 'Object Repository/OGRPrototypFilialsuche - Footer/32ErgebnisTest' are matched.

2018-03-13 11:08:37 - [MESSAGE][PASSED] - Actual text and expected text of test object 'Object Repository/OGRPrototypFilialsuche - Footer/32ErgebnisTest' are matched.

2018-03-13 11:08:37 - [TEST_STEP][PASSED] - verifyElementText: Actual text and expected text of test object 'Object Repository/OGRPrototypFilialsuche - Footer/33ErgebnisTest' are matched.

2018-03-13 11:08:37 - [MESSAGE][PASSED] - Actual text and expected text of test object 'Object Repository/OGRPrototypFilialsuche - Footer/33ErgebnisTest' are matched.

2018-03-13 11:08:37 - [TEST_STEP][PASSED] - verifyElementText: Actual text and expected text of test object 'Object Repository/OGRPrototypFilialsuche - Footer/34ErgebnisTest' are matched.

2018-03-13 11:08:37 - [MESSAGE][PASSED] - Actual text and expected text of test object 'Object Repository/OGRPrototypFilialsuche - Footer/34ErgebnisTest' are matched.

2018-03-13 11:08:37 - [TEST_STEP][PASSED] - verifyElementText: Actual text and expected text of test object 'Object Repository/OGRPrototypFilialsuche - Footer/35ErgebnisTest' are matched.

2018-03-13 11:08:37 - [MESSAGE][PASSED] - Actual text and expected text of test object 'Object Repository/OGRPrototypFilialsuche - Footer/35ErgebnisTest' are matched.

2018-03-13 11:08:37 - [TEST_STEP][PASSED] - verifyElementText: Actual text and expected text of test object 'Object Repository/OGRPrototypFilialsuche - Footer/36ErgebnisTest' are matched.

2018-03-13 11:08:37 - [MESSAGE][PASSED] - Actual text and expected text of test object 'Object Repository/OGRPrototypFilialsuche - Footer/36ErgebnisTest' are matched.

2018-03-13 11:08:37 - [TEST_STEP][PASSED] - click: Object: 'Object Repository/naechsteSeite' is clicked on

2018-03-13 11:08:37 - [MESSAGE][PASSED] - Object: 'Object Repository/naechsteSeite' is clicked on

2018-03-13 11:08:37 - [TEST_STEP][PASSED] - delay: Delayed 2 second(s)

2018-03-13 11:08:39 - [MESSAGE][PASSED] - Delayed 2 second(s)

2018-03-13 11:08:39 - [TEST_STEP][PASSED] - verifyElementText: Actual text and expected text of test object 'Object Repository/OGRPrototypFilialsuche - Footer/37ErgebnisTest' are matched.

2018-03-13 11:08:39 - [MESSAGE][PASSED] - Actual text and expected text of test object 'Object Repository/OGRPrototypFilialsuche - Footer/37ErgebnisTest' are matched.

2018-03-13 11:08:39 - [TEST_STEP][PASSED] - closeBrowser: Browser is closed

2018-03-13 11:08:39 - [MESSAGE][PASSED] - Browser is closed]]></system-out>
         <system-err><![CDATA[]]></system-err>
      </testcase>
      <testcase name="Test Cases/Prototyp_Filialsuche (RC 18)/51_Testfall" classname="Test Cases/Prototyp_Filialsuche (RC 18)/51_Testfall" status="PASSED">
         <system-out><![CDATA[2018-03-13 11:08:39 - [TEST_CASE][PASSED] - Test Cases/Prototyp_Filialsuche (RC 18)/51_Testfall: Test Cases/Prototyp_Filialsuche (RC 18)/51_Testfall

2018-03-13 11:08:39 - [TEST_STEP][PASSED] - openBrowser: Browser is opened with url: ''

2018-03-13 11:08:42 - [MESSAGE][PASSED] - Browser is opened with url: ''

2018-03-13 11:08:42 - [TEST_STEP][PASSED] - maximizeWindow: Current window maximized

2018-03-13 11:08:42 - [MESSAGE][PASSED] - Current window maximized

2018-03-13 11:08:42 - [TEST_STEP][PASSED] - deleteAllCookies: Delete all cookies successfully

2018-03-13 11:08:42 - [MESSAGE][PASSED] - Delete all cookies successfully

2018-03-13 11:08:42 - [TEST_STEP][PASSED] - navigateToUrl: Navigate to 'http://rc-ogrhtmlprototyp.testintern/18-1-0/filialsuche.html' successfully

2018-03-13 11:08:44 - [MESSAGE][PASSED] - Navigate to 'http://rc-ogrhtmlprototyp.testintern/18-1-0/filialsuche.html' successfully

2018-03-13 11:08:44 - [TEST_STEP][PASSED] - delay: Delayed 5 second(s)

2018-03-13 11:08:49 - [MESSAGE][PASSED] - Delayed 5 second(s)

2018-03-13 11:08:49 - [TEST_STEP][PASSED] - verifyElementText: Actual text and expected text of test object 'Object Repository/OGRPrototypFiliasuche - DistanzZentralbank/01ErgebnisText' are matched.

2018-03-13 11:08:49 - [MESSAGE][PASSED] - Actual text and expected text of test object 'Object Repository/OGRPrototypFiliasuche - DistanzZentralbank/01ErgebnisText' are matched.

2018-03-13 11:08:49 - [TEST_STEP][PASSED] - verifyElementText: Actual text and expected text of test object 'Object Repository/OGRPrototypFiliasuche - DistanzZentralbank/02ErgebnisText' are matched.

2018-03-13 11:08:49 - [MESSAGE][PASSED] - Actual text and expected text of test object 'Object Repository/OGRPrototypFiliasuche - DistanzZentralbank/02ErgebnisText' are matched.

2018-03-13 11:08:49 - [TEST_STEP][PASSED] - verifyElementText: Actual text and expected text of test object 'Object Repository/OGRPrototypFiliasuche - DistanzZentralbank/03ErgebnisTest' are matched.

2018-03-13 11:08:49 - [MESSAGE][PASSED] - Actual text and expected text of test object 'Object Repository/OGRPrototypFiliasuche - DistanzZentralbank/03ErgebnisTest' are matched.

2018-03-13 11:08:49 - [TEST_STEP][PASSED] - verifyElementText: Actual text and expected text of test object 'Object Repository/OGRPrototypFiliasuche - DistanzZentralbank/04ErgebnisTest' are matched.

2018-03-13 11:08:49 - [MESSAGE][PASSED] - Actual text and expected text of test object 'Object Repository/OGRPrototypFiliasuche - DistanzZentralbank/04ErgebnisTest' are matched.

2018-03-13 11:08:49 - [TEST_STEP][PASSED] - verifyElementText: Actual text and expected text of test object 'Object Repository/OGRPrototypFiliasuche - DistanzZentralbank/05ErgebnisTest' are matched.

2018-03-13 11:08:49 - [MESSAGE][PASSED] - Actual text and expected text of test object 'Object Repository/OGRPrototypFiliasuche - DistanzZentralbank/05ErgebnisTest' are matched.

2018-03-13 11:08:49 - [TEST_STEP][PASSED] - verifyElementText: Actual text and expected text of test object 'Object Repository/OGRPrototypFiliasuche - DistanzZentralbank/06ErgebnisTest' are matched.

2018-03-13 11:08:49 - [MESSAGE][PASSED] - Actual text and expected text of test object 'Object Repository/OGRPrototypFiliasuche - DistanzZentralbank/06ErgebnisTest' are matched.

2018-03-13 11:08:49 - [TEST_STEP][PASSED] - click: Object: 'Object Repository/naechsteSeite' is clicked on

2018-03-13 11:08:49 - [MESSAGE][PASSED] - Object: 'Object Repository/naechsteSeite' is clicked on

2018-03-13 11:08:49 - [TEST_STEP][PASSED] - delay: Delayed 2 second(s)

2018-03-13 11:08:51 - [MESSAGE][PASSED] - Delayed 2 second(s)

2018-03-13 11:08:51 - [TEST_STEP][PASSED] - verifyElementText: Actual text and expected text of test object 'Object Repository/OGRPrototypFiliasuche - DistanzZentralbank/07ErgebnisTest' are matched.

2018-03-13 11:08:51 - [MESSAGE][PASSED] - Actual text and expected text of test object 'Object Repository/OGRPrototypFiliasuche - DistanzZentralbank/07ErgebnisTest' are matched.

2018-03-13 11:08:51 - [TEST_STEP][PASSED] - verifyElementText: Actual text and expected text of test object 'Object Repository/OGRPrototypFiliasuche - DistanzZentralbank/08ErgebnisTest' are matched.

2018-03-13 11:08:51 - [MESSAGE][PASSED] - Actual text and expected text of test object 'Object Repository/OGRPrototypFiliasuche - DistanzZentralbank/08ErgebnisTest' are matched.

2018-03-13 11:08:51 - [TEST_STEP][PASSED] - verifyElementText: Actual text and expected text of test object 'Object Repository/OGRPrototypFiliasuche - DistanzZentralbank/09ErgebnisTest' are matched.

2018-03-13 11:08:51 - [MESSAGE][PASSED] - Actual text and expected text of test object 'Object Repository/OGRPrototypFiliasuche - DistanzZentralbank/09ErgebnisTest' are matched.

2018-03-13 11:08:51 - [TEST_STEP][PASSED] - verifyElementText: Actual text and expected text of test object 'Object Repository/OGRPrototypFiliasuche - DistanzZentralbank/10ErgebnisTest' are matched.

2018-03-13 11:08:51 - [MESSAGE][PASSED] - Actual text and expected text of test object 'Object Repository/OGRPrototypFiliasuche - DistanzZentralbank/10ErgebnisTest' are matched.

2018-03-13 11:08:51 - [TEST_STEP][PASSED] - verifyElementText: Actual text and expected text of test object 'Object Repository/OGRPrototypFiliasuche - DistanzZentralbank/11ErgebnisTest' are matched.

2018-03-13 11:08:51 - [MESSAGE][PASSED] - Actual text and expected text of test object 'Object Repository/OGRPrototypFiliasuche - DistanzZentralbank/11ErgebnisTest' are matched.

2018-03-13 11:08:51 - [TEST_STEP][PASSED] - verifyElementText: Actual text and expected text of test object 'Object Repository/OGRPrototypFiliasuche - DistanzZentralbank/12ErgebnisTest' are matched.

2018-03-13 11:08:51 - [MESSAGE][PASSED] - Actual text and expected text of test object 'Object Repository/OGRPrototypFiliasuche - DistanzZentralbank/12ErgebnisTest' are matched.

2018-03-13 11:08:51 - [TEST_STEP][PASSED] - click: Object: 'Object Repository/naechsteSeite' is clicked on

2018-03-13 11:08:51 - [MESSAGE][PASSED] - Object: 'Object Repository/naechsteSeite' is clicked on

2018-03-13 11:08:51 - [TEST_STEP][PASSED] - delay: Delayed 2 second(s)

2018-03-13 11:08:53 - [MESSAGE][PASSED] - Delayed 2 second(s)

2018-03-13 11:08:53 - [TEST_STEP][PASSED] - verifyElementText: Actual text and expected text of test object 'Object Repository/OGRPrototypFiliasuche - DistanzZentralbank/13ErgebnisTest' are matched.

2018-03-13 11:08:53 - [MESSAGE][PASSED] - Actual text and expected text of test object 'Object Repository/OGRPrototypFiliasuche - DistanzZentralbank/13ErgebnisTest' are matched.

2018-03-13 11:08:53 - [TEST_STEP][PASSED] - verifyElementText: Actual text and expected text of test object 'Object Repository/OGRPrototypFiliasuche - DistanzZentralbank/14ErgebnisTest' are matched.

2018-03-13 11:08:53 - [MESSAGE][PASSED] - Actual text and expected text of test object 'Object Repository/OGRPrototypFiliasuche - DistanzZentralbank/14ErgebnisTest' are matched.

2018-03-13 11:08:53 - [TEST_STEP][PASSED] - verifyElementText: Actual text and expected text of test object 'Object Repository/OGRPrototypFiliasuche - DistanzZentralbank/15ErgebnisTest' are matched.

2018-03-13 11:08:53 - [MESSAGE][PASSED] - Actual text and expected text of test object 'Object Repository/OGRPrototypFiliasuche - DistanzZentralbank/15ErgebnisTest' are matched.

2018-03-13 11:08:53 - [TEST_STEP][PASSED] - verifyElementText: Actual text and expected text of test object 'Object Repository/OGRPrototypFiliasuche - DistanzZentralbank/16ErgebnisTest' are matched.

2018-03-13 11:08:53 - [MESSAGE][PASSED] - Actual text and expected text of test object 'Object Repository/OGRPrototypFiliasuche - DistanzZentralbank/16ErgebnisTest' are matched.

2018-03-13 11:08:53 - [TEST_STEP][PASSED] - verifyElementText: Actual text and expected text of test object 'Object Repository/OGRPrototypFiliasuche - DistanzZentralbank/17ErgebnisTest' are matched.

2018-03-13 11:08:53 - [MESSAGE][PASSED] - Actual text and expected text of test object 'Object Repository/OGRPrototypFiliasuche - DistanzZentralbank/17ErgebnisTest' are matched.

2018-03-13 11:08:53 - [TEST_STEP][PASSED] - verifyElementText: Actual text and expected text of test object 'Object Repository/OGRPrototypFiliasuche - DistanzZentralbank/18ErgebnisTest' are matched.

2018-03-13 11:08:53 - [MESSAGE][PASSED] - Actual text and expected text of test object 'Object Repository/OGRPrototypFiliasuche - DistanzZentralbank/18ErgebnisTest' are matched.

2018-03-13 11:08:53 - [TEST_STEP][PASSED] - click: Object: 'Object Repository/naechsteSeite' is clicked on

2018-03-13 11:08:54 - [MESSAGE][PASSED] - Object: 'Object Repository/naechsteSeite' is clicked on

2018-03-13 11:08:54 - [TEST_STEP][PASSED] - delay: Delayed 2 second(s)

2018-03-13 11:08:56 - [MESSAGE][PASSED] - Delayed 2 second(s)

2018-03-13 11:08:56 - [TEST_STEP][PASSED] - verifyElementText: Actual text and expected text of test object 'Object Repository/OGRPrototypFiliasuche - DistanzZentralbank/19ErgebnisTest' are matched.

2018-03-13 11:08:56 - [MESSAGE][PASSED] - Actual text and expected text of test object 'Object Repository/OGRPrototypFiliasuche - DistanzZentralbank/19ErgebnisTest' are matched.

2018-03-13 11:08:56 - [TEST_STEP][PASSED] - verifyElementText: Actual text and expected text of test object 'Object Repository/OGRPrototypFiliasuche - DistanzZentralbank/20ErgebnisTest' are matched.

2018-03-13 11:08:56 - [MESSAGE][PASSED] - Actual text and expected text of test object 'Object Repository/OGRPrototypFiliasuche - DistanzZentralbank/20ErgebnisTest' are matched.

2018-03-13 11:08:56 - [TEST_STEP][PASSED] - verifyElementText: Actual text and expected text of test object 'Object Repository/OGRPrototypFiliasuche - DistanzZentralbank/21ErgebnisTest' are matched.

2018-03-13 11:08:56 - [MESSAGE][PASSED] - Actual text and expected text of test object 'Object Repository/OGRPrototypFiliasuche - DistanzZentralbank/21ErgebnisTest' are matched.

2018-03-13 11:08:56 - [TEST_STEP][PASSED] - verifyElementText: Actual text and expected text of test object 'Object Repository/OGRPrototypFiliasuche - DistanzZentralbank/22ErgebnisTest' are matched.

2018-03-13 11:08:56 - [MESSAGE][PASSED] - Actual text and expected text of test object 'Object Repository/OGRPrototypFiliasuche - DistanzZentralbank/22ErgebnisTest' are matched.

2018-03-13 11:08:56 - [TEST_STEP][PASSED] - verifyElementText: Actual text and expected text of test object 'Object Repository/OGRPrototypFiliasuche - DistanzZentralbank/23ErgebnisTest' are matched.

2018-03-13 11:08:56 - [MESSAGE][PASSED] - Actual text and expected text of test object 'Object Repository/OGRPrototypFiliasuche - DistanzZentralbank/23ErgebnisTest' are matched.

2018-03-13 11:08:56 - [TEST_STEP][PASSED] - verifyElementText: Actual text and expected text of test object 'Object Repository/OGRPrototypFiliasuche - DistanzZentralbank/24ErgebnisTest' are matched.

2018-03-13 11:08:56 - [MESSAGE][PASSED] - Actual text and expected text of test object 'Object Repository/OGRPrototypFiliasuche - DistanzZentralbank/24ErgebnisTest' are matched.

2018-03-13 11:08:56 - [TEST_STEP][PASSED] - click: Object: 'Object Repository/naechsteSeite' is clicked on

2018-03-13 11:08:56 - [MESSAGE][PASSED] - Object: 'Object Repository/naechsteSeite' is clicked on

2018-03-13 11:08:56 - [TEST_STEP][PASSED] - delay: Delayed 2 second(s)

2018-03-13 11:08:58 - [MESSAGE][PASSED] - Delayed 2 second(s)

2018-03-13 11:08:58 - [TEST_STEP][PASSED] - verifyElementText: Actual text and expected text of test object 'Object Repository/OGRPrototypFiliasuche - DistanzZentralbank/25ErgebnisTest' are matched.

2018-03-13 11:08:58 - [MESSAGE][PASSED] - Actual text and expected text of test object 'Object Repository/OGRPrototypFiliasuche - DistanzZentralbank/25ErgebnisTest' are matched.

2018-03-13 11:08:58 - [TEST_STEP][PASSED] - verifyElementText: Actual text and expected text of test object 'Object Repository/OGRPrototypFiliasuche - DistanzZentralbank/26ErgebnisTest' are matched.

2018-03-13 11:08:58 - [MESSAGE][PASSED] - Actual text and expected text of test object 'Object Repository/OGRPrototypFiliasuche - DistanzZentralbank/26ErgebnisTest' are matched.

2018-03-13 11:08:58 - [TEST_STEP][PASSED] - verifyElementText: Actual text and expected text of test object 'Object Repository/OGRPrototypFiliasuche - DistanzZentralbank/27ErgebnisTest' are matched.

2018-03-13 11:08:58 - [MESSAGE][PASSED] - Actual text and expected text of test object 'Object Repository/OGRPrototypFiliasuche - DistanzZentralbank/27ErgebnisTest' are matched.

2018-03-13 11:08:58 - [TEST_STEP][PASSED] - verifyElementText: Actual text and expected text of test object 'Object Repository/OGRPrototypFiliasuche - DistanzZentralbank/28ErgebnisTest' are matched.

2018-03-13 11:08:58 - [MESSAGE][PASSED] - Actual text and expected text of test object 'Object Repository/OGRPrototypFiliasuche - DistanzZentralbank/28ErgebnisTest' are matched.

2018-03-13 11:08:58 - [TEST_STEP][PASSED] - verifyElementText: Actual text and expected text of test object 'Object Repository/OGRPrototypFiliasuche - DistanzZentralbank/29ErgebnisTest' are matched.

2018-03-13 11:08:58 - [MESSAGE][PASSED] - Actual text and expected text of test object 'Object Repository/OGRPrototypFiliasuche - DistanzZentralbank/29ErgebnisTest' are matched.

2018-03-13 11:08:58 - [TEST_STEP][PASSED] - verifyElementText: Actual text and expected text of test object 'Object Repository/OGRPrototypFiliasuche - DistanzZentralbank/30ErgebnisTest' are matched.

2018-03-13 11:08:58 - [MESSAGE][PASSED] - Actual text and expected text of test object 'Object Repository/OGRPrototypFiliasuche - DistanzZentralbank/30ErgebnisTest' are matched.

2018-03-13 11:08:58 - [TEST_STEP][PASSED] - click: Object: 'Object Repository/naechsteSeite' is clicked on

2018-03-13 11:08:58 - [MESSAGE][PASSED] - Object: 'Object Repository/naechsteSeite' is clicked on

2018-03-13 11:08:58 - [TEST_STEP][PASSED] - delay: Delayed 2 second(s)

2018-03-13 11:09:00 - [MESSAGE][PASSED] - Delayed 2 second(s)

2018-03-13 11:09:00 - [TEST_STEP][PASSED] - verifyElementText: Actual text and expected text of test object 'Object Repository/OGRPrototypFiliasuche - DistanzZentralbank/31ErgebnisTest' are matched.

2018-03-13 11:09:00 - [MESSAGE][PASSED] - Actual text and expected text of test object 'Object Repository/OGRPrototypFiliasuche - DistanzZentralbank/31ErgebnisTest' are matched.

2018-03-13 11:09:00 - [TEST_STEP][PASSED] - verifyElementText: Actual text and expected text of test object 'Object Repository/OGRPrototypFiliasuche - DistanzZentralbank/32ErgebnisTest' are matched.

2018-03-13 11:09:00 - [MESSAGE][PASSED] - Actual text and expected text of test object 'Object Repository/OGRPrototypFiliasuche - DistanzZentralbank/32ErgebnisTest' are matched.

2018-03-13 11:09:00 - [TEST_STEP][PASSED] - verifyElementText: Actual text and expected text of test object 'Object Repository/OGRPrototypFiliasuche - DistanzZentralbank/33ErgebnisTest' are matched.

2018-03-13 11:09:00 - [MESSAGE][PASSED] - Actual text and expected text of test object 'Object Repository/OGRPrototypFiliasuche - DistanzZentralbank/33ErgebnisTest' are matched.

2018-03-13 11:09:00 - [TEST_STEP][PASSED] - verifyElementText: Actual text and expected text of test object 'Object Repository/OGRPrototypFiliasuche - DistanzZentralbank/34ErgebnisTest' are matched.

2018-03-13 11:09:00 - [MESSAGE][PASSED] - Actual text and expected text of test object 'Object Repository/OGRPrototypFiliasuche - DistanzZentralbank/34ErgebnisTest' are matched.

2018-03-13 11:09:00 - [TEST_STEP][PASSED] - verifyElementText: Actual text and expected text of test object 'Object Repository/OGRPrototypFiliasuche - DistanzZentralbank/35ErgebnisTest' are matched.

2018-03-13 11:09:00 - [MESSAGE][PASSED] - Actual text and expected text of test object 'Object Repository/OGRPrototypFiliasuche - DistanzZentralbank/35ErgebnisTest' are matched.

2018-03-13 11:09:00 - [TEST_STEP][PASSED] - verifyElementText: Actual text and expected text of test object 'Object Repository/OGRPrototypFiliasuche - DistanzZentralbank/36ErgebnisTest' are matched.

2018-03-13 11:09:00 - [MESSAGE][PASSED] - Actual text and expected text of test object 'Object Repository/OGRPrototypFiliasuche - DistanzZentralbank/36ErgebnisTest' are matched.

2018-03-13 11:09:00 - [TEST_STEP][PASSED] - click: Object: 'Object Repository/naechsteSeite' is clicked on

2018-03-13 11:09:01 - [MESSAGE][PASSED] - Object: 'Object Repository/naechsteSeite' is clicked on

2018-03-13 11:09:01 - [TEST_STEP][PASSED] - delay: Delayed 2 second(s)

2018-03-13 11:09:03 - [MESSAGE][PASSED] - Delayed 2 second(s)

2018-03-13 11:09:03 - [TEST_STEP][PASSED] - verifyElementText: Actual text and expected text of test object 'Object Repository/OGRPrototypFiliasuche - DistanzZentralbank/37ErgebnisTest' are matched.

2018-03-13 11:09:03 - [MESSAGE][PASSED] - Actual text and expected text of test object 'Object Repository/OGRPrototypFiliasuche - DistanzZentralbank/37ErgebnisTest' are matched.

2018-03-13 11:09:03 - [TEST_STEP][PASSED] - verifyElementText: Actual text and expected text of test object 'Object Repository/OGRPrototypFiliasuche - DistanzZentralbank/38ErgebnisTest' are matched.

2018-03-13 11:09:03 - [MESSAGE][PASSED] - Actual text and expected text of test object 'Object Repository/OGRPrototypFiliasuche - DistanzZentralbank/38ErgebnisTest' are matched.

2018-03-13 11:09:03 - [TEST_STEP][PASSED] - verifyElementText: Actual text and expected text of test object 'Object Repository/OGRPrototypFiliasuche - DistanzZentralbank/39ErgebnisTest' are matched.

2018-03-13 11:09:03 - [MESSAGE][PASSED] - Actual text and expected text of test object 'Object Repository/OGRPrototypFiliasuche - DistanzZentralbank/39ErgebnisTest' are matched.

2018-03-13 11:09:03 - [TEST_STEP][PASSED] - verifyElementText: Actual text and expected text of test object 'Object Repository/OGRPrototypFiliasuche - DistanzZentralbank/40ErgebnisTest' are matched.

2018-03-13 11:09:03 - [MESSAGE][PASSED] - Actual text and expected text of test object 'Object Repository/OGRPrototypFiliasuche - DistanzZentralbank/40ErgebnisTest' are matched.

2018-03-13 11:09:03 - [TEST_STEP][PASSED] - verifyElementText: Actual text and expected text of test object 'Object Repository/OGRPrototypFiliasuche - DistanzZentralbank/41ErgebnisTest' are matched.

2018-03-13 11:09:03 - [MESSAGE][PASSED] - Actual text and expected text of test object 'Object Repository/OGRPrototypFiliasuche - DistanzZentralbank/41ErgebnisTest' are matched.

2018-03-13 11:09:03 - [TEST_STEP][PASSED] - verifyElementText: Actual text and expected text of test object 'Object Repository/OGRPrototypFiliasuche - DistanzZentralbank/42ErgebnisTest' are matched.

2018-03-13 11:09:03 - [MESSAGE][PASSED] - Actual text and expected text of test object 'Object Repository/OGRPrototypFiliasuche - DistanzZentralbank/42ErgebnisTest' are matched.

2018-03-13 11:09:03 - [TEST_STEP][PASSED] - click: Object: 'Object Repository/naechsteSeite' is clicked on

2018-03-13 11:09:03 - [MESSAGE][PASSED] - Object: 'Object Repository/naechsteSeite' is clicked on

2018-03-13 11:09:03 - [TEST_STEP][PASSED] - delay: Delayed 2 second(s)

2018-03-13 11:09:05 - [MESSAGE][PASSED] - Delayed 2 second(s)

2018-03-13 11:09:05 - [TEST_STEP][PASSED] - verifyElementText: Actual text and expected text of test object 'Object Repository/OGRPrototypFiliasuche - DistanzZentralbank/43ErgebnisTest' are matched.

2018-03-13 11:09:05 - [MESSAGE][PASSED] - Actual text and expected text of test object 'Object Repository/OGRPrototypFiliasuche - DistanzZentralbank/43ErgebnisTest' are matched.

2018-03-13 11:09:05 - [TEST_STEP][PASSED] - verifyElementText: Actual text and expected text of test object 'Object Repository/OGRPrototypFiliasuche - DistanzZentralbank/44ErgebnisTest' are matched.

2018-03-13 11:09:05 - [MESSAGE][PASSED] - Actual text and expected text of test object 'Object Repository/OGRPrototypFiliasuche - DistanzZentralbank/44ErgebnisTest' are matched.

2018-03-13 11:09:05 - [TEST_STEP][PASSED] - verifyElementText: Actual text and expected text of test object 'Object Repository/OGRPrototypFiliasuche - DistanzZentralbank/45ErgebnisTest' are matched.

2018-03-13 11:09:05 - [MESSAGE][PASSED] - Actual text and expected text of test object 'Object Repository/OGRPrototypFiliasuche - DistanzZentralbank/45ErgebnisTest' are matched.

2018-03-13 11:09:05 - [TEST_STEP][PASSED] - verifyElementText: Actual text and expected text of test object 'Object Repository/OGRPrototypFiliasuche - DistanzZentralbank/46ErgebnisTest' are matched.

2018-03-13 11:09:05 - [MESSAGE][PASSED] - Actual text and expected text of test object 'Object Repository/OGRPrototypFiliasuche - DistanzZentralbank/46ErgebnisTest' are matched.

2018-03-13 11:09:05 - [TEST_STEP][PASSED] - verifyElementText: Actual text and expected text of test object 'Object Repository/OGRPrototypFiliasuche - DistanzZentralbank/47ErgebnisTest' are matched.

2018-03-13 11:09:05 - [MESSAGE][PASSED] - Actual text and expected text of test object 'Object Repository/OGRPrototypFiliasuche - DistanzZentralbank/47ErgebnisTest' are matched.

2018-03-13 11:09:05 - [TEST_STEP][PASSED] - verifyElementText: Actual text and expected text of test object 'Object Repository/OGRPrototypFiliasuche - DistanzZentralbank/48ErgebnisTest' are matched.

2018-03-13 11:09:05 - [MESSAGE][PASSED] - Actual text and expected text of test object 'Object Repository/OGRPrototypFiliasuche - DistanzZentralbank/48ErgebnisTest' are matched.

2018-03-13 11:09:05 - [TEST_STEP][PASSED] - click: Object: 'Object Repository/naechsteSeite' is clicked on

2018-03-13 11:09:05 - [MESSAGE][PASSED] - Object: 'Object Repository/naechsteSeite' is clicked on

2018-03-13 11:09:05 - [TEST_STEP][PASSED] - delay: Delayed 2 second(s)

2018-03-13 11:09:07 - [MESSAGE][PASSED] - Delayed 2 second(s)

2018-03-13 11:09:07 - [TEST_STEP][PASSED] - verifyElementText: Actual text and expected text of test object 'Object Repository/OGRPrototypFiliasuche - DistanzZentralbank/49ErgebnisTest' are matched.

2018-03-13 11:09:07 - [MESSAGE][PASSED] - Actual text and expected text of test object 'Object Repository/OGRPrototypFiliasuche - DistanzZentralbank/49ErgebnisTest' are matched.

2018-03-13 11:09:07 - [TEST_STEP][PASSED] - verifyElementText: Actual text and expected text of test object 'Object Repository/OGRPrototypFiliasuche - DistanzZentralbank/50ErgebnisTest' are matched.

2018-03-13 11:09:07 - [MESSAGE][PASSED] - Actual text and expected text of test object 'Object Repository/OGRPrototypFiliasuche - DistanzZentralbank/50ErgebnisTest' are matched.

2018-03-13 11:09:07 - [TEST_STEP][PASSED] - verifyElementText: Actual text and expected text of test object 'Object Repository/OGRPrototypFiliasuche - DistanzZentralbank/51ErgebnisTest' are matched.

2018-03-13 11:09:07 - [MESSAGE][PASSED] - Actual text and expected text of test object 'Object Repository/OGRPrototypFiliasuche - DistanzZentralbank/51ErgebnisTest' are matched.

2018-03-13 11:09:07 - [TEST_STEP][PASSED] - verifyElementText: Actual text and expected text of test object 'Object Repository/OGRPrototypFiliasuche - DistanzZentralbank/52ErgebnisTest' are matched.

2018-03-13 11:09:07 - [MESSAGE][PASSED] - Actual text and expected text of test object 'Object Repository/OGRPrototypFiliasuche - DistanzZentralbank/52ErgebnisTest' are matched.

2018-03-13 11:09:07 - [TEST_STEP][PASSED] - verifyElementText: Actual text and expected text of test object 'Object Repository/OGRPrototypFiliasuche - DistanzZentralbank/53ErgebnisTest' are matched.

2018-03-13 11:09:07 - [MESSAGE][PASSED] - Actual text and expected text of test object 'Object Repository/OGRPrototypFiliasuche - DistanzZentralbank/53ErgebnisTest' are matched.

2018-03-13 11:09:07 - [TEST_STEP][PASSED] - verifyElementText: Actual text and expected text of test object 'Object Repository/OGRPrototypFiliasuche - DistanzZentralbank/54ErgebnisTest' are matched.

2018-03-13 11:09:07 - [MESSAGE][PASSED] - Actual text and expected text of test object 'Object Repository/OGRPrototypFiliasuche - DistanzZentralbank/54ErgebnisTest' are matched.

2018-03-13 11:09:07 - [TEST_STEP][PASSED] - click: Object: 'Object Repository/naechsteSeite' is clicked on

2018-03-13 11:09:08 - [MESSAGE][PASSED] - Object: 'Object Repository/naechsteSeite' is clicked on

2018-03-13 11:09:08 - [TEST_STEP][PASSED] - delay: Delayed 2 second(s)

2018-03-13 11:09:10 - [MESSAGE][PASSED] - Delayed 2 second(s)

2018-03-13 11:09:10 - [TEST_STEP][PASSED] - verifyElementText: Actual text and expected text of test object 'Object Repository/OGRPrototypFiliasuche - DistanzZentralbank/55ErgebnisTest' are matched.

2018-03-13 11:09:10 - [MESSAGE][PASSED] - Actual text and expected text of test object 'Object Repository/OGRPrototypFiliasuche - DistanzZentralbank/55ErgebnisTest' are matched.

2018-03-13 11:09:10 - [TEST_STEP][PASSED] - verifyElementText: Actual text and expected text of test object 'Object Repository/OGRPrototypFiliasuche - DistanzZentralbank/56ErgebnisTest' are matched.

2018-03-13 11:09:10 - [MESSAGE][PASSED] - Actual text and expected text of test object 'Object Repository/OGRPrototypFiliasuche - DistanzZentralbank/56ErgebnisTest' are matched.

2018-03-13 11:09:10 - [TEST_STEP][PASSED] - verifyElementText: Actual text and expected text of test object 'Object Repository/OGRPrototypFiliasuche - DistanzZentralbank/57ErgebnisTest' are matched.

2018-03-13 11:09:10 - [MESSAGE][PASSED] - Actual text and expected text of test object 'Object Repository/OGRPrototypFiliasuche - DistanzZentralbank/57ErgebnisTest' are matched.

2018-03-13 11:09:10 - [TEST_STEP][PASSED] - verifyElementText: Actual text and expected text of test object 'Object Repository/OGRPrototypFiliasuche - DistanzZentralbank/58ErgebnisTest' are matched.

2018-03-13 11:09:10 - [MESSAGE][PASSED] - Actual text and expected text of test object 'Object Repository/OGRPrototypFiliasuche - DistanzZentralbank/58ErgebnisTest' are matched.

2018-03-13 11:09:10 - [TEST_STEP][PASSED] - verifyElementText: Actual text and expected text of test object 'Object Repository/OGRPrototypFiliasuche - DistanzZentralbank/59ErgebnisTest' are matched.

2018-03-13 11:09:10 - [MESSAGE][PASSED] - Actual text and expected text of test object 'Object Repository/OGRPrototypFiliasuche - DistanzZentralbank/59ErgebnisTest' are matched.

2018-03-13 11:09:10 - [TEST_STEP][PASSED] - verifyElementText: Actual text and expected text of test object 'Object Repository/OGRPrototypFiliasuche - DistanzZentralbank/60ErgebnisTest' are matched.

2018-03-13 11:09:10 - [MESSAGE][PASSED] - Actual text and expected text of test object 'Object Repository/OGRPrototypFiliasuche - DistanzZentralbank/60ErgebnisTest' are matched.

2018-03-13 11:09:10 - [TEST_STEP][PASSED] - click: Object: 'Object Repository/naechsteSeite' is clicked on

2018-03-13 11:09:10 - [MESSAGE][PASSED] - Object: 'Object Repository/naechsteSeite' is clicked on

2018-03-13 11:09:10 - [TEST_STEP][PASSED] - delay: Delayed 2 second(s)

2018-03-13 11:09:12 - [MESSAGE][PASSED] - Delayed 2 second(s)

2018-03-13 11:09:12 - [TEST_STEP][PASSED] - verifyElementText: Actual text and expected text of test object 'Object Repository/OGRPrototypFiliasuche - DistanzZentralbank/61ErgebnisTest' are matched.

2018-03-13 11:09:12 - [MESSAGE][PASSED] - Actual text and expected text of test object 'Object Repository/OGRPrototypFiliasuche - DistanzZentralbank/61ErgebnisTest' are matched.

2018-03-13 11:09:12 - [TEST_STEP][PASSED] - closeBrowser: Browser is closed

2018-03-13 11:09:12 - [MESSAGE][PASSED] - Browser is closed]]></system-out>
         <system-err><![CDATA[]]></system-err>
      </testcase>
      <testcase name="Test Cases/Prototyp_Filialsuche (RC 18)/52_Testfall" classname="Test Cases/Prototyp_Filialsuche (RC 18)/52_Testfall" status="PASSED">
         <system-out><![CDATA[2018-03-13 11:09:12 - [TEST_CASE][PASSED] - Test Cases/Prototyp_Filialsuche (RC 18)/52_Testfall: Test Cases/Prototyp_Filialsuche (RC 18)/52_Testfall

2018-03-13 11:09:12 - [TEST_STEP][PASSED] - openBrowser: Browser is opened with url: ''

2018-03-13 11:09:15 - [MESSAGE][PASSED] - Browser is opened with url: ''

2018-03-13 11:09:15 - [TEST_STEP][PASSED] - maximizeWindow: Current window maximized

2018-03-13 11:09:15 - [MESSAGE][PASSED] - Current window maximized

2018-03-13 11:09:15 - [TEST_STEP][PASSED] - deleteAllCookies: Delete all cookies successfully

2018-03-13 11:09:15 - [MESSAGE][PASSED] - Delete all cookies successfully

2018-03-13 11:09:15 - [TEST_STEP][PASSED] - navigateToUrl: Navigate to 'http://rc-ogrhtmlprototyp.testintern/18-1-0/home-6-filialsuche.html' successfully

2018-03-13 11:09:17 - [MESSAGE][PASSED] - Navigate to 'http://rc-ogrhtmlprototyp.testintern/18-1-0/home-6-filialsuche.html' successfully

2018-03-13 11:09:17 - [TEST_STEP][PASSED] - delay: Delayed 5 second(s)

2018-03-13 11:09:22 - [MESSAGE][PASSED] - Delayed 5 second(s)

2018-03-13 11:09:22 - [TEST_STEP][PASSED] - click: Object: 'Object Repository/OGRPrototypFilialsuche - Kontakt-Box/svg_dropdown-icons' is clicked on

2018-03-13 11:09:22 - [MESSAGE][PASSED] - Object: 'Object Repository/OGRPrototypFilialsuche - Kontakt-Box/svg_dropdown-icons' is clicked on

2018-03-13 11:09:22 - [TEST_STEP][PASSED] - delay: Delayed 2 second(s)

2018-03-13 11:09:24 - [MESSAGE][PASSED] - Delayed 2 second(s)

2018-03-13 11:09:24 - [TEST_STEP][PASSED] - mouseOver: Object: 'Object Repository/Belitz_option' is hovered

2018-03-13 11:09:24 - [MESSAGE][PASSED] - Object: 'Object Repository/Belitz_option' is hovered

2018-03-13 11:09:24 - [TEST_STEP][PASSED] - delay: Delayed 2 second(s)

2018-03-13 11:09:26 - [MESSAGE][PASSED] - Delayed 2 second(s)

2018-03-13 11:09:26 - [TEST_STEP][PASSED] - click: Object: 'Object Repository/Belitz_option' is clicked on

2018-03-13 11:09:26 - [MESSAGE][PASSED] - Object: 'Object Repository/Belitz_option' is clicked on

2018-03-13 11:09:26 - [TEST_STEP][PASSED] - delay: Delayed 4 second(s)

2018-03-13 11:09:30 - [MESSAGE][PASSED] - Delayed 4 second(s)

2018-03-13 11:09:30 - [TEST_STEP][PASSED] - verifyElementText: Actual text and expected text of test object 'Object Repository/OGRPrototypFilialsuche - Kontakt-Box/01ErgebnisText' are matched.

2018-03-13 11:09:30 - [MESSAGE][PASSED] - Actual text and expected text of test object 'Object Repository/OGRPrototypFilialsuche - Kontakt-Box/01ErgebnisText' are matched.

2018-03-13 11:09:30 - [TEST_STEP][PASSED] - verifyElementText: Actual text and expected text of test object 'Object Repository/OGRPrototypFilialsuche - Kontakt-Box/02ErgebnisText' are matched.

2018-03-13 11:09:30 - [MESSAGE][PASSED] - Actual text and expected text of test object 'Object Repository/OGRPrototypFilialsuche - Kontakt-Box/02ErgebnisText' are matched.

2018-03-13 11:09:30 - [TEST_STEP][PASSED] - verifyElementText: Actual text and expected text of test object 'Object Repository/OGRPrototypFilialsuche - Kontakt-Box/03ErgebnisTest' are matched.

2018-03-13 11:09:30 - [MESSAGE][PASSED] - Actual text and expected text of test object 'Object Repository/OGRPrototypFilialsuche - Kontakt-Box/03ErgebnisTest' are matched.

2018-03-13 11:09:30 - [TEST_STEP][PASSED] - verifyElementText: Actual text and expected text of test object 'Object Repository/OGRPrototypFilialsuche - Kontakt-Box/04ErgebnisTest' are matched.

2018-03-13 11:09:30 - [MESSAGE][PASSED] - Actual text and expected text of test object 'Object Repository/OGRPrototypFilialsuche - Kontakt-Box/04ErgebnisTest' are matched.

2018-03-13 11:09:30 - [TEST_STEP][PASSED] - verifyElementText: Actual text and expected text of test object 'Object Repository/OGRPrototypFilialsuche - Kontakt-Box/05ErgebnisTest' are matched.

2018-03-13 11:09:30 - [MESSAGE][PASSED] - Actual text and expected text of test object 'Object Repository/OGRPrototypFilialsuche - Kontakt-Box/05ErgebnisTest' are matched.

2018-03-13 11:09:30 - [TEST_STEP][PASSED] - verifyElementText: Actual text and expected text of test object 'Object Repository/OGRPrototypFilialsuche - Kontakt-Box/06ErgebnisTest' are matched.

2018-03-13 11:09:30 - [MESSAGE][PASSED] - Actual text and expected text of test object 'Object Repository/OGRPrototypFilialsuche - Kontakt-Box/06ErgebnisTest' are matched.

2018-03-13 11:09:30 - [TEST_STEP][PASSED] - click: Object: 'Object Repository/naechsteSeite' is clicked on

2018-03-13 11:09:31 - [MESSAGE][PASSED] - Object: 'Object Repository/naechsteSeite' is clicked on

2018-03-13 11:09:31 - [TEST_STEP][PASSED] - verifyElementText: Actual text and expected text of test object 'Object Repository/OGRPrototypFilialsuche - Kontakt-Box/07ErgebnisTest' are matched.

2018-03-13 11:09:31 - [MESSAGE][PASSED] - Actual text and expected text of test object 'Object Repository/OGRPrototypFilialsuche - Kontakt-Box/07ErgebnisTest' are matched.

2018-03-13 11:09:31 - [TEST_STEP][PASSED] - verifyElementText: Actual text and expected text of test object 'Object Repository/OGRPrototypFilialsuche - Kontakt-Box/08ErgebnisTest' are matched.

2018-03-13 11:09:31 - [MESSAGE][PASSED] - Actual text and expected text of test object 'Object Repository/OGRPrototypFilialsuche - Kontakt-Box/08ErgebnisTest' are matched.

2018-03-13 11:09:31 - [TEST_STEP][PASSED] - verifyElementText: Actual text and expected text of test object 'Object Repository/OGRPrototypFilialsuche - Kontakt-Box/09ErgebnisTest' are matched.

2018-03-13 11:09:31 - [MESSAGE][PASSED] - Actual text and expected text of test object 'Object Repository/OGRPrototypFilialsuche - Kontakt-Box/09ErgebnisTest' are matched.

2018-03-13 11:09:31 - [TEST_STEP][PASSED] - verifyElementText: Actual text and expected text of test object 'Object Repository/OGRPrototypFilialsuche - Kontakt-Box/10ErgebnisTest' are matched.

2018-03-13 11:09:31 - [MESSAGE][PASSED] - Actual text and expected text of test object 'Object Repository/OGRPrototypFilialsuche - Kontakt-Box/10ErgebnisTest' are matched.

2018-03-13 11:09:31 - [TEST_STEP][PASSED] - verifyElementText: Actual text and expected text of test object 'Object Repository/OGRPrototypFilialsuche - Kontakt-Box/11ErgebnisTest' are matched.

2018-03-13 11:09:31 - [MESSAGE][PASSED] - Actual text and expected text of test object 'Object Repository/OGRPrototypFilialsuche - Kontakt-Box/11ErgebnisTest' are matched.

2018-03-13 11:09:31 - [TEST_STEP][PASSED] - verifyElementText: Actual text and expected text of test object 'Object Repository/OGRPrototypFilialsuche - Kontakt-Box/12ErgebnisTest' are matched.

2018-03-13 11:09:31 - [MESSAGE][PASSED] - Actual text and expected text of test object 'Object Repository/OGRPrototypFilialsuche - Kontakt-Box/12ErgebnisTest' are matched.

2018-03-13 11:09:31 - [TEST_STEP][PASSED] - click: Object: 'Object Repository/naechsteSeite' is clicked on

2018-03-13 11:09:31 - [MESSAGE][PASSED] - Object: 'Object Repository/naechsteSeite' is clicked on

2018-03-13 11:09:31 - [TEST_STEP][PASSED] - verifyElementText: Actual text and expected text of test object 'Object Repository/OGRPrototypFilialsuche - Kontakt-Box/13ErgebnisTest' are matched.

2018-03-13 11:09:31 - [MESSAGE][PASSED] - Actual text and expected text of test object 'Object Repository/OGRPrototypFilialsuche - Kontakt-Box/13ErgebnisTest' are matched.

2018-03-13 11:09:31 - [TEST_STEP][PASSED] - verifyElementText: Actual text and expected text of test object 'Object Repository/OGRPrototypFilialsuche - Kontakt-Box/14ErgebnisTest' are matched.

2018-03-13 11:09:31 - [MESSAGE][PASSED] - Actual text and expected text of test object 'Object Repository/OGRPrototypFilialsuche - Kontakt-Box/14ErgebnisTest' are matched.

2018-03-13 11:09:31 - [TEST_STEP][PASSED] - verifyElementText: Actual text and expected text of test object 'Object Repository/OGRPrototypFilialsuche - Kontakt-Box/15ErgebnisTest' are matched.

2018-03-13 11:09:31 - [MESSAGE][PASSED] - Actual text and expected text of test object 'Object Repository/OGRPrototypFilialsuche - Kontakt-Box/15ErgebnisTest' are matched.

2018-03-13 11:09:31 - [TEST_STEP][PASSED] - verifyElementText: Actual text and expected text of test object 'Object Repository/OGRPrototypFilialsuche - Kontakt-Box/16ErgebnisTest' are matched.

2018-03-13 11:09:31 - [MESSAGE][PASSED] - Actual text and expected text of test object 'Object Repository/OGRPrototypFilialsuche - Kontakt-Box/16ErgebnisTest' are matched.

2018-03-13 11:09:31 - [TEST_STEP][PASSED] - verifyElementText: Actual text and expected text of test object 'Object Repository/OGRPrototypFilialsuche - Kontakt-Box/17ErgebnisTest' are matched.

2018-03-13 11:09:31 - [MESSAGE][PASSED] - Actual text and expected text of test object 'Object Repository/OGRPrototypFilialsuche - Kontakt-Box/17ErgebnisTest' are matched.

2018-03-13 11:09:31 - [TEST_STEP][PASSED] - verifyElementText: Actual text and expected text of test object 'Object Repository/OGRPrototypFilialsuche - Kontakt-Box/18ErgebnisTest' are matched.

2018-03-13 11:09:31 - [MESSAGE][PASSED] - Actual text and expected text of test object 'Object Repository/OGRPrototypFilialsuche - Kontakt-Box/18ErgebnisTest' are matched.

2018-03-13 11:09:31 - [TEST_STEP][PASSED] - click: Object: 'Object Repository/naechsteSeite' is clicked on

2018-03-13 11:09:31 - [MESSAGE][PASSED] - Object: 'Object Repository/naechsteSeite' is clicked on

2018-03-13 11:09:31 - [TEST_STEP][PASSED] - verifyElementText: Actual text and expected text of test object 'Object Repository/OGRPrototypFilialsuche - Kontakt-Box/19ErgebnisTest' are matched.

2018-03-13 11:09:31 - [MESSAGE][PASSED] - Actual text and expected text of test object 'Object Repository/OGRPrototypFilialsuche - Kontakt-Box/19ErgebnisTest' are matched.

2018-03-13 11:09:31 - [TEST_STEP][PASSED] - verifyElementText: Actual text and expected text of test object 'Object Repository/OGRPrototypFilialsuche - Kontakt-Box/20ErgebnisTest' are matched.

2018-03-13 11:09:31 - [MESSAGE][PASSED] - Actual text and expected text of test object 'Object Repository/OGRPrototypFilialsuche - Kontakt-Box/20ErgebnisTest' are matched.

2018-03-13 11:09:31 - [TEST_STEP][PASSED] - verifyElementText: Actual text and expected text of test object 'Object Repository/OGRPrototypFilialsuche - Kontakt-Box/21ErgebnisTest' are matched.

2018-03-13 11:09:31 - [MESSAGE][PASSED] - Actual text and expected text of test object 'Object Repository/OGRPrototypFilialsuche - Kontakt-Box/21ErgebnisTest' are matched.

2018-03-13 11:09:31 - [TEST_STEP][PASSED] - verifyElementText: Actual text and expected text of test object 'Object Repository/OGRPrototypFilialsuche - Kontakt-Box/22ErgebnisTest' are matched.

2018-03-13 11:09:31 - [MESSAGE][PASSED] - Actual text and expected text of test object 'Object Repository/OGRPrototypFilialsuche - Kontakt-Box/22ErgebnisTest' are matched.

2018-03-13 11:09:31 - [TEST_STEP][PASSED] - verifyElementText: Actual text and expected text of test object 'Object Repository/OGRPrototypFilialsuche - Kontakt-Box/23ErgebnisTest' are matched.

2018-03-13 11:09:32 - [MESSAGE][PASSED] - Actual text and expected text of test object 'Object Repository/OGRPrototypFilialsuche - Kontakt-Box/23ErgebnisTest' are matched.

2018-03-13 11:09:32 - [TEST_STEP][PASSED] - verifyElementText: Actual text and expected text of test object 'Object Repository/OGRPrototypFilialsuche - Kontakt-Box/24ErgebnisTest' are matched.

2018-03-13 11:09:32 - [MESSAGE][PASSED] - Actual text and expected text of test object 'Object Repository/OGRPrototypFilialsuche - Kontakt-Box/24ErgebnisTest' are matched.

2018-03-13 11:09:32 - [TEST_STEP][PASSED] - click: Object: 'Object Repository/naechsteSeite' is clicked on

2018-03-13 11:09:32 - [MESSAGE][PASSED] - Object: 'Object Repository/naechsteSeite' is clicked on

2018-03-13 11:09:32 - [TEST_STEP][PASSED] - verifyElementText: Actual text and expected text of test object 'Object Repository/OGRPrototypFilialsuche - Kontakt-Box/25ErgebnisTest' are matched.

2018-03-13 11:09:32 - [MESSAGE][PASSED] - Actual text and expected text of test object 'Object Repository/OGRPrototypFilialsuche - Kontakt-Box/25ErgebnisTest' are matched.

2018-03-13 11:09:32 - [TEST_STEP][PASSED] - verifyElementText: Actual text and expected text of test object 'Object Repository/OGRPrototypFilialsuche - Kontakt-Box/26ErgebnisTest' are matched.

2018-03-13 11:09:32 - [MESSAGE][PASSED] - Actual text and expected text of test object 'Object Repository/OGRPrototypFilialsuche - Kontakt-Box/26ErgebnisTest' are matched.

2018-03-13 11:09:32 - [TEST_STEP][PASSED] - verifyElementText: Actual text and expected text of test object 'Object Repository/OGRPrototypFilialsuche - Kontakt-Box/27ErgebnisTest' are matched.

2018-03-13 11:09:32 - [MESSAGE][PASSED] - Actual text and expected text of test object 'Object Repository/OGRPrototypFilialsuche - Kontakt-Box/27ErgebnisTest' are matched.

2018-03-13 11:09:32 - [TEST_STEP][PASSED] - verifyElementText: Actual text and expected text of test object 'Object Repository/OGRPrototypFilialsuche - Kontakt-Box/28ErgebnisTest' are matched.

2018-03-13 11:09:32 - [MESSAGE][PASSED] - Actual text and expected text of test object 'Object Repository/OGRPrototypFilialsuche - Kontakt-Box/28ErgebnisTest' are matched.

2018-03-13 11:09:32 - [TEST_STEP][PASSED] - verifyElementText: Actual text and expected text of test object 'Object Repository/OGRPrototypFilialsuche - Kontakt-Box/29ErgebnisTest' are matched.

2018-03-13 11:09:32 - [MESSAGE][PASSED] - Actual text and expected text of test object 'Object Repository/OGRPrototypFilialsuche - Kontakt-Box/29ErgebnisTest' are matched.

2018-03-13 11:09:32 - [TEST_STEP][PASSED] - verifyElementText: Actual text and expected text of test object 'Object Repository/OGRPrototypFilialsuche - Kontakt-Box/30ErgebnisTest' are matched.

2018-03-13 11:09:32 - [MESSAGE][PASSED] - Actual text and expected text of test object 'Object Repository/OGRPrototypFilialsuche - Kontakt-Box/30ErgebnisTest' are matched.

2018-03-13 11:09:32 - [TEST_STEP][PASSED] - click: Object: 'Object Repository/naechsteSeite' is clicked on

2018-03-13 11:09:32 - [MESSAGE][PASSED] - Object: 'Object Repository/naechsteSeite' is clicked on

2018-03-13 11:09:32 - [TEST_STEP][PASSED] - verifyElementText: Actual text and expected text of test object 'Object Repository/OGRPrototypFilialsuche - Kontakt-Box/31ErgebnisTest' are matched.

2018-03-13 11:09:32 - [MESSAGE][PASSED] - Actual text and expected text of test object 'Object Repository/OGRPrototypFilialsuche - Kontakt-Box/31ErgebnisTest' are matched.

2018-03-13 11:09:32 - [TEST_STEP][PASSED] - verifyElementText: Actual text and expected text of test object 'Object Repository/OGRPrototypFilialsuche - Kontakt-Box/32ErgebnisTest' are matched.

2018-03-13 11:09:32 - [MESSAGE][PASSED] - Actual text and expected text of test object 'Object Repository/OGRPrototypFilialsuche - Kontakt-Box/32ErgebnisTest' are matched.

2018-03-13 11:09:32 - [TEST_STEP][PASSED] - verifyElementText: Actual text and expected text of test object 'Object Repository/OGRPrototypFilialsuche - Kontakt-Box/33ErgebnisTest' are matched.

2018-03-13 11:09:32 - [MESSAGE][PASSED] - Actual text and expected text of test object 'Object Repository/OGRPrototypFilialsuche - Kontakt-Box/33ErgebnisTest' are matched.

2018-03-13 11:09:32 - [TEST_STEP][PASSED] - verifyElementText: Actual text and expected text of test object 'Object Repository/OGRPrototypFilialsuche - Kontakt-Box/34ErgebnisTest' are matched.

2018-03-13 11:09:32 - [MESSAGE][PASSED] - Actual text and expected text of test object 'Object Repository/OGRPrototypFilialsuche - Kontakt-Box/34ErgebnisTest' are matched.

2018-03-13 11:09:33 - [TEST_STEP][PASSED] - verifyElementText: Actual text and expected text of test object 'Object Repository/OGRPrototypFilialsuche - Kontakt-Box/35ErgebnisTest' are matched.

2018-03-13 11:09:33 - [MESSAGE][PASSED] - Actual text and expected text of test object 'Object Repository/OGRPrototypFilialsuche - Kontakt-Box/35ErgebnisTest' are matched.

2018-03-13 11:09:33 - [TEST_STEP][PASSED] - verifyElementText: Actual text and expected text of test object 'Object Repository/OGRPrototypFilialsuche - Kontakt-Box/36ErgebnisTest' are matched.

2018-03-13 11:09:33 - [MESSAGE][PASSED] - Actual text and expected text of test object 'Object Repository/OGRPrototypFilialsuche - Kontakt-Box/36ErgebnisTest' are matched.

2018-03-13 11:09:33 - [TEST_STEP][PASSED] - click: Object: 'Object Repository/naechsteSeite' is clicked on

2018-03-13 11:09:33 - [MESSAGE][PASSED] - Object: 'Object Repository/naechsteSeite' is clicked on

2018-03-13 11:09:33 - [TEST_STEP][PASSED] - verifyElementText: Actual text and expected text of test object 'Object Repository/OGRPrototypFilialsuche - Kontakt-Box/37ErgebnisTest' are matched.

2018-03-13 11:09:33 - [MESSAGE][PASSED] - Actual text and expected text of test object 'Object Repository/OGRPrototypFilialsuche - Kontakt-Box/37ErgebnisTest' are matched.

2018-03-13 11:09:33 - [TEST_STEP][PASSED] - closeBrowser: Browser is closed

2018-03-13 11:09:33 - [MESSAGE][PASSED] - Browser is closed]]></system-out>
         <system-err><![CDATA[]]></system-err>
      </testcase>
      <testcase name="Test Cases/Prototyp_Filialsuche (RC 18)/53_Testfall" classname="Test Cases/Prototyp_Filialsuche (RC 18)/53_Testfall" status="PASSED">
         <system-out><![CDATA[2018-03-13 11:09:33 - [TEST_CASE][PASSED] - Test Cases/Prototyp_Filialsuche (RC 18)/53_Testfall: Test Cases/Prototyp_Filialsuche (RC 18)/53_Testfall

2018-03-13 11:09:33 - [TEST_STEP][PASSED] - openBrowser: Browser is opened with url: ''

2018-03-13 11:09:37 - [MESSAGE][PASSED] - Browser is opened with url: ''

2018-03-13 11:09:37 - [TEST_STEP][PASSED] - maximizeWindow: Current window maximized

2018-03-13 11:09:37 - [MESSAGE][PASSED] - Current window maximized

2018-03-13 11:09:37 - [TEST_STEP][PASSED] - deleteAllCookies: Delete all cookies successfully

2018-03-13 11:09:37 - [MESSAGE][PASSED] - Delete all cookies successfully

2018-03-13 11:09:37 - [TEST_STEP][PASSED] - navigateToUrl: Navigate to 'http://rc-ogrhtmlprototyp.testintern/18-1-0/detail.html' successfully

2018-03-13 11:09:39 - [MESSAGE][PASSED] - Navigate to 'http://rc-ogrhtmlprototyp.testintern/18-1-0/detail.html' successfully

2018-03-13 11:09:39 - [TEST_STEP][PASSED] - delay: Delayed 5 second(s)

2018-03-13 11:09:44 - [MESSAGE][PASSED] - Delayed 5 second(s)

2018-03-13 11:09:44 - [TEST_STEP][PASSED] - click: Object: 'Object Repository/OGRPrototypFilialsuche - Marginalspalte/svg_dropdown-icons' is clicked on

2018-03-13 11:09:45 - [MESSAGE][PASSED] - Object: 'Object Repository/OGRPrototypFilialsuche - Marginalspalte/svg_dropdown-icons' is clicked on

2018-03-13 11:09:45 - [TEST_STEP][PASSED] - delay: Delayed 2 second(s)

2018-03-13 11:09:47 - [MESSAGE][PASSED] - Delayed 2 second(s)

2018-03-13 11:09:47 - [TEST_STEP][PASSED] - mouseOver: Object: 'Object Repository/Belitz_option' is hovered

2018-03-13 11:09:47 - [MESSAGE][PASSED] - Object: 'Object Repository/Belitz_option' is hovered

2018-03-13 11:09:47 - [TEST_STEP][PASSED] - delay: Delayed 2 second(s)

2018-03-13 11:09:49 - [MESSAGE][PASSED] - Delayed 2 second(s)

2018-03-13 11:09:49 - [TEST_STEP][PASSED] - click: Object: 'Object Repository/Belitz_option' is clicked on

2018-03-13 11:09:49 - [MESSAGE][PASSED] - Object: 'Object Repository/Belitz_option' is clicked on

2018-03-13 11:09:49 - [TEST_STEP][PASSED] - delay: Delayed 5 second(s)

2018-03-13 11:09:54 - [MESSAGE][PASSED] - Delayed 5 second(s)

2018-03-13 11:09:54 - [TEST_STEP][PASSED] - verifyElementText: Actual text and expected text of test object 'Object Repository/OGRPrototypFilialsuche - Marginalspalte/01ErgebnisText' are matched.

2018-03-13 11:09:54 - [MESSAGE][PASSED] - Actual text and expected text of test object 'Object Repository/OGRPrototypFilialsuche - Marginalspalte/01ErgebnisText' are matched.

2018-03-13 11:09:54 - [TEST_STEP][PASSED] - verifyElementText: Actual text and expected text of test object 'Object Repository/OGRPrototypFilialsuche - Marginalspalte/02ErgebnisText' are matched.

2018-03-13 11:09:54 - [MESSAGE][PASSED] - Actual text and expected text of test object 'Object Repository/OGRPrototypFilialsuche - Marginalspalte/02ErgebnisText' are matched.

2018-03-13 11:09:54 - [TEST_STEP][PASSED] - verifyElementText: Actual text and expected text of test object 'Object Repository/OGRPrototypFilialsuche - Marginalspalte/03ErgebnisTest' are matched.

2018-03-13 11:09:54 - [MESSAGE][PASSED] - Actual text and expected text of test object 'Object Repository/OGRPrototypFilialsuche - Marginalspalte/03ErgebnisTest' are matched.

2018-03-13 11:09:54 - [TEST_STEP][PASSED] - verifyElementText: Actual text and expected text of test object 'Object Repository/OGRPrototypFilialsuche - Marginalspalte/04ErgebnisTest' are matched.

2018-03-13 11:09:54 - [MESSAGE][PASSED] - Actual text and expected text of test object 'Object Repository/OGRPrototypFilialsuche - Marginalspalte/04ErgebnisTest' are matched.

2018-03-13 11:09:54 - [TEST_STEP][PASSED] - verifyElementText: Actual text and expected text of test object 'Object Repository/OGRPrototypFilialsuche - Marginalspalte/05ErgebnisTest' are matched.

2018-03-13 11:09:54 - [MESSAGE][PASSED] - Actual text and expected text of test object 'Object Repository/OGRPrototypFilialsuche - Marginalspalte/05ErgebnisTest' are matched.

2018-03-13 11:09:54 - [TEST_STEP][PASSED] - verifyElementText: Actual text and expected text of test object 'Object Repository/OGRPrototypFilialsuche - Marginalspalte/06ErgebnisTest' are matched.

2018-03-13 11:09:54 - [MESSAGE][PASSED] - Actual text and expected text of test object 'Object Repository/OGRPrototypFilialsuche - Marginalspalte/06ErgebnisTest' are matched.

2018-03-13 11:09:54 - [TEST_STEP][PASSED] - click: Object: 'Object Repository/naechsteSeite' is clicked on

2018-03-13 11:09:54 - [MESSAGE][PASSED] - Object: 'Object Repository/naechsteSeite' is clicked on

2018-03-13 11:09:54 - [TEST_STEP][PASSED] - verifyElementText: Actual text and expected text of test object 'Object Repository/OGRPrototypFilialsuche - Marginalspalte/07ErgebnisTest' are matched.

2018-03-13 11:09:54 - [MESSAGE][PASSED] - Actual text and expected text of test object 'Object Repository/OGRPrototypFilialsuche - Marginalspalte/07ErgebnisTest' are matched.

2018-03-13 11:09:54 - [TEST_STEP][PASSED] - verifyElementText: Actual text and expected text of test object 'Object Repository/OGRPrototypFilialsuche - Marginalspalte/08ErgebnisTest' are matched.

2018-03-13 11:09:54 - [MESSAGE][PASSED] - Actual text and expected text of test object 'Object Repository/OGRPrototypFilialsuche - Marginalspalte/08ErgebnisTest' are matched.

2018-03-13 11:09:54 - [TEST_STEP][PASSED] - verifyElementText: Actual text and expected text of test object 'Object Repository/OGRPrototypFilialsuche - Marginalspalte/09ErgebnisTest' are matched.

2018-03-13 11:09:54 - [MESSAGE][PASSED] - Actual text and expected text of test object 'Object Repository/OGRPrototypFilialsuche - Marginalspalte/09ErgebnisTest' are matched.

2018-03-13 11:09:54 - [TEST_STEP][PASSED] - verifyElementText: Actual text and expected text of test object 'Object Repository/OGRPrototypFilialsuche - Marginalspalte/10ErgebnisTest' are matched.

2018-03-13 11:09:54 - [MESSAGE][PASSED] - Actual text and expected text of test object 'Object Repository/OGRPrototypFilialsuche - Marginalspalte/10ErgebnisTest' are matched.

2018-03-13 11:09:54 - [TEST_STEP][PASSED] - verifyElementText: Actual text and expected text of test object 'Object Repository/OGRPrototypFilialsuche - Marginalspalte/11ErgebnisTest' are matched.

2018-03-13 11:09:54 - [MESSAGE][PASSED] - Actual text and expected text of test object 'Object Repository/OGRPrototypFilialsuche - Marginalspalte/11ErgebnisTest' are matched.

2018-03-13 11:09:54 - [TEST_STEP][PASSED] - verifyElementText: Actual text and expected text of test object 'Object Repository/OGRPrototypFilialsuche - Marginalspalte/12ErgebnisTest' are matched.

2018-03-13 11:09:54 - [MESSAGE][PASSED] - Actual text and expected text of test object 'Object Repository/OGRPrototypFilialsuche - Marginalspalte/12ErgebnisTest' are matched.

2018-03-13 11:09:55 - [TEST_STEP][PASSED] - click: Object: 'Object Repository/naechsteSeite' is clicked on

2018-03-13 11:09:55 - [MESSAGE][PASSED] - Object: 'Object Repository/naechsteSeite' is clicked on

2018-03-13 11:09:55 - [TEST_STEP][PASSED] - verifyElementText: Actual text and expected text of test object 'Object Repository/OGRPrototypFilialsuche - Marginalspalte/13ErgebnisTest' are matched.

2018-03-13 11:09:55 - [MESSAGE][PASSED] - Actual text and expected text of test object 'Object Repository/OGRPrototypFilialsuche - Marginalspalte/13ErgebnisTest' are matched.

2018-03-13 11:09:55 - [TEST_STEP][PASSED] - verifyElementText: Actual text and expected text of test object 'Object Repository/OGRPrototypFilialsuche - Marginalspalte/14ErgebnisTest' are matched.

2018-03-13 11:09:55 - [MESSAGE][PASSED] - Actual text and expected text of test object 'Object Repository/OGRPrototypFilialsuche - Marginalspalte/14ErgebnisTest' are matched.

2018-03-13 11:09:55 - [TEST_STEP][PASSED] - verifyElementText: Actual text and expected text of test object 'Object Repository/OGRPrototypFilialsuche - Marginalspalte/15ErgebnisTest' are matched.

2018-03-13 11:09:55 - [MESSAGE][PASSED] - Actual text and expected text of test object 'Object Repository/OGRPrototypFilialsuche - Marginalspalte/15ErgebnisTest' are matched.

2018-03-13 11:09:55 - [TEST_STEP][PASSED] - verifyElementText: Actual text and expected text of test object 'Object Repository/OGRPrototypFilialsuche - Marginalspalte/16ErgebnisTest' are matched.

2018-03-13 11:09:55 - [MESSAGE][PASSED] - Actual text and expected text of test object 'Object Repository/OGRPrototypFilialsuche - Marginalspalte/16ErgebnisTest' are matched.

2018-03-13 11:09:55 - [TEST_STEP][PASSED] - verifyElementText: Actual text and expected text of test object 'Object Repository/OGRPrototypFilialsuche - Marginalspalte/17ErgebnisTest' are matched.

2018-03-13 11:09:55 - [MESSAGE][PASSED] - Actual text and expected text of test object 'Object Repository/OGRPrototypFilialsuche - Marginalspalte/17ErgebnisTest' are matched.

2018-03-13 11:09:55 - [TEST_STEP][PASSED] - verifyElementText: Actual text and expected text of test object 'Object Repository/OGRPrototypFilialsuche - Marginalspalte/18ErgebnisTest' are matched.

2018-03-13 11:09:55 - [MESSAGE][PASSED] - Actual text and expected text of test object 'Object Repository/OGRPrototypFilialsuche - Marginalspalte/18ErgebnisTest' are matched.

2018-03-13 11:09:55 - [TEST_STEP][PASSED] - click: Object: 'Object Repository/naechsteSeite' is clicked on

2018-03-13 11:09:55 - [MESSAGE][PASSED] - Object: 'Object Repository/naechsteSeite' is clicked on

2018-03-13 11:09:55 - [TEST_STEP][PASSED] - verifyElementText: Actual text and expected text of test object 'Object Repository/OGRPrototypFilialsuche - Marginalspalte/19ErgebnisTest' are matched.

2018-03-13 11:09:55 - [MESSAGE][PASSED] - Actual text and expected text of test object 'Object Repository/OGRPrototypFilialsuche - Marginalspalte/19ErgebnisTest' are matched.

2018-03-13 11:09:55 - [TEST_STEP][PASSED] - verifyElementText: Actual text and expected text of test object 'Object Repository/OGRPrototypFilialsuche - Marginalspalte/20ErgebnisTest' are matched.

2018-03-13 11:09:55 - [MESSAGE][PASSED] - Actual text and expected text of test object 'Object Repository/OGRPrototypFilialsuche - Marginalspalte/20ErgebnisTest' are matched.

2018-03-13 11:09:55 - [TEST_STEP][PASSED] - verifyElementText: Actual text and expected text of test object 'Object Repository/OGRPrototypFilialsuche - Marginalspalte/21ErgebnisTest' are matched.

2018-03-13 11:09:55 - [MESSAGE][PASSED] - Actual text and expected text of test object 'Object Repository/OGRPrototypFilialsuche - Marginalspalte/21ErgebnisTest' are matched.

2018-03-13 11:09:55 - [TEST_STEP][PASSED] - verifyElementText: Actual text and expected text of test object 'Object Repository/OGRPrototypFilialsuche - Marginalspalte/22ErgebnisTest' are matched.

2018-03-13 11:09:55 - [MESSAGE][PASSED] - Actual text and expected text of test object 'Object Repository/OGRPrototypFilialsuche - Marginalspalte/22ErgebnisTest' are matched.

2018-03-13 11:09:55 - [TEST_STEP][PASSED] - verifyElementText: Actual text and expected text of test object 'Object Repository/OGRPrototypFilialsuche - Marginalspalte/23ErgebnisTest' are matched.

2018-03-13 11:09:55 - [MESSAGE][PASSED] - Actual text and expected text of test object 'Object Repository/OGRPrototypFilialsuche - Marginalspalte/23ErgebnisTest' are matched.

2018-03-13 11:09:55 - [TEST_STEP][PASSED] - verifyElementText: Actual text and expected text of test object 'Object Repository/OGRPrototypFilialsuche - Marginalspalte/24ErgebnisTest' are matched.

2018-03-13 11:09:55 - [MESSAGE][PASSED] - Actual text and expected text of test object 'Object Repository/OGRPrototypFilialsuche - Marginalspalte/24ErgebnisTest' are matched.

2018-03-13 11:09:55 - [TEST_STEP][PASSED] - click: Object: 'Object Repository/naechsteSeite' is clicked on

2018-03-13 11:09:56 - [MESSAGE][PASSED] - Object: 'Object Repository/naechsteSeite' is clicked on

2018-03-13 11:09:56 - [TEST_STEP][PASSED] - verifyElementText: Actual text and expected text of test object 'Object Repository/OGRPrototypFilialsuche - Marginalspalte/25ErgebnisTest' are matched.

2018-03-13 11:09:56 - [MESSAGE][PASSED] - Actual text and expected text of test object 'Object Repository/OGRPrototypFilialsuche - Marginalspalte/25ErgebnisTest' are matched.

2018-03-13 11:09:56 - [TEST_STEP][PASSED] - verifyElementText: Actual text and expected text of test object 'Object Repository/OGRPrototypFilialsuche - Marginalspalte/26ErgebnisTest' are matched.

2018-03-13 11:09:56 - [MESSAGE][PASSED] - Actual text and expected text of test object 'Object Repository/OGRPrototypFilialsuche - Marginalspalte/26ErgebnisTest' are matched.

2018-03-13 11:09:56 - [TEST_STEP][PASSED] - verifyElementText: Actual text and expected text of test object 'Object Repository/OGRPrototypFilialsuche - Marginalspalte/27ErgebnisTest' are matched.

2018-03-13 11:09:56 - [MESSAGE][PASSED] - Actual text and expected text of test object 'Object Repository/OGRPrototypFilialsuche - Marginalspalte/27ErgebnisTest' are matched.

2018-03-13 11:09:56 - [TEST_STEP][PASSED] - verifyElementText: Actual text and expected text of test object 'Object Repository/OGRPrototypFilialsuche - Marginalspalte/28ErgebnisTest' are matched.

2018-03-13 11:09:56 - [MESSAGE][PASSED] - Actual text and expected text of test object 'Object Repository/OGRPrototypFilialsuche - Marginalspalte/28ErgebnisTest' are matched.

2018-03-13 11:09:56 - [TEST_STEP][PASSED] - verifyElementText: Actual text and expected text of test object 'Object Repository/OGRPrototypFilialsuche - Marginalspalte/29ErgebnisTest' are matched.

2018-03-13 11:09:56 - [MESSAGE][PASSED] - Actual text and expected text of test object 'Object Repository/OGRPrototypFilialsuche - Marginalspalte/29ErgebnisTest' are matched.

2018-03-13 11:09:56 - [TEST_STEP][PASSED] - verifyElementText: Actual text and expected text of test object 'Object Repository/OGRPrototypFilialsuche - Marginalspalte/30ErgebnisTest' are matched.

2018-03-13 11:09:56 - [MESSAGE][PASSED] - Actual text and expected text of test object 'Object Repository/OGRPrototypFilialsuche - Marginalspalte/30ErgebnisTest' are matched.

2018-03-13 11:09:56 - [TEST_STEP][PASSED] - click: Object: 'Object Repository/naechsteSeite' is clicked on

2018-03-13 11:09:56 - [MESSAGE][PASSED] - Object: 'Object Repository/naechsteSeite' is clicked on

2018-03-13 11:09:56 - [TEST_STEP][PASSED] - verifyElementText: Actual text and expected text of test object 'Object Repository/OGRPrototypFilialsuche - Marginalspalte/31ErgebnisTest' are matched.

2018-03-13 11:09:56 - [MESSAGE][PASSED] - Actual text and expected text of test object 'Object Repository/OGRPrototypFilialsuche - Marginalspalte/31ErgebnisTest' are matched.

2018-03-13 11:09:56 - [TEST_STEP][PASSED] - verifyElementText: Actual text and expected text of test object 'Object Repository/OGRPrototypFilialsuche - Marginalspalte/32ErgebnisTest' are matched.

2018-03-13 11:09:56 - [MESSAGE][PASSED] - Actual text and expected text of test object 'Object Repository/OGRPrototypFilialsuche - Marginalspalte/32ErgebnisTest' are matched.

2018-03-13 11:09:56 - [TEST_STEP][PASSED] - verifyElementText: Actual text and expected text of test object 'Object Repository/OGRPrototypFilialsuche - Marginalspalte/33ErgebnisTest' are matched.

2018-03-13 11:09:56 - [MESSAGE][PASSED] - Actual text and expected text of test object 'Object Repository/OGRPrototypFilialsuche - Marginalspalte/33ErgebnisTest' are matched.

2018-03-13 11:09:56 - [TEST_STEP][PASSED] - verifyElementText: Actual text and expected text of test object 'Object Repository/OGRPrototypFilialsuche - Marginalspalte/34ErgebnisTest' are matched.

2018-03-13 11:09:56 - [MESSAGE][PASSED] - Actual text and expected text of test object 'Object Repository/OGRPrototypFilialsuche - Marginalspalte/34ErgebnisTest' are matched.

2018-03-13 11:09:56 - [TEST_STEP][PASSED] - verifyElementText: Actual text and expected text of test object 'Object Repository/OGRPrototypFilialsuche - Marginalspalte/35ErgebnisTest' are matched.

2018-03-13 11:09:57 - [MESSAGE][PASSED] - Actual text and expected text of test object 'Object Repository/OGRPrototypFilialsuche - Marginalspalte/35ErgebnisTest' are matched.

2018-03-13 11:09:57 - [TEST_STEP][PASSED] - verifyElementText: Actual text and expected text of test object 'Object Repository/OGRPrototypFilialsuche - Marginalspalte/36ErgebnisTest' are matched.

2018-03-13 11:09:57 - [MESSAGE][PASSED] - Actual text and expected text of test object 'Object Repository/OGRPrototypFilialsuche - Marginalspalte/36ErgebnisTest' are matched.

2018-03-13 11:09:57 - [TEST_STEP][PASSED] - click: Object: 'Object Repository/naechsteSeite' is clicked on

2018-03-13 11:09:57 - [MESSAGE][PASSED] - Object: 'Object Repository/naechsteSeite' is clicked on

2018-03-13 11:09:57 - [TEST_STEP][PASSED] - verifyElementText: Actual text and expected text of test object 'Object Repository/OGRPrototypFilialsuche - Marginalspalte/37ErgebnisTest' are matched.

2018-03-13 11:09:57 - [MESSAGE][PASSED] - Actual text and expected text of test object 'Object Repository/OGRPrototypFilialsuche - Marginalspalte/37ErgebnisTest' are matched.

2018-03-13 11:09:57 - [TEST_STEP][PASSED] - closeBrowser: Browser is closed

2018-03-13 11:09:57 - [MESSAGE][PASSED] - Browser is closed]]></system-out>
         <system-err><![CDATA[]]></system-err>
      </testcase>
      <testcase name="Test Cases/Prototyp_Filialsuche (RC 18)/54_Testfall" classname="Test Cases/Prototyp_Filialsuche (RC 18)/54_Testfall" status="PASSED">
         <system-out><![CDATA[2018-03-13 11:09:57 - [TEST_CASE][PASSED] - Test Cases/Prototyp_Filialsuche (RC 18)/54_Testfall: Test Cases/Prototyp_Filialsuche (RC 18)/54_Testfall

2018-03-13 11:09:57 - [TEST_STEP][PASSED] - openBrowser: Browser is opened with url: ''

2018-03-13 11:10:00 - [MESSAGE][PASSED] - Browser is opened with url: ''

2018-03-13 11:10:00 - [TEST_STEP][PASSED] - maximizeWindow: Current window maximized

2018-03-13 11:10:00 - [MESSAGE][PASSED] - Current window maximized

2018-03-13 11:10:00 - [TEST_STEP][PASSED] - deleteAllCookies: Delete all cookies successfully

2018-03-13 11:10:00 - [MESSAGE][PASSED] - Delete all cookies successfully

2018-03-13 11:10:00 - [TEST_STEP][PASSED] - navigateToUrl: Navigate to 'http://rc-ogrhtmlprototyp.testintern/18-1-0/filialsuche-wangen.html' successfully

2018-03-13 11:10:02 - [MESSAGE][PASSED] - Navigate to 'http://rc-ogrhtmlprototyp.testintern/18-1-0/filialsuche-wangen.html' successfully

2018-03-13 11:10:02 - [TEST_STEP][PASSED] - delay: Delayed 5 second(s)

2018-03-13 11:10:07 - [MESSAGE][PASSED] - Delayed 5 second(s)

2018-03-13 11:10:07 - [TEST_STEP][PASSED] - verifyElementText: Actual text and expected text of test object 'Object Repository/OGRProtoypFilialsuche - Ort/01ErgebnisText' are matched.

2018-03-13 11:10:07 - [MESSAGE][PASSED] - Actual text and expected text of test object 'Object Repository/OGRProtoypFilialsuche - Ort/01ErgebnisText' are matched.

2018-03-13 11:10:07 - [TEST_STEP][PASSED] - verifyElementText: Actual text and expected text of test object 'Object Repository/OGRProtoypFilialsuche - Ort/02ErgebnisText' are matched.

2018-03-13 11:10:07 - [MESSAGE][PASSED] - Actual text and expected text of test object 'Object Repository/OGRProtoypFilialsuche - Ort/02ErgebnisText' are matched.

2018-03-13 11:10:07 - [TEST_STEP][PASSED] - verifyElementText: Actual text and expected text of test object 'Object Repository/OGRProtoypFilialsuche - Ort/03ErgebnisTest' are matched.

2018-03-13 11:10:07 - [MESSAGE][PASSED] - Actual text and expected text of test object 'Object Repository/OGRProtoypFilialsuche - Ort/03ErgebnisTest' are matched.

2018-03-13 11:10:07 - [TEST_STEP][PASSED] - verifyElementText: Actual text and expected text of test object 'Object Repository/OGRProtoypFilialsuche - Ort/04ErgebnisTest' are matched.

2018-03-13 11:10:07 - [MESSAGE][PASSED] - Actual text and expected text of test object 'Object Repository/OGRProtoypFilialsuche - Ort/04ErgebnisTest' are matched.

2018-03-13 11:10:07 - [TEST_STEP][PASSED] - closeBrowser: Browser is closed

2018-03-13 11:10:07 - [MESSAGE][PASSED] - Browser is closed]]></system-out>
         <system-err><![CDATA[]]></system-err>
      </testcase>
      <testcase name="Test Cases/Prototyp_Filialsuche (RC 18)/55_Testfall" classname="Test Cases/Prototyp_Filialsuche (RC 18)/55_Testfall" status="PASSED">
         <system-out><![CDATA[2018-03-13 11:10:07 - [TEST_CASE][PASSED] - Test Cases/Prototyp_Filialsuche (RC 18)/55_Testfall: Test Cases/Prototyp_Filialsuche (RC 18)/55_Testfall

2018-03-13 11:10:07 - [TEST_STEP][PASSED] - openBrowser: Browser is opened with url: ''

2018-03-13 11:10:10 - [MESSAGE][PASSED] - Browser is opened with url: ''

2018-03-13 11:10:10 - [TEST_STEP][PASSED] - maximizeWindow: Current window maximized

2018-03-13 11:10:10 - [MESSAGE][PASSED] - Current window maximized

2018-03-13 11:10:10 - [TEST_STEP][PASSED] - deleteAllCookies: Delete all cookies successfully

2018-03-13 11:10:10 - [MESSAGE][PASSED] - Delete all cookies successfully

2018-03-13 11:10:10 - [TEST_STEP][PASSED] - navigateToUrl: Navigate to 'http://rc-ogrhtmlprototyp.testintern/18-1-0/filialsuche.html' successfully

2018-03-13 11:10:11 - [MESSAGE][PASSED] - Navigate to 'http://rc-ogrhtmlprototyp.testintern/18-1-0/filialsuche.html' successfully

2018-03-13 11:10:11 - [TEST_STEP][PASSED] - delay: Delayed 5 second(s)

2018-03-13 11:10:16 - [MESSAGE][PASSED] - Delayed 5 second(s)

2018-03-13 11:10:16 - [TEST_STEP][PASSED] - click: Object: 'Object Repository/Page_Filialsuche - Strassenname Hausnummer/svg_dropdown-icons' is clicked on

2018-03-13 11:10:17 - [MESSAGE][PASSED] - Object: 'Object Repository/Page_Filialsuche - Strassenname Hausnummer/svg_dropdown-icons' is clicked on

2018-03-13 11:10:17 - [TEST_STEP][PASSED] - delay: Delayed 2 second(s)

2018-03-13 11:10:19 - [MESSAGE][PASSED] - Delayed 2 second(s)

2018-03-13 11:10:19 - [TEST_STEP][PASSED] - mouseOver: Object: 'Object Repository/Belitz_option' is hovered

2018-03-13 11:10:19 - [MESSAGE][PASSED] - Object: 'Object Repository/Belitz_option' is hovered

2018-03-13 11:10:19 - [TEST_STEP][PASSED] - delay: Delayed 2 second(s)

2018-03-13 11:10:21 - [MESSAGE][PASSED] - Delayed 2 second(s)

2018-03-13 11:10:21 - [TEST_STEP][PASSED] - click: Object: 'Object Repository/Belitz_option' is clicked on

2018-03-13 11:10:21 - [MESSAGE][PASSED] - Object: 'Object Repository/Belitz_option' is clicked on

2018-03-13 11:10:21 - [TEST_STEP][PASSED] - delay: Delayed 2 second(s)

2018-03-13 11:10:23 - [MESSAGE][PASSED] - Delayed 2 second(s)

2018-03-13 11:10:23 - [TEST_STEP][PASSED] - verifyElementText: Actual text and expected text of test object 'Object Repository/Page_Filialsuche - Strassenname Hausnummer/01ErgebnisText' are matched.

2018-03-13 11:10:23 - [MESSAGE][PASSED] - Actual text and expected text of test object 'Object Repository/Page_Filialsuche - Strassenname Hausnummer/01ErgebnisText' are matched.

2018-03-13 11:10:23 - [TEST_STEP][PASSED] - verifyElementText: Actual text and expected text of test object 'Object Repository/Page_Filialsuche - Strassenname Hausnummer/02ErgebnisText' are matched.

2018-03-13 11:10:23 - [MESSAGE][PASSED] - Actual text and expected text of test object 'Object Repository/Page_Filialsuche - Strassenname Hausnummer/02ErgebnisText' are matched.

2018-03-13 11:10:23 - [TEST_STEP][PASSED] - verifyElementText: Actual text and expected text of test object 'Object Repository/Page_Filialsuche - Strassenname Hausnummer/03ErgebnisTest' are matched.

2018-03-13 11:10:23 - [MESSAGE][PASSED] - Actual text and expected text of test object 'Object Repository/Page_Filialsuche - Strassenname Hausnummer/03ErgebnisTest' are matched.

2018-03-13 11:10:23 - [TEST_STEP][PASSED] - verifyElementText: Actual text and expected text of test object 'Object Repository/Page_Filialsuche - Strassenname Hausnummer/04ErgebnisTest' are matched.

2018-03-13 11:10:23 - [MESSAGE][PASSED] - Actual text and expected text of test object 'Object Repository/Page_Filialsuche - Strassenname Hausnummer/04ErgebnisTest' are matched.

2018-03-13 11:10:23 - [TEST_STEP][PASSED] - verifyElementText: Actual text and expected text of test object 'Object Repository/Page_Filialsuche - Strassenname Hausnummer/05ErgebnisTest' are matched.

2018-03-13 11:10:23 - [MESSAGE][PASSED] - Actual text and expected text of test object 'Object Repository/Page_Filialsuche - Strassenname Hausnummer/05ErgebnisTest' are matched.

2018-03-13 11:10:23 - [TEST_STEP][PASSED] - verifyElementText: Actual text and expected text of test object 'Object Repository/Page_Filialsuche - Strassenname Hausnummer/06ErgebnisTest' are matched.

2018-03-13 11:10:23 - [MESSAGE][PASSED] - Actual text and expected text of test object 'Object Repository/Page_Filialsuche - Strassenname Hausnummer/06ErgebnisTest' are matched.

2018-03-13 11:10:23 - [TEST_STEP][PASSED] - click: Object: 'Object Repository/naechsteSeite' is clicked on

2018-03-13 11:10:23 - [MESSAGE][PASSED] - Object: 'Object Repository/naechsteSeite' is clicked on

2018-03-13 11:10:23 - [TEST_STEP][PASSED] - verifyElementText: Actual text and expected text of test object 'Object Repository/Page_Filialsuche - Strassenname Hausnummer/07ErgebnisTest' are matched.

2018-03-13 11:10:23 - [MESSAGE][PASSED] - Actual text and expected text of test object 'Object Repository/Page_Filialsuche - Strassenname Hausnummer/07ErgebnisTest' are matched.

2018-03-13 11:10:23 - [TEST_STEP][PASSED] - verifyElementText: Actual text and expected text of test object 'Object Repository/Page_Filialsuche - Strassenname Hausnummer/08ErgebnisTest' are matched.

2018-03-13 11:10:23 - [MESSAGE][PASSED] - Actual text and expected text of test object 'Object Repository/Page_Filialsuche - Strassenname Hausnummer/08ErgebnisTest' are matched.

2018-03-13 11:10:23 - [TEST_STEP][PASSED] - verifyElementText: Actual text and expected text of test object 'Object Repository/Page_Filialsuche - Strassenname Hausnummer/09ErgebnisTest' are matched.

2018-03-13 11:10:23 - [MESSAGE][PASSED] - Actual text and expected text of test object 'Object Repository/Page_Filialsuche - Strassenname Hausnummer/09ErgebnisTest' are matched.

2018-03-13 11:10:23 - [TEST_STEP][PASSED] - verifyElementText: Actual text and expected text of test object 'Object Repository/Page_Filialsuche - Strassenname Hausnummer/10ErgebnisTest' are matched.

2018-03-13 11:10:23 - [MESSAGE][PASSED] - Actual text and expected text of test object 'Object Repository/Page_Filialsuche - Strassenname Hausnummer/10ErgebnisTest' are matched.

2018-03-13 11:10:23 - [TEST_STEP][PASSED] - verifyElementText: Actual text and expected text of test object 'Object Repository/Page_Filialsuche - Strassenname Hausnummer/11ErgebnisTest' are matched.

2018-03-13 11:10:23 - [MESSAGE][PASSED] - Actual text and expected text of test object 'Object Repository/Page_Filialsuche - Strassenname Hausnummer/11ErgebnisTest' are matched.

2018-03-13 11:10:23 - [TEST_STEP][PASSED] - verifyElementText: Actual text and expected text of test object 'Object Repository/Page_Filialsuche - Strassenname Hausnummer/12ErgebnisTest' are matched.

2018-03-13 11:10:23 - [MESSAGE][PASSED] - Actual text and expected text of test object 'Object Repository/Page_Filialsuche - Strassenname Hausnummer/12ErgebnisTest' are matched.

2018-03-13 11:10:24 - [TEST_STEP][PASSED] - click: Object: 'Object Repository/naechsteSeite' is clicked on

2018-03-13 11:10:24 - [MESSAGE][PASSED] - Object: 'Object Repository/naechsteSeite' is clicked on

2018-03-13 11:10:24 - [TEST_STEP][PASSED] - verifyElementText: Actual text and expected text of test object 'Object Repository/Page_Filialsuche - Strassenname Hausnummer/13ErgebnisTest' are matched.

2018-03-13 11:10:24 - [MESSAGE][PASSED] - Actual text and expected text of test object 'Object Repository/Page_Filialsuche - Strassenname Hausnummer/13ErgebnisTest' are matched.

2018-03-13 11:10:24 - [TEST_STEP][PASSED] - verifyElementText: Actual text and expected text of test object 'Object Repository/Page_Filialsuche - Strassenname Hausnummer/14ErgebnisTest' are matched.

2018-03-13 11:10:24 - [MESSAGE][PASSED] - Actual text and expected text of test object 'Object Repository/Page_Filialsuche - Strassenname Hausnummer/14ErgebnisTest' are matched.

2018-03-13 11:10:24 - [TEST_STEP][PASSED] - verifyElementText: Actual text and expected text of test object 'Object Repository/Page_Filialsuche - Strassenname Hausnummer/15ErgebnisTest' are matched.

2018-03-13 11:10:24 - [MESSAGE][PASSED] - Actual text and expected text of test object 'Object Repository/Page_Filialsuche - Strassenname Hausnummer/15ErgebnisTest' are matched.

2018-03-13 11:10:24 - [TEST_STEP][PASSED] - verifyElementText: Actual text and expected text of test object 'Object Repository/Page_Filialsuche - Strassenname Hausnummer/16ErgebnisTest' are matched.

2018-03-13 11:10:24 - [MESSAGE][PASSED] - Actual text and expected text of test object 'Object Repository/Page_Filialsuche - Strassenname Hausnummer/16ErgebnisTest' are matched.

2018-03-13 11:10:24 - [TEST_STEP][PASSED] - verifyElementText: Actual text and expected text of test object 'Object Repository/Page_Filialsuche - Strassenname Hausnummer/17ErgebnisTest' are matched.

2018-03-13 11:10:24 - [MESSAGE][PASSED] - Actual text and expected text of test object 'Object Repository/Page_Filialsuche - Strassenname Hausnummer/17ErgebnisTest' are matched.

2018-03-13 11:10:24 - [TEST_STEP][PASSED] - verifyElementText: Actual text and expected text of test object 'Object Repository/Page_Filialsuche - Strassenname Hausnummer/18ErgebnisTest' are matched.

2018-03-13 11:10:24 - [MESSAGE][PASSED] - Actual text and expected text of test object 'Object Repository/Page_Filialsuche - Strassenname Hausnummer/18ErgebnisTest' are matched.

2018-03-13 11:10:24 - [TEST_STEP][PASSED] - click: Object: 'Object Repository/naechsteSeite' is clicked on

2018-03-13 11:10:24 - [MESSAGE][PASSED] - Object: 'Object Repository/naechsteSeite' is clicked on

2018-03-13 11:10:24 - [TEST_STEP][PASSED] - verifyElementText: Actual text and expected text of test object 'Object Repository/Page_Filialsuche - Strassenname Hausnummer/19ErgebnisTest' are matched.

2018-03-13 11:10:24 - [MESSAGE][PASSED] - Actual text and expected text of test object 'Object Repository/Page_Filialsuche - Strassenname Hausnummer/19ErgebnisTest' are matched.

2018-03-13 11:10:24 - [TEST_STEP][PASSED] - verifyElementText: Actual text and expected text of test object 'Object Repository/Page_Filialsuche - Strassenname Hausnummer/20ErgebnisTest' are matched.

2018-03-13 11:10:24 - [MESSAGE][PASSED] - Actual text and expected text of test object 'Object Repository/Page_Filialsuche - Strassenname Hausnummer/20ErgebnisTest' are matched.

2018-03-13 11:10:24 - [TEST_STEP][PASSED] - verifyElementText: Actual text and expected text of test object 'Object Repository/Page_Filialsuche - Strassenname Hausnummer/21ErgebnisTest' are matched.

2018-03-13 11:10:24 - [MESSAGE][PASSED] - Actual text and expected text of test object 'Object Repository/Page_Filialsuche - Strassenname Hausnummer/21ErgebnisTest' are matched.

2018-03-13 11:10:24 - [TEST_STEP][PASSED] - verifyElementText: Actual text and expected text of test object 'Object Repository/Page_Filialsuche - Strassenname Hausnummer/22ErgebnisTest' are matched.

2018-03-13 11:10:24 - [MESSAGE][PASSED] - Actual text and expected text of test object 'Object Repository/Page_Filialsuche - Strassenname Hausnummer/22ErgebnisTest' are matched.

2018-03-13 11:10:24 - [TEST_STEP][PASSED] - verifyElementText: Actual text and expected text of test object 'Object Repository/Page_Filialsuche - Strassenname Hausnummer/23ErgebnisTest' are matched.

2018-03-13 11:10:24 - [MESSAGE][PASSED] - Actual text and expected text of test object 'Object Repository/Page_Filialsuche - Strassenname Hausnummer/23ErgebnisTest' are matched.

2018-03-13 11:10:24 - [TEST_STEP][PASSED] - verifyElementText: Actual text and expected text of test object 'Object Repository/Page_Filialsuche - Strassenname Hausnummer/24ErgebnisTest' are matched.

2018-03-13 11:10:24 - [MESSAGE][PASSED] - Actual text and expected text of test object 'Object Repository/Page_Filialsuche - Strassenname Hausnummer/24ErgebnisTest' are matched.

2018-03-13 11:10:24 - [TEST_STEP][PASSED] - click: Object: 'Object Repository/naechsteSeite' is clicked on

2018-03-13 11:10:25 - [MESSAGE][PASSED] - Object: 'Object Repository/naechsteSeite' is clicked on

2018-03-13 11:10:25 - [TEST_STEP][PASSED] - verifyElementText: Actual text and expected text of test object 'Object Repository/Page_Filialsuche - Strassenname Hausnummer/25ErgebnisTest' are matched.

2018-03-13 11:10:25 - [MESSAGE][PASSED] - Actual text and expected text of test object 'Object Repository/Page_Filialsuche - Strassenname Hausnummer/25ErgebnisTest' are matched.

2018-03-13 11:10:25 - [TEST_STEP][PASSED] - verifyElementText: Actual text and expected text of test object 'Object Repository/Page_Filialsuche - Strassenname Hausnummer/26ErgebnisTest' are matched.

2018-03-13 11:10:25 - [MESSAGE][PASSED] - Actual text and expected text of test object 'Object Repository/Page_Filialsuche - Strassenname Hausnummer/26ErgebnisTest' are matched.

2018-03-13 11:10:25 - [TEST_STEP][PASSED] - verifyElementText: Actual text and expected text of test object 'Object Repository/Page_Filialsuche - Strassenname Hausnummer/27ErgebnisTest' are matched.

2018-03-13 11:10:25 - [MESSAGE][PASSED] - Actual text and expected text of test object 'Object Repository/Page_Filialsuche - Strassenname Hausnummer/27ErgebnisTest' are matched.

2018-03-13 11:10:25 - [TEST_STEP][PASSED] - verifyElementText: Actual text and expected text of test object 'Object Repository/Page_Filialsuche - Strassenname Hausnummer/28ErgebnisTest' are matched.

2018-03-13 11:10:25 - [MESSAGE][PASSED] - Actual text and expected text of test object 'Object Repository/Page_Filialsuche - Strassenname Hausnummer/28ErgebnisTest' are matched.

2018-03-13 11:10:25 - [TEST_STEP][PASSED] - verifyElementText: Actual text and expected text of test object 'Object Repository/Page_Filialsuche - Strassenname Hausnummer/29ErgebnisTest' are matched.

2018-03-13 11:10:25 - [MESSAGE][PASSED] - Actual text and expected text of test object 'Object Repository/Page_Filialsuche - Strassenname Hausnummer/29ErgebnisTest' are matched.

2018-03-13 11:10:25 - [TEST_STEP][PASSED] - verifyElementText: Actual text and expected text of test object 'Object Repository/Page_Filialsuche - Strassenname Hausnummer/30ErgebnisTest' are matched.

2018-03-13 11:10:25 - [MESSAGE][PASSED] - Actual text and expected text of test object 'Object Repository/Page_Filialsuche - Strassenname Hausnummer/30ErgebnisTest' are matched.

2018-03-13 11:10:25 - [TEST_STEP][PASSED] - click: Object: 'Object Repository/naechsteSeite' is clicked on

2018-03-13 11:10:25 - [MESSAGE][PASSED] - Object: 'Object Repository/naechsteSeite' is clicked on

2018-03-13 11:10:25 - [TEST_STEP][PASSED] - verifyElementText: Actual text and expected text of test object 'Object Repository/Page_Filialsuche - Strassenname Hausnummer/31ErgebnisTest' are matched.

2018-03-13 11:10:25 - [MESSAGE][PASSED] - Actual text and expected text of test object 'Object Repository/Page_Filialsuche - Strassenname Hausnummer/31ErgebnisTest' are matched.

2018-03-13 11:10:25 - [TEST_STEP][PASSED] - verifyElementText: Actual text and expected text of test object 'Object Repository/Page_Filialsuche - Strassenname Hausnummer/32ErgebnisTest' are matched.

2018-03-13 11:10:25 - [MESSAGE][PASSED] - Actual text and expected text of test object 'Object Repository/Page_Filialsuche - Strassenname Hausnummer/32ErgebnisTest' are matched.

2018-03-13 11:10:25 - [TEST_STEP][PASSED] - verifyElementText: Actual text and expected text of test object 'Object Repository/Page_Filialsuche - Strassenname Hausnummer/33ErgebnisTest' are matched.

2018-03-13 11:10:25 - [MESSAGE][PASSED] - Actual text and expected text of test object 'Object Repository/Page_Filialsuche - Strassenname Hausnummer/33ErgebnisTest' are matched.

2018-03-13 11:10:25 - [TEST_STEP][PASSED] - verifyElementText: Actual text and expected text of test object 'Object Repository/Page_Filialsuche - Strassenname Hausnummer/34ErgebnisTest' are matched.

2018-03-13 11:10:25 - [MESSAGE][PASSED] - Actual text and expected text of test object 'Object Repository/Page_Filialsuche - Strassenname Hausnummer/34ErgebnisTest' are matched.

2018-03-13 11:10:25 - [TEST_STEP][PASSED] - verifyElementText: Actual text and expected text of test object 'Object Repository/Page_Filialsuche - Strassenname Hausnummer/35ErgebnisTest' are matched.

2018-03-13 11:10:25 - [MESSAGE][PASSED] - Actual text and expected text of test object 'Object Repository/Page_Filialsuche - Strassenname Hausnummer/35ErgebnisTest' are matched.

2018-03-13 11:10:25 - [TEST_STEP][PASSED] - verifyElementText: Actual text and expected text of test object 'Object Repository/Page_Filialsuche - Strassenname Hausnummer/36ErgebnisTest' are matched.

2018-03-13 11:10:26 - [MESSAGE][PASSED] - Actual text and expected text of test object 'Object Repository/Page_Filialsuche - Strassenname Hausnummer/36ErgebnisTest' are matched.

2018-03-13 11:10:26 - [TEST_STEP][PASSED] - click: Object: 'Object Repository/naechsteSeite' is clicked on

2018-03-13 11:10:26 - [MESSAGE][PASSED] - Object: 'Object Repository/naechsteSeite' is clicked on

2018-03-13 11:10:26 - [TEST_STEP][PASSED] - verifyElementText: Actual text and expected text of test object 'Object Repository/Page_Filialsuche - Strassenname Hausnummer/37ErgebnisTest' are matched.

2018-03-13 11:10:26 - [MESSAGE][PASSED] - Actual text and expected text of test object 'Object Repository/Page_Filialsuche - Strassenname Hausnummer/37ErgebnisTest' are matched.

2018-03-13 11:10:26 - [TEST_STEP][PASSED] - closeBrowser: Browser is closed

2018-03-13 11:10:26 - [MESSAGE][PASSED] - Browser is closed]]></system-out>
         <system-err><![CDATA[]]></system-err>
      </testcase>
      <testcase name="Test Cases/Prototyp_Filialsuche (RC 18)/56_Testfall" classname="Test Cases/Prototyp_Filialsuche (RC 18)/56_Testfall" status="PASSED">
         <system-out><![CDATA[2018-03-13 11:10:26 - [TEST_CASE][PASSED] - Test Cases/Prototyp_Filialsuche (RC 18)/56_Testfall: Test Cases/Prototyp_Filialsuche (RC 18)/56_Testfall

2018-03-13 11:10:27 - [TEST_STEP][PASSED] - openBrowser: Browser is opened with url: ''

2018-03-13 11:10:30 - [MESSAGE][PASSED] - Browser is opened with url: ''

2018-03-13 11:10:30 - [TEST_STEP][PASSED] - maximizeWindow: Current window maximized

2018-03-13 11:10:30 - [MESSAGE][PASSED] - Current window maximized

2018-03-13 11:10:30 - [TEST_STEP][PASSED] - deleteAllCookies: Delete all cookies successfully

2018-03-13 11:10:30 - [MESSAGE][PASSED] - Delete all cookies successfully

2018-03-13 11:10:30 - [TEST_STEP][PASSED] - navigateToUrl: Navigate to 'http://rc-ogrhtmlprototyp.testintern/18-1-0/filialsuche-nuernberg.html' successfully

2018-03-13 11:10:31 - [MESSAGE][PASSED] - Navigate to 'http://rc-ogrhtmlprototyp.testintern/18-1-0/filialsuche-nuernberg.html' successfully

2018-03-13 11:10:31 - [TEST_STEP][PASSED] - delay: Delayed 5 second(s)

2018-03-13 11:10:36 - [MESSAGE][PASSED] - Delayed 5 second(s)

2018-03-13 11:10:36 - [TEST_STEP][PASSED] - Statement - wes = com.kms.katalon.core.webui.common.WebUiCommonHelper.findWebElements(com.kms.katalon.core.testobject.ObjectRepository.findTestObject(filial_map), 5): Found 10 web elements with id: 'Object Repository/filial_map' located by 'By.xpath: //div[@class='aps-map__custom-marker']' in '5' second(s)

2018-03-13 11:10:36 - [TEST_STEP][PASSED] - Statement - For ([i = 0, i < wes.size(), (i++)]): null

2018-03-13 11:10:36 - [TEST_STEP][PASSED] - Statement - el = wes.get(i): null

2018-03-13 11:10:36 - [TEST_STEP][PASSED] - Statement - text = el.getCssValue("background-image"): null

2018-03-13 11:10:36 - [TEST_STEP][PASSED] - Statement - If (!(text.contains("psd_bank.png"))): null

2018-03-13 11:10:36 - [TEST_STEP][PASSED] - Statement - el = wes.get(i): null

2018-03-13 11:10:36 - [TEST_STEP][PASSED] - Statement - text = el.getCssValue("background-image"): null

2018-03-13 11:10:36 - [TEST_STEP][PASSED] - Statement - If (!(text.contains("psd_bank.png"))): null

2018-03-13 11:10:36 - [TEST_STEP][PASSED] - Statement - el = wes.get(i): null

2018-03-13 11:10:36 - [TEST_STEP][PASSED] - Statement - text = el.getCssValue("background-image"): null

2018-03-13 11:10:36 - [TEST_STEP][PASSED] - Statement - If (!(text.contains("psd_bank.png"))): null

2018-03-13 11:10:36 - [TEST_STEP][PASSED] - Statement - el = wes.get(i): null

2018-03-13 11:10:36 - [TEST_STEP][PASSED] - Statement - text = el.getCssValue("background-image"): null

2018-03-13 11:10:36 - [TEST_STEP][PASSED] - Statement - If (!(text.contains("psd_bank.png"))): null

2018-03-13 11:10:36 - [TEST_STEP][PASSED] - Statement - el = wes.get(i): null

2018-03-13 11:10:36 - [TEST_STEP][PASSED] - Statement - text = el.getCssValue("background-image"): null

2018-03-13 11:10:36 - [TEST_STEP][PASSED] - Statement - If (!(text.contains("psd_bank.png"))): null

2018-03-13 11:10:36 - [TEST_STEP][PASSED] - Statement - el = wes.get(i): null

2018-03-13 11:10:36 - [TEST_STEP][PASSED] - Statement - text = el.getCssValue("background-image"): null

2018-03-13 11:10:36 - [TEST_STEP][PASSED] - Statement - If (!(text.contains("psd_bank.png"))): null

2018-03-13 11:10:36 - [TEST_STEP][PASSED] - Statement - el = wes.get(i): null

2018-03-13 11:10:36 - [TEST_STEP][PASSED] - Statement - text = el.getCssValue("background-image"): null

2018-03-13 11:10:36 - [TEST_STEP][PASSED] - Statement - If (!(text.contains("psd_bank.png"))): null

2018-03-13 11:10:36 - [TEST_STEP][PASSED] - Statement - el = wes.get(i): null

2018-03-13 11:10:36 - [TEST_STEP][PASSED] - Statement - text = el.getCssValue("background-image"): null

2018-03-13 11:10:36 - [TEST_STEP][PASSED] - Statement - If (!(text.contains("psd_bank.png"))): null

2018-03-13 11:10:36 - [TEST_STEP][PASSED] - Statement - el = wes.get(i): null

2018-03-13 11:10:36 - [TEST_STEP][PASSED] - Statement - text = el.getCssValue("background-image"): null

2018-03-13 11:10:36 - [TEST_STEP][PASSED] - Statement - If (!(text.contains("psd_bank.png"))): null

2018-03-13 11:10:36 - [TEST_STEP][PASSED] - Statement - el = wes.get(i): null

2018-03-13 11:10:36 - [TEST_STEP][PASSED] - Statement - text = el.getCssValue("background-image"): null

2018-03-13 11:10:36 - [TEST_STEP][PASSED] - Statement - If (!(text.contains("psd_bank.png"))): null

2018-03-13 11:10:36 - [TEST_STEP][PASSED] - closeBrowser: Browser is closed

2018-03-13 11:10:36 - [MESSAGE][PASSED] - Browser is closed]]></system-out>
         <system-err><![CDATA[]]></system-err>
      </testcase>
      <system-out><![CDATA[2018-03-13 10:44:50 - [TEST_SUITE][FAILED] - Prototyp Filialsuche (RC18) 13_03_2018: Test Cases/Prototyp_Filialsuche (RC 18)/47TF FAILED because (of) Anzahl Accordeons 20 ist NICHT gleich Anzahl Filialen 19]]></system-out>
      <system-err><![CDATA[2018-03-13 10:44:50 - [TEST_SUITE][FAILED] - Prototyp Filialsuche (RC18) 13_03_2018: Test Cases/Prototyp_Filialsuche (RC 18)/47TF FAILED because (of) Anzahl Accordeons 20 ist NICHT gleich Anzahl Filialen 19]]></system-err>
   </testsuite>
</testsuites>
