<?xml version="1.0" encoding="UTF-8"?>
<testsuites name="Prototyp Filialsuche (RC18) 13_03_2018" time="1180" tests="46" failures="17" errors="0">
   <testsuite name="Prototyp Filialsuche (RC18) 13_03_2018" tests="46" failures="17" errors="0" time="1180" timestamp="2018-03-20 09:14:46" hostname="lbut - 192.168.0.4" id="Test Suites/Prototyp Filialsuche (RC18) 13_03_2018">
      <properties>
         <property name="deviceName" value=""/>
         <property name="devicePlatform" value=""/>
         <property name="logFolder" value="/Users/lbut/Desktop/KATALON/Prototyp1_20_03/Prototyp1/Reports/Prototyp Filialsuche (RC18) 13_03_2018/20180320_091422"/>
         <property name="logFiles" value="/Users/lbut/Desktop/KATALON/Prototyp1_20_03/Prototyp1/Reports/Prototyp Filialsuche (RC18) 13_03_2018/20180320_091422/execution0.log"/>
         <property name="attachments" value="/Users/lbut/Desktop/KATALON/Prototyp1_20_03/Prototyp1/Reports/Prototyp Filialsuche (RC18) 13_03_2018/20180320_091422/1521533898847.png, /Users/lbut/Desktop/KATALON/Prototyp1_20_03/Prototyp1/Reports/Prototyp Filialsuche (RC18) 13_03_2018/20180320_091422/1521533900050.png, /Users/lbut/Desktop/KATALON/Prototyp1_20_03/Prototyp1/Reports/Prototyp Filialsuche (RC18) 13_03_2018/20180320_091422/1521534058620.png, /Users/lbut/Desktop/KATALON/Prototyp1_20_03/Prototyp1/Reports/Prototyp Filialsuche (RC18) 13_03_2018/20180320_091422/1521534058969.png, /Users/lbut/Desktop/KATALON/Prototyp1_20_03/Prototyp1/Reports/Prototyp Filialsuche (RC18) 13_03_2018/20180320_091422/1521534073163.png, /Users/lbut/Desktop/KATALON/Prototyp1_20_03/Prototyp1/Reports/Prototyp Filialsuche (RC18) 13_03_2018/20180320_091422/1521534241446.png, /Users/lbut/Desktop/KATALON/Prototyp1_20_03/Prototyp1/Reports/Prototyp Filialsuche (RC18) 13_03_2018/20180320_091422/1521534350201.png, /Users/lbut/Desktop/KATALON/Prototyp1_20_03/Prototyp1/Reports/Prototyp Filialsuche (RC18) 13_03_2018/20180320_091422/1521534350558.png, /Users/lbut/Desktop/KATALON/Prototyp1_20_03/Prototyp1/Reports/Prototyp Filialsuche (RC18) 13_03_2018/20180320_091422/1521534376645.png, /Users/lbut/Desktop/KATALON/Prototyp1_20_03/Prototyp1/Reports/Prototyp Filialsuche (RC18) 13_03_2018/20180320_091422/1521534377061.png, /Users/lbut/Desktop/KATALON/Prototyp1_20_03/Prototyp1/Reports/Prototyp Filialsuche (RC18) 13_03_2018/20180320_091422/1521534441417.png, /Users/lbut/Desktop/KATALON/Prototyp1_20_03/Prototyp1/Reports/Prototyp Filialsuche (RC18) 13_03_2018/20180320_091422/1521534472963.png, /Users/lbut/Desktop/KATALON/Prototyp1_20_03/Prototyp1/Reports/Prototyp Filialsuche (RC18) 13_03_2018/20180320_091422/1521534640610.png, /Users/lbut/Desktop/KATALON/Prototyp1_20_03/Prototyp1/Reports/Prototyp Filialsuche (RC18) 13_03_2018/20180320_091422/1521534641056.png, /Users/lbut/Desktop/KATALON/Prototyp1_20_03/Prototyp1/Reports/Prototyp Filialsuche (RC18) 13_03_2018/20180320_091422/1521534764056.png, /Users/lbut/Desktop/KATALON/Prototyp1_20_03/Prototyp1/Reports/Prototyp Filialsuche (RC18) 13_03_2018/20180320_091422/1521534764422.png, /Users/lbut/Desktop/KATALON/Prototyp1_20_03/Prototyp1/Reports/Prototyp Filialsuche (RC18) 13_03_2018/20180320_091422/1521534792885.png, /Users/lbut/Desktop/KATALON/Prototyp1_20_03/Prototyp1/Reports/Prototyp Filialsuche (RC18) 13_03_2018/20180320_091422/1521534807001.png, /Users/lbut/Desktop/KATALON/Prototyp1_20_03/Prototyp1/Reports/Prototyp Filialsuche (RC18) 13_03_2018/20180320_091422/1521534816682.png, /Users/lbut/Desktop/KATALON/Prototyp1_20_03/Prototyp1/Reports/Prototyp Filialsuche (RC18) 13_03_2018/20180320_091422/1521534826844.png, /Users/lbut/Desktop/KATALON/Prototyp1_20_03/Prototyp1/Reports/Prototyp Filialsuche (RC18) 13_03_2018/20180320_091422/1521534848063.png, /Users/lbut/Desktop/KATALON/Prototyp1_20_03/Prototyp1/Reports/Prototyp Filialsuche (RC18) 13_03_2018/20180320_091422/1521534848498.png, /Users/lbut/Desktop/KATALON/Prototyp1_20_03/Prototyp1/Reports/Prototyp Filialsuche (RC18) 13_03_2018/20180320_091422/1521534865486.png, /Users/lbut/Desktop/KATALON/Prototyp1_20_03/Prototyp1/Reports/Prototyp Filialsuche (RC18) 13_03_2018/20180320_091422/1521534865819.png"/>
         <property name="hostName" value="lbut - 192.168.0.4"/>
         <property name="os" value="Mac OS X 64bit"/>
         <property name="katalonVersion" value="5.3.1.1"/>
         <property name="browser" value="Safari 11"/>
         <property name="hostAddress" value="192.168.0.4"/>
         <property name="sessionId" value="8177A617-2C7D-49DC-9F65-DFB044CD4C96"/>
         <property name="seleniumVersion" value="3.7.1"/>
         <property name="proxyInformation" value="ProxyInformation{proxyOption=NO_PROXY, proxyServerType=HTTP, password=, proxyServerAddress=, proxyServerPort=0}"/>
         <property name="platform" value="Mac OS X"/>
      </properties>
      <testcase name="Test Cases/Prototyp_Filialsuche (RC 18)/01_Testfall" classname="Test Cases/Prototyp_Filialsuche (RC 18)/01_Testfall" status="PASSED">
         <system-out><![CDATA[2018-03-20 09:14:46 - [TEST_CASE][PASSED] - Test Cases/Prototyp_Filialsuche (RC 18)/01_Testfall: Test Cases/Prototyp_Filialsuche (RC 18)/01_Testfall

2018-03-20 09:14:47 - [TEST_STEP][PASSED] - openBrowser: Browser is opened with url: ''

2018-03-20 09:15:03 - [MESSAGE][PASSED] - Browser is opened with url: ''

2018-03-20 09:15:03 - [TEST_STEP][PASSED] - deleteAllCookies: Delete all cookies successfully

2018-03-20 09:15:03 - [MESSAGE][PASSED] - Delete all cookies successfully

2018-03-20 09:15:03 - [TEST_STEP][PASSED] - maximizeWindow: Current window maximized

2018-03-20 09:15:03 - [MESSAGE][PASSED] - Current window maximized

2018-03-20 09:15:03 - [TEST_STEP][PASSED] - navigateToUrl: Navigate to 'http://rc-ogrhtmlprototyp.testintern/18-1-0/filialsuche.html' successfully

2018-03-20 09:15:04 - [MESSAGE][PASSED] - Navigate to 'http://rc-ogrhtmlprototyp.testintern/18-1-0/filialsuche.html' successfully

2018-03-20 09:15:04 - [TEST_STEP][PASSED] - delay: Delayed 5 second(s)

2018-03-20 09:15:09 - [MESSAGE][PASSED] - Delayed 5 second(s)

2018-03-20 09:15:09 - [TEST_STEP][PASSED] - Statement - wes = com.kms.katalon.core.webui.common.WebUiCommonHelper.findWebElements(com.kms.katalon.core.testobject.ObjectRepository.findTestObject(filial_map), 5): Found 61 web elements with id: 'Object Repository/filial_map' located by 'By.xpath: //div[@class='aps-map__custom-marker']' in '5' second(s)

2018-03-20 09:15:09 - [TEST_STEP][PASSED] - Statement - For ([i = 0, i < wes.size(), (i++)]): null

2018-03-20 09:15:09 - [TEST_STEP][PASSED] - Statement - el = wes.get(i): null

2018-03-20 09:15:09 - [TEST_STEP][PASSED] - Statement - If (!(el.isDisplayed())): null

2018-03-20 09:15:10 - [TEST_STEP][PASSED] - Statement - el = wes.get(i): null

2018-03-20 09:15:10 - [TEST_STEP][PASSED] - Statement - If (!(el.isDisplayed())): null

2018-03-20 09:15:10 - [TEST_STEP][PASSED] - Statement - el = wes.get(i): null

2018-03-20 09:15:10 - [TEST_STEP][PASSED] - Statement - If (!(el.isDisplayed())): null

2018-03-20 09:15:10 - [TEST_STEP][PASSED] - Statement - el = wes.get(i): null

2018-03-20 09:15:10 - [TEST_STEP][PASSED] - Statement - If (!(el.isDisplayed())): null

2018-03-20 09:15:10 - [TEST_STEP][PASSED] - Statement - el = wes.get(i): null

2018-03-20 09:15:10 - [TEST_STEP][PASSED] - Statement - If (!(el.isDisplayed())): null

2018-03-20 09:15:10 - [TEST_STEP][PASSED] - Statement - el = wes.get(i): null

2018-03-20 09:15:10 - [TEST_STEP][PASSED] - Statement - If (!(el.isDisplayed())): null

2018-03-20 09:15:10 - [TEST_STEP][PASSED] - Statement - el = wes.get(i): null

2018-03-20 09:15:10 - [TEST_STEP][PASSED] - Statement - If (!(el.isDisplayed())): null

2018-03-20 09:15:10 - [TEST_STEP][PASSED] - Statement - el = wes.get(i): null

2018-03-20 09:15:10 - [TEST_STEP][PASSED] - Statement - If (!(el.isDisplayed())): null

2018-03-20 09:15:10 - [TEST_STEP][PASSED] - Statement - el = wes.get(i): null

2018-03-20 09:15:10 - [TEST_STEP][PASSED] - Statement - If (!(el.isDisplayed())): null

2018-03-20 09:15:10 - [TEST_STEP][PASSED] - Statement - el = wes.get(i): null

2018-03-20 09:15:10 - [TEST_STEP][PASSED] - Statement - If (!(el.isDisplayed())): null

2018-03-20 09:15:10 - [TEST_STEP][PASSED] - Statement - el = wes.get(i): null

2018-03-20 09:15:10 - [TEST_STEP][PASSED] - Statement - If (!(el.isDisplayed())): null

2018-03-20 09:15:10 - [TEST_STEP][PASSED] - Statement - el = wes.get(i): null

2018-03-20 09:15:10 - [TEST_STEP][PASSED] - Statement - If (!(el.isDisplayed())): null

2018-03-20 09:15:10 - [TEST_STEP][PASSED] - Statement - el = wes.get(i): null

2018-03-20 09:15:10 - [TEST_STEP][PASSED] - Statement - If (!(el.isDisplayed())): null

2018-03-20 09:15:10 - [TEST_STEP][PASSED] - Statement - el = wes.get(i): null

2018-03-20 09:15:10 - [TEST_STEP][PASSED] - Statement - If (!(el.isDisplayed())): null

2018-03-20 09:15:10 - [TEST_STEP][PASSED] - Statement - el = wes.get(i): null

2018-03-20 09:15:10 - [TEST_STEP][PASSED] - Statement - If (!(el.isDisplayed())): null

2018-03-20 09:15:10 - [TEST_STEP][PASSED] - Statement - el = wes.get(i): null

2018-03-20 09:15:10 - [TEST_STEP][PASSED] - Statement - If (!(el.isDisplayed())): null

2018-03-20 09:15:10 - [TEST_STEP][PASSED] - Statement - el = wes.get(i): null

2018-03-20 09:15:10 - [TEST_STEP][PASSED] - Statement - If (!(el.isDisplayed())): null

2018-03-20 09:15:10 - [TEST_STEP][PASSED] - Statement - el = wes.get(i): null

2018-03-20 09:15:10 - [TEST_STEP][PASSED] - Statement - If (!(el.isDisplayed())): null

2018-03-20 09:15:10 - [TEST_STEP][PASSED] - Statement - el = wes.get(i): null

2018-03-20 09:15:10 - [TEST_STEP][PASSED] - Statement - If (!(el.isDisplayed())): null

2018-03-20 09:15:10 - [TEST_STEP][PASSED] - Statement - el = wes.get(i): null

2018-03-20 09:15:10 - [TEST_STEP][PASSED] - Statement - If (!(el.isDisplayed())): null

2018-03-20 09:15:10 - [TEST_STEP][PASSED] - Statement - el = wes.get(i): null

2018-03-20 09:15:10 - [TEST_STEP][PASSED] - Statement - If (!(el.isDisplayed())): null

2018-03-20 09:15:10 - [TEST_STEP][PASSED] - Statement - el = wes.get(i): null

2018-03-20 09:15:10 - [TEST_STEP][PASSED] - Statement - If (!(el.isDisplayed())): null

2018-03-20 09:15:10 - [TEST_STEP][PASSED] - Statement - el = wes.get(i): null

2018-03-20 09:15:10 - [TEST_STEP][PASSED] - Statement - If (!(el.isDisplayed())): null

2018-03-20 09:15:10 - [TEST_STEP][PASSED] - Statement - el = wes.get(i): null

2018-03-20 09:15:10 - [TEST_STEP][PASSED] - Statement - If (!(el.isDisplayed())): null

2018-03-20 09:15:10 - [TEST_STEP][PASSED] - Statement - el = wes.get(i): null

2018-03-20 09:15:10 - [TEST_STEP][PASSED] - Statement - If (!(el.isDisplayed())): null

2018-03-20 09:15:10 - [TEST_STEP][PASSED] - Statement - el = wes.get(i): null

2018-03-20 09:15:10 - [TEST_STEP][PASSED] - Statement - If (!(el.isDisplayed())): null

2018-03-20 09:15:10 - [TEST_STEP][PASSED] - Statement - el = wes.get(i): null

2018-03-20 09:15:10 - [TEST_STEP][PASSED] - Statement - If (!(el.isDisplayed())): null

2018-03-20 09:15:10 - [TEST_STEP][PASSED] - Statement - el = wes.get(i): null

2018-03-20 09:15:10 - [TEST_STEP][PASSED] - Statement - If (!(el.isDisplayed())): null

2018-03-20 09:15:10 - [TEST_STEP][PASSED] - Statement - el = wes.get(i): null

2018-03-20 09:15:10 - [TEST_STEP][PASSED] - Statement - If (!(el.isDisplayed())): null

2018-03-20 09:15:10 - [TEST_STEP][PASSED] - Statement - el = wes.get(i): null

2018-03-20 09:15:10 - [TEST_STEP][PASSED] - Statement - If (!(el.isDisplayed())): null

2018-03-20 09:15:10 - [TEST_STEP][PASSED] - Statement - el = wes.get(i): null

2018-03-20 09:15:10 - [TEST_STEP][PASSED] - Statement - If (!(el.isDisplayed())): null

2018-03-20 09:15:10 - [TEST_STEP][PASSED] - Statement - el = wes.get(i): null

2018-03-20 09:15:10 - [TEST_STEP][PASSED] - Statement - If (!(el.isDisplayed())): null

2018-03-20 09:15:10 - [TEST_STEP][PASSED] - Statement - el = wes.get(i): null

2018-03-20 09:15:10 - [TEST_STEP][PASSED] - Statement - If (!(el.isDisplayed())): null

2018-03-20 09:15:10 - [TEST_STEP][PASSED] - Statement - el = wes.get(i): null

2018-03-20 09:15:10 - [TEST_STEP][PASSED] - Statement - If (!(el.isDisplayed())): null

2018-03-20 09:15:10 - [TEST_STEP][PASSED] - Statement - el = wes.get(i): null

2018-03-20 09:15:10 - [TEST_STEP][PASSED] - Statement - If (!(el.isDisplayed())): null

2018-03-20 09:15:10 - [TEST_STEP][PASSED] - Statement - el = wes.get(i): null

2018-03-20 09:15:10 - [TEST_STEP][PASSED] - Statement - If (!(el.isDisplayed())): null

2018-03-20 09:15:10 - [TEST_STEP][PASSED] - Statement - el = wes.get(i): null

2018-03-20 09:15:10 - [TEST_STEP][PASSED] - Statement - If (!(el.isDisplayed())): null

2018-03-20 09:15:10 - [TEST_STEP][PASSED] - Statement - el = wes.get(i): null

2018-03-20 09:15:10 - [TEST_STEP][PASSED] - Statement - If (!(el.isDisplayed())): null

2018-03-20 09:15:10 - [TEST_STEP][PASSED] - Statement - el = wes.get(i): null

2018-03-20 09:15:10 - [TEST_STEP][PASSED] - Statement - If (!(el.isDisplayed())): null

2018-03-20 09:15:10 - [TEST_STEP][PASSED] - Statement - el = wes.get(i): null

2018-03-20 09:15:10 - [TEST_STEP][PASSED] - Statement - If (!(el.isDisplayed())): null

2018-03-20 09:15:10 - [TEST_STEP][PASSED] - Statement - el = wes.get(i): null

2018-03-20 09:15:10 - [TEST_STEP][PASSED] - Statement - If (!(el.isDisplayed())): null

2018-03-20 09:15:10 - [TEST_STEP][PASSED] - Statement - el = wes.get(i): null

2018-03-20 09:15:10 - [TEST_STEP][PASSED] - Statement - If (!(el.isDisplayed())): null

2018-03-20 09:15:10 - [TEST_STEP][PASSED] - Statement - el = wes.get(i): null

2018-03-20 09:15:10 - [TEST_STEP][PASSED] - Statement - If (!(el.isDisplayed())): null

2018-03-20 09:15:10 - [TEST_STEP][PASSED] - Statement - el = wes.get(i): null

2018-03-20 09:15:10 - [TEST_STEP][PASSED] - Statement - If (!(el.isDisplayed())): null

2018-03-20 09:15:10 - [TEST_STEP][PASSED] - Statement - el = wes.get(i): null

2018-03-20 09:15:10 - [TEST_STEP][PASSED] - Statement - If (!(el.isDisplayed())): null

2018-03-20 09:15:10 - [TEST_STEP][PASSED] - Statement - el = wes.get(i): null

2018-03-20 09:15:10 - [TEST_STEP][PASSED] - Statement - If (!(el.isDisplayed())): null

2018-03-20 09:15:10 - [TEST_STEP][PASSED] - Statement - el = wes.get(i): null

2018-03-20 09:15:10 - [TEST_STEP][PASSED] - Statement - If (!(el.isDisplayed())): null

2018-03-20 09:15:10 - [TEST_STEP][PASSED] - Statement - el = wes.get(i): null

2018-03-20 09:15:10 - [TEST_STEP][PASSED] - Statement - If (!(el.isDisplayed())): null

2018-03-20 09:15:10 - [TEST_STEP][PASSED] - Statement - el = wes.get(i): null

2018-03-20 09:15:10 - [TEST_STEP][PASSED] - Statement - If (!(el.isDisplayed())): null

2018-03-20 09:15:10 - [TEST_STEP][PASSED] - Statement - el = wes.get(i): null

2018-03-20 09:15:10 - [TEST_STEP][PASSED] - Statement - If (!(el.isDisplayed())): null

2018-03-20 09:15:10 - [TEST_STEP][PASSED] - Statement - el = wes.get(i): null

2018-03-20 09:15:10 - [TEST_STEP][PASSED] - Statement - If (!(el.isDisplayed())): null

2018-03-20 09:15:10 - [TEST_STEP][PASSED] - Statement - el = wes.get(i): null

2018-03-20 09:15:10 - [TEST_STEP][PASSED] - Statement - If (!(el.isDisplayed())): null

2018-03-20 09:15:10 - [TEST_STEP][PASSED] - Statement - el = wes.get(i): null

2018-03-20 09:15:10 - [TEST_STEP][PASSED] - Statement - If (!(el.isDisplayed())): null

2018-03-20 09:15:10 - [TEST_STEP][PASSED] - Statement - el = wes.get(i): null

2018-03-20 09:15:10 - [TEST_STEP][PASSED] - Statement - If (!(el.isDisplayed())): null

2018-03-20 09:15:10 - [TEST_STEP][PASSED] - Statement - el = wes.get(i): null

2018-03-20 09:15:10 - [TEST_STEP][PASSED] - Statement - If (!(el.isDisplayed())): null

2018-03-20 09:15:10 - [TEST_STEP][PASSED] - Statement - el = wes.get(i): null

2018-03-20 09:15:10 - [TEST_STEP][PASSED] - Statement - If (!(el.isDisplayed())): null

2018-03-20 09:15:10 - [TEST_STEP][PASSED] - Statement - el = wes.get(i): null

2018-03-20 09:15:10 - [TEST_STEP][PASSED] - Statement - If (!(el.isDisplayed())): null

2018-03-20 09:15:10 - [TEST_STEP][PASSED] - Statement - el = wes.get(i): null

2018-03-20 09:15:10 - [TEST_STEP][PASSED] - Statement - If (!(el.isDisplayed())): null

2018-03-20 09:15:10 - [TEST_STEP][PASSED] - Statement - el = wes.get(i): null

2018-03-20 09:15:10 - [TEST_STEP][PASSED] - Statement - If (!(el.isDisplayed())): null

2018-03-20 09:15:10 - [TEST_STEP][PASSED] - Statement - el = wes.get(i): null

2018-03-20 09:15:10 - [TEST_STEP][PASSED] - Statement - If (!(el.isDisplayed())): null

2018-03-20 09:15:10 - [TEST_STEP][PASSED] - Statement - el = wes.get(i): null

2018-03-20 09:15:10 - [TEST_STEP][PASSED] - Statement - If (!(el.isDisplayed())): null

2018-03-20 09:15:10 - [TEST_STEP][PASSED] - closeBrowser: Browser is closed

2018-03-20 09:15:11 - [MESSAGE][PASSED] - Browser is closed]]></system-out>
         <system-err><![CDATA[]]></system-err>
      </testcase>
      <testcase name="Test Cases/Prototyp_Filialsuche (RC 18)/02_Testfall" classname="Test Cases/Prototyp_Filialsuche (RC 18)/02_Testfall" status="PASSED">
         <system-out><![CDATA[2018-03-20 09:15:11 - [TEST_CASE][PASSED] - Test Cases/Prototyp_Filialsuche (RC 18)/02_Testfall: Test Cases/Prototyp_Filialsuche (RC 18)/02_Testfall

2018-03-20 09:15:11 - [TEST_STEP][PASSED] - openBrowser: Browser is opened with url: ''

2018-03-20 09:15:14 - [MESSAGE][PASSED] - Browser is opened with url: ''

2018-03-20 09:15:14 - [TEST_STEP][PASSED] - deleteAllCookies: Delete all cookies successfully

2018-03-20 09:15:14 - [MESSAGE][PASSED] - Delete all cookies successfully

2018-03-20 09:15:14 - [TEST_STEP][PASSED] - maximizeWindow: Current window maximized

2018-03-20 09:15:14 - [MESSAGE][PASSED] - Current window maximized

2018-03-20 09:15:14 - [TEST_STEP][PASSED] - navigateToUrl: Navigate to 'http://rc-ogrhtmlprototyp.testintern/18-1-0/filialsuche-wangen.html' successfully

2018-03-20 09:15:17 - [MESSAGE][PASSED] - Navigate to 'http://rc-ogrhtmlprototyp.testintern/18-1-0/filialsuche-wangen.html' successfully

2018-03-20 09:15:17 - [TEST_STEP][PASSED] - delay: Delayed 5 second(s)

2018-03-20 09:15:22 - [MESSAGE][PASSED] - Delayed 5 second(s)

2018-03-20 09:15:22 - [TEST_STEP][PASSED] - Statement - wes = com.kms.katalon.core.webui.common.WebUiCommonHelper.findWebElements(com.kms.katalon.core.testobject.ObjectRepository.findTestObject(filial_map), 5): Found 4 web elements with id: 'Object Repository/filial_map' located by 'By.xpath: //div[@class='aps-map__custom-marker']' in '5' second(s)

2018-03-20 09:15:22 - [TEST_STEP][PASSED] - Statement - For ([i = 0, i < wes.size(), (i++)]): null

2018-03-20 09:15:22 - [TEST_STEP][PASSED] - Statement - el = wes.get(i): null

2018-03-20 09:15:22 - [TEST_STEP][PASSED] - Statement - If (!(el.isDisplayed())): null

2018-03-20 09:15:22 - [TEST_STEP][PASSED] - Statement - el = wes.get(i): null

2018-03-20 09:15:22 - [TEST_STEP][PASSED] - Statement - If (!(el.isDisplayed())): null

2018-03-20 09:15:22 - [TEST_STEP][PASSED] - Statement - el = wes.get(i): null

2018-03-20 09:15:22 - [TEST_STEP][PASSED] - Statement - If (!(el.isDisplayed())): null

2018-03-20 09:15:22 - [TEST_STEP][PASSED] - Statement - el = wes.get(i): null

2018-03-20 09:15:22 - [TEST_STEP][PASSED] - Statement - If (!(el.isDisplayed())): null

2018-03-20 09:15:22 - [TEST_STEP][PASSED] - closeBrowser: Browser is closed

2018-03-20 09:15:22 - [MESSAGE][PASSED] - Browser is closed]]></system-out>
         <system-err><![CDATA[]]></system-err>
      </testcase>
      <testcase name="Test Cases/Prototyp_Filialsuche (RC 18)/03_Testfall" classname="Test Cases/Prototyp_Filialsuche (RC 18)/03_Testfall" status="PASSED">
         <system-out><![CDATA[2018-03-20 09:15:22 - [TEST_CASE][PASSED] - Test Cases/Prototyp_Filialsuche (RC 18)/03_Testfall: Test Cases/Prototyp_Filialsuche (RC 18)/03_Testfall

2018-03-20 09:15:23 - [TEST_STEP][PASSED] - openBrowser: Browser is opened with url: ''

2018-03-20 09:15:25 - [MESSAGE][PASSED] - Browser is opened with url: ''

2018-03-20 09:15:25 - [TEST_STEP][PASSED] - deleteAllCookies: Delete all cookies successfully

2018-03-20 09:15:25 - [MESSAGE][PASSED] - Delete all cookies successfully

2018-03-20 09:15:25 - [TEST_STEP][PASSED] - maximizeWindow: Current window maximized

2018-03-20 09:15:25 - [MESSAGE][PASSED] - Current window maximized

2018-03-20 09:15:25 - [TEST_STEP][PASSED] - navigateToUrl: Navigate to 'http://rc-ogrhtmlprototyp.testintern/18-1-0/filialsuche-rotenburg.html' successfully

2018-03-20 09:15:30 - [MESSAGE][PASSED] - Navigate to 'http://rc-ogrhtmlprototyp.testintern/18-1-0/filialsuche-rotenburg.html' successfully

2018-03-20 09:15:30 - [TEST_STEP][PASSED] - delay: Delayed 5 second(s)

2018-03-20 09:15:35 - [MESSAGE][PASSED] - Delayed 5 second(s)

2018-03-20 09:15:35 - [TEST_STEP][PASSED] - Statement - wes = com.kms.katalon.core.webui.common.WebUiCommonHelper.findWebElements(com.kms.katalon.core.testobject.ObjectRepository.findTestObject(filial_map), 5): Found 19 web elements with id: 'Object Repository/filial_map' located by 'By.xpath: //div[@class='aps-map__custom-marker']' in '5' second(s)

2018-03-20 09:15:35 - [TEST_STEP][PASSED] - Statement - For ([i = 0, i < wes.size(), (i++)]): null

2018-03-20 09:15:35 - [TEST_STEP][PASSED] - Statement - el = wes.get(i): null

2018-03-20 09:15:35 - [TEST_STEP][PASSED] - Statement - If (!(el.isDisplayed())): null

2018-03-20 09:15:35 - [TEST_STEP][PASSED] - Statement - el = wes.get(i): null

2018-03-20 09:15:35 - [TEST_STEP][PASSED] - Statement - If (!(el.isDisplayed())): null

2018-03-20 09:15:35 - [TEST_STEP][PASSED] - Statement - el = wes.get(i): null

2018-03-20 09:15:35 - [TEST_STEP][PASSED] - Statement - If (!(el.isDisplayed())): null

2018-03-20 09:15:35 - [TEST_STEP][PASSED] - Statement - el = wes.get(i): null

2018-03-20 09:15:35 - [TEST_STEP][PASSED] - Statement - If (!(el.isDisplayed())): null

2018-03-20 09:15:35 - [TEST_STEP][PASSED] - Statement - el = wes.get(i): null

2018-03-20 09:15:35 - [TEST_STEP][PASSED] - Statement - If (!(el.isDisplayed())): null

2018-03-20 09:15:35 - [TEST_STEP][PASSED] - Statement - el = wes.get(i): null

2018-03-20 09:15:35 - [TEST_STEP][PASSED] - Statement - If (!(el.isDisplayed())): null

2018-03-20 09:15:35 - [TEST_STEP][PASSED] - Statement - el = wes.get(i): null

2018-03-20 09:15:35 - [TEST_STEP][PASSED] - Statement - If (!(el.isDisplayed())): null

2018-03-20 09:15:35 - [TEST_STEP][PASSED] - Statement - el = wes.get(i): null

2018-03-20 09:15:35 - [TEST_STEP][PASSED] - Statement - If (!(el.isDisplayed())): null

2018-03-20 09:15:35 - [TEST_STEP][PASSED] - Statement - el = wes.get(i): null

2018-03-20 09:15:35 - [TEST_STEP][PASSED] - Statement - If (!(el.isDisplayed())): null

2018-03-20 09:15:35 - [TEST_STEP][PASSED] - Statement - el = wes.get(i): null

2018-03-20 09:15:35 - [TEST_STEP][PASSED] - Statement - If (!(el.isDisplayed())): null

2018-03-20 09:15:35 - [TEST_STEP][PASSED] - Statement - el = wes.get(i): null

2018-03-20 09:15:35 - [TEST_STEP][PASSED] - Statement - If (!(el.isDisplayed())): null

2018-03-20 09:15:35 - [TEST_STEP][PASSED] - Statement - el = wes.get(i): null

2018-03-20 09:15:35 - [TEST_STEP][PASSED] - Statement - If (!(el.isDisplayed())): null

2018-03-20 09:15:35 - [TEST_STEP][PASSED] - Statement - el = wes.get(i): null

2018-03-20 09:15:35 - [TEST_STEP][PASSED] - Statement - If (!(el.isDisplayed())): null

2018-03-20 09:15:35 - [TEST_STEP][PASSED] - Statement - el = wes.get(i): null

2018-03-20 09:15:35 - [TEST_STEP][PASSED] - Statement - If (!(el.isDisplayed())): null

2018-03-20 09:15:35 - [TEST_STEP][PASSED] - Statement - el = wes.get(i): null

2018-03-20 09:15:35 - [TEST_STEP][PASSED] - Statement - If (!(el.isDisplayed())): null

2018-03-20 09:15:35 - [TEST_STEP][PASSED] - Statement - el = wes.get(i): null

2018-03-20 09:15:35 - [TEST_STEP][PASSED] - Statement - If (!(el.isDisplayed())): null

2018-03-20 09:15:35 - [TEST_STEP][PASSED] - Statement - el = wes.get(i): null

2018-03-20 09:15:35 - [TEST_STEP][PASSED] - Statement - If (!(el.isDisplayed())): null

2018-03-20 09:15:35 - [TEST_STEP][PASSED] - Statement - el = wes.get(i): null

2018-03-20 09:15:35 - [TEST_STEP][PASSED] - Statement - If (!(el.isDisplayed())): null

2018-03-20 09:15:35 - [TEST_STEP][PASSED] - Statement - el = wes.get(i): null

2018-03-20 09:15:35 - [TEST_STEP][PASSED] - Statement - If (!(el.isDisplayed())): null

2018-03-20 09:15:35 - [TEST_STEP][PASSED] - closeBrowser: Browser is closed

2018-03-20 09:15:35 - [MESSAGE][PASSED] - Browser is closed]]></system-out>
         <system-err><![CDATA[]]></system-err>
      </testcase>
      <testcase name="Test Cases/Prototyp_Filialsuche (RC 18)/04_Testfall" classname="Test Cases/Prototyp_Filialsuche (RC 18)/04_Testfall" status="PASSED">
         <system-out><![CDATA[2018-03-20 09:15:35 - [TEST_CASE][PASSED] - Test Cases/Prototyp_Filialsuche (RC 18)/04_Testfall: Test Cases/Prototyp_Filialsuche (RC 18)/04_Testfall

2018-03-20 09:15:36 - [TEST_STEP][PASSED] - openBrowser: Browser is opened with url: ''

2018-03-20 09:15:38 - [MESSAGE][PASSED] - Browser is opened with url: ''

2018-03-20 09:15:38 - [TEST_STEP][PASSED] - deleteAllCookies: Delete all cookies successfully

2018-03-20 09:15:38 - [MESSAGE][PASSED] - Delete all cookies successfully

2018-03-20 09:15:38 - [TEST_STEP][PASSED] - maximizeWindow: Current window maximized

2018-03-20 09:15:38 - [MESSAGE][PASSED] - Current window maximized

2018-03-20 09:15:38 - [TEST_STEP][PASSED] - navigateToUrl: Navigate to 'http://rc-ogrhtmlprototyp.testintern/18-1-0/filialsuche-nuernberg.html' successfully

2018-03-20 09:15:40 - [MESSAGE][PASSED] - Navigate to 'http://rc-ogrhtmlprototyp.testintern/18-1-0/filialsuche-nuernberg.html' successfully

2018-03-20 09:15:40 - [TEST_STEP][PASSED] - delay: Delayed 5 second(s)

2018-03-20 09:15:45 - [MESSAGE][PASSED] - Delayed 5 second(s)

2018-03-20 09:15:45 - [TEST_STEP][PASSED] - Statement - wes = com.kms.katalon.core.webui.common.WebUiCommonHelper.findWebElements(com.kms.katalon.core.testobject.ObjectRepository.findTestObject(filial_map), 5): Found 10 web elements with id: 'Object Repository/filial_map' located by 'By.xpath: //div[@class='aps-map__custom-marker']' in '5' second(s)

2018-03-20 09:15:45 - [TEST_STEP][PASSED] - Statement - For ([i = 0, i < wes.size(), (i++)]): null

2018-03-20 09:15:45 - [TEST_STEP][PASSED] - Statement - el = wes.get(i): null

2018-03-20 09:15:45 - [TEST_STEP][PASSED] - Statement - If (!(el.isDisplayed())): null

2018-03-20 09:15:45 - [TEST_STEP][PASSED] - Statement - el = wes.get(i): null

2018-03-20 09:15:45 - [TEST_STEP][PASSED] - Statement - If (!(el.isDisplayed())): null

2018-03-20 09:15:45 - [TEST_STEP][PASSED] - Statement - el = wes.get(i): null

2018-03-20 09:15:45 - [TEST_STEP][PASSED] - Statement - If (!(el.isDisplayed())): null

2018-03-20 09:15:45 - [TEST_STEP][PASSED] - Statement - el = wes.get(i): null

2018-03-20 09:15:45 - [TEST_STEP][PASSED] - Statement - If (!(el.isDisplayed())): null

2018-03-20 09:15:45 - [TEST_STEP][PASSED] - Statement - el = wes.get(i): null

2018-03-20 09:15:45 - [TEST_STEP][PASSED] - Statement - If (!(el.isDisplayed())): null

2018-03-20 09:15:45 - [TEST_STEP][PASSED] - Statement - el = wes.get(i): null

2018-03-20 09:15:45 - [TEST_STEP][PASSED] - Statement - If (!(el.isDisplayed())): null

2018-03-20 09:15:45 - [TEST_STEP][PASSED] - Statement - el = wes.get(i): null

2018-03-20 09:15:45 - [TEST_STEP][PASSED] - Statement - If (!(el.isDisplayed())): null

2018-03-20 09:15:45 - [TEST_STEP][PASSED] - Statement - el = wes.get(i): null

2018-03-20 09:15:45 - [TEST_STEP][PASSED] - Statement - If (!(el.isDisplayed())): null

2018-03-20 09:15:45 - [TEST_STEP][PASSED] - Statement - el = wes.get(i): null

2018-03-20 09:15:45 - [TEST_STEP][PASSED] - Statement - If (!(el.isDisplayed())): null

2018-03-20 09:15:45 - [TEST_STEP][PASSED] - Statement - el = wes.get(i): null

2018-03-20 09:15:45 - [TEST_STEP][PASSED] - Statement - If (!(el.isDisplayed())): null

2018-03-20 09:15:45 - [TEST_STEP][PASSED] - closeBrowser: Browser is closed

2018-03-20 09:15:45 - [MESSAGE][PASSED] - Browser is closed]]></system-out>
         <system-err><![CDATA[]]></system-err>
      </testcase>
      <testcase name="Test Cases/Prototyp_Filialsuche (RC 18)/05_Testfall" classname="Test Cases/Prototyp_Filialsuche (RC 18)/05_Testfall" status="PASSED">
         <system-out><![CDATA[2018-03-20 09:15:45 - [TEST_CASE][PASSED] - Test Cases/Prototyp_Filialsuche (RC 18)/05_Testfall: Test Cases/Prototyp_Filialsuche (RC 18)/05_Testfall

2018-03-20 09:15:46 - [TEST_STEP][PASSED] - openBrowser: Browser is opened with url: ''

2018-03-20 09:15:48 - [MESSAGE][PASSED] - Browser is opened with url: ''

2018-03-20 09:15:48 - [TEST_STEP][PASSED] - maximizeWindow: Current window maximized

2018-03-20 09:15:48 - [MESSAGE][PASSED] - Current window maximized

2018-03-20 09:15:48 - [TEST_STEP][PASSED] - deleteAllCookies: Delete all cookies successfully

2018-03-20 09:15:48 - [MESSAGE][PASSED] - Delete all cookies successfully

2018-03-20 09:15:48 - [TEST_STEP][PASSED] - navigateToUrl: Navigate to 'http://rc-ogrhtmlprototyp.testintern/18-1-0/filialsuche.html' successfully

2018-03-20 09:15:50 - [MESSAGE][PASSED] - Navigate to 'http://rc-ogrhtmlprototyp.testintern/18-1-0/filialsuche.html' successfully

2018-03-20 09:15:50 - [TEST_STEP][PASSED] - delay: Delayed 5 second(s)

2018-03-20 09:15:55 - [MESSAGE][PASSED] - Delayed 5 second(s)

2018-03-20 09:15:55 - [TEST_STEP][PASSED] - verifyElementNotPresent: Web element with id: 'Object Repository/Akkordeon_plus_filialsuche' located by 'By.xpath: //a[@class='acc-header acc-header--open']' is not present after '5' second(s)

2018-03-20 09:16:00 - [MESSAGE][PASSED] - Web element with id: 'Object Repository/Akkordeon_plus_filialsuche' located by 'By.xpath: //a[@class='acc-header acc-header--open']' is not present after '5' second(s)

2018-03-20 09:16:00 - [TEST_STEP][PASSED] - closeBrowser: Browser is closed

2018-03-20 09:16:00 - [MESSAGE][PASSED] - Browser is closed]]></system-out>
         <system-err><![CDATA[]]></system-err>
      </testcase>
      <testcase name="Test Cases/Prototyp_Filialsuche (RC 18)/06_Testfall" classname="Test Cases/Prototyp_Filialsuche (RC 18)/06_Testfall" status="PASSED">
         <system-out><![CDATA[2018-03-20 09:16:00 - [TEST_CASE][PASSED] - Test Cases/Prototyp_Filialsuche (RC 18)/06_Testfall: Test Cases/Prototyp_Filialsuche (RC 18)/06_Testfall

2018-03-20 09:16:00 - [TEST_STEP][PASSED] - openBrowser: Browser is opened with url: ''

2018-03-20 09:16:03 - [MESSAGE][PASSED] - Browser is opened with url: ''

2018-03-20 09:16:03 - [TEST_STEP][PASSED] - maximizeWindow: Current window maximized

2018-03-20 09:16:03 - [MESSAGE][PASSED] - Current window maximized

2018-03-20 09:16:03 - [TEST_STEP][PASSED] - deleteAllCookies: Delete all cookies successfully

2018-03-20 09:16:03 - [MESSAGE][PASSED] - Delete all cookies successfully

2018-03-20 09:16:03 - [TEST_STEP][PASSED] - navigateToUrl: Navigate to 'http://rc-ogrhtmlprototyp.testintern/18-1-0/filialsuche-wangen.html' successfully

2018-03-20 09:16:04 - [MESSAGE][PASSED] - Navigate to 'http://rc-ogrhtmlprototyp.testintern/18-1-0/filialsuche-wangen.html' successfully

2018-03-20 09:16:04 - [TEST_STEP][PASSED] - delay: Delayed 5 second(s)

2018-03-20 09:16:09 - [MESSAGE][PASSED] - Delayed 5 second(s)

2018-03-20 09:16:09 - [TEST_STEP][PASSED] - verifyElementNotPresent: Web element with id: 'Object Repository/Akkordeon_plus_filialsuche' located by 'By.xpath: //a[@class='acc-header acc-header--open']' is not present after '5' second(s)

2018-03-20 09:16:09 - [MESSAGE][PASSED] - Web element with id: 'Object Repository/Akkordeon_plus_filialsuche' located by 'By.xpath: //a[@class='acc-header acc-header--open']' is not present after '5' second(s)

2018-03-20 09:16:09 - [TEST_STEP][PASSED] - closeBrowser: Browser is closed

2018-03-20 09:16:09 - [MESSAGE][PASSED] - Browser is closed]]></system-out>
         <system-err><![CDATA[]]></system-err>
      </testcase>
      <testcase name="Test Cases/Prototyp_Filialsuche (RC 18)/07_Testfall" classname="Test Cases/Prototyp_Filialsuche (RC 18)/07_Testfall" status="PASSED">
         <system-out><![CDATA[2018-03-20 09:16:09 - [TEST_CASE][PASSED] - Test Cases/Prototyp_Filialsuche (RC 18)/07_Testfall: Test Cases/Prototyp_Filialsuche (RC 18)/07_Testfall

2018-03-20 09:16:09 - [TEST_STEP][PASSED] - openBrowser: Browser is opened with url: ''

2018-03-20 09:16:12 - [MESSAGE][PASSED] - Browser is opened with url: ''

2018-03-20 09:16:12 - [TEST_STEP][PASSED] - maximizeWindow: Current window maximized

2018-03-20 09:16:12 - [MESSAGE][PASSED] - Current window maximized

2018-03-20 09:16:12 - [TEST_STEP][PASSED] - deleteAllCookies: Delete all cookies successfully

2018-03-20 09:16:12 - [MESSAGE][PASSED] - Delete all cookies successfully

2018-03-20 09:16:12 - [TEST_STEP][PASSED] - navigateToUrl: Navigate to 'http://rc-ogrhtmlprototyp.testintern/18-1-0/filialsuche-rotenburg.html' successfully

2018-03-20 09:16:13 - [MESSAGE][PASSED] - Navigate to 'http://rc-ogrhtmlprototyp.testintern/18-1-0/filialsuche-rotenburg.html' successfully

2018-03-20 09:16:13 - [TEST_STEP][PASSED] - delay: Delayed 5 second(s)

2018-03-20 09:16:18 - [MESSAGE][PASSED] - Delayed 5 second(s)

2018-03-20 09:16:18 - [TEST_STEP][PASSED] - verifyElementNotPresent: Web element with id: 'Object Repository/Akkordeon_plus_filialsuche' located by 'By.xpath: //a[@class='acc-header acc-header--open']' is not present after '5' second(s)

2018-03-20 09:16:18 - [MESSAGE][PASSED] - Web element with id: 'Object Repository/Akkordeon_plus_filialsuche' located by 'By.xpath: //a[@class='acc-header acc-header--open']' is not present after '5' second(s)

2018-03-20 09:16:18 - [TEST_STEP][PASSED] - closeBrowser: Browser is closed

2018-03-20 09:16:18 - [MESSAGE][PASSED] - Browser is closed]]></system-out>
         <system-err><![CDATA[]]></system-err>
      </testcase>
      <testcase name="Test Cases/Prototyp_Filialsuche (RC 18)/08_Testfall" classname="Test Cases/Prototyp_Filialsuche (RC 18)/08_Testfall" status="PASSED">
         <system-out><![CDATA[2018-03-20 09:16:18 - [TEST_CASE][PASSED] - Test Cases/Prototyp_Filialsuche (RC 18)/08_Testfall: Test Cases/Prototyp_Filialsuche (RC 18)/08_Testfall

2018-03-20 09:16:18 - [TEST_STEP][PASSED] - openBrowser: Browser is opened with url: ''

2018-03-20 09:16:21 - [MESSAGE][PASSED] - Browser is opened with url: ''

2018-03-20 09:16:21 - [TEST_STEP][PASSED] - maximizeWindow: Current window maximized

2018-03-20 09:16:21 - [MESSAGE][PASSED] - Current window maximized

2018-03-20 09:16:21 - [TEST_STEP][PASSED] - deleteAllCookies: Delete all cookies successfully

2018-03-20 09:16:21 - [MESSAGE][PASSED] - Delete all cookies successfully

2018-03-20 09:16:21 - [TEST_STEP][PASSED] - navigateToUrl: Navigate to 'http://rc-ogrhtmlprototyp.testintern/18-1-0/filialsuche-nuernberg.html' successfully

2018-03-20 09:16:23 - [MESSAGE][PASSED] - Navigate to 'http://rc-ogrhtmlprototyp.testintern/18-1-0/filialsuche-nuernberg.html' successfully

2018-03-20 09:16:23 - [TEST_STEP][PASSED] - delay: Delayed 5 second(s)

2018-03-20 09:16:28 - [MESSAGE][PASSED] - Delayed 5 second(s)

2018-03-20 09:16:28 - [TEST_STEP][PASSED] - verifyElementNotPresent: Web element with id: 'Object Repository/Akkordeon_plus_filialsuche' located by 'By.xpath: //a[@class='acc-header acc-header--open']' is not present after '5' second(s)

2018-03-20 09:16:28 - [MESSAGE][PASSED] - Web element with id: 'Object Repository/Akkordeon_plus_filialsuche' located by 'By.xpath: //a[@class='acc-header acc-header--open']' is not present after '5' second(s)

2018-03-20 09:16:28 - [TEST_STEP][PASSED] - closeBrowser: Browser is closed

2018-03-20 09:16:28 - [MESSAGE][PASSED] - Browser is closed]]></system-out>
         <system-err><![CDATA[]]></system-err>
      </testcase>
      <testcase name="Test Cases/Prototyp_Filialsuche (RC 18)/09_Testfall" classname="Test Cases/Prototyp_Filialsuche (RC 18)/09_Testfall" status="PASSED">
         <system-out><![CDATA[2018-03-20 09:16:28 - [TEST_CASE][PASSED] - Test Cases/Prototyp_Filialsuche (RC 18)/09_Testfall: Test Cases/Prototyp_Filialsuche (RC 18)/09_Testfall

2018-03-20 09:16:28 - [TEST_STEP][PASSED] - openBrowser: Browser is opened with url: ''

2018-03-20 09:16:30 - [MESSAGE][PASSED] - Browser is opened with url: ''

2018-03-20 09:16:30 - [TEST_STEP][PASSED] - maximizeWindow: Current window maximized

2018-03-20 09:16:30 - [MESSAGE][PASSED] - Current window maximized

2018-03-20 09:16:30 - [TEST_STEP][PASSED] - deleteAllCookies: Delete all cookies successfully

2018-03-20 09:16:30 - [MESSAGE][PASSED] - Delete all cookies successfully

2018-03-20 09:16:30 - [TEST_STEP][PASSED] - navigateToUrl: Navigate to 'http://rc-ogrhtmlprototyp.testintern/18-1-0/filialsuche.html' successfully

2018-03-20 09:16:32 - [MESSAGE][PASSED] - Navigate to 'http://rc-ogrhtmlprototyp.testintern/18-1-0/filialsuche.html' successfully

2018-03-20 09:16:32 - [TEST_STEP][PASSED] - delay: Delayed 5 second(s)

2018-03-20 09:16:37 - [MESSAGE][PASSED] - Delayed 5 second(s)

2018-03-20 09:16:37 - [TEST_STEP][PASSED] - verifyElementNotPresent: Web element with id: 'Object Repository/Entfernung_filialsuche' located by 'By.xpath: //span[@class='loc-distance']' is not present after '5' second(s)

2018-03-20 09:16:38 - [MESSAGE][PASSED] - Web element with id: 'Object Repository/Entfernung_filialsuche' located by 'By.xpath: //span[@class='loc-distance']' is not present after '5' second(s)

2018-03-20 09:16:38 - [TEST_STEP][PASSED] - closeBrowser: Browser is closed

2018-03-20 09:16:38 - [MESSAGE][PASSED] - Browser is closed]]></system-out>
         <system-err><![CDATA[]]></system-err>
      </testcase>
      <testcase name="Test Cases/Prototyp_Filialsuche (RC 18)/10_Testfall" classname="Test Cases/Prototyp_Filialsuche (RC 18)/10_Testfall" status="PASSED">
         <system-out><![CDATA[2018-03-20 09:16:38 - [TEST_CASE][PASSED] - Test Cases/Prototyp_Filialsuche (RC 18)/10_Testfall: Test Cases/Prototyp_Filialsuche (RC 18)/10_Testfall

2018-03-20 09:16:39 - [TEST_STEP][PASSED] - openBrowser: Browser is opened with url: ''

2018-03-20 09:16:41 - [MESSAGE][PASSED] - Browser is opened with url: ''

2018-03-20 09:16:41 - [TEST_STEP][PASSED] - maximizeWindow: Current window maximized

2018-03-20 09:16:41 - [MESSAGE][PASSED] - Current window maximized

2018-03-20 09:16:41 - [TEST_STEP][PASSED] - deleteAllCookies: Delete all cookies successfully

2018-03-20 09:16:41 - [MESSAGE][PASSED] - Delete all cookies successfully

2018-03-20 09:16:41 - [TEST_STEP][PASSED] - navigateToUrl: Navigate to 'http://rc-ogrhtmlprototyp.testintern/18-1-0/filialsuche-wangen.html' successfully

2018-03-20 09:16:42 - [MESSAGE][PASSED] - Navigate to 'http://rc-ogrhtmlprototyp.testintern/18-1-0/filialsuche-wangen.html' successfully

2018-03-20 09:16:42 - [TEST_STEP][PASSED] - delay: Delayed 5 second(s)

2018-03-20 09:16:47 - [MESSAGE][PASSED] - Delayed 5 second(s)

2018-03-20 09:16:47 - [TEST_STEP][PASSED] - verifyElementNotPresent: Web element with id: 'Object Repository/Entfernung_filialsuche' located by 'By.xpath: //span[@class='loc-distance']' is not present after '5' second(s)

2018-03-20 09:16:47 - [MESSAGE][PASSED] - Web element with id: 'Object Repository/Entfernung_filialsuche' located by 'By.xpath: //span[@class='loc-distance']' is not present after '5' second(s)

2018-03-20 09:16:47 - [TEST_STEP][PASSED] - closeBrowser: Browser is closed

2018-03-20 09:16:47 - [MESSAGE][PASSED] - Browser is closed]]></system-out>
         <system-err><![CDATA[]]></system-err>
      </testcase>
      <testcase name="Test Cases/Prototyp_Filialsuche (RC 18)/11_Testfall" classname="Test Cases/Prototyp_Filialsuche (RC 18)/11_Testfall" status="PASSED">
         <system-out><![CDATA[2018-03-20 09:16:47 - [TEST_CASE][PASSED] - Test Cases/Prototyp_Filialsuche (RC 18)/11_Testfall: Test Cases/Prototyp_Filialsuche (RC 18)/11_Testfall

2018-03-20 09:16:47 - [TEST_STEP][PASSED] - openBrowser: Browser is opened with url: ''

2018-03-20 09:16:49 - [MESSAGE][PASSED] - Browser is opened with url: ''

2018-03-20 09:16:49 - [TEST_STEP][PASSED] - maximizeWindow: Current window maximized

2018-03-20 09:16:49 - [MESSAGE][PASSED] - Current window maximized

2018-03-20 09:16:49 - [TEST_STEP][PASSED] - deleteAllCookies: Delete all cookies successfully

2018-03-20 09:16:49 - [MESSAGE][PASSED] - Delete all cookies successfully

2018-03-20 09:16:49 - [TEST_STEP][PASSED] - navigateToUrl: Navigate to 'http://rc-ogrhtmlprototyp.testintern/18-1-0/filialsuche-rotenburg.html' successfully

2018-03-20 09:16:50 - [MESSAGE][PASSED] - Navigate to 'http://rc-ogrhtmlprototyp.testintern/18-1-0/filialsuche-rotenburg.html' successfully

2018-03-20 09:16:50 - [TEST_STEP][PASSED] - delay: Delayed 5 second(s)

2018-03-20 09:16:55 - [MESSAGE][PASSED] - Delayed 5 second(s)

2018-03-20 09:16:56 - [TEST_STEP][PASSED] - verifyElementNotPresent: Web element with id: 'Object Repository/Entfernung_filialsuche' located by 'By.xpath: //span[@class='loc-distance']' is not present after '5' second(s)

2018-03-20 09:16:56 - [MESSAGE][PASSED] - Web element with id: 'Object Repository/Entfernung_filialsuche' located by 'By.xpath: //span[@class='loc-distance']' is not present after '5' second(s)

2018-03-20 09:16:56 - [TEST_STEP][PASSED] - closeBrowser: Browser is closed

2018-03-20 09:16:56 - [MESSAGE][PASSED] - Browser is closed]]></system-out>
         <system-err><![CDATA[]]></system-err>
      </testcase>
      <testcase name="Test Cases/Prototyp_Filialsuche (RC 18)/12_Testfall" classname="Test Cases/Prototyp_Filialsuche (RC 18)/12_Testfall" status="PASSED">
         <system-out><![CDATA[2018-03-20 09:16:56 - [TEST_CASE][PASSED] - Test Cases/Prototyp_Filialsuche (RC 18)/12_Testfall: Test Cases/Prototyp_Filialsuche (RC 18)/12_Testfall

2018-03-20 09:16:56 - [TEST_STEP][PASSED] - openBrowser: Browser is opened with url: ''

2018-03-20 09:16:59 - [MESSAGE][PASSED] - Browser is opened with url: ''

2018-03-20 09:16:59 - [TEST_STEP][PASSED] - maximizeWindow: Current window maximized

2018-03-20 09:16:59 - [MESSAGE][PASSED] - Current window maximized

2018-03-20 09:16:59 - [TEST_STEP][PASSED] - deleteAllCookies: Delete all cookies successfully

2018-03-20 09:16:59 - [MESSAGE][PASSED] - Delete all cookies successfully

2018-03-20 09:16:59 - [TEST_STEP][PASSED] - navigateToUrl: Navigate to 'http://rc-ogrhtmlprototyp.testintern/18-1-0/filialsuche-nuernberg.html' successfully

2018-03-20 09:17:00 - [MESSAGE][PASSED] - Navigate to 'http://rc-ogrhtmlprototyp.testintern/18-1-0/filialsuche-nuernberg.html' successfully

2018-03-20 09:17:00 - [TEST_STEP][PASSED] - delay: Delayed 5 second(s)

2018-03-20 09:17:05 - [MESSAGE][PASSED] - Delayed 5 second(s)

2018-03-20 09:17:05 - [TEST_STEP][PASSED] - verifyElementNotPresent: Web element with id: 'Object Repository/Entfernung_filialsuche' located by 'By.xpath: //span[@class='loc-distance']' is not present after '5' second(s)

2018-03-20 09:17:05 - [MESSAGE][PASSED] - Web element with id: 'Object Repository/Entfernung_filialsuche' located by 'By.xpath: //span[@class='loc-distance']' is not present after '5' second(s)

2018-03-20 09:17:05 - [TEST_STEP][PASSED] - closeBrowser: Browser is closed

2018-03-20 09:17:05 - [MESSAGE][PASSED] - Browser is closed]]></system-out>
         <system-err><![CDATA[]]></system-err>
      </testcase>
      <testcase name="Test Cases/Prototyp_Filialsuche (RC 18)/13_Testfall" classname="Test Cases/Prototyp_Filialsuche (RC 18)/13_Testfall" status="PASSED">
         <system-out><![CDATA[2018-03-20 09:17:05 - [TEST_CASE][PASSED] - Test Cases/Prototyp_Filialsuche (RC 18)/13_Testfall: Test Cases/Prototyp_Filialsuche (RC 18)/13_Testfall

2018-03-20 09:17:05 - [TEST_STEP][PASSED] - openBrowser: Browser is opened with url: ''

2018-03-20 09:17:07 - [MESSAGE][PASSED] - Browser is opened with url: ''

2018-03-20 09:17:07 - [TEST_STEP][PASSED] - deleteAllCookies: Delete all cookies successfully

2018-03-20 09:17:07 - [MESSAGE][PASSED] - Delete all cookies successfully

2018-03-20 09:17:07 - [TEST_STEP][PASSED] - maximizeWindow: Current window maximized

2018-03-20 09:17:08 - [MESSAGE][PASSED] - Current window maximized

2018-03-20 09:17:08 - [TEST_STEP][PASSED] - navigateToUrl: Navigate to 'http://rc-ogrhtmlprototyp.testintern/18-1-0/filialsuche.html' successfully

2018-03-20 09:17:09 - [MESSAGE][PASSED] - Navigate to 'http://rc-ogrhtmlprototyp.testintern/18-1-0/filialsuche.html' successfully

2018-03-20 09:17:09 - [TEST_STEP][PASSED] - delay: Delayed 5 second(s)

2018-03-20 09:17:14 - [MESSAGE][PASSED] - Delayed 5 second(s)

2018-03-20 09:17:14 - [TEST_STEP][PASSED] - Statement - wes1 = com.kms.katalon.core.webui.common.WebUiCommonHelper.findWebElements(com.kms.katalon.core.testobject.ObjectRepository.findTestObject(filial_map), 5): Found 61 web elements with id: 'Object Repository/filial_map' located by 'By.xpath: //div[@class='aps-map__custom-marker']' in '5' second(s)

2018-03-20 09:17:14 - [TEST_STEP][PASSED] - Statement - wes2 = com.kms.katalon.core.webui.common.WebUiCommonHelper.findWebElements(com.kms.katalon.core.testobject.ObjectRepository.findTestObject(loc_steet_filialsuche), 5): Found 61 web elements with id: 'Object Repository/loc_steet_filialsuche' located by 'By.xpath: //div[@class='loc-street']' in '5' second(s)

2018-03-20 09:17:14 - [TEST_STEP][PASSED] - Statement - filial_maps_count = wes1.size(): null

2018-03-20 09:17:14 - [TEST_STEP][PASSED] - Statement - filial_accordeon_count = wes2.size(): null

2018-03-20 09:17:14 - [TEST_STEP][PASSED] - Statement - filial_count = 61: null

2018-03-20 09:17:14 - [TEST_STEP][PASSED] - Statement - If (filial_maps_count != filial_count): null

2018-03-20 09:17:14 - [TEST_STEP][PASSED] - closeBrowser: Browser is closed

2018-03-20 09:17:14 - [MESSAGE][PASSED] - Browser is closed]]></system-out>
         <system-err><![CDATA[]]></system-err>
      </testcase>
      <testcase name="Test Cases/Prototyp_Filialsuche (RC 18)/14_Testfall" classname="Test Cases/Prototyp_Filialsuche (RC 18)/14_Testfall" status="PASSED">
         <system-out><![CDATA[2018-03-20 09:17:14 - [TEST_CASE][PASSED] - Test Cases/Prototyp_Filialsuche (RC 18)/14_Testfall: Test Cases/Prototyp_Filialsuche (RC 18)/14_Testfall

2018-03-20 09:17:15 - [TEST_STEP][PASSED] - openBrowser: Browser is opened with url: ''

2018-03-20 09:17:17 - [MESSAGE][PASSED] - Browser is opened with url: ''

2018-03-20 09:17:17 - [TEST_STEP][PASSED] - deleteAllCookies: Delete all cookies successfully

2018-03-20 09:17:17 - [MESSAGE][PASSED] - Delete all cookies successfully

2018-03-20 09:17:17 - [TEST_STEP][PASSED] - maximizeWindow: Current window maximized

2018-03-20 09:17:17 - [MESSAGE][PASSED] - Current window maximized

2018-03-20 09:17:17 - [TEST_STEP][PASSED] - navigateToUrl: Navigate to 'http://rc-ogrhtmlprototyp.testintern/18-1-0/filialsuche.html' successfully

2018-03-20 09:17:19 - [MESSAGE][PASSED] - Navigate to 'http://rc-ogrhtmlprototyp.testintern/18-1-0/filialsuche.html' successfully

2018-03-20 09:17:19 - [TEST_STEP][PASSED] - delay: Delayed 5 second(s)

2018-03-20 09:17:24 - [MESSAGE][PASSED] - Delayed 5 second(s)

2018-03-20 09:17:24 - [TEST_STEP][PASSED] - click: Object: 'Object Repository/002/Page_Filialsuche-rotenburg - BVR HT/svg_dropdown-icons' is clicked on

2018-03-20 09:17:24 - [MESSAGE][PASSED] - Object: 'Object Repository/002/Page_Filialsuche-rotenburg - BVR HT/svg_dropdown-icons' is clicked on

2018-03-20 09:17:24 - [TEST_STEP][PASSED] - delay: Delayed 2 second(s)

2018-03-20 09:17:26 - [MESSAGE][PASSED] - Delayed 2 second(s)

2018-03-20 09:17:26 - [TEST_STEP][PASSED] - mouseOver: Object: 'Object Repository/Belitz_option' is hovered

2018-03-20 09:17:27 - [MESSAGE][PASSED] - Object: 'Object Repository/Belitz_option' is hovered

2018-03-20 09:17:27 - [TEST_STEP][PASSED] - delay: Delayed 2 second(s)

2018-03-20 09:17:29 - [MESSAGE][PASSED] - Delayed 2 second(s)

2018-03-20 09:17:29 - [TEST_STEP][PASSED] - click: Object: 'Object Repository/Belitz_option' is clicked on

2018-03-20 09:17:29 - [MESSAGE][PASSED] - Object: 'Object Repository/Belitz_option' is clicked on

2018-03-20 09:17:29 - [TEST_STEP][PASSED] - delay: Delayed 5 second(s)

2018-03-20 09:17:34 - [MESSAGE][PASSED] - Delayed 5 second(s)

2018-03-20 09:17:34 - [TEST_STEP][PASSED] - Statement - wes1 = com.kms.katalon.core.webui.common.WebUiCommonHelper.findWebElements(com.kms.katalon.core.testobject.ObjectRepository.findTestObject(filial_map), 5): Found 37 web elements with id: 'Object Repository/filial_map' located by 'By.xpath: //div[@class='aps-map__custom-marker']' in '5' second(s)

2018-03-20 09:17:34 - [TEST_STEP][PASSED] - Statement - wes2 = com.kms.katalon.core.webui.common.WebUiCommonHelper.findWebElements(com.kms.katalon.core.testobject.ObjectRepository.findTestObject(loc_steet_filialsuche), 5): Found 37 web elements with id: 'Object Repository/loc_steet_filialsuche' located by 'By.xpath: //div[@class='loc-street']' in '5' second(s)

2018-03-20 09:17:34 - [TEST_STEP][PASSED] - Statement - wes3 = com.kms.katalon.core.webui.common.WebUiCommonHelper.findWebElements(com.kms.katalon.core.testobject.ObjectRepository.findTestObject(filialsuche_loc_city), 5): Finding web element with id: 'Object Repository/filialsuche_loc_city' located by 'By.xpath: /div[@class='loc-city']' in '5' second(s)

2018-03-20 09:17:39 - [TEST_STEP][PASSED] - Statement - filial_maps_count = wes1.size(): null

2018-03-20 09:17:39 - [TEST_STEP][PASSED] - Statement - filial_accordeon_count = wes2.size(): null

2018-03-20 09:17:39 - [TEST_STEP][PASSED] - Statement - filial_count = 37: null

2018-03-20 09:17:39 - [TEST_STEP][PASSED] - Statement - city_name = "Berlin": null

2018-03-20 09:17:39 - [TEST_STEP][PASSED] - Statement - If (filial_maps_count != filial_count): null

2018-03-20 09:17:39 - [TEST_STEP][PASSED] - Statement - For ([i = 0, i < wes3.size(), (i++)]): null

2018-03-20 09:17:39 - [TEST_STEP][PASSED] - closeBrowser: Browser is closed

2018-03-20 09:17:39 - [MESSAGE][PASSED] - Browser is closed]]></system-out>
         <system-err><![CDATA[]]></system-err>
      </testcase>
      <testcase name="Test Cases/Prototyp_Filialsuche (RC 18)/15_Testfall" classname="Test Cases/Prototyp_Filialsuche (RC 18)/15_Testfall" status="PASSED">
         <system-out><![CDATA[2018-03-20 09:17:39 - [TEST_CASE][PASSED] - Test Cases/Prototyp_Filialsuche (RC 18)/15_Testfall: Test Cases/Prototyp_Filialsuche (RC 18)/15_Testfall

2018-03-20 09:17:39 - [TEST_STEP][PASSED] - openBrowser: Browser is opened with url: ''

2018-03-20 09:17:43 - [MESSAGE][PASSED] - Browser is opened with url: ''

2018-03-20 09:17:43 - [TEST_STEP][PASSED] - maximizeWindow: Current window maximized

2018-03-20 09:17:44 - [MESSAGE][PASSED] - Current window maximized

2018-03-20 09:17:44 - [TEST_STEP][PASSED] - deleteAllCookies: Delete all cookies successfully

2018-03-20 09:17:44 - [MESSAGE][PASSED] - Delete all cookies successfully

2018-03-20 09:17:44 - [TEST_STEP][PASSED] - navigateToUrl: Navigate to 'http://rc-ogrhtmlprototyp.testintern/18-1-0/filialsuche-textinput.html' successfully

2018-03-20 09:17:46 - [MESSAGE][PASSED] - Navigate to 'http://rc-ogrhtmlprototyp.testintern/18-1-0/filialsuche-textinput.html' successfully

2018-03-20 09:17:46 - [TEST_STEP][PASSED] - delay: Delayed 5 second(s)

2018-03-20 09:17:51 - [MESSAGE][PASSED] - Delayed 5 second(s)

2018-03-20 09:17:51 - [TEST_STEP][PASSED] - setText: Text 'Berlin' is set on object 'Object Repository/Filialsuche_Inputtext'

2018-03-20 09:17:53 - [MESSAGE][PASSED] - Text 'Berlin' is set on object 'Object Repository/Filialsuche_Inputtext'

2018-03-20 09:17:53 - [TEST_STEP][PASSED] - delay: Delayed 2 second(s)

2018-03-20 09:17:55 - [MESSAGE][PASSED] - Delayed 2 second(s)

2018-03-20 09:17:55 - [TEST_STEP][PASSED] - submit: The form containing object: 'Object Repository/Filialsuche_submit_button' is submitted

2018-03-20 09:17:55 - [MESSAGE][PASSED] - The form containing object: 'Object Repository/Filialsuche_submit_button' is submitted

2018-03-20 09:17:55 - [TEST_STEP][PASSED] - delay: Delayed 2 second(s)

2018-03-20 09:17:57 - [MESSAGE][PASSED] - Delayed 2 second(s)

2018-03-20 09:17:57 - [TEST_STEP][PASSED] - Statement - wes = com.kms.katalon.core.webui.common.WebUiCommonHelper.findWebElements(com.kms.katalon.core.testobject.ObjectRepository.findTestObject(Filialsuche_loc_distance), 5): Found 1 web elements with id: 'Object Repository/Filialsuche_loc_distance' located by 'By.xpath: //span[@class='loc-distance']' in '5' second(s)

2018-03-20 09:17:57 - [TEST_STEP][PASSED] - Statement - For ([i = 1, i < wes.size(), (i++)]): null

2018-03-20 09:17:57 - [TEST_STEP][PASSED] - closeBrowser: Browser is closed

2018-03-20 09:17:57 - [MESSAGE][PASSED] - Browser is closed]]></system-out>
         <system-err><![CDATA[]]></system-err>
      </testcase>
      <testcase name="Test Cases/Prototyp_Filialsuche (RC 18)/16_Testfall" classname="Test Cases/Prototyp_Filialsuche (RC 18)/16_Testfall" status="FAILED">
         <failure type="FAILED" message="Unable to verify object 'Object Repository/Entfernung_filialsuche' is visible (Root cause: Object 'Object Repository/Entfernung_filialsuche' is NOT visible)"/>
         <system-out><![CDATA[2018-03-20 09:17:57 - [TEST_CASE][FAILED] - Test Cases/Prototyp_Filialsuche (RC 18)/16_Testfall: Test Cases/Prototyp_Filialsuche (RC 18)/16_Testfall FAILED because (of) Unable to verify object 'Object Repository/Entfernung_filialsuche' is visible (Root cause: Object 'Object Repository/Entfernung_filialsuche' is NOT visible)

2018-03-20 09:17:58 - [TEST_STEP][PASSED] - openBrowser: Browser is opened with url: ''

2018-03-20 09:18:07 - [MESSAGE][PASSED] - Browser is opened with url: ''

2018-03-20 09:18:07 - [TEST_STEP][PASSED] - maximizeWindow: Current window maximized

2018-03-20 09:18:07 - [MESSAGE][PASSED] - Current window maximized

2018-03-20 09:18:07 - [TEST_STEP][PASSED] - deleteAllCookies: Delete all cookies successfully

2018-03-20 09:18:07 - [MESSAGE][PASSED] - Delete all cookies successfully

2018-03-20 09:18:07 - [TEST_STEP][PASSED] - navigateToUrl: Navigate to 'http://rc-ogrhtmlprototyp.testintern/18-1-0/filialsuche-textinput.html' successfully

2018-03-20 09:18:09 - [MESSAGE][PASSED] - Navigate to 'http://rc-ogrhtmlprototyp.testintern/18-1-0/filialsuche-textinput.html' successfully

2018-03-20 09:18:09 - [TEST_STEP][PASSED] - delay: Delayed 5 second(s)

2018-03-20 09:18:14 - [MESSAGE][PASSED] - Delayed 5 second(s)

2018-03-20 09:18:14 - [TEST_STEP][PASSED] - setText: Text 'Berlin' is set on object 'Object Repository/Filialsuche_Inputtext'

2018-03-20 09:18:14 - [MESSAGE][PASSED] - Text 'Berlin' is set on object 'Object Repository/Filialsuche_Inputtext'

2018-03-20 09:18:14 - [TEST_STEP][PASSED] - delay: Delayed 2 second(s)

2018-03-20 09:18:16 - [MESSAGE][PASSED] - Delayed 2 second(s)

2018-03-20 09:18:16 - [TEST_STEP][PASSED] - submit: The form containing object: 'Object Repository/Filialsuche_submit_button' is submitted

2018-03-20 09:18:16 - [MESSAGE][PASSED] - The form containing object: 'Object Repository/Filialsuche_submit_button' is submitted

2018-03-20 09:18:16 - [TEST_STEP][PASSED] - delay: Delayed 2 second(s)

2018-03-20 09:18:18 - [MESSAGE][PASSED] - Delayed 2 second(s)

2018-03-20 09:18:18 - [TEST_STEP][FAILED] - verifyElementVisible: Unable to verify object 'Object Repository/Entfernung_filialsuche' is visible (Root cause: Object 'Object Repository/Entfernung_filialsuche' is NOT visible)

2018-03-20 09:18:20 - [MESSAGE][FAILED] - Object 'Object Repository/Entfernung_filialsuche' is NOT visible
[[ATTACHMENT|/Users/lbut/Desktop/KATALON/Prototyp1_20_03/Prototyp1/Reports/Prototyp Filialsuche (RC18) 13_03_2018/20180320_091422/1521533898847.png]]

2018-03-20 09:18:20 - [MESSAGE][FAILED] - Unable to verify object 'Object Repository/Entfernung_filialsuche' is visible (Root cause: Object 'Object Repository/Entfernung_filialsuche' is NOT visible)
[[ATTACHMENT|/Users/lbut/Desktop/KATALON/Prototyp1_20_03/Prototyp1/Reports/Prototyp Filialsuche (RC18) 13_03_2018/20180320_091422/1521533900050.png]]]]></system-out>
         <system-err><![CDATA[2018-03-20 09:17:57 - [TEST_CASE][FAILED] - Test Cases/Prototyp_Filialsuche (RC 18)/16_Testfall: Test Cases/Prototyp_Filialsuche (RC 18)/16_Testfall FAILED because (of) Unable to verify object 'Object Repository/Entfernung_filialsuche' is visible (Root cause: Object 'Object Repository/Entfernung_filialsuche' is NOT visible)]]></system-err>
      </testcase>
      <testcase name="Test Cases/Prototyp_Filialsuche (RC 18)/17_Testfall" classname="Test Cases/Prototyp_Filialsuche (RC 18)/17_Testfall" status="PASSED">
         <system-out><![CDATA[2018-03-20 09:18:20 - [TEST_CASE][PASSED] - Test Cases/Prototyp_Filialsuche (RC 18)/17_Testfall: Test Cases/Prototyp_Filialsuche (RC 18)/17_Testfall

2018-03-20 09:18:21 - [TEST_STEP][PASSED] - openBrowser: Browser is opened with url: ''

2018-03-20 09:18:21 - [MESSAGE][WARNING] - A browser is already opened. Closing browser and opening a new one

2018-03-20 09:18:23 - [MESSAGE][PASSED] - Browser is opened with url: ''

2018-03-20 09:18:23 - [TEST_STEP][PASSED] - deleteAllCookies: Delete all cookies successfully

2018-03-20 09:18:24 - [MESSAGE][PASSED] - Delete all cookies successfully

2018-03-20 09:18:24 - [TEST_STEP][PASSED] - maximizeWindow: Current window maximized

2018-03-20 09:18:24 - [MESSAGE][PASSED] - Current window maximized

2018-03-20 09:18:24 - [TEST_STEP][PASSED] - navigateToUrl: Navigate to 'http://rc-ogrhtmlprototyp.testintern/18-1-0/filialsuche.html' successfully

2018-03-20 09:18:28 - [MESSAGE][PASSED] - Navigate to 'http://rc-ogrhtmlprototyp.testintern/18-1-0/filialsuche.html' successfully

2018-03-20 09:18:28 - [TEST_STEP][PASSED] - delay: Delayed 2 second(s)

2018-03-20 09:18:30 - [MESSAGE][PASSED] - Delayed 2 second(s)

2018-03-20 09:18:30 - [TEST_STEP][PASSED] - waitForPageLoad: Wait for page load successfully

2018-03-20 09:18:30 - [MESSAGE][WARNING] - Timeout '0' is invalid. Using default page load timeout: '30'

2018-03-20 09:18:30 - [MESSAGE][PASSED] - Wait for page load successfully

2018-03-20 09:18:30 - [TEST_STEP][PASSED] - delay: Delayed 2 second(s)

2018-03-20 09:18:32 - [MESSAGE][PASSED] - Delayed 2 second(s)

2018-03-20 09:18:32 - [TEST_STEP][PASSED] - click: Object: 'Object Repository/03/Page_Filialsuche-rotenburg - BVR HT/svg_dropdown-icons' is clicked on

2018-03-20 09:18:32 - [MESSAGE][PASSED] - Object: 'Object Repository/03/Page_Filialsuche-rotenburg - BVR HT/svg_dropdown-icons' is clicked on

2018-03-20 09:18:32 - [TEST_STEP][PASSED] - delay: Delayed 2 second(s)

2018-03-20 09:18:34 - [MESSAGE][PASSED] - Delayed 2 second(s)

2018-03-20 09:18:34 - [TEST_STEP][PASSED] - mouseOver: Object: 'Object Repository/002/Page_Filialsuche - BVR HTML Prototy/div_Berlin' is hovered

2018-03-20 09:18:34 - [MESSAGE][PASSED] - Object: 'Object Repository/002/Page_Filialsuche - BVR HTML Prototy/div_Berlin' is hovered

2018-03-20 09:18:34 - [TEST_STEP][PASSED] - delay: Delayed 2 second(s)

2018-03-20 09:18:36 - [MESSAGE][PASSED] - Delayed 2 second(s)

2018-03-20 09:18:36 - [TEST_STEP][PASSED] - click: Object: 'Object Repository/002/Page_Filialsuche - BVR HTML Prototy/div_Berlin' is clicked on

2018-03-20 09:18:36 - [MESSAGE][PASSED] - Object: 'Object Repository/002/Page_Filialsuche - BVR HTML Prototy/div_Berlin' is clicked on

2018-03-20 09:18:36 - [TEST_STEP][PASSED] - delay: Delayed 5 second(s)

2018-03-20 09:18:41 - [MESSAGE][PASSED] - Delayed 5 second(s)

2018-03-20 09:18:41 - [TEST_STEP][PASSED] - click: Object: 'Object Repository/TF17/Page_Filialsuche - BVR HTML Prototy/span_Berliner Volksbank eG Fil' is clicked on

2018-03-20 09:18:41 - [MESSAGE][PASSED] - Object: 'Object Repository/TF17/Page_Filialsuche - BVR HTML Prototy/span_Berliner Volksbank eG Fil' is clicked on

2018-03-20 09:18:41 - [TEST_STEP][PASSED] - delay: Delayed 2 second(s)

2018-03-20 09:18:43 - [MESSAGE][PASSED] - Delayed 2 second(s)

2018-03-20 09:18:43 - [TEST_STEP][PASSED] - verifyTextPresent: Text 'Alt-Moabit 82' is present on page 

2018-03-20 09:18:43 - [MESSAGE][PASSED] - Text 'Alt-Moabit 82' is present on page 

2018-03-20 09:18:43 - [TEST_STEP][PASSED] - verifyTextPresent: Text '10555 Berlin' is present on page 

2018-03-20 09:18:44 - [MESSAGE][PASSED] - Text '10555 Berlin' is present on page 

2018-03-20 09:18:44 - [TEST_STEP][PASSED] - click: Object: 'Object Repository/TF17/Page_Filialsuche - BVR HTML Prototy/span_Berliner Volksbank eG Fil_1' is clicked on

2018-03-20 09:18:44 - [MESSAGE][PASSED] - Object: 'Object Repository/TF17/Page_Filialsuche - BVR HTML Prototy/span_Berliner Volksbank eG Fil_1' is clicked on

2018-03-20 09:18:44 - [TEST_STEP][PASSED] - delay: Delayed 2 second(s)

2018-03-20 09:18:46 - [MESSAGE][PASSED] - Delayed 2 second(s)

2018-03-20 09:18:46 - [TEST_STEP][PASSED] - verifyTextPresent: Text 'Alt-Rudow 71' is present on page 

2018-03-20 09:18:46 - [MESSAGE][PASSED] - Text 'Alt-Rudow 71' is present on page 

2018-03-20 09:18:46 - [TEST_STEP][PASSED] - verifyTextPresent: Text '12355 Berlin' is present on page 

2018-03-20 09:18:46 - [MESSAGE][PASSED] - Text '12355 Berlin' is present on page 

2018-03-20 09:18:46 - [TEST_STEP][PASSED] - click: Object: 'Object Repository/TF17/Page_Filialsuche - BVR HTML Prototy/span_Berliner Volksbank eG Fin' is clicked on

2018-03-20 09:18:46 - [MESSAGE][PASSED] - Object: 'Object Repository/TF17/Page_Filialsuche - BVR HTML Prototy/span_Berliner Volksbank eG Fin' is clicked on

2018-03-20 09:18:46 - [TEST_STEP][PASSED] - delay: Delayed 2 second(s)

2018-03-20 09:18:48 - [MESSAGE][PASSED] - Delayed 2 second(s)

2018-03-20 09:18:48 - [TEST_STEP][PASSED] - verifyTextPresent: Text 'Bahnhofstr. 19' is present on page 

2018-03-20 09:18:48 - [MESSAGE][PASSED] - Text 'Bahnhofstr. 19' is present on page 

2018-03-20 09:18:48 - [TEST_STEP][PASSED] - verifyTextPresent: Text '12555 Berlin' is present on page 

2018-03-20 09:18:48 - [MESSAGE][PASSED] - Text '12555 Berlin' is present on page 

2018-03-20 09:18:48 - [TEST_STEP][PASSED] - click: Object: 'Object Repository/TF17/Page_Filialsuche - BVR HTML Prototy/span_Berliner Volksbank eG Fin_1' is clicked on

2018-03-20 09:18:48 - [MESSAGE][PASSED] - Object: 'Object Repository/TF17/Page_Filialsuche - BVR HTML Prototy/span_Berliner Volksbank eG Fin_1' is clicked on

2018-03-20 09:18:48 - [TEST_STEP][PASSED] - delay: Delayed 2 second(s)

2018-03-20 09:18:50 - [MESSAGE][PASSED] - Delayed 2 second(s)

2018-03-20 09:18:50 - [TEST_STEP][PASSED] - verifyTextPresent: Text 'Bahnhofstr. 50' is present on page 

2018-03-20 09:18:50 - [MESSAGE][PASSED] - Text 'Bahnhofstr. 50' is present on page 

2018-03-20 09:18:50 - [TEST_STEP][PASSED] - verifyTextPresent: Text '12305 Berlin' is present on page 

2018-03-20 09:18:50 - [MESSAGE][PASSED] - Text '12305 Berlin' is present on page 

2018-03-20 09:18:50 - [TEST_STEP][PASSED] - click: Object: 'Object Repository/TF17/Page_Filialsuche - BVR HTML Prototy/span_Berliner Volksbank eG Fil_2' is clicked on

2018-03-20 09:18:50 - [MESSAGE][PASSED] - Object: 'Object Repository/TF17/Page_Filialsuche - BVR HTML Prototy/span_Berliner Volksbank eG Fil_2' is clicked on

2018-03-20 09:18:50 - [TEST_STEP][PASSED] - delay: Delayed 2 second(s)

2018-03-20 09:18:52 - [MESSAGE][PASSED] - Delayed 2 second(s)

2018-03-20 09:18:52 - [TEST_STEP][PASSED] - verifyTextPresent: Text 'Baumschulenstr. 96' is present on page 

2018-03-20 09:18:52 - [MESSAGE][PASSED] - Text 'Baumschulenstr. 96' is present on page 

2018-03-20 09:18:52 - [TEST_STEP][PASSED] - verifyTextPresent: Text '12437 Berlin' is present on page 

2018-03-20 09:18:52 - [MESSAGE][PASSED] - Text '12437 Berlin' is present on page 

2018-03-20 09:18:52 - [TEST_STEP][PASSED] - scrollToElement: Scroll to object 'Object Repository/TF17/Page_Filialsuche - BVR HTML Prototy/span_Berliner Volksbank eG Fin_2' successfully

2018-03-20 09:18:52 - [MESSAGE][WARNING] - Timeout '0' is invalid. Using default page load timeout: '30'

2018-03-20 09:18:52 - [MESSAGE][PASSED] - Scroll to object 'Object Repository/TF17/Page_Filialsuche - BVR HTML Prototy/span_Berliner Volksbank eG Fin_2' successfully

2018-03-20 09:18:52 - [TEST_STEP][PASSED] - click: Object: 'Object Repository/TF17/Page_Filialsuche - BVR HTML Prototy/span_Berliner Volksbank eG Fin_2' is clicked on

2018-03-20 09:18:52 - [MESSAGE][PASSED] - Object: 'Object Repository/TF17/Page_Filialsuche - BVR HTML Prototy/span_Berliner Volksbank eG Fin_2' is clicked on

2018-03-20 09:18:52 - [TEST_STEP][PASSED] - delay: Delayed 2 second(s)

2018-03-20 09:18:54 - [MESSAGE][PASSED] - Delayed 2 second(s)

2018-03-20 09:18:54 - [TEST_STEP][PASSED] - verifyTextPresent: Text 'Berliner Allee 19-21' is present on page 

2018-03-20 09:18:54 - [MESSAGE][PASSED] - Text 'Berliner Allee 19-21' is present on page 

2018-03-20 09:18:54 - [TEST_STEP][PASSED] - verifyTextPresent: Text '13088 Berlin' is present on page 

2018-03-20 09:18:54 - [MESSAGE][PASSED] - Text '13088 Berlin' is present on page 

2018-03-20 09:18:54 - [TEST_STEP][PASSED] - click: Object: 'Object Repository/TF17/Page_Filialsuche - BVR HTML Prototy/a_2' is clicked on

2018-03-20 09:18:54 - [MESSAGE][PASSED] - Object: 'Object Repository/TF17/Page_Filialsuche - BVR HTML Prototy/a_2' is clicked on

2018-03-20 09:18:54 - [TEST_STEP][PASSED] - click: Object: 'Object Repository/TF17/Page_Filialsuche - BVR HTML Prototy/span_Berliner Volksbank eG Fin_3' is clicked on

2018-03-20 09:18:55 - [MESSAGE][PASSED] - Object: 'Object Repository/TF17/Page_Filialsuche - BVR HTML Prototy/span_Berliner Volksbank eG Fin_3' is clicked on

2018-03-20 09:18:55 - [TEST_STEP][PASSED] - delay: Delayed 2 second(s)

2018-03-20 09:18:57 - [MESSAGE][PASSED] - Delayed 2 second(s)

2018-03-20 09:18:57 - [TEST_STEP][PASSED] - verifyTextPresent: Text 'Berliner Str. 98' is present on page 

2018-03-20 09:18:57 - [MESSAGE][PASSED] - Text 'Berliner Str. 98' is present on page 

2018-03-20 09:18:57 - [TEST_STEP][PASSED] - verifyTextPresent: Text '13507 Berlin' is present on page 

2018-03-20 09:18:57 - [MESSAGE][PASSED] - Text '13507 Berlin' is present on page 

2018-03-20 09:18:57 - [TEST_STEP][PASSED] - click: Object: 'Object Repository/TF17/Page_Filialsuche - BVR HTML Prototy (1)/span_Berliner Volksbank eG Fil' is clicked on

2018-03-20 09:18:57 - [MESSAGE][PASSED] - Object: 'Object Repository/TF17/Page_Filialsuche - BVR HTML Prototy (1)/span_Berliner Volksbank eG Fil' is clicked on

2018-03-20 09:18:57 - [TEST_STEP][PASSED] - delay: Delayed 2 second(s)

2018-03-20 09:18:59 - [MESSAGE][PASSED] - Delayed 2 second(s)

2018-03-20 09:18:59 - [TEST_STEP][PASSED] - verifyTextPresent: Text 'Bornholmer Str. 1' is present on page 

2018-03-20 09:18:59 - [MESSAGE][PASSED] - Text 'Bornholmer Str. 1' is present on page 

2018-03-20 09:18:59 - [TEST_STEP][PASSED] - verifyTextPresent: Text '10439 Berlin' is present on page 

2018-03-20 09:18:59 - [MESSAGE][PASSED] - Text '10439 Berlin' is present on page 

2018-03-20 09:18:59 - [TEST_STEP][PASSED] - click: Object: 'Object Repository/TF17/Page_Filialsuche - BVR HTML Prototy (1)/span_Berliner Volksbank eG Fin' is clicked on

2018-03-20 09:18:59 - [MESSAGE][PASSED] - Object: 'Object Repository/TF17/Page_Filialsuche - BVR HTML Prototy (1)/span_Berliner Volksbank eG Fin' is clicked on

2018-03-20 09:18:59 - [TEST_STEP][PASSED] - delay: Delayed 2 second(s)

2018-03-20 09:19:01 - [MESSAGE][PASSED] - Delayed 2 second(s)

2018-03-20 09:19:01 - [TEST_STEP][PASSED] - verifyTextPresent: Text 'Brandenburgische Str. 86-87' is present on page 

2018-03-20 09:19:01 - [MESSAGE][PASSED] - Text 'Brandenburgische Str. 86-87' is present on page 

2018-03-20 09:19:01 - [TEST_STEP][PASSED] - verifyTextPresent: Text '10713 Berlin' is present on page 

2018-03-20 09:19:01 - [MESSAGE][PASSED] - Text '10713 Berlin' is present on page 

2018-03-20 09:19:01 - [TEST_STEP][PASSED] - click: Object: 'Object Repository/TF17/Page_Filialsuche - BVR HTML Prototy (1)/span_Berliner Volksbank eG Fin_1' is clicked on

2018-03-20 09:19:01 - [MESSAGE][PASSED] - Object: 'Object Repository/TF17/Page_Filialsuche - BVR HTML Prototy (1)/span_Berliner Volksbank eG Fin_1' is clicked on

2018-03-20 09:19:01 - [TEST_STEP][PASSED] - delay: Delayed 2 second(s)

2018-03-20 09:19:03 - [MESSAGE][PASSED] - Delayed 2 second(s)

2018-03-20 09:19:03 - [TEST_STEP][PASSED] - verifyTextPresent: Text 'Brodauer Str. 45' is present on page 

2018-03-20 09:19:03 - [MESSAGE][PASSED] - Text 'Brodauer Str. 45' is present on page 

2018-03-20 09:19:03 - [TEST_STEP][PASSED] - verifyTextPresent: Text '12621 Berlin' is present on page 

2018-03-20 09:19:03 - [MESSAGE][PASSED] - Text '12621 Berlin' is present on page 

2018-03-20 09:19:03 - [TEST_STEP][PASSED] - click: Object: 'Object Repository/TF17/Page_Filialsuche - BVR HTML Prototy (1)/span_Berliner Volksbank eG Fin_2' is clicked on

2018-03-20 09:19:03 - [MESSAGE][PASSED] - Object: 'Object Repository/TF17/Page_Filialsuche - BVR HTML Prototy (1)/span_Berliner Volksbank eG Fin_2' is clicked on

2018-03-20 09:19:03 - [TEST_STEP][PASSED] - delay: Delayed 2 second(s)

2018-03-20 09:19:05 - [MESSAGE][PASSED] - Delayed 2 second(s)

2018-03-20 09:19:05 - [TEST_STEP][PASSED] - verifyTextPresent: Text 'Frankfurter Allee 69' is present on page 

2018-03-20 09:19:05 - [MESSAGE][PASSED] - Text 'Frankfurter Allee 69' is present on page 

2018-03-20 09:19:05 - [TEST_STEP][PASSED] - verifyTextPresent: Text '10247 Berlin' is present on page 

2018-03-20 09:19:05 - [MESSAGE][PASSED] - Text '10247 Berlin' is present on page 

2018-03-20 09:19:05 - [TEST_STEP][PASSED] - click: Object: 'Object Repository/TF17/Page_Filialsuche - BVR HTML Prototy (1)/span_Berliner Volksbank eG Fin_3' is clicked on

2018-03-20 09:19:05 - [MESSAGE][PASSED] - Object: 'Object Repository/TF17/Page_Filialsuche - BVR HTML Prototy (1)/span_Berliner Volksbank eG Fin_3' is clicked on

2018-03-20 09:19:05 - [TEST_STEP][PASSED] - delay: Delayed 2 second(s)

2018-03-20 09:19:07 - [MESSAGE][PASSED] - Delayed 2 second(s)

2018-03-20 09:19:07 - [TEST_STEP][PASSED] - verifyTextPresent: Text 'Friedrichstr. 108-109' is present on page 

2018-03-20 09:19:07 - [MESSAGE][PASSED] - Text 'Friedrichstr. 108-109' is present on page 

2018-03-20 09:19:07 - [TEST_STEP][PASSED] - verifyTextPresent: Text '10117 Berlin' is present on page 

2018-03-20 09:19:07 - [MESSAGE][PASSED] - Text '10117 Berlin' is present on page 

2018-03-20 09:19:07 - [TEST_STEP][PASSED] - click: Object: 'Object Repository/TF17/Page_Filialsuche - BVR HTML Prototy (1)/a_3' is clicked on

2018-03-20 09:19:08 - [MESSAGE][PASSED] - Object: 'Object Repository/TF17/Page_Filialsuche - BVR HTML Prototy (1)/a_3' is clicked on

2018-03-20 09:19:08 - [TEST_STEP][PASSED] - click: Object: 'Object Repository/TF17/Page_Filialsuche - BVR HTML Prototy (1)/span_Berliner Volksbank eG Fil_1' is clicked on

2018-03-20 09:19:08 - [MESSAGE][PASSED] - Object: 'Object Repository/TF17/Page_Filialsuche - BVR HTML Prototy (1)/span_Berliner Volksbank eG Fil_1' is clicked on

2018-03-20 09:19:08 - [TEST_STEP][PASSED] - delay: Delayed 2 second(s)

2018-03-20 09:19:10 - [MESSAGE][PASSED] - Delayed 2 second(s)

2018-03-20 09:19:10 - [TEST_STEP][PASSED] - verifyTextPresent: Text 'Karl-Marx-Str. 71' is present on page 

2018-03-20 09:19:10 - [MESSAGE][PASSED] - Text 'Karl-Marx-Str. 71' is present on page 

2018-03-20 09:19:10 - [TEST_STEP][PASSED] - verifyTextPresent: Text '12043 Berlin' is present on page 

2018-03-20 09:19:10 - [MESSAGE][PASSED] - Text '12043 Berlin' is present on page 

2018-03-20 09:19:10 - [TEST_STEP][PASSED] - click: Object: 'Object Repository/TF17/Page_Filialsuche - BVR HTML Prototy (1)/span_Berliner Volksbank eG Fil_2' is clicked on

2018-03-20 09:19:10 - [MESSAGE][PASSED] - Object: 'Object Repository/TF17/Page_Filialsuche - BVR HTML Prototy (1)/span_Berliner Volksbank eG Fil_2' is clicked on

2018-03-20 09:19:10 - [TEST_STEP][PASSED] - click: Object: 'Object Repository/TF17/Page_Filialsuche - BVR HTML Prototy (1)/span_Berliner Volksbank eG Fin_4' is clicked on

2018-03-20 09:19:10 - [MESSAGE][PASSED] - Object: 'Object Repository/TF17/Page_Filialsuche - BVR HTML Prototy (1)/span_Berliner Volksbank eG Fin_4' is clicked on

2018-03-20 09:19:10 - [TEST_STEP][PASSED] - delay: Delayed 2 second(s)

2018-03-20 09:19:12 - [MESSAGE][PASSED] - Delayed 2 second(s)

2018-03-20 09:19:12 - [TEST_STEP][PASSED] - click: Object: 'Object Repository/TF17/Page_Filialsuche - BVR HTML Prototy (1)/span_Berliner Volksbank eG Fil_3' is clicked on

2018-03-20 09:19:12 - [MESSAGE][PASSED] - Object: 'Object Repository/TF17/Page_Filialsuche - BVR HTML Prototy (1)/span_Berliner Volksbank eG Fil_3' is clicked on

2018-03-20 09:19:12 - [TEST_STEP][PASSED] - delay: Delayed 2 second(s)

2018-03-20 09:19:14 - [MESSAGE][PASSED] - Delayed 2 second(s)

2018-03-20 09:19:14 - [TEST_STEP][PASSED] - verifyTextPresent: Text 'Kranoldplatz 2' is present on page 

2018-03-20 09:19:14 - [MESSAGE][PASSED] - Text 'Kranoldplatz 2' is present on page 

2018-03-20 09:19:14 - [TEST_STEP][PASSED] - verifyTextPresent: Text '12209 Berlin' is present on page 

2018-03-20 09:19:14 - [MESSAGE][PASSED] - Text '12209 Berlin' is present on page 

2018-03-20 09:19:14 - [TEST_STEP][PASSED] - click: Object: 'Object Repository/TF17/Page_Filialsuche - BVR HTML Prototy (1)/span_Berliner Volksbank eG Fil_4' is clicked on

2018-03-20 09:19:14 - [MESSAGE][PASSED] - Object: 'Object Repository/TF17/Page_Filialsuche - BVR HTML Prototy (1)/span_Berliner Volksbank eG Fil_4' is clicked on

2018-03-20 09:19:14 - [TEST_STEP][PASSED] - click: Object: 'Object Repository/TF17/Page_Filialsuche - BVR HTML Prototy (1)/span_Berliner Volksbank eG Fin_5' is clicked on

2018-03-20 09:19:14 - [MESSAGE][PASSED] - Object: 'Object Repository/TF17/Page_Filialsuche - BVR HTML Prototy (1)/span_Berliner Volksbank eG Fin_5' is clicked on

2018-03-20 09:19:14 - [TEST_STEP][PASSED] - delay: Delayed 2 second(s)

2018-03-20 09:19:16 - [MESSAGE][PASSED] - Delayed 2 second(s)

2018-03-20 09:19:16 - [TEST_STEP][PASSED] - verifyTextPresent: Text 'Kurfürstendamm 46' is present on page 

2018-03-20 09:19:16 - [MESSAGE][PASSED] - Text 'Kurfürstendamm 46' is present on page 

2018-03-20 09:19:16 - [TEST_STEP][PASSED] - verifyTextPresent: Text '10707 Berlin' is present on page 

2018-03-20 09:19:16 - [MESSAGE][PASSED] - Text '10707 Berlin' is present on page 

2018-03-20 09:19:16 - [TEST_STEP][PASSED] - click: Object: 'Object Repository/TF17/Page_Filialsuche - BVR HTML Prototy (1)/a_4' is clicked on

2018-03-20 09:19:16 - [MESSAGE][PASSED] - Object: 'Object Repository/TF17/Page_Filialsuche - BVR HTML Prototy (1)/a_4' is clicked on

2018-03-20 09:19:16 - [TEST_STEP][PASSED] - click: Object: 'Object Repository/TF17/Page_Filialsuche - BVR HTML Prototy (1)/span_Berliner Volksbank eG Fil_5' is clicked on

2018-03-20 09:19:17 - [MESSAGE][PASSED] - Object: 'Object Repository/TF17/Page_Filialsuche - BVR HTML Prototy (1)/span_Berliner Volksbank eG Fil_5' is clicked on

2018-03-20 09:19:17 - [TEST_STEP][PASSED] - delay: Delayed 2 second(s)

2018-03-20 09:19:19 - [MESSAGE][PASSED] - Delayed 2 second(s)

2018-03-20 09:19:19 - [TEST_STEP][PASSED] - verifyTextPresent: Text 'Ludolfingerplatz 7' is present on page 

2018-03-20 09:19:19 - [MESSAGE][PASSED] - Text 'Ludolfingerplatz 7' is present on page 

2018-03-20 09:19:19 - [TEST_STEP][PASSED] - verifyTextPresent: Text '13465 Berlin' is present on page 

2018-03-20 09:19:19 - [MESSAGE][PASSED] - Text '13465 Berlin' is present on page 

2018-03-20 09:19:19 - [TEST_STEP][PASSED] - click: Object: 'Object Repository/TF17/Page_Filialsuche - BVR HTML Prototy (1)/span_Berliner Volksbank eG Fin_6' is clicked on

2018-03-20 09:19:19 - [MESSAGE][PASSED] - Object: 'Object Repository/TF17/Page_Filialsuche - BVR HTML Prototy (1)/span_Berliner Volksbank eG Fin_6' is clicked on

2018-03-20 09:19:19 - [TEST_STEP][PASSED] - delay: Delayed 2 second(s)

2018-03-20 09:19:21 - [MESSAGE][PASSED] - Delayed 2 second(s)

2018-03-20 09:19:21 - [TEST_STEP][PASSED] - verifyTextPresent: Text 'Mariendorfer Damm 88-90' is present on page 

2018-03-20 09:19:21 - [MESSAGE][PASSED] - Text 'Mariendorfer Damm 88-90' is present on page 

2018-03-20 09:19:21 - [TEST_STEP][PASSED] - verifyTextPresent: Text '12109 Berlin' is present on page 

2018-03-20 09:19:21 - [MESSAGE][PASSED] - Text '12109 Berlin' is present on page 

2018-03-20 09:19:21 - [TEST_STEP][PASSED] - click: Object: 'Object Repository/TF17/Page_Filialsuche - BVR HTML Prototy (1)/span_Berliner Volksbank eG Fil_6' is clicked on

2018-03-20 09:19:21 - [MESSAGE][PASSED] - Object: 'Object Repository/TF17/Page_Filialsuche - BVR HTML Prototy (1)/span_Berliner Volksbank eG Fil_6' is clicked on

2018-03-20 09:19:21 - [TEST_STEP][PASSED] - click: Object: 'Object Repository/TF17/Page_Filialsuche - BVR HTML Prototy (1)/span_Berliner Volksbank eG Fin_7' is clicked on

2018-03-20 09:19:21 - [MESSAGE][PASSED] - Object: 'Object Repository/TF17/Page_Filialsuche - BVR HTML Prototy (1)/span_Berliner Volksbank eG Fin_7' is clicked on

2018-03-20 09:19:21 - [TEST_STEP][PASSED] - delay: Delayed 2 second(s)

2018-03-20 09:19:23 - [MESSAGE][PASSED] - Delayed 2 second(s)

2018-03-20 09:19:23 - [TEST_STEP][PASSED] - click: Object: 'Object Repository/TF17/Page_Filialsuche - BVR HTML Prototy (1)/span_Berliner Volksbank eG Fil_7' is clicked on

2018-03-20 09:19:23 - [MESSAGE][PASSED] - Object: 'Object Repository/TF17/Page_Filialsuche - BVR HTML Prototy (1)/span_Berliner Volksbank eG Fil_7' is clicked on

2018-03-20 09:19:23 - [TEST_STEP][PASSED] - click: Object: 'Object Repository/TF17/Page_Filialsuche - BVR HTML Prototy (1)/span_Berliner Volksbank eG Fil_8' is clicked on

2018-03-20 09:19:23 - [MESSAGE][PASSED] - Object: 'Object Repository/TF17/Page_Filialsuche - BVR HTML Prototy (1)/span_Berliner Volksbank eG Fil_8' is clicked on

2018-03-20 09:19:23 - [TEST_STEP][PASSED] - delay: Delayed 2 second(s)

2018-03-20 09:19:25 - [MESSAGE][PASSED] - Delayed 2 second(s)

2018-03-20 09:19:25 - [TEST_STEP][PASSED] - click: Object: 'Object Repository/TF17/Page_Filialsuche - BVR HTML Prototy (1)/a_5' is clicked on

2018-03-20 09:19:25 - [MESSAGE][PASSED] - Object: 'Object Repository/TF17/Page_Filialsuche - BVR HTML Prototy (1)/a_5' is clicked on

2018-03-20 09:19:25 - [TEST_STEP][PASSED] - click: Object: 'Object Repository/TF17/Page_Filialsuche - BVR HTML Prototy (1)/span_Berliner Volksbank eG Fil_9' is clicked on

2018-03-20 09:19:25 - [MESSAGE][PASSED] - Object: 'Object Repository/TF17/Page_Filialsuche - BVR HTML Prototy (1)/span_Berliner Volksbank eG Fil_9' is clicked on

2018-03-20 09:19:25 - [TEST_STEP][PASSED] - click: Object: 'Object Repository/TF17/Page_Filialsuche - BVR HTML Prototy (1)/span_Berliner Volksbank eG Fil_10' is clicked on

2018-03-20 09:19:25 - [MESSAGE][PASSED] - Object: 'Object Repository/TF17/Page_Filialsuche - BVR HTML Prototy (1)/span_Berliner Volksbank eG Fil_10' is clicked on

2018-03-20 09:19:25 - [TEST_STEP][PASSED] - delay: Delayed 2 second(s)

2018-03-20 09:19:27 - [MESSAGE][PASSED] - Delayed 2 second(s)

2018-03-20 09:19:27 - [TEST_STEP][PASSED] - click: Object: 'Object Repository/TF17/Page_Filialsuche - BVR HTML Prototy (1)/span_Berliner Volksbank eG Fil_11' is clicked on

2018-03-20 09:19:28 - [MESSAGE][PASSED] - Object: 'Object Repository/TF17/Page_Filialsuche - BVR HTML Prototy (1)/span_Berliner Volksbank eG Fil_11' is clicked on

2018-03-20 09:19:28 - [TEST_STEP][PASSED] - click: Object: 'Object Repository/TF17/Page_Filialsuche - BVR HTML Prototy (1)/span_Berliner Volksbank eG Fil_12' is clicked on

2018-03-20 09:19:28 - [MESSAGE][PASSED] - Object: 'Object Repository/TF17/Page_Filialsuche - BVR HTML Prototy (1)/span_Berliner Volksbank eG Fil_12' is clicked on

2018-03-20 09:19:28 - [TEST_STEP][PASSED] - delay: Delayed 2 second(s)

2018-03-20 09:19:30 - [MESSAGE][PASSED] - Delayed 2 second(s)

2018-03-20 09:19:30 - [TEST_STEP][PASSED] - click: Object: 'Object Repository/TF17/Page_Filialsuche - BVR HTML Prototy (1)/span_Berliner Volksbank eG Fil_13' is clicked on

2018-03-20 09:19:30 - [MESSAGE][PASSED] - Object: 'Object Repository/TF17/Page_Filialsuche - BVR HTML Prototy (1)/span_Berliner Volksbank eG Fil_13' is clicked on

2018-03-20 09:19:30 - [TEST_STEP][PASSED] - delay: Delayed 5 second(s)

2018-03-20 09:19:35 - [MESSAGE][PASSED] - Delayed 5 second(s)

2018-03-20 09:19:35 - [TEST_STEP][PASSED] - verifyTextPresent: Text 'Scharnweberstr. 14' is present on page 

2018-03-20 09:19:35 - [MESSAGE][PASSED] - Text 'Scharnweberstr. 14' is present on page 

2018-03-20 09:19:35 - [TEST_STEP][PASSED] - verifyTextPresent: Text '13405 Berlin' is present on page 

2018-03-20 09:19:35 - [MESSAGE][PASSED] - Text '13405 Berlin' is present on page 

2018-03-20 09:19:35 - [TEST_STEP][PASSED] - click: Object: 'Object Repository/TF17/Page_Filialsuche - BVR HTML Prototy (1)/span_Berliner Volksbank eG Fin_8' is clicked on

2018-03-20 09:19:35 - [MESSAGE][PASSED] - Object: 'Object Repository/TF17/Page_Filialsuche - BVR HTML Prototy (1)/span_Berliner Volksbank eG Fin_8' is clicked on

2018-03-20 09:19:35 - [TEST_STEP][PASSED] - delay: Delayed 2 second(s)

2018-03-20 09:19:37 - [MESSAGE][PASSED] - Delayed 2 second(s)

2018-03-20 09:19:37 - [TEST_STEP][PASSED] - verifyTextPresent: Text 'Schloßstr. 46' is present on page 

2018-03-20 09:19:37 - [MESSAGE][PASSED] - Text 'Schloßstr. 46' is present on page 

2018-03-20 09:19:37 - [TEST_STEP][PASSED] - verifyTextPresent: Text '12165 Berlin' is present on page 

2018-03-20 09:19:37 - [MESSAGE][PASSED] - Text '12165 Berlin' is present on page 

2018-03-20 09:19:37 - [TEST_STEP][PASSED] - click: Object: 'Object Repository/TF17/Page_Filialsuche - BVR HTML Prototy (1)/a_6' is clicked on

2018-03-20 09:19:37 - [MESSAGE][PASSED] - Object: 'Object Repository/TF17/Page_Filialsuche - BVR HTML Prototy (1)/a_6' is clicked on

2018-03-20 09:19:37 - [TEST_STEP][PASSED] - click: Object: 'Object Repository/TF17/Page_Filialsuche - BVR HTML Prototy (1)/span_Berliner Volksbank eG Fil_14' is clicked on

2018-03-20 09:19:37 - [MESSAGE][PASSED] - Object: 'Object Repository/TF17/Page_Filialsuche - BVR HTML Prototy (1)/span_Berliner Volksbank eG Fil_14' is clicked on

2018-03-20 09:19:37 - [TEST_STEP][PASSED] - click: Object: 'Object Repository/TF17/Page_Filialsuche - BVR HTML Prototy (1)/span_Berliner Volksbank eG Fin_9' is clicked on

2018-03-20 09:19:37 - [MESSAGE][PASSED] - Object: 'Object Repository/TF17/Page_Filialsuche - BVR HTML Prototy (1)/span_Berliner Volksbank eG Fin_9' is clicked on

2018-03-20 09:19:37 - [TEST_STEP][PASSED] - delay: Delayed 2 second(s)

2018-03-20 09:19:39 - [MESSAGE][PASSED] - Delayed 2 second(s)

2018-03-20 09:19:39 - [TEST_STEP][PASSED] - click: Object: 'Object Repository/TF17/Page_Filialsuche - BVR HTML Prototy (1)/span_Berliner Volksbank eG Fil_15' is clicked on

2018-03-20 09:19:39 - [MESSAGE][PASSED] - Object: 'Object Repository/TF17/Page_Filialsuche - BVR HTML Prototy (1)/span_Berliner Volksbank eG Fil_15' is clicked on

2018-03-20 09:19:39 - [TEST_STEP][PASSED] - delay: Delayed 2 second(s)

2018-03-20 09:19:41 - [MESSAGE][PASSED] - Delayed 2 second(s)

2018-03-20 09:19:41 - [TEST_STEP][PASSED] - verifyTextPresent: Text 'Tempelhofer Damm 159' is present on page 

2018-03-20 09:19:41 - [MESSAGE][PASSED] - Text 'Tempelhofer Damm 159' is present on page 

2018-03-20 09:19:41 - [TEST_STEP][PASSED] - verifyTextPresent: Text '12099 Berlin' is present on page 

2018-03-20 09:19:41 - [MESSAGE][PASSED] - Text '12099 Berlin' is present on page 

2018-03-20 09:19:41 - [TEST_STEP][PASSED] - click: Object: 'Object Repository/TF17/Page_Filialsuche - BVR HTML Prototy (1)/span_Berliner Volksbank eG Fin_10' is clicked on

2018-03-20 09:19:41 - [MESSAGE][PASSED] - Object: 'Object Repository/TF17/Page_Filialsuche - BVR HTML Prototy (1)/span_Berliner Volksbank eG Fin_10' is clicked on

2018-03-20 09:19:41 - [TEST_STEP][PASSED] - delay: Delayed 2 second(s)

2018-03-20 09:19:43 - [MESSAGE][PASSED] - Delayed 2 second(s)

2018-03-20 09:19:43 - [TEST_STEP][PASSED] - verifyTextPresent: Text 'Wilmersdorfer Straße 65/66' is present on page 

2018-03-20 09:19:43 - [MESSAGE][PASSED] - Text 'Wilmersdorfer Straße 65/66' is present on page 

2018-03-20 09:19:43 - [TEST_STEP][PASSED] - verifyTextPresent: Text '10627 Berlin' is present on page 

2018-03-20 09:19:43 - [MESSAGE][PASSED] - Text '10627 Berlin' is present on page 

2018-03-20 09:19:43 - [TEST_STEP][PASSED] - click: Object: 'Object Repository/TF17/Page_Filialsuche - BVR HTML Prototy (1)/span_Berliner Volksbank eG' is clicked on

2018-03-20 09:19:43 - [MESSAGE][PASSED] - Object: 'Object Repository/TF17/Page_Filialsuche - BVR HTML Prototy (1)/span_Berliner Volksbank eG' is clicked on

2018-03-20 09:19:43 - [TEST_STEP][PASSED] - click: Object: 'Object Repository/TF17/Page_Filialsuche - BVR HTML Prototy (1)/span_Berliner Volksbank eG Fin_11' is clicked on

2018-03-20 09:19:44 - [MESSAGE][PASSED] - Object: 'Object Repository/TF17/Page_Filialsuche - BVR HTML Prototy (1)/span_Berliner Volksbank eG Fin_11' is clicked on

2018-03-20 09:19:44 - [TEST_STEP][PASSED] - delay: Delayed 2 second(s)

2018-03-20 09:19:46 - [MESSAGE][PASSED] - Delayed 2 second(s)

2018-03-20 09:19:46 - [TEST_STEP][PASSED] - click: Object: 'Object Repository/TF17/Page_Filialsuche - BVR HTML Prototy (1)/a_7' is clicked on

2018-03-20 09:19:46 - [MESSAGE][PASSED] - Object: 'Object Repository/TF17/Page_Filialsuche - BVR HTML Prototy (1)/a_7' is clicked on

2018-03-20 09:19:46 - [TEST_STEP][PASSED] - delay: Delayed 2 second(s)

2018-03-20 09:19:48 - [MESSAGE][PASSED] - Delayed 2 second(s)

2018-03-20 09:19:48 - [TEST_STEP][PASSED] - click: Object: 'Object Repository/TF17/Page_Filialsuche - BVR HTML Prototy (1)/span_Berliner Volksbank eG Fil_16' is clicked on

2018-03-20 09:19:48 - [MESSAGE][PASSED] - Object: 'Object Repository/TF17/Page_Filialsuche - BVR HTML Prototy (1)/span_Berliner Volksbank eG Fil_16' is clicked on

2018-03-20 09:19:48 - [TEST_STEP][PASSED] - delay: Delayed 2 second(s)

2018-03-20 09:19:50 - [MESSAGE][PASSED] - Delayed 2 second(s)

2018-03-20 09:19:50 - [TEST_STEP][PASSED] - verifyTextPresent: Text 'Wormser Str. 6' is present on page 

2018-03-20 09:19:50 - [MESSAGE][PASSED] - Text 'Wormser Str. 6' is present on page 

2018-03-20 09:19:50 - [TEST_STEP][PASSED] - verifyTextPresent: Text '10789 Berlin' is present on page 

2018-03-20 09:19:50 - [MESSAGE][PASSED] - Text '10789 Berlin' is present on page 

2018-03-20 09:19:50 - [TEST_STEP][PASSED] - closeBrowser: Browser is closed

2018-03-20 09:19:50 - [MESSAGE][PASSED] - Browser is closed]]></system-out>
         <system-err><![CDATA[]]></system-err>
      </testcase>
      <testcase name="Test Cases/Prototyp_Filialsuche (RC 18)/18_Testfall" classname="Test Cases/Prototyp_Filialsuche (RC 18)/18_Testfall" status="PASSED">
         <system-out><![CDATA[2018-03-20 09:19:50 - [TEST_CASE][PASSED] - Test Cases/Prototyp_Filialsuche (RC 18)/18_Testfall: Test Cases/Prototyp_Filialsuche (RC 18)/18_Testfall

2018-03-20 09:19:50 - [TEST_STEP][PASSED] - openBrowser: Browser is opened with url: ''

2018-03-20 09:20:01 - [MESSAGE][PASSED] - Browser is opened with url: ''

2018-03-20 09:20:01 - [TEST_STEP][PASSED] - deleteAllCookies: Delete all cookies successfully

2018-03-20 09:20:01 - [MESSAGE][PASSED] - Delete all cookies successfully

2018-03-20 09:20:01 - [TEST_STEP][PASSED] - maximizeWindow: Current window maximized

2018-03-20 09:20:01 - [MESSAGE][PASSED] - Current window maximized

2018-03-20 09:20:01 - [TEST_STEP][PASSED] - navigateToUrl: Navigate to 'http://rc-ogrhtmlprototyp.testintern/18-1-0/filialsuche-rotenburg.html' successfully

2018-03-20 09:20:02 - [MESSAGE][PASSED] - Navigate to 'http://rc-ogrhtmlprototyp.testintern/18-1-0/filialsuche-rotenburg.html' successfully

2018-03-20 09:20:02 - [TEST_STEP][PASSED] - waitForPageLoad: Wait for page load successfully

2018-03-20 09:20:02 - [MESSAGE][WARNING] - Timeout '0' is invalid. Using default page load timeout: '30'

2018-03-20 09:20:07 - [MESSAGE][PASSED] - Wait for page load successfully

2018-03-20 09:20:07 - [TEST_STEP][PASSED] - delay: Delayed 4 second(s)

2018-03-20 09:20:11 - [MESSAGE][PASSED] - Delayed 4 second(s)

2018-03-20 09:20:11 - [TEST_STEP][PASSED] - click: Object: 'Object Repository/03/Page_Filialsuche-rotenburg - BVR HT/svg_dropdown-icons' is clicked on

2018-03-20 09:20:11 - [MESSAGE][PASSED] - Object: 'Object Repository/03/Page_Filialsuche-rotenburg - BVR HT/svg_dropdown-icons' is clicked on

2018-03-20 09:20:11 - [TEST_STEP][PASSED] - delay: Delayed 5 second(s)

2018-03-20 09:20:16 - [MESSAGE][PASSED] - Delayed 5 second(s)

2018-03-20 09:20:16 - [TEST_STEP][PASSED] - scrollToElement: Scroll to object 'Object Repository/002/Page_Filialsuche-rotenburg - BVR HT/div_Bad Hersfeld' successfully

2018-03-20 09:20:16 - [MESSAGE][WARNING] - Timeout '0' is invalid. Using default page load timeout: '30'

2018-03-20 09:20:16 - [MESSAGE][PASSED] - Scroll to object 'Object Repository/002/Page_Filialsuche-rotenburg - BVR HT/div_Bad Hersfeld' successfully

2018-03-20 09:20:16 - [TEST_STEP][PASSED] - mouseOver: Object: 'Object Repository/002/Page_Filialsuche-rotenburg - BVR HT/div_Bad Hersfeld' is hovered

2018-03-20 09:20:16 - [MESSAGE][PASSED] - Object: 'Object Repository/002/Page_Filialsuche-rotenburg - BVR HT/div_Bad Hersfeld' is hovered

2018-03-20 09:20:16 - [TEST_STEP][PASSED] - delay: Delayed 2 second(s)

2018-03-20 09:20:18 - [MESSAGE][PASSED] - Delayed 2 second(s)

2018-03-20 09:20:18 - [TEST_STEP][PASSED] - click: Object: 'Object Repository/03/Page_Filialsuche-rotenburg - BVR HT/div_Bad Hersfeld' is clicked on

2018-03-20 09:20:18 - [MESSAGE][PASSED] - Object: 'Object Repository/03/Page_Filialsuche-rotenburg - BVR HT/div_Bad Hersfeld' is clicked on

2018-03-20 09:20:18 - [TEST_STEP][PASSED] - delay: Delayed 2 second(s)

2018-03-20 09:20:20 - [MESSAGE][PASSED] - Delayed 2 second(s)

2018-03-20 09:20:20 - [TEST_STEP][PASSED] - click: Object: 'Object Repository/03/Page_Filialsuche-rotenburg - BVR HT/div_acc-wrapper' is clicked on

2018-03-20 09:20:20 - [MESSAGE][PASSED] - Object: 'Object Repository/03/Page_Filialsuche-rotenburg - BVR HT/div_acc-wrapper' is clicked on

2018-03-20 09:20:20 - [TEST_STEP][PASSED] - delay: Delayed 2 second(s)

2018-03-20 09:20:22 - [MESSAGE][PASSED] - Delayed 2 second(s)

2018-03-20 09:20:22 - [TEST_STEP][PASSED] - click: Object: 'Object Repository/03/Page_Filialsuche-rotenburg - BVR HT/a_Anfahrt' is clicked on

2018-03-20 09:20:22 - [MESSAGE][PASSED] - Object: 'Object Repository/03/Page_Filialsuche-rotenburg - BVR HT/a_Anfahrt' is clicked on

2018-03-20 09:20:22 - [TEST_STEP][PASSED] - setText: Text '10555' is set on object 'Object Repository/03/Page_Filialsuche-rotenburg - BVR HT/input_street'

2018-03-20 09:20:22 - [MESSAGE][PASSED] - Text '10555' is set on object 'Object Repository/03/Page_Filialsuche-rotenburg - BVR HT/input_street'

2018-03-20 09:20:22 - [TEST_STEP][PASSED] - setText: Text '10555' is set on object 'Object Repository/03/Page_Filialsuche-rotenburg - BVR HT/input_city'

2018-03-20 09:20:23 - [MESSAGE][PASSED] - Text '10555' is set on object 'Object Repository/03/Page_Filialsuche-rotenburg - BVR HT/input_city'

2018-03-20 09:20:23 - [TEST_STEP][PASSED] - setText: Text 'agricolastr' is set on object 'Object Repository/03/Page_Filialsuche-rotenburg - BVR HT/input_street'

2018-03-20 09:20:23 - [MESSAGE][PASSED] - Text 'agricolastr' is set on object 'Object Repository/03/Page_Filialsuche-rotenburg - BVR HT/input_street'

2018-03-20 09:20:23 - [TEST_STEP][PASSED] - click: Object: 'Object Repository/03/Page_Filialsuche-rotenburg - BVR HT/a_Zurck' is clicked on

2018-03-20 09:20:23 - [MESSAGE][PASSED] - Object: 'Object Repository/03/Page_Filialsuche-rotenburg - BVR HT/a_Zurck' is clicked on

2018-03-20 09:20:23 - [TEST_STEP][PASSED] - click: Object: 'Object Repository/03/Page_Filialsuche-rotenburg - BVR HT/div_aps-map__custom-marker' is clicked on

2018-03-20 09:20:24 - [MESSAGE][PASSED] - Object: 'Object Repository/03/Page_Filialsuche-rotenburg - BVR HT/div_aps-map__custom-marker' is clicked on

2018-03-20 09:20:24 - [TEST_STEP][PASSED] - click: Object: 'Object Repository/03/Page_Filialsuche-rotenburg - BVR HT/a_Anfahrt_1' is clicked on

2018-03-20 09:20:24 - [MESSAGE][PASSED] - Object: 'Object Repository/03/Page_Filialsuche-rotenburg - BVR HT/a_Anfahrt_1' is clicked on

2018-03-20 09:20:24 - [TEST_STEP][PASSED] - click: Object: 'Object Repository/03/Page_Filialsuche-rotenburg - BVR HT/a_Zurck' is clicked on

2018-03-20 09:20:25 - [MESSAGE][PASSED] - Object: 'Object Repository/03/Page_Filialsuche-rotenburg - BVR HT/a_Zurck' is clicked on

2018-03-20 09:20:25 - [TEST_STEP][PASSED] - delay: Delayed 2 second(s)

2018-03-20 09:20:27 - [MESSAGE][PASSED] - Delayed 2 second(s)

2018-03-20 09:20:27 - [TEST_STEP][PASSED] - click: Object: 'Object Repository/03/Page_Filialsuche-rotenburg - BVR HT/svg_dropdown-icons' is clicked on

2018-03-20 09:20:27 - [MESSAGE][PASSED] - Object: 'Object Repository/03/Page_Filialsuche-rotenburg - BVR HT/svg_dropdown-icons' is clicked on

2018-03-20 09:20:27 - [TEST_STEP][PASSED] - mouseOver: Object: 'Object Repository/03/Page_Filialsuche-rotenburg - BVR HT/div_Kirchheim' is hovered

2018-03-20 09:20:27 - [MESSAGE][PASSED] - Object: 'Object Repository/03/Page_Filialsuche-rotenburg - BVR HT/div_Kirchheim' is hovered

2018-03-20 09:20:27 - [TEST_STEP][PASSED] - click: Object: 'Object Repository/03/Page_Filialsuche-rotenburg - BVR HT/div_Kirchheim' is clicked on

2018-03-20 09:20:27 - [MESSAGE][PASSED] - Object: 'Object Repository/03/Page_Filialsuche-rotenburg - BVR HT/div_Kirchheim' is clicked on

2018-03-20 09:20:27 - [TEST_STEP][PASSED] - delay: Delayed 2 second(s)

2018-03-20 09:20:29 - [MESSAGE][PASSED] - Delayed 2 second(s)

2018-03-20 09:20:29 - [TEST_STEP][PASSED] - verifyTextPresent: Text 'Hauptstr. 11' is present on page 

2018-03-20 09:20:29 - [MESSAGE][PASSED] - Text 'Hauptstr. 11' is present on page 

2018-03-20 09:20:29 - [TEST_STEP][PASSED] - closeBrowser: Browser is closed

2018-03-20 09:20:29 - [MESSAGE][PASSED] - Browser is closed]]></system-out>
         <system-err><![CDATA[]]></system-err>
      </testcase>
      <testcase name="Test Cases/Prototyp_Filialsuche (RC 18)/19_Testfall" classname="Test Cases/Prototyp_Filialsuche (RC 18)/19_Testfall" status="PASSED">
         <system-out><![CDATA[2018-03-20 09:20:29 - [TEST_CASE][PASSED] - Test Cases/Prototyp_Filialsuche (RC 18)/19_Testfall: Test Cases/Prototyp_Filialsuche (RC 18)/19_Testfall

2018-03-20 09:20:29 - [TEST_STEP][PASSED] - openBrowser: Browser is opened with url: ''

2018-03-20 09:20:35 - [MESSAGE][PASSED] - Browser is opened with url: ''

2018-03-20 09:20:35 - [TEST_STEP][PASSED] - maximizeWindow: Current window maximized

2018-03-20 09:20:35 - [MESSAGE][PASSED] - Current window maximized

2018-03-20 09:20:35 - [TEST_STEP][PASSED] - navigateToUrl: Navigate to 'http://rc-ogrhtmlprototyp.testintern/18-1-0/filialsuche.html' successfully

2018-03-20 09:20:37 - [MESSAGE][PASSED] - Navigate to 'http://rc-ogrhtmlprototyp.testintern/18-1-0/filialsuche.html' successfully

2018-03-20 09:20:37 - [TEST_STEP][PASSED] - delay: Delayed 2 second(s)

2018-03-20 09:20:39 - [MESSAGE][PASSED] - Delayed 2 second(s)

2018-03-20 09:20:39 - [TEST_STEP][PASSED] - click: Object: 'Object Repository/44_TF/Page_Filialsuche - BVR HTML Prototy/a_Weiter' is clicked on

2018-03-20 09:20:41 - [MESSAGE][PASSED] - Object: 'Object Repository/44_TF/Page_Filialsuche - BVR HTML Prototy/a_Weiter' is clicked on

2018-03-20 09:20:41 - [TEST_STEP][PASSED] - click: Object: 'Object Repository/44_TF/Page_Filialsuche - BVR HTML Prototy/a_Weiter' is clicked on

2018-03-20 09:20:41 - [MESSAGE][PASSED] - Object: 'Object Repository/44_TF/Page_Filialsuche - BVR HTML Prototy/a_Weiter' is clicked on

2018-03-20 09:20:41 - [TEST_STEP][PASSED] - click: Object: 'Object Repository/44_TF/Page_Filialsuche - BVR HTML Prototy/a_4' is clicked on

2018-03-20 09:20:42 - [MESSAGE][PASSED] - Object: 'Object Repository/44_TF/Page_Filialsuche - BVR HTML Prototy/a_4' is clicked on

2018-03-20 09:20:42 - [TEST_STEP][PASSED] - click: Object: 'Object Repository/44_TF/Page_Filialsuche - BVR HTML Prototy/a_Weiter' is clicked on

2018-03-20 09:20:42 - [MESSAGE][PASSED] - Object: 'Object Repository/44_TF/Page_Filialsuche - BVR HTML Prototy/a_Weiter' is clicked on

2018-03-20 09:20:42 - [TEST_STEP][PASSED] - click: Object: 'Object Repository/44_TF/Page_Filialsuche - BVR HTML Prototy/a_Weiter' is clicked on

2018-03-20 09:20:42 - [MESSAGE][PASSED] - Object: 'Object Repository/44_TF/Page_Filialsuche - BVR HTML Prototy/a_Weiter' is clicked on

2018-03-20 09:20:42 - [TEST_STEP][PASSED] - click: Object: 'Object Repository/44_TF/Page_Filialsuche - BVR HTML Prototy/a_Weiter' is clicked on

2018-03-20 09:20:42 - [MESSAGE][PASSED] - Object: 'Object Repository/44_TF/Page_Filialsuche - BVR HTML Prototy/a_Weiter' is clicked on

2018-03-20 09:20:42 - [TEST_STEP][PASSED] - click: Object: 'Object Repository/44_TF/Page_Filialsuche - BVR HTML Prototy/a_Weiter' is clicked on

2018-03-20 09:20:42 - [MESSAGE][PASSED] - Object: 'Object Repository/44_TF/Page_Filialsuche - BVR HTML Prototy/a_Weiter' is clicked on

2018-03-20 09:20:42 - [TEST_STEP][PASSED] - click: Object: 'Object Repository/44_TF/Page_Filialsuche - BVR HTML Prototy/a_Weiter' is clicked on

2018-03-20 09:20:42 - [MESSAGE][PASSED] - Object: 'Object Repository/44_TF/Page_Filialsuche - BVR HTML Prototy/a_Weiter' is clicked on

2018-03-20 09:20:42 - [TEST_STEP][PASSED] - click: Object: 'Object Repository/44_TF/Page_Filialsuche - BVR HTML Prototy/a_Zum Anfang' is clicked on

2018-03-20 09:20:43 - [MESSAGE][PASSED] - Object: 'Object Repository/44_TF/Page_Filialsuche - BVR HTML Prototy/a_Zum Anfang' is clicked on

2018-03-20 09:20:43 - [TEST_STEP][PASSED] - click: Object: 'Object Repository/44_TF/Page_Filialsuche - BVR HTML Prototy/a_7' is clicked on

2018-03-20 09:20:43 - [MESSAGE][PASSED] - Object: 'Object Repository/44_TF/Page_Filialsuche - BVR HTML Prototy/a_7' is clicked on

2018-03-20 09:20:43 - [TEST_STEP][PASSED] - click: Object: 'Object Repository/44_TF/Page_Filialsuche - BVR HTML Prototy/a_Zurck' is clicked on

2018-03-20 09:20:43 - [MESSAGE][PASSED] - Object: 'Object Repository/44_TF/Page_Filialsuche - BVR HTML Prototy/a_Zurck' is clicked on

2018-03-20 09:20:43 - [TEST_STEP][PASSED] - click: Object: 'Object Repository/44_TF/Page_Filialsuche - BVR HTML Prototy/a_Zurck' is clicked on

2018-03-20 09:20:43 - [MESSAGE][PASSED] - Object: 'Object Repository/44_TF/Page_Filialsuche - BVR HTML Prototy/a_Zurck' is clicked on

2018-03-20 09:20:43 - [TEST_STEP][PASSED] - click: Object: 'Object Repository/44_TF/Page_Filialsuche - BVR HTML Prototy/a_Zurck' is clicked on

2018-03-20 09:20:43 - [MESSAGE][PASSED] - Object: 'Object Repository/44_TF/Page_Filialsuche - BVR HTML Prototy/a_Zurck' is clicked on

2018-03-20 09:20:43 - [TEST_STEP][PASSED] - click: Object: 'Object Repository/44_TF/Page_Filialsuche - BVR HTML Prototy/a_Zurck' is clicked on

2018-03-20 09:20:43 - [MESSAGE][PASSED] - Object: 'Object Repository/44_TF/Page_Filialsuche - BVR HTML Prototy/a_Zurck' is clicked on

2018-03-20 09:20:43 - [TEST_STEP][PASSED] - click: Object: 'Object Repository/44_TF/Page_Filialsuche - BVR HTML Prototy/a_Zurck' is clicked on

2018-03-20 09:20:43 - [MESSAGE][PASSED] - Object: 'Object Repository/44_TF/Page_Filialsuche - BVR HTML Prototy/a_Zurck' is clicked on

2018-03-20 09:20:43 - [TEST_STEP][PASSED] - click: Object: 'Object Repository/44_TF/Page_Filialsuche - BVR HTML Prototy/a_Zum Ende' is clicked on

2018-03-20 09:20:44 - [MESSAGE][PASSED] - Object: 'Object Repository/44_TF/Page_Filialsuche - BVR HTML Prototy/a_Zum Ende' is clicked on

2018-03-20 09:20:44 - [TEST_STEP][PASSED] - closeBrowser: Browser is closed

2018-03-20 09:20:44 - [MESSAGE][PASSED] - Browser is closed]]></system-out>
         <system-err><![CDATA[]]></system-err>
      </testcase>
      <testcase name="Test Cases/Prototyp_Filialsuche (RC 18)/20_Testfall" classname="Test Cases/Prototyp_Filialsuche (RC 18)/20_Testfall" status="FAILED">
         <failure type="FAILED" message="Unable to verify object 'Object Repository/Entfernung_filialsuche' is visible (Root cause: Object 'Object Repository/Entfernung_filialsuche' is NOT visible)"/>
         <system-out><![CDATA[2018-03-20 09:20:44 - [TEST_CASE][FAILED] - Test Cases/Prototyp_Filialsuche (RC 18)/20_Testfall: Test Cases/Prototyp_Filialsuche (RC 18)/20_Testfall FAILED because (of) Unable to verify object 'Object Repository/Entfernung_filialsuche' is visible (Root cause: Object 'Object Repository/Entfernung_filialsuche' is NOT visible)

2018-03-20 09:20:44 - [TEST_STEP][PASSED] - openBrowser: Browser is opened with url: ''

2018-03-20 09:20:47 - [MESSAGE][PASSED] - Browser is opened with url: ''

2018-03-20 09:20:47 - [TEST_STEP][PASSED] - maximizeWindow: Current window maximized

2018-03-20 09:20:47 - [MESSAGE][PASSED] - Current window maximized

2018-03-20 09:20:47 - [TEST_STEP][PASSED] - deleteAllCookies: Delete all cookies successfully

2018-03-20 09:20:47 - [MESSAGE][PASSED] - Delete all cookies successfully

2018-03-20 09:20:47 - [TEST_STEP][PASSED] - navigateToUrl: Navigate to 'http://rc-ogrhtmlprototyp.testintern/18-1-0/filialsuche-wangen-textinput.html' successfully

2018-03-20 09:20:49 - [MESSAGE][PASSED] - Navigate to 'http://rc-ogrhtmlprototyp.testintern/18-1-0/filialsuche-wangen-textinput.html' successfully

2018-03-20 09:20:49 - [TEST_STEP][PASSED] - delay: Delayed 5 second(s)

2018-03-20 09:20:54 - [MESSAGE][PASSED] - Delayed 5 second(s)

2018-03-20 09:20:54 - [TEST_STEP][PASSED] - setText: Text 'Rechberghausen' is set on object 'Object Repository/Filialsuche_Inputtext'

2018-03-20 09:20:54 - [MESSAGE][PASSED] - Text 'Rechberghausen' is set on object 'Object Repository/Filialsuche_Inputtext'

2018-03-20 09:20:54 - [TEST_STEP][PASSED] - delay: Delayed 2 second(s)

2018-03-20 09:20:56 - [MESSAGE][PASSED] - Delayed 2 second(s)

2018-03-20 09:20:56 - [TEST_STEP][PASSED] - submit: The form containing object: 'Object Repository/Filialsuche_submit_button' is submitted

2018-03-20 09:20:56 - [MESSAGE][PASSED] - The form containing object: 'Object Repository/Filialsuche_submit_button' is submitted

2018-03-20 09:20:56 - [TEST_STEP][PASSED] - delay: Delayed 2 second(s)

2018-03-20 09:20:58 - [MESSAGE][PASSED] - Delayed 2 second(s)

2018-03-20 09:20:58 - [TEST_STEP][FAILED] - verifyElementVisible: Unable to verify object 'Object Repository/Entfernung_filialsuche' is visible (Root cause: Object 'Object Repository/Entfernung_filialsuche' is NOT visible)

2018-03-20 09:20:58 - [MESSAGE][FAILED] - Object 'Object Repository/Entfernung_filialsuche' is NOT visible
[[ATTACHMENT|/Users/lbut/Desktop/KATALON/Prototyp1_20_03/Prototyp1/Reports/Prototyp Filialsuche (RC18) 13_03_2018/20180320_091422/1521534058620.png]]

2018-03-20 09:20:59 - [MESSAGE][FAILED] - Unable to verify object 'Object Repository/Entfernung_filialsuche' is visible (Root cause: Object 'Object Repository/Entfernung_filialsuche' is NOT visible)
[[ATTACHMENT|/Users/lbut/Desktop/KATALON/Prototyp1_20_03/Prototyp1/Reports/Prototyp Filialsuche (RC18) 13_03_2018/20180320_091422/1521534058969.png]]]]></system-out>
         <system-err><![CDATA[2018-03-20 09:20:44 - [TEST_CASE][FAILED] - Test Cases/Prototyp_Filialsuche (RC 18)/20_Testfall: Test Cases/Prototyp_Filialsuche (RC 18)/20_Testfall FAILED because (of) Unable to verify object 'Object Repository/Entfernung_filialsuche' is visible (Root cause: Object 'Object Repository/Entfernung_filialsuche' is NOT visible)]]></system-err>
      </testcase>
      <testcase name="Test Cases/Prototyp_Filialsuche (RC 18)/21_Testfall" classname="Test Cases/Prototyp_Filialsuche (RC 18)/21_Testfall" status="FAILED">
         <failure type="FAILED" message="Unable to click on object 'Object Repository/002/Page_Filialsuche - BVR HTML Prototy/div_Berlin' (Root cause: org.openqa.selenium.ElementNotVisibleException: An element command could not be completed because the element is not visible on the page. (WARNING: The server did not provide any stacktrace information)
Command duration or timeout: 0 milliseconds
Build info: version: '3.7.1', revision: '8a0099a', time: '2017-11-06T21:07:36.161Z'
System info: host: 'Lilias-MacBook-Pro.local', ip: '192.168.0.4', os.name: 'Mac OS X', os.arch: 'x86_64', os.version: '10.12.6', java.version: '1.8.0_102'
Driver info: com.kms.katalon.selenium.driver.CSafariDriver
Capabilities {applicationCacheEnabled: true, browserName: safari, cleanSession: true, cssSelectorsEnabled: true, databaseEnabled: true, handlesAlerts: true, javascriptEnabled: true, locationContextEnabled: false, nativeEvents: true, platform: MAC, platformName: MAC, rotatable: false, version: 12604.5.6.1.1, webStorageEnabled: true}
Session ID: F8275BAE-9DBC-4284-A98C-132F1AEEA065)"/>
         <system-out><![CDATA[2018-03-20 09:20:59 - [TEST_CASE][FAILED] - Test Cases/Prototyp_Filialsuche (RC 18)/21_Testfall: Test Cases/Prototyp_Filialsuche (RC 18)/21_Testfall FAILED because (of) Unable to click on object 'Object Repository/002/Page_Filialsuche - BVR HTML Prototy/div_Berlin' (Root cause: org.openqa.selenium.ElementNotVisibleException: An element command could not be completed because the element is not visible on the page. (WARNING: The server did not provide any stacktrace information)
Command duration or timeout: 0 milliseconds
Build info: version: '3.7.1', revision: '8a0099a', time: '2017-11-06T21:07:36.161Z'
System info: host: 'Lilias-MacBook-Pro.local', ip: '192.168.0.4', os.name: 'Mac OS X', os.arch: 'x86_64', os.version: '10.12.6', java.version: '1.8.0_102'
Driver info: com.kms.katalon.selenium.driver.CSafariDriver
Capabilities {applicationCacheEnabled: true, browserName: safari, cleanSession: true, cssSelectorsEnabled: true, databaseEnabled: true, handlesAlerts: true, javascriptEnabled: true, locationContextEnabled: false, nativeEvents: true, platform: MAC, platformName: MAC, rotatable: false, version: 12604.5.6.1.1, webStorageEnabled: true}
Session ID: F8275BAE-9DBC-4284-A98C-132F1AEEA065)

2018-03-20 09:20:59 - [TEST_STEP][PASSED] - openBrowser: Browser is opened with url: ''

2018-03-20 09:20:59 - [MESSAGE][WARNING] - A browser is already opened. Closing browser and opening a new one

2018-03-20 09:21:01 - [MESSAGE][PASSED] - Browser is opened with url: ''

2018-03-20 09:21:01 - [TEST_STEP][PASSED] - maximizeWindow: Current window maximized

2018-03-20 09:21:01 - [MESSAGE][PASSED] - Current window maximized

2018-03-20 09:21:01 - [TEST_STEP][PASSED] - deleteAllCookies: Delete all cookies successfully

2018-03-20 09:21:01 - [MESSAGE][PASSED] - Delete all cookies successfully

2018-03-20 09:21:01 - [TEST_STEP][PASSED] - navigateToUrl: Navigate to 'http://rc-ogrhtmlprototyp.testintern/18-1-0/filialsuche.html' successfully

2018-03-20 09:21:03 - [MESSAGE][PASSED] - Navigate to 'http://rc-ogrhtmlprototyp.testintern/18-1-0/filialsuche.html' successfully

2018-03-20 09:21:03 - [TEST_STEP][PASSED] - waitForPageLoad: Wait for page load successfully

2018-03-20 09:21:03 - [MESSAGE][WARNING] - Timeout '0' is invalid. Using default page load timeout: '30'

2018-03-20 09:21:06 - [MESSAGE][PASSED] - Wait for page load successfully

2018-03-20 09:21:06 - [TEST_STEP][PASSED] - delay: Delayed 2 second(s)

2018-03-20 09:21:08 - [MESSAGE][PASSED] - Delayed 2 second(s)

2018-03-20 09:21:08 - [TEST_STEP][PASSED] - click: Object: 'Object Repository/03/Page_Filialsuche-rotenburg - BVR HT/svg_dropdown-icons' is clicked on

2018-03-20 09:21:08 - [MESSAGE][PASSED] - Object: 'Object Repository/03/Page_Filialsuche-rotenburg - BVR HT/svg_dropdown-icons' is clicked on

2018-03-20 09:21:09 - [TEST_STEP][PASSED] - delay: Delayed 2 second(s)

2018-03-20 09:21:11 - [MESSAGE][PASSED] - Delayed 2 second(s)

2018-03-20 09:21:11 - [TEST_STEP][PASSED] - mouseOver: Object: 'Object Repository/002/Page_Filialsuche - BVR HTML Prototy/div_Berlin' is hovered

2018-03-20 09:21:11 - [MESSAGE][PASSED] - Object: 'Object Repository/002/Page_Filialsuche - BVR HTML Prototy/div_Berlin' is hovered

2018-03-20 09:21:11 - [TEST_STEP][PASSED] - delay: Delayed 2 second(s)

2018-03-20 09:21:13 - [MESSAGE][PASSED] - Delayed 2 second(s)

2018-03-20 09:21:13 - [TEST_STEP][FAILED] - click: Unable to click on object 'Object Repository/002/Page_Filialsuche - BVR HTML Prototy/div_Berlin' (Root cause: org.openqa.selenium.ElementNotVisibleException: An element command could not be completed because the element is not visible on the page. (WARNING: The server did not provide any stacktrace information)
Command duration or timeout: 0 milliseconds
Build info: version: '3.7.1', revision: '8a0099a', time: '2017-11-06T21:07:36.161Z'
System info: host: 'Lilias-MacBook-Pro.local', ip: '192.168.0.4', os.name: 'Mac OS X', os.arch: 'x86_64', os.version: '10.12.6', java.version: '1.8.0_102'
Driver info: com.kms.katalon.selenium.driver.CSafariDriver
Capabilities {applicationCacheEnabled: true, browserName: safari, cleanSession: true, cssSelectorsEnabled: true, databaseEnabled: true, handlesAlerts: true, javascriptEnabled: true, locationContextEnabled: false, nativeEvents: true, platform: MAC, platformName: MAC, rotatable: false, version: 12604.5.6.1.1, webStorageEnabled: true}
Session ID: F8275BAE-9DBC-4284-A98C-132F1AEEA065)

2018-03-20 09:21:13 - [MESSAGE][FAILED] - Unable to click on object 'Object Repository/002/Page_Filialsuche - BVR HTML Prototy/div_Berlin' (Root cause: org.openqa.selenium.ElementNotVisibleException: An element command could not be completed because the element is not visible on the page. (WARNING: The server did not provide any stacktrace information)
Command duration or timeout: 0 milliseconds
Build info: version: '3.7.1', revision: '8a0099a', time: '2017-11-06T21:07:36.161Z'
System info: host: 'Lilias-MacBook-Pro.local', ip: '192.168.0.4', os.name: 'Mac OS X', os.arch: 'x86_64', os.version: '10.12.6', java.version: '1.8.0_102'
Driver info: com.kms.katalon.selenium.driver.CSafariDriver
Capabilities {applicationCacheEnabled: true, browserName: safari, cleanSession: true, cssSelectorsEnabled: true, databaseEnabled: true, handlesAlerts: true, javascriptEnabled: true, locationContextEnabled: false, nativeEvents: true, platform: MAC, platformName: MAC, rotatable: false, version: 12604.5.6.1.1, webStorageEnabled: true}
Session ID: F8275BAE-9DBC-4284-A98C-132F1AEEA065)
[[ATTACHMENT|/Users/lbut/Desktop/KATALON/Prototyp1_20_03/Prototyp1/Reports/Prototyp Filialsuche (RC18) 13_03_2018/20180320_091422/1521534073163.png]]]]></system-out>
         <system-err><![CDATA[2018-03-20 09:20:59 - [TEST_CASE][FAILED] - Test Cases/Prototyp_Filialsuche (RC 18)/21_Testfall: Test Cases/Prototyp_Filialsuche (RC 18)/21_Testfall FAILED because (of) Unable to click on object 'Object Repository/002/Page_Filialsuche - BVR HTML Prototy/div_Berlin' (Root cause: org.openqa.selenium.ElementNotVisibleException: An element command could not be completed because the element is not visible on the page. (WARNING: The server did not provide any stacktrace information)
Command duration or timeout: 0 milliseconds
Build info: version: '3.7.1', revision: '8a0099a', time: '2017-11-06T21:07:36.161Z'
System info: host: 'Lilias-MacBook-Pro.local', ip: '192.168.0.4', os.name: 'Mac OS X', os.arch: 'x86_64', os.version: '10.12.6', java.version: '1.8.0_102'
Driver info: com.kms.katalon.selenium.driver.CSafariDriver
Capabilities {applicationCacheEnabled: true, browserName: safari, cleanSession: true, cssSelectorsEnabled: true, databaseEnabled: true, handlesAlerts: true, javascriptEnabled: true, locationContextEnabled: false, nativeEvents: true, platform: MAC, platformName: MAC, rotatable: false, version: 12604.5.6.1.1, webStorageEnabled: true}
Session ID: F8275BAE-9DBC-4284-A98C-132F1AEEA065)]]></system-err>
      </testcase>
      <testcase name="Test Cases/Prototyp_Filialsuche (RC 18)/22_Testfall" classname="Test Cases/Prototyp_Filialsuche (RC 18)/22_Testfall" status="PASSED">
         <system-out><![CDATA[2018-03-20 09:21:13 - [TEST_CASE][PASSED] - Test Cases/Prototyp_Filialsuche (RC 18)/22_Testfall: Test Cases/Prototyp_Filialsuche (RC 18)/22_Testfall

2018-03-20 09:21:13 - [TEST_STEP][PASSED] - openBrowser: Browser is opened with url: ''

2018-03-20 09:21:13 - [MESSAGE][WARNING] - A browser is already opened. Closing browser and opening a new one

2018-03-20 09:21:16 - [MESSAGE][PASSED] - Browser is opened with url: ''

2018-03-20 09:21:16 - [TEST_STEP][PASSED] - maximizeWindow: Current window maximized

2018-03-20 09:21:16 - [MESSAGE][PASSED] - Current window maximized

2018-03-20 09:21:16 - [TEST_STEP][PASSED] - deleteAllCookies: Delete all cookies successfully

2018-03-20 09:21:16 - [MESSAGE][PASSED] - Delete all cookies successfully

2018-03-20 09:21:16 - [TEST_STEP][PASSED] - navigateToUrl: Navigate to 'http://rc-ogrhtmlprototyp.testintern/18-1-0/home-6-filialsuche.html' successfully

2018-03-20 09:21:18 - [MESSAGE][PASSED] - Navigate to 'http://rc-ogrhtmlprototyp.testintern/18-1-0/home-6-filialsuche.html' successfully

2018-03-20 09:21:18 - [TEST_STEP][PASSED] - waitForPageLoad: Wait for page load successfully

2018-03-20 09:21:18 - [MESSAGE][WARNING] - Timeout '0' is invalid. Using default page load timeout: '30'

2018-03-20 09:21:20 - [MESSAGE][PASSED] - Wait for page load successfully

2018-03-20 09:21:20 - [TEST_STEP][PASSED] - delay: Delayed 2 second(s)

2018-03-20 09:21:22 - [MESSAGE][PASSED] - Delayed 2 second(s)

2018-03-20 09:21:22 - [TEST_STEP][PASSED] - click: Object: 'Object Repository/03/Page_Filialsuche-rotenburg - BVR HT/Page_Home-6-filialsuche - BVR HTML/svg_dropdown-icons' is clicked on

2018-03-20 09:21:22 - [MESSAGE][PASSED] - Object: 'Object Repository/03/Page_Filialsuche-rotenburg - BVR HT/Page_Home-6-filialsuche - BVR HTML/svg_dropdown-icons' is clicked on

2018-03-20 09:21:22 - [TEST_STEP][PASSED] - delay: Delayed 2 second(s)

2018-03-20 09:21:24 - [MESSAGE][PASSED] - Delayed 2 second(s)

2018-03-20 09:21:24 - [TEST_STEP][PASSED] - mouseOver: Object: 'Object Repository/002/Page_Home-6-filialsuche - BVR HTML/div_Berlin' is hovered

2018-03-20 09:21:24 - [MESSAGE][PASSED] - Object: 'Object Repository/002/Page_Home-6-filialsuche - BVR HTML/div_Berlin' is hovered

2018-03-20 09:21:24 - [TEST_STEP][PASSED] - delay: Delayed 2 second(s)

2018-03-20 09:21:26 - [MESSAGE][PASSED] - Delayed 2 second(s)

2018-03-20 09:21:26 - [TEST_STEP][PASSED] - click: Object: 'Object Repository/002/Page_Home-6-filialsuche - BVR HTML/div_Berlin' is clicked on

2018-03-20 09:21:26 - [MESSAGE][PASSED] - Object: 'Object Repository/002/Page_Home-6-filialsuche - BVR HTML/div_Berlin' is clicked on

2018-03-20 09:21:26 - [TEST_STEP][PASSED] - delay: Delayed 5 second(s)

2018-03-20 09:21:31 - [MESSAGE][PASSED] - Delayed 5 second(s)

2018-03-20 09:21:31 - [TEST_STEP][PASSED] - verifyElementNotPresent: Web element with id: 'Object Repository/Akkordeon_plus_filialsuche' located by 'By.xpath: //a[@class='acc-header acc-header--open']' is not present after '5' second(s)

2018-03-20 09:21:31 - [MESSAGE][PASSED] - Web element with id: 'Object Repository/Akkordeon_plus_filialsuche' located by 'By.xpath: //a[@class='acc-header acc-header--open']' is not present after '5' second(s)

2018-03-20 09:21:31 - [TEST_STEP][PASSED] - closeBrowser: Browser is closed

2018-03-20 09:21:31 - [MESSAGE][PASSED] - Browser is closed]]></system-out>
         <system-err><![CDATA[]]></system-err>
      </testcase>
      <testcase name="Test Cases/Prototyp_Filialsuche (RC 18)/23_Testfall" classname="Test Cases/Prototyp_Filialsuche (RC 18)/23_Testfall" status="PASSED">
         <system-out><![CDATA[2018-03-20 09:21:31 - [TEST_CASE][PASSED] - Test Cases/Prototyp_Filialsuche (RC 18)/23_Testfall: Test Cases/Prototyp_Filialsuche (RC 18)/23_Testfall

2018-03-20 09:21:31 - [TEST_STEP][PASSED] - openBrowser: Browser is opened with url: ''

2018-03-20 09:21:33 - [MESSAGE][PASSED] - Browser is opened with url: ''

2018-03-20 09:21:33 - [TEST_STEP][PASSED] - maximizeWindow: Current window maximized

2018-03-20 09:21:33 - [MESSAGE][PASSED] - Current window maximized

2018-03-20 09:21:33 - [TEST_STEP][PASSED] - deleteAllCookies: Delete all cookies successfully

2018-03-20 09:21:33 - [MESSAGE][PASSED] - Delete all cookies successfully

2018-03-20 09:21:33 - [TEST_STEP][PASSED] - navigateToUrl: Navigate to 'http://rc-ogrhtmlprototyp.testintern/18-1-0/detail.html' successfully

2018-03-20 09:21:50 - [MESSAGE][PASSED] - Navigate to 'http://rc-ogrhtmlprototyp.testintern/18-1-0/detail.html' successfully

2018-03-20 09:21:50 - [TEST_STEP][PASSED] - waitForPageLoad: Wait for page load successfully

2018-03-20 09:21:50 - [MESSAGE][WARNING] - Timeout '0' is invalid. Using default page load timeout: '30'

2018-03-20 09:21:50 - [MESSAGE][PASSED] - Wait for page load successfully

2018-03-20 09:21:50 - [TEST_STEP][PASSED] - delay: Delayed 2 second(s)

2018-03-20 09:21:52 - [MESSAGE][PASSED] - Delayed 2 second(s)

2018-03-20 09:21:52 - [TEST_STEP][PASSED] - click: Object: 'Object Repository/002/Page_Detail - BVR HTML Prototyp/svg_dropdown-icons' is clicked on

2018-03-20 09:21:52 - [MESSAGE][PASSED] - Object: 'Object Repository/002/Page_Detail - BVR HTML Prototyp/svg_dropdown-icons' is clicked on

2018-03-20 09:21:52 - [TEST_STEP][PASSED] - delay: Delayed 2 second(s)

2018-03-20 09:21:54 - [MESSAGE][PASSED] - Delayed 2 second(s)

2018-03-20 09:21:54 - [TEST_STEP][PASSED] - mouseOver: Object: 'Object Repository/002/Page_Detail - BVR HTML Prototyp (1)/div_Berlin' is hovered

2018-03-20 09:21:54 - [MESSAGE][PASSED] - Object: 'Object Repository/002/Page_Detail - BVR HTML Prototyp (1)/div_Berlin' is hovered

2018-03-20 09:21:54 - [TEST_STEP][PASSED] - delay: Delayed 2 second(s)

2018-03-20 09:21:56 - [MESSAGE][PASSED] - Delayed 2 second(s)

2018-03-20 09:21:56 - [TEST_STEP][PASSED] - click: Object: 'Object Repository/002/Page_Detail - BVR HTML Prototyp (1)/div_Berlin' is clicked on

2018-03-20 09:21:56 - [MESSAGE][PASSED] - Object: 'Object Repository/002/Page_Detail - BVR HTML Prototyp (1)/div_Berlin' is clicked on

2018-03-20 09:21:56 - [TEST_STEP][PASSED] - delay: Delayed 5 second(s)

2018-03-20 09:22:01 - [MESSAGE][PASSED] - Delayed 5 second(s)

2018-03-20 09:22:01 - [TEST_STEP][PASSED] - verifyElementNotPresent: Web element with id: 'Object Repository/Akkordeon_plus_filialsuche' located by 'By.xpath: //a[@class='acc-header acc-header--open']' is not present after '5' second(s)

2018-03-20 09:22:01 - [MESSAGE][PASSED] - Web element with id: 'Object Repository/Akkordeon_plus_filialsuche' located by 'By.xpath: //a[@class='acc-header acc-header--open']' is not present after '5' second(s)

2018-03-20 09:22:01 - [TEST_STEP][PASSED] - closeBrowser: Browser is closed

2018-03-20 09:22:01 - [MESSAGE][PASSED] - Browser is closed]]></system-out>
         <system-err><![CDATA[]]></system-err>
      </testcase>
      <testcase name="Test Cases/Prototyp_Filialsuche (RC 18)/24_Testfall" classname="Test Cases/Prototyp_Filialsuche (RC 18)/24_Testfall" status="PASSED">
         <system-out><![CDATA[2018-03-20 09:22:01 - [TEST_CASE][PASSED] - Test Cases/Prototyp_Filialsuche (RC 18)/24_Testfall: Test Cases/Prototyp_Filialsuche (RC 18)/24_Testfall

2018-03-20 09:22:02 - [TEST_STEP][PASSED] - openBrowser: Browser is opened with url: ''

2018-03-20 09:22:04 - [MESSAGE][PASSED] - Browser is opened with url: ''

2018-03-20 09:22:04 - [TEST_STEP][PASSED] - maximizeWindow: Current window maximized

2018-03-20 09:22:04 - [MESSAGE][PASSED] - Current window maximized

2018-03-20 09:22:04 - [TEST_STEP][PASSED] - deleteAllCookies: Delete all cookies successfully

2018-03-20 09:22:04 - [MESSAGE][PASSED] - Delete all cookies successfully

2018-03-20 09:22:04 - [TEST_STEP][PASSED] - navigateToUrl: Navigate to 'http://rc-ogrhtmlprototyp.testintern/18-1-0/filialsuche.html' successfully

2018-03-20 09:22:11 - [MESSAGE][PASSED] - Navigate to 'http://rc-ogrhtmlprototyp.testintern/18-1-0/filialsuche.html' successfully

2018-03-20 09:22:11 - [TEST_STEP][PASSED] - waitForPageLoad: Wait for page load successfully

2018-03-20 09:22:11 - [MESSAGE][WARNING] - Timeout '0' is invalid. Using default page load timeout: '30'

2018-03-20 09:22:12 - [MESSAGE][PASSED] - Wait for page load successfully

2018-03-20 09:22:12 - [TEST_STEP][PASSED] - delay: Delayed 2 second(s)

2018-03-20 09:22:14 - [MESSAGE][PASSED] - Delayed 2 second(s)

2018-03-20 09:22:14 - [TEST_STEP][PASSED] - click: Object: 'Object Repository/002/Page_Filialsuche - BVR HTML Prototy (1)/svg_dropdown-icons' is clicked on

2018-03-20 09:22:14 - [MESSAGE][PASSED] - Object: 'Object Repository/002/Page_Filialsuche - BVR HTML Prototy (1)/svg_dropdown-icons' is clicked on

2018-03-20 09:22:14 - [TEST_STEP][PASSED] - delay: Delayed 2 second(s)

2018-03-20 09:22:16 - [MESSAGE][PASSED] - Delayed 2 second(s)

2018-03-20 09:22:16 - [TEST_STEP][PASSED] - mouseOver: Object: 'Object Repository/berlin/Page_Filialsuche - BVR HTML Prototy/div_Berlin' is hovered

2018-03-20 09:22:16 - [MESSAGE][PASSED] - Object: 'Object Repository/berlin/Page_Filialsuche - BVR HTML Prototy/div_Berlin' is hovered

2018-03-20 09:22:16 - [TEST_STEP][PASSED] - delay: Delayed 2 second(s)

2018-03-20 09:22:18 - [MESSAGE][PASSED] - Delayed 2 second(s)

2018-03-20 09:22:18 - [TEST_STEP][PASSED] - click: Object: 'Object Repository/berlin/Page_Filialsuche - BVR HTML Prototy/div_Berlin' is clicked on

2018-03-20 09:22:18 - [MESSAGE][PASSED] - Object: 'Object Repository/berlin/Page_Filialsuche - BVR HTML Prototy/div_Berlin' is clicked on

2018-03-20 09:22:18 - [TEST_STEP][PASSED] - delay: Delayed 5 second(s)

2018-03-20 09:22:23 - [MESSAGE][PASSED] - Delayed 5 second(s)

2018-03-20 09:22:23 - [TEST_STEP][PASSED] - verifyElementNotPresent: Web element with id: 'Object Repository/Akkordeon_plus_filialsuche' located by 'By.xpath: //a[@class='acc-header acc-header--open']' is not present after '5' second(s)

2018-03-20 09:22:23 - [MESSAGE][PASSED] - Web element with id: 'Object Repository/Akkordeon_plus_filialsuche' located by 'By.xpath: //a[@class='acc-header acc-header--open']' is not present after '5' second(s)

2018-03-20 09:22:23 - [TEST_STEP][PASSED] - closeBrowser: Browser is closed

2018-03-20 09:22:23 - [MESSAGE][PASSED] - Browser is closed]]></system-out>
         <system-err><![CDATA[]]></system-err>
      </testcase>
      <testcase name="Test Cases/Prototyp_Filialsuche (RC 18)/25_Testfall" classname="Test Cases/Prototyp_Filialsuche (RC 18)/25_Testfall" status="PASSED">
         <system-out><![CDATA[2018-03-20 09:22:23 - [TEST_CASE][PASSED] - Test Cases/Prototyp_Filialsuche (RC 18)/25_Testfall: Test Cases/Prototyp_Filialsuche (RC 18)/25_Testfall

2018-03-20 09:22:23 - [TEST_STEP][PASSED] - openBrowser: Browser is opened with url: ''

2018-03-20 09:22:26 - [MESSAGE][PASSED] - Browser is opened with url: ''

2018-03-20 09:22:26 - [TEST_STEP][PASSED] - deleteAllCookies: Delete all cookies successfully

2018-03-20 09:22:26 - [MESSAGE][PASSED] - Delete all cookies successfully

2018-03-20 09:22:26 - [TEST_STEP][PASSED] - maximizeWindow: Current window maximized

2018-03-20 09:22:26 - [MESSAGE][PASSED] - Current window maximized

2018-03-20 09:22:26 - [TEST_STEP][PASSED] - navigateToUrl: Navigate to 'http://rc-ogrhtmlprototyp.testintern/18-1-0/filialsuche.html' successfully

2018-03-20 09:22:29 - [MESSAGE][PASSED] - Navigate to 'http://rc-ogrhtmlprototyp.testintern/18-1-0/filialsuche.html' successfully

2018-03-20 09:22:29 - [TEST_STEP][PASSED] - waitForPageLoad: Wait for page load successfully

2018-03-20 09:22:29 - [MESSAGE][WARNING] - Timeout '0' is invalid. Using default page load timeout: '30'

2018-03-20 09:22:31 - [MESSAGE][PASSED] - Wait for page load successfully

2018-03-20 09:22:31 - [TEST_STEP][PASSED] - delay: Delayed 2 second(s)

2018-03-20 09:22:33 - [MESSAGE][PASSED] - Delayed 2 second(s)

2018-03-20 09:22:33 - [TEST_STEP][PASSED] - click: Object: 'Object Repository/03/Page_Filialsuche-rotenburg - BVR HT/svg_dropdown-icons' is clicked on

2018-03-20 09:22:33 - [MESSAGE][PASSED] - Object: 'Object Repository/03/Page_Filialsuche-rotenburg - BVR HT/svg_dropdown-icons' is clicked on

2018-03-20 09:22:33 - [TEST_STEP][PASSED] - delay: Delayed 2 second(s)

2018-03-20 09:22:35 - [MESSAGE][PASSED] - Delayed 2 second(s)

2018-03-20 09:22:35 - [TEST_STEP][PASSED] - mouseOver: Object: 'Object Repository/002/Page_Filialsuche - BVR HTML Prototy/div_Berlin' is hovered

2018-03-20 09:22:35 - [MESSAGE][PASSED] - Object: 'Object Repository/002/Page_Filialsuche - BVR HTML Prototy/div_Berlin' is hovered

2018-03-20 09:22:35 - [TEST_STEP][PASSED] - delay: Delayed 2 second(s)

2018-03-20 09:22:37 - [MESSAGE][PASSED] - Delayed 2 second(s)

2018-03-20 09:22:37 - [TEST_STEP][PASSED] - click: Object: 'Object Repository/002/Page_Filialsuche - BVR HTML Prototy/div_Berlin' is clicked on

2018-03-20 09:22:37 - [MESSAGE][PASSED] - Object: 'Object Repository/002/Page_Filialsuche - BVR HTML Prototy/div_Berlin' is clicked on

2018-03-20 09:22:37 - [TEST_STEP][PASSED] - delay: Delayed 5 second(s)

2018-03-20 09:22:42 - [MESSAGE][PASSED] - Delayed 5 second(s)

2018-03-20 09:22:42 - [TEST_STEP][PASSED] - Statement - wes = com.kms.katalon.core.webui.common.WebUiCommonHelper.findWebElements(com.kms.katalon.core.testobject.ObjectRepository.findTestObject(filial_map), 5): Found 37 web elements with id: 'Object Repository/filial_map' located by 'By.xpath: //div[@class='aps-map__custom-marker']' in '5' second(s)

2018-03-20 09:22:42 - [TEST_STEP][PASSED] - Statement - For ([i = 0, i < wes.size(), (i++)]): null

2018-03-20 09:22:42 - [TEST_STEP][PASSED] - Statement - el = wes.get(i): null

2018-03-20 09:22:42 - [TEST_STEP][PASSED] - Statement - If (!(el.isDisplayed())): null

2018-03-20 09:22:42 - [TEST_STEP][PASSED] - Statement - el = wes.get(i): null

2018-03-20 09:22:42 - [TEST_STEP][PASSED] - Statement - If (!(el.isDisplayed())): null

2018-03-20 09:22:42 - [TEST_STEP][PASSED] - Statement - el = wes.get(i): null

2018-03-20 09:22:42 - [TEST_STEP][PASSED] - Statement - If (!(el.isDisplayed())): null

2018-03-20 09:22:42 - [TEST_STEP][PASSED] - Statement - el = wes.get(i): null

2018-03-20 09:22:42 - [TEST_STEP][PASSED] - Statement - If (!(el.isDisplayed())): null

2018-03-20 09:22:42 - [TEST_STEP][PASSED] - Statement - el = wes.get(i): null

2018-03-20 09:22:42 - [TEST_STEP][PASSED] - Statement - If (!(el.isDisplayed())): null

2018-03-20 09:22:42 - [TEST_STEP][PASSED] - Statement - el = wes.get(i): null

2018-03-20 09:22:42 - [TEST_STEP][PASSED] - Statement - If (!(el.isDisplayed())): null

2018-03-20 09:22:42 - [TEST_STEP][PASSED] - Statement - el = wes.get(i): null

2018-03-20 09:22:42 - [TEST_STEP][PASSED] - Statement - If (!(el.isDisplayed())): null

2018-03-20 09:22:42 - [TEST_STEP][PASSED] - Statement - el = wes.get(i): null

2018-03-20 09:22:42 - [TEST_STEP][PASSED] - Statement - If (!(el.isDisplayed())): null

2018-03-20 09:22:42 - [TEST_STEP][PASSED] - Statement - el = wes.get(i): null

2018-03-20 09:22:42 - [TEST_STEP][PASSED] - Statement - If (!(el.isDisplayed())): null

2018-03-20 09:22:42 - [TEST_STEP][PASSED] - Statement - el = wes.get(i): null

2018-03-20 09:22:42 - [TEST_STEP][PASSED] - Statement - If (!(el.isDisplayed())): null

2018-03-20 09:22:42 - [TEST_STEP][PASSED] - Statement - el = wes.get(i): null

2018-03-20 09:22:42 - [TEST_STEP][PASSED] - Statement - If (!(el.isDisplayed())): null

2018-03-20 09:22:42 - [TEST_STEP][PASSED] - Statement - el = wes.get(i): null

2018-03-20 09:22:42 - [TEST_STEP][PASSED] - Statement - If (!(el.isDisplayed())): null

2018-03-20 09:22:42 - [TEST_STEP][PASSED] - Statement - el = wes.get(i): null

2018-03-20 09:22:42 - [TEST_STEP][PASSED] - Statement - If (!(el.isDisplayed())): null

2018-03-20 09:22:42 - [TEST_STEP][PASSED] - Statement - el = wes.get(i): null

2018-03-20 09:22:42 - [TEST_STEP][PASSED] - Statement - If (!(el.isDisplayed())): null

2018-03-20 09:22:42 - [TEST_STEP][PASSED] - Statement - el = wes.get(i): null

2018-03-20 09:22:42 - [TEST_STEP][PASSED] - Statement - If (!(el.isDisplayed())): null

2018-03-20 09:22:42 - [TEST_STEP][PASSED] - Statement - el = wes.get(i): null

2018-03-20 09:22:42 - [TEST_STEP][PASSED] - Statement - If (!(el.isDisplayed())): null

2018-03-20 09:22:42 - [TEST_STEP][PASSED] - Statement - el = wes.get(i): null

2018-03-20 09:22:42 - [TEST_STEP][PASSED] - Statement - If (!(el.isDisplayed())): null

2018-03-20 09:22:42 - [TEST_STEP][PASSED] - Statement - el = wes.get(i): null

2018-03-20 09:22:42 - [TEST_STEP][PASSED] - Statement - If (!(el.isDisplayed())): null

2018-03-20 09:22:42 - [TEST_STEP][PASSED] - Statement - el = wes.get(i): null

2018-03-20 09:22:42 - [TEST_STEP][PASSED] - Statement - If (!(el.isDisplayed())): null

2018-03-20 09:22:42 - [TEST_STEP][PASSED] - Statement - el = wes.get(i): null

2018-03-20 09:22:42 - [TEST_STEP][PASSED] - Statement - If (!(el.isDisplayed())): null

2018-03-20 09:22:42 - [TEST_STEP][PASSED] - Statement - el = wes.get(i): null

2018-03-20 09:22:42 - [TEST_STEP][PASSED] - Statement - If (!(el.isDisplayed())): null

2018-03-20 09:22:42 - [TEST_STEP][PASSED] - Statement - el = wes.get(i): null

2018-03-20 09:22:42 - [TEST_STEP][PASSED] - Statement - If (!(el.isDisplayed())): null

2018-03-20 09:22:42 - [TEST_STEP][PASSED] - Statement - el = wes.get(i): null

2018-03-20 09:22:42 - [TEST_STEP][PASSED] - Statement - If (!(el.isDisplayed())): null

2018-03-20 09:22:42 - [TEST_STEP][PASSED] - Statement - el = wes.get(i): null

2018-03-20 09:22:42 - [TEST_STEP][PASSED] - Statement - If (!(el.isDisplayed())): null

2018-03-20 09:22:42 - [TEST_STEP][PASSED] - Statement - el = wes.get(i): null

2018-03-20 09:22:42 - [TEST_STEP][PASSED] - Statement - If (!(el.isDisplayed())): null

2018-03-20 09:22:42 - [TEST_STEP][PASSED] - Statement - el = wes.get(i): null

2018-03-20 09:22:42 - [TEST_STEP][PASSED] - Statement - If (!(el.isDisplayed())): null

2018-03-20 09:22:42 - [TEST_STEP][PASSED] - Statement - el = wes.get(i): null

2018-03-20 09:22:42 - [TEST_STEP][PASSED] - Statement - If (!(el.isDisplayed())): null

2018-03-20 09:22:42 - [TEST_STEP][PASSED] - Statement - el = wes.get(i): null

2018-03-20 09:22:42 - [TEST_STEP][PASSED] - Statement - If (!(el.isDisplayed())): null

2018-03-20 09:22:42 - [TEST_STEP][PASSED] - Statement - el = wes.get(i): null

2018-03-20 09:22:42 - [TEST_STEP][PASSED] - Statement - If (!(el.isDisplayed())): null

2018-03-20 09:22:42 - [TEST_STEP][PASSED] - Statement - el = wes.get(i): null

2018-03-20 09:22:42 - [TEST_STEP][PASSED] - Statement - If (!(el.isDisplayed())): null

2018-03-20 09:22:42 - [TEST_STEP][PASSED] - Statement - el = wes.get(i): null

2018-03-20 09:22:42 - [TEST_STEP][PASSED] - Statement - If (!(el.isDisplayed())): null

2018-03-20 09:22:42 - [TEST_STEP][PASSED] - Statement - el = wes.get(i): null

2018-03-20 09:22:42 - [TEST_STEP][PASSED] - Statement - If (!(el.isDisplayed())): null

2018-03-20 09:22:42 - [TEST_STEP][PASSED] - Statement - el = wes.get(i): null

2018-03-20 09:22:42 - [TEST_STEP][PASSED] - Statement - If (!(el.isDisplayed())): null

2018-03-20 09:22:42 - [TEST_STEP][PASSED] - Statement - el = wes.get(i): null

2018-03-20 09:22:42 - [TEST_STEP][PASSED] - Statement - If (!(el.isDisplayed())): null

2018-03-20 09:22:42 - [TEST_STEP][PASSED] - Statement - el = wes.get(i): null

2018-03-20 09:22:42 - [TEST_STEP][PASSED] - Statement - If (!(el.isDisplayed())): null

2018-03-20 09:22:42 - [TEST_STEP][PASSED] - Statement - el = wes.get(i): null

2018-03-20 09:22:42 - [TEST_STEP][PASSED] - Statement - If (!(el.isDisplayed())): null

2018-03-20 09:22:42 - [TEST_STEP][PASSED] - Statement - el = wes.get(i): null

2018-03-20 09:22:42 - [TEST_STEP][PASSED] - Statement - If (!(el.isDisplayed())): null

2018-03-20 09:22:42 - [TEST_STEP][PASSED] - closeBrowser: Browser is closed

2018-03-20 09:22:42 - [MESSAGE][PASSED] - Browser is closed]]></system-out>
         <system-err><![CDATA[]]></system-err>
      </testcase>
      <testcase name="Test Cases/Prototyp_Filialsuche (RC 18)/26_Testfall" classname="Test Cases/Prototyp_Filialsuche (RC 18)/26_Testfall" status="PASSED">
         <system-out><![CDATA[2018-03-20 09:22:42 - [TEST_CASE][PASSED] - Test Cases/Prototyp_Filialsuche (RC 18)/26_Testfall: Test Cases/Prototyp_Filialsuche (RC 18)/26_Testfall

2018-03-20 09:22:43 - [TEST_STEP][PASSED] - openBrowser: Browser is opened with url: ''

2018-03-20 09:22:45 - [MESSAGE][PASSED] - Browser is opened with url: ''

2018-03-20 09:22:45 - [TEST_STEP][PASSED] - deleteAllCookies: Delete all cookies successfully

2018-03-20 09:22:45 - [MESSAGE][PASSED] - Delete all cookies successfully

2018-03-20 09:22:45 - [TEST_STEP][PASSED] - maximizeWindow: Current window maximized

2018-03-20 09:22:45 - [MESSAGE][PASSED] - Current window maximized

2018-03-20 09:22:45 - [TEST_STEP][PASSED] - navigateToUrl: Navigate to 'http://rc-ogrhtmlprototyp.testintern/18-1-0/home-6-filialsuche.html' successfully

2018-03-20 09:22:49 - [MESSAGE][PASSED] - Navigate to 'http://rc-ogrhtmlprototyp.testintern/18-1-0/home-6-filialsuche.html' successfully

2018-03-20 09:22:49 - [TEST_STEP][PASSED] - waitForPageLoad: Wait for page load successfully

2018-03-20 09:22:49 - [MESSAGE][WARNING] - Timeout '0' is invalid. Using default page load timeout: '30'

2018-03-20 09:22:49 - [MESSAGE][PASSED] - Wait for page load successfully

2018-03-20 09:22:49 - [TEST_STEP][PASSED] - delay: Delayed 2 second(s)

2018-03-20 09:22:51 - [MESSAGE][PASSED] - Delayed 2 second(s)

2018-03-20 09:22:51 - [TEST_STEP][PASSED] - click: Object: 'Object Repository/03/Page_Filialsuche-rotenburg - BVR HT/Page_Home-6-filialsuche - BVR HTML/svg_dropdown-icons' is clicked on

2018-03-20 09:22:51 - [MESSAGE][PASSED] - Object: 'Object Repository/03/Page_Filialsuche-rotenburg - BVR HT/Page_Home-6-filialsuche - BVR HTML/svg_dropdown-icons' is clicked on

2018-03-20 09:22:51 - [TEST_STEP][PASSED] - delay: Delayed 2 second(s)

2018-03-20 09:22:53 - [MESSAGE][PASSED] - Delayed 2 second(s)

2018-03-20 09:22:53 - [TEST_STEP][PASSED] - mouseOver: Object: 'Object Repository/002/Page_Home-6-filialsuche - BVR HTML/div_Berlin' is hovered

2018-03-20 09:22:53 - [MESSAGE][PASSED] - Object: 'Object Repository/002/Page_Home-6-filialsuche - BVR HTML/div_Berlin' is hovered

2018-03-20 09:22:53 - [TEST_STEP][PASSED] - delay: Delayed 2 second(s)

2018-03-20 09:22:55 - [MESSAGE][PASSED] - Delayed 2 second(s)

2018-03-20 09:22:55 - [TEST_STEP][PASSED] - click: Object: 'Object Repository/002/Page_Home-6-filialsuche - BVR HTML/div_Berlin' is clicked on

2018-03-20 09:22:55 - [MESSAGE][PASSED] - Object: 'Object Repository/002/Page_Home-6-filialsuche - BVR HTML/div_Berlin' is clicked on

2018-03-20 09:22:55 - [TEST_STEP][PASSED] - delay: Delayed 5 second(s)

2018-03-20 09:23:00 - [MESSAGE][PASSED] - Delayed 5 second(s)

2018-03-20 09:23:00 - [TEST_STEP][PASSED] - Statement - wes = com.kms.katalon.core.webui.common.WebUiCommonHelper.findWebElements(com.kms.katalon.core.testobject.ObjectRepository.findTestObject(filial_map), 5): Found 37 web elements with id: 'Object Repository/filial_map' located by 'By.xpath: //div[@class='aps-map__custom-marker']' in '5' second(s)

2018-03-20 09:23:01 - [TEST_STEP][PASSED] - Statement - For ([i = 0, i < wes.size(), (i++)]): null

2018-03-20 09:23:01 - [TEST_STEP][PASSED] - Statement - el = wes.get(i): null

2018-03-20 09:23:01 - [TEST_STEP][PASSED] - Statement - If (!(el.isDisplayed())): null

2018-03-20 09:23:02 - [TEST_STEP][PASSED] - Statement - el = wes.get(i): null

2018-03-20 09:23:02 - [TEST_STEP][PASSED] - Statement - If (!(el.isDisplayed())): null

2018-03-20 09:23:02 - [TEST_STEP][PASSED] - Statement - el = wes.get(i): null

2018-03-20 09:23:02 - [TEST_STEP][PASSED] - Statement - If (!(el.isDisplayed())): null

2018-03-20 09:23:02 - [TEST_STEP][PASSED] - Statement - el = wes.get(i): null

2018-03-20 09:23:02 - [TEST_STEP][PASSED] - Statement - If (!(el.isDisplayed())): null

2018-03-20 09:23:02 - [TEST_STEP][PASSED] - Statement - el = wes.get(i): null

2018-03-20 09:23:02 - [TEST_STEP][PASSED] - Statement - If (!(el.isDisplayed())): null

2018-03-20 09:23:02 - [TEST_STEP][PASSED] - Statement - el = wes.get(i): null

2018-03-20 09:23:02 - [TEST_STEP][PASSED] - Statement - If (!(el.isDisplayed())): null

2018-03-20 09:23:02 - [TEST_STEP][PASSED] - Statement - el = wes.get(i): null

2018-03-20 09:23:02 - [TEST_STEP][PASSED] - Statement - If (!(el.isDisplayed())): null

2018-03-20 09:23:02 - [TEST_STEP][PASSED] - Statement - el = wes.get(i): null

2018-03-20 09:23:02 - [TEST_STEP][PASSED] - Statement - If (!(el.isDisplayed())): null

2018-03-20 09:23:02 - [TEST_STEP][PASSED] - Statement - el = wes.get(i): null

2018-03-20 09:23:02 - [TEST_STEP][PASSED] - Statement - If (!(el.isDisplayed())): null

2018-03-20 09:23:02 - [TEST_STEP][PASSED] - Statement - el = wes.get(i): null

2018-03-20 09:23:02 - [TEST_STEP][PASSED] - Statement - If (!(el.isDisplayed())): null

2018-03-20 09:23:02 - [TEST_STEP][PASSED] - Statement - el = wes.get(i): null

2018-03-20 09:23:02 - [TEST_STEP][PASSED] - Statement - If (!(el.isDisplayed())): null

2018-03-20 09:23:02 - [TEST_STEP][PASSED] - Statement - el = wes.get(i): null

2018-03-20 09:23:02 - [TEST_STEP][PASSED] - Statement - If (!(el.isDisplayed())): null

2018-03-20 09:23:02 - [TEST_STEP][PASSED] - Statement - el = wes.get(i): null

2018-03-20 09:23:02 - [TEST_STEP][PASSED] - Statement - If (!(el.isDisplayed())): null

2018-03-20 09:23:02 - [TEST_STEP][PASSED] - Statement - el = wes.get(i): null

2018-03-20 09:23:02 - [TEST_STEP][PASSED] - Statement - If (!(el.isDisplayed())): null

2018-03-20 09:23:02 - [TEST_STEP][PASSED] - Statement - el = wes.get(i): null

2018-03-20 09:23:02 - [TEST_STEP][PASSED] - Statement - If (!(el.isDisplayed())): null

2018-03-20 09:23:02 - [TEST_STEP][PASSED] - Statement - el = wes.get(i): null

2018-03-20 09:23:02 - [TEST_STEP][PASSED] - Statement - If (!(el.isDisplayed())): null

2018-03-20 09:23:02 - [TEST_STEP][PASSED] - Statement - el = wes.get(i): null

2018-03-20 09:23:02 - [TEST_STEP][PASSED] - Statement - If (!(el.isDisplayed())): null

2018-03-20 09:23:02 - [TEST_STEP][PASSED] - Statement - el = wes.get(i): null

2018-03-20 09:23:02 - [TEST_STEP][PASSED] - Statement - If (!(el.isDisplayed())): null

2018-03-20 09:23:02 - [TEST_STEP][PASSED] - Statement - el = wes.get(i): null

2018-03-20 09:23:02 - [TEST_STEP][PASSED] - Statement - If (!(el.isDisplayed())): null

2018-03-20 09:23:02 - [TEST_STEP][PASSED] - Statement - el = wes.get(i): null

2018-03-20 09:23:02 - [TEST_STEP][PASSED] - Statement - If (!(el.isDisplayed())): null

2018-03-20 09:23:02 - [TEST_STEP][PASSED] - Statement - el = wes.get(i): null

2018-03-20 09:23:02 - [TEST_STEP][PASSED] - Statement - If (!(el.isDisplayed())): null

2018-03-20 09:23:02 - [TEST_STEP][PASSED] - Statement - el = wes.get(i): null

2018-03-20 09:23:02 - [TEST_STEP][PASSED] - Statement - If (!(el.isDisplayed())): null

2018-03-20 09:23:02 - [TEST_STEP][PASSED] - Statement - el = wes.get(i): null

2018-03-20 09:23:02 - [TEST_STEP][PASSED] - Statement - If (!(el.isDisplayed())): null

2018-03-20 09:23:02 - [TEST_STEP][PASSED] - Statement - el = wes.get(i): null

2018-03-20 09:23:02 - [TEST_STEP][PASSED] - Statement - If (!(el.isDisplayed())): null

2018-03-20 09:23:02 - [TEST_STEP][PASSED] - Statement - el = wes.get(i): null

2018-03-20 09:23:02 - [TEST_STEP][PASSED] - Statement - If (!(el.isDisplayed())): null

2018-03-20 09:23:02 - [TEST_STEP][PASSED] - Statement - el = wes.get(i): null

2018-03-20 09:23:02 - [TEST_STEP][PASSED] - Statement - If (!(el.isDisplayed())): null

2018-03-20 09:23:02 - [TEST_STEP][PASSED] - Statement - el = wes.get(i): null

2018-03-20 09:23:02 - [TEST_STEP][PASSED] - Statement - If (!(el.isDisplayed())): null

2018-03-20 09:23:02 - [TEST_STEP][PASSED] - Statement - el = wes.get(i): null

2018-03-20 09:23:02 - [TEST_STEP][PASSED] - Statement - If (!(el.isDisplayed())): null

2018-03-20 09:23:02 - [TEST_STEP][PASSED] - Statement - el = wes.get(i): null

2018-03-20 09:23:02 - [TEST_STEP][PASSED] - Statement - If (!(el.isDisplayed())): null

2018-03-20 09:23:02 - [TEST_STEP][PASSED] - Statement - el = wes.get(i): null

2018-03-20 09:23:02 - [TEST_STEP][PASSED] - Statement - If (!(el.isDisplayed())): null

2018-03-20 09:23:02 - [TEST_STEP][PASSED] - Statement - el = wes.get(i): null

2018-03-20 09:23:02 - [TEST_STEP][PASSED] - Statement - If (!(el.isDisplayed())): null

2018-03-20 09:23:02 - [TEST_STEP][PASSED] - Statement - el = wes.get(i): null

2018-03-20 09:23:02 - [TEST_STEP][PASSED] - Statement - If (!(el.isDisplayed())): null

2018-03-20 09:23:02 - [TEST_STEP][PASSED] - Statement - el = wes.get(i): null

2018-03-20 09:23:02 - [TEST_STEP][PASSED] - Statement - If (!(el.isDisplayed())): null

2018-03-20 09:23:02 - [TEST_STEP][PASSED] - Statement - el = wes.get(i): null

2018-03-20 09:23:02 - [TEST_STEP][PASSED] - Statement - If (!(el.isDisplayed())): null

2018-03-20 09:23:02 - [TEST_STEP][PASSED] - Statement - el = wes.get(i): null

2018-03-20 09:23:02 - [TEST_STEP][PASSED] - Statement - If (!(el.isDisplayed())): null

2018-03-20 09:23:02 - [TEST_STEP][PASSED] - Statement - el = wes.get(i): null

2018-03-20 09:23:02 - [TEST_STEP][PASSED] - Statement - If (!(el.isDisplayed())): null

2018-03-20 09:23:02 - [TEST_STEP][PASSED] - Statement - el = wes.get(i): null

2018-03-20 09:23:02 - [TEST_STEP][PASSED] - Statement - If (!(el.isDisplayed())): null

2018-03-20 09:23:02 - [TEST_STEP][PASSED] - closeBrowser: Browser is closed

2018-03-20 09:23:02 - [MESSAGE][PASSED] - Browser is closed]]></system-out>
         <system-err><![CDATA[]]></system-err>
      </testcase>
      <testcase name="Test Cases/Prototyp_Filialsuche (RC 18)/27_Testfall" classname="Test Cases/Prototyp_Filialsuche (RC 18)/27_Testfall" status="PASSED">
         <system-out><![CDATA[2018-03-20 09:23:02 - [TEST_CASE][PASSED] - Test Cases/Prototyp_Filialsuche (RC 18)/27_Testfall: Test Cases/Prototyp_Filialsuche (RC 18)/27_Testfall

2018-03-20 09:23:02 - [TEST_STEP][PASSED] - openBrowser: Browser is opened with url: ''

2018-03-20 09:23:05 - [MESSAGE][PASSED] - Browser is opened with url: ''

2018-03-20 09:23:05 - [TEST_STEP][PASSED] - deleteAllCookies: Delete all cookies successfully

2018-03-20 09:23:05 - [MESSAGE][PASSED] - Delete all cookies successfully

2018-03-20 09:23:05 - [TEST_STEP][PASSED] - maximizeWindow: Current window maximized

2018-03-20 09:23:05 - [MESSAGE][PASSED] - Current window maximized

2018-03-20 09:23:05 - [TEST_STEP][PASSED] - navigateToUrl: Navigate to 'http://rc-ogrhtmlprototyp.testintern/18-1-0/detail.html' successfully

2018-03-20 09:23:15 - [MESSAGE][PASSED] - Navigate to 'http://rc-ogrhtmlprototyp.testintern/18-1-0/detail.html' successfully

2018-03-20 09:23:15 - [TEST_STEP][PASSED] - waitForPageLoad: Wait for page load successfully

2018-03-20 09:23:15 - [MESSAGE][WARNING] - Timeout '0' is invalid. Using default page load timeout: '30'

2018-03-20 09:23:15 - [MESSAGE][PASSED] - Wait for page load successfully

2018-03-20 09:23:15 - [TEST_STEP][PASSED] - delay: Delayed 2 second(s)

2018-03-20 09:23:17 - [MESSAGE][PASSED] - Delayed 2 second(s)

2018-03-20 09:23:17 - [TEST_STEP][PASSED] - click: Object: 'Object Repository/002/Page_Detail - BVR HTML Prototyp/svg_dropdown-icons' is clicked on

2018-03-20 09:23:17 - [MESSAGE][PASSED] - Object: 'Object Repository/002/Page_Detail - BVR HTML Prototyp/svg_dropdown-icons' is clicked on

2018-03-20 09:23:17 - [TEST_STEP][PASSED] - delay: Delayed 2 second(s)

2018-03-20 09:23:19 - [MESSAGE][PASSED] - Delayed 2 second(s)

2018-03-20 09:23:19 - [TEST_STEP][PASSED] - mouseOver: Object: 'Object Repository/002/Page_Detail - BVR HTML Prototyp (1)/div_Berlin' is hovered

2018-03-20 09:23:19 - [MESSAGE][PASSED] - Object: 'Object Repository/002/Page_Detail - BVR HTML Prototyp (1)/div_Berlin' is hovered

2018-03-20 09:23:19 - [TEST_STEP][PASSED] - delay: Delayed 2 second(s)

2018-03-20 09:23:21 - [MESSAGE][PASSED] - Delayed 2 second(s)

2018-03-20 09:23:21 - [TEST_STEP][PASSED] - click: Object: 'Object Repository/002/Page_Detail - BVR HTML Prototyp (1)/div_Berlin' is clicked on

2018-03-20 09:23:21 - [MESSAGE][PASSED] - Object: 'Object Repository/002/Page_Detail - BVR HTML Prototyp (1)/div_Berlin' is clicked on

2018-03-20 09:23:21 - [TEST_STEP][PASSED] - delay: Delayed 5 second(s)

2018-03-20 09:23:26 - [MESSAGE][PASSED] - Delayed 5 second(s)

2018-03-20 09:23:26 - [TEST_STEP][PASSED] - Statement - wes = com.kms.katalon.core.webui.common.WebUiCommonHelper.findWebElements(com.kms.katalon.core.testobject.ObjectRepository.findTestObject(filial_map), 5): Found 37 web elements with id: 'Object Repository/filial_map' located by 'By.xpath: //div[@class='aps-map__custom-marker']' in '5' second(s)

2018-03-20 09:23:27 - [TEST_STEP][PASSED] - Statement - For ([i = 0, i < wes.size(), (i++)]): null

2018-03-20 09:23:27 - [TEST_STEP][PASSED] - Statement - el = wes.get(i): null

2018-03-20 09:23:27 - [TEST_STEP][PASSED] - Statement - If (!(el.isDisplayed())): null

2018-03-20 09:23:27 - [TEST_STEP][PASSED] - Statement - el = wes.get(i): null

2018-03-20 09:23:27 - [TEST_STEP][PASSED] - Statement - If (!(el.isDisplayed())): null

2018-03-20 09:23:27 - [TEST_STEP][PASSED] - Statement - el = wes.get(i): null

2018-03-20 09:23:27 - [TEST_STEP][PASSED] - Statement - If (!(el.isDisplayed())): null

2018-03-20 09:23:27 - [TEST_STEP][PASSED] - Statement - el = wes.get(i): null

2018-03-20 09:23:27 - [TEST_STEP][PASSED] - Statement - If (!(el.isDisplayed())): null

2018-03-20 09:23:27 - [TEST_STEP][PASSED] - Statement - el = wes.get(i): null

2018-03-20 09:23:27 - [TEST_STEP][PASSED] - Statement - If (!(el.isDisplayed())): null

2018-03-20 09:23:27 - [TEST_STEP][PASSED] - Statement - el = wes.get(i): null

2018-03-20 09:23:27 - [TEST_STEP][PASSED] - Statement - If (!(el.isDisplayed())): null

2018-03-20 09:23:27 - [TEST_STEP][PASSED] - Statement - el = wes.get(i): null

2018-03-20 09:23:27 - [TEST_STEP][PASSED] - Statement - If (!(el.isDisplayed())): null

2018-03-20 09:23:27 - [TEST_STEP][PASSED] - Statement - el = wes.get(i): null

2018-03-20 09:23:27 - [TEST_STEP][PASSED] - Statement - If (!(el.isDisplayed())): null

2018-03-20 09:23:27 - [TEST_STEP][PASSED] - Statement - el = wes.get(i): null

2018-03-20 09:23:27 - [TEST_STEP][PASSED] - Statement - If (!(el.isDisplayed())): null

2018-03-20 09:23:27 - [TEST_STEP][PASSED] - Statement - el = wes.get(i): null

2018-03-20 09:23:27 - [TEST_STEP][PASSED] - Statement - If (!(el.isDisplayed())): null

2018-03-20 09:23:27 - [TEST_STEP][PASSED] - Statement - el = wes.get(i): null

2018-03-20 09:23:27 - [TEST_STEP][PASSED] - Statement - If (!(el.isDisplayed())): null

2018-03-20 09:23:27 - [TEST_STEP][PASSED] - Statement - el = wes.get(i): null

2018-03-20 09:23:27 - [TEST_STEP][PASSED] - Statement - If (!(el.isDisplayed())): null

2018-03-20 09:23:27 - [TEST_STEP][PASSED] - Statement - el = wes.get(i): null

2018-03-20 09:23:27 - [TEST_STEP][PASSED] - Statement - If (!(el.isDisplayed())): null

2018-03-20 09:23:27 - [TEST_STEP][PASSED] - Statement - el = wes.get(i): null

2018-03-20 09:23:27 - [TEST_STEP][PASSED] - Statement - If (!(el.isDisplayed())): null

2018-03-20 09:23:27 - [TEST_STEP][PASSED] - Statement - el = wes.get(i): null

2018-03-20 09:23:27 - [TEST_STEP][PASSED] - Statement - If (!(el.isDisplayed())): null

2018-03-20 09:23:27 - [TEST_STEP][PASSED] - Statement - el = wes.get(i): null

2018-03-20 09:23:27 - [TEST_STEP][PASSED] - Statement - If (!(el.isDisplayed())): null

2018-03-20 09:23:27 - [TEST_STEP][PASSED] - Statement - el = wes.get(i): null

2018-03-20 09:23:27 - [TEST_STEP][PASSED] - Statement - If (!(el.isDisplayed())): null

2018-03-20 09:23:27 - [TEST_STEP][PASSED] - Statement - el = wes.get(i): null

2018-03-20 09:23:27 - [TEST_STEP][PASSED] - Statement - If (!(el.isDisplayed())): null

2018-03-20 09:23:27 - [TEST_STEP][PASSED] - Statement - el = wes.get(i): null

2018-03-20 09:23:27 - [TEST_STEP][PASSED] - Statement - If (!(el.isDisplayed())): null

2018-03-20 09:23:27 - [TEST_STEP][PASSED] - Statement - el = wes.get(i): null

2018-03-20 09:23:27 - [TEST_STEP][PASSED] - Statement - If (!(el.isDisplayed())): null

2018-03-20 09:23:27 - [TEST_STEP][PASSED] - Statement - el = wes.get(i): null

2018-03-20 09:23:27 - [TEST_STEP][PASSED] - Statement - If (!(el.isDisplayed())): null

2018-03-20 09:23:27 - [TEST_STEP][PASSED] - Statement - el = wes.get(i): null

2018-03-20 09:23:27 - [TEST_STEP][PASSED] - Statement - If (!(el.isDisplayed())): null

2018-03-20 09:23:27 - [TEST_STEP][PASSED] - Statement - el = wes.get(i): null

2018-03-20 09:23:27 - [TEST_STEP][PASSED] - Statement - If (!(el.isDisplayed())): null

2018-03-20 09:23:27 - [TEST_STEP][PASSED] - Statement - el = wes.get(i): null

2018-03-20 09:23:27 - [TEST_STEP][PASSED] - Statement - If (!(el.isDisplayed())): null

2018-03-20 09:23:27 - [TEST_STEP][PASSED] - Statement - el = wes.get(i): null

2018-03-20 09:23:27 - [TEST_STEP][PASSED] - Statement - If (!(el.isDisplayed())): null

2018-03-20 09:23:27 - [TEST_STEP][PASSED] - Statement - el = wes.get(i): null

2018-03-20 09:23:27 - [TEST_STEP][PASSED] - Statement - If (!(el.isDisplayed())): null

2018-03-20 09:23:27 - [TEST_STEP][PASSED] - Statement - el = wes.get(i): null

2018-03-20 09:23:27 - [TEST_STEP][PASSED] - Statement - If (!(el.isDisplayed())): null

2018-03-20 09:23:27 - [TEST_STEP][PASSED] - Statement - el = wes.get(i): null

2018-03-20 09:23:27 - [TEST_STEP][PASSED] - Statement - If (!(el.isDisplayed())): null

2018-03-20 09:23:27 - [TEST_STEP][PASSED] - Statement - el = wes.get(i): null

2018-03-20 09:23:27 - [TEST_STEP][PASSED] - Statement - If (!(el.isDisplayed())): null

2018-03-20 09:23:27 - [TEST_STEP][PASSED] - Statement - el = wes.get(i): null

2018-03-20 09:23:27 - [TEST_STEP][PASSED] - Statement - If (!(el.isDisplayed())): null

2018-03-20 09:23:27 - [TEST_STEP][PASSED] - Statement - el = wes.get(i): null

2018-03-20 09:23:27 - [TEST_STEP][PASSED] - Statement - If (!(el.isDisplayed())): null

2018-03-20 09:23:28 - [TEST_STEP][PASSED] - Statement - el = wes.get(i): null

2018-03-20 09:23:28 - [TEST_STEP][PASSED] - Statement - If (!(el.isDisplayed())): null

2018-03-20 09:23:28 - [TEST_STEP][PASSED] - Statement - el = wes.get(i): null

2018-03-20 09:23:28 - [TEST_STEP][PASSED] - Statement - If (!(el.isDisplayed())): null

2018-03-20 09:23:28 - [TEST_STEP][PASSED] - Statement - el = wes.get(i): null

2018-03-20 09:23:28 - [TEST_STEP][PASSED] - Statement - If (!(el.isDisplayed())): null

2018-03-20 09:23:28 - [TEST_STEP][PASSED] - Statement - el = wes.get(i): null

2018-03-20 09:23:28 - [TEST_STEP][PASSED] - Statement - If (!(el.isDisplayed())): null

2018-03-20 09:23:28 - [TEST_STEP][PASSED] - Statement - el = wes.get(i): null

2018-03-20 09:23:28 - [TEST_STEP][PASSED] - Statement - If (!(el.isDisplayed())): null

2018-03-20 09:23:28 - [TEST_STEP][PASSED] - Statement - el = wes.get(i): null

2018-03-20 09:23:28 - [TEST_STEP][PASSED] - Statement - If (!(el.isDisplayed())): null

2018-03-20 09:23:28 - [TEST_STEP][PASSED] - closeBrowser: Browser is closed

2018-03-20 09:23:28 - [MESSAGE][PASSED] - Browser is closed]]></system-out>
         <system-err><![CDATA[]]></system-err>
      </testcase>
      <testcase name="Test Cases/Prototyp_Filialsuche (RC 18)/28_Testfall" classname="Test Cases/Prototyp_Filialsuche (RC 18)/28_Testfall" status="PASSED">
         <system-out><![CDATA[2018-03-20 09:23:28 - [TEST_CASE][PASSED] - Test Cases/Prototyp_Filialsuche (RC 18)/28_Testfall: Test Cases/Prototyp_Filialsuche (RC 18)/28_Testfall

2018-03-20 09:23:28 - [TEST_STEP][PASSED] - openBrowser: Browser is opened with url: ''

2018-03-20 09:23:30 - [MESSAGE][PASSED] - Browser is opened with url: ''

2018-03-20 09:23:30 - [TEST_STEP][PASSED] - deleteAllCookies: Delete all cookies successfully

2018-03-20 09:23:30 - [MESSAGE][PASSED] - Delete all cookies successfully

2018-03-20 09:23:30 - [TEST_STEP][PASSED] - maximizeWindow: Current window maximized

2018-03-20 09:23:30 - [MESSAGE][PASSED] - Current window maximized

2018-03-20 09:23:30 - [TEST_STEP][PASSED] - navigateToUrl: Navigate to 'http://rc-ogrhtmlprototyp.testintern/18-1-0/filialsuche.html' successfully

2018-03-20 09:23:35 - [MESSAGE][PASSED] - Navigate to 'http://rc-ogrhtmlprototyp.testintern/18-1-0/filialsuche.html' successfully

2018-03-20 09:23:35 - [TEST_STEP][PASSED] - waitForPageLoad: Wait for page load successfully

2018-03-20 09:23:35 - [MESSAGE][WARNING] - Timeout '0' is invalid. Using default page load timeout: '30'

2018-03-20 09:23:37 - [MESSAGE][PASSED] - Wait for page load successfully

2018-03-20 09:23:37 - [TEST_STEP][PASSED] - delay: Delayed 2 second(s)

2018-03-20 09:23:39 - [MESSAGE][PASSED] - Delayed 2 second(s)

2018-03-20 09:23:39 - [TEST_STEP][PASSED] - click: Object: 'Object Repository/002/Page_Filialsuche - BVR HTML Prototy (1)/svg_dropdown-icons' is clicked on

2018-03-20 09:23:39 - [MESSAGE][PASSED] - Object: 'Object Repository/002/Page_Filialsuche - BVR HTML Prototy (1)/svg_dropdown-icons' is clicked on

2018-03-20 09:23:39 - [TEST_STEP][PASSED] - delay: Delayed 2 second(s)

2018-03-20 09:23:41 - [MESSAGE][PASSED] - Delayed 2 second(s)

2018-03-20 09:23:41 - [TEST_STEP][PASSED] - mouseOver: Object: 'Object Repository/berlin/Page_Filialsuche - BVR HTML Prototy/div_Berlin' is hovered

2018-03-20 09:23:41 - [MESSAGE][PASSED] - Object: 'Object Repository/berlin/Page_Filialsuche - BVR HTML Prototy/div_Berlin' is hovered

2018-03-20 09:23:41 - [TEST_STEP][PASSED] - delay: Delayed 2 second(s)

2018-03-20 09:23:43 - [MESSAGE][PASSED] - Delayed 2 second(s)

2018-03-20 09:23:43 - [TEST_STEP][PASSED] - click: Object: 'Object Repository/berlin/Page_Filialsuche - BVR HTML Prototy/div_Berlin' is clicked on

2018-03-20 09:23:43 - [MESSAGE][PASSED] - Object: 'Object Repository/berlin/Page_Filialsuche - BVR HTML Prototy/div_Berlin' is clicked on

2018-03-20 09:23:43 - [TEST_STEP][PASSED] - delay: Delayed 5 second(s)

2018-03-20 09:23:48 - [MESSAGE][PASSED] - Delayed 5 second(s)

2018-03-20 09:23:48 - [TEST_STEP][PASSED] - Statement - wes = com.kms.katalon.core.webui.common.WebUiCommonHelper.findWebElements(com.kms.katalon.core.testobject.ObjectRepository.findTestObject(filial_map), 5): Found 37 web elements with id: 'Object Repository/filial_map' located by 'By.xpath: //div[@class='aps-map__custom-marker']' in '5' second(s)

2018-03-20 09:23:48 - [TEST_STEP][PASSED] - Statement - For ([i = 0, i < wes.size(), (i++)]): null

2018-03-20 09:23:48 - [TEST_STEP][PASSED] - Statement - el = wes.get(i): null

2018-03-20 09:23:48 - [TEST_STEP][PASSED] - Statement - If (!(el.isDisplayed())): null

2018-03-20 09:23:48 - [TEST_STEP][PASSED] - Statement - el = wes.get(i): null

2018-03-20 09:23:48 - [TEST_STEP][PASSED] - Statement - If (!(el.isDisplayed())): null

2018-03-20 09:23:48 - [TEST_STEP][PASSED] - Statement - el = wes.get(i): null

2018-03-20 09:23:48 - [TEST_STEP][PASSED] - Statement - If (!(el.isDisplayed())): null

2018-03-20 09:23:48 - [TEST_STEP][PASSED] - Statement - el = wes.get(i): null

2018-03-20 09:23:48 - [TEST_STEP][PASSED] - Statement - If (!(el.isDisplayed())): null

2018-03-20 09:23:48 - [TEST_STEP][PASSED] - Statement - el = wes.get(i): null

2018-03-20 09:23:48 - [TEST_STEP][PASSED] - Statement - If (!(el.isDisplayed())): null

2018-03-20 09:23:48 - [TEST_STEP][PASSED] - Statement - el = wes.get(i): null

2018-03-20 09:23:48 - [TEST_STEP][PASSED] - Statement - If (!(el.isDisplayed())): null

2018-03-20 09:23:48 - [TEST_STEP][PASSED] - Statement - el = wes.get(i): null

2018-03-20 09:23:48 - [TEST_STEP][PASSED] - Statement - If (!(el.isDisplayed())): null

2018-03-20 09:23:48 - [TEST_STEP][PASSED] - Statement - el = wes.get(i): null

2018-03-20 09:23:48 - [TEST_STEP][PASSED] - Statement - If (!(el.isDisplayed())): null

2018-03-20 09:23:48 - [TEST_STEP][PASSED] - Statement - el = wes.get(i): null

2018-03-20 09:23:48 - [TEST_STEP][PASSED] - Statement - If (!(el.isDisplayed())): null

2018-03-20 09:23:48 - [TEST_STEP][PASSED] - Statement - el = wes.get(i): null

2018-03-20 09:23:48 - [TEST_STEP][PASSED] - Statement - If (!(el.isDisplayed())): null

2018-03-20 09:23:48 - [TEST_STEP][PASSED] - Statement - el = wes.get(i): null

2018-03-20 09:23:48 - [TEST_STEP][PASSED] - Statement - If (!(el.isDisplayed())): null

2018-03-20 09:23:48 - [TEST_STEP][PASSED] - Statement - el = wes.get(i): null

2018-03-20 09:23:48 - [TEST_STEP][PASSED] - Statement - If (!(el.isDisplayed())): null

2018-03-20 09:23:48 - [TEST_STEP][PASSED] - Statement - el = wes.get(i): null

2018-03-20 09:23:48 - [TEST_STEP][PASSED] - Statement - If (!(el.isDisplayed())): null

2018-03-20 09:23:48 - [TEST_STEP][PASSED] - Statement - el = wes.get(i): null

2018-03-20 09:23:48 - [TEST_STEP][PASSED] - Statement - If (!(el.isDisplayed())): null

2018-03-20 09:23:48 - [TEST_STEP][PASSED] - Statement - el = wes.get(i): null

2018-03-20 09:23:48 - [TEST_STEP][PASSED] - Statement - If (!(el.isDisplayed())): null

2018-03-20 09:23:48 - [TEST_STEP][PASSED] - Statement - el = wes.get(i): null

2018-03-20 09:23:48 - [TEST_STEP][PASSED] - Statement - If (!(el.isDisplayed())): null

2018-03-20 09:23:48 - [TEST_STEP][PASSED] - Statement - el = wes.get(i): null

2018-03-20 09:23:48 - [TEST_STEP][PASSED] - Statement - If (!(el.isDisplayed())): null

2018-03-20 09:23:48 - [TEST_STEP][PASSED] - Statement - el = wes.get(i): null

2018-03-20 09:23:48 - [TEST_STEP][PASSED] - Statement - If (!(el.isDisplayed())): null

2018-03-20 09:23:48 - [TEST_STEP][PASSED] - Statement - el = wes.get(i): null

2018-03-20 09:23:48 - [TEST_STEP][PASSED] - Statement - If (!(el.isDisplayed())): null

2018-03-20 09:23:48 - [TEST_STEP][PASSED] - Statement - el = wes.get(i): null

2018-03-20 09:23:48 - [TEST_STEP][PASSED] - Statement - If (!(el.isDisplayed())): null

2018-03-20 09:23:48 - [TEST_STEP][PASSED] - Statement - el = wes.get(i): null

2018-03-20 09:23:48 - [TEST_STEP][PASSED] - Statement - If (!(el.isDisplayed())): null

2018-03-20 09:23:48 - [TEST_STEP][PASSED] - Statement - el = wes.get(i): null

2018-03-20 09:23:48 - [TEST_STEP][PASSED] - Statement - If (!(el.isDisplayed())): null

2018-03-20 09:23:48 - [TEST_STEP][PASSED] - Statement - el = wes.get(i): null

2018-03-20 09:23:48 - [TEST_STEP][PASSED] - Statement - If (!(el.isDisplayed())): null

2018-03-20 09:23:48 - [TEST_STEP][PASSED] - Statement - el = wes.get(i): null

2018-03-20 09:23:48 - [TEST_STEP][PASSED] - Statement - If (!(el.isDisplayed())): null

2018-03-20 09:23:48 - [TEST_STEP][PASSED] - Statement - el = wes.get(i): null

2018-03-20 09:23:48 - [TEST_STEP][PASSED] - Statement - If (!(el.isDisplayed())): null

2018-03-20 09:23:48 - [TEST_STEP][PASSED] - Statement - el = wes.get(i): null

2018-03-20 09:23:48 - [TEST_STEP][PASSED] - Statement - If (!(el.isDisplayed())): null

2018-03-20 09:23:48 - [TEST_STEP][PASSED] - Statement - el = wes.get(i): null

2018-03-20 09:23:48 - [TEST_STEP][PASSED] - Statement - If (!(el.isDisplayed())): null

2018-03-20 09:23:48 - [TEST_STEP][PASSED] - Statement - el = wes.get(i): null

2018-03-20 09:23:48 - [TEST_STEP][PASSED] - Statement - If (!(el.isDisplayed())): null

2018-03-20 09:23:48 - [TEST_STEP][PASSED] - Statement - el = wes.get(i): null

2018-03-20 09:23:48 - [TEST_STEP][PASSED] - Statement - If (!(el.isDisplayed())): null

2018-03-20 09:23:48 - [TEST_STEP][PASSED] - Statement - el = wes.get(i): null

2018-03-20 09:23:48 - [TEST_STEP][PASSED] - Statement - If (!(el.isDisplayed())): null

2018-03-20 09:23:48 - [TEST_STEP][PASSED] - Statement - el = wes.get(i): null

2018-03-20 09:23:48 - [TEST_STEP][PASSED] - Statement - If (!(el.isDisplayed())): null

2018-03-20 09:23:48 - [TEST_STEP][PASSED] - Statement - el = wes.get(i): null

2018-03-20 09:23:48 - [TEST_STEP][PASSED] - Statement - If (!(el.isDisplayed())): null

2018-03-20 09:23:48 - [TEST_STEP][PASSED] - Statement - el = wes.get(i): null

2018-03-20 09:23:48 - [TEST_STEP][PASSED] - Statement - If (!(el.isDisplayed())): null

2018-03-20 09:23:48 - [TEST_STEP][PASSED] - Statement - el = wes.get(i): null

2018-03-20 09:23:48 - [TEST_STEP][PASSED] - Statement - If (!(el.isDisplayed())): null

2018-03-20 09:23:48 - [TEST_STEP][PASSED] - Statement - el = wes.get(i): null

2018-03-20 09:23:48 - [TEST_STEP][PASSED] - Statement - If (!(el.isDisplayed())): null

2018-03-20 09:23:48 - [TEST_STEP][PASSED] - Statement - el = wes.get(i): null

2018-03-20 09:23:48 - [TEST_STEP][PASSED] - Statement - If (!(el.isDisplayed())): null

2018-03-20 09:23:48 - [TEST_STEP][PASSED] - Statement - el = wes.get(i): null

2018-03-20 09:23:48 - [TEST_STEP][PASSED] - Statement - If (!(el.isDisplayed())): null

2018-03-20 09:23:48 - [TEST_STEP][PASSED] - closeBrowser: Browser is closed

2018-03-20 09:23:48 - [MESSAGE][PASSED] - Browser is closed]]></system-out>
         <system-err><![CDATA[]]></system-err>
      </testcase>
      <testcase name="Test Cases/Prototyp_Filialsuche (RC 18)/29_Testfall" classname="Test Cases/Prototyp_Filialsuche (RC 18)/29_Testfall" status="FAILED">
         <failure type="FAILED" message="Unable to click on object 'Object Repository/x/Page_Filialsuche - BVR HTML Prototy/div_Berlin' (Root cause: org.openqa.selenium.ElementNotVisibleException: An element command could not be completed because the element is not visible on the page. (WARNING: The server did not provide any stacktrace information)
Command duration or timeout: 0 milliseconds
Build info: version: '3.7.1', revision: '8a0099a', time: '2017-11-06T21:07:36.161Z'
System info: host: 'Lilias-MacBook-Pro.local', ip: '192.168.0.4', os.name: 'Mac OS X', os.arch: 'x86_64', os.version: '10.12.6', java.version: '1.8.0_102'
Driver info: com.kms.katalon.selenium.driver.CSafariDriver
Capabilities {applicationCacheEnabled: true, browserName: safari, cleanSession: true, cssSelectorsEnabled: true, databaseEnabled: true, handlesAlerts: true, javascriptEnabled: true, locationContextEnabled: false, nativeEvents: true, platform: MAC, platformName: MAC, rotatable: false, version: 12604.5.6.1.1, webStorageEnabled: true}
Session ID: E9FFF690-2956-4E27-8122-958390A4F529)"/>
         <system-out><![CDATA[2018-03-20 09:23:48 - [TEST_CASE][FAILED] - Test Cases/Prototyp_Filialsuche (RC 18)/29_Testfall: Test Cases/Prototyp_Filialsuche (RC 18)/29_Testfall FAILED because (of) Unable to click on object 'Object Repository/x/Page_Filialsuche - BVR HTML Prototy/div_Berlin' (Root cause: org.openqa.selenium.ElementNotVisibleException: An element command could not be completed because the element is not visible on the page. (WARNING: The server did not provide any stacktrace information)
Command duration or timeout: 0 milliseconds
Build info: version: '3.7.1', revision: '8a0099a', time: '2017-11-06T21:07:36.161Z'
System info: host: 'Lilias-MacBook-Pro.local', ip: '192.168.0.4', os.name: 'Mac OS X', os.arch: 'x86_64', os.version: '10.12.6', java.version: '1.8.0_102'
Driver info: com.kms.katalon.selenium.driver.CSafariDriver
Capabilities {applicationCacheEnabled: true, browserName: safari, cleanSession: true, cssSelectorsEnabled: true, databaseEnabled: true, handlesAlerts: true, javascriptEnabled: true, locationContextEnabled: false, nativeEvents: true, platform: MAC, platformName: MAC, rotatable: false, version: 12604.5.6.1.1, webStorageEnabled: true}
Session ID: E9FFF690-2956-4E27-8122-958390A4F529)

2018-03-20 09:23:49 - [TEST_STEP][PASSED] - openBrowser: Browser is opened with url: ''

2018-03-20 09:23:51 - [MESSAGE][PASSED] - Browser is opened with url: ''

2018-03-20 09:23:51 - [TEST_STEP][PASSED] - maximizeWindow: Current window maximized

2018-03-20 09:23:51 - [MESSAGE][PASSED] - Current window maximized

2018-03-20 09:23:51 - [TEST_STEP][PASSED] - deleteAllCookies: Delete all cookies successfully

2018-03-20 09:23:51 - [MESSAGE][PASSED] - Delete all cookies successfully

2018-03-20 09:23:51 - [TEST_STEP][PASSED] - navigateToUrl: Navigate to 'http://rc-ogrhtmlprototyp.testintern/18-1-0/filialsuche.html' successfully

2018-03-20 09:23:55 - [MESSAGE][PASSED] - Navigate to 'http://rc-ogrhtmlprototyp.testintern/18-1-0/filialsuche.html' successfully

2018-03-20 09:23:55 - [TEST_STEP][PASSED] - delay: Delayed 2 second(s)

2018-03-20 09:23:57 - [MESSAGE][PASSED] - Delayed 2 second(s)

2018-03-20 09:23:57 - [TEST_STEP][PASSED] - click: Object: 'Object Repository/03/Page_Filialsuche-rotenburg - BVR HT/svg_dropdown-icons' is clicked on

2018-03-20 09:23:57 - [MESSAGE][PASSED] - Object: 'Object Repository/03/Page_Filialsuche-rotenburg - BVR HT/svg_dropdown-icons' is clicked on

2018-03-20 09:23:57 - [TEST_STEP][PASSED] - delay: Delayed 2 second(s)

2018-03-20 09:23:59 - [MESSAGE][PASSED] - Delayed 2 second(s)

2018-03-20 09:23:59 - [TEST_STEP][PASSED] - mouseOver: Object: 'Object Repository/x/Page_Filialsuche - BVR HTML Prototy/div_Berlin' is hovered

2018-03-20 09:23:59 - [MESSAGE][PASSED] - Object: 'Object Repository/x/Page_Filialsuche - BVR HTML Prototy/div_Berlin' is hovered

2018-03-20 09:23:59 - [TEST_STEP][PASSED] - delay: Delayed 2 second(s)

2018-03-20 09:24:01 - [MESSAGE][PASSED] - Delayed 2 second(s)

2018-03-20 09:24:01 - [TEST_STEP][FAILED] - click: Unable to click on object 'Object Repository/x/Page_Filialsuche - BVR HTML Prototy/div_Berlin' (Root cause: org.openqa.selenium.ElementNotVisibleException: An element command could not be completed because the element is not visible on the page. (WARNING: The server did not provide any stacktrace information)
Command duration or timeout: 0 milliseconds
Build info: version: '3.7.1', revision: '8a0099a', time: '2017-11-06T21:07:36.161Z'
System info: host: 'Lilias-MacBook-Pro.local', ip: '192.168.0.4', os.name: 'Mac OS X', os.arch: 'x86_64', os.version: '10.12.6', java.version: '1.8.0_102'
Driver info: com.kms.katalon.selenium.driver.CSafariDriver
Capabilities {applicationCacheEnabled: true, browserName: safari, cleanSession: true, cssSelectorsEnabled: true, databaseEnabled: true, handlesAlerts: true, javascriptEnabled: true, locationContextEnabled: false, nativeEvents: true, platform: MAC, platformName: MAC, rotatable: false, version: 12604.5.6.1.1, webStorageEnabled: true}
Session ID: E9FFF690-2956-4E27-8122-958390A4F529)

2018-03-20 09:24:01 - [MESSAGE][FAILED] - Unable to click on object 'Object Repository/x/Page_Filialsuche - BVR HTML Prototy/div_Berlin' (Root cause: org.openqa.selenium.ElementNotVisibleException: An element command could not be completed because the element is not visible on the page. (WARNING: The server did not provide any stacktrace information)
Command duration or timeout: 0 milliseconds
Build info: version: '3.7.1', revision: '8a0099a', time: '2017-11-06T21:07:36.161Z'
System info: host: 'Lilias-MacBook-Pro.local', ip: '192.168.0.4', os.name: 'Mac OS X', os.arch: 'x86_64', os.version: '10.12.6', java.version: '1.8.0_102'
Driver info: com.kms.katalon.selenium.driver.CSafariDriver
Capabilities {applicationCacheEnabled: true, browserName: safari, cleanSession: true, cssSelectorsEnabled: true, databaseEnabled: true, handlesAlerts: true, javascriptEnabled: true, locationContextEnabled: false, nativeEvents: true, platform: MAC, platformName: MAC, rotatable: false, version: 12604.5.6.1.1, webStorageEnabled: true}
Session ID: E9FFF690-2956-4E27-8122-958390A4F529)
[[ATTACHMENT|/Users/lbut/Desktop/KATALON/Prototyp1_20_03/Prototyp1/Reports/Prototyp Filialsuche (RC18) 13_03_2018/20180320_091422/1521534241446.png]]]]></system-out>
         <system-err><![CDATA[2018-03-20 09:23:48 - [TEST_CASE][FAILED] - Test Cases/Prototyp_Filialsuche (RC 18)/29_Testfall: Test Cases/Prototyp_Filialsuche (RC 18)/29_Testfall FAILED because (of) Unable to click on object 'Object Repository/x/Page_Filialsuche - BVR HTML Prototy/div_Berlin' (Root cause: org.openqa.selenium.ElementNotVisibleException: An element command could not be completed because the element is not visible on the page. (WARNING: The server did not provide any stacktrace information)
Command duration or timeout: 0 milliseconds
Build info: version: '3.7.1', revision: '8a0099a', time: '2017-11-06T21:07:36.161Z'
System info: host: 'Lilias-MacBook-Pro.local', ip: '192.168.0.4', os.name: 'Mac OS X', os.arch: 'x86_64', os.version: '10.12.6', java.version: '1.8.0_102'
Driver info: com.kms.katalon.selenium.driver.CSafariDriver
Capabilities {applicationCacheEnabled: true, browserName: safari, cleanSession: true, cssSelectorsEnabled: true, databaseEnabled: true, handlesAlerts: true, javascriptEnabled: true, locationContextEnabled: false, nativeEvents: true, platform: MAC, platformName: MAC, rotatable: false, version: 12604.5.6.1.1, webStorageEnabled: true}
Session ID: E9FFF690-2956-4E27-8122-958390A4F529)]]></system-err>
      </testcase>
      <testcase name="Test Cases/Prototyp_Filialsuche (RC 18)/30_Testfall" classname="Test Cases/Prototyp_Filialsuche (RC 18)/30_Testfall" status="PASSED">
         <system-out><![CDATA[2018-03-20 09:24:01 - [TEST_CASE][PASSED] - Test Cases/Prototyp_Filialsuche (RC 18)/30_Testfall: Test Cases/Prototyp_Filialsuche (RC 18)/30_Testfall

2018-03-20 09:24:02 - [TEST_STEP][PASSED] - openBrowser: Browser is opened with url: ''

2018-03-20 09:24:02 - [MESSAGE][WARNING] - A browser is already opened. Closing browser and opening a new one

2018-03-20 09:24:04 - [MESSAGE][PASSED] - Browser is opened with url: ''

2018-03-20 09:24:04 - [TEST_STEP][PASSED] - maximizeWindow: Current window maximized

2018-03-20 09:24:04 - [MESSAGE][PASSED] - Current window maximized

2018-03-20 09:24:04 - [TEST_STEP][PASSED] - deleteAllCookies: Delete all cookies successfully

2018-03-20 09:24:04 - [MESSAGE][PASSED] - Delete all cookies successfully

2018-03-20 09:24:04 - [TEST_STEP][PASSED] - navigateToUrl: Navigate to 'http://rc-ogrhtmlprototyp.testintern/18-1-0/home-6-filialsuche.html' successfully

2018-03-20 09:24:09 - [MESSAGE][PASSED] - Navigate to 'http://rc-ogrhtmlprototyp.testintern/18-1-0/home-6-filialsuche.html' successfully

2018-03-20 09:24:09 - [TEST_STEP][PASSED] - delay: Delayed 5 second(s)

2018-03-20 09:24:14 - [MESSAGE][PASSED] - Delayed 5 second(s)

2018-03-20 09:24:14 - [TEST_STEP][PASSED] - click: Object: 'Object Repository/03/Page_Filialsuche-rotenburg - BVR HT/Page_Home-6-filialsuche - BVR HTML/svg_dropdown-icons' is clicked on

2018-03-20 09:24:14 - [MESSAGE][PASSED] - Object: 'Object Repository/03/Page_Filialsuche-rotenburg - BVR HT/Page_Home-6-filialsuche - BVR HTML/svg_dropdown-icons' is clicked on

2018-03-20 09:24:14 - [TEST_STEP][PASSED] - delay: Delayed 2 second(s)

2018-03-20 09:24:16 - [MESSAGE][PASSED] - Delayed 2 second(s)

2018-03-20 09:24:16 - [TEST_STEP][PASSED] - mouseOver: Object: 'Object Repository/002/Page_Home-6-filialsuche - BVR HTML/div_Berlin' is hovered

2018-03-20 09:24:16 - [MESSAGE][PASSED] - Object: 'Object Repository/002/Page_Home-6-filialsuche - BVR HTML/div_Berlin' is hovered

2018-03-20 09:24:16 - [TEST_STEP][PASSED] - delay: Delayed 2 second(s)

2018-03-20 09:24:18 - [MESSAGE][PASSED] - Delayed 2 second(s)

2018-03-20 09:24:18 - [TEST_STEP][PASSED] - click: Object: 'Object Repository/002/Page_Home-6-filialsuche - BVR HTML/div_Berlin' is clicked on

2018-03-20 09:24:18 - [MESSAGE][PASSED] - Object: 'Object Repository/002/Page_Home-6-filialsuche - BVR HTML/div_Berlin' is clicked on

2018-03-20 09:24:18 - [TEST_STEP][PASSED] - delay: Delayed 5 second(s)

2018-03-20 09:24:23 - [MESSAGE][PASSED] - Delayed 5 second(s)

2018-03-20 09:24:23 - [TEST_STEP][PASSED] - verifyElementNotPresent: Web element with id: 'Object Repository/Entfernung_filialsuche' located by 'By.xpath: //span[@class='loc-distance']' is not present after '5' second(s)

2018-03-20 09:24:24 - [MESSAGE][PASSED] - Web element with id: 'Object Repository/Entfernung_filialsuche' located by 'By.xpath: //span[@class='loc-distance']' is not present after '5' second(s)

2018-03-20 09:24:24 - [TEST_STEP][PASSED] - closeBrowser: Browser is closed

2018-03-20 09:24:24 - [MESSAGE][PASSED] - Browser is closed]]></system-out>
         <system-err><![CDATA[]]></system-err>
      </testcase>
      <testcase name="Test Cases/Prototyp_Filialsuche (RC 18)/31_Testfall" classname="Test Cases/Prototyp_Filialsuche (RC 18)/31_Testfall" status="PASSED">
         <system-out><![CDATA[2018-03-20 09:24:24 - [TEST_CASE][PASSED] - Test Cases/Prototyp_Filialsuche (RC 18)/31_Testfall: Test Cases/Prototyp_Filialsuche (RC 18)/31_Testfall

2018-03-20 09:24:24 - [TEST_STEP][PASSED] - openBrowser: Browser is opened with url: ''

2018-03-20 09:24:26 - [MESSAGE][PASSED] - Browser is opened with url: ''

2018-03-20 09:24:26 - [TEST_STEP][PASSED] - maximizeWindow: Current window maximized

2018-03-20 09:24:26 - [MESSAGE][PASSED] - Current window maximized

2018-03-20 09:24:26 - [TEST_STEP][PASSED] - deleteAllCookies: Delete all cookies successfully

2018-03-20 09:24:26 - [MESSAGE][PASSED] - Delete all cookies successfully

2018-03-20 09:24:26 - [TEST_STEP][PASSED] - navigateToUrl: Navigate to 'http://rc-ogrhtmlprototyp.testintern/18-1-0/detail.html' successfully

2018-03-20 09:24:36 - [MESSAGE][PASSED] - Navigate to 'http://rc-ogrhtmlprototyp.testintern/18-1-0/detail.html' successfully

2018-03-20 09:24:36 - [TEST_STEP][PASSED] - delay: Delayed 5 second(s)

2018-03-20 09:24:41 - [MESSAGE][PASSED] - Delayed 5 second(s)

2018-03-20 09:24:41 - [TEST_STEP][PASSED] - click: Object: 'Object Repository/002/Page_Detail - BVR HTML Prototyp/svg_dropdown-icons' is clicked on

2018-03-20 09:24:41 - [MESSAGE][PASSED] - Object: 'Object Repository/002/Page_Detail - BVR HTML Prototyp/svg_dropdown-icons' is clicked on

2018-03-20 09:24:41 - [TEST_STEP][PASSED] - delay: Delayed 2 second(s)

2018-03-20 09:24:43 - [MESSAGE][PASSED] - Delayed 2 second(s)

2018-03-20 09:24:43 - [TEST_STEP][PASSED] - mouseOver: Object: 'Object Repository/002/Page_Detail - BVR HTML Prototyp (1)/div_Berlin' is hovered

2018-03-20 09:24:43 - [MESSAGE][PASSED] - Object: 'Object Repository/002/Page_Detail - BVR HTML Prototyp (1)/div_Berlin' is hovered

2018-03-20 09:24:43 - [TEST_STEP][PASSED] - delay: Delayed 2 second(s)

2018-03-20 09:24:45 - [MESSAGE][PASSED] - Delayed 2 second(s)

2018-03-20 09:24:45 - [TEST_STEP][PASSED] - click: Object: 'Object Repository/002/Page_Detail - BVR HTML Prototyp (1)/div_Berlin' is clicked on

2018-03-20 09:24:45 - [MESSAGE][PASSED] - Object: 'Object Repository/002/Page_Detail - BVR HTML Prototyp (1)/div_Berlin' is clicked on

2018-03-20 09:24:45 - [TEST_STEP][PASSED] - delay: Delayed 5 second(s)

2018-03-20 09:24:50 - [MESSAGE][PASSED] - Delayed 5 second(s)

2018-03-20 09:24:50 - [TEST_STEP][PASSED] - verifyElementNotPresent: Web element with id: 'Object Repository/Entfernung_filialsuche' located by 'By.xpath: //span[@class='loc-distance']' is not present after '5' second(s)

2018-03-20 09:24:52 - [MESSAGE][PASSED] - Web element with id: 'Object Repository/Entfernung_filialsuche' located by 'By.xpath: //span[@class='loc-distance']' is not present after '5' second(s)

2018-03-20 09:24:52 - [TEST_STEP][PASSED] - closeBrowser: Browser is closed

2018-03-20 09:24:52 - [MESSAGE][PASSED] - Browser is closed]]></system-out>
         <system-err><![CDATA[]]></system-err>
      </testcase>
      <testcase name="Test Cases/Prototyp_Filialsuche (RC 18)/32_Testfall" classname="Test Cases/Prototyp_Filialsuche (RC 18)/32_Testfall" status="PASSED">
         <system-out><![CDATA[2018-03-20 09:24:52 - [TEST_CASE][PASSED] - Test Cases/Prototyp_Filialsuche (RC 18)/32_Testfall: Test Cases/Prototyp_Filialsuche (RC 18)/32_Testfall

2018-03-20 09:24:52 - [TEST_STEP][PASSED] - openBrowser: Browser is opened with url: ''

2018-03-20 09:24:55 - [MESSAGE][PASSED] - Browser is opened with url: ''

2018-03-20 09:24:55 - [TEST_STEP][PASSED] - maximizeWindow: Current window maximized

2018-03-20 09:24:56 - [MESSAGE][PASSED] - Current window maximized

2018-03-20 09:24:56 - [TEST_STEP][PASSED] - deleteAllCookies: Delete all cookies successfully

2018-03-20 09:24:56 - [MESSAGE][PASSED] - Delete all cookies successfully

2018-03-20 09:24:56 - [TEST_STEP][PASSED] - navigateToUrl: Navigate to 'http://rc-ogrhtmlprototyp.testintern/18-1-0/filialsuche.html' successfully

2018-03-20 09:24:58 - [MESSAGE][PASSED] - Navigate to 'http://rc-ogrhtmlprototyp.testintern/18-1-0/filialsuche.html' successfully

2018-03-20 09:24:58 - [TEST_STEP][PASSED] - delay: Delayed 5 second(s)

2018-03-20 09:25:03 - [MESSAGE][PASSED] - Delayed 5 second(s)

2018-03-20 09:25:03 - [TEST_STEP][PASSED] - click: Object: 'Object Repository/002/Page_Filialsuche - BVR HTML Prototy (1)/svg_dropdown-icons' is clicked on

2018-03-20 09:25:03 - [MESSAGE][PASSED] - Object: 'Object Repository/002/Page_Filialsuche - BVR HTML Prototy (1)/svg_dropdown-icons' is clicked on

2018-03-20 09:25:03 - [TEST_STEP][PASSED] - delay: Delayed 3 second(s)

2018-03-20 09:25:06 - [MESSAGE][PASSED] - Delayed 3 second(s)

2018-03-20 09:25:06 - [TEST_STEP][PASSED] - mouseOver: Object: 'Object Repository/berlin/Page_Filialsuche - BVR HTML Prototy/div_Berlin' is hovered

2018-03-20 09:25:07 - [MESSAGE][PASSED] - Object: 'Object Repository/berlin/Page_Filialsuche - BVR HTML Prototy/div_Berlin' is hovered

2018-03-20 09:25:07 - [TEST_STEP][PASSED] - delay: Delayed 3 second(s)

2018-03-20 09:25:10 - [MESSAGE][PASSED] - Delayed 3 second(s)

2018-03-20 09:25:10 - [TEST_STEP][PASSED] - click: Object: 'Object Repository/berlin/Page_Filialsuche - BVR HTML Prototy/div_Berlin' is clicked on

2018-03-20 09:25:10 - [MESSAGE][PASSED] - Object: 'Object Repository/berlin/Page_Filialsuche - BVR HTML Prototy/div_Berlin' is clicked on

2018-03-20 09:25:10 - [TEST_STEP][PASSED] - delay: Delayed 5 second(s)

2018-03-20 09:25:15 - [MESSAGE][PASSED] - Delayed 5 second(s)

2018-03-20 09:25:15 - [TEST_STEP][PASSED] - verifyElementNotPresent: Web element with id: 'Object Repository/Entfernung_filialsuche' located by 'By.xpath: //span[@class='loc-distance']' is not present after '5' second(s)

2018-03-20 09:25:15 - [MESSAGE][PASSED] - Web element with id: 'Object Repository/Entfernung_filialsuche' located by 'By.xpath: //span[@class='loc-distance']' is not present after '5' second(s)

2018-03-20 09:25:15 - [TEST_STEP][PASSED] - closeBrowser: Browser is closed

2018-03-20 09:25:15 - [MESSAGE][PASSED] - Browser is closed]]></system-out>
         <system-err><![CDATA[]]></system-err>
      </testcase>
      <testcase name="Test Cases/Prototyp_Filialsuche (RC 18)/33_Testfall" classname="Test Cases/Prototyp_Filialsuche (RC 18)/33_Testfall" status="PASSED">
         <system-out><![CDATA[2018-03-20 09:25:15 - [TEST_CASE][PASSED] - Test Cases/Prototyp_Filialsuche (RC 18)/33_Testfall: Test Cases/Prototyp_Filialsuche (RC 18)/33_Testfall

2018-03-20 09:25:15 - [TEST_STEP][PASSED] - openBrowser: Browser is opened with url: ''

2018-03-20 09:25:17 - [MESSAGE][PASSED] - Browser is opened with url: ''

2018-03-20 09:25:17 - [TEST_STEP][PASSED] - maximizeWindow: Current window maximized

2018-03-20 09:25:17 - [MESSAGE][PASSED] - Current window maximized

2018-03-20 09:25:17 - [TEST_STEP][PASSED] - deleteAllCookies: Delete all cookies successfully

2018-03-20 09:25:17 - [MESSAGE][PASSED] - Delete all cookies successfully

2018-03-20 09:25:17 - [TEST_STEP][PASSED] - navigateToUrl: Navigate to 'http://rc-ogrhtmlprototyp.testintern/18-1-0/filialsuche-textinput.html' successfully

2018-03-20 09:25:19 - [MESSAGE][PASSED] - Navigate to 'http://rc-ogrhtmlprototyp.testintern/18-1-0/filialsuche-textinput.html' successfully

2018-03-20 09:25:19 - [TEST_STEP][PASSED] - delay: Delayed 5 second(s)

2018-03-20 09:25:24 - [MESSAGE][PASSED] - Delayed 5 second(s)

2018-03-20 09:25:24 - [TEST_STEP][PASSED] - Statement - Try: Object 'Object Repository/Accordeon_filialsuche' is NOT visible

2018-03-20 09:25:24 - [TEST_STEP][PASSED] - verifyElementNotVisible: Object 'Object Repository/Accordeon_filialsuche' is NOT visible

2018-03-20 09:25:24 - [MESSAGE][PASSED] - Object 'Object Repository/Accordeon_filialsuche' is NOT visible

2018-03-20 09:25:24 - [TEST_STEP][PASSED] - verifyElementNotPresent: Web element with id: 'Object Repository/filial_map' located by 'By.xpath: //div[@class='aps-map__custom-marker']' is not present after '2' second(s)

2018-03-20 09:25:24 - [MESSAGE][PASSED] - Web element with id: 'Object Repository/filial_map' located by 'By.xpath: //div[@class='aps-map__custom-marker']' is not present after '2' second(s)

2018-03-20 09:25:24 - [TEST_STEP][PASSED] - closeBrowser: Browser is closed

2018-03-20 09:25:24 - [MESSAGE][PASSED] - Browser is closed]]></system-out>
         <system-err><![CDATA[]]></system-err>
      </testcase>
      <testcase name="Test Cases/Prototyp_Filialsuche (RC 18)/34_Testfall" classname="Test Cases/Prototyp_Filialsuche (RC 18)/34_Testfall" status="PASSED">
         <system-out><![CDATA[2018-03-20 09:25:24 - [TEST_CASE][PASSED] - Test Cases/Prototyp_Filialsuche (RC 18)/34_Testfall: Test Cases/Prototyp_Filialsuche (RC 18)/34_Testfall

2018-03-20 09:25:24 - [TEST_STEP][PASSED] - openBrowser: Browser is opened with url: ''

2018-03-20 09:25:26 - [MESSAGE][PASSED] - Browser is opened with url: ''

2018-03-20 09:25:26 - [TEST_STEP][PASSED] - maximizeWindow: Current window maximized

2018-03-20 09:25:26 - [MESSAGE][PASSED] - Current window maximized

2018-03-20 09:25:26 - [TEST_STEP][PASSED] - deleteAllCookies: Delete all cookies successfully

2018-03-20 09:25:26 - [MESSAGE][PASSED] - Delete all cookies successfully

2018-03-20 09:25:26 - [TEST_STEP][PASSED] - navigateToUrl: Navigate to 'http://rc-ogrhtmlprototyp.testintern/18-1-0/filialsuche-textinput.html' successfully

2018-03-20 09:25:29 - [MESSAGE][PASSED] - Navigate to 'http://rc-ogrhtmlprototyp.testintern/18-1-0/filialsuche-textinput.html' successfully

2018-03-20 09:25:29 - [TEST_STEP][PASSED] - delay: Delayed 2 second(s)

2018-03-20 09:25:31 - [MESSAGE][PASSED] - Delayed 2 second(s)

2018-03-20 09:25:31 - [TEST_STEP][PASSED] - setText: Text 'berlin' is set on object 'Object Repository/34TF/Page_Filialsuche-textinput - BVR HT/input_city'

2018-03-20 09:25:32 - [MESSAGE][PASSED] - Text 'berlin' is set on object 'Object Repository/34TF/Page_Filialsuche-textinput - BVR HT/input_city'

2018-03-20 09:25:32 - [TEST_STEP][PASSED] - click: Object: 'Object Repository/34TF/Page_Filialsuche-textinput - BVR HT (1)/button_Suchen' is clicked on

2018-03-20 09:25:32 - [MESSAGE][PASSED] - Object: 'Object Repository/34TF/Page_Filialsuche-textinput - BVR HT (1)/button_Suchen' is clicked on

2018-03-20 09:25:32 - [TEST_STEP][PASSED] - delay: Delayed 3 second(s)

2018-03-20 09:25:35 - [MESSAGE][PASSED] - Delayed 3 second(s)

2018-03-20 09:25:35 - [TEST_STEP][PASSED] - verifyElementNotPresent: Web element with id: 'Object Repository/Akkordeon_plus_filialsuche' located by 'By.xpath: //a[@class='acc-header acc-header--open']' is not present after '5' second(s)

2018-03-20 09:25:35 - [MESSAGE][PASSED] - Web element with id: 'Object Repository/Akkordeon_plus_filialsuche' located by 'By.xpath: //a[@class='acc-header acc-header--open']' is not present after '5' second(s)

2018-03-20 09:25:35 - [TEST_STEP][PASSED] - closeBrowser: Browser is closed

2018-03-20 09:25:35 - [MESSAGE][PASSED] - Browser is closed]]></system-out>
         <system-err><![CDATA[]]></system-err>
      </testcase>
      <testcase name="Test Cases/Prototyp_Filialsuche (RC 18)/35_Testfall" classname="Test Cases/Prototyp_Filialsuche (RC 18)/35_Testfall" status="FAILED">
         <failure type="FAILED" message="Unable to verify object 'Object Repository/Entfernung_filialsuche' is visible (Root cause: Object 'Object Repository/Entfernung_filialsuche' is NOT visible)"/>
         <system-out><![CDATA[2018-03-20 09:25:35 - [TEST_CASE][FAILED] - Test Cases/Prototyp_Filialsuche (RC 18)/35_Testfall: Test Cases/Prototyp_Filialsuche (RC 18)/35_Testfall FAILED because (of) Unable to verify object 'Object Repository/Entfernung_filialsuche' is visible (Root cause: Object 'Object Repository/Entfernung_filialsuche' is NOT visible)

2018-03-20 09:25:35 - [TEST_STEP][PASSED] - openBrowser: Browser is opened with url: ''

2018-03-20 09:25:37 - [MESSAGE][PASSED] - Browser is opened with url: ''

2018-03-20 09:25:37 - [TEST_STEP][PASSED] - maximizeWindow: Current window maximized

2018-03-20 09:25:37 - [MESSAGE][PASSED] - Current window maximized

2018-03-20 09:25:37 - [TEST_STEP][PASSED] - deleteAllCookies: Delete all cookies successfully

2018-03-20 09:25:37 - [MESSAGE][PASSED] - Delete all cookies successfully

2018-03-20 09:25:37 - [TEST_STEP][PASSED] - navigateToUrl: Navigate to 'http://rc-ogrhtmlprototyp.testintern/18-1-0/filialsuche-rotenburg-textinput.html' successfully

2018-03-20 09:25:40 - [MESSAGE][PASSED] - Navigate to 'http://rc-ogrhtmlprototyp.testintern/18-1-0/filialsuche-rotenburg-textinput.html' successfully

2018-03-20 09:25:40 - [TEST_STEP][PASSED] - delay: Delayed 5 second(s)

2018-03-20 09:25:45 - [MESSAGE][PASSED] - Delayed 5 second(s)

2018-03-20 09:25:45 - [TEST_STEP][PASSED] - setText: Text 'Bad Hersfeld' is set on object 'Object Repository/Filialsuche_Inputtext'

2018-03-20 09:25:46 - [MESSAGE][PASSED] - Text 'Bad Hersfeld' is set on object 'Object Repository/Filialsuche_Inputtext'

2018-03-20 09:25:46 - [TEST_STEP][PASSED] - delay: Delayed 2 second(s)

2018-03-20 09:25:48 - [MESSAGE][PASSED] - Delayed 2 second(s)

2018-03-20 09:25:48 - [TEST_STEP][PASSED] - submit: The form containing object: 'Object Repository/Filialsuche_submit_button' is submitted

2018-03-20 09:25:48 - [MESSAGE][PASSED] - The form containing object: 'Object Repository/Filialsuche_submit_button' is submitted

2018-03-20 09:25:48 - [TEST_STEP][PASSED] - delay: Delayed 2 second(s)

2018-03-20 09:25:50 - [MESSAGE][PASSED] - Delayed 2 second(s)

2018-03-20 09:25:50 - [TEST_STEP][FAILED] - verifyElementVisible: Unable to verify object 'Object Repository/Entfernung_filialsuche' is visible (Root cause: Object 'Object Repository/Entfernung_filialsuche' is NOT visible)

2018-03-20 09:25:50 - [MESSAGE][FAILED] - Object 'Object Repository/Entfernung_filialsuche' is NOT visible
[[ATTACHMENT|/Users/lbut/Desktop/KATALON/Prototyp1_20_03/Prototyp1/Reports/Prototyp Filialsuche (RC18) 13_03_2018/20180320_091422/1521534350201.png]]

2018-03-20 09:25:50 - [MESSAGE][FAILED] - Unable to verify object 'Object Repository/Entfernung_filialsuche' is visible (Root cause: Object 'Object Repository/Entfernung_filialsuche' is NOT visible)
[[ATTACHMENT|/Users/lbut/Desktop/KATALON/Prototyp1_20_03/Prototyp1/Reports/Prototyp Filialsuche (RC18) 13_03_2018/20180320_091422/1521534350558.png]]]]></system-out>
         <system-err><![CDATA[2018-03-20 09:25:35 - [TEST_CASE][FAILED] - Test Cases/Prototyp_Filialsuche (RC 18)/35_Testfall: Test Cases/Prototyp_Filialsuche (RC 18)/35_Testfall FAILED because (of) Unable to verify object 'Object Repository/Entfernung_filialsuche' is visible (Root cause: Object 'Object Repository/Entfernung_filialsuche' is NOT visible)]]></system-err>
      </testcase>
      <testcase name="Test Cases/Prototyp_Filialsuche (RC 18)/36_Testfall" classname="Test Cases/Prototyp_Filialsuche (RC 18)/36_Testfall" status="PASSED">
         <system-out><![CDATA[2018-03-20 09:25:50 - [TEST_CASE][PASSED] - Test Cases/Prototyp_Filialsuche (RC 18)/36_Testfall: Test Cases/Prototyp_Filialsuche (RC 18)/36_Testfall

2018-03-20 09:25:51 - [TEST_STEP][PASSED] - openBrowser: Browser is opened with url: ''

2018-03-20 09:25:51 - [MESSAGE][WARNING] - A browser is already opened. Closing browser and opening a new one

2018-03-20 09:25:53 - [MESSAGE][PASSED] - Browser is opened with url: ''

2018-03-20 09:25:53 - [TEST_STEP][PASSED] - maximizeWindow: Current window maximized

2018-03-20 09:25:54 - [MESSAGE][PASSED] - Current window maximized

2018-03-20 09:25:54 - [TEST_STEP][PASSED] - deleteAllCookies: Delete all cookies successfully

2018-03-20 09:25:54 - [MESSAGE][PASSED] - Delete all cookies successfully

2018-03-20 09:25:54 - [TEST_STEP][PASSED] - navigateToUrl: Navigate to 'http://rc-ogrhtmlprototyp.testintern/18-1-0/filialsuche-rotenburg-textinput.html' successfully

2018-03-20 09:25:56 - [MESSAGE][PASSED] - Navigate to 'http://rc-ogrhtmlprototyp.testintern/18-1-0/filialsuche-rotenburg-textinput.html' successfully

2018-03-20 09:25:56 - [TEST_STEP][PASSED] - delay: Delayed 2 second(s)

2018-03-20 09:25:58 - [MESSAGE][PASSED] - Delayed 2 second(s)

2018-03-20 09:25:58 - [TEST_STEP][PASSED] - setText: Text 'Bad Hersfeld' is set on object 'Object Repository/34TF/Page_Filialsuche-textinput - BVR HT/input_city'

2018-03-20 09:25:58 - [MESSAGE][PASSED] - Text 'Bad Hersfeld' is set on object 'Object Repository/34TF/Page_Filialsuche-textinput - BVR HT/input_city'

2018-03-20 09:25:58 - [TEST_STEP][PASSED] - click: Object: 'Object Repository/34TF/Page_Filialsuche-textinput - BVR HT (1)/button_Suchen' is clicked on

2018-03-20 09:25:59 - [MESSAGE][PASSED] - Object: 'Object Repository/34TF/Page_Filialsuche-textinput - BVR HT (1)/button_Suchen' is clicked on

2018-03-20 09:25:59 - [TEST_STEP][PASSED] - delay: Delayed 3 second(s)

2018-03-20 09:26:02 - [MESSAGE][PASSED] - Delayed 3 second(s)

2018-03-20 09:26:02 - [TEST_STEP][PASSED] - verifyElementNotPresent: Web element with id: 'Object Repository/Akkordeon_plus_filialsuche' located by 'By.xpath: //a[@class='acc-header acc-header--open']' is not present after '5' second(s)

2018-03-20 09:26:02 - [MESSAGE][PASSED] - Web element with id: 'Object Repository/Akkordeon_plus_filialsuche' located by 'By.xpath: //a[@class='acc-header acc-header--open']' is not present after '5' second(s)

2018-03-20 09:26:02 - [TEST_STEP][PASSED] - closeBrowser: Browser is closed

2018-03-20 09:26:02 - [MESSAGE][PASSED] - Browser is closed]]></system-out>
         <system-err><![CDATA[]]></system-err>
      </testcase>
      <testcase name="Test Cases/Prototyp_Filialsuche (RC 18)/37_Testfall" classname="Test Cases/Prototyp_Filialsuche (RC 18)/37_Testfall" status="FAILED">
         <failure type="FAILED" message="Unable to verify object 'Object Repository/Entfernung_filialsuche' is visible (Root cause: Object 'Object Repository/Entfernung_filialsuche' is NOT visible)"/>
         <system-out><![CDATA[2018-03-20 09:26:02 - [TEST_CASE][FAILED] - Test Cases/Prototyp_Filialsuche (RC 18)/37_Testfall: Test Cases/Prototyp_Filialsuche (RC 18)/37_Testfall FAILED because (of) Unable to verify object 'Object Repository/Entfernung_filialsuche' is visible (Root cause: Object 'Object Repository/Entfernung_filialsuche' is NOT visible)

2018-03-20 09:26:02 - [TEST_STEP][PASSED] - openBrowser: Browser is opened with url: ''

2018-03-20 09:26:04 - [MESSAGE][PASSED] - Browser is opened with url: ''

2018-03-20 09:26:04 - [TEST_STEP][PASSED] - maximizeWindow: Current window maximized

2018-03-20 09:26:04 - [MESSAGE][PASSED] - Current window maximized

2018-03-20 09:26:04 - [TEST_STEP][PASSED] - deleteAllCookies: Delete all cookies successfully

2018-03-20 09:26:04 - [MESSAGE][PASSED] - Delete all cookies successfully

2018-03-20 09:26:04 - [TEST_STEP][PASSED] - navigateToUrl: Navigate to 'http://rc-ogrhtmlprototyp.testintern/18-1-0/filialsuche-nuernberg-textinput.html' successfully

2018-03-20 09:26:07 - [MESSAGE][PASSED] - Navigate to 'http://rc-ogrhtmlprototyp.testintern/18-1-0/filialsuche-nuernberg-textinput.html' successfully

2018-03-20 09:26:07 - [TEST_STEP][PASSED] - delay: Delayed 5 second(s)

2018-03-20 09:26:12 - [MESSAGE][PASSED] - Delayed 5 second(s)

2018-03-20 09:26:12 - [TEST_STEP][PASSED] - setText: Text 'Nürnberg' is set on object 'Object Repository/Filialsuche_Inputtext'

2018-03-20 09:26:12 - [MESSAGE][PASSED] - Text 'Nürnberg' is set on object 'Object Repository/Filialsuche_Inputtext'

2018-03-20 09:26:12 - [TEST_STEP][PASSED] - delay: Delayed 2 second(s)

2018-03-20 09:26:14 - [MESSAGE][PASSED] - Delayed 2 second(s)

2018-03-20 09:26:14 - [TEST_STEP][PASSED] - submit: The form containing object: 'Object Repository/Filialsuche_submit_button' is submitted

2018-03-20 09:26:14 - [MESSAGE][PASSED] - The form containing object: 'Object Repository/Filialsuche_submit_button' is submitted

2018-03-20 09:26:14 - [TEST_STEP][PASSED] - delay: Delayed 2 second(s)

2018-03-20 09:26:16 - [MESSAGE][PASSED] - Delayed 2 second(s)

2018-03-20 09:26:16 - [TEST_STEP][FAILED] - verifyElementVisible: Unable to verify object 'Object Repository/Entfernung_filialsuche' is visible (Root cause: Object 'Object Repository/Entfernung_filialsuche' is NOT visible)

2018-03-20 09:26:17 - [MESSAGE][FAILED] - Object 'Object Repository/Entfernung_filialsuche' is NOT visible
[[ATTACHMENT|/Users/lbut/Desktop/KATALON/Prototyp1_20_03/Prototyp1/Reports/Prototyp Filialsuche (RC18) 13_03_2018/20180320_091422/1521534376645.png]]

2018-03-20 09:26:17 - [MESSAGE][FAILED] - Unable to verify object 'Object Repository/Entfernung_filialsuche' is visible (Root cause: Object 'Object Repository/Entfernung_filialsuche' is NOT visible)
[[ATTACHMENT|/Users/lbut/Desktop/KATALON/Prototyp1_20_03/Prototyp1/Reports/Prototyp Filialsuche (RC18) 13_03_2018/20180320_091422/1521534377061.png]]]]></system-out>
         <system-err><![CDATA[2018-03-20 09:26:02 - [TEST_CASE][FAILED] - Test Cases/Prototyp_Filialsuche (RC 18)/37_Testfall: Test Cases/Prototyp_Filialsuche (RC 18)/37_Testfall FAILED because (of) Unable to verify object 'Object Repository/Entfernung_filialsuche' is visible (Root cause: Object 'Object Repository/Entfernung_filialsuche' is NOT visible)]]></system-err>
      </testcase>
      <testcase name="Test Cases/Prototyp_Filialsuche (RC 18)/38_Testfall" classname="Test Cases/Prototyp_Filialsuche (RC 18)/38_Testfall" status="PASSED">
         <system-out><![CDATA[2018-03-20 09:26:17 - [TEST_CASE][PASSED] - Test Cases/Prototyp_Filialsuche (RC 18)/38_Testfall: Test Cases/Prototyp_Filialsuche (RC 18)/38_Testfall

2018-03-20 09:26:17 - [TEST_STEP][PASSED] - openBrowser: Browser is opened with url: ''

2018-03-20 09:26:17 - [MESSAGE][WARNING] - A browser is already opened. Closing browser and opening a new one

2018-03-20 09:26:20 - [MESSAGE][PASSED] - Browser is opened with url: ''

2018-03-20 09:26:20 - [TEST_STEP][PASSED] - deleteAllCookies: Delete all cookies successfully

2018-03-20 09:26:21 - [MESSAGE][PASSED] - Delete all cookies successfully

2018-03-20 09:26:21 - [TEST_STEP][PASSED] - maximizeWindow: Current window maximized

2018-03-20 09:26:21 - [MESSAGE][PASSED] - Current window maximized

2018-03-20 09:26:21 - [TEST_STEP][PASSED] - navigateToUrl: Navigate to 'http://rc-ogrhtmlprototyp.testintern/18-1-0/filialsuche-wangen.html' successfully

2018-03-20 09:26:23 - [MESSAGE][PASSED] - Navigate to 'http://rc-ogrhtmlprototyp.testintern/18-1-0/filialsuche-wangen.html' successfully

2018-03-20 09:26:23 - [TEST_STEP][PASSED] - delay: Delayed 2 second(s)

2018-03-20 09:26:25 - [MESSAGE][PASSED] - Delayed 2 second(s)

2018-03-20 09:26:25 - [TEST_STEP][PASSED] - click: Object: 'Object Repository/16TF/Page_Filialsuche-wangen - BVR HTML/span_Geschftsstelle Brtlingen' is clicked on

2018-03-20 09:26:28 - [MESSAGE][PASSED] - Object: 'Object Repository/16TF/Page_Filialsuche-wangen - BVR HTML/span_Geschftsstelle Brtlingen' is clicked on

2018-03-20 09:26:28 - [TEST_STEP][PASSED] - delay: Delayed 2 second(s)

2018-03-20 09:26:30 - [MESSAGE][PASSED] - Delayed 2 second(s)

2018-03-20 09:26:30 - [TEST_STEP][PASSED] - verifyTextPresent: Text 'Hauptstr. 56' is present on page 

2018-03-20 09:26:30 - [MESSAGE][PASSED] - Text 'Hauptstr. 56' is present on page 

2018-03-20 09:26:30 - [TEST_STEP][PASSED] - verifyTextPresent: Text '73104 Börtlingen' is present on page 

2018-03-20 09:26:30 - [MESSAGE][PASSED] - Text '73104 Börtlingen' is present on page 

2018-03-20 09:26:30 - [TEST_STEP][PASSED] - click: Object: 'Object Repository/16TF/Page_Filialsuche-wangen - BVR HTML/span_Geschftsstelle Rechbergha' is clicked on

2018-03-20 09:26:30 - [MESSAGE][PASSED] - Object: 'Object Repository/16TF/Page_Filialsuche-wangen - BVR HTML/span_Geschftsstelle Rechbergha' is clicked on

2018-03-20 09:26:30 - [TEST_STEP][PASSED] - delay: Delayed 2 second(s)

2018-03-20 09:26:32 - [MESSAGE][PASSED] - Delayed 2 second(s)

2018-03-20 09:26:32 - [TEST_STEP][PASSED] - verifyTextPresent: Text 'Hauptstr. 37' is present on page 

2018-03-20 09:26:32 - [MESSAGE][PASSED] - Text 'Hauptstr. 37' is present on page 

2018-03-20 09:26:32 - [TEST_STEP][PASSED] - verifyTextPresent: Text '73098 Rechberghausen' is present on page 

2018-03-20 09:26:32 - [MESSAGE][PASSED] - Text '73098 Rechberghausen' is present on page 

2018-03-20 09:26:32 - [TEST_STEP][PASSED] - scrollToElement: Scroll to object 'Object Repository/16TF/Page_Filialsuche-wangen - BVR HTML/span_Geschftsstelle Uhingen-Ho' successfully

2018-03-20 09:26:32 - [MESSAGE][WARNING] - Timeout '0' is invalid. Using default page load timeout: '30'

2018-03-20 09:26:32 - [MESSAGE][PASSED] - Scroll to object 'Object Repository/16TF/Page_Filialsuche-wangen - BVR HTML/span_Geschftsstelle Uhingen-Ho' successfully

2018-03-20 09:26:32 - [TEST_STEP][PASSED] - click: Object: 'Object Repository/16TF/Page_Filialsuche-wangen - BVR HTML/span_Geschftsstelle Uhingen-Ho' is clicked on

2018-03-20 09:26:32 - [MESSAGE][PASSED] - Object: 'Object Repository/16TF/Page_Filialsuche-wangen - BVR HTML/span_Geschftsstelle Uhingen-Ho' is clicked on

2018-03-20 09:26:32 - [TEST_STEP][PASSED] - delay: Delayed 3 second(s)

2018-03-20 09:26:35 - [MESSAGE][PASSED] - Delayed 3 second(s)

2018-03-20 09:26:35 - [TEST_STEP][PASSED] - verifyTextPresent: Text 'Dorfstr. 17 a' is present on page 

2018-03-20 09:26:35 - [MESSAGE][PASSED] - Text 'Dorfstr. 17 a' is present on page 

2018-03-20 09:26:35 - [TEST_STEP][PASSED] - verifyTextPresent: Text '73066 Uhingen' is present on page 

2018-03-20 09:26:35 - [MESSAGE][PASSED] - Text '73066 Uhingen' is present on page 

2018-03-20 09:26:35 - [TEST_STEP][PASSED] - scrollToElement: Scroll to object 'Object Repository/16TF/Page_Filialsuche-wangen - BVR HTML/span_Raiffeisenbank Wangen eG' successfully

2018-03-20 09:26:35 - [MESSAGE][WARNING] - Timeout '0' is invalid. Using default page load timeout: '30'

2018-03-20 09:26:36 - [MESSAGE][PASSED] - Scroll to object 'Object Repository/16TF/Page_Filialsuche-wangen - BVR HTML/span_Raiffeisenbank Wangen eG' successfully

2018-03-20 09:26:36 - [TEST_STEP][PASSED] - click: Object: 'Object Repository/16TF/Page_Filialsuche-wangen - BVR HTML/span_Raiffeisenbank Wangen eG' is clicked on

2018-03-20 09:26:36 - [MESSAGE][PASSED] - Object: 'Object Repository/16TF/Page_Filialsuche-wangen - BVR HTML/span_Raiffeisenbank Wangen eG' is clicked on

2018-03-20 09:26:36 - [TEST_STEP][PASSED] - delay: Delayed 2 second(s)

2018-03-20 09:26:38 - [MESSAGE][PASSED] - Delayed 2 second(s)

2018-03-20 09:26:38 - [TEST_STEP][PASSED] - verifyTextPresent: Text 'Hauptstr.44' is present on page 

2018-03-20 09:26:38 - [MESSAGE][PASSED] - Text 'Hauptstr.44' is present on page 

2018-03-20 09:26:38 - [TEST_STEP][PASSED] - verifyTextPresent: Text '73117 Wangen' is present on page 

2018-03-20 09:26:38 - [MESSAGE][PASSED] - Text '73117 Wangen' is present on page 

2018-03-20 09:26:38 - [TEST_STEP][PASSED] - closeBrowser: Browser is closed

2018-03-20 09:26:38 - [MESSAGE][PASSED] - Browser is closed]]></system-out>
         <system-err><![CDATA[]]></system-err>
      </testcase>
      <testcase name="Test Cases/Prototyp_Filialsuche (RC 18)/39_Testfall" classname="Test Cases/Prototyp_Filialsuche (RC 18)/39_Testfall" status="PASSED">
         <system-out><![CDATA[2018-03-20 09:26:38 - [TEST_CASE][PASSED] - Test Cases/Prototyp_Filialsuche (RC 18)/39_Testfall: Test Cases/Prototyp_Filialsuche (RC 18)/39_Testfall

2018-03-20 09:26:38 - [TEST_STEP][PASSED] - openBrowser: Browser is opened with url: ''

2018-03-20 09:26:40 - [MESSAGE][PASSED] - Browser is opened with url: ''

2018-03-20 09:26:40 - [TEST_STEP][PASSED] - maximizeWindow: Current window maximized

2018-03-20 09:26:40 - [MESSAGE][PASSED] - Current window maximized

2018-03-20 09:26:40 - [TEST_STEP][PASSED] - deleteAllCookies: Delete all cookies successfully

2018-03-20 09:26:40 - [MESSAGE][PASSED] - Delete all cookies successfully

2018-03-20 09:26:40 - [TEST_STEP][PASSED] - navigateToUrl: Navigate to 'http://rc-ogrhtmlprototyp.testintern/18-1-0/filialsuche.html' successfully

2018-03-20 09:26:44 - [MESSAGE][PASSED] - Navigate to 'http://rc-ogrhtmlprototyp.testintern/18-1-0/filialsuche.html' successfully

2018-03-20 09:26:44 - [TEST_STEP][PASSED] - delay: Delayed 5 second(s)

2018-03-20 09:26:49 - [MESSAGE][PASSED] - Delayed 5 second(s)

2018-03-20 09:26:49 - [TEST_STEP][PASSED] - click: Object: 'Object Repository/002/Page_Filialsuche-rotenburg - BVR HT/svg_dropdown-icons' is clicked on

2018-03-20 09:26:49 - [MESSAGE][PASSED] - Object: 'Object Repository/002/Page_Filialsuche-rotenburg - BVR HT/svg_dropdown-icons' is clicked on

2018-03-20 09:26:49 - [TEST_STEP][PASSED] - delay: Delayed 2 second(s)

2018-03-20 09:26:51 - [MESSAGE][PASSED] - Delayed 2 second(s)

2018-03-20 09:26:51 - [TEST_STEP][PASSED] - scrollToElement: Scroll to object 'Object Repository/Belitz_option' successfully

2018-03-20 09:26:51 - [MESSAGE][PASSED] - Scroll to object 'Object Repository/Belitz_option' successfully

2018-03-20 09:26:51 - [TEST_STEP][PASSED] - delay: Delayed 2 second(s)

2018-03-20 09:26:53 - [MESSAGE][PASSED] - Delayed 2 second(s)

2018-03-20 09:26:53 - [TEST_STEP][PASSED] - mouseOver: Object: 'Object Repository/Belitz_option' is hovered

2018-03-20 09:26:53 - [MESSAGE][PASSED] - Object: 'Object Repository/Belitz_option' is hovered

2018-03-20 09:26:53 - [TEST_STEP][PASSED] - delay: Delayed 2 second(s)

2018-03-20 09:26:55 - [MESSAGE][PASSED] - Delayed 2 second(s)

2018-03-20 09:26:55 - [TEST_STEP][PASSED] - click: Object: 'Object Repository/Belitz_option' is clicked on

2018-03-20 09:26:55 - [MESSAGE][PASSED] - Object: 'Object Repository/Belitz_option' is clicked on

2018-03-20 09:26:56 - [TEST_STEP][PASSED] - delay: Delayed 5 second(s)

2018-03-20 09:27:01 - [MESSAGE][PASSED] - Delayed 5 second(s)

2018-03-20 09:27:01 - [TEST_STEP][PASSED] - Statement - wes = com.kms.katalon.core.webui.common.WebUiCommonHelper.findWebElements(com.kms.katalon.core.testobject.ObjectRepository.findTestObject(loc_steet_filialsuche), 5): Found 37 web elements with id: 'Object Repository/loc_steet_filialsuche' located by 'By.xpath: //div[@class='loc-street']' in '5' second(s)

2018-03-20 09:27:01 - [TEST_STEP][PASSED] - Statement - For ([i = 1, i < wes.size(), (i++)]): null

2018-03-20 09:27:01 - [TEST_STEP][PASSED] - Statement - el = wes.get(i): null

2018-03-20 09:27:01 - [TEST_STEP][PASSED] - Statement - el_prev = wes.get(i - 1): null

2018-03-20 09:27:01 - [TEST_STEP][PASSED] - Statement - text = el.getAttribute("innerHTML"): null

2018-03-20 09:27:01 - [TEST_STEP][PASSED] - Statement - text_prev = el_prev.getAttribute("innerHTML"): null

2018-03-20 09:27:01 - [TEST_STEP][PASSED] - Statement - text = text.replaceAll("ö", "o"): null

2018-03-20 09:27:01 - [TEST_STEP][PASSED] - Statement - text = text.replaceAll("Ö", "O"): null

2018-03-20 09:27:01 - [TEST_STEP][PASSED] - Statement - text_prev = text_prev.replaceAll("ö", "o"): null

2018-03-20 09:27:01 - [TEST_STEP][PASSED] - Statement - text_prev = text_prev.replaceAll("Ö", "O"): null

2018-03-20 09:27:01 - [TEST_STEP][PASSED] - Statement - text = text.replaceAll("ä", "a"): null

2018-03-20 09:27:01 - [TEST_STEP][PASSED] - Statement - text = text.replaceAll("Ä", "A"): null

2018-03-20 09:27:01 - [TEST_STEP][PASSED] - Statement - text_prev = text_prev.replaceAll("ä", "a"): null

2018-03-20 09:27:01 - [TEST_STEP][PASSED] - Statement - text_prev = text_prev.replaceAll("Ä", "A"): null

2018-03-20 09:27:01 - [TEST_STEP][PASSED] - Statement - text = text.replaceAll("ü", "u"): null

2018-03-20 09:27:01 - [TEST_STEP][PASSED] - Statement - text = text.replaceAll("Ü", "U"): null

2018-03-20 09:27:01 - [TEST_STEP][PASSED] - Statement - text_prev = text_prev.replaceAll("ü", "u"): null

2018-03-20 09:27:01 - [TEST_STEP][PASSED] - Statement - text_prev = text_prev.replaceAll("Ü", "U"): null

2018-03-20 09:27:01 - [TEST_STEP][PASSED] - Statement - ch = text.charAt(0): null

2018-03-20 09:27:01 - [TEST_STEP][PASSED] - Statement - ch_prev = el_prev.getAttribute("innerHTML").charAt(0): null

2018-03-20 09:27:01 - [TEST_STEP][PASSED] - Statement - If (ch_prev > ch): null

2018-03-20 09:27:01 - [TEST_STEP][PASSED] - Statement - Else If (ch_prev == ch): null

2018-03-20 09:27:01 - [TEST_STEP][PASSED] - Statement - ch = text.charAt(1): null

2018-03-20 09:27:01 - [TEST_STEP][PASSED] - Statement - ch_prev = text_prev.charAt(1): null

2018-03-20 09:27:01 - [TEST_STEP][PASSED] - Statement - If (ch_prev > ch): null

2018-03-20 09:27:01 - [TEST_STEP][PASSED] - Statement - Else If (ch_prev == ch): null

2018-03-20 09:27:01 - [TEST_STEP][PASSED] - Statement - ch = text.charAt(2): null

2018-03-20 09:27:01 - [TEST_STEP][PASSED] - Statement - ch_prev = text_prev.charAt(2): null

2018-03-20 09:27:01 - [TEST_STEP][PASSED] - Statement - If (ch_prev > ch): null

2018-03-20 09:27:01 - [TEST_STEP][PASSED] - Statement - el = wes.get(i): null

2018-03-20 09:27:01 - [TEST_STEP][PASSED] - Statement - el_prev = wes.get(i - 1): null

2018-03-20 09:27:01 - [TEST_STEP][PASSED] - Statement - text = el.getAttribute("innerHTML"): null

2018-03-20 09:27:01 - [TEST_STEP][PASSED] - Statement - text_prev = el_prev.getAttribute("innerHTML"): null

2018-03-20 09:27:01 - [TEST_STEP][PASSED] - Statement - text = text.replaceAll("ö", "o"): null

2018-03-20 09:27:01 - [TEST_STEP][PASSED] - Statement - text = text.replaceAll("Ö", "O"): null

2018-03-20 09:27:01 - [TEST_STEP][PASSED] - Statement - text_prev = text_prev.replaceAll("ö", "o"): null

2018-03-20 09:27:01 - [TEST_STEP][PASSED] - Statement - text_prev = text_prev.replaceAll("Ö", "O"): null

2018-03-20 09:27:01 - [TEST_STEP][PASSED] - Statement - text = text.replaceAll("ä", "a"): null

2018-03-20 09:27:01 - [TEST_STEP][PASSED] - Statement - text = text.replaceAll("Ä", "A"): null

2018-03-20 09:27:01 - [TEST_STEP][PASSED] - Statement - text_prev = text_prev.replaceAll("ä", "a"): null

2018-03-20 09:27:01 - [TEST_STEP][PASSED] - Statement - text_prev = text_prev.replaceAll("Ä", "A"): null

2018-03-20 09:27:01 - [TEST_STEP][PASSED] - Statement - text = text.replaceAll("ü", "u"): null

2018-03-20 09:27:01 - [TEST_STEP][PASSED] - Statement - text = text.replaceAll("Ü", "U"): null

2018-03-20 09:27:01 - [TEST_STEP][PASSED] - Statement - text_prev = text_prev.replaceAll("ü", "u"): null

2018-03-20 09:27:01 - [TEST_STEP][PASSED] - Statement - text_prev = text_prev.replaceAll("Ü", "U"): null

2018-03-20 09:27:01 - [TEST_STEP][PASSED] - Statement - ch = text.charAt(0): null

2018-03-20 09:27:01 - [TEST_STEP][PASSED] - Statement - ch_prev = el_prev.getAttribute("innerHTML").charAt(0): null

2018-03-20 09:27:01 - [TEST_STEP][PASSED] - Statement - If (ch_prev > ch): null

2018-03-20 09:27:01 - [TEST_STEP][PASSED] - Statement - el = wes.get(i): null

2018-03-20 09:27:01 - [TEST_STEP][PASSED] - Statement - el_prev = wes.get(i - 1): null

2018-03-20 09:27:01 - [TEST_STEP][PASSED] - Statement - text = el.getAttribute("innerHTML"): null

2018-03-20 09:27:01 - [TEST_STEP][PASSED] - Statement - text_prev = el_prev.getAttribute("innerHTML"): null

2018-03-20 09:27:01 - [TEST_STEP][PASSED] - Statement - text = text.replaceAll("ö", "o"): null

2018-03-20 09:27:01 - [TEST_STEP][PASSED] - Statement - text = text.replaceAll("Ö", "O"): null

2018-03-20 09:27:01 - [TEST_STEP][PASSED] - Statement - text_prev = text_prev.replaceAll("ö", "o"): null

2018-03-20 09:27:01 - [TEST_STEP][PASSED] - Statement - text_prev = text_prev.replaceAll("Ö", "O"): null

2018-03-20 09:27:01 - [TEST_STEP][PASSED] - Statement - text = text.replaceAll("ä", "a"): null

2018-03-20 09:27:01 - [TEST_STEP][PASSED] - Statement - text = text.replaceAll("Ä", "A"): null

2018-03-20 09:27:01 - [TEST_STEP][PASSED] - Statement - text_prev = text_prev.replaceAll("ä", "a"): null

2018-03-20 09:27:01 - [TEST_STEP][PASSED] - Statement - text_prev = text_prev.replaceAll("Ä", "A"): null

2018-03-20 09:27:01 - [TEST_STEP][PASSED] - Statement - text = text.replaceAll("ü", "u"): null

2018-03-20 09:27:01 - [TEST_STEP][PASSED] - Statement - text = text.replaceAll("Ü", "U"): null

2018-03-20 09:27:01 - [TEST_STEP][PASSED] - Statement - text_prev = text_prev.replaceAll("ü", "u"): null

2018-03-20 09:27:01 - [TEST_STEP][PASSED] - Statement - text_prev = text_prev.replaceAll("Ü", "U"): null

2018-03-20 09:27:01 - [TEST_STEP][PASSED] - Statement - ch = text.charAt(0): null

2018-03-20 09:27:01 - [TEST_STEP][PASSED] - Statement - ch_prev = el_prev.getAttribute("innerHTML").charAt(0): null

2018-03-20 09:27:01 - [TEST_STEP][PASSED] - Statement - If (ch_prev > ch): null

2018-03-20 09:27:01 - [TEST_STEP][PASSED] - Statement - Else If (ch_prev == ch): null

2018-03-20 09:27:01 - [TEST_STEP][PASSED] - Statement - ch = text.charAt(1): null

2018-03-20 09:27:01 - [TEST_STEP][PASSED] - Statement - ch_prev = text_prev.charAt(1): null

2018-03-20 09:27:01 - [TEST_STEP][PASSED] - Statement - If (ch_prev > ch): null

2018-03-20 09:27:01 - [TEST_STEP][PASSED] - Statement - Else If (ch_prev == ch): null

2018-03-20 09:27:01 - [TEST_STEP][PASSED] - Statement - ch = text.charAt(2): null

2018-03-20 09:27:01 - [TEST_STEP][PASSED] - Statement - ch_prev = text_prev.charAt(2): null

2018-03-20 09:27:01 - [TEST_STEP][PASSED] - Statement - If (ch_prev > ch): null

2018-03-20 09:27:01 - [TEST_STEP][PASSED] - Statement - el = wes.get(i): null

2018-03-20 09:27:01 - [TEST_STEP][PASSED] - Statement - el_prev = wes.get(i - 1): null

2018-03-20 09:27:01 - [TEST_STEP][PASSED] - Statement - text = el.getAttribute("innerHTML"): null

2018-03-20 09:27:01 - [TEST_STEP][PASSED] - Statement - text_prev = el_prev.getAttribute("innerHTML"): null

2018-03-20 09:27:01 - [TEST_STEP][PASSED] - Statement - text = text.replaceAll("ö", "o"): null

2018-03-20 09:27:01 - [TEST_STEP][PASSED] - Statement - text = text.replaceAll("Ö", "O"): null

2018-03-20 09:27:01 - [TEST_STEP][PASSED] - Statement - text_prev = text_prev.replaceAll("ö", "o"): null

2018-03-20 09:27:01 - [TEST_STEP][PASSED] - Statement - text_prev = text_prev.replaceAll("Ö", "O"): null

2018-03-20 09:27:01 - [TEST_STEP][PASSED] - Statement - text = text.replaceAll("ä", "a"): null

2018-03-20 09:27:01 - [TEST_STEP][PASSED] - Statement - text = text.replaceAll("Ä", "A"): null

2018-03-20 09:27:01 - [TEST_STEP][PASSED] - Statement - text_prev = text_prev.replaceAll("ä", "a"): null

2018-03-20 09:27:01 - [TEST_STEP][PASSED] - Statement - text_prev = text_prev.replaceAll("Ä", "A"): null

2018-03-20 09:27:01 - [TEST_STEP][PASSED] - Statement - text = text.replaceAll("ü", "u"): null

2018-03-20 09:27:01 - [TEST_STEP][PASSED] - Statement - text = text.replaceAll("Ü", "U"): null

2018-03-20 09:27:01 - [TEST_STEP][PASSED] - Statement - text_prev = text_prev.replaceAll("ü", "u"): null

2018-03-20 09:27:01 - [TEST_STEP][PASSED] - Statement - text_prev = text_prev.replaceAll("Ü", "U"): null

2018-03-20 09:27:01 - [TEST_STEP][PASSED] - Statement - ch = text.charAt(0): null

2018-03-20 09:27:01 - [TEST_STEP][PASSED] - Statement - ch_prev = el_prev.getAttribute("innerHTML").charAt(0): null

2018-03-20 09:27:01 - [TEST_STEP][PASSED] - Statement - If (ch_prev > ch): null

2018-03-20 09:27:01 - [TEST_STEP][PASSED] - Statement - Else If (ch_prev == ch): null

2018-03-20 09:27:01 - [TEST_STEP][PASSED] - Statement - ch = text.charAt(1): null

2018-03-20 09:27:01 - [TEST_STEP][PASSED] - Statement - ch_prev = text_prev.charAt(1): null

2018-03-20 09:27:01 - [TEST_STEP][PASSED] - Statement - If (ch_prev > ch): null

2018-03-20 09:27:01 - [TEST_STEP][PASSED] - Statement - Else If (ch_prev == ch): null

2018-03-20 09:27:01 - [TEST_STEP][PASSED] - Statement - ch = text.charAt(2): null

2018-03-20 09:27:01 - [TEST_STEP][PASSED] - Statement - ch_prev = text_prev.charAt(2): null

2018-03-20 09:27:01 - [TEST_STEP][PASSED] - Statement - If (ch_prev > ch): null

2018-03-20 09:27:01 - [TEST_STEP][PASSED] - Statement - el = wes.get(i): null

2018-03-20 09:27:01 - [TEST_STEP][PASSED] - Statement - el_prev = wes.get(i - 1): null

2018-03-20 09:27:01 - [TEST_STEP][PASSED] - Statement - text = el.getAttribute("innerHTML"): null

2018-03-20 09:27:01 - [TEST_STEP][PASSED] - Statement - text_prev = el_prev.getAttribute("innerHTML"): null

2018-03-20 09:27:01 - [TEST_STEP][PASSED] - Statement - text = text.replaceAll("ö", "o"): null

2018-03-20 09:27:01 - [TEST_STEP][PASSED] - Statement - text = text.replaceAll("Ö", "O"): null

2018-03-20 09:27:01 - [TEST_STEP][PASSED] - Statement - text_prev = text_prev.replaceAll("ö", "o"): null

2018-03-20 09:27:01 - [TEST_STEP][PASSED] - Statement - text_prev = text_prev.replaceAll("Ö", "O"): null

2018-03-20 09:27:01 - [TEST_STEP][PASSED] - Statement - text = text.replaceAll("ä", "a"): null

2018-03-20 09:27:01 - [TEST_STEP][PASSED] - Statement - text = text.replaceAll("Ä", "A"): null

2018-03-20 09:27:01 - [TEST_STEP][PASSED] - Statement - text_prev = text_prev.replaceAll("ä", "a"): null

2018-03-20 09:27:01 - [TEST_STEP][PASSED] - Statement - text_prev = text_prev.replaceAll("Ä", "A"): null

2018-03-20 09:27:01 - [TEST_STEP][PASSED] - Statement - text = text.replaceAll("ü", "u"): null

2018-03-20 09:27:01 - [TEST_STEP][PASSED] - Statement - text = text.replaceAll("Ü", "U"): null

2018-03-20 09:27:01 - [TEST_STEP][PASSED] - Statement - text_prev = text_prev.replaceAll("ü", "u"): null

2018-03-20 09:27:01 - [TEST_STEP][PASSED] - Statement - text_prev = text_prev.replaceAll("Ü", "U"): null

2018-03-20 09:27:01 - [TEST_STEP][PASSED] - Statement - ch = text.charAt(0): null

2018-03-20 09:27:01 - [TEST_STEP][PASSED] - Statement - ch_prev = el_prev.getAttribute("innerHTML").charAt(0): null

2018-03-20 09:27:01 - [TEST_STEP][PASSED] - Statement - If (ch_prev > ch): null

2018-03-20 09:27:01 - [TEST_STEP][PASSED] - Statement - Else If (ch_prev == ch): null

2018-03-20 09:27:01 - [TEST_STEP][PASSED] - Statement - ch = text.charAt(1): null

2018-03-20 09:27:01 - [TEST_STEP][PASSED] - Statement - ch_prev = text_prev.charAt(1): null

2018-03-20 09:27:01 - [TEST_STEP][PASSED] - Statement - If (ch_prev > ch): null

2018-03-20 09:27:01 - [TEST_STEP][PASSED] - Statement - el = wes.get(i): null

2018-03-20 09:27:01 - [TEST_STEP][PASSED] - Statement - el_prev = wes.get(i - 1): null

2018-03-20 09:27:01 - [TEST_STEP][PASSED] - Statement - text = el.getAttribute("innerHTML"): null

2018-03-20 09:27:01 - [TEST_STEP][PASSED] - Statement - text_prev = el_prev.getAttribute("innerHTML"): null

2018-03-20 09:27:01 - [TEST_STEP][PASSED] - Statement - text = text.replaceAll("ö", "o"): null

2018-03-20 09:27:01 - [TEST_STEP][PASSED] - Statement - text = text.replaceAll("Ö", "O"): null

2018-03-20 09:27:01 - [TEST_STEP][PASSED] - Statement - text_prev = text_prev.replaceAll("ö", "o"): null

2018-03-20 09:27:01 - [TEST_STEP][PASSED] - Statement - text_prev = text_prev.replaceAll("Ö", "O"): null

2018-03-20 09:27:01 - [TEST_STEP][PASSED] - Statement - text = text.replaceAll("ä", "a"): null

2018-03-20 09:27:01 - [TEST_STEP][PASSED] - Statement - text = text.replaceAll("Ä", "A"): null

2018-03-20 09:27:01 - [TEST_STEP][PASSED] - Statement - text_prev = text_prev.replaceAll("ä", "a"): null

2018-03-20 09:27:01 - [TEST_STEP][PASSED] - Statement - text_prev = text_prev.replaceAll("Ä", "A"): null

2018-03-20 09:27:01 - [TEST_STEP][PASSED] - Statement - text = text.replaceAll("ü", "u"): null

2018-03-20 09:27:01 - [TEST_STEP][PASSED] - Statement - text = text.replaceAll("Ü", "U"): null

2018-03-20 09:27:01 - [TEST_STEP][PASSED] - Statement - text_prev = text_prev.replaceAll("ü", "u"): null

2018-03-20 09:27:01 - [TEST_STEP][PASSED] - Statement - text_prev = text_prev.replaceAll("Ü", "U"): null

2018-03-20 09:27:01 - [TEST_STEP][PASSED] - Statement - ch = text.charAt(0): null

2018-03-20 09:27:01 - [TEST_STEP][PASSED] - Statement - ch_prev = el_prev.getAttribute("innerHTML").charAt(0): null

2018-03-20 09:27:01 - [TEST_STEP][PASSED] - Statement - If (ch_prev > ch): null

2018-03-20 09:27:01 - [TEST_STEP][PASSED] - Statement - Else If (ch_prev == ch): null

2018-03-20 09:27:01 - [TEST_STEP][PASSED] - Statement - ch = text.charAt(1): null

2018-03-20 09:27:01 - [TEST_STEP][PASSED] - Statement - ch_prev = text_prev.charAt(1): null

2018-03-20 09:27:01 - [TEST_STEP][PASSED] - Statement - If (ch_prev > ch): null

2018-03-20 09:27:01 - [TEST_STEP][PASSED] - Statement - Else If (ch_prev == ch): null

2018-03-20 09:27:01 - [TEST_STEP][PASSED] - Statement - ch = text.charAt(2): null

2018-03-20 09:27:01 - [TEST_STEP][PASSED] - Statement - ch_prev = text_prev.charAt(2): null

2018-03-20 09:27:01 - [TEST_STEP][PASSED] - Statement - If (ch_prev > ch): null

2018-03-20 09:27:01 - [TEST_STEP][PASSED] - Statement - el = wes.get(i): null

2018-03-20 09:27:01 - [TEST_STEP][PASSED] - Statement - el_prev = wes.get(i - 1): null

2018-03-20 09:27:01 - [TEST_STEP][PASSED] - Statement - text = el.getAttribute("innerHTML"): null

2018-03-20 09:27:01 - [TEST_STEP][PASSED] - Statement - text_prev = el_prev.getAttribute("innerHTML"): null

2018-03-20 09:27:01 - [TEST_STEP][PASSED] - Statement - text = text.replaceAll("ö", "o"): null

2018-03-20 09:27:01 - [TEST_STEP][PASSED] - Statement - text = text.replaceAll("Ö", "O"): null

2018-03-20 09:27:01 - [TEST_STEP][PASSED] - Statement - text_prev = text_prev.replaceAll("ö", "o"): null

2018-03-20 09:27:01 - [TEST_STEP][PASSED] - Statement - text_prev = text_prev.replaceAll("Ö", "O"): null

2018-03-20 09:27:01 - [TEST_STEP][PASSED] - Statement - text = text.replaceAll("ä", "a"): null

2018-03-20 09:27:01 - [TEST_STEP][PASSED] - Statement - text = text.replaceAll("Ä", "A"): null

2018-03-20 09:27:01 - [TEST_STEP][PASSED] - Statement - text_prev = text_prev.replaceAll("ä", "a"): null

2018-03-20 09:27:01 - [TEST_STEP][PASSED] - Statement - text_prev = text_prev.replaceAll("Ä", "A"): null

2018-03-20 09:27:01 - [TEST_STEP][PASSED] - Statement - text = text.replaceAll("ü", "u"): null

2018-03-20 09:27:01 - [TEST_STEP][PASSED] - Statement - text = text.replaceAll("Ü", "U"): null

2018-03-20 09:27:01 - [TEST_STEP][PASSED] - Statement - text_prev = text_prev.replaceAll("ü", "u"): null

2018-03-20 09:27:01 - [TEST_STEP][PASSED] - Statement - text_prev = text_prev.replaceAll("Ü", "U"): null

2018-03-20 09:27:01 - [TEST_STEP][PASSED] - Statement - ch = text.charAt(0): null

2018-03-20 09:27:01 - [TEST_STEP][PASSED] - Statement - ch_prev = el_prev.getAttribute("innerHTML").charAt(0): null

2018-03-20 09:27:01 - [TEST_STEP][PASSED] - Statement - If (ch_prev > ch): null

2018-03-20 09:27:01 - [TEST_STEP][PASSED] - Statement - Else If (ch_prev == ch): null

2018-03-20 09:27:01 - [TEST_STEP][PASSED] - Statement - ch = text.charAt(1): null

2018-03-20 09:27:01 - [TEST_STEP][PASSED] - Statement - ch_prev = text_prev.charAt(1): null

2018-03-20 09:27:01 - [TEST_STEP][PASSED] - Statement - If (ch_prev > ch): null

2018-03-20 09:27:01 - [TEST_STEP][PASSED] - Statement - el = wes.get(i): null

2018-03-20 09:27:01 - [TEST_STEP][PASSED] - Statement - el_prev = wes.get(i - 1): null

2018-03-20 09:27:01 - [TEST_STEP][PASSED] - Statement - text = el.getAttribute("innerHTML"): null

2018-03-20 09:27:01 - [TEST_STEP][PASSED] - Statement - text_prev = el_prev.getAttribute("innerHTML"): null

2018-03-20 09:27:01 - [TEST_STEP][PASSED] - Statement - text = text.replaceAll("ö", "o"): null

2018-03-20 09:27:01 - [TEST_STEP][PASSED] - Statement - text = text.replaceAll("Ö", "O"): null

2018-03-20 09:27:01 - [TEST_STEP][PASSED] - Statement - text_prev = text_prev.replaceAll("ö", "o"): null

2018-03-20 09:27:01 - [TEST_STEP][PASSED] - Statement - text_prev = text_prev.replaceAll("Ö", "O"): null

2018-03-20 09:27:01 - [TEST_STEP][PASSED] - Statement - text = text.replaceAll("ä", "a"): null

2018-03-20 09:27:01 - [TEST_STEP][PASSED] - Statement - text = text.replaceAll("Ä", "A"): null

2018-03-20 09:27:01 - [TEST_STEP][PASSED] - Statement - text_prev = text_prev.replaceAll("ä", "a"): null

2018-03-20 09:27:01 - [TEST_STEP][PASSED] - Statement - text_prev = text_prev.replaceAll("Ä", "A"): null

2018-03-20 09:27:01 - [TEST_STEP][PASSED] - Statement - text = text.replaceAll("ü", "u"): null

2018-03-20 09:27:01 - [TEST_STEP][PASSED] - Statement - text = text.replaceAll("Ü", "U"): null

2018-03-20 09:27:01 - [TEST_STEP][PASSED] - Statement - text_prev = text_prev.replaceAll("ü", "u"): null

2018-03-20 09:27:01 - [TEST_STEP][PASSED] - Statement - text_prev = text_prev.replaceAll("Ü", "U"): null

2018-03-20 09:27:01 - [TEST_STEP][PASSED] - Statement - ch = text.charAt(0): null

2018-03-20 09:27:01 - [TEST_STEP][PASSED] - Statement - ch_prev = el_prev.getAttribute("innerHTML").charAt(0): null

2018-03-20 09:27:01 - [TEST_STEP][PASSED] - Statement - If (ch_prev > ch): null

2018-03-20 09:27:01 - [TEST_STEP][PASSED] - Statement - Else If (ch_prev == ch): null

2018-03-20 09:27:01 - [TEST_STEP][PASSED] - Statement - ch = text.charAt(1): null

2018-03-20 09:27:01 - [TEST_STEP][PASSED] - Statement - ch_prev = text_prev.charAt(1): null

2018-03-20 09:27:01 - [TEST_STEP][PASSED] - Statement - If (ch_prev > ch): null

2018-03-20 09:27:01 - [TEST_STEP][PASSED] - Statement - el = wes.get(i): null

2018-03-20 09:27:01 - [TEST_STEP][PASSED] - Statement - el_prev = wes.get(i - 1): null

2018-03-20 09:27:01 - [TEST_STEP][PASSED] - Statement - text = el.getAttribute("innerHTML"): null

2018-03-20 09:27:01 - [TEST_STEP][PASSED] - Statement - text_prev = el_prev.getAttribute("innerHTML"): null

2018-03-20 09:27:01 - [TEST_STEP][PASSED] - Statement - text = text.replaceAll("ö", "o"): null

2018-03-20 09:27:01 - [TEST_STEP][PASSED] - Statement - text = text.replaceAll("Ö", "O"): null

2018-03-20 09:27:01 - [TEST_STEP][PASSED] - Statement - text_prev = text_prev.replaceAll("ö", "o"): null

2018-03-20 09:27:01 - [TEST_STEP][PASSED] - Statement - text_prev = text_prev.replaceAll("Ö", "O"): null

2018-03-20 09:27:01 - [TEST_STEP][PASSED] - Statement - text = text.replaceAll("ä", "a"): null

2018-03-20 09:27:01 - [TEST_STEP][PASSED] - Statement - text = text.replaceAll("Ä", "A"): null

2018-03-20 09:27:01 - [TEST_STEP][PASSED] - Statement - text_prev = text_prev.replaceAll("ä", "a"): null

2018-03-20 09:27:01 - [TEST_STEP][PASSED] - Statement - text_prev = text_prev.replaceAll("Ä", "A"): null

2018-03-20 09:27:01 - [TEST_STEP][PASSED] - Statement - text = text.replaceAll("ü", "u"): null

2018-03-20 09:27:01 - [TEST_STEP][PASSED] - Statement - text = text.replaceAll("Ü", "U"): null

2018-03-20 09:27:01 - [TEST_STEP][PASSED] - Statement - text_prev = text_prev.replaceAll("ü", "u"): null

2018-03-20 09:27:01 - [TEST_STEP][PASSED] - Statement - text_prev = text_prev.replaceAll("Ü", "U"): null

2018-03-20 09:27:01 - [TEST_STEP][PASSED] - Statement - ch = text.charAt(0): null

2018-03-20 09:27:01 - [TEST_STEP][PASSED] - Statement - ch_prev = el_prev.getAttribute("innerHTML").charAt(0): null

2018-03-20 09:27:01 - [TEST_STEP][PASSED] - Statement - If (ch_prev > ch): null

2018-03-20 09:27:01 - [TEST_STEP][PASSED] - Statement - Else If (ch_prev == ch): null

2018-03-20 09:27:01 - [TEST_STEP][PASSED] - Statement - ch = text.charAt(1): null

2018-03-20 09:27:01 - [TEST_STEP][PASSED] - Statement - ch_prev = text_prev.charAt(1): null

2018-03-20 09:27:01 - [TEST_STEP][PASSED] - Statement - If (ch_prev > ch): null

2018-03-20 09:27:01 - [TEST_STEP][PASSED] - Statement - Else If (ch_prev == ch): null

2018-03-20 09:27:01 - [TEST_STEP][PASSED] - Statement - ch = text.charAt(2): null

2018-03-20 09:27:01 - [TEST_STEP][PASSED] - Statement - ch_prev = text_prev.charAt(2): null

2018-03-20 09:27:01 - [TEST_STEP][PASSED] - Statement - If (ch_prev > ch): null

2018-03-20 09:27:01 - [TEST_STEP][PASSED] - Statement - el = wes.get(i): null

2018-03-20 09:27:01 - [TEST_STEP][PASSED] - Statement - el_prev = wes.get(i - 1): null

2018-03-20 09:27:01 - [TEST_STEP][PASSED] - Statement - text = el.getAttribute("innerHTML"): null

2018-03-20 09:27:01 - [TEST_STEP][PASSED] - Statement - text_prev = el_prev.getAttribute("innerHTML"): null

2018-03-20 09:27:01 - [TEST_STEP][PASSED] - Statement - text = text.replaceAll("ö", "o"): null

2018-03-20 09:27:01 - [TEST_STEP][PASSED] - Statement - text = text.replaceAll("Ö", "O"): null

2018-03-20 09:27:01 - [TEST_STEP][PASSED] - Statement - text_prev = text_prev.replaceAll("ö", "o"): null

2018-03-20 09:27:01 - [TEST_STEP][PASSED] - Statement - text_prev = text_prev.replaceAll("Ö", "O"): null

2018-03-20 09:27:01 - [TEST_STEP][PASSED] - Statement - text = text.replaceAll("ä", "a"): null

2018-03-20 09:27:01 - [TEST_STEP][PASSED] - Statement - text = text.replaceAll("Ä", "A"): null

2018-03-20 09:27:01 - [TEST_STEP][PASSED] - Statement - text_prev = text_prev.replaceAll("ä", "a"): null

2018-03-20 09:27:01 - [TEST_STEP][PASSED] - Statement - text_prev = text_prev.replaceAll("Ä", "A"): null

2018-03-20 09:27:01 - [TEST_STEP][PASSED] - Statement - text = text.replaceAll("ü", "u"): null

2018-03-20 09:27:01 - [TEST_STEP][PASSED] - Statement - text = text.replaceAll("Ü", "U"): null

2018-03-20 09:27:01 - [TEST_STEP][PASSED] - Statement - text_prev = text_prev.replaceAll("ü", "u"): null

2018-03-20 09:27:01 - [TEST_STEP][PASSED] - Statement - text_prev = text_prev.replaceAll("Ü", "U"): null

2018-03-20 09:27:01 - [TEST_STEP][PASSED] - Statement - ch = text.charAt(0): null

2018-03-20 09:27:01 - [TEST_STEP][PASSED] - Statement - ch_prev = el_prev.getAttribute("innerHTML").charAt(0): null

2018-03-20 09:27:01 - [TEST_STEP][PASSED] - Statement - If (ch_prev > ch): null

2018-03-20 09:27:01 - [TEST_STEP][PASSED] - Statement - el = wes.get(i): null

2018-03-20 09:27:01 - [TEST_STEP][PASSED] - Statement - el_prev = wes.get(i - 1): null

2018-03-20 09:27:01 - [TEST_STEP][PASSED] - Statement - text = el.getAttribute("innerHTML"): null

2018-03-20 09:27:01 - [TEST_STEP][PASSED] - Statement - text_prev = el_prev.getAttribute("innerHTML"): null

2018-03-20 09:27:01 - [TEST_STEP][PASSED] - Statement - text = text.replaceAll("ö", "o"): null

2018-03-20 09:27:01 - [TEST_STEP][PASSED] - Statement - text = text.replaceAll("Ö", "O"): null

2018-03-20 09:27:01 - [TEST_STEP][PASSED] - Statement - text_prev = text_prev.replaceAll("ö", "o"): null

2018-03-20 09:27:01 - [TEST_STEP][PASSED] - Statement - text_prev = text_prev.replaceAll("Ö", "O"): null

2018-03-20 09:27:01 - [TEST_STEP][PASSED] - Statement - text = text.replaceAll("ä", "a"): null

2018-03-20 09:27:01 - [TEST_STEP][PASSED] - Statement - text = text.replaceAll("Ä", "A"): null

2018-03-20 09:27:01 - [TEST_STEP][PASSED] - Statement - text_prev = text_prev.replaceAll("ä", "a"): null

2018-03-20 09:27:01 - [TEST_STEP][PASSED] - Statement - text_prev = text_prev.replaceAll("Ä", "A"): null

2018-03-20 09:27:01 - [TEST_STEP][PASSED] - Statement - text = text.replaceAll("ü", "u"): null

2018-03-20 09:27:01 - [TEST_STEP][PASSED] - Statement - text = text.replaceAll("Ü", "U"): null

2018-03-20 09:27:01 - [TEST_STEP][PASSED] - Statement - text_prev = text_prev.replaceAll("ü", "u"): null

2018-03-20 09:27:01 - [TEST_STEP][PASSED] - Statement - text_prev = text_prev.replaceAll("Ü", "U"): null

2018-03-20 09:27:01 - [TEST_STEP][PASSED] - Statement - ch = text.charAt(0): null

2018-03-20 09:27:01 - [TEST_STEP][PASSED] - Statement - ch_prev = el_prev.getAttribute("innerHTML").charAt(0): null

2018-03-20 09:27:01 - [TEST_STEP][PASSED] - Statement - If (ch_prev > ch): null

2018-03-20 09:27:01 - [TEST_STEP][PASSED] - Statement - Else If (ch_prev == ch): null

2018-03-20 09:27:01 - [TEST_STEP][PASSED] - Statement - ch = text.charAt(1): null

2018-03-20 09:27:01 - [TEST_STEP][PASSED] - Statement - ch_prev = text_prev.charAt(1): null

2018-03-20 09:27:01 - [TEST_STEP][PASSED] - Statement - If (ch_prev > ch): null

2018-03-20 09:27:01 - [TEST_STEP][PASSED] - Statement - Else If (ch_prev == ch): null

2018-03-20 09:27:01 - [TEST_STEP][PASSED] - Statement - ch = text.charAt(2): null

2018-03-20 09:27:01 - [TEST_STEP][PASSED] - Statement - ch_prev = text_prev.charAt(2): null

2018-03-20 09:27:01 - [TEST_STEP][PASSED] - Statement - If (ch_prev > ch): null

2018-03-20 09:27:01 - [TEST_STEP][PASSED] - Statement - el = wes.get(i): null

2018-03-20 09:27:01 - [TEST_STEP][PASSED] - Statement - el_prev = wes.get(i - 1): null

2018-03-20 09:27:01 - [TEST_STEP][PASSED] - Statement - text = el.getAttribute("innerHTML"): null

2018-03-20 09:27:01 - [TEST_STEP][PASSED] - Statement - text_prev = el_prev.getAttribute("innerHTML"): null

2018-03-20 09:27:01 - [TEST_STEP][PASSED] - Statement - text = text.replaceAll("ö", "o"): null

2018-03-20 09:27:01 - [TEST_STEP][PASSED] - Statement - text = text.replaceAll("Ö", "O"): null

2018-03-20 09:27:01 - [TEST_STEP][PASSED] - Statement - text_prev = text_prev.replaceAll("ö", "o"): null

2018-03-20 09:27:01 - [TEST_STEP][PASSED] - Statement - text_prev = text_prev.replaceAll("Ö", "O"): null

2018-03-20 09:27:01 - [TEST_STEP][PASSED] - Statement - text = text.replaceAll("ä", "a"): null

2018-03-20 09:27:01 - [TEST_STEP][PASSED] - Statement - text = text.replaceAll("Ä", "A"): null

2018-03-20 09:27:01 - [TEST_STEP][PASSED] - Statement - text_prev = text_prev.replaceAll("ä", "a"): null

2018-03-20 09:27:01 - [TEST_STEP][PASSED] - Statement - text_prev = text_prev.replaceAll("Ä", "A"): null

2018-03-20 09:27:01 - [TEST_STEP][PASSED] - Statement - text = text.replaceAll("ü", "u"): null

2018-03-20 09:27:01 - [TEST_STEP][PASSED] - Statement - text = text.replaceAll("Ü", "U"): null

2018-03-20 09:27:01 - [TEST_STEP][PASSED] - Statement - text_prev = text_prev.replaceAll("ü", "u"): null

2018-03-20 09:27:01 - [TEST_STEP][PASSED] - Statement - text_prev = text_prev.replaceAll("Ü", "U"): null

2018-03-20 09:27:01 - [TEST_STEP][PASSED] - Statement - ch = text.charAt(0): null

2018-03-20 09:27:01 - [TEST_STEP][PASSED] - Statement - ch_prev = el_prev.getAttribute("innerHTML").charAt(0): null

2018-03-20 09:27:01 - [TEST_STEP][PASSED] - Statement - If (ch_prev > ch): null

2018-03-20 09:27:01 - [TEST_STEP][PASSED] - Statement - el = wes.get(i): null

2018-03-20 09:27:01 - [TEST_STEP][PASSED] - Statement - el_prev = wes.get(i - 1): null

2018-03-20 09:27:01 - [TEST_STEP][PASSED] - Statement - text = el.getAttribute("innerHTML"): null

2018-03-20 09:27:01 - [TEST_STEP][PASSED] - Statement - text_prev = el_prev.getAttribute("innerHTML"): null

2018-03-20 09:27:01 - [TEST_STEP][PASSED] - Statement - text = text.replaceAll("ö", "o"): null

2018-03-20 09:27:01 - [TEST_STEP][PASSED] - Statement - text = text.replaceAll("Ö", "O"): null

2018-03-20 09:27:01 - [TEST_STEP][PASSED] - Statement - text_prev = text_prev.replaceAll("ö", "o"): null

2018-03-20 09:27:01 - [TEST_STEP][PASSED] - Statement - text_prev = text_prev.replaceAll("Ö", "O"): null

2018-03-20 09:27:01 - [TEST_STEP][PASSED] - Statement - text = text.replaceAll("ä", "a"): null

2018-03-20 09:27:01 - [TEST_STEP][PASSED] - Statement - text = text.replaceAll("Ä", "A"): null

2018-03-20 09:27:01 - [TEST_STEP][PASSED] - Statement - text_prev = text_prev.replaceAll("ä", "a"): null

2018-03-20 09:27:01 - [TEST_STEP][PASSED] - Statement - text_prev = text_prev.replaceAll("Ä", "A"): null

2018-03-20 09:27:01 - [TEST_STEP][PASSED] - Statement - text = text.replaceAll("ü", "u"): null

2018-03-20 09:27:01 - [TEST_STEP][PASSED] - Statement - text = text.replaceAll("Ü", "U"): null

2018-03-20 09:27:01 - [TEST_STEP][PASSED] - Statement - text_prev = text_prev.replaceAll("ü", "u"): null

2018-03-20 09:27:01 - [TEST_STEP][PASSED] - Statement - text_prev = text_prev.replaceAll("Ü", "U"): null

2018-03-20 09:27:01 - [TEST_STEP][PASSED] - Statement - ch = text.charAt(0): null

2018-03-20 09:27:01 - [TEST_STEP][PASSED] - Statement - ch_prev = el_prev.getAttribute("innerHTML").charAt(0): null

2018-03-20 09:27:01 - [TEST_STEP][PASSED] - Statement - If (ch_prev > ch): null

2018-03-20 09:27:01 - [TEST_STEP][PASSED] - Statement - Else If (ch_prev == ch): null

2018-03-20 09:27:01 - [TEST_STEP][PASSED] - Statement - ch = text.charAt(1): null

2018-03-20 09:27:01 - [TEST_STEP][PASSED] - Statement - ch_prev = text_prev.charAt(1): null

2018-03-20 09:27:01 - [TEST_STEP][PASSED] - Statement - If (ch_prev > ch): null

2018-03-20 09:27:01 - [TEST_STEP][PASSED] - Statement - el = wes.get(i): null

2018-03-20 09:27:01 - [TEST_STEP][PASSED] - Statement - el_prev = wes.get(i - 1): null

2018-03-20 09:27:01 - [TEST_STEP][PASSED] - Statement - text = el.getAttribute("innerHTML"): null

2018-03-20 09:27:01 - [TEST_STEP][PASSED] - Statement - text_prev = el_prev.getAttribute("innerHTML"): null

2018-03-20 09:27:01 - [TEST_STEP][PASSED] - Statement - text = text.replaceAll("ö", "o"): null

2018-03-20 09:27:01 - [TEST_STEP][PASSED] - Statement - text = text.replaceAll("Ö", "O"): null

2018-03-20 09:27:01 - [TEST_STEP][PASSED] - Statement - text_prev = text_prev.replaceAll("ö", "o"): null

2018-03-20 09:27:01 - [TEST_STEP][PASSED] - Statement - text_prev = text_prev.replaceAll("Ö", "O"): null

2018-03-20 09:27:01 - [TEST_STEP][PASSED] - Statement - text = text.replaceAll("ä", "a"): null

2018-03-20 09:27:01 - [TEST_STEP][PASSED] - Statement - text = text.replaceAll("Ä", "A"): null

2018-03-20 09:27:01 - [TEST_STEP][PASSED] - Statement - text_prev = text_prev.replaceAll("ä", "a"): null

2018-03-20 09:27:01 - [TEST_STEP][PASSED] - Statement - text_prev = text_prev.replaceAll("Ä", "A"): null

2018-03-20 09:27:01 - [TEST_STEP][PASSED] - Statement - text = text.replaceAll("ü", "u"): null

2018-03-20 09:27:01 - [TEST_STEP][PASSED] - Statement - text = text.replaceAll("Ü", "U"): null

2018-03-20 09:27:01 - [TEST_STEP][PASSED] - Statement - text_prev = text_prev.replaceAll("ü", "u"): null

2018-03-20 09:27:01 - [TEST_STEP][PASSED] - Statement - text_prev = text_prev.replaceAll("Ü", "U"): null

2018-03-20 09:27:01 - [TEST_STEP][PASSED] - Statement - ch = text.charAt(0): null

2018-03-20 09:27:01 - [TEST_STEP][PASSED] - Statement - ch_prev = el_prev.getAttribute("innerHTML").charAt(0): null

2018-03-20 09:27:01 - [TEST_STEP][PASSED] - Statement - If (ch_prev > ch): null

2018-03-20 09:27:01 - [TEST_STEP][PASSED] - Statement - Else If (ch_prev == ch): null

2018-03-20 09:27:01 - [TEST_STEP][PASSED] - Statement - ch = text.charAt(1): null

2018-03-20 09:27:01 - [TEST_STEP][PASSED] - Statement - ch_prev = text_prev.charAt(1): null

2018-03-20 09:27:01 - [TEST_STEP][PASSED] - Statement - If (ch_prev > ch): null

2018-03-20 09:27:01 - [TEST_STEP][PASSED] - Statement - Else If (ch_prev == ch): null

2018-03-20 09:27:01 - [TEST_STEP][PASSED] - Statement - ch = text.charAt(2): null

2018-03-20 09:27:01 - [TEST_STEP][PASSED] - Statement - ch_prev = text_prev.charAt(2): null

2018-03-20 09:27:01 - [TEST_STEP][PASSED] - Statement - If (ch_prev > ch): null

2018-03-20 09:27:01 - [TEST_STEP][PASSED] - Statement - el = wes.get(i): null

2018-03-20 09:27:01 - [TEST_STEP][PASSED] - Statement - el_prev = wes.get(i - 1): null

2018-03-20 09:27:01 - [TEST_STEP][PASSED] - Statement - text = el.getAttribute("innerHTML"): null

2018-03-20 09:27:01 - [TEST_STEP][PASSED] - Statement - text_prev = el_prev.getAttribute("innerHTML"): null

2018-03-20 09:27:01 - [TEST_STEP][PASSED] - Statement - text = text.replaceAll("ö", "o"): null

2018-03-20 09:27:01 - [TEST_STEP][PASSED] - Statement - text = text.replaceAll("Ö", "O"): null

2018-03-20 09:27:01 - [TEST_STEP][PASSED] - Statement - text_prev = text_prev.replaceAll("ö", "o"): null

2018-03-20 09:27:01 - [TEST_STEP][PASSED] - Statement - text_prev = text_prev.replaceAll("Ö", "O"): null

2018-03-20 09:27:01 - [TEST_STEP][PASSED] - Statement - text = text.replaceAll("ä", "a"): null

2018-03-20 09:27:01 - [TEST_STEP][PASSED] - Statement - text = text.replaceAll("Ä", "A"): null

2018-03-20 09:27:01 - [TEST_STEP][PASSED] - Statement - text_prev = text_prev.replaceAll("ä", "a"): null

2018-03-20 09:27:01 - [TEST_STEP][PASSED] - Statement - text_prev = text_prev.replaceAll("Ä", "A"): null

2018-03-20 09:27:01 - [TEST_STEP][PASSED] - Statement - text = text.replaceAll("ü", "u"): null

2018-03-20 09:27:01 - [TEST_STEP][PASSED] - Statement - text = text.replaceAll("Ü", "U"): null

2018-03-20 09:27:01 - [TEST_STEP][PASSED] - Statement - text_prev = text_prev.replaceAll("ü", "u"): null

2018-03-20 09:27:01 - [TEST_STEP][PASSED] - Statement - text_prev = text_prev.replaceAll("Ü", "U"): null

2018-03-20 09:27:01 - [TEST_STEP][PASSED] - Statement - ch = text.charAt(0): null

2018-03-20 09:27:01 - [TEST_STEP][PASSED] - Statement - ch_prev = el_prev.getAttribute("innerHTML").charAt(0): null

2018-03-20 09:27:01 - [TEST_STEP][PASSED] - Statement - If (ch_prev > ch): null

2018-03-20 09:27:01 - [TEST_STEP][PASSED] - Statement - Else If (ch_prev == ch): null

2018-03-20 09:27:01 - [TEST_STEP][PASSED] - Statement - ch = text.charAt(1): null

2018-03-20 09:27:01 - [TEST_STEP][PASSED] - Statement - ch_prev = text_prev.charAt(1): null

2018-03-20 09:27:01 - [TEST_STEP][PASSED] - Statement - If (ch_prev > ch): null

2018-03-20 09:27:01 - [TEST_STEP][PASSED] - Statement - el = wes.get(i): null

2018-03-20 09:27:01 - [TEST_STEP][PASSED] - Statement - el_prev = wes.get(i - 1): null

2018-03-20 09:27:01 - [TEST_STEP][PASSED] - Statement - text = el.getAttribute("innerHTML"): null

2018-03-20 09:27:01 - [TEST_STEP][PASSED] - Statement - text_prev = el_prev.getAttribute("innerHTML"): null

2018-03-20 09:27:01 - [TEST_STEP][PASSED] - Statement - text = text.replaceAll("ö", "o"): null

2018-03-20 09:27:01 - [TEST_STEP][PASSED] - Statement - text = text.replaceAll("Ö", "O"): null

2018-03-20 09:27:01 - [TEST_STEP][PASSED] - Statement - text_prev = text_prev.replaceAll("ö", "o"): null

2018-03-20 09:27:01 - [TEST_STEP][PASSED] - Statement - text_prev = text_prev.replaceAll("Ö", "O"): null

2018-03-20 09:27:01 - [TEST_STEP][PASSED] - Statement - text = text.replaceAll("ä", "a"): null

2018-03-20 09:27:01 - [TEST_STEP][PASSED] - Statement - text = text.replaceAll("Ä", "A"): null

2018-03-20 09:27:01 - [TEST_STEP][PASSED] - Statement - text_prev = text_prev.replaceAll("ä", "a"): null

2018-03-20 09:27:01 - [TEST_STEP][PASSED] - Statement - text_prev = text_prev.replaceAll("Ä", "A"): null

2018-03-20 09:27:01 - [TEST_STEP][PASSED] - Statement - text = text.replaceAll("ü", "u"): null

2018-03-20 09:27:01 - [TEST_STEP][PASSED] - Statement - text = text.replaceAll("Ü", "U"): null

2018-03-20 09:27:01 - [TEST_STEP][PASSED] - Statement - text_prev = text_prev.replaceAll("ü", "u"): null

2018-03-20 09:27:01 - [TEST_STEP][PASSED] - Statement - text_prev = text_prev.replaceAll("Ü", "U"): null

2018-03-20 09:27:01 - [TEST_STEP][PASSED] - Statement - ch = text.charAt(0): null

2018-03-20 09:27:01 - [TEST_STEP][PASSED] - Statement - ch_prev = el_prev.getAttribute("innerHTML").charAt(0): null

2018-03-20 09:27:01 - [TEST_STEP][PASSED] - Statement - If (ch_prev > ch): null

2018-03-20 09:27:01 - [TEST_STEP][PASSED] - Statement - Else If (ch_prev == ch): null

2018-03-20 09:27:01 - [TEST_STEP][PASSED] - Statement - ch = text.charAt(1): null

2018-03-20 09:27:01 - [TEST_STEP][PASSED] - Statement - ch_prev = text_prev.charAt(1): null

2018-03-20 09:27:01 - [TEST_STEP][PASSED] - Statement - If (ch_prev > ch): null

2018-03-20 09:27:01 - [TEST_STEP][PASSED] - Statement - el = wes.get(i): null

2018-03-20 09:27:01 - [TEST_STEP][PASSED] - Statement - el_prev = wes.get(i - 1): null

2018-03-20 09:27:01 - [TEST_STEP][PASSED] - Statement - text = el.getAttribute("innerHTML"): null

2018-03-20 09:27:01 - [TEST_STEP][PASSED] - Statement - text_prev = el_prev.getAttribute("innerHTML"): null

2018-03-20 09:27:01 - [TEST_STEP][PASSED] - Statement - text = text.replaceAll("ö", "o"): null

2018-03-20 09:27:01 - [TEST_STEP][PASSED] - Statement - text = text.replaceAll("Ö", "O"): null

2018-03-20 09:27:01 - [TEST_STEP][PASSED] - Statement - text_prev = text_prev.replaceAll("ö", "o"): null

2018-03-20 09:27:01 - [TEST_STEP][PASSED] - Statement - text_prev = text_prev.replaceAll("Ö", "O"): null

2018-03-20 09:27:01 - [TEST_STEP][PASSED] - Statement - text = text.replaceAll("ä", "a"): null

2018-03-20 09:27:01 - [TEST_STEP][PASSED] - Statement - text = text.replaceAll("Ä", "A"): null

2018-03-20 09:27:01 - [TEST_STEP][PASSED] - Statement - text_prev = text_prev.replaceAll("ä", "a"): null

2018-03-20 09:27:01 - [TEST_STEP][PASSED] - Statement - text_prev = text_prev.replaceAll("Ä", "A"): null

2018-03-20 09:27:01 - [TEST_STEP][PASSED] - Statement - text = text.replaceAll("ü", "u"): null

2018-03-20 09:27:01 - [TEST_STEP][PASSED] - Statement - text = text.replaceAll("Ü", "U"): null

2018-03-20 09:27:01 - [TEST_STEP][PASSED] - Statement - text_prev = text_prev.replaceAll("ü", "u"): null

2018-03-20 09:27:01 - [TEST_STEP][PASSED] - Statement - text_prev = text_prev.replaceAll("Ü", "U"): null

2018-03-20 09:27:01 - [TEST_STEP][PASSED] - Statement - ch = text.charAt(0): null

2018-03-20 09:27:01 - [TEST_STEP][PASSED] - Statement - ch_prev = el_prev.getAttribute("innerHTML").charAt(0): null

2018-03-20 09:27:01 - [TEST_STEP][PASSED] - Statement - If (ch_prev > ch): null

2018-03-20 09:27:01 - [TEST_STEP][PASSED] - Statement - Else If (ch_prev == ch): null

2018-03-20 09:27:01 - [TEST_STEP][PASSED] - Statement - ch = text.charAt(1): null

2018-03-20 09:27:01 - [TEST_STEP][PASSED] - Statement - ch_prev = text_prev.charAt(1): null

2018-03-20 09:27:01 - [TEST_STEP][PASSED] - Statement - If (ch_prev > ch): null

2018-03-20 09:27:01 - [TEST_STEP][PASSED] - Statement - Else If (ch_prev == ch): null

2018-03-20 09:27:01 - [TEST_STEP][PASSED] - Statement - ch = text.charAt(2): null

2018-03-20 09:27:01 - [TEST_STEP][PASSED] - Statement - ch_prev = text_prev.charAt(2): null

2018-03-20 09:27:01 - [TEST_STEP][PASSED] - Statement - If (ch_prev > ch): null

2018-03-20 09:27:01 - [TEST_STEP][PASSED] - Statement - el = wes.get(i): null

2018-03-20 09:27:01 - [TEST_STEP][PASSED] - Statement - el_prev = wes.get(i - 1): null

2018-03-20 09:27:01 - [TEST_STEP][PASSED] - Statement - text = el.getAttribute("innerHTML"): null

2018-03-20 09:27:01 - [TEST_STEP][PASSED] - Statement - text_prev = el_prev.getAttribute("innerHTML"): null

2018-03-20 09:27:01 - [TEST_STEP][PASSED] - Statement - text = text.replaceAll("ö", "o"): null

2018-03-20 09:27:01 - [TEST_STEP][PASSED] - Statement - text = text.replaceAll("Ö", "O"): null

2018-03-20 09:27:01 - [TEST_STEP][PASSED] - Statement - text_prev = text_prev.replaceAll("ö", "o"): null

2018-03-20 09:27:01 - [TEST_STEP][PASSED] - Statement - text_prev = text_prev.replaceAll("Ö", "O"): null

2018-03-20 09:27:01 - [TEST_STEP][PASSED] - Statement - text = text.replaceAll("ä", "a"): null

2018-03-20 09:27:01 - [TEST_STEP][PASSED] - Statement - text = text.replaceAll("Ä", "A"): null

2018-03-20 09:27:01 - [TEST_STEP][PASSED] - Statement - text_prev = text_prev.replaceAll("ä", "a"): null

2018-03-20 09:27:01 - [TEST_STEP][PASSED] - Statement - text_prev = text_prev.replaceAll("Ä", "A"): null

2018-03-20 09:27:01 - [TEST_STEP][PASSED] - Statement - text = text.replaceAll("ü", "u"): null

2018-03-20 09:27:01 - [TEST_STEP][PASSED] - Statement - text = text.replaceAll("Ü", "U"): null

2018-03-20 09:27:01 - [TEST_STEP][PASSED] - Statement - text_prev = text_prev.replaceAll("ü", "u"): null

2018-03-20 09:27:01 - [TEST_STEP][PASSED] - Statement - text_prev = text_prev.replaceAll("Ü", "U"): null

2018-03-20 09:27:01 - [TEST_STEP][PASSED] - Statement - ch = text.charAt(0): null

2018-03-20 09:27:01 - [TEST_STEP][PASSED] - Statement - ch_prev = el_prev.getAttribute("innerHTML").charAt(0): null

2018-03-20 09:27:01 - [TEST_STEP][PASSED] - Statement - If (ch_prev > ch): null

2018-03-20 09:27:01 - [TEST_STEP][PASSED] - Statement - el = wes.get(i): null

2018-03-20 09:27:01 - [TEST_STEP][PASSED] - Statement - el_prev = wes.get(i - 1): null

2018-03-20 09:27:01 - [TEST_STEP][PASSED] - Statement - text = el.getAttribute("innerHTML"): null

2018-03-20 09:27:01 - [TEST_STEP][PASSED] - Statement - text_prev = el_prev.getAttribute("innerHTML"): null

2018-03-20 09:27:01 - [TEST_STEP][PASSED] - Statement - text = text.replaceAll("ö", "o"): null

2018-03-20 09:27:01 - [TEST_STEP][PASSED] - Statement - text = text.replaceAll("Ö", "O"): null

2018-03-20 09:27:01 - [TEST_STEP][PASSED] - Statement - text_prev = text_prev.replaceAll("ö", "o"): null

2018-03-20 09:27:01 - [TEST_STEP][PASSED] - Statement - text_prev = text_prev.replaceAll("Ö", "O"): null

2018-03-20 09:27:01 - [TEST_STEP][PASSED] - Statement - text = text.replaceAll("ä", "a"): null

2018-03-20 09:27:01 - [TEST_STEP][PASSED] - Statement - text = text.replaceAll("Ä", "A"): null

2018-03-20 09:27:01 - [TEST_STEP][PASSED] - Statement - text_prev = text_prev.replaceAll("ä", "a"): null

2018-03-20 09:27:01 - [TEST_STEP][PASSED] - Statement - text_prev = text_prev.replaceAll("Ä", "A"): null

2018-03-20 09:27:01 - [TEST_STEP][PASSED] - Statement - text = text.replaceAll("ü", "u"): null

2018-03-20 09:27:01 - [TEST_STEP][PASSED] - Statement - text = text.replaceAll("Ü", "U"): null

2018-03-20 09:27:01 - [TEST_STEP][PASSED] - Statement - text_prev = text_prev.replaceAll("ü", "u"): null

2018-03-20 09:27:01 - [TEST_STEP][PASSED] - Statement - text_prev = text_prev.replaceAll("Ü", "U"): null

2018-03-20 09:27:01 - [TEST_STEP][PASSED] - Statement - ch = text.charAt(0): null

2018-03-20 09:27:01 - [TEST_STEP][PASSED] - Statement - ch_prev = el_prev.getAttribute("innerHTML").charAt(0): null

2018-03-20 09:27:01 - [TEST_STEP][PASSED] - Statement - If (ch_prev > ch): null

2018-03-20 09:27:01 - [TEST_STEP][PASSED] - Statement - el = wes.get(i): null

2018-03-20 09:27:01 - [TEST_STEP][PASSED] - Statement - el_prev = wes.get(i - 1): null

2018-03-20 09:27:01 - [TEST_STEP][PASSED] - Statement - text = el.getAttribute("innerHTML"): null

2018-03-20 09:27:01 - [TEST_STEP][PASSED] - Statement - text_prev = el_prev.getAttribute("innerHTML"): null

2018-03-20 09:27:01 - [TEST_STEP][PASSED] - Statement - text = text.replaceAll("ö", "o"): null

2018-03-20 09:27:01 - [TEST_STEP][PASSED] - Statement - text = text.replaceAll("Ö", "O"): null

2018-03-20 09:27:01 - [TEST_STEP][PASSED] - Statement - text_prev = text_prev.replaceAll("ö", "o"): null

2018-03-20 09:27:01 - [TEST_STEP][PASSED] - Statement - text_prev = text_prev.replaceAll("Ö", "O"): null

2018-03-20 09:27:01 - [TEST_STEP][PASSED] - Statement - text = text.replaceAll("ä", "a"): null

2018-03-20 09:27:01 - [TEST_STEP][PASSED] - Statement - text = text.replaceAll("Ä", "A"): null

2018-03-20 09:27:01 - [TEST_STEP][PASSED] - Statement - text_prev = text_prev.replaceAll("ä", "a"): null

2018-03-20 09:27:01 - [TEST_STEP][PASSED] - Statement - text_prev = text_prev.replaceAll("Ä", "A"): null

2018-03-20 09:27:01 - [TEST_STEP][PASSED] - Statement - text = text.replaceAll("ü", "u"): null

2018-03-20 09:27:01 - [TEST_STEP][PASSED] - Statement - text = text.replaceAll("Ü", "U"): null

2018-03-20 09:27:01 - [TEST_STEP][PASSED] - Statement - text_prev = text_prev.replaceAll("ü", "u"): null

2018-03-20 09:27:01 - [TEST_STEP][PASSED] - Statement - text_prev = text_prev.replaceAll("Ü", "U"): null

2018-03-20 09:27:01 - [TEST_STEP][PASSED] - Statement - ch = text.charAt(0): null

2018-03-20 09:27:01 - [TEST_STEP][PASSED] - Statement - ch_prev = el_prev.getAttribute("innerHTML").charAt(0): null

2018-03-20 09:27:01 - [TEST_STEP][PASSED] - Statement - If (ch_prev > ch): null

2018-03-20 09:27:01 - [TEST_STEP][PASSED] - Statement - Else If (ch_prev == ch): null

2018-03-20 09:27:01 - [TEST_STEP][PASSED] - Statement - ch = text.charAt(1): null

2018-03-20 09:27:01 - [TEST_STEP][PASSED] - Statement - ch_prev = text_prev.charAt(1): null

2018-03-20 09:27:01 - [TEST_STEP][PASSED] - Statement - If (ch_prev > ch): null

2018-03-20 09:27:01 - [TEST_STEP][PASSED] - Statement - Else If (ch_prev == ch): null

2018-03-20 09:27:01 - [TEST_STEP][PASSED] - Statement - ch = text.charAt(2): null

2018-03-20 09:27:01 - [TEST_STEP][PASSED] - Statement - ch_prev = text_prev.charAt(2): null

2018-03-20 09:27:01 - [TEST_STEP][PASSED] - Statement - If (ch_prev > ch): null

2018-03-20 09:27:01 - [TEST_STEP][PASSED] - Statement - el = wes.get(i): null

2018-03-20 09:27:01 - [TEST_STEP][PASSED] - Statement - el_prev = wes.get(i - 1): null

2018-03-20 09:27:01 - [TEST_STEP][PASSED] - Statement - text = el.getAttribute("innerHTML"): null

2018-03-20 09:27:01 - [TEST_STEP][PASSED] - Statement - text_prev = el_prev.getAttribute("innerHTML"): null

2018-03-20 09:27:01 - [TEST_STEP][PASSED] - Statement - text = text.replaceAll("ö", "o"): null

2018-03-20 09:27:01 - [TEST_STEP][PASSED] - Statement - text = text.replaceAll("Ö", "O"): null

2018-03-20 09:27:01 - [TEST_STEP][PASSED] - Statement - text_prev = text_prev.replaceAll("ö", "o"): null

2018-03-20 09:27:01 - [TEST_STEP][PASSED] - Statement - text_prev = text_prev.replaceAll("Ö", "O"): null

2018-03-20 09:27:01 - [TEST_STEP][PASSED] - Statement - text = text.replaceAll("ä", "a"): null

2018-03-20 09:27:01 - [TEST_STEP][PASSED] - Statement - text = text.replaceAll("Ä", "A"): null

2018-03-20 09:27:01 - [TEST_STEP][PASSED] - Statement - text_prev = text_prev.replaceAll("ä", "a"): null

2018-03-20 09:27:01 - [TEST_STEP][PASSED] - Statement - text_prev = text_prev.replaceAll("Ä", "A"): null

2018-03-20 09:27:01 - [TEST_STEP][PASSED] - Statement - text = text.replaceAll("ü", "u"): null

2018-03-20 09:27:01 - [TEST_STEP][PASSED] - Statement - text = text.replaceAll("Ü", "U"): null

2018-03-20 09:27:01 - [TEST_STEP][PASSED] - Statement - text_prev = text_prev.replaceAll("ü", "u"): null

2018-03-20 09:27:01 - [TEST_STEP][PASSED] - Statement - text_prev = text_prev.replaceAll("Ü", "U"): null

2018-03-20 09:27:01 - [TEST_STEP][PASSED] - Statement - ch = text.charAt(0): null

2018-03-20 09:27:01 - [TEST_STEP][PASSED] - Statement - ch_prev = el_prev.getAttribute("innerHTML").charAt(0): null

2018-03-20 09:27:01 - [TEST_STEP][PASSED] - Statement - If (ch_prev > ch): null

2018-03-20 09:27:01 - [TEST_STEP][PASSED] - Statement - Else If (ch_prev == ch): null

2018-03-20 09:27:01 - [TEST_STEP][PASSED] - Statement - ch = text.charAt(1): null

2018-03-20 09:27:01 - [TEST_STEP][PASSED] - Statement - ch_prev = text_prev.charAt(1): null

2018-03-20 09:27:01 - [TEST_STEP][PASSED] - Statement - If (ch_prev > ch): null

2018-03-20 09:27:01 - [TEST_STEP][PASSED] - Statement - Else If (ch_prev == ch): null

2018-03-20 09:27:01 - [TEST_STEP][PASSED] - Statement - ch = text.charAt(2): null

2018-03-20 09:27:01 - [TEST_STEP][PASSED] - Statement - ch_prev = text_prev.charAt(2): null

2018-03-20 09:27:01 - [TEST_STEP][PASSED] - Statement - If (ch_prev > ch): null

2018-03-20 09:27:01 - [TEST_STEP][PASSED] - Statement - el = wes.get(i): null

2018-03-20 09:27:01 - [TEST_STEP][PASSED] - Statement - el_prev = wes.get(i - 1): null

2018-03-20 09:27:01 - [TEST_STEP][PASSED] - Statement - text = el.getAttribute("innerHTML"): null

2018-03-20 09:27:01 - [TEST_STEP][PASSED] - Statement - text_prev = el_prev.getAttribute("innerHTML"): null

2018-03-20 09:27:01 - [TEST_STEP][PASSED] - Statement - text = text.replaceAll("ö", "o"): null

2018-03-20 09:27:01 - [TEST_STEP][PASSED] - Statement - text = text.replaceAll("Ö", "O"): null

2018-03-20 09:27:01 - [TEST_STEP][PASSED] - Statement - text_prev = text_prev.replaceAll("ö", "o"): null

2018-03-20 09:27:01 - [TEST_STEP][PASSED] - Statement - text_prev = text_prev.replaceAll("Ö", "O"): null

2018-03-20 09:27:01 - [TEST_STEP][PASSED] - Statement - text = text.replaceAll("ä", "a"): null

2018-03-20 09:27:01 - [TEST_STEP][PASSED] - Statement - text = text.replaceAll("Ä", "A"): null

2018-03-20 09:27:01 - [TEST_STEP][PASSED] - Statement - text_prev = text_prev.replaceAll("ä", "a"): null

2018-03-20 09:27:01 - [TEST_STEP][PASSED] - Statement - text_prev = text_prev.replaceAll("Ä", "A"): null

2018-03-20 09:27:01 - [TEST_STEP][PASSED] - Statement - text = text.replaceAll("ü", "u"): null

2018-03-20 09:27:01 - [TEST_STEP][PASSED] - Statement - text = text.replaceAll("Ü", "U"): null

2018-03-20 09:27:01 - [TEST_STEP][PASSED] - Statement - text_prev = text_prev.replaceAll("ü", "u"): null

2018-03-20 09:27:01 - [TEST_STEP][PASSED] - Statement - text_prev = text_prev.replaceAll("Ü", "U"): null

2018-03-20 09:27:01 - [TEST_STEP][PASSED] - Statement - ch = text.charAt(0): null

2018-03-20 09:27:01 - [TEST_STEP][PASSED] - Statement - ch_prev = el_prev.getAttribute("innerHTML").charAt(0): null

2018-03-20 09:27:01 - [TEST_STEP][PASSED] - Statement - If (ch_prev > ch): null

2018-03-20 09:27:01 - [TEST_STEP][PASSED] - Statement - Else If (ch_prev == ch): null

2018-03-20 09:27:01 - [TEST_STEP][PASSED] - Statement - ch = text.charAt(1): null

2018-03-20 09:27:01 - [TEST_STEP][PASSED] - Statement - ch_prev = text_prev.charAt(1): null

2018-03-20 09:27:01 - [TEST_STEP][PASSED] - Statement - If (ch_prev > ch): null

2018-03-20 09:27:01 - [TEST_STEP][PASSED] - Statement - el = wes.get(i): null

2018-03-20 09:27:01 - [TEST_STEP][PASSED] - Statement - el_prev = wes.get(i - 1): null

2018-03-20 09:27:01 - [TEST_STEP][PASSED] - Statement - text = el.getAttribute("innerHTML"): null

2018-03-20 09:27:01 - [TEST_STEP][PASSED] - Statement - text_prev = el_prev.getAttribute("innerHTML"): null

2018-03-20 09:27:01 - [TEST_STEP][PASSED] - Statement - text = text.replaceAll("ö", "o"): null

2018-03-20 09:27:01 - [TEST_STEP][PASSED] - Statement - text = text.replaceAll("Ö", "O"): null

2018-03-20 09:27:01 - [TEST_STEP][PASSED] - Statement - text_prev = text_prev.replaceAll("ö", "o"): null

2018-03-20 09:27:01 - [TEST_STEP][PASSED] - Statement - text_prev = text_prev.replaceAll("Ö", "O"): null

2018-03-20 09:27:01 - [TEST_STEP][PASSED] - Statement - text = text.replaceAll("ä", "a"): null

2018-03-20 09:27:01 - [TEST_STEP][PASSED] - Statement - text = text.replaceAll("Ä", "A"): null

2018-03-20 09:27:01 - [TEST_STEP][PASSED] - Statement - text_prev = text_prev.replaceAll("ä", "a"): null

2018-03-20 09:27:01 - [TEST_STEP][PASSED] - Statement - text_prev = text_prev.replaceAll("Ä", "A"): null

2018-03-20 09:27:01 - [TEST_STEP][PASSED] - Statement - text = text.replaceAll("ü", "u"): null

2018-03-20 09:27:01 - [TEST_STEP][PASSED] - Statement - text = text.replaceAll("Ü", "U"): null

2018-03-20 09:27:01 - [TEST_STEP][PASSED] - Statement - text_prev = text_prev.replaceAll("ü", "u"): null

2018-03-20 09:27:01 - [TEST_STEP][PASSED] - Statement - text_prev = text_prev.replaceAll("Ü", "U"): null

2018-03-20 09:27:01 - [TEST_STEP][PASSED] - Statement - ch = text.charAt(0): null

2018-03-20 09:27:01 - [TEST_STEP][PASSED] - Statement - ch_prev = el_prev.getAttribute("innerHTML").charAt(0): null

2018-03-20 09:27:01 - [TEST_STEP][PASSED] - Statement - If (ch_prev > ch): null

2018-03-20 09:27:01 - [TEST_STEP][PASSED] - Statement - Else If (ch_prev == ch): null

2018-03-20 09:27:01 - [TEST_STEP][PASSED] - Statement - ch = text.charAt(1): null

2018-03-20 09:27:01 - [TEST_STEP][PASSED] - Statement - ch_prev = text_prev.charAt(1): null

2018-03-20 09:27:01 - [TEST_STEP][PASSED] - Statement - If (ch_prev > ch): null

2018-03-20 09:27:01 - [TEST_STEP][PASSED] - Statement - el = wes.get(i): null

2018-03-20 09:27:01 - [TEST_STEP][PASSED] - Statement - el_prev = wes.get(i - 1): null

2018-03-20 09:27:01 - [TEST_STEP][PASSED] - Statement - text = el.getAttribute("innerHTML"): null

2018-03-20 09:27:01 - [TEST_STEP][PASSED] - Statement - text_prev = el_prev.getAttribute("innerHTML"): null

2018-03-20 09:27:01 - [TEST_STEP][PASSED] - Statement - text = text.replaceAll("ö", "o"): null

2018-03-20 09:27:01 - [TEST_STEP][PASSED] - Statement - text = text.replaceAll("Ö", "O"): null

2018-03-20 09:27:01 - [TEST_STEP][PASSED] - Statement - text_prev = text_prev.replaceAll("ö", "o"): null

2018-03-20 09:27:01 - [TEST_STEP][PASSED] - Statement - text_prev = text_prev.replaceAll("Ö", "O"): null

2018-03-20 09:27:01 - [TEST_STEP][PASSED] - Statement - text = text.replaceAll("ä", "a"): null

2018-03-20 09:27:01 - [TEST_STEP][PASSED] - Statement - text = text.replaceAll("Ä", "A"): null

2018-03-20 09:27:01 - [TEST_STEP][PASSED] - Statement - text_prev = text_prev.replaceAll("ä", "a"): null

2018-03-20 09:27:01 - [TEST_STEP][PASSED] - Statement - text_prev = text_prev.replaceAll("Ä", "A"): null

2018-03-20 09:27:01 - [TEST_STEP][PASSED] - Statement - text = text.replaceAll("ü", "u"): null

2018-03-20 09:27:01 - [TEST_STEP][PASSED] - Statement - text = text.replaceAll("Ü", "U"): null

2018-03-20 09:27:01 - [TEST_STEP][PASSED] - Statement - text_prev = text_prev.replaceAll("ü", "u"): null

2018-03-20 09:27:01 - [TEST_STEP][PASSED] - Statement - text_prev = text_prev.replaceAll("Ü", "U"): null

2018-03-20 09:27:01 - [TEST_STEP][PASSED] - Statement - ch = text.charAt(0): null

2018-03-20 09:27:01 - [TEST_STEP][PASSED] - Statement - ch_prev = el_prev.getAttribute("innerHTML").charAt(0): null

2018-03-20 09:27:01 - [TEST_STEP][PASSED] - Statement - If (ch_prev > ch): null

2018-03-20 09:27:01 - [TEST_STEP][PASSED] - Statement - el = wes.get(i): null

2018-03-20 09:27:01 - [TEST_STEP][PASSED] - Statement - el_prev = wes.get(i - 1): null

2018-03-20 09:27:01 - [TEST_STEP][PASSED] - Statement - text = el.getAttribute("innerHTML"): null

2018-03-20 09:27:01 - [TEST_STEP][PASSED] - Statement - text_prev = el_prev.getAttribute("innerHTML"): null

2018-03-20 09:27:01 - [TEST_STEP][PASSED] - Statement - text = text.replaceAll("ö", "o"): null

2018-03-20 09:27:01 - [TEST_STEP][PASSED] - Statement - text = text.replaceAll("Ö", "O"): null

2018-03-20 09:27:01 - [TEST_STEP][PASSED] - Statement - text_prev = text_prev.replaceAll("ö", "o"): null

2018-03-20 09:27:01 - [TEST_STEP][PASSED] - Statement - text_prev = text_prev.replaceAll("Ö", "O"): null

2018-03-20 09:27:01 - [TEST_STEP][PASSED] - Statement - text = text.replaceAll("ä", "a"): null

2018-03-20 09:27:01 - [TEST_STEP][PASSED] - Statement - text = text.replaceAll("Ä", "A"): null

2018-03-20 09:27:01 - [TEST_STEP][PASSED] - Statement - text_prev = text_prev.replaceAll("ä", "a"): null

2018-03-20 09:27:01 - [TEST_STEP][PASSED] - Statement - text_prev = text_prev.replaceAll("Ä", "A"): null

2018-03-20 09:27:01 - [TEST_STEP][PASSED] - Statement - text = text.replaceAll("ü", "u"): null

2018-03-20 09:27:01 - [TEST_STEP][PASSED] - Statement - text = text.replaceAll("Ü", "U"): null

2018-03-20 09:27:01 - [TEST_STEP][PASSED] - Statement - text_prev = text_prev.replaceAll("ü", "u"): null

2018-03-20 09:27:01 - [TEST_STEP][PASSED] - Statement - text_prev = text_prev.replaceAll("Ü", "U"): null

2018-03-20 09:27:01 - [TEST_STEP][PASSED] - Statement - ch = text.charAt(0): null

2018-03-20 09:27:01 - [TEST_STEP][PASSED] - Statement - ch_prev = el_prev.getAttribute("innerHTML").charAt(0): null

2018-03-20 09:27:01 - [TEST_STEP][PASSED] - Statement - If (ch_prev > ch): null

2018-03-20 09:27:01 - [TEST_STEP][PASSED] - Statement - el = wes.get(i): null

2018-03-20 09:27:01 - [TEST_STEP][PASSED] - Statement - el_prev = wes.get(i - 1): null

2018-03-20 09:27:01 - [TEST_STEP][PASSED] - Statement - text = el.getAttribute("innerHTML"): null

2018-03-20 09:27:01 - [TEST_STEP][PASSED] - Statement - text_prev = el_prev.getAttribute("innerHTML"): null

2018-03-20 09:27:01 - [TEST_STEP][PASSED] - Statement - text = text.replaceAll("ö", "o"): null

2018-03-20 09:27:01 - [TEST_STEP][PASSED] - Statement - text = text.replaceAll("Ö", "O"): null

2018-03-20 09:27:01 - [TEST_STEP][PASSED] - Statement - text_prev = text_prev.replaceAll("ö", "o"): null

2018-03-20 09:27:01 - [TEST_STEP][PASSED] - Statement - text_prev = text_prev.replaceAll("Ö", "O"): null

2018-03-20 09:27:01 - [TEST_STEP][PASSED] - Statement - text = text.replaceAll("ä", "a"): null

2018-03-20 09:27:01 - [TEST_STEP][PASSED] - Statement - text = text.replaceAll("Ä", "A"): null

2018-03-20 09:27:01 - [TEST_STEP][PASSED] - Statement - text_prev = text_prev.replaceAll("ä", "a"): null

2018-03-20 09:27:01 - [TEST_STEP][PASSED] - Statement - text_prev = text_prev.replaceAll("Ä", "A"): null

2018-03-20 09:27:01 - [TEST_STEP][PASSED] - Statement - text = text.replaceAll("ü", "u"): null

2018-03-20 09:27:01 - [TEST_STEP][PASSED] - Statement - text = text.replaceAll("Ü", "U"): null

2018-03-20 09:27:01 - [TEST_STEP][PASSED] - Statement - text_prev = text_prev.replaceAll("ü", "u"): null

2018-03-20 09:27:01 - [TEST_STEP][PASSED] - Statement - text_prev = text_prev.replaceAll("Ü", "U"): null

2018-03-20 09:27:01 - [TEST_STEP][PASSED] - Statement - ch = text.charAt(0): null

2018-03-20 09:27:01 - [TEST_STEP][PASSED] - Statement - ch_prev = el_prev.getAttribute("innerHTML").charAt(0): null

2018-03-20 09:27:01 - [TEST_STEP][PASSED] - Statement - If (ch_prev > ch): null

2018-03-20 09:27:01 - [TEST_STEP][PASSED] - Statement - Else If (ch_prev == ch): null

2018-03-20 09:27:01 - [TEST_STEP][PASSED] - Statement - ch = text.charAt(1): null

2018-03-20 09:27:01 - [TEST_STEP][PASSED] - Statement - ch_prev = text_prev.charAt(1): null

2018-03-20 09:27:01 - [TEST_STEP][PASSED] - Statement - If (ch_prev > ch): null

2018-03-20 09:27:01 - [TEST_STEP][PASSED] - Statement - el = wes.get(i): null

2018-03-20 09:27:01 - [TEST_STEP][PASSED] - Statement - el_prev = wes.get(i - 1): null

2018-03-20 09:27:01 - [TEST_STEP][PASSED] - Statement - text = el.getAttribute("innerHTML"): null

2018-03-20 09:27:01 - [TEST_STEP][PASSED] - Statement - text_prev = el_prev.getAttribute("innerHTML"): null

2018-03-20 09:27:01 - [TEST_STEP][PASSED] - Statement - text = text.replaceAll("ö", "o"): null

2018-03-20 09:27:01 - [TEST_STEP][PASSED] - Statement - text = text.replaceAll("Ö", "O"): null

2018-03-20 09:27:01 - [TEST_STEP][PASSED] - Statement - text_prev = text_prev.replaceAll("ö", "o"): null

2018-03-20 09:27:01 - [TEST_STEP][PASSED] - Statement - text_prev = text_prev.replaceAll("Ö", "O"): null

2018-03-20 09:27:01 - [TEST_STEP][PASSED] - Statement - text = text.replaceAll("ä", "a"): null

2018-03-20 09:27:01 - [TEST_STEP][PASSED] - Statement - text = text.replaceAll("Ä", "A"): null

2018-03-20 09:27:01 - [TEST_STEP][PASSED] - Statement - text_prev = text_prev.replaceAll("ä", "a"): null

2018-03-20 09:27:01 - [TEST_STEP][PASSED] - Statement - text_prev = text_prev.replaceAll("Ä", "A"): null

2018-03-20 09:27:01 - [TEST_STEP][PASSED] - Statement - text = text.replaceAll("ü", "u"): null

2018-03-20 09:27:01 - [TEST_STEP][PASSED] - Statement - text = text.replaceAll("Ü", "U"): null

2018-03-20 09:27:01 - [TEST_STEP][PASSED] - Statement - text_prev = text_prev.replaceAll("ü", "u"): null

2018-03-20 09:27:01 - [TEST_STEP][PASSED] - Statement - text_prev = text_prev.replaceAll("Ü", "U"): null

2018-03-20 09:27:01 - [TEST_STEP][PASSED] - Statement - ch = text.charAt(0): null

2018-03-20 09:27:01 - [TEST_STEP][PASSED] - Statement - ch_prev = el_prev.getAttribute("innerHTML").charAt(0): null

2018-03-20 09:27:01 - [TEST_STEP][PASSED] - Statement - If (ch_prev > ch): null

2018-03-20 09:27:01 - [TEST_STEP][PASSED] - Statement - el = wes.get(i): null

2018-03-20 09:27:01 - [TEST_STEP][PASSED] - Statement - el_prev = wes.get(i - 1): null

2018-03-20 09:27:01 - [TEST_STEP][PASSED] - Statement - text = el.getAttribute("innerHTML"): null

2018-03-20 09:27:01 - [TEST_STEP][PASSED] - Statement - text_prev = el_prev.getAttribute("innerHTML"): null

2018-03-20 09:27:01 - [TEST_STEP][PASSED] - Statement - text = text.replaceAll("ö", "o"): null

2018-03-20 09:27:01 - [TEST_STEP][PASSED] - Statement - text = text.replaceAll("Ö", "O"): null

2018-03-20 09:27:01 - [TEST_STEP][PASSED] - Statement - text_prev = text_prev.replaceAll("ö", "o"): null

2018-03-20 09:27:01 - [TEST_STEP][PASSED] - Statement - text_prev = text_prev.replaceAll("Ö", "O"): null

2018-03-20 09:27:01 - [TEST_STEP][PASSED] - Statement - text = text.replaceAll("ä", "a"): null

2018-03-20 09:27:01 - [TEST_STEP][PASSED] - Statement - text = text.replaceAll("Ä", "A"): null

2018-03-20 09:27:01 - [TEST_STEP][PASSED] - Statement - text_prev = text_prev.replaceAll("ä", "a"): null

2018-03-20 09:27:01 - [TEST_STEP][PASSED] - Statement - text_prev = text_prev.replaceAll("Ä", "A"): null

2018-03-20 09:27:01 - [TEST_STEP][PASSED] - Statement - text = text.replaceAll("ü", "u"): null

2018-03-20 09:27:01 - [TEST_STEP][PASSED] - Statement - text = text.replaceAll("Ü", "U"): null

2018-03-20 09:27:01 - [TEST_STEP][PASSED] - Statement - text_prev = text_prev.replaceAll("ü", "u"): null

2018-03-20 09:27:01 - [TEST_STEP][PASSED] - Statement - text_prev = text_prev.replaceAll("Ü", "U"): null

2018-03-20 09:27:01 - [TEST_STEP][PASSED] - Statement - ch = text.charAt(0): null

2018-03-20 09:27:01 - [TEST_STEP][PASSED] - Statement - ch_prev = el_prev.getAttribute("innerHTML").charAt(0): null

2018-03-20 09:27:02 - [TEST_STEP][PASSED] - Statement - If (ch_prev > ch): null

2018-03-20 09:27:02 - [TEST_STEP][PASSED] - Statement - Else If (ch_prev == ch): null

2018-03-20 09:27:02 - [TEST_STEP][PASSED] - Statement - ch = text.charAt(1): null

2018-03-20 09:27:02 - [TEST_STEP][PASSED] - Statement - ch_prev = text_prev.charAt(1): null

2018-03-20 09:27:02 - [TEST_STEP][PASSED] - Statement - If (ch_prev > ch): null

2018-03-20 09:27:02 - [TEST_STEP][PASSED] - Statement - el = wes.get(i): null

2018-03-20 09:27:02 - [TEST_STEP][PASSED] - Statement - el_prev = wes.get(i - 1): null

2018-03-20 09:27:02 - [TEST_STEP][PASSED] - Statement - text = el.getAttribute("innerHTML"): null

2018-03-20 09:27:02 - [TEST_STEP][PASSED] - Statement - text_prev = el_prev.getAttribute("innerHTML"): null

2018-03-20 09:27:02 - [TEST_STEP][PASSED] - Statement - text = text.replaceAll("ö", "o"): null

2018-03-20 09:27:02 - [TEST_STEP][PASSED] - Statement - text = text.replaceAll("Ö", "O"): null

2018-03-20 09:27:02 - [TEST_STEP][PASSED] - Statement - text_prev = text_prev.replaceAll("ö", "o"): null

2018-03-20 09:27:02 - [TEST_STEP][PASSED] - Statement - text_prev = text_prev.replaceAll("Ö", "O"): null

2018-03-20 09:27:02 - [TEST_STEP][PASSED] - Statement - text = text.replaceAll("ä", "a"): null

2018-03-20 09:27:02 - [TEST_STEP][PASSED] - Statement - text = text.replaceAll("Ä", "A"): null

2018-03-20 09:27:02 - [TEST_STEP][PASSED] - Statement - text_prev = text_prev.replaceAll("ä", "a"): null

2018-03-20 09:27:02 - [TEST_STEP][PASSED] - Statement - text_prev = text_prev.replaceAll("Ä", "A"): null

2018-03-20 09:27:02 - [TEST_STEP][PASSED] - Statement - text = text.replaceAll("ü", "u"): null

2018-03-20 09:27:02 - [TEST_STEP][PASSED] - Statement - text = text.replaceAll("Ü", "U"): null

2018-03-20 09:27:02 - [TEST_STEP][PASSED] - Statement - text_prev = text_prev.replaceAll("ü", "u"): null

2018-03-20 09:27:02 - [TEST_STEP][PASSED] - Statement - text_prev = text_prev.replaceAll("Ü", "U"): null

2018-03-20 09:27:02 - [TEST_STEP][PASSED] - Statement - ch = text.charAt(0): null

2018-03-20 09:27:02 - [TEST_STEP][PASSED] - Statement - ch_prev = el_prev.getAttribute("innerHTML").charAt(0): null

2018-03-20 09:27:02 - [TEST_STEP][PASSED] - Statement - If (ch_prev > ch): null

2018-03-20 09:27:02 - [TEST_STEP][PASSED] - Statement - Else If (ch_prev == ch): null

2018-03-20 09:27:02 - [TEST_STEP][PASSED] - Statement - ch = text.charAt(1): null

2018-03-20 09:27:02 - [TEST_STEP][PASSED] - Statement - ch_prev = text_prev.charAt(1): null

2018-03-20 09:27:02 - [TEST_STEP][PASSED] - Statement - If (ch_prev > ch): null

2018-03-20 09:27:02 - [TEST_STEP][PASSED] - Statement - Else If (ch_prev == ch): null

2018-03-20 09:27:02 - [TEST_STEP][PASSED] - Statement - ch = text.charAt(2): null

2018-03-20 09:27:02 - [TEST_STEP][PASSED] - Statement - ch_prev = text_prev.charAt(2): null

2018-03-20 09:27:02 - [TEST_STEP][PASSED] - Statement - If (ch_prev > ch): null

2018-03-20 09:27:02 - [TEST_STEP][PASSED] - Statement - el = wes.get(i): null

2018-03-20 09:27:02 - [TEST_STEP][PASSED] - Statement - el_prev = wes.get(i - 1): null

2018-03-20 09:27:02 - [TEST_STEP][PASSED] - Statement - text = el.getAttribute("innerHTML"): null

2018-03-20 09:27:02 - [TEST_STEP][PASSED] - Statement - text_prev = el_prev.getAttribute("innerHTML"): null

2018-03-20 09:27:02 - [TEST_STEP][PASSED] - Statement - text = text.replaceAll("ö", "o"): null

2018-03-20 09:27:02 - [TEST_STEP][PASSED] - Statement - text = text.replaceAll("Ö", "O"): null

2018-03-20 09:27:02 - [TEST_STEP][PASSED] - Statement - text_prev = text_prev.replaceAll("ö", "o"): null

2018-03-20 09:27:02 - [TEST_STEP][PASSED] - Statement - text_prev = text_prev.replaceAll("Ö", "O"): null

2018-03-20 09:27:02 - [TEST_STEP][PASSED] - Statement - text = text.replaceAll("ä", "a"): null

2018-03-20 09:27:02 - [TEST_STEP][PASSED] - Statement - text = text.replaceAll("Ä", "A"): null

2018-03-20 09:27:02 - [TEST_STEP][PASSED] - Statement - text_prev = text_prev.replaceAll("ä", "a"): null

2018-03-20 09:27:02 - [TEST_STEP][PASSED] - Statement - text_prev = text_prev.replaceAll("Ä", "A"): null

2018-03-20 09:27:02 - [TEST_STEP][PASSED] - Statement - text = text.replaceAll("ü", "u"): null

2018-03-20 09:27:02 - [TEST_STEP][PASSED] - Statement - text = text.replaceAll("Ü", "U"): null

2018-03-20 09:27:02 - [TEST_STEP][PASSED] - Statement - text_prev = text_prev.replaceAll("ü", "u"): null

2018-03-20 09:27:02 - [TEST_STEP][PASSED] - Statement - text_prev = text_prev.replaceAll("Ü", "U"): null

2018-03-20 09:27:02 - [TEST_STEP][PASSED] - Statement - ch = text.charAt(0): null

2018-03-20 09:27:02 - [TEST_STEP][PASSED] - Statement - ch_prev = el_prev.getAttribute("innerHTML").charAt(0): null

2018-03-20 09:27:02 - [TEST_STEP][PASSED] - Statement - If (ch_prev > ch): null

2018-03-20 09:27:02 - [TEST_STEP][PASSED] - Statement - Else If (ch_prev == ch): null

2018-03-20 09:27:02 - [TEST_STEP][PASSED] - Statement - ch = text.charAt(1): null

2018-03-20 09:27:02 - [TEST_STEP][PASSED] - Statement - ch_prev = text_prev.charAt(1): null

2018-03-20 09:27:02 - [TEST_STEP][PASSED] - Statement - If (ch_prev > ch): null

2018-03-20 09:27:02 - [TEST_STEP][PASSED] - Statement - el = wes.get(i): null

2018-03-20 09:27:02 - [TEST_STEP][PASSED] - Statement - el_prev = wes.get(i - 1): null

2018-03-20 09:27:02 - [TEST_STEP][PASSED] - Statement - text = el.getAttribute("innerHTML"): null

2018-03-20 09:27:02 - [TEST_STEP][PASSED] - Statement - text_prev = el_prev.getAttribute("innerHTML"): null

2018-03-20 09:27:02 - [TEST_STEP][PASSED] - Statement - text = text.replaceAll("ö", "o"): null

2018-03-20 09:27:02 - [TEST_STEP][PASSED] - Statement - text = text.replaceAll("Ö", "O"): null

2018-03-20 09:27:02 - [TEST_STEP][PASSED] - Statement - text_prev = text_prev.replaceAll("ö", "o"): null

2018-03-20 09:27:02 - [TEST_STEP][PASSED] - Statement - text_prev = text_prev.replaceAll("Ö", "O"): null

2018-03-20 09:27:02 - [TEST_STEP][PASSED] - Statement - text = text.replaceAll("ä", "a"): null

2018-03-20 09:27:02 - [TEST_STEP][PASSED] - Statement - text = text.replaceAll("Ä", "A"): null

2018-03-20 09:27:02 - [TEST_STEP][PASSED] - Statement - text_prev = text_prev.replaceAll("ä", "a"): null

2018-03-20 09:27:02 - [TEST_STEP][PASSED] - Statement - text_prev = text_prev.replaceAll("Ä", "A"): null

2018-03-20 09:27:02 - [TEST_STEP][PASSED] - Statement - text = text.replaceAll("ü", "u"): null

2018-03-20 09:27:02 - [TEST_STEP][PASSED] - Statement - text = text.replaceAll("Ü", "U"): null

2018-03-20 09:27:02 - [TEST_STEP][PASSED] - Statement - text_prev = text_prev.replaceAll("ü", "u"): null

2018-03-20 09:27:02 - [TEST_STEP][PASSED] - Statement - text_prev = text_prev.replaceAll("Ü", "U"): null

2018-03-20 09:27:02 - [TEST_STEP][PASSED] - Statement - ch = text.charAt(0): null

2018-03-20 09:27:02 - [TEST_STEP][PASSED] - Statement - ch_prev = el_prev.getAttribute("innerHTML").charAt(0): null

2018-03-20 09:27:02 - [TEST_STEP][PASSED] - Statement - If (ch_prev > ch): null

2018-03-20 09:27:02 - [TEST_STEP][PASSED] - Statement - el = wes.get(i): null

2018-03-20 09:27:02 - [TEST_STEP][PASSED] - Statement - el_prev = wes.get(i - 1): null

2018-03-20 09:27:02 - [TEST_STEP][PASSED] - Statement - text = el.getAttribute("innerHTML"): null

2018-03-20 09:27:02 - [TEST_STEP][PASSED] - Statement - text_prev = el_prev.getAttribute("innerHTML"): null

2018-03-20 09:27:02 - [TEST_STEP][PASSED] - Statement - text = text.replaceAll("ö", "o"): null

2018-03-20 09:27:02 - [TEST_STEP][PASSED] - Statement - text = text.replaceAll("Ö", "O"): null

2018-03-20 09:27:02 - [TEST_STEP][PASSED] - Statement - text_prev = text_prev.replaceAll("ö", "o"): null

2018-03-20 09:27:02 - [TEST_STEP][PASSED] - Statement - text_prev = text_prev.replaceAll("Ö", "O"): null

2018-03-20 09:27:02 - [TEST_STEP][PASSED] - Statement - text = text.replaceAll("ä", "a"): null

2018-03-20 09:27:02 - [TEST_STEP][PASSED] - Statement - text = text.replaceAll("Ä", "A"): null

2018-03-20 09:27:02 - [TEST_STEP][PASSED] - Statement - text_prev = text_prev.replaceAll("ä", "a"): null

2018-03-20 09:27:02 - [TEST_STEP][PASSED] - Statement - text_prev = text_prev.replaceAll("Ä", "A"): null

2018-03-20 09:27:02 - [TEST_STEP][PASSED] - Statement - text = text.replaceAll("ü", "u"): null

2018-03-20 09:27:02 - [TEST_STEP][PASSED] - Statement - text = text.replaceAll("Ü", "U"): null

2018-03-20 09:27:02 - [TEST_STEP][PASSED] - Statement - text_prev = text_prev.replaceAll("ü", "u"): null

2018-03-20 09:27:02 - [TEST_STEP][PASSED] - Statement - text_prev = text_prev.replaceAll("Ü", "U"): null

2018-03-20 09:27:02 - [TEST_STEP][PASSED] - Statement - ch = text.charAt(0): null

2018-03-20 09:27:02 - [TEST_STEP][PASSED] - Statement - ch_prev = el_prev.getAttribute("innerHTML").charAt(0): null

2018-03-20 09:27:02 - [TEST_STEP][PASSED] - Statement - If (ch_prev > ch): null

2018-03-20 09:27:02 - [TEST_STEP][PASSED] - Statement - Else If (ch_prev == ch): null

2018-03-20 09:27:02 - [TEST_STEP][PASSED] - Statement - ch = text.charAt(1): null

2018-03-20 09:27:02 - [TEST_STEP][PASSED] - Statement - ch_prev = text_prev.charAt(1): null

2018-03-20 09:27:02 - [TEST_STEP][PASSED] - Statement - If (ch_prev > ch): null

2018-03-20 09:27:02 - [TEST_STEP][PASSED] - Statement - Else If (ch_prev == ch): null

2018-03-20 09:27:02 - [TEST_STEP][PASSED] - Statement - ch = text.charAt(2): null

2018-03-20 09:27:02 - [TEST_STEP][PASSED] - Statement - ch_prev = text_prev.charAt(2): null

2018-03-20 09:27:02 - [TEST_STEP][PASSED] - Statement - If (ch_prev > ch): null

2018-03-20 09:27:02 - [TEST_STEP][PASSED] - Statement - el = wes.get(i): null

2018-03-20 09:27:02 - [TEST_STEP][PASSED] - Statement - el_prev = wes.get(i - 1): null

2018-03-20 09:27:02 - [TEST_STEP][PASSED] - Statement - text = el.getAttribute("innerHTML"): null

2018-03-20 09:27:02 - [TEST_STEP][PASSED] - Statement - text_prev = el_prev.getAttribute("innerHTML"): null

2018-03-20 09:27:02 - [TEST_STEP][PASSED] - Statement - text = text.replaceAll("ö", "o"): null

2018-03-20 09:27:02 - [TEST_STEP][PASSED] - Statement - text = text.replaceAll("Ö", "O"): null

2018-03-20 09:27:02 - [TEST_STEP][PASSED] - Statement - text_prev = text_prev.replaceAll("ö", "o"): null

2018-03-20 09:27:02 - [TEST_STEP][PASSED] - Statement - text_prev = text_prev.replaceAll("Ö", "O"): null

2018-03-20 09:27:02 - [TEST_STEP][PASSED] - Statement - text = text.replaceAll("ä", "a"): null

2018-03-20 09:27:02 - [TEST_STEP][PASSED] - Statement - text = text.replaceAll("Ä", "A"): null

2018-03-20 09:27:02 - [TEST_STEP][PASSED] - Statement - text_prev = text_prev.replaceAll("ä", "a"): null

2018-03-20 09:27:02 - [TEST_STEP][PASSED] - Statement - text_prev = text_prev.replaceAll("Ä", "A"): null

2018-03-20 09:27:02 - [TEST_STEP][PASSED] - Statement - text = text.replaceAll("ü", "u"): null

2018-03-20 09:27:02 - [TEST_STEP][PASSED] - Statement - text = text.replaceAll("Ü", "U"): null

2018-03-20 09:27:02 - [TEST_STEP][PASSED] - Statement - text_prev = text_prev.replaceAll("ü", "u"): null

2018-03-20 09:27:02 - [TEST_STEP][PASSED] - Statement - text_prev = text_prev.replaceAll("Ü", "U"): null

2018-03-20 09:27:02 - [TEST_STEP][PASSED] - Statement - ch = text.charAt(0): null

2018-03-20 09:27:02 - [TEST_STEP][PASSED] - Statement - ch_prev = el_prev.getAttribute("innerHTML").charAt(0): null

2018-03-20 09:27:02 - [TEST_STEP][PASSED] - Statement - If (ch_prev > ch): null

2018-03-20 09:27:02 - [TEST_STEP][PASSED] - Statement - el = wes.get(i): null

2018-03-20 09:27:02 - [TEST_STEP][PASSED] - Statement - el_prev = wes.get(i - 1): null

2018-03-20 09:27:02 - [TEST_STEP][PASSED] - Statement - text = el.getAttribute("innerHTML"): null

2018-03-20 09:27:02 - [TEST_STEP][PASSED] - Statement - text_prev = el_prev.getAttribute("innerHTML"): null

2018-03-20 09:27:02 - [TEST_STEP][PASSED] - Statement - text = text.replaceAll("ö", "o"): null

2018-03-20 09:27:02 - [TEST_STEP][PASSED] - Statement - text = text.replaceAll("Ö", "O"): null

2018-03-20 09:27:02 - [TEST_STEP][PASSED] - Statement - text_prev = text_prev.replaceAll("ö", "o"): null

2018-03-20 09:27:02 - [TEST_STEP][PASSED] - Statement - text_prev = text_prev.replaceAll("Ö", "O"): null

2018-03-20 09:27:02 - [TEST_STEP][PASSED] - Statement - text = text.replaceAll("ä", "a"): null

2018-03-20 09:27:02 - [TEST_STEP][PASSED] - Statement - text = text.replaceAll("Ä", "A"): null

2018-03-20 09:27:02 - [TEST_STEP][PASSED] - Statement - text_prev = text_prev.replaceAll("ä", "a"): null

2018-03-20 09:27:02 - [TEST_STEP][PASSED] - Statement - text_prev = text_prev.replaceAll("Ä", "A"): null

2018-03-20 09:27:02 - [TEST_STEP][PASSED] - Statement - text = text.replaceAll("ü", "u"): null

2018-03-20 09:27:02 - [TEST_STEP][PASSED] - Statement - text = text.replaceAll("Ü", "U"): null

2018-03-20 09:27:02 - [TEST_STEP][PASSED] - Statement - text_prev = text_prev.replaceAll("ü", "u"): null

2018-03-20 09:27:02 - [TEST_STEP][PASSED] - Statement - text_prev = text_prev.replaceAll("Ü", "U"): null

2018-03-20 09:27:02 - [TEST_STEP][PASSED] - Statement - ch = text.charAt(0): null

2018-03-20 09:27:02 - [TEST_STEP][PASSED] - Statement - ch_prev = el_prev.getAttribute("innerHTML").charAt(0): null

2018-03-20 09:27:02 - [TEST_STEP][PASSED] - Statement - If (ch_prev > ch): null

2018-03-20 09:27:02 - [TEST_STEP][PASSED] - Statement - Else If (ch_prev == ch): null

2018-03-20 09:27:02 - [TEST_STEP][PASSED] - Statement - ch = text.charAt(1): null

2018-03-20 09:27:02 - [TEST_STEP][PASSED] - Statement - ch_prev = text_prev.charAt(1): null

2018-03-20 09:27:02 - [TEST_STEP][PASSED] - Statement - If (ch_prev > ch): null

2018-03-20 09:27:02 - [TEST_STEP][PASSED] - Statement - Else If (ch_prev == ch): null

2018-03-20 09:27:02 - [TEST_STEP][PASSED] - Statement - ch = text.charAt(2): null

2018-03-20 09:27:02 - [TEST_STEP][PASSED] - Statement - ch_prev = text_prev.charAt(2): null

2018-03-20 09:27:02 - [TEST_STEP][PASSED] - Statement - If (ch_prev > ch): null

2018-03-20 09:27:02 - [TEST_STEP][PASSED] - Statement - el = wes.get(i): null

2018-03-20 09:27:02 - [TEST_STEP][PASSED] - Statement - el_prev = wes.get(i - 1): null

2018-03-20 09:27:02 - [TEST_STEP][PASSED] - Statement - text = el.getAttribute("innerHTML"): null

2018-03-20 09:27:02 - [TEST_STEP][PASSED] - Statement - text_prev = el_prev.getAttribute("innerHTML"): null

2018-03-20 09:27:02 - [TEST_STEP][PASSED] - Statement - text = text.replaceAll("ö", "o"): null

2018-03-20 09:27:02 - [TEST_STEP][PASSED] - Statement - text = text.replaceAll("Ö", "O"): null

2018-03-20 09:27:02 - [TEST_STEP][PASSED] - Statement - text_prev = text_prev.replaceAll("ö", "o"): null

2018-03-20 09:27:02 - [TEST_STEP][PASSED] - Statement - text_prev = text_prev.replaceAll("Ö", "O"): null

2018-03-20 09:27:02 - [TEST_STEP][PASSED] - Statement - text = text.replaceAll("ä", "a"): null

2018-03-20 09:27:02 - [TEST_STEP][PASSED] - Statement - text = text.replaceAll("Ä", "A"): null

2018-03-20 09:27:02 - [TEST_STEP][PASSED] - Statement - text_prev = text_prev.replaceAll("ä", "a"): null

2018-03-20 09:27:02 - [TEST_STEP][PASSED] - Statement - text_prev = text_prev.replaceAll("Ä", "A"): null

2018-03-20 09:27:02 - [TEST_STEP][PASSED] - Statement - text = text.replaceAll("ü", "u"): null

2018-03-20 09:27:02 - [TEST_STEP][PASSED] - Statement - text = text.replaceAll("Ü", "U"): null

2018-03-20 09:27:02 - [TEST_STEP][PASSED] - Statement - text_prev = text_prev.replaceAll("ü", "u"): null

2018-03-20 09:27:02 - [TEST_STEP][PASSED] - Statement - text_prev = text_prev.replaceAll("Ü", "U"): null

2018-03-20 09:27:02 - [TEST_STEP][PASSED] - Statement - ch = text.charAt(0): null

2018-03-20 09:27:02 - [TEST_STEP][PASSED] - Statement - ch_prev = el_prev.getAttribute("innerHTML").charAt(0): null

2018-03-20 09:27:02 - [TEST_STEP][PASSED] - Statement - If (ch_prev > ch): null

2018-03-20 09:27:02 - [TEST_STEP][PASSED] - Statement - Else If (ch_prev == ch): null

2018-03-20 09:27:02 - [TEST_STEP][PASSED] - Statement - ch = text.charAt(1): null

2018-03-20 09:27:02 - [TEST_STEP][PASSED] - Statement - ch_prev = text_prev.charAt(1): null

2018-03-20 09:27:02 - [TEST_STEP][PASSED] - Statement - If (ch_prev > ch): null

2018-03-20 09:27:02 - [TEST_STEP][PASSED] - Statement - el = wes.get(i): null

2018-03-20 09:27:02 - [TEST_STEP][PASSED] - Statement - el_prev = wes.get(i - 1): null

2018-03-20 09:27:02 - [TEST_STEP][PASSED] - Statement - text = el.getAttribute("innerHTML"): null

2018-03-20 09:27:02 - [TEST_STEP][PASSED] - Statement - text_prev = el_prev.getAttribute("innerHTML"): null

2018-03-20 09:27:02 - [TEST_STEP][PASSED] - Statement - text = text.replaceAll("ö", "o"): null

2018-03-20 09:27:02 - [TEST_STEP][PASSED] - Statement - text = text.replaceAll("Ö", "O"): null

2018-03-20 09:27:02 - [TEST_STEP][PASSED] - Statement - text_prev = text_prev.replaceAll("ö", "o"): null

2018-03-20 09:27:02 - [TEST_STEP][PASSED] - Statement - text_prev = text_prev.replaceAll("Ö", "O"): null

2018-03-20 09:27:02 - [TEST_STEP][PASSED] - Statement - text = text.replaceAll("ä", "a"): null

2018-03-20 09:27:02 - [TEST_STEP][PASSED] - Statement - text = text.replaceAll("Ä", "A"): null

2018-03-20 09:27:02 - [TEST_STEP][PASSED] - Statement - text_prev = text_prev.replaceAll("ä", "a"): null

2018-03-20 09:27:02 - [TEST_STEP][PASSED] - Statement - text_prev = text_prev.replaceAll("Ä", "A"): null

2018-03-20 09:27:02 - [TEST_STEP][PASSED] - Statement - text = text.replaceAll("ü", "u"): null

2018-03-20 09:27:02 - [TEST_STEP][PASSED] - Statement - text = text.replaceAll("Ü", "U"): null

2018-03-20 09:27:02 - [TEST_STEP][PASSED] - Statement - text_prev = text_prev.replaceAll("ü", "u"): null

2018-03-20 09:27:02 - [TEST_STEP][PASSED] - Statement - text_prev = text_prev.replaceAll("Ü", "U"): null

2018-03-20 09:27:02 - [TEST_STEP][PASSED] - Statement - ch = text.charAt(0): null

2018-03-20 09:27:02 - [TEST_STEP][PASSED] - Statement - ch_prev = el_prev.getAttribute("innerHTML").charAt(0): null

2018-03-20 09:27:02 - [TEST_STEP][PASSED] - Statement - If (ch_prev > ch): null

2018-03-20 09:27:02 - [TEST_STEP][PASSED] - Statement - Else If (ch_prev == ch): null

2018-03-20 09:27:02 - [TEST_STEP][PASSED] - Statement - ch = text.charAt(1): null

2018-03-20 09:27:02 - [TEST_STEP][PASSED] - Statement - ch_prev = text_prev.charAt(1): null

2018-03-20 09:27:02 - [TEST_STEP][PASSED] - Statement - If (ch_prev > ch): null

2018-03-20 09:27:02 - [TEST_STEP][PASSED] - Statement - Else If (ch_prev == ch): null

2018-03-20 09:27:02 - [TEST_STEP][PASSED] - Statement - ch = text.charAt(2): null

2018-03-20 09:27:02 - [TEST_STEP][PASSED] - Statement - ch_prev = text_prev.charAt(2): null

2018-03-20 09:27:02 - [TEST_STEP][PASSED] - Statement - If (ch_prev > ch): null

2018-03-20 09:27:02 - [TEST_STEP][PASSED] - closeBrowser: Browser is closed

2018-03-20 09:27:02 - [MESSAGE][PASSED] - Browser is closed]]></system-out>
         <system-err><![CDATA[]]></system-err>
      </testcase>
      <testcase name="Test Cases/Prototyp_Filialsuche (RC 18)/40_Testfall" classname="Test Cases/Prototyp_Filialsuche (RC 18)/40_Testfall" status="FAILED">
         <failure type="FAILED" message="Unable to click on object 'Object Repository/40_TF/Page_Filialsuche-wangen - BVR HTML/div_Brtlingen' (Root cause: org.openqa.selenium.ElementNotVisibleException: An element command could not be completed because the element is not visible on the page. (WARNING: The server did not provide any stacktrace information)
Command duration or timeout: 0 milliseconds
Build info: version: '3.7.1', revision: '8a0099a', time: '2017-11-06T21:07:36.161Z'
System info: host: 'Lilias-MacBook-Pro.local', ip: '192.168.0.4', os.name: 'Mac OS X', os.arch: 'x86_64', os.version: '10.12.6', java.version: '1.8.0_102'
Driver info: com.kms.katalon.selenium.driver.CSafariDriver
Capabilities {applicationCacheEnabled: true, browserName: safari, cleanSession: true, cssSelectorsEnabled: true, databaseEnabled: true, handlesAlerts: true, javascriptEnabled: true, locationContextEnabled: false, nativeEvents: true, platform: MAC, platformName: MAC, rotatable: false, version: 12604.5.6.1.1, webStorageEnabled: true}
Session ID: 5E65435F-035F-4FFE-A644-FE7F23E75BE1)"/>
         <system-out><![CDATA[2018-03-20 09:27:02 - [TEST_CASE][FAILED] - Test Cases/Prototyp_Filialsuche (RC 18)/40_Testfall: Test Cases/Prototyp_Filialsuche (RC 18)/40_Testfall FAILED because (of) Unable to click on object 'Object Repository/40_TF/Page_Filialsuche-wangen - BVR HTML/div_Brtlingen' (Root cause: org.openqa.selenium.ElementNotVisibleException: An element command could not be completed because the element is not visible on the page. (WARNING: The server did not provide any stacktrace information)
Command duration or timeout: 0 milliseconds
Build info: version: '3.7.1', revision: '8a0099a', time: '2017-11-06T21:07:36.161Z'
System info: host: 'Lilias-MacBook-Pro.local', ip: '192.168.0.4', os.name: 'Mac OS X', os.arch: 'x86_64', os.version: '10.12.6', java.version: '1.8.0_102'
Driver info: com.kms.katalon.selenium.driver.CSafariDriver
Capabilities {applicationCacheEnabled: true, browserName: safari, cleanSession: true, cssSelectorsEnabled: true, databaseEnabled: true, handlesAlerts: true, javascriptEnabled: true, locationContextEnabled: false, nativeEvents: true, platform: MAC, platformName: MAC, rotatable: false, version: 12604.5.6.1.1, webStorageEnabled: true}
Session ID: 5E65435F-035F-4FFE-A644-FE7F23E75BE1)

2018-03-20 09:27:02 - [TEST_STEP][PASSED] - openBrowser: Browser is opened with url: ''

2018-03-20 09:27:05 - [MESSAGE][PASSED] - Browser is opened with url: ''

2018-03-20 09:27:05 - [TEST_STEP][PASSED] - deleteAllCookies: Delete all cookies successfully

2018-03-20 09:27:05 - [MESSAGE][PASSED] - Delete all cookies successfully

2018-03-20 09:27:05 - [TEST_STEP][PASSED] - maximizeWindow: Current window maximized

2018-03-20 09:27:05 - [MESSAGE][PASSED] - Current window maximized

2018-03-20 09:27:05 - [TEST_STEP][PASSED] - navigateToUrl: Navigate to 'http://rc-ogrhtmlprototyp.testintern/18-1-0/filialsuche-wangen.html' successfully

2018-03-20 09:27:09 - [MESSAGE][PASSED] - Navigate to 'http://rc-ogrhtmlprototyp.testintern/18-1-0/filialsuche-wangen.html' successfully

2018-03-20 09:27:09 - [TEST_STEP][PASSED] - delay: Delayed 2 second(s)

2018-03-20 09:27:11 - [MESSAGE][PASSED] - Delayed 2 second(s)

2018-03-20 09:27:11 - [TEST_STEP][PASSED] - click: Object: 'Object Repository/40_TF/Page_Filialsuche-wangen - BVR HTML/svg_dropdown-icons' is clicked on

2018-03-20 09:27:11 - [MESSAGE][PASSED] - Object: 'Object Repository/40_TF/Page_Filialsuche-wangen - BVR HTML/svg_dropdown-icons' is clicked on

2018-03-20 09:27:11 - [TEST_STEP][PASSED] - delay: Delayed 4 second(s)

2018-03-20 09:27:15 - [MESSAGE][PASSED] - Delayed 4 second(s)

2018-03-20 09:27:15 - [TEST_STEP][PASSED] - scrollToElement: Scroll to object 'Object Repository/40_TF/Page_Filialsuche-wangen - BVR HTML/div_Brtlingen' successfully

2018-03-20 09:27:15 - [MESSAGE][WARNING] - Timeout '0' is invalid. Using default page load timeout: '30'

2018-03-20 09:27:15 - [MESSAGE][PASSED] - Scroll to object 'Object Repository/40_TF/Page_Filialsuche-wangen - BVR HTML/div_Brtlingen' successfully

2018-03-20 09:27:15 - [TEST_STEP][PASSED] - delay: Delayed 2 second(s)

2018-03-20 09:27:17 - [MESSAGE][PASSED] - Delayed 2 second(s)

2018-03-20 09:27:17 - [TEST_STEP][PASSED] - mouseOver: Object: 'Object Repository/40_TF/Page_Filialsuche-wangen - BVR HTML/div_Brtlingen' is hovered

2018-03-20 09:27:17 - [MESSAGE][PASSED] - Object: 'Object Repository/40_TF/Page_Filialsuche-wangen - BVR HTML/div_Brtlingen' is hovered

2018-03-20 09:27:17 - [TEST_STEP][PASSED] - delay: Delayed 4 second(s)

2018-03-20 09:27:21 - [MESSAGE][PASSED] - Delayed 4 second(s)

2018-03-20 09:27:21 - [TEST_STEP][FAILED] - click: Unable to click on object 'Object Repository/40_TF/Page_Filialsuche-wangen - BVR HTML/div_Brtlingen' (Root cause: org.openqa.selenium.ElementNotVisibleException: An element command could not be completed because the element is not visible on the page. (WARNING: The server did not provide any stacktrace information)
Command duration or timeout: 0 milliseconds
Build info: version: '3.7.1', revision: '8a0099a', time: '2017-11-06T21:07:36.161Z'
System info: host: 'Lilias-MacBook-Pro.local', ip: '192.168.0.4', os.name: 'Mac OS X', os.arch: 'x86_64', os.version: '10.12.6', java.version: '1.8.0_102'
Driver info: com.kms.katalon.selenium.driver.CSafariDriver
Capabilities {applicationCacheEnabled: true, browserName: safari, cleanSession: true, cssSelectorsEnabled: true, databaseEnabled: true, handlesAlerts: true, javascriptEnabled: true, locationContextEnabled: false, nativeEvents: true, platform: MAC, platformName: MAC, rotatable: false, version: 12604.5.6.1.1, webStorageEnabled: true}
Session ID: 5E65435F-035F-4FFE-A644-FE7F23E75BE1)

2018-03-20 09:27:21 - [MESSAGE][FAILED] - Unable to click on object 'Object Repository/40_TF/Page_Filialsuche-wangen - BVR HTML/div_Brtlingen' (Root cause: org.openqa.selenium.ElementNotVisibleException: An element command could not be completed because the element is not visible on the page. (WARNING: The server did not provide any stacktrace information)
Command duration or timeout: 0 milliseconds
Build info: version: '3.7.1', revision: '8a0099a', time: '2017-11-06T21:07:36.161Z'
System info: host: 'Lilias-MacBook-Pro.local', ip: '192.168.0.4', os.name: 'Mac OS X', os.arch: 'x86_64', os.version: '10.12.6', java.version: '1.8.0_102'
Driver info: com.kms.katalon.selenium.driver.CSafariDriver
Capabilities {applicationCacheEnabled: true, browserName: safari, cleanSession: true, cssSelectorsEnabled: true, databaseEnabled: true, handlesAlerts: true, javascriptEnabled: true, locationContextEnabled: false, nativeEvents: true, platform: MAC, platformName: MAC, rotatable: false, version: 12604.5.6.1.1, webStorageEnabled: true}
Session ID: 5E65435F-035F-4FFE-A644-FE7F23E75BE1)
[[ATTACHMENT|/Users/lbut/Desktop/KATALON/Prototyp1_20_03/Prototyp1/Reports/Prototyp Filialsuche (RC18) 13_03_2018/20180320_091422/1521534441417.png]]]]></system-out>
         <system-err><![CDATA[2018-03-20 09:27:02 - [TEST_CASE][FAILED] - Test Cases/Prototyp_Filialsuche (RC 18)/40_Testfall: Test Cases/Prototyp_Filialsuche (RC 18)/40_Testfall FAILED because (of) Unable to click on object 'Object Repository/40_TF/Page_Filialsuche-wangen - BVR HTML/div_Brtlingen' (Root cause: org.openqa.selenium.ElementNotVisibleException: An element command could not be completed because the element is not visible on the page. (WARNING: The server did not provide any stacktrace information)
Command duration or timeout: 0 milliseconds
Build info: version: '3.7.1', revision: '8a0099a', time: '2017-11-06T21:07:36.161Z'
System info: host: 'Lilias-MacBook-Pro.local', ip: '192.168.0.4', os.name: 'Mac OS X', os.arch: 'x86_64', os.version: '10.12.6', java.version: '1.8.0_102'
Driver info: com.kms.katalon.selenium.driver.CSafariDriver
Capabilities {applicationCacheEnabled: true, browserName: safari, cleanSession: true, cssSelectorsEnabled: true, databaseEnabled: true, handlesAlerts: true, javascriptEnabled: true, locationContextEnabled: false, nativeEvents: true, platform: MAC, platformName: MAC, rotatable: false, version: 12604.5.6.1.1, webStorageEnabled: true}
Session ID: 5E65435F-035F-4FFE-A644-FE7F23E75BE1)]]></system-err>
      </testcase>
      <testcase name="Test Cases/Prototyp_Filialsuche (RC 18)/41_Testfall" classname="Test Cases/Prototyp_Filialsuche (RC 18)/41_Testfall" status="FAILED">
         <failure type="FAILED" message="Unable to verify text 'Martin-Luther-Platz 20' is present  (Root cause: Text 'Martin-Luther-Platz 20' is not present on page )"/>
         <system-out><![CDATA[2018-03-20 09:27:39 - [TEST_CASE][FAILED] - Test Cases/Prototyp_Filialsuche (RC 18)/41_Testfall: Test Cases/Prototyp_Filialsuche (RC 18)/41_Testfall FAILED because (of) Unable to verify text 'Martin-Luther-Platz 20' is present  (Root cause: Text 'Martin-Luther-Platz 20' is not present on page )

2018-03-20 09:27:40 - [TEST_STEP][PASSED] - openBrowser: Browser is opened with url: ''

2018-03-20 09:27:40 - [MESSAGE][WARNING] - A browser is already opened. Closing browser and opening a new one

2018-03-20 09:27:46 - [MESSAGE][PASSED] - Browser is opened with url: ''

2018-03-20 09:27:46 - [TEST_STEP][PASSED] - deleteAllCookies: Delete all cookies successfully

2018-03-20 09:27:46 - [MESSAGE][PASSED] - Delete all cookies successfully

2018-03-20 09:27:46 - [TEST_STEP][PASSED] - maximizeWindow: Current window maximized

2018-03-20 09:27:46 - [MESSAGE][PASSED] - Current window maximized

2018-03-20 09:27:46 - [TEST_STEP][PASSED] - navigateToUrl: Navigate to 'http://rc-ogrhtmlprototyp.testintern/18-1-0/filialsuche-nuernberg-textinput.html' successfully

2018-03-20 09:27:48 - [MESSAGE][PASSED] - Navigate to 'http://rc-ogrhtmlprototyp.testintern/18-1-0/filialsuche-nuernberg-textinput.html' successfully

2018-03-20 09:27:48 - [TEST_STEP][PASSED] - delay: Delayed 2 second(s)

2018-03-20 09:27:50 - [MESSAGE][PASSED] - Delayed 2 second(s)

2018-03-20 09:27:50 - [TEST_STEP][PASSED] - setText: Text 'Ansbach' is set on object 'Object Repository/Filialsuche_Inputtext'

2018-03-20 09:27:50 - [MESSAGE][PASSED] - Text 'Ansbach' is set on object 'Object Repository/Filialsuche_Inputtext'

2018-03-20 09:27:50 - [TEST_STEP][PASSED] - submit: The form containing object: 'Object Repository/Filialsuche_submit_button' is submitted

2018-03-20 09:27:50 - [MESSAGE][PASSED] - The form containing object: 'Object Repository/Filialsuche_submit_button' is submitted

2018-03-20 09:27:50 - [TEST_STEP][PASSED] - delay: Delayed 2 second(s)

2018-03-20 09:27:52 - [MESSAGE][PASSED] - Delayed 2 second(s)

2018-03-20 09:27:52 - [TEST_STEP][FAILED] - verifyTextPresent: Unable to verify text 'Martin-Luther-Platz 20' is present  (Root cause: Text 'Martin-Luther-Platz 20' is not present on page )

2018-03-20 09:27:52 - [MESSAGE][FAILED] - Text 'Martin-Luther-Platz 20' is not present on page 

2018-03-20 09:27:53 - [MESSAGE][FAILED] - Unable to verify text 'Martin-Luther-Platz 20' is present  (Root cause: Text 'Martin-Luther-Platz 20' is not present on page )
[[ATTACHMENT|/Users/lbut/Desktop/KATALON/Prototyp1_20_03/Prototyp1/Reports/Prototyp Filialsuche (RC18) 13_03_2018/20180320_091422/1521534472963.png]]]]></system-out>
         <system-err><![CDATA[2018-03-20 09:27:39 - [TEST_CASE][FAILED] - Test Cases/Prototyp_Filialsuche (RC 18)/41_Testfall: Test Cases/Prototyp_Filialsuche (RC 18)/41_Testfall FAILED because (of) Unable to verify text 'Martin-Luther-Platz 20' is present  (Root cause: Text 'Martin-Luther-Platz 20' is not present on page )]]></system-err>
      </testcase>
      <testcase name="Test Cases/Prototyp_Filialsuche (RC 18)/42_Testfall" classname="Test Cases/Prototyp_Filialsuche (RC 18)/42_Testfall" status="PASSED">
         <system-out><![CDATA[2018-03-20 09:27:53 - [TEST_CASE][PASSED] - Test Cases/Prototyp_Filialsuche (RC 18)/42_Testfall: Test Cases/Prototyp_Filialsuche (RC 18)/42_Testfall

2018-03-20 09:27:53 - [TEST_STEP][PASSED] - openBrowser: Browser is opened with url: ''

2018-03-20 09:27:53 - [MESSAGE][WARNING] - A browser is already opened. Closing browser and opening a new one

2018-03-20 09:27:56 - [MESSAGE][PASSED] - Browser is opened with url: ''

2018-03-20 09:27:56 - [TEST_STEP][PASSED] - deleteAllCookies: Delete all cookies successfully

2018-03-20 09:27:56 - [MESSAGE][PASSED] - Delete all cookies successfully

2018-03-20 09:27:56 - [TEST_STEP][PASSED] - maximizeWindow: Current window maximized

2018-03-20 09:27:56 - [MESSAGE][PASSED] - Current window maximized

2018-03-20 09:27:56 - [TEST_STEP][PASSED] - navigateToUrl: Navigate to 'http://rc-ogrhtmlprototyp.testintern/18-1-0/filialsuche-nuernberg.html' successfully

2018-03-20 09:27:58 - [MESSAGE][PASSED] - Navigate to 'http://rc-ogrhtmlprototyp.testintern/18-1-0/filialsuche-nuernberg.html' successfully

2018-03-20 09:27:58 - [TEST_STEP][PASSED] - delay: Delayed 2 second(s)

2018-03-20 09:28:00 - [MESSAGE][PASSED] - Delayed 2 second(s)

2018-03-20 09:28:00 - [TEST_STEP][PASSED] - click: Object: 'Object Repository/42TF/Page_Filialsuche-nuernberg - BVR HT/span_PSD Bank Nrnberg eG' is clicked on

2018-03-20 09:28:01 - [MESSAGE][PASSED] - Object: 'Object Repository/42TF/Page_Filialsuche-nuernberg - BVR HT/span_PSD Bank Nrnberg eG' is clicked on

2018-03-20 09:28:01 - [TEST_STEP][PASSED] - verifyTextPresent: Text 'PSD Bank Nürnberg eG' is present on page 

2018-03-20 09:28:01 - [MESSAGE][PASSED] - Text 'PSD Bank Nürnberg eG' is present on page 

2018-03-20 09:28:01 - [TEST_STEP][PASSED] - verifyTextPresent: Text 'Willy-Brandt-Platz 8' is present on page 

2018-03-20 09:28:01 - [MESSAGE][PASSED] - Text 'Willy-Brandt-Platz 8' is present on page 

2018-03-20 09:28:01 - [TEST_STEP][PASSED] - verifyTextPresent: Text '90402 Nürnberg' is present on page 

2018-03-20 09:28:01 - [MESSAGE][PASSED] - Text '90402 Nürnberg' is present on page 

2018-03-20 09:28:01 - [TEST_STEP][PASSED] - click: Object: 'Object Repository/42TF/Page_Filialsuche-nuernberg - BVR HT/span_Beratungsbro Ansbach' is clicked on

2018-03-20 09:28:02 - [MESSAGE][PASSED] - Object: 'Object Repository/42TF/Page_Filialsuche-nuernberg - BVR HT/span_Beratungsbro Ansbach' is clicked on

2018-03-20 09:28:02 - [TEST_STEP][PASSED] - verifyTextPresent: Text 'Beratungsbüro Ansbach' is present on page 

2018-03-20 09:28:02 - [MESSAGE][PASSED] - Text 'Beratungsbüro Ansbach' is present on page 

2018-03-20 09:28:02 - [TEST_STEP][PASSED] - verifyTextPresent: Text 'Martin-Luther-Platz 20' is present on page 

2018-03-20 09:28:02 - [MESSAGE][PASSED] - Text 'Martin-Luther-Platz 20' is present on page 

2018-03-20 09:28:02 - [TEST_STEP][PASSED] - verifyTextPresent: Text '91522 Ansbach' is present on page 

2018-03-20 09:28:02 - [MESSAGE][PASSED] - Text '91522 Ansbach' is present on page 

2018-03-20 09:28:02 - [TEST_STEP][PASSED] - click: Object: 'Object Repository/42TF/Page_Filialsuche-nuernberg - BVR HT/span_PSD Bank Nrnberg eG Filia' is clicked on

2018-03-20 09:28:02 - [MESSAGE][PASSED] - Object: 'Object Repository/42TF/Page_Filialsuche-nuernberg - BVR HT/span_PSD Bank Nrnberg eG Filia' is clicked on

2018-03-20 09:28:02 - [TEST_STEP][PASSED] - verifyTextPresent: Text 'PSD Bank Nürnberg eG, Filiale Bamberg' is present on page 

2018-03-20 09:28:02 - [MESSAGE][PASSED] - Text 'PSD Bank Nürnberg eG, Filiale Bamberg' is present on page 

2018-03-20 09:28:02 - [TEST_STEP][PASSED] - verifyTextPresent: Text 'Hauptwachstr. 11' is present on page 

2018-03-20 09:28:02 - [MESSAGE][PASSED] - Text 'Hauptwachstr. 11' is present on page 

2018-03-20 09:28:02 - [TEST_STEP][PASSED] - verifyTextPresent: Text '96047 Bamberg' is present on page 

2018-03-20 09:28:02 - [MESSAGE][PASSED] - Text '96047 Bamberg' is present on page 

2018-03-20 09:28:02 - [TEST_STEP][PASSED] - click: Object: 'Object Repository/42TF/Page_Filialsuche-nuernberg - BVR HT/span_Beratungsbro Bayreuth' is clicked on

2018-03-20 09:28:02 - [MESSAGE][PASSED] - Object: 'Object Repository/42TF/Page_Filialsuche-nuernberg - BVR HT/span_Beratungsbro Bayreuth' is clicked on

2018-03-20 09:28:02 - [TEST_STEP][PASSED] - verifyTextPresent: Text 'Beratungsbüro Bayreuth' is present on page 

2018-03-20 09:28:02 - [MESSAGE][PASSED] - Text 'Beratungsbüro Bayreuth' is present on page 

2018-03-20 09:28:02 - [TEST_STEP][PASSED] - verifyTextPresent: Text 'Wölfelstraße 7' is present on page 

2018-03-20 09:28:02 - [MESSAGE][PASSED] - Text 'Wölfelstraße 7' is present on page 

2018-03-20 09:28:02 - [TEST_STEP][PASSED] - verifyTextPresent: Text '95444 Bayreuth' is present on page 

2018-03-20 09:28:02 - [MESSAGE][PASSED] - Text '95444 Bayreuth' is present on page 

2018-03-20 09:28:02 - [TEST_STEP][PASSED] - click: Object: 'Object Repository/42TF/Page_Filialsuche-nuernberg - BVR HT/span_Beratungsbro Regensburg' is clicked on

2018-03-20 09:28:03 - [MESSAGE][PASSED] - Object: 'Object Repository/42TF/Page_Filialsuche-nuernberg - BVR HT/span_Beratungsbro Regensburg' is clicked on

2018-03-20 09:28:03 - [TEST_STEP][PASSED] - verifyTextPresent: Text 'Beratungsbüro Regensburg' is present on page 

2018-03-20 09:28:03 - [MESSAGE][PASSED] - Text 'Beratungsbüro Regensburg' is present on page 

2018-03-20 09:28:03 - [TEST_STEP][PASSED] - verifyTextPresent: Text 'Dr.-Leo-Ritter-Str. 2 (1. OG)' is present on page 

2018-03-20 09:28:03 - [MESSAGE][PASSED] - Text 'Dr.-Leo-Ritter-Str. 2 (1. OG)' is present on page 

2018-03-20 09:28:03 - [TEST_STEP][PASSED] - verifyTextPresent: Text '93049 Regensburg' is present on page 

2018-03-20 09:28:03 - [MESSAGE][PASSED] - Text '93049 Regensburg' is present on page 

2018-03-20 09:28:03 - [TEST_STEP][PASSED] - click: Object: 'Object Repository/42TF/Page_Filialsuche-nuernberg - BVR HT/span_PSD Bank Nrnberg eG Filia_1' is clicked on

2018-03-20 09:28:03 - [MESSAGE][PASSED] - Object: 'Object Repository/42TF/Page_Filialsuche-nuernberg - BVR HT/span_PSD Bank Nrnberg eG Filia_1' is clicked on

2018-03-20 09:28:03 - [TEST_STEP][PASSED] - verifyTextPresent: Text 'PSD Bank Nürnberg eG, Filiale Würzburg' is present on page 

2018-03-20 09:28:03 - [MESSAGE][PASSED] - Text 'PSD Bank Nürnberg eG, Filiale Würzburg' is present on page 

2018-03-20 09:28:03 - [TEST_STEP][PASSED] - verifyTextPresent: Text 'Ludwigstr. 22' is present on page 

2018-03-20 09:28:03 - [MESSAGE][PASSED] - Text 'Ludwigstr. 22' is present on page 

2018-03-20 09:28:03 - [TEST_STEP][PASSED] - verifyTextPresent: Text '97070 Würzburg' is present on page 

2018-03-20 09:28:03 - [MESSAGE][PASSED] - Text '97070 Würzburg' is present on page 

2018-03-20 09:28:03 - [TEST_STEP][PASSED] - click: Object: 'Object Repository/42TF/Page_Filialsuche-nuernberg - BVR HT/a_Weiter' is clicked on

2018-03-20 09:28:03 - [MESSAGE][PASSED] - Object: 'Object Repository/42TF/Page_Filialsuche-nuernberg - BVR HT/a_Weiter' is clicked on

2018-03-20 09:28:03 - [TEST_STEP][PASSED] - click: Object: 'Object Repository/42TF/Page_Filialsuche-nuernberg - BVR HT (1)/span_Beratungsbro Aschaffenbur' is clicked on

2018-03-20 09:28:03 - [MESSAGE][PASSED] - Object: 'Object Repository/42TF/Page_Filialsuche-nuernberg - BVR HT (1)/span_Beratungsbro Aschaffenbur' is clicked on

2018-03-20 09:28:03 - [TEST_STEP][PASSED] - verifyTextPresent: Text 'Beratungsbüro Aschaffenburg' is present on page 

2018-03-20 09:28:04 - [MESSAGE][PASSED] - Text 'Beratungsbüro Aschaffenburg' is present on page 

2018-03-20 09:28:04 - [TEST_STEP][PASSED] - verifyTextPresent: Text 'Ludwigstr. 25' is present on page 

2018-03-20 09:28:04 - [MESSAGE][PASSED] - Text 'Ludwigstr. 25' is present on page 

2018-03-20 09:28:04 - [TEST_STEP][PASSED] - verifyTextPresent: Text '63739 Aschaffenburg' is present on page 

2018-03-20 09:28:04 - [MESSAGE][PASSED] - Text '63739 Aschaffenburg' is present on page 

2018-03-20 09:28:04 - [TEST_STEP][PASSED] - click: Object: 'Object Repository/42TF/Page_Filialsuche-nuernberg - BVR HT (1)/span_PSD Bank Nrnberg eG Filia' is clicked on

2018-03-20 09:28:04 - [MESSAGE][PASSED] - Object: 'Object Repository/42TF/Page_Filialsuche-nuernberg - BVR HT (1)/span_PSD Bank Nrnberg eG Filia' is clicked on

2018-03-20 09:28:04 - [TEST_STEP][PASSED] - verifyTextPresent: Text 'PSD Bank Nürnberg eG, Filiale Chemnitz' is present on page 

2018-03-20 09:28:04 - [MESSAGE][PASSED] - Text 'PSD Bank Nürnberg eG, Filiale Chemnitz' is present on page 

2018-03-20 09:28:04 - [TEST_STEP][PASSED] - verifyTextPresent: Text 'Bahnhofstraße 54a' is present on page 

2018-03-20 09:28:04 - [MESSAGE][PASSED] - Text 'Bahnhofstraße 54a' is present on page 

2018-03-20 09:28:04 - [TEST_STEP][PASSED] - verifyTextPresent: Text '09111 Chemnitz' is present on page 

2018-03-20 09:28:04 - [MESSAGE][PASSED] - Text '09111 Chemnitz' is present on page 

2018-03-20 09:28:04 - [TEST_STEP][PASSED] - click: Object: 'Object Repository/42TF/Page_Filialsuche-nuernberg - BVR HT (1)/span_PSD Bank Nrnberg eG Filia_1' is clicked on

2018-03-20 09:28:04 - [MESSAGE][PASSED] - Object: 'Object Repository/42TF/Page_Filialsuche-nuernberg - BVR HT (1)/span_PSD Bank Nrnberg eG Filia_1' is clicked on

2018-03-20 09:28:04 - [TEST_STEP][PASSED] - verifyTextPresent: Text 'PSD Bank Nürnberg eG, Filiale Leipzig' is present on page 

2018-03-20 09:28:05 - [MESSAGE][PASSED] - Text 'PSD Bank Nürnberg eG, Filiale Leipzig' is present on page 

2018-03-20 09:28:05 - [TEST_STEP][PASSED] - verifyTextPresent: Text 'Brühl 65' is present on page 

2018-03-20 09:28:05 - [MESSAGE][PASSED] - Text 'Brühl 65' is present on page 

2018-03-20 09:28:05 - [TEST_STEP][PASSED] - verifyTextPresent: Text '04109 Leipzig' is present on page 

2018-03-20 09:28:05 - [MESSAGE][PASSED] - Text '04109 Leipzig' is present on page 

2018-03-20 09:28:05 - [TEST_STEP][PASSED] - click: Object: 'Object Repository/42TF/Page_Filialsuche-nuernberg - BVR HT (1)/span_PSD Bank Nrnberg eG Filia_2' is clicked on

2018-03-20 09:28:05 - [MESSAGE][PASSED] - Object: 'Object Repository/42TF/Page_Filialsuche-nuernberg - BVR HT (1)/span_PSD Bank Nrnberg eG Filia_2' is clicked on

2018-03-20 09:28:05 - [TEST_STEP][PASSED] - verifyTextPresent: Text 'PSD Bank Nürnberg eG, Filiale Dresden' is present on page 

2018-03-20 09:28:05 - [MESSAGE][PASSED] - Text 'PSD Bank Nürnberg eG, Filiale Dresden' is present on page 

2018-03-20 09:28:05 - [TEST_STEP][PASSED] - verifyTextPresent: Text 'Hauptstr. 36' is present on page 

2018-03-20 09:28:05 - [MESSAGE][PASSED] - Text 'Hauptstr. 36' is present on page 

2018-03-20 09:28:05 - [TEST_STEP][PASSED] - verifyTextPresent: Text '01097 Dresden' is present on page 

2018-03-20 09:28:05 - [MESSAGE][PASSED] - Text '01097 Dresden' is present on page 

2018-03-20 09:28:05 - [TEST_STEP][PASSED] - click: Object: 'Object Repository/42TF/Page_Filialsuche-nuernberg - BVR HT/a_1' is clicked on

2018-03-20 09:28:05 - [MESSAGE][PASSED] - Object: 'Object Repository/42TF/Page_Filialsuche-nuernberg - BVR HT/a_1' is clicked on

2018-03-20 09:28:05 - [TEST_STEP][PASSED] - delay: Delayed 2 second(s)

2018-03-20 09:28:07 - [MESSAGE][PASSED] - Delayed 2 second(s)

2018-03-20 09:28:07 - [TEST_STEP][PASSED] - click: Object: 'Object Repository/42TF/Page_Filialsuche-nuernberg - BVR HT (2)/svg_dropdown-icons' is clicked on

2018-03-20 09:28:07 - [MESSAGE][PASSED] - Object: 'Object Repository/42TF/Page_Filialsuche-nuernberg - BVR HT (2)/svg_dropdown-icons' is clicked on

2018-03-20 09:28:07 - [TEST_STEP][PASSED] - delay: Delayed 2 second(s)

2018-03-20 09:28:09 - [MESSAGE][PASSED] - Delayed 2 second(s)

2018-03-20 09:28:09 - [TEST_STEP][PASSED] - mouseOver: Object: 'Object Repository/42TF/Page_Filialsuche-nuernberg - BVR HT (2)/div_Ansbach' is hovered

2018-03-20 09:28:09 - [MESSAGE][PASSED] - Object: 'Object Repository/42TF/Page_Filialsuche-nuernberg - BVR HT (2)/div_Ansbach' is hovered

2018-03-20 09:28:09 - [TEST_STEP][PASSED] - click: Object: 'Object Repository/42TF/Page_Filialsuche-nuernberg - BVR HT (2)/div_Ansbach' is clicked on

2018-03-20 09:28:09 - [MESSAGE][PASSED] - Object: 'Object Repository/42TF/Page_Filialsuche-nuernberg - BVR HT (2)/div_Ansbach' is clicked on

2018-03-20 09:28:09 - [TEST_STEP][PASSED] - delay: Delayed 2 second(s)

2018-03-20 09:28:11 - [MESSAGE][PASSED] - Delayed 2 second(s)

2018-03-20 09:28:11 - [TEST_STEP][PASSED] - verifyTextPresent: Text 'Martin-Luther-Platz 20' is present on page 

2018-03-20 09:28:11 - [MESSAGE][PASSED] - Text 'Martin-Luther-Platz 20' is present on page 

2018-03-20 09:28:11 - [TEST_STEP][PASSED] - verifyTextPresent: Text '91522 Ansbach' is present on page 

2018-03-20 09:28:11 - [MESSAGE][PASSED] - Text '91522 Ansbach' is present on page 

2018-03-20 09:28:11 - [TEST_STEP][PASSED] - verifyTextPresent: Text 'Beratungsbüro Ansbach' is present on page 

2018-03-20 09:28:11 - [MESSAGE][PASSED] - Text 'Beratungsbüro Ansbach' is present on page 

2018-03-20 09:28:11 - [TEST_STEP][PASSED] - click: Object: 'Object Repository/42TF/Page_Filialsuche-nuernberg - BVR HT (2)/svg_dropdown-icons' is clicked on

2018-03-20 09:28:11 - [MESSAGE][PASSED] - Object: 'Object Repository/42TF/Page_Filialsuche-nuernberg - BVR HT (2)/svg_dropdown-icons' is clicked on

2018-03-20 09:28:11 - [TEST_STEP][PASSED] - delay: Delayed 2 second(s)

2018-03-20 09:28:13 - [MESSAGE][PASSED] - Delayed 2 second(s)

2018-03-20 09:28:13 - [TEST_STEP][PASSED] - mouseOver: Object: 'Object Repository/42TF/Page_Filialsuche-nuernberg - BVR HT (2)/div_Aschaffenburg' is hovered

2018-03-20 09:28:13 - [MESSAGE][PASSED] - Object: 'Object Repository/42TF/Page_Filialsuche-nuernberg - BVR HT (2)/div_Aschaffenburg' is hovered

2018-03-20 09:28:13 - [TEST_STEP][PASSED] - click: Object: 'Object Repository/42TF/Page_Filialsuche-nuernberg - BVR HT (2)/div_Aschaffenburg' is clicked on

2018-03-20 09:28:13 - [MESSAGE][PASSED] - Object: 'Object Repository/42TF/Page_Filialsuche-nuernberg - BVR HT (2)/div_Aschaffenburg' is clicked on

2018-03-20 09:28:13 - [TEST_STEP][PASSED] - delay: Delayed 2 second(s)

2018-03-20 09:28:15 - [MESSAGE][PASSED] - Delayed 2 second(s)

2018-03-20 09:28:15 - [TEST_STEP][PASSED] - verifyTextPresent: Text 'Beratungsbüro Aschaffenburg' is present on page 

2018-03-20 09:28:15 - [MESSAGE][PASSED] - Text 'Beratungsbüro Aschaffenburg' is present on page 

2018-03-20 09:28:15 - [TEST_STEP][PASSED] - verifyTextPresent: Text 'Ludwigstr. 25' is present on page 

2018-03-20 09:28:15 - [MESSAGE][PASSED] - Text 'Ludwigstr. 25' is present on page 

2018-03-20 09:28:15 - [TEST_STEP][PASSED] - verifyTextPresent: Text '63739 Aschaffenburg' is present on page 

2018-03-20 09:28:15 - [MESSAGE][PASSED] - Text '63739 Aschaffenburg' is present on page 

2018-03-20 09:28:15 - [TEST_STEP][PASSED] - click: Object: 'Object Repository/42TF/Page_Filialsuche-nuernberg - BVR HT (2)/svg_dropdown-icons' is clicked on

2018-03-20 09:28:15 - [MESSAGE][PASSED] - Object: 'Object Repository/42TF/Page_Filialsuche-nuernberg - BVR HT (2)/svg_dropdown-icons' is clicked on

2018-03-20 09:28:15 - [TEST_STEP][PASSED] - delay: Delayed 2 second(s)

2018-03-20 09:28:17 - [MESSAGE][PASSED] - Delayed 2 second(s)

2018-03-20 09:28:17 - [TEST_STEP][PASSED] - mouseOver: Object: 'Object Repository/42TF/Page_Filialsuche-nuernberg - BVR HT (2)/div_Bamberg' is hovered

2018-03-20 09:28:18 - [MESSAGE][PASSED] - Object: 'Object Repository/42TF/Page_Filialsuche-nuernberg - BVR HT (2)/div_Bamberg' is hovered

2018-03-20 09:28:18 - [TEST_STEP][PASSED] - click: Object: 'Object Repository/42TF/Page_Filialsuche-nuernberg - BVR HT (2)/div_Bamberg' is clicked on

2018-03-20 09:28:18 - [MESSAGE][PASSED] - Object: 'Object Repository/42TF/Page_Filialsuche-nuernberg - BVR HT (2)/div_Bamberg' is clicked on

2018-03-20 09:28:18 - [TEST_STEP][PASSED] - delay: Delayed 2 second(s)

2018-03-20 09:28:20 - [MESSAGE][PASSED] - Delayed 2 second(s)

2018-03-20 09:28:20 - [TEST_STEP][PASSED] - verifyTextPresent: Text 'PSD Bank Nürnberg eG, Filiale Bamberg' is present on page 

2018-03-20 09:28:20 - [MESSAGE][PASSED] - Text 'PSD Bank Nürnberg eG, Filiale Bamberg' is present on page 

2018-03-20 09:28:20 - [TEST_STEP][PASSED] - verifyTextPresent: Text 'Hauptwachstr. 11' is present on page 

2018-03-20 09:28:20 - [MESSAGE][PASSED] - Text 'Hauptwachstr. 11' is present on page 

2018-03-20 09:28:20 - [TEST_STEP][PASSED] - verifyTextPresent: Text '96047 Bamberg' is present on page 

2018-03-20 09:28:20 - [MESSAGE][PASSED] - Text '96047 Bamberg' is present on page 

2018-03-20 09:28:20 - [TEST_STEP][PASSED] - click: Object: 'Object Repository/42TF/Page_Filialsuche-nuernberg - BVR HT (2)/svg_dropdown-icons' is clicked on

2018-03-20 09:28:20 - [MESSAGE][PASSED] - Object: 'Object Repository/42TF/Page_Filialsuche-nuernberg - BVR HT (2)/svg_dropdown-icons' is clicked on

2018-03-20 09:28:20 - [TEST_STEP][PASSED] - delay: Delayed 2 second(s)

2018-03-20 09:28:22 - [MESSAGE][PASSED] - Delayed 2 second(s)

2018-03-20 09:28:22 - [TEST_STEP][PASSED] - mouseOver: Object: 'Object Repository/42TF/Page_Filialsuche-nuernberg - BVR HT (2)/div_Chemnitz' is hovered

2018-03-20 09:28:22 - [MESSAGE][PASSED] - Object: 'Object Repository/42TF/Page_Filialsuche-nuernberg - BVR HT (2)/div_Chemnitz' is hovered

2018-03-20 09:28:22 - [TEST_STEP][PASSED] - click: Object: 'Object Repository/42TF/Page_Filialsuche-nuernberg - BVR HT (2)/div_Chemnitz' is clicked on

2018-03-20 09:28:22 - [MESSAGE][PASSED] - Object: 'Object Repository/42TF/Page_Filialsuche-nuernberg - BVR HT (2)/div_Chemnitz' is clicked on

2018-03-20 09:28:22 - [TEST_STEP][PASSED] - delay: Delayed 2 second(s)

2018-03-20 09:28:24 - [MESSAGE][PASSED] - Delayed 2 second(s)

2018-03-20 09:28:24 - [TEST_STEP][PASSED] - verifyTextPresent: Text 'PSD Bank Nürnberg eG, Filiale Chemnitz' is present on page 

2018-03-20 09:28:24 - [MESSAGE][PASSED] - Text 'PSD Bank Nürnberg eG, Filiale Chemnitz' is present on page 

2018-03-20 09:28:24 - [TEST_STEP][PASSED] - verifyTextPresent: Text 'Bahnhofstraße 54a' is present on page 

2018-03-20 09:28:24 - [MESSAGE][PASSED] - Text 'Bahnhofstraße 54a' is present on page 

2018-03-20 09:28:24 - [TEST_STEP][PASSED] - verifyTextPresent: Text '09111 Chemnitz' is present on page 

2018-03-20 09:28:24 - [MESSAGE][PASSED] - Text '09111 Chemnitz' is present on page 

2018-03-20 09:28:24 - [TEST_STEP][PASSED] - click: Object: 'Object Repository/42TF/Page_Filialsuche-nuernberg - BVR HT (2)/svg_dropdown-icons' is clicked on

2018-03-20 09:28:24 - [MESSAGE][PASSED] - Object: 'Object Repository/42TF/Page_Filialsuche-nuernberg - BVR HT (2)/svg_dropdown-icons' is clicked on

2018-03-20 09:28:24 - [TEST_STEP][PASSED] - delay: Delayed 2 second(s)

2018-03-20 09:28:26 - [MESSAGE][PASSED] - Delayed 2 second(s)

2018-03-20 09:28:26 - [TEST_STEP][PASSED] - mouseOver: Object: 'Object Repository/42TF/Page_Filialsuche-nuernberg - BVR HT (2)/div_Leipzig' is hovered

2018-03-20 09:28:26 - [MESSAGE][PASSED] - Object: 'Object Repository/42TF/Page_Filialsuche-nuernberg - BVR HT (2)/div_Leipzig' is hovered

2018-03-20 09:28:26 - [TEST_STEP][PASSED] - click: Object: 'Object Repository/42TF/Page_Filialsuche-nuernberg - BVR HT (2)/div_Leipzig' is clicked on

2018-03-20 09:28:26 - [MESSAGE][PASSED] - Object: 'Object Repository/42TF/Page_Filialsuche-nuernberg - BVR HT (2)/div_Leipzig' is clicked on

2018-03-20 09:28:26 - [TEST_STEP][PASSED] - delay: Delayed 2 second(s)

2018-03-20 09:28:28 - [MESSAGE][PASSED] - Delayed 2 second(s)

2018-03-20 09:28:28 - [TEST_STEP][PASSED] - verifyTextPresent: Text 'PSD Bank Nürnberg eG, Filiale Leipzig' is present on page 

2018-03-20 09:28:28 - [MESSAGE][PASSED] - Text 'PSD Bank Nürnberg eG, Filiale Leipzig' is present on page 

2018-03-20 09:28:28 - [TEST_STEP][PASSED] - verifyTextPresent: Text 'Brühl 65' is present on page 

2018-03-20 09:28:28 - [MESSAGE][PASSED] - Text 'Brühl 65' is present on page 

2018-03-20 09:28:28 - [TEST_STEP][PASSED] - verifyTextPresent: Text '04109 Leipzig' is present on page 

2018-03-20 09:28:28 - [MESSAGE][PASSED] - Text '04109 Leipzig' is present on page 

2018-03-20 09:28:28 - [TEST_STEP][PASSED] - click: Object: 'Object Repository/42TF/Page_Filialsuche-nuernberg - BVR HT (2)/svg_dropdown-icons' is clicked on

2018-03-20 09:28:29 - [MESSAGE][PASSED] - Object: 'Object Repository/42TF/Page_Filialsuche-nuernberg - BVR HT (2)/svg_dropdown-icons' is clicked on

2018-03-20 09:28:29 - [TEST_STEP][PASSED] - delay: Delayed 2 second(s)

2018-03-20 09:28:31 - [MESSAGE][PASSED] - Delayed 2 second(s)

2018-03-20 09:28:31 - [TEST_STEP][PASSED] - mouseOver: Object: 'Object Repository/42TF/Page_Filialsuche-nuernberg - BVR HT (2)/div_Regensburg' is hovered

2018-03-20 09:28:31 - [MESSAGE][PASSED] - Object: 'Object Repository/42TF/Page_Filialsuche-nuernberg - BVR HT (2)/div_Regensburg' is hovered

2018-03-20 09:28:31 - [TEST_STEP][PASSED] - click: Object: 'Object Repository/42TF/Page_Filialsuche-nuernberg - BVR HT (2)/div_Regensburg' is clicked on

2018-03-20 09:28:31 - [MESSAGE][PASSED] - Object: 'Object Repository/42TF/Page_Filialsuche-nuernberg - BVR HT (2)/div_Regensburg' is clicked on

2018-03-20 09:28:31 - [TEST_STEP][PASSED] - delay: Delayed 2 second(s)

2018-03-20 09:28:33 - [MESSAGE][PASSED] - Delayed 2 second(s)

2018-03-20 09:28:33 - [TEST_STEP][PASSED] - verifyTextPresent: Text 'Beratungsbüro Regensburg' is present on page 

2018-03-20 09:28:33 - [MESSAGE][PASSED] - Text 'Beratungsbüro Regensburg' is present on page 

2018-03-20 09:28:33 - [TEST_STEP][PASSED] - verifyTextPresent: Text 'Dr.-Leo-Ritter-Str. 2 (1. OG)' is present on page 

2018-03-20 09:28:33 - [MESSAGE][PASSED] - Text 'Dr.-Leo-Ritter-Str. 2 (1. OG)' is present on page 

2018-03-20 09:28:33 - [TEST_STEP][PASSED] - verifyTextPresent: Text '93049 Regensburg' is present on page 

2018-03-20 09:28:33 - [MESSAGE][PASSED] - Text '93049 Regensburg' is present on page 

2018-03-20 09:28:33 - [TEST_STEP][PASSED] - click: Object: 'Object Repository/42TF/Page_Filialsuche-nuernberg - BVR HT (2)/svg_dropdown-icons' is clicked on

2018-03-20 09:28:33 - [MESSAGE][PASSED] - Object: 'Object Repository/42TF/Page_Filialsuche-nuernberg - BVR HT (2)/svg_dropdown-icons' is clicked on

2018-03-20 09:28:33 - [TEST_STEP][PASSED] - delay: Delayed 2 second(s)

2018-03-20 09:28:35 - [MESSAGE][PASSED] - Delayed 2 second(s)

2018-03-20 09:28:35 - [TEST_STEP][PASSED] - mouseOver: Object: 'Object Repository/42TF/Page_Filialsuche-nuernberg - BVR HT (2)/div_Wrzburg' is hovered

2018-03-20 09:28:35 - [MESSAGE][PASSED] - Object: 'Object Repository/42TF/Page_Filialsuche-nuernberg - BVR HT (2)/div_Wrzburg' is hovered

2018-03-20 09:28:35 - [TEST_STEP][PASSED] - click: Object: 'Object Repository/42TF/Page_Filialsuche-nuernberg - BVR HT (2)/div_Wrzburg' is clicked on

2018-03-20 09:28:35 - [MESSAGE][PASSED] - Object: 'Object Repository/42TF/Page_Filialsuche-nuernberg - BVR HT (2)/div_Wrzburg' is clicked on

2018-03-20 09:28:35 - [TEST_STEP][PASSED] - delay: Delayed 2 second(s)

2018-03-20 09:28:37 - [MESSAGE][PASSED] - Delayed 2 second(s)

2018-03-20 09:28:37 - [TEST_STEP][PASSED] - verifyTextPresent: Text 'PSD Bank Nürnberg eG, Filiale Würzburg' is present on page 

2018-03-20 09:28:37 - [MESSAGE][PASSED] - Text 'PSD Bank Nürnberg eG, Filiale Würzburg' is present on page 

2018-03-20 09:28:37 - [TEST_STEP][PASSED] - verifyTextPresent: Text 'Ludwigstr. 22' is present on page 

2018-03-20 09:28:37 - [MESSAGE][PASSED] - Text 'Ludwigstr. 22' is present on page 

2018-03-20 09:28:37 - [TEST_STEP][PASSED] - verifyTextPresent: Text '97070 Würzburg' is present on page 

2018-03-20 09:28:37 - [MESSAGE][PASSED] - Text '97070 Würzburg' is present on page 

2018-03-20 09:28:37 - [TEST_STEP][PASSED] - closeBrowser: Browser is closed

2018-03-20 09:28:38 - [MESSAGE][PASSED] - Browser is closed]]></system-out>
         <system-err><![CDATA[]]></system-err>
      </testcase>
      <testcase name="Test Cases/Prototyp_Filialsuche (RC 18)/43_Testfall" classname="Test Cases/Prototyp_Filialsuche (RC 18)/43_Testfall" status="PASSED">
         <system-out><![CDATA[2018-03-20 09:28:38 - [TEST_CASE][PASSED] - Test Cases/Prototyp_Filialsuche (RC 18)/43_Testfall: Test Cases/Prototyp_Filialsuche (RC 18)/43_Testfall

2018-03-20 09:28:38 - [TEST_STEP][PASSED] - openBrowser: Browser is opened with url: ''

2018-03-20 09:28:52 - [MESSAGE][PASSED] - Browser is opened with url: ''

2018-03-20 09:28:52 - [TEST_STEP][PASSED] - deleteAllCookies: Delete all cookies successfully

2018-03-20 09:28:52 - [MESSAGE][PASSED] - Delete all cookies successfully

2018-03-20 09:28:57 - [TEST_STEP][PASSED] - maximizeWindow: Current window maximized

2018-03-20 09:28:57 - [MESSAGE][PASSED] - Current window maximized

2018-03-20 09:28:57 - [TEST_STEP][PASSED] - navigateToUrl: Navigate to 'http://rc-ogrhtmlprototyp.testintern/18-1-0/filialsuche-nuernberg.html' successfully

2018-03-20 09:28:59 - [MESSAGE][PASSED] - Navigate to 'http://rc-ogrhtmlprototyp.testintern/18-1-0/filialsuche-nuernberg.html' successfully

2018-03-20 09:28:59 - [TEST_STEP][PASSED] - delay: Delayed 5 second(s)

2018-03-20 09:29:04 - [MESSAGE][PASSED] - Delayed 5 second(s)

2018-03-20 09:29:04 - [TEST_STEP][PASSED] - Statement - wes1 = com.kms.katalon.core.webui.common.WebUiCommonHelper.findWebElements(com.kms.katalon.core.testobject.ObjectRepository.findTestObject(filial_map), 5): Found 10 web elements with id: 'Object Repository/filial_map' located by 'By.xpath: //div[@class='aps-map__custom-marker']' in '5' second(s)

2018-03-20 09:29:04 - [TEST_STEP][PASSED] - Statement - wes2 = com.kms.katalon.core.webui.common.WebUiCommonHelper.findWebElements(com.kms.katalon.core.testobject.ObjectRepository.findTestObject(loc_steet_filialsuche), 5): Found 10 web elements with id: 'Object Repository/loc_steet_filialsuche' located by 'By.xpath: //div[@class='loc-street']' in '5' second(s)

2018-03-20 09:29:04 - [TEST_STEP][PASSED] - Statement - filial_maps_count = wes1.size(): null

2018-03-20 09:29:04 - [TEST_STEP][PASSED] - Statement - filial_accordeon_count = wes2.size(): null

2018-03-20 09:29:04 - [TEST_STEP][PASSED] - Statement - filial_count = 10: null

2018-03-20 09:29:04 - [TEST_STEP][PASSED] - Statement - If (filial_maps_count != filial_count): null

2018-03-20 09:29:04 - [TEST_STEP][PASSED] - closeBrowser: Browser is closed

2018-03-20 09:29:04 - [MESSAGE][PASSED] - Browser is closed]]></system-out>
         <system-err><![CDATA[]]></system-err>
      </testcase>
      <testcase name="Test Cases/Prototyp_Filialsuche (RC 18)/44-Testfall" classname="Test Cases/Prototyp_Filialsuche (RC 18)/44-Testfall" status="PASSED">
         <system-out><![CDATA[2018-03-20 09:29:04 - [TEST_CASE][PASSED] - Test Cases/Prototyp_Filialsuche (RC 18)/44-Testfall: Test Cases/Prototyp_Filialsuche (RC 18)/44-Testfall

2018-03-20 09:29:05 - [TEST_STEP][PASSED] - openBrowser: Browser is opened with url: ''

2018-03-20 09:29:06 - [MESSAGE][PASSED] - Browser is opened with url: ''

2018-03-20 09:29:06 - [TEST_STEP][PASSED] - deleteAllCookies: Delete all cookies successfully

2018-03-20 09:29:06 - [MESSAGE][PASSED] - Delete all cookies successfully

2018-03-20 09:29:06 - [TEST_STEP][PASSED] - maximizeWindow: Current window maximized

2018-03-20 09:29:06 - [MESSAGE][PASSED] - Current window maximized

2018-03-20 09:29:06 - [TEST_STEP][PASSED] - navigateToUrl: Navigate to 'http://rc-ogrhtmlprototyp.testintern/18-1-0/filialsuche-wangen.html' successfully

2018-03-20 09:29:08 - [MESSAGE][PASSED] - Navigate to 'http://rc-ogrhtmlprototyp.testintern/18-1-0/filialsuche-wangen.html' successfully

2018-03-20 09:29:08 - [TEST_STEP][PASSED] - delay: Delayed 5 second(s)

2018-03-20 09:29:13 - [MESSAGE][PASSED] - Delayed 5 second(s)

2018-03-20 09:29:13 - [TEST_STEP][PASSED] - Statement - wes1 = com.kms.katalon.core.webui.common.WebUiCommonHelper.findWebElements(com.kms.katalon.core.testobject.ObjectRepository.findTestObject(filial_map), 5): Found 4 web elements with id: 'Object Repository/filial_map' located by 'By.xpath: //div[@class='aps-map__custom-marker']' in '5' second(s)

2018-03-20 09:29:13 - [TEST_STEP][PASSED] - Statement - wes2 = com.kms.katalon.core.webui.common.WebUiCommonHelper.findWebElements(com.kms.katalon.core.testobject.ObjectRepository.findTestObject(loc_steet_filialsuche), 5): Found 4 web elements with id: 'Object Repository/loc_steet_filialsuche' located by 'By.xpath: //div[@class='loc-street']' in '5' second(s)

2018-03-20 09:29:13 - [TEST_STEP][PASSED] - Statement - filial_maps_count = wes1.size(): null

2018-03-20 09:29:13 - [TEST_STEP][PASSED] - Statement - filial_accordeon_count = wes2.size(): null

2018-03-20 09:29:13 - [TEST_STEP][PASSED] - Statement - filial_count = 4: null

2018-03-20 09:29:13 - [TEST_STEP][PASSED] - Statement - If (filial_maps_count != filial_count): null

2018-03-20 09:29:13 - [TEST_STEP][PASSED] - closeBrowser: Browser is closed

2018-03-20 09:29:13 - [MESSAGE][PASSED] - Browser is closed]]></system-out>
         <system-err><![CDATA[]]></system-err>
      </testcase>
      <testcase name="Test Cases/Prototyp_Filialsuche (RC 18)/45_Testfall" classname="Test Cases/Prototyp_Filialsuche (RC 18)/45_Testfall" status="PASSED">
         <system-out><![CDATA[2018-03-20 09:29:13 - [TEST_CASE][PASSED] - Test Cases/Prototyp_Filialsuche (RC 18)/45_Testfall: Test Cases/Prototyp_Filialsuche (RC 18)/45_Testfall

2018-03-20 09:29:13 - [TEST_STEP][PASSED] - openBrowser: Browser is opened with url: ''

2018-03-20 09:29:15 - [MESSAGE][PASSED] - Browser is opened with url: ''

2018-03-20 09:29:15 - [TEST_STEP][PASSED] - deleteAllCookies: Delete all cookies successfully

2018-03-20 09:29:15 - [MESSAGE][PASSED] - Delete all cookies successfully

2018-03-20 09:29:15 - [TEST_STEP][PASSED] - maximizeWindow: Current window maximized

2018-03-20 09:29:15 - [MESSAGE][PASSED] - Current window maximized

2018-03-20 09:29:15 - [TEST_STEP][PASSED] - navigateToUrl: Navigate to 'http://rc-ogrhtmlprototyp.testintern/18-1-0/filialsuche-textinput.html' successfully

2018-03-20 09:29:16 - [MESSAGE][PASSED] - Navigate to 'http://rc-ogrhtmlprototyp.testintern/18-1-0/filialsuche-textinput.html' successfully

2018-03-20 09:29:16 - [TEST_STEP][PASSED] - delay: Delayed 5 second(s)

2018-03-20 09:29:21 - [MESSAGE][PASSED] - Delayed 5 second(s)

2018-03-20 09:29:21 - [TEST_STEP][PASSED] - setText: Text 'berlin' is set on object 'Object Repository/34TF/Page_Filialsuche-textinput - BVR HT/input_city'

2018-03-20 09:29:21 - [MESSAGE][PASSED] - Text 'berlin' is set on object 'Object Repository/34TF/Page_Filialsuche-textinput - BVR HT/input_city'

2018-03-20 09:29:21 - [TEST_STEP][PASSED] - click: Object: 'Object Repository/34TF/Page_Filialsuche-textinput - BVR HT (1)/button_Suchen' is clicked on

2018-03-20 09:29:21 - [MESSAGE][PASSED] - Object: 'Object Repository/34TF/Page_Filialsuche-textinput - BVR HT (1)/button_Suchen' is clicked on

2018-03-20 09:29:21 - [TEST_STEP][PASSED] - delay: Delayed 3 second(s)

2018-03-20 09:29:24 - [MESSAGE][PASSED] - Delayed 3 second(s)

2018-03-20 09:29:24 - [TEST_STEP][PASSED] - Statement - wes1 = com.kms.katalon.core.webui.common.WebUiCommonHelper.findWebElements(com.kms.katalon.core.testobject.ObjectRepository.findTestObject(filial_map), 5): Found 25 web elements with id: 'Object Repository/filial_map' located by 'By.xpath: //div[@class='aps-map__custom-marker']' in '5' second(s)

2018-03-20 09:29:24 - [TEST_STEP][PASSED] - Statement - wes2 = com.kms.katalon.core.webui.common.WebUiCommonHelper.findWebElements(com.kms.katalon.core.testobject.ObjectRepository.findTestObject(loc_steet_filialsuche), 5): Found 25 web elements with id: 'Object Repository/loc_steet_filialsuche' located by 'By.xpath: //div[@class='loc-street']' in '5' second(s)

2018-03-20 09:29:24 - [TEST_STEP][PASSED] - Statement - filial_maps_count = wes1.size(): null

2018-03-20 09:29:24 - [TEST_STEP][PASSED] - Statement - filial_accordeon_count = wes2.size(): null

2018-03-20 09:29:24 - [TEST_STEP][PASSED] - Statement - filial_count = 25: null

2018-03-20 09:29:24 - [TEST_STEP][PASSED] - Statement - If (filial_maps_count != filial_count): null

2018-03-20 09:29:24 - [TEST_STEP][PASSED] - closeBrowser: Browser is closed

2018-03-20 09:29:24 - [MESSAGE][PASSED] - Browser is closed]]></system-out>
         <system-err><![CDATA[]]></system-err>
      </testcase>
      <testcase name="Test Cases/Prototyp_Filialsuche (RC 18)/46_Testfall" classname="Test Cases/Prototyp_Filialsuche (RC 18)/46_Testfall" status="PASSED">
         <system-out><![CDATA[2018-03-20 09:29:24 - [TEST_CASE][PASSED] - Test Cases/Prototyp_Filialsuche (RC 18)/46_Testfall: Test Cases/Prototyp_Filialsuche (RC 18)/46_Testfall

2018-03-20 09:29:24 - [TEST_STEP][PASSED] - openBrowser: Browser is opened with url: ''

2018-03-20 09:29:25 - [MESSAGE][PASSED] - Browser is opened with url: ''

2018-03-20 09:29:25 - [TEST_STEP][PASSED] - maximizeWindow: Current window maximized

2018-03-20 09:29:26 - [MESSAGE][PASSED] - Current window maximized

2018-03-20 09:29:26 - [TEST_STEP][PASSED] - deleteAllCookies: Delete all cookies successfully

2018-03-20 09:29:26 - [MESSAGE][PASSED] - Delete all cookies successfully

2018-03-20 09:29:26 - [TEST_STEP][PASSED] - navigateToUrl: Navigate to 'http://kundentest.dev-unitb.de/ogrhtmlprototyp/ogrhtmlprototyp/filialsuche-wangen-textinput.html' successfully

2018-03-20 09:29:28 - [MESSAGE][PASSED] - Navigate to 'http://kundentest.dev-unitb.de/ogrhtmlprototyp/ogrhtmlprototyp/filialsuche-wangen-textinput.html' successfully

2018-03-20 09:29:28 - [TEST_STEP][PASSED] - delay: Delayed 5 second(s)

2018-03-20 09:29:33 - [MESSAGE][PASSED] - Delayed 5 second(s)

2018-03-20 09:29:33 - [TEST_STEP][PASSED] - setText: Text 'Rechberghausen' is set on object 'Object Repository/Filialsuche_Inputtext'

2018-03-20 09:29:33 - [MESSAGE][PASSED] - Text 'Rechberghausen' is set on object 'Object Repository/Filialsuche_Inputtext'

2018-03-20 09:29:33 - [TEST_STEP][PASSED] - delay: Delayed 2 second(s)

2018-03-20 09:29:35 - [MESSAGE][PASSED] - Delayed 2 second(s)

2018-03-20 09:29:35 - [TEST_STEP][PASSED] - submit: The form containing object: 'Object Repository/Filialsuche_submit_button' is submitted

2018-03-20 09:29:35 - [MESSAGE][PASSED] - The form containing object: 'Object Repository/Filialsuche_submit_button' is submitted

2018-03-20 09:29:35 - [TEST_STEP][PASSED] - delay: Delayed 2 second(s)

2018-03-20 09:29:37 - [MESSAGE][PASSED] - Delayed 2 second(s)

2018-03-20 09:29:37 - [TEST_STEP][PASSED] - verifyTextPresent: Text 'Geschäftsstelle Rechberghausen' is present on page 

2018-03-20 09:29:37 - [MESSAGE][PASSED] - Text 'Geschäftsstelle Rechberghausen' is present on page 

2018-03-20 09:29:37 - [TEST_STEP][PASSED] - verifyTextPresent: Text 'Hauptstr. 37' is present on page 

2018-03-20 09:29:37 - [MESSAGE][PASSED] - Text 'Hauptstr. 37' is present on page 

2018-03-20 09:29:37 - [TEST_STEP][PASSED] - verifyTextPresent: Text '73098 Rechberghausen' is present on page 

2018-03-20 09:29:37 - [MESSAGE][PASSED] - Text '73098 Rechberghausen' is present on page 

2018-03-20 09:29:37 - [TEST_STEP][PASSED] - verifyTextPresent: Text 'Geschäftsstelle Börtlingen' is present on page 

2018-03-20 09:29:37 - [MESSAGE][PASSED] - Text 'Geschäftsstelle Börtlingen' is present on page 

2018-03-20 09:29:37 - [TEST_STEP][PASSED] - verifyTextPresent: Text 'Geschäftsstelle Uhingen-Holzhausen' is present on page 

2018-03-20 09:29:37 - [MESSAGE][PASSED] - Text 'Geschäftsstelle Uhingen-Holzhausen' is present on page 

2018-03-20 09:29:37 - [TEST_STEP][PASSED] - verifyTextPresent: Text 'Raiffeisenbank Wangen eG' is present on page 

2018-03-20 09:29:37 - [MESSAGE][PASSED] - Text 'Raiffeisenbank Wangen eG' is present on page 

2018-03-20 09:29:37 - [TEST_STEP][PASSED] - delay: Delayed 2 second(s)

2018-03-20 09:29:39 - [MESSAGE][PASSED] - Delayed 2 second(s)

2018-03-20 09:29:39 - [TEST_STEP][PASSED] - setText: Text 'Börtlingen' is set on object 'Object Repository/Filialsuche_Inputtext'

2018-03-20 09:29:39 - [MESSAGE][PASSED] - Text 'Börtlingen' is set on object 'Object Repository/Filialsuche_Inputtext'

2018-03-20 09:29:39 - [TEST_STEP][PASSED] - delay: Delayed 2 second(s)

2018-03-20 09:29:41 - [MESSAGE][PASSED] - Delayed 2 second(s)

2018-03-20 09:29:41 - [TEST_STEP][PASSED] - submit: The form containing object: 'Object Repository/Filialsuche_submit_button' is submitted

2018-03-20 09:29:41 - [MESSAGE][PASSED] - The form containing object: 'Object Repository/Filialsuche_submit_button' is submitted

2018-03-20 09:29:41 - [TEST_STEP][PASSED] - delay: Delayed 2 second(s)

2018-03-20 09:29:43 - [MESSAGE][PASSED] - Delayed 2 second(s)

2018-03-20 09:29:44 - [TEST_STEP][PASSED] - verifyTextPresent: Text 'Geschäftsstelle Börtlingen' is present on page 

2018-03-20 09:29:44 - [MESSAGE][PASSED] - Text 'Geschäftsstelle Börtlingen' is present on page 

2018-03-20 09:29:44 - [TEST_STEP][PASSED] - verifyTextPresent: Text 'Hauptstr. 56' is present on page 

2018-03-20 09:29:44 - [MESSAGE][PASSED] - Text 'Hauptstr. 56' is present on page 

2018-03-20 09:29:44 - [TEST_STEP][PASSED] - verifyTextPresent: Text '73104 Börtlingen' is present on page 

2018-03-20 09:29:44 - [MESSAGE][PASSED] - Text '73104 Börtlingen' is present on page 

2018-03-20 09:29:44 - [TEST_STEP][PASSED] - verifyTextPresent: Text 'Geschäftsstelle Rechberghausen' is present on page 

2018-03-20 09:29:44 - [MESSAGE][PASSED] - Text 'Geschäftsstelle Rechberghausen' is present on page 

2018-03-20 09:29:44 - [TEST_STEP][PASSED] - verifyTextPresent: Text 'Geschäftsstelle Uhingen-Holzhausen' is present on page 

2018-03-20 09:29:44 - [MESSAGE][PASSED] - Text 'Geschäftsstelle Uhingen-Holzhausen' is present on page 

2018-03-20 09:29:44 - [TEST_STEP][PASSED] - verifyTextPresent: Text 'Raiffeisenbank Wangen eG' is present on page 

2018-03-20 09:29:44 - [MESSAGE][PASSED] - Text 'Raiffeisenbank Wangen eG' is present on page 

2018-03-20 09:29:44 - [TEST_STEP][PASSED] - delay: Delayed 2 second(s)

2018-03-20 09:29:46 - [MESSAGE][PASSED] - Delayed 2 second(s)

2018-03-20 09:29:46 - [TEST_STEP][PASSED] - setText: Text 'Uhingen ' is set on object 'Object Repository/Filialsuche_Inputtext'

2018-03-20 09:29:46 - [MESSAGE][PASSED] - Text 'Uhingen ' is set on object 'Object Repository/Filialsuche_Inputtext'

2018-03-20 09:29:46 - [TEST_STEP][PASSED] - delay: Delayed 2 second(s)

2018-03-20 09:29:48 - [MESSAGE][PASSED] - Delayed 2 second(s)

2018-03-20 09:29:48 - [TEST_STEP][PASSED] - submit: The form containing object: 'Object Repository/Filialsuche_submit_button' is submitted

2018-03-20 09:29:48 - [MESSAGE][PASSED] - The form containing object: 'Object Repository/Filialsuche_submit_button' is submitted

2018-03-20 09:29:48 - [TEST_STEP][PASSED] - delay: Delayed 2 second(s)

2018-03-20 09:29:50 - [MESSAGE][PASSED] - Delayed 2 second(s)

2018-03-20 09:29:50 - [TEST_STEP][PASSED] - verifyTextPresent: Text 'Geschäftsstelle Uhingen-Holzhausen' is present on page 

2018-03-20 09:29:50 - [MESSAGE][PASSED] - Text 'Geschäftsstelle Uhingen-Holzhausen' is present on page 

2018-03-20 09:29:50 - [TEST_STEP][PASSED] - verifyTextPresent: Text 'Dorfstr. 17 a' is present on page 

2018-03-20 09:29:50 - [MESSAGE][PASSED] - Text 'Dorfstr. 17 a' is present on page 

2018-03-20 09:29:50 - [TEST_STEP][PASSED] - verifyTextPresent: Text '73066 Uhingen' is present on page 

2018-03-20 09:29:50 - [MESSAGE][PASSED] - Text '73066 Uhingen' is present on page 

2018-03-20 09:29:50 - [TEST_STEP][PASSED] - verifyTextPresent: Text 'Geschäftsstelle Börtlingen' is present on page 

2018-03-20 09:29:50 - [MESSAGE][PASSED] - Text 'Geschäftsstelle Börtlingen' is present on page 

2018-03-20 09:29:50 - [TEST_STEP][PASSED] - verifyTextPresent: Text 'Geschäftsstelle Rechberghausen' is present on page 

2018-03-20 09:29:50 - [MESSAGE][PASSED] - Text 'Geschäftsstelle Rechberghausen' is present on page 

2018-03-20 09:29:50 - [TEST_STEP][PASSED] - verifyTextPresent: Text 'Raiffeisenbank Wangen eG' is present on page 

2018-03-20 09:29:50 - [MESSAGE][PASSED] - Text 'Raiffeisenbank Wangen eG' is present on page 

2018-03-20 09:29:50 - [TEST_STEP][PASSED] - closeBrowser: Browser is closed

2018-03-20 09:29:50 - [MESSAGE][PASSED] - Browser is closed]]></system-out>
         <system-err><![CDATA[]]></system-err>
      </testcase>
      <testcase name="Test Cases/Prototyp_Filialsuche (RC 18)/59_Testfall" classname="Test Cases/Prototyp_Filialsuche (RC 18)/59_Testfall" status="FAILED">
         <failure type="FAILED" message="Anzahl Maps 19 ist NICHT gleich Anzahl Filialen 20"/>
         <system-out><![CDATA[2018-03-20 09:29:50 - [TEST_CASE][FAILED] - Test Cases/Prototyp_Filialsuche (RC 18)/59_Testfall: Test Cases/Prototyp_Filialsuche (RC 18)/59_Testfall FAILED because (of) Anzahl Maps 19 ist NICHT gleich Anzahl Filialen 20

2018-03-20 09:29:50 - [TEST_STEP][PASSED] - openBrowser: Browser is opened with url: ''

2018-03-20 09:29:53 - [MESSAGE][PASSED] - Browser is opened with url: ''

2018-03-20 09:29:53 - [TEST_STEP][PASSED] - deleteAllCookies: Delete all cookies successfully

2018-03-20 09:29:53 - [MESSAGE][PASSED] - Delete all cookies successfully

2018-03-20 09:29:53 - [TEST_STEP][PASSED] - maximizeWindow: Current window maximized

2018-03-20 09:29:53 - [MESSAGE][PASSED] - Current window maximized

2018-03-20 09:29:53 - [TEST_STEP][PASSED] - navigateToUrl: Navigate to 'http://rc-ogrhtmlprototyp.testintern/18-1-0/filialsuche-rotenburg.html' successfully

2018-03-20 09:29:54 - [MESSAGE][PASSED] - Navigate to 'http://rc-ogrhtmlprototyp.testintern/18-1-0/filialsuche-rotenburg.html' successfully

2018-03-20 09:29:54 - [TEST_STEP][PASSED] - delay: Delayed 5 second(s)

2018-03-20 09:29:59 - [MESSAGE][PASSED] - Delayed 5 second(s)

2018-03-20 09:29:59 - [TEST_STEP][PASSED] - Statement - wes1 = com.kms.katalon.core.webui.common.WebUiCommonHelper.findWebElements(com.kms.katalon.core.testobject.ObjectRepository.findTestObject(filial_map), 5): Found 19 web elements with id: 'Object Repository/filial_map' located by 'By.xpath: //div[@class='aps-map__custom-marker']' in '5' second(s)

2018-03-20 09:29:59 - [TEST_STEP][PASSED] - Statement - wes2 = com.kms.katalon.core.webui.common.WebUiCommonHelper.findWebElements(com.kms.katalon.core.testobject.ObjectRepository.findTestObject(loc_steet_filialsuche), 5): Found 20 web elements with id: 'Object Repository/loc_steet_filialsuche' located by 'By.xpath: //div[@class='loc-street']' in '5' second(s)

2018-03-20 09:29:59 - [TEST_STEP][PASSED] - Statement - filial_maps_count = wes1.size(): null

2018-03-20 09:29:59 - [TEST_STEP][PASSED] - Statement - filial_accordeon_count = wes2.size(): null

2018-03-20 09:29:59 - [TEST_STEP][PASSED] - Statement - filial_count = 20: null

2018-03-20 09:29:59 - [TEST_STEP][PASSED] - Statement - If (filial_maps_count != filial_count): null

2018-03-20 09:29:59 - [TEST_STEP][PASSED] - comment: Anzahl Maps 19 ist NICHT gleich Anzahl Filialen 20

2018-03-20 09:29:59 - [TEST_STEP][PASSED] - closeBrowser: Browser is closed

2018-03-20 09:29:59 - [MESSAGE][PASSED] - Browser is closed

2018-03-20 09:29:59 - [TEST_STEP][PASSED] - Statement - Throw new com.kms.katalon.core.exception.StepFailedException((((Anzahl Maps  + filial_maps_count) +  ist NICHT gleich Anzahl Filialen ) + filial_count)): null]]></system-out>
         <system-err><![CDATA[2018-03-20 09:29:50 - [TEST_CASE][FAILED] - Test Cases/Prototyp_Filialsuche (RC 18)/59_Testfall: Test Cases/Prototyp_Filialsuche (RC 18)/59_Testfall FAILED because (of) Anzahl Maps 19 ist NICHT gleich Anzahl Filialen 20]]></system-err>
      </testcase>
      <testcase name="Test Cases/Prototyp_Filialsuche (RC 18)/47_Testfall" classname="Test Cases/Prototyp_Filialsuche (RC 18)/47_Testfall" status="PASSED">
         <system-out><![CDATA[2018-03-20 09:29:59 - [TEST_CASE][PASSED] - Test Cases/Prototyp_Filialsuche (RC 18)/47_Testfall: Test Cases/Prototyp_Filialsuche (RC 18)/47_Testfall

2018-03-20 09:29:59 - [TEST_STEP][PASSED] - openBrowser: Browser is opened with url: ''

2018-03-20 09:30:01 - [MESSAGE][PASSED] - Browser is opened with url: ''

2018-03-20 09:30:01 - [TEST_STEP][PASSED] - maximizeWindow: Current window maximized

2018-03-20 09:30:01 - [MESSAGE][PASSED] - Current window maximized

2018-03-20 09:30:01 - [TEST_STEP][PASSED] - deleteAllCookies: Delete all cookies successfully

2018-03-20 09:30:01 - [MESSAGE][PASSED] - Delete all cookies successfully

2018-03-20 09:30:01 - [TEST_STEP][PASSED] - navigateToUrl: Navigate to 'http://rc-ogrhtmlprototyp.testintern/18-1-0/filialsuche-textinput.html' successfully

2018-03-20 09:30:02 - [MESSAGE][PASSED] - Navigate to 'http://rc-ogrhtmlprototyp.testintern/18-1-0/filialsuche-textinput.html' successfully

2018-03-20 09:30:02 - [TEST_STEP][PASSED] - delay: Delayed 5 second(s)

2018-03-20 09:30:07 - [MESSAGE][PASSED] - Delayed 5 second(s)

2018-03-20 09:30:07 - [TEST_STEP][PASSED] - setText: Text 'Berlin' is set on object 'Object Repository/OGRPrototypFilialsuche - Berlin Zentrum/input_city'

2018-03-20 09:30:07 - [MESSAGE][PASSED] - Text 'Berlin' is set on object 'Object Repository/OGRPrototypFilialsuche - Berlin Zentrum/input_city'

2018-03-20 09:30:07 - [TEST_STEP][PASSED] - sendKeys: Keys 'ENTER + ' sent to object: 'Object Repository/OGRPrototypFilialsuche - Berlin Zentrum/input_city'

2018-03-20 09:30:08 - [MESSAGE][PASSED] - Keys 'ENTER + ' sent to object: 'Object Repository/OGRPrototypFilialsuche - Berlin Zentrum/input_city'

2018-03-20 09:30:08 - [TEST_STEP][PASSED] - delay: Delayed 5 second(s)

2018-03-20 09:30:13 - [MESSAGE][PASSED] - Delayed 5 second(s)

2018-03-20 09:30:13 - [TEST_STEP][PASSED] - verifyElementText: Actual text and expected text of test object 'Object Repository/OGRPrototypFilialsuche - Berlin Zentrum/01ErgebnisText' are matched.

2018-03-20 09:30:13 - [MESSAGE][PASSED] - Actual text and expected text of test object 'Object Repository/OGRPrototypFilialsuche - Berlin Zentrum/01ErgebnisText' are matched.

2018-03-20 09:30:13 - [TEST_STEP][PASSED] - verifyElementText: Actual text and expected text of test object 'Object Repository/OGRPrototypFilialsuche - Berlin Zentrum/02ErgebnisText' are matched.

2018-03-20 09:30:13 - [MESSAGE][PASSED] - Actual text and expected text of test object 'Object Repository/OGRPrototypFilialsuche - Berlin Zentrum/02ErgebnisText' are matched.

2018-03-20 09:30:13 - [TEST_STEP][PASSED] - verifyElementText: Actual text and expected text of test object 'Object Repository/OGRPrototypFilialsuche - Berlin Zentrum/03ErgebnisTest' are matched.

2018-03-20 09:30:13 - [MESSAGE][PASSED] - Actual text and expected text of test object 'Object Repository/OGRPrototypFilialsuche - Berlin Zentrum/03ErgebnisTest' are matched.

2018-03-20 09:30:13 - [TEST_STEP][PASSED] - verifyElementText: Actual text and expected text of test object 'Object Repository/OGRPrototypFilialsuche - Berlin Zentrum/04ErgebnisTest' are matched.

2018-03-20 09:30:13 - [MESSAGE][PASSED] - Actual text and expected text of test object 'Object Repository/OGRPrototypFilialsuche - Berlin Zentrum/04ErgebnisTest' are matched.

2018-03-20 09:30:13 - [TEST_STEP][PASSED] - verifyElementText: Actual text and expected text of test object 'Object Repository/OGRPrototypFilialsuche - Berlin Zentrum/05ErgebnisTest' are matched.

2018-03-20 09:30:13 - [MESSAGE][PASSED] - Actual text and expected text of test object 'Object Repository/OGRPrototypFilialsuche - Berlin Zentrum/05ErgebnisTest' are matched.

2018-03-20 09:30:13 - [TEST_STEP][PASSED] - verifyElementText: Actual text and expected text of test object 'Object Repository/OGRPrototypFilialsuche - Berlin Zentrum/06ErgebnisTest' are matched.

2018-03-20 09:30:13 - [MESSAGE][PASSED] - Actual text and expected text of test object 'Object Repository/OGRPrototypFilialsuche - Berlin Zentrum/06ErgebnisTest' are matched.

2018-03-20 09:30:13 - [TEST_STEP][PASSED] - click: Object: 'Object Repository/naechsteSeite' is clicked on

2018-03-20 09:30:13 - [MESSAGE][PASSED] - Object: 'Object Repository/naechsteSeite' is clicked on

2018-03-20 09:30:13 - [TEST_STEP][PASSED] - delay: Delayed 2 second(s)

2018-03-20 09:30:15 - [MESSAGE][PASSED] - Delayed 2 second(s)

2018-03-20 09:30:15 - [TEST_STEP][PASSED] - verifyElementText: Actual text and expected text of test object 'Object Repository/OGRPrototypFilialsuche - Berlin Zentrum/07ErgebnisTest' are matched.

2018-03-20 09:30:15 - [MESSAGE][PASSED] - Actual text and expected text of test object 'Object Repository/OGRPrototypFilialsuche - Berlin Zentrum/07ErgebnisTest' are matched.

2018-03-20 09:30:15 - [TEST_STEP][PASSED] - verifyElementText: Actual text and expected text of test object 'Object Repository/OGRPrototypFilialsuche - Berlin Zentrum/08ErgebnisTest' are matched.

2018-03-20 09:30:15 - [MESSAGE][PASSED] - Actual text and expected text of test object 'Object Repository/OGRPrototypFilialsuche - Berlin Zentrum/08ErgebnisTest' are matched.

2018-03-20 09:30:15 - [TEST_STEP][PASSED] - verifyElementText: Actual text and expected text of test object 'Object Repository/OGRPrototypFilialsuche - Berlin Zentrum/09ErgebnisTest' are matched.

2018-03-20 09:30:15 - [MESSAGE][PASSED] - Actual text and expected text of test object 'Object Repository/OGRPrototypFilialsuche - Berlin Zentrum/09ErgebnisTest' are matched.

2018-03-20 09:30:15 - [TEST_STEP][PASSED] - verifyElementText: Actual text and expected text of test object 'Object Repository/OGRPrototypFilialsuche - Berlin Zentrum/10ErgebnisTest' are matched.

2018-03-20 09:30:15 - [MESSAGE][PASSED] - Actual text and expected text of test object 'Object Repository/OGRPrototypFilialsuche - Berlin Zentrum/10ErgebnisTest' are matched.

2018-03-20 09:30:15 - [TEST_STEP][PASSED] - verifyElementText: Actual text and expected text of test object 'Object Repository/OGRPrototypFilialsuche - Berlin Zentrum/11ErgebnisTest' are matched.

2018-03-20 09:30:15 - [MESSAGE][PASSED] - Actual text and expected text of test object 'Object Repository/OGRPrototypFilialsuche - Berlin Zentrum/11ErgebnisTest' are matched.

2018-03-20 09:30:15 - [TEST_STEP][PASSED] - verifyElementText: Actual text and expected text of test object 'Object Repository/OGRPrototypFilialsuche - Berlin Zentrum/12ErgebnisTest' are matched.

2018-03-20 09:30:15 - [MESSAGE][PASSED] - Actual text and expected text of test object 'Object Repository/OGRPrototypFilialsuche - Berlin Zentrum/12ErgebnisTest' are matched.

2018-03-20 09:30:15 - [TEST_STEP][PASSED] - click: Object: 'Object Repository/naechsteSeite' is clicked on

2018-03-20 09:30:15 - [MESSAGE][PASSED] - Object: 'Object Repository/naechsteSeite' is clicked on

2018-03-20 09:30:15 - [TEST_STEP][PASSED] - delay: Delayed 2 second(s)

2018-03-20 09:30:17 - [MESSAGE][PASSED] - Delayed 2 second(s)

2018-03-20 09:30:17 - [TEST_STEP][PASSED] - verifyElementText: Actual text and expected text of test object 'Object Repository/OGRPrototypFilialsuche - Berlin Zentrum/13ErgebnisTest' are matched.

2018-03-20 09:30:17 - [MESSAGE][PASSED] - Actual text and expected text of test object 'Object Repository/OGRPrototypFilialsuche - Berlin Zentrum/13ErgebnisTest' are matched.

2018-03-20 09:30:17 - [TEST_STEP][PASSED] - verifyElementText: Actual text and expected text of test object 'Object Repository/OGRPrototypFilialsuche - Berlin Zentrum/14ErgebnisTest' are matched.

2018-03-20 09:30:17 - [MESSAGE][PASSED] - Actual text and expected text of test object 'Object Repository/OGRPrototypFilialsuche - Berlin Zentrum/14ErgebnisTest' are matched.

2018-03-20 09:30:17 - [TEST_STEP][PASSED] - verifyElementText: Actual text and expected text of test object 'Object Repository/OGRPrototypFilialsuche - Berlin Zentrum/15ErgebnisTest' are matched.

2018-03-20 09:30:17 - [MESSAGE][PASSED] - Actual text and expected text of test object 'Object Repository/OGRPrototypFilialsuche - Berlin Zentrum/15ErgebnisTest' are matched.

2018-03-20 09:30:17 - [TEST_STEP][PASSED] - verifyElementText: Actual text and expected text of test object 'Object Repository/OGRPrototypFilialsuche - Berlin Zentrum/16ErgebnisTest' are matched.

2018-03-20 09:30:17 - [MESSAGE][PASSED] - Actual text and expected text of test object 'Object Repository/OGRPrototypFilialsuche - Berlin Zentrum/16ErgebnisTest' are matched.

2018-03-20 09:30:17 - [TEST_STEP][PASSED] - verifyElementText: Actual text and expected text of test object 'Object Repository/OGRPrototypFilialsuche - Berlin Zentrum/17ErgebnisTest' are matched.

2018-03-20 09:30:17 - [MESSAGE][PASSED] - Actual text and expected text of test object 'Object Repository/OGRPrototypFilialsuche - Berlin Zentrum/17ErgebnisTest' are matched.

2018-03-20 09:30:17 - [TEST_STEP][PASSED] - verifyElementText: Actual text and expected text of test object 'Object Repository/OGRPrototypFilialsuche - Berlin Zentrum/18ErgebnisTest' are matched.

2018-03-20 09:30:17 - [MESSAGE][PASSED] - Actual text and expected text of test object 'Object Repository/OGRPrototypFilialsuche - Berlin Zentrum/18ErgebnisTest' are matched.

2018-03-20 09:30:17 - [TEST_STEP][PASSED] - click: Object: 'Object Repository/naechsteSeite' is clicked on

2018-03-20 09:30:17 - [MESSAGE][PASSED] - Object: 'Object Repository/naechsteSeite' is clicked on

2018-03-20 09:30:17 - [TEST_STEP][PASSED] - delay: Delayed 2 second(s)

2018-03-20 09:30:19 - [MESSAGE][PASSED] - Delayed 2 second(s)

2018-03-20 09:30:19 - [TEST_STEP][PASSED] - verifyElementText: Actual text and expected text of test object 'Object Repository/OGRPrototypFilialsuche - Berlin Zentrum/19ErgebnisTest' are matched.

2018-03-20 09:30:19 - [MESSAGE][PASSED] - Actual text and expected text of test object 'Object Repository/OGRPrototypFilialsuche - Berlin Zentrum/19ErgebnisTest' are matched.

2018-03-20 09:30:19 - [TEST_STEP][PASSED] - verifyElementText: Actual text and expected text of test object 'Object Repository/OGRPrototypFilialsuche - Berlin Zentrum/20ErgebnisTest' are matched.

2018-03-20 09:30:19 - [MESSAGE][PASSED] - Actual text and expected text of test object 'Object Repository/OGRPrototypFilialsuche - Berlin Zentrum/20ErgebnisTest' are matched.

2018-03-20 09:30:19 - [TEST_STEP][PASSED] - verifyElementText: Actual text and expected text of test object 'Object Repository/OGRPrototypFilialsuche - Berlin Zentrum/21ErgebnisTest' are matched.

2018-03-20 09:30:19 - [MESSAGE][PASSED] - Actual text and expected text of test object 'Object Repository/OGRPrototypFilialsuche - Berlin Zentrum/21ErgebnisTest' are matched.

2018-03-20 09:30:19 - [TEST_STEP][PASSED] - verifyElementText: Actual text and expected text of test object 'Object Repository/OGRPrototypFilialsuche - Berlin Zentrum/22ErgebnisTest' are matched.

2018-03-20 09:30:19 - [MESSAGE][PASSED] - Actual text and expected text of test object 'Object Repository/OGRPrototypFilialsuche - Berlin Zentrum/22ErgebnisTest' are matched.

2018-03-20 09:30:19 - [TEST_STEP][PASSED] - verifyElementText: Actual text and expected text of test object 'Object Repository/OGRPrototypFilialsuche - Berlin Zentrum/23ErgebnisTest' are matched.

2018-03-20 09:30:19 - [MESSAGE][PASSED] - Actual text and expected text of test object 'Object Repository/OGRPrototypFilialsuche - Berlin Zentrum/23ErgebnisTest' are matched.

2018-03-20 09:30:19 - [TEST_STEP][PASSED] - verifyElementText: Actual text and expected text of test object 'Object Repository/OGRPrototypFilialsuche - Berlin Zentrum/24ErgebnisTest' are matched.

2018-03-20 09:30:19 - [MESSAGE][PASSED] - Actual text and expected text of test object 'Object Repository/OGRPrototypFilialsuche - Berlin Zentrum/24ErgebnisTest' are matched.

2018-03-20 09:30:19 - [TEST_STEP][PASSED] - click: Object: 'Object Repository/naechsteSeite' is clicked on

2018-03-20 09:30:19 - [MESSAGE][PASSED] - Object: 'Object Repository/naechsteSeite' is clicked on

2018-03-20 09:30:19 - [TEST_STEP][PASSED] - delay: Delayed 2 second(s)

2018-03-20 09:30:21 - [MESSAGE][PASSED] - Delayed 2 second(s)

2018-03-20 09:30:21 - [TEST_STEP][PASSED] - verifyElementText: Actual text and expected text of test object 'Object Repository/OGRPrototypFilialsuche - Berlin Zentrum/25ErgebnisTest' are matched.

2018-03-20 09:30:21 - [MESSAGE][PASSED] - Actual text and expected text of test object 'Object Repository/OGRPrototypFilialsuche - Berlin Zentrum/25ErgebnisTest' are matched.

2018-03-20 09:30:21 - [TEST_STEP][PASSED] - closeBrowser: Browser is closed

2018-03-20 09:30:21 - [MESSAGE][PASSED] - Browser is closed]]></system-out>
         <system-err><![CDATA[]]></system-err>
      </testcase>
      <testcase name="Test Cases/Prototyp_Filialsuche (RC 18)/48_Testfall" classname="Test Cases/Prototyp_Filialsuche (RC 18)/48_Testfall" status="PASSED">
         <system-out><![CDATA[2018-03-20 09:30:21 - [TEST_CASE][PASSED] - Test Cases/Prototyp_Filialsuche (RC 18)/48_Testfall: Test Cases/Prototyp_Filialsuche (RC 18)/48_Testfall

2018-03-20 09:30:21 - [TEST_STEP][PASSED] - openBrowser: Browser is opened with url: ''

2018-03-20 09:30:23 - [MESSAGE][PASSED] - Browser is opened with url: ''

2018-03-20 09:30:23 - [TEST_STEP][PASSED] - deleteAllCookies: Delete all cookies successfully

2018-03-20 09:30:23 - [MESSAGE][PASSED] - Delete all cookies successfully

2018-03-20 09:30:23 - [TEST_STEP][PASSED] - navigateToUrl: Navigate to 'http://rc-ogrhtmlprototyp.testintern/18-1-0/filialsuche-nuernberg.html' successfully

2018-03-20 09:30:24 - [MESSAGE][PASSED] - Navigate to 'http://rc-ogrhtmlprototyp.testintern/18-1-0/filialsuche-nuernberg.html' successfully

2018-03-20 09:30:24 - [TEST_STEP][PASSED] - delay: Delayed 5 second(s)

2018-03-20 09:30:29 - [MESSAGE][PASSED] - Delayed 5 second(s)

2018-03-20 09:30:29 - [TEST_STEP][PASSED] - verifyElementText: Actual text and expected text of test object 'Object Repository/OGRPrototypFilialsuche - DistanzNuernberg/01ErgebnisText' are matched.

2018-03-20 09:30:29 - [MESSAGE][PASSED] - Actual text and expected text of test object 'Object Repository/OGRPrototypFilialsuche - DistanzNuernberg/01ErgebnisText' are matched.

2018-03-20 09:30:29 - [TEST_STEP][PASSED] - verifyElementText: Actual text and expected text of test object 'Object Repository/OGRPrototypFilialsuche - DistanzNuernberg/02ErgebnisText' are matched.

2018-03-20 09:30:29 - [MESSAGE][PASSED] - Actual text and expected text of test object 'Object Repository/OGRPrototypFilialsuche - DistanzNuernberg/02ErgebnisText' are matched.

2018-03-20 09:30:29 - [TEST_STEP][PASSED] - verifyElementText: Actual text and expected text of test object 'Object Repository/OGRPrototypFilialsuche - DistanzNuernberg/03ErgebnisTest' are matched.

2018-03-20 09:30:29 - [MESSAGE][PASSED] - Actual text and expected text of test object 'Object Repository/OGRPrototypFilialsuche - DistanzNuernberg/03ErgebnisTest' are matched.

2018-03-20 09:30:29 - [TEST_STEP][PASSED] - verifyElementText: Actual text and expected text of test object 'Object Repository/OGRPrototypFilialsuche - DistanzNuernberg/04ErgebnisTest' are matched.

2018-03-20 09:30:29 - [MESSAGE][PASSED] - Actual text and expected text of test object 'Object Repository/OGRPrototypFilialsuche - DistanzNuernberg/04ErgebnisTest' are matched.

2018-03-20 09:30:29 - [TEST_STEP][PASSED] - verifyElementText: Actual text and expected text of test object 'Object Repository/OGRPrototypFilialsuche - DistanzNuernberg/05ErgebnisTest' are matched.

2018-03-20 09:30:30 - [MESSAGE][PASSED] - Actual text and expected text of test object 'Object Repository/OGRPrototypFilialsuche - DistanzNuernberg/05ErgebnisTest' are matched.

2018-03-20 09:30:30 - [TEST_STEP][PASSED] - verifyElementText: Actual text and expected text of test object 'Object Repository/OGRPrototypFilialsuche - DistanzNuernberg/06ErgebnisTest' are matched.

2018-03-20 09:30:30 - [MESSAGE][PASSED] - Actual text and expected text of test object 'Object Repository/OGRPrototypFilialsuche - DistanzNuernberg/06ErgebnisTest' are matched.

2018-03-20 09:30:30 - [TEST_STEP][PASSED] - click: Object: 'Object Repository/naechsteSeite' is clicked on

2018-03-20 09:30:30 - [MESSAGE][PASSED] - Object: 'Object Repository/naechsteSeite' is clicked on

2018-03-20 09:30:30 - [TEST_STEP][PASSED] - delay: Delayed 2 second(s)

2018-03-20 09:30:32 - [MESSAGE][PASSED] - Delayed 2 second(s)

2018-03-20 09:30:32 - [TEST_STEP][PASSED] - verifyElementText: Actual text and expected text of test object 'Object Repository/OGRPrototypFilialsuche - DistanzNuernberg/07ErgebnisTest' are matched.

2018-03-20 09:30:32 - [MESSAGE][PASSED] - Actual text and expected text of test object 'Object Repository/OGRPrototypFilialsuche - DistanzNuernberg/07ErgebnisTest' are matched.

2018-03-20 09:30:32 - [TEST_STEP][PASSED] - verifyElementText: Actual text and expected text of test object 'Object Repository/OGRPrototypFilialsuche - DistanzNuernberg/08ErgebnisTest' are matched.

2018-03-20 09:30:32 - [MESSAGE][PASSED] - Actual text and expected text of test object 'Object Repository/OGRPrototypFilialsuche - DistanzNuernberg/08ErgebnisTest' are matched.

2018-03-20 09:30:32 - [TEST_STEP][PASSED] - verifyElementText: Actual text and expected text of test object 'Object Repository/OGRPrototypFilialsuche - DistanzNuernberg/09ErgebnisTest' are matched.

2018-03-20 09:30:32 - [MESSAGE][PASSED] - Actual text and expected text of test object 'Object Repository/OGRPrototypFilialsuche - DistanzNuernberg/09ErgebnisTest' are matched.

2018-03-20 09:30:32 - [TEST_STEP][PASSED] - verifyElementText: Actual text and expected text of test object 'Object Repository/OGRPrototypFilialsuche - DistanzNuernberg/10ErgebnisTest' are matched.

2018-03-20 09:30:32 - [MESSAGE][PASSED] - Actual text and expected text of test object 'Object Repository/OGRPrototypFilialsuche - DistanzNuernberg/10ErgebnisTest' are matched.

2018-03-20 09:30:32 - [TEST_STEP][PASSED] - closeBrowser: Browser is closed

2018-03-20 09:30:32 - [MESSAGE][PASSED] - Browser is closed]]></system-out>
         <system-err><![CDATA[]]></system-err>
      </testcase>
      <testcase name="Test Cases/Prototyp_Filialsuche (RC 18)/49_Testfall" classname="Test Cases/Prototyp_Filialsuche (RC 18)/49_Testfall" status="FAILED">
         <failure type="FAILED" message="Verify element text of test object 'Object Repository/OGRPrototypFilialsuche - DistanzRotenburg/01ErgebnisTest' FAILED. (Root cause: Actual text 'VR-Bankverein Bad Hersfeld-Rotenburg eG SB-Stelle  Autohof Süd' and expected text 'VR-Bankverein Bad Hersfeld-Rotenburg eG Filiale Bad Hersfeld' of test object 'Object Repository/OGRPrototypFilialsuche - DistanzRotenburg/01ErgebnisTest' are NOT matched.)"/>
         <system-out><![CDATA[2018-03-20 09:30:32 - [TEST_CASE][FAILED] - Test Cases/Prototyp_Filialsuche (RC 18)/49_Testfall: Test Cases/Prototyp_Filialsuche (RC 18)/49_Testfall FAILED because (of) Verify element text of test object 'Object Repository/OGRPrototypFilialsuche - DistanzRotenburg/01ErgebnisTest' FAILED. (Root cause: Actual text 'VR-Bankverein Bad Hersfeld-Rotenburg eG SB-Stelle  Autohof Süd' and expected text 'VR-Bankverein Bad Hersfeld-Rotenburg eG Filiale Bad Hersfeld' of test object 'Object Repository/OGRPrototypFilialsuche - DistanzRotenburg/01ErgebnisTest' are NOT matched.)

2018-03-20 09:30:32 - [TEST_STEP][PASSED] - openBrowser: Browser is opened with url: ''

2018-03-20 09:30:34 - [MESSAGE][PASSED] - Browser is opened with url: ''

2018-03-20 09:30:34 - [TEST_STEP][PASSED] - maximizeWindow: Current window maximized

2018-03-20 09:30:34 - [MESSAGE][PASSED] - Current window maximized

2018-03-20 09:30:34 - [TEST_STEP][PASSED] - deleteAllCookies: Delete all cookies successfully

2018-03-20 09:30:34 - [MESSAGE][PASSED] - Delete all cookies successfully

2018-03-20 09:30:34 - [TEST_STEP][PASSED] - navigateToUrl: Navigate to 'http://rc-ogrhtmlprototyp.testintern/18-1-0/filialsuche-rotenburg.html' successfully

2018-03-20 09:30:35 - [MESSAGE][PASSED] - Navigate to 'http://rc-ogrhtmlprototyp.testintern/18-1-0/filialsuche-rotenburg.html' successfully

2018-03-20 09:30:35 - [TEST_STEP][PASSED] - delay: Delayed 5 second(s)

2018-03-20 09:30:40 - [MESSAGE][PASSED] - Delayed 5 second(s)

2018-03-20 09:30:40 - [TEST_STEP][FAILED] - verifyElementText: Verify element text of test object 'Object Repository/OGRPrototypFilialsuche - DistanzRotenburg/01ErgebnisTest' FAILED. (Root cause: Actual text 'VR-Bankverein Bad Hersfeld-Rotenburg eG SB-Stelle  Autohof Süd' and expected text 'VR-Bankverein Bad Hersfeld-Rotenburg eG Filiale Bad Hersfeld' of test object 'Object Repository/OGRPrototypFilialsuche - DistanzRotenburg/01ErgebnisTest' are NOT matched.)

2018-03-20 09:30:41 - [MESSAGE][FAILED] - Actual text 'VR-Bankverein Bad Hersfeld-Rotenburg eG SB-Stelle  Autohof Süd' and expected text 'VR-Bankverein Bad Hersfeld-Rotenburg eG Filiale Bad Hersfeld' of test object 'Object Repository/OGRPrototypFilialsuche - DistanzRotenburg/01ErgebnisTest' are NOT matched.
[[ATTACHMENT|/Users/lbut/Desktop/KATALON/Prototyp1_20_03/Prototyp1/Reports/Prototyp Filialsuche (RC18) 13_03_2018/20180320_091422/1521534640610.png]]

2018-03-20 09:30:41 - [MESSAGE][FAILED] - Verify element text of test object 'Object Repository/OGRPrototypFilialsuche - DistanzRotenburg/01ErgebnisTest' FAILED. (Root cause: Actual text 'VR-Bankverein Bad Hersfeld-Rotenburg eG SB-Stelle  Autohof Süd' and expected text 'VR-Bankverein Bad Hersfeld-Rotenburg eG Filiale Bad Hersfeld' of test object 'Object Repository/OGRPrototypFilialsuche - DistanzRotenburg/01ErgebnisTest' are NOT matched.)
[[ATTACHMENT|/Users/lbut/Desktop/KATALON/Prototyp1_20_03/Prototyp1/Reports/Prototyp Filialsuche (RC18) 13_03_2018/20180320_091422/1521534641056.png]]]]></system-out>
         <system-err><![CDATA[2018-03-20 09:30:32 - [TEST_CASE][FAILED] - Test Cases/Prototyp_Filialsuche (RC 18)/49_Testfall: Test Cases/Prototyp_Filialsuche (RC 18)/49_Testfall FAILED because (of) Verify element text of test object 'Object Repository/OGRPrototypFilialsuche - DistanzRotenburg/01ErgebnisTest' FAILED. (Root cause: Actual text 'VR-Bankverein Bad Hersfeld-Rotenburg eG SB-Stelle  Autohof Süd' and expected text 'VR-Bankverein Bad Hersfeld-Rotenburg eG Filiale Bad Hersfeld' of test object 'Object Repository/OGRPrototypFilialsuche - DistanzRotenburg/01ErgebnisTest' are NOT matched.)]]></system-err>
      </testcase>
      <testcase name="Test Cases/Prototyp_Filialsuche (RC 18)/50_Testfall" classname="Test Cases/Prototyp_Filialsuche (RC 18)/50_Testfall" status="PASSED">
         <system-out><![CDATA[2018-03-20 09:30:41 - [TEST_CASE][PASSED] - Test Cases/Prototyp_Filialsuche (RC 18)/50_Testfall: Test Cases/Prototyp_Filialsuche (RC 18)/50_Testfall

2018-03-20 09:30:41 - [TEST_STEP][PASSED] - openBrowser: Browser is opened with url: ''

2018-03-20 09:30:41 - [MESSAGE][WARNING] - A browser is already opened. Closing browser and opening a new one

2018-03-20 09:30:43 - [MESSAGE][PASSED] - Browser is opened with url: ''

2018-03-20 09:30:43 - [TEST_STEP][PASSED] - maximizeWindow: Current window maximized

2018-03-20 09:30:43 - [MESSAGE][PASSED] - Current window maximized

2018-03-20 09:30:43 - [TEST_STEP][PASSED] - deleteAllCookies: Delete all cookies successfully

2018-03-20 09:30:43 - [MESSAGE][PASSED] - Delete all cookies successfully

2018-03-20 09:30:43 - [TEST_STEP][PASSED] - navigateToUrl: Navigate to 'http://rc-ogrhtmlprototyp.testintern/18-1-0/filialsuche.html' successfully

2018-03-20 09:30:45 - [MESSAGE][PASSED] - Navigate to 'http://rc-ogrhtmlprototyp.testintern/18-1-0/filialsuche.html' successfully

2018-03-20 09:30:45 - [TEST_STEP][PASSED] - delay: Delayed 5 second(s)

2018-03-20 09:30:50 - [MESSAGE][PASSED] - Delayed 5 second(s)

2018-03-20 09:30:50 - [TEST_STEP][PASSED] - click: Object: 'Object Repository/03/Page_Filialsuche-rotenburg - BVR HT/svg_dropdown-icons' is clicked on

2018-03-20 09:30:50 - [MESSAGE][PASSED] - Object: 'Object Repository/03/Page_Filialsuche-rotenburg - BVR HT/svg_dropdown-icons' is clicked on

2018-03-20 09:30:50 - [TEST_STEP][PASSED] - delay: Delayed 2 second(s)

2018-03-20 09:30:52 - [MESSAGE][PASSED] - Delayed 2 second(s)

2018-03-20 09:30:52 - [TEST_STEP][PASSED] - mouseOver: Object: 'Object Repository/Belitz_option' is hovered

2018-03-20 09:30:52 - [MESSAGE][PASSED] - Object: 'Object Repository/Belitz_option' is hovered

2018-03-20 09:30:52 - [TEST_STEP][PASSED] - delay: Delayed 2 second(s)

2018-03-20 09:30:54 - [MESSAGE][PASSED] - Delayed 2 second(s)

2018-03-20 09:30:54 - [TEST_STEP][PASSED] - click: Object: 'Object Repository/Belitz_option' is clicked on

2018-03-20 09:30:54 - [MESSAGE][PASSED] - Object: 'Object Repository/Belitz_option' is clicked on

2018-03-20 09:30:54 - [TEST_STEP][PASSED] - delay: Delayed 2 second(s)

2018-03-20 09:30:56 - [MESSAGE][PASSED] - Delayed 2 second(s)

2018-03-20 09:30:56 - [TEST_STEP][PASSED] - verifyElementText: Actual text and expected text of test object 'Object Repository/OGRPrototypFilialsuche - Footer/01ErgebnisText' are matched.

2018-03-20 09:30:56 - [MESSAGE][PASSED] - Actual text and expected text of test object 'Object Repository/OGRPrototypFilialsuche - Footer/01ErgebnisText' are matched.

2018-03-20 09:30:56 - [TEST_STEP][PASSED] - verifyElementText: Actual text and expected text of test object 'Object Repository/OGRPrototypFilialsuche - Footer/02ErgebnisText' are matched.

2018-03-20 09:30:56 - [MESSAGE][PASSED] - Actual text and expected text of test object 'Object Repository/OGRPrototypFilialsuche - Footer/02ErgebnisText' are matched.

2018-03-20 09:30:56 - [TEST_STEP][PASSED] - verifyElementText: Actual text and expected text of test object 'Object Repository/OGRPrototypFilialsuche - Footer/03ErgebnisTest' are matched.

2018-03-20 09:30:56 - [MESSAGE][PASSED] - Actual text and expected text of test object 'Object Repository/OGRPrototypFilialsuche - Footer/03ErgebnisTest' are matched.

2018-03-20 09:30:56 - [TEST_STEP][PASSED] - verifyElementText: Actual text and expected text of test object 'Object Repository/OGRPrototypFilialsuche - Footer/04ErgebnisTest' are matched.

2018-03-20 09:30:56 - [MESSAGE][PASSED] - Actual text and expected text of test object 'Object Repository/OGRPrototypFilialsuche - Footer/04ErgebnisTest' are matched.

2018-03-20 09:30:56 - [TEST_STEP][PASSED] - verifyElementText: Actual text and expected text of test object 'Object Repository/OGRPrototypFilialsuche - Footer/05ErgebnisTest' are matched.

2018-03-20 09:30:56 - [MESSAGE][PASSED] - Actual text and expected text of test object 'Object Repository/OGRPrototypFilialsuche - Footer/05ErgebnisTest' are matched.

2018-03-20 09:30:56 - [TEST_STEP][PASSED] - verifyElementText: Actual text and expected text of test object 'Object Repository/OGRPrototypFilialsuche - Footer/06ErgebnisTest' are matched.

2018-03-20 09:30:56 - [MESSAGE][PASSED] - Actual text and expected text of test object 'Object Repository/OGRPrototypFilialsuche - Footer/06ErgebnisTest' are matched.

2018-03-20 09:30:56 - [TEST_STEP][PASSED] - click: Object: 'Object Repository/naechsteSeite' is clicked on

2018-03-20 09:30:56 - [MESSAGE][PASSED] - Object: 'Object Repository/naechsteSeite' is clicked on

2018-03-20 09:30:56 - [TEST_STEP][PASSED] - delay: Delayed 2 second(s)

2018-03-20 09:30:58 - [MESSAGE][PASSED] - Delayed 2 second(s)

2018-03-20 09:30:58 - [TEST_STEP][PASSED] - verifyElementText: Actual text and expected text of test object 'Object Repository/OGRPrototypFilialsuche - Footer/07ErgebnisTest' are matched.

2018-03-20 09:30:58 - [MESSAGE][PASSED] - Actual text and expected text of test object 'Object Repository/OGRPrototypFilialsuche - Footer/07ErgebnisTest' are matched.

2018-03-20 09:30:58 - [TEST_STEP][PASSED] - verifyElementText: Actual text and expected text of test object 'Object Repository/OGRPrototypFilialsuche - Footer/08ErgebnisTest' are matched.

2018-03-20 09:30:58 - [MESSAGE][PASSED] - Actual text and expected text of test object 'Object Repository/OGRPrototypFilialsuche - Footer/08ErgebnisTest' are matched.

2018-03-20 09:30:58 - [TEST_STEP][PASSED] - verifyElementText: Actual text and expected text of test object 'Object Repository/OGRPrototypFilialsuche - Footer/09ErgebnisTest' are matched.

2018-03-20 09:30:58 - [MESSAGE][PASSED] - Actual text and expected text of test object 'Object Repository/OGRPrototypFilialsuche - Footer/09ErgebnisTest' are matched.

2018-03-20 09:30:58 - [TEST_STEP][PASSED] - verifyElementText: Actual text and expected text of test object 'Object Repository/OGRPrototypFilialsuche - Footer/10ErgebnisTest' are matched.

2018-03-20 09:30:58 - [MESSAGE][PASSED] - Actual text and expected text of test object 'Object Repository/OGRPrototypFilialsuche - Footer/10ErgebnisTest' are matched.

2018-03-20 09:30:58 - [TEST_STEP][PASSED] - verifyElementText: Actual text and expected text of test object 'Object Repository/OGRPrototypFilialsuche - Footer/11ErgebnisTest' are matched.

2018-03-20 09:30:58 - [MESSAGE][PASSED] - Actual text and expected text of test object 'Object Repository/OGRPrototypFilialsuche - Footer/11ErgebnisTest' are matched.

2018-03-20 09:30:58 - [TEST_STEP][PASSED] - verifyElementText: Actual text and expected text of test object 'Object Repository/OGRPrototypFilialsuche - Footer/12ErgebnisTest' are matched.

2018-03-20 09:30:58 - [MESSAGE][PASSED] - Actual text and expected text of test object 'Object Repository/OGRPrototypFilialsuche - Footer/12ErgebnisTest' are matched.

2018-03-20 09:30:58 - [TEST_STEP][PASSED] - click: Object: 'Object Repository/naechsteSeite' is clicked on

2018-03-20 09:30:58 - [MESSAGE][PASSED] - Object: 'Object Repository/naechsteSeite' is clicked on

2018-03-20 09:30:58 - [TEST_STEP][PASSED] - verifyElementText: Actual text and expected text of test object 'Object Repository/OGRPrototypFilialsuche - Footer/13ErgebnisTest' are matched.

2018-03-20 09:30:59 - [MESSAGE][PASSED] - Actual text and expected text of test object 'Object Repository/OGRPrototypFilialsuche - Footer/13ErgebnisTest' are matched.

2018-03-20 09:30:59 - [TEST_STEP][PASSED] - verifyElementText: Actual text and expected text of test object 'Object Repository/OGRPrototypFilialsuche - Footer/14ErgebnisTest' are matched.

2018-03-20 09:30:59 - [MESSAGE][PASSED] - Actual text and expected text of test object 'Object Repository/OGRPrototypFilialsuche - Footer/14ErgebnisTest' are matched.

2018-03-20 09:30:59 - [TEST_STEP][PASSED] - verifyElementText: Actual text and expected text of test object 'Object Repository/OGRPrototypFilialsuche - Footer/15ErgebnisTest' are matched.

2018-03-20 09:30:59 - [MESSAGE][PASSED] - Actual text and expected text of test object 'Object Repository/OGRPrototypFilialsuche - Footer/15ErgebnisTest' are matched.

2018-03-20 09:30:59 - [TEST_STEP][PASSED] - verifyElementText: Actual text and expected text of test object 'Object Repository/OGRPrototypFilialsuche - Footer/16ErgebnisTest' are matched.

2018-03-20 09:30:59 - [MESSAGE][PASSED] - Actual text and expected text of test object 'Object Repository/OGRPrototypFilialsuche - Footer/16ErgebnisTest' are matched.

2018-03-20 09:30:59 - [TEST_STEP][PASSED] - verifyElementText: Actual text and expected text of test object 'Object Repository/OGRPrototypFilialsuche - Footer/17ErgebnisTest' are matched.

2018-03-20 09:30:59 - [MESSAGE][PASSED] - Actual text and expected text of test object 'Object Repository/OGRPrototypFilialsuche - Footer/17ErgebnisTest' are matched.

2018-03-20 09:30:59 - [TEST_STEP][PASSED] - verifyElementText: Actual text and expected text of test object 'Object Repository/OGRPrototypFilialsuche - Footer/18ErgebnisTest' are matched.

2018-03-20 09:30:59 - [MESSAGE][PASSED] - Actual text and expected text of test object 'Object Repository/OGRPrototypFilialsuche - Footer/18ErgebnisTest' are matched.

2018-03-20 09:30:59 - [TEST_STEP][PASSED] - click: Object: 'Object Repository/naechsteSeite' is clicked on

2018-03-20 09:30:59 - [MESSAGE][PASSED] - Object: 'Object Repository/naechsteSeite' is clicked on

2018-03-20 09:30:59 - [TEST_STEP][PASSED] - verifyElementText: Actual text and expected text of test object 'Object Repository/OGRPrototypFilialsuche - Footer/19ErgebnisTest' are matched.

2018-03-20 09:30:59 - [MESSAGE][PASSED] - Actual text and expected text of test object 'Object Repository/OGRPrototypFilialsuche - Footer/19ErgebnisTest' are matched.

2018-03-20 09:30:59 - [TEST_STEP][PASSED] - verifyElementText: Actual text and expected text of test object 'Object Repository/OGRPrototypFilialsuche - Footer/20ErgebnisTest' are matched.

2018-03-20 09:30:59 - [MESSAGE][PASSED] - Actual text and expected text of test object 'Object Repository/OGRPrototypFilialsuche - Footer/20ErgebnisTest' are matched.

2018-03-20 09:30:59 - [TEST_STEP][PASSED] - verifyElementText: Actual text and expected text of test object 'Object Repository/OGRPrototypFilialsuche - Footer/21ErgebnisTest' are matched.

2018-03-20 09:30:59 - [MESSAGE][PASSED] - Actual text and expected text of test object 'Object Repository/OGRPrototypFilialsuche - Footer/21ErgebnisTest' are matched.

2018-03-20 09:30:59 - [TEST_STEP][PASSED] - verifyElementText: Actual text and expected text of test object 'Object Repository/OGRPrototypFilialsuche - Footer/22ErgebnisTest' are matched.

2018-03-20 09:30:59 - [MESSAGE][PASSED] - Actual text and expected text of test object 'Object Repository/OGRPrototypFilialsuche - Footer/22ErgebnisTest' are matched.

2018-03-20 09:30:59 - [TEST_STEP][PASSED] - verifyElementText: Actual text and expected text of test object 'Object Repository/OGRPrototypFilialsuche - Footer/23ErgebnisTest' are matched.

2018-03-20 09:30:59 - [MESSAGE][PASSED] - Actual text and expected text of test object 'Object Repository/OGRPrototypFilialsuche - Footer/23ErgebnisTest' are matched.

2018-03-20 09:30:59 - [TEST_STEP][PASSED] - verifyElementText: Actual text and expected text of test object 'Object Repository/OGRPrototypFilialsuche - Footer/24ErgebnisTest' are matched.

2018-03-20 09:30:59 - [MESSAGE][PASSED] - Actual text and expected text of test object 'Object Repository/OGRPrototypFilialsuche - Footer/24ErgebnisTest' are matched.

2018-03-20 09:30:59 - [TEST_STEP][PASSED] - click: Object: 'Object Repository/naechsteSeite' is clicked on

2018-03-20 09:30:59 - [MESSAGE][PASSED] - Object: 'Object Repository/naechsteSeite' is clicked on

2018-03-20 09:30:59 - [TEST_STEP][PASSED] - delay: Delayed 2 second(s)

2018-03-20 09:31:01 - [MESSAGE][PASSED] - Delayed 2 second(s)

2018-03-20 09:31:01 - [TEST_STEP][PASSED] - verifyElementText: Actual text and expected text of test object 'Object Repository/OGRPrototypFilialsuche - Footer/25ErgebnisTest' are matched.

2018-03-20 09:31:01 - [MESSAGE][PASSED] - Actual text and expected text of test object 'Object Repository/OGRPrototypFilialsuche - Footer/25ErgebnisTest' are matched.

2018-03-20 09:31:01 - [TEST_STEP][PASSED] - verifyElementText: Actual text and expected text of test object 'Object Repository/OGRPrototypFilialsuche - Footer/26ErgebnisTest' are matched.

2018-03-20 09:31:01 - [MESSAGE][PASSED] - Actual text and expected text of test object 'Object Repository/OGRPrototypFilialsuche - Footer/26ErgebnisTest' are matched.

2018-03-20 09:31:01 - [TEST_STEP][PASSED] - verifyElementText: Actual text and expected text of test object 'Object Repository/OGRPrototypFilialsuche - Footer/27ErgebnisTest' are matched.

2018-03-20 09:31:01 - [MESSAGE][PASSED] - Actual text and expected text of test object 'Object Repository/OGRPrototypFilialsuche - Footer/27ErgebnisTest' are matched.

2018-03-20 09:31:01 - [TEST_STEP][PASSED] - verifyElementText: Actual text and expected text of test object 'Object Repository/OGRPrototypFilialsuche - Footer/28ErgebnisTest' are matched.

2018-03-20 09:31:01 - [MESSAGE][PASSED] - Actual text and expected text of test object 'Object Repository/OGRPrototypFilialsuche - Footer/28ErgebnisTest' are matched.

2018-03-20 09:31:01 - [TEST_STEP][PASSED] - verifyElementText: Actual text and expected text of test object 'Object Repository/OGRPrototypFilialsuche - Footer/29ErgebnisTest' are matched.

2018-03-20 09:31:01 - [MESSAGE][PASSED] - Actual text and expected text of test object 'Object Repository/OGRPrototypFilialsuche - Footer/29ErgebnisTest' are matched.

2018-03-20 09:31:01 - [TEST_STEP][PASSED] - verifyElementText: Actual text and expected text of test object 'Object Repository/OGRPrototypFilialsuche - Footer/30ErgebnisTest' are matched.

2018-03-20 09:31:01 - [MESSAGE][PASSED] - Actual text and expected text of test object 'Object Repository/OGRPrototypFilialsuche - Footer/30ErgebnisTest' are matched.

2018-03-20 09:31:01 - [TEST_STEP][PASSED] - click: Object: 'Object Repository/naechsteSeite' is clicked on

2018-03-20 09:31:01 - [MESSAGE][PASSED] - Object: 'Object Repository/naechsteSeite' is clicked on

2018-03-20 09:31:01 - [TEST_STEP][PASSED] - delay: Delayed 2 second(s)

2018-03-20 09:31:03 - [MESSAGE][PASSED] - Delayed 2 second(s)

2018-03-20 09:31:03 - [TEST_STEP][PASSED] - verifyElementText: Actual text and expected text of test object 'Object Repository/OGRPrototypFilialsuche - Footer/31ErgebnisTest' are matched.

2018-03-20 09:31:03 - [MESSAGE][PASSED] - Actual text and expected text of test object 'Object Repository/OGRPrototypFilialsuche - Footer/31ErgebnisTest' are matched.

2018-03-20 09:31:03 - [TEST_STEP][PASSED] - verifyElementText: Actual text and expected text of test object 'Object Repository/OGRPrototypFilialsuche - Footer/32ErgebnisTest' are matched.

2018-03-20 09:31:03 - [MESSAGE][PASSED] - Actual text and expected text of test object 'Object Repository/OGRPrototypFilialsuche - Footer/32ErgebnisTest' are matched.

2018-03-20 09:31:03 - [TEST_STEP][PASSED] - verifyElementText: Actual text and expected text of test object 'Object Repository/OGRPrototypFilialsuche - Footer/33ErgebnisTest' are matched.

2018-03-20 09:31:03 - [MESSAGE][PASSED] - Actual text and expected text of test object 'Object Repository/OGRPrototypFilialsuche - Footer/33ErgebnisTest' are matched.

2018-03-20 09:31:03 - [TEST_STEP][PASSED] - verifyElementText: Actual text and expected text of test object 'Object Repository/OGRPrototypFilialsuche - Footer/34ErgebnisTest' are matched.

2018-03-20 09:31:03 - [MESSAGE][PASSED] - Actual text and expected text of test object 'Object Repository/OGRPrototypFilialsuche - Footer/34ErgebnisTest' are matched.

2018-03-20 09:31:03 - [TEST_STEP][PASSED] - verifyElementText: Actual text and expected text of test object 'Object Repository/OGRPrototypFilialsuche - Footer/35ErgebnisTest' are matched.

2018-03-20 09:31:03 - [MESSAGE][PASSED] - Actual text and expected text of test object 'Object Repository/OGRPrototypFilialsuche - Footer/35ErgebnisTest' are matched.

2018-03-20 09:31:03 - [TEST_STEP][PASSED] - verifyElementText: Actual text and expected text of test object 'Object Repository/OGRPrototypFilialsuche - Footer/36ErgebnisTest' are matched.

2018-03-20 09:31:03 - [MESSAGE][PASSED] - Actual text and expected text of test object 'Object Repository/OGRPrototypFilialsuche - Footer/36ErgebnisTest' are matched.

2018-03-20 09:31:03 - [TEST_STEP][PASSED] - click: Object: 'Object Repository/naechsteSeite' is clicked on

2018-03-20 09:31:03 - [MESSAGE][PASSED] - Object: 'Object Repository/naechsteSeite' is clicked on

2018-03-20 09:31:03 - [TEST_STEP][PASSED] - delay: Delayed 2 second(s)

2018-03-20 09:31:05 - [MESSAGE][PASSED] - Delayed 2 second(s)

2018-03-20 09:31:05 - [TEST_STEP][PASSED] - verifyElementText: Actual text and expected text of test object 'Object Repository/OGRPrototypFilialsuche - Footer/37ErgebnisTest' are matched.

2018-03-20 09:31:05 - [MESSAGE][PASSED] - Actual text and expected text of test object 'Object Repository/OGRPrototypFilialsuche - Footer/37ErgebnisTest' are matched.

2018-03-20 09:31:05 - [TEST_STEP][PASSED] - closeBrowser: Browser is closed

2018-03-20 09:31:05 - [MESSAGE][PASSED] - Browser is closed]]></system-out>
         <system-err><![CDATA[]]></system-err>
      </testcase>
      <testcase name="Test Cases/Prototyp_Filialsuche (RC 18)/51_Testfall" classname="Test Cases/Prototyp_Filialsuche (RC 18)/51_Testfall" status="PASSED">
         <system-out><![CDATA[2018-03-20 09:31:05 - [TEST_CASE][PASSED] - Test Cases/Prototyp_Filialsuche (RC 18)/51_Testfall: Test Cases/Prototyp_Filialsuche (RC 18)/51_Testfall

2018-03-20 09:31:05 - [TEST_STEP][PASSED] - openBrowser: Browser is opened with url: ''

2018-03-20 09:31:08 - [MESSAGE][PASSED] - Browser is opened with url: ''

2018-03-20 09:31:08 - [TEST_STEP][PASSED] - maximizeWindow: Current window maximized

2018-03-20 09:31:08 - [MESSAGE][PASSED] - Current window maximized

2018-03-20 09:31:08 - [TEST_STEP][PASSED] - deleteAllCookies: Delete all cookies successfully

2018-03-20 09:31:08 - [MESSAGE][PASSED] - Delete all cookies successfully

2018-03-20 09:31:08 - [TEST_STEP][PASSED] - navigateToUrl: Navigate to 'http://rc-ogrhtmlprototyp.testintern/18-1-0/filialsuche.html' successfully

2018-03-20 09:31:10 - [MESSAGE][PASSED] - Navigate to 'http://rc-ogrhtmlprototyp.testintern/18-1-0/filialsuche.html' successfully

2018-03-20 09:31:10 - [TEST_STEP][PASSED] - delay: Delayed 5 second(s)

2018-03-20 09:31:15 - [MESSAGE][PASSED] - Delayed 5 second(s)

2018-03-20 09:31:15 - [TEST_STEP][PASSED] - verifyElementText: Actual text and expected text of test object 'Object Repository/OGRPrototypFiliasuche - DistanzZentralbank/01ErgebnisText' are matched.

2018-03-20 09:31:15 - [MESSAGE][PASSED] - Actual text and expected text of test object 'Object Repository/OGRPrototypFiliasuche - DistanzZentralbank/01ErgebnisText' are matched.

2018-03-20 09:31:15 - [TEST_STEP][PASSED] - verifyElementText: Actual text and expected text of test object 'Object Repository/OGRPrototypFiliasuche - DistanzZentralbank/02ErgebnisText' are matched.

2018-03-20 09:31:15 - [MESSAGE][PASSED] - Actual text and expected text of test object 'Object Repository/OGRPrototypFiliasuche - DistanzZentralbank/02ErgebnisText' are matched.

2018-03-20 09:31:15 - [TEST_STEP][PASSED] - verifyElementText: Actual text and expected text of test object 'Object Repository/OGRPrototypFiliasuche - DistanzZentralbank/03ErgebnisTest' are matched.

2018-03-20 09:31:15 - [MESSAGE][PASSED] - Actual text and expected text of test object 'Object Repository/OGRPrototypFiliasuche - DistanzZentralbank/03ErgebnisTest' are matched.

2018-03-20 09:31:15 - [TEST_STEP][PASSED] - verifyElementText: Actual text and expected text of test object 'Object Repository/OGRPrototypFiliasuche - DistanzZentralbank/04ErgebnisTest' are matched.

2018-03-20 09:31:15 - [MESSAGE][PASSED] - Actual text and expected text of test object 'Object Repository/OGRPrototypFiliasuche - DistanzZentralbank/04ErgebnisTest' are matched.

2018-03-20 09:31:15 - [TEST_STEP][PASSED] - verifyElementText: Actual text and expected text of test object 'Object Repository/OGRPrototypFiliasuche - DistanzZentralbank/05ErgebnisTest' are matched.

2018-03-20 09:31:15 - [MESSAGE][PASSED] - Actual text and expected text of test object 'Object Repository/OGRPrototypFiliasuche - DistanzZentralbank/05ErgebnisTest' are matched.

2018-03-20 09:31:15 - [TEST_STEP][PASSED] - verifyElementText: Actual text and expected text of test object 'Object Repository/OGRPrototypFiliasuche - DistanzZentralbank/06ErgebnisTest' are matched.

2018-03-20 09:31:15 - [MESSAGE][PASSED] - Actual text and expected text of test object 'Object Repository/OGRPrototypFiliasuche - DistanzZentralbank/06ErgebnisTest' are matched.

2018-03-20 09:31:15 - [TEST_STEP][PASSED] - click: Object: 'Object Repository/naechsteSeite' is clicked on

2018-03-20 09:31:15 - [MESSAGE][PASSED] - Object: 'Object Repository/naechsteSeite' is clicked on

2018-03-20 09:31:15 - [TEST_STEP][PASSED] - delay: Delayed 2 second(s)

2018-03-20 09:31:18 - [MESSAGE][PASSED] - Delayed 2 second(s)

2018-03-20 09:31:18 - [TEST_STEP][PASSED] - verifyElementText: Actual text and expected text of test object 'Object Repository/OGRPrototypFiliasuche - DistanzZentralbank/07ErgebnisTest' are matched.

2018-03-20 09:31:18 - [MESSAGE][PASSED] - Actual text and expected text of test object 'Object Repository/OGRPrototypFiliasuche - DistanzZentralbank/07ErgebnisTest' are matched.

2018-03-20 09:31:18 - [TEST_STEP][PASSED] - verifyElementText: Actual text and expected text of test object 'Object Repository/OGRPrototypFiliasuche - DistanzZentralbank/08ErgebnisTest' are matched.

2018-03-20 09:31:18 - [MESSAGE][PASSED] - Actual text and expected text of test object 'Object Repository/OGRPrototypFiliasuche - DistanzZentralbank/08ErgebnisTest' are matched.

2018-03-20 09:31:18 - [TEST_STEP][PASSED] - verifyElementText: Actual text and expected text of test object 'Object Repository/OGRPrototypFiliasuche - DistanzZentralbank/09ErgebnisTest' are matched.

2018-03-20 09:31:18 - [MESSAGE][PASSED] - Actual text and expected text of test object 'Object Repository/OGRPrototypFiliasuche - DistanzZentralbank/09ErgebnisTest' are matched.

2018-03-20 09:31:18 - [TEST_STEP][PASSED] - verifyElementText: Actual text and expected text of test object 'Object Repository/OGRPrototypFiliasuche - DistanzZentralbank/10ErgebnisTest' are matched.

2018-03-20 09:31:18 - [MESSAGE][PASSED] - Actual text and expected text of test object 'Object Repository/OGRPrototypFiliasuche - DistanzZentralbank/10ErgebnisTest' are matched.

2018-03-20 09:31:18 - [TEST_STEP][PASSED] - verifyElementText: Actual text and expected text of test object 'Object Repository/OGRPrototypFiliasuche - DistanzZentralbank/11ErgebnisTest' are matched.

2018-03-20 09:31:18 - [MESSAGE][PASSED] - Actual text and expected text of test object 'Object Repository/OGRPrototypFiliasuche - DistanzZentralbank/11ErgebnisTest' are matched.

2018-03-20 09:31:18 - [TEST_STEP][PASSED] - verifyElementText: Actual text and expected text of test object 'Object Repository/OGRPrototypFiliasuche - DistanzZentralbank/12ErgebnisTest' are matched.

2018-03-20 09:31:18 - [MESSAGE][PASSED] - Actual text and expected text of test object 'Object Repository/OGRPrototypFiliasuche - DistanzZentralbank/12ErgebnisTest' are matched.

2018-03-20 09:31:18 - [TEST_STEP][PASSED] - click: Object: 'Object Repository/naechsteSeite' is clicked on

2018-03-20 09:31:18 - [MESSAGE][PASSED] - Object: 'Object Repository/naechsteSeite' is clicked on

2018-03-20 09:31:18 - [TEST_STEP][PASSED] - delay: Delayed 2 second(s)

2018-03-20 09:31:20 - [MESSAGE][PASSED] - Delayed 2 second(s)

2018-03-20 09:31:20 - [TEST_STEP][PASSED] - verifyElementText: Actual text and expected text of test object 'Object Repository/OGRPrototypFiliasuche - DistanzZentralbank/13ErgebnisTest' are matched.

2018-03-20 09:31:20 - [MESSAGE][PASSED] - Actual text and expected text of test object 'Object Repository/OGRPrototypFiliasuche - DistanzZentralbank/13ErgebnisTest' are matched.

2018-03-20 09:31:20 - [TEST_STEP][PASSED] - verifyElementText: Actual text and expected text of test object 'Object Repository/OGRPrototypFiliasuche - DistanzZentralbank/14ErgebnisTest' are matched.

2018-03-20 09:31:20 - [MESSAGE][PASSED] - Actual text and expected text of test object 'Object Repository/OGRPrototypFiliasuche - DistanzZentralbank/14ErgebnisTest' are matched.

2018-03-20 09:31:20 - [TEST_STEP][PASSED] - verifyElementText: Actual text and expected text of test object 'Object Repository/OGRPrototypFiliasuche - DistanzZentralbank/15ErgebnisTest' are matched.

2018-03-20 09:31:20 - [MESSAGE][PASSED] - Actual text and expected text of test object 'Object Repository/OGRPrototypFiliasuche - DistanzZentralbank/15ErgebnisTest' are matched.

2018-03-20 09:31:20 - [TEST_STEP][PASSED] - verifyElementText: Actual text and expected text of test object 'Object Repository/OGRPrototypFiliasuche - DistanzZentralbank/16ErgebnisTest' are matched.

2018-03-20 09:31:20 - [MESSAGE][PASSED] - Actual text and expected text of test object 'Object Repository/OGRPrototypFiliasuche - DistanzZentralbank/16ErgebnisTest' are matched.

2018-03-20 09:31:20 - [TEST_STEP][PASSED] - verifyElementText: Actual text and expected text of test object 'Object Repository/OGRPrototypFiliasuche - DistanzZentralbank/17ErgebnisTest' are matched.

2018-03-20 09:31:20 - [MESSAGE][PASSED] - Actual text and expected text of test object 'Object Repository/OGRPrototypFiliasuche - DistanzZentralbank/17ErgebnisTest' are matched.

2018-03-20 09:31:20 - [TEST_STEP][PASSED] - verifyElementText: Actual text and expected text of test object 'Object Repository/OGRPrototypFiliasuche - DistanzZentralbank/18ErgebnisTest' are matched.

2018-03-20 09:31:20 - [MESSAGE][PASSED] - Actual text and expected text of test object 'Object Repository/OGRPrototypFiliasuche - DistanzZentralbank/18ErgebnisTest' are matched.

2018-03-20 09:31:20 - [TEST_STEP][PASSED] - click: Object: 'Object Repository/naechsteSeite' is clicked on

2018-03-20 09:31:20 - [MESSAGE][PASSED] - Object: 'Object Repository/naechsteSeite' is clicked on

2018-03-20 09:31:20 - [TEST_STEP][PASSED] - delay: Delayed 2 second(s)

2018-03-20 09:31:22 - [MESSAGE][PASSED] - Delayed 2 second(s)

2018-03-20 09:31:22 - [TEST_STEP][PASSED] - verifyElementText: Actual text and expected text of test object 'Object Repository/OGRPrototypFiliasuche - DistanzZentralbank/19ErgebnisTest' are matched.

2018-03-20 09:31:22 - [MESSAGE][PASSED] - Actual text and expected text of test object 'Object Repository/OGRPrototypFiliasuche - DistanzZentralbank/19ErgebnisTest' are matched.

2018-03-20 09:31:22 - [TEST_STEP][PASSED] - verifyElementText: Actual text and expected text of test object 'Object Repository/OGRPrototypFiliasuche - DistanzZentralbank/20ErgebnisTest' are matched.

2018-03-20 09:31:22 - [MESSAGE][PASSED] - Actual text and expected text of test object 'Object Repository/OGRPrototypFiliasuche - DistanzZentralbank/20ErgebnisTest' are matched.

2018-03-20 09:31:22 - [TEST_STEP][PASSED] - verifyElementText: Actual text and expected text of test object 'Object Repository/OGRPrototypFiliasuche - DistanzZentralbank/21ErgebnisTest' are matched.

2018-03-20 09:31:22 - [MESSAGE][PASSED] - Actual text and expected text of test object 'Object Repository/OGRPrototypFiliasuche - DistanzZentralbank/21ErgebnisTest' are matched.

2018-03-20 09:31:22 - [TEST_STEP][PASSED] - verifyElementText: Actual text and expected text of test object 'Object Repository/OGRPrototypFiliasuche - DistanzZentralbank/22ErgebnisTest' are matched.

2018-03-20 09:31:22 - [MESSAGE][PASSED] - Actual text and expected text of test object 'Object Repository/OGRPrototypFiliasuche - DistanzZentralbank/22ErgebnisTest' are matched.

2018-03-20 09:31:22 - [TEST_STEP][PASSED] - verifyElementText: Actual text and expected text of test object 'Object Repository/OGRPrototypFiliasuche - DistanzZentralbank/23ErgebnisTest' are matched.

2018-03-20 09:31:22 - [MESSAGE][PASSED] - Actual text and expected text of test object 'Object Repository/OGRPrototypFiliasuche - DistanzZentralbank/23ErgebnisTest' are matched.

2018-03-20 09:31:22 - [TEST_STEP][PASSED] - verifyElementText: Actual text and expected text of test object 'Object Repository/OGRPrototypFiliasuche - DistanzZentralbank/24ErgebnisTest' are matched.

2018-03-20 09:31:22 - [MESSAGE][PASSED] - Actual text and expected text of test object 'Object Repository/OGRPrototypFiliasuche - DistanzZentralbank/24ErgebnisTest' are matched.

2018-03-20 09:31:22 - [TEST_STEP][PASSED] - click: Object: 'Object Repository/naechsteSeite' is clicked on

2018-03-20 09:31:22 - [MESSAGE][PASSED] - Object: 'Object Repository/naechsteSeite' is clicked on

2018-03-20 09:31:22 - [TEST_STEP][PASSED] - delay: Delayed 2 second(s)

2018-03-20 09:31:24 - [MESSAGE][PASSED] - Delayed 2 second(s)

2018-03-20 09:31:24 - [TEST_STEP][PASSED] - verifyElementText: Actual text and expected text of test object 'Object Repository/OGRPrototypFiliasuche - DistanzZentralbank/25ErgebnisTest' are matched.

2018-03-20 09:31:24 - [MESSAGE][PASSED] - Actual text and expected text of test object 'Object Repository/OGRPrototypFiliasuche - DistanzZentralbank/25ErgebnisTest' are matched.

2018-03-20 09:31:24 - [TEST_STEP][PASSED] - verifyElementText: Actual text and expected text of test object 'Object Repository/OGRPrototypFiliasuche - DistanzZentralbank/26ErgebnisTest' are matched.

2018-03-20 09:31:24 - [MESSAGE][PASSED] - Actual text and expected text of test object 'Object Repository/OGRPrototypFiliasuche - DistanzZentralbank/26ErgebnisTest' are matched.

2018-03-20 09:31:24 - [TEST_STEP][PASSED] - verifyElementText: Actual text and expected text of test object 'Object Repository/OGRPrototypFiliasuche - DistanzZentralbank/27ErgebnisTest' are matched.

2018-03-20 09:31:24 - [MESSAGE][PASSED] - Actual text and expected text of test object 'Object Repository/OGRPrototypFiliasuche - DistanzZentralbank/27ErgebnisTest' are matched.

2018-03-20 09:31:24 - [TEST_STEP][PASSED] - verifyElementText: Actual text and expected text of test object 'Object Repository/OGRPrototypFiliasuche - DistanzZentralbank/28ErgebnisTest' are matched.

2018-03-20 09:31:24 - [MESSAGE][PASSED] - Actual text and expected text of test object 'Object Repository/OGRPrototypFiliasuche - DistanzZentralbank/28ErgebnisTest' are matched.

2018-03-20 09:31:24 - [TEST_STEP][PASSED] - verifyElementText: Actual text and expected text of test object 'Object Repository/OGRPrototypFiliasuche - DistanzZentralbank/29ErgebnisTest' are matched.

2018-03-20 09:31:24 - [MESSAGE][PASSED] - Actual text and expected text of test object 'Object Repository/OGRPrototypFiliasuche - DistanzZentralbank/29ErgebnisTest' are matched.

2018-03-20 09:31:24 - [TEST_STEP][PASSED] - verifyElementText: Actual text and expected text of test object 'Object Repository/OGRPrototypFiliasuche - DistanzZentralbank/30ErgebnisTest' are matched.

2018-03-20 09:31:24 - [MESSAGE][PASSED] - Actual text and expected text of test object 'Object Repository/OGRPrototypFiliasuche - DistanzZentralbank/30ErgebnisTest' are matched.

2018-03-20 09:31:24 - [TEST_STEP][PASSED] - click: Object: 'Object Repository/naechsteSeite' is clicked on

2018-03-20 09:31:24 - [MESSAGE][PASSED] - Object: 'Object Repository/naechsteSeite' is clicked on

2018-03-20 09:31:24 - [TEST_STEP][PASSED] - delay: Delayed 2 second(s)

2018-03-20 09:31:26 - [MESSAGE][PASSED] - Delayed 2 second(s)

2018-03-20 09:31:26 - [TEST_STEP][PASSED] - verifyElementText: Actual text and expected text of test object 'Object Repository/OGRPrototypFiliasuche - DistanzZentralbank/31ErgebnisTest' are matched.

2018-03-20 09:31:26 - [MESSAGE][PASSED] - Actual text and expected text of test object 'Object Repository/OGRPrototypFiliasuche - DistanzZentralbank/31ErgebnisTest' are matched.

2018-03-20 09:31:26 - [TEST_STEP][PASSED] - verifyElementText: Actual text and expected text of test object 'Object Repository/OGRPrototypFiliasuche - DistanzZentralbank/32ErgebnisTest' are matched.

2018-03-20 09:31:26 - [MESSAGE][PASSED] - Actual text and expected text of test object 'Object Repository/OGRPrototypFiliasuche - DistanzZentralbank/32ErgebnisTest' are matched.

2018-03-20 09:31:26 - [TEST_STEP][PASSED] - verifyElementText: Actual text and expected text of test object 'Object Repository/OGRPrototypFiliasuche - DistanzZentralbank/33ErgebnisTest' are matched.

2018-03-20 09:31:26 - [MESSAGE][PASSED] - Actual text and expected text of test object 'Object Repository/OGRPrototypFiliasuche - DistanzZentralbank/33ErgebnisTest' are matched.

2018-03-20 09:31:26 - [TEST_STEP][PASSED] - verifyElementText: Actual text and expected text of test object 'Object Repository/OGRPrototypFiliasuche - DistanzZentralbank/34ErgebnisTest' are matched.

2018-03-20 09:31:26 - [MESSAGE][PASSED] - Actual text and expected text of test object 'Object Repository/OGRPrototypFiliasuche - DistanzZentralbank/34ErgebnisTest' are matched.

2018-03-20 09:31:26 - [TEST_STEP][PASSED] - verifyElementText: Actual text and expected text of test object 'Object Repository/OGRPrototypFiliasuche - DistanzZentralbank/35ErgebnisTest' are matched.

2018-03-20 09:31:26 - [MESSAGE][PASSED] - Actual text and expected text of test object 'Object Repository/OGRPrototypFiliasuche - DistanzZentralbank/35ErgebnisTest' are matched.

2018-03-20 09:31:26 - [TEST_STEP][PASSED] - verifyElementText: Actual text and expected text of test object 'Object Repository/OGRPrototypFiliasuche - DistanzZentralbank/36ErgebnisTest' are matched.

2018-03-20 09:31:26 - [MESSAGE][PASSED] - Actual text and expected text of test object 'Object Repository/OGRPrototypFiliasuche - DistanzZentralbank/36ErgebnisTest' are matched.

2018-03-20 09:31:26 - [TEST_STEP][PASSED] - click: Object: 'Object Repository/naechsteSeite' is clicked on

2018-03-20 09:31:26 - [MESSAGE][PASSED] - Object: 'Object Repository/naechsteSeite' is clicked on

2018-03-20 09:31:26 - [TEST_STEP][PASSED] - delay: Delayed 2 second(s)

2018-03-20 09:31:28 - [MESSAGE][PASSED] - Delayed 2 second(s)

2018-03-20 09:31:28 - [TEST_STEP][PASSED] - verifyElementText: Actual text and expected text of test object 'Object Repository/OGRPrototypFiliasuche - DistanzZentralbank/37ErgebnisTest' are matched.

2018-03-20 09:31:28 - [MESSAGE][PASSED] - Actual text and expected text of test object 'Object Repository/OGRPrototypFiliasuche - DistanzZentralbank/37ErgebnisTest' are matched.

2018-03-20 09:31:28 - [TEST_STEP][PASSED] - verifyElementText: Actual text and expected text of test object 'Object Repository/OGRPrototypFiliasuche - DistanzZentralbank/38ErgebnisTest' are matched.

2018-03-20 09:31:28 - [MESSAGE][PASSED] - Actual text and expected text of test object 'Object Repository/OGRPrototypFiliasuche - DistanzZentralbank/38ErgebnisTest' are matched.

2018-03-20 09:31:28 - [TEST_STEP][PASSED] - verifyElementText: Actual text and expected text of test object 'Object Repository/OGRPrototypFiliasuche - DistanzZentralbank/39ErgebnisTest' are matched.

2018-03-20 09:31:28 - [MESSAGE][PASSED] - Actual text and expected text of test object 'Object Repository/OGRPrototypFiliasuche - DistanzZentralbank/39ErgebnisTest' are matched.

2018-03-20 09:31:28 - [TEST_STEP][PASSED] - verifyElementText: Actual text and expected text of test object 'Object Repository/OGRPrototypFiliasuche - DistanzZentralbank/40ErgebnisTest' are matched.

2018-03-20 09:31:28 - [MESSAGE][PASSED] - Actual text and expected text of test object 'Object Repository/OGRPrototypFiliasuche - DistanzZentralbank/40ErgebnisTest' are matched.

2018-03-20 09:31:28 - [TEST_STEP][PASSED] - verifyElementText: Actual text and expected text of test object 'Object Repository/OGRPrototypFiliasuche - DistanzZentralbank/41ErgebnisTest' are matched.

2018-03-20 09:31:28 - [MESSAGE][PASSED] - Actual text and expected text of test object 'Object Repository/OGRPrototypFiliasuche - DistanzZentralbank/41ErgebnisTest' are matched.

2018-03-20 09:31:28 - [TEST_STEP][PASSED] - verifyElementText: Actual text and expected text of test object 'Object Repository/OGRPrototypFiliasuche - DistanzZentralbank/42ErgebnisTest' are matched.

2018-03-20 09:31:28 - [MESSAGE][PASSED] - Actual text and expected text of test object 'Object Repository/OGRPrototypFiliasuche - DistanzZentralbank/42ErgebnisTest' are matched.

2018-03-20 09:31:28 - [TEST_STEP][PASSED] - click: Object: 'Object Repository/naechsteSeite' is clicked on

2018-03-20 09:31:28 - [MESSAGE][PASSED] - Object: 'Object Repository/naechsteSeite' is clicked on

2018-03-20 09:31:28 - [TEST_STEP][PASSED] - delay: Delayed 2 second(s)

2018-03-20 09:31:30 - [MESSAGE][PASSED] - Delayed 2 second(s)

2018-03-20 09:31:30 - [TEST_STEP][PASSED] - verifyElementText: Actual text and expected text of test object 'Object Repository/OGRPrototypFiliasuche - DistanzZentralbank/43ErgebnisTest' are matched.

2018-03-20 09:31:30 - [MESSAGE][PASSED] - Actual text and expected text of test object 'Object Repository/OGRPrototypFiliasuche - DistanzZentralbank/43ErgebnisTest' are matched.

2018-03-20 09:31:30 - [TEST_STEP][PASSED] - verifyElementText: Actual text and expected text of test object 'Object Repository/OGRPrototypFiliasuche - DistanzZentralbank/44ErgebnisTest' are matched.

2018-03-20 09:31:31 - [MESSAGE][PASSED] - Actual text and expected text of test object 'Object Repository/OGRPrototypFiliasuche - DistanzZentralbank/44ErgebnisTest' are matched.

2018-03-20 09:31:31 - [TEST_STEP][PASSED] - verifyElementText: Actual text and expected text of test object 'Object Repository/OGRPrototypFiliasuche - DistanzZentralbank/45ErgebnisTest' are matched.

2018-03-20 09:31:31 - [MESSAGE][PASSED] - Actual text and expected text of test object 'Object Repository/OGRPrototypFiliasuche - DistanzZentralbank/45ErgebnisTest' are matched.

2018-03-20 09:31:31 - [TEST_STEP][PASSED] - verifyElementText: Actual text and expected text of test object 'Object Repository/OGRPrototypFiliasuche - DistanzZentralbank/46ErgebnisTest' are matched.

2018-03-20 09:31:31 - [MESSAGE][PASSED] - Actual text and expected text of test object 'Object Repository/OGRPrototypFiliasuche - DistanzZentralbank/46ErgebnisTest' are matched.

2018-03-20 09:31:31 - [TEST_STEP][PASSED] - verifyElementText: Actual text and expected text of test object 'Object Repository/OGRPrototypFiliasuche - DistanzZentralbank/47ErgebnisTest' are matched.

2018-03-20 09:31:31 - [MESSAGE][PASSED] - Actual text and expected text of test object 'Object Repository/OGRPrototypFiliasuche - DistanzZentralbank/47ErgebnisTest' are matched.

2018-03-20 09:31:31 - [TEST_STEP][PASSED] - verifyElementText: Actual text and expected text of test object 'Object Repository/OGRPrototypFiliasuche - DistanzZentralbank/48ErgebnisTest' are matched.

2018-03-20 09:31:31 - [MESSAGE][PASSED] - Actual text and expected text of test object 'Object Repository/OGRPrototypFiliasuche - DistanzZentralbank/48ErgebnisTest' are matched.

2018-03-20 09:31:31 - [TEST_STEP][PASSED] - click: Object: 'Object Repository/naechsteSeite' is clicked on

2018-03-20 09:31:31 - [MESSAGE][PASSED] - Object: 'Object Repository/naechsteSeite' is clicked on

2018-03-20 09:31:31 - [TEST_STEP][PASSED] - delay: Delayed 2 second(s)

2018-03-20 09:31:33 - [MESSAGE][PASSED] - Delayed 2 second(s)

2018-03-20 09:31:33 - [TEST_STEP][PASSED] - verifyElementText: Actual text and expected text of test object 'Object Repository/OGRPrototypFiliasuche - DistanzZentralbank/49ErgebnisTest' are matched.

2018-03-20 09:31:33 - [MESSAGE][PASSED] - Actual text and expected text of test object 'Object Repository/OGRPrototypFiliasuche - DistanzZentralbank/49ErgebnisTest' are matched.

2018-03-20 09:31:33 - [TEST_STEP][PASSED] - verifyElementText: Actual text and expected text of test object 'Object Repository/OGRPrototypFiliasuche - DistanzZentralbank/50ErgebnisTest' are matched.

2018-03-20 09:31:33 - [MESSAGE][PASSED] - Actual text and expected text of test object 'Object Repository/OGRPrototypFiliasuche - DistanzZentralbank/50ErgebnisTest' are matched.

2018-03-20 09:31:33 - [TEST_STEP][PASSED] - verifyElementText: Actual text and expected text of test object 'Object Repository/OGRPrototypFiliasuche - DistanzZentralbank/51ErgebnisTest' are matched.

2018-03-20 09:31:33 - [MESSAGE][PASSED] - Actual text and expected text of test object 'Object Repository/OGRPrototypFiliasuche - DistanzZentralbank/51ErgebnisTest' are matched.

2018-03-20 09:31:33 - [TEST_STEP][PASSED] - verifyElementText: Actual text and expected text of test object 'Object Repository/OGRPrototypFiliasuche - DistanzZentralbank/52ErgebnisTest' are matched.

2018-03-20 09:31:33 - [MESSAGE][PASSED] - Actual text and expected text of test object 'Object Repository/OGRPrototypFiliasuche - DistanzZentralbank/52ErgebnisTest' are matched.

2018-03-20 09:31:33 - [TEST_STEP][PASSED] - verifyElementText: Actual text and expected text of test object 'Object Repository/OGRPrototypFiliasuche - DistanzZentralbank/53ErgebnisTest' are matched.

2018-03-20 09:31:33 - [MESSAGE][PASSED] - Actual text and expected text of test object 'Object Repository/OGRPrototypFiliasuche - DistanzZentralbank/53ErgebnisTest' are matched.

2018-03-20 09:31:33 - [TEST_STEP][PASSED] - verifyElementText: Actual text and expected text of test object 'Object Repository/OGRPrototypFiliasuche - DistanzZentralbank/54ErgebnisTest' are matched.

2018-03-20 09:31:33 - [MESSAGE][PASSED] - Actual text and expected text of test object 'Object Repository/OGRPrototypFiliasuche - DistanzZentralbank/54ErgebnisTest' are matched.

2018-03-20 09:31:33 - [TEST_STEP][PASSED] - click: Object: 'Object Repository/naechsteSeite' is clicked on

2018-03-20 09:31:33 - [MESSAGE][PASSED] - Object: 'Object Repository/naechsteSeite' is clicked on

2018-03-20 09:31:33 - [TEST_STEP][PASSED] - delay: Delayed 2 second(s)

2018-03-20 09:31:35 - [MESSAGE][PASSED] - Delayed 2 second(s)

2018-03-20 09:31:35 - [TEST_STEP][PASSED] - verifyElementText: Actual text and expected text of test object 'Object Repository/OGRPrototypFiliasuche - DistanzZentralbank/55ErgebnisTest' are matched.

2018-03-20 09:31:35 - [MESSAGE][PASSED] - Actual text and expected text of test object 'Object Repository/OGRPrototypFiliasuche - DistanzZentralbank/55ErgebnisTest' are matched.

2018-03-20 09:31:35 - [TEST_STEP][PASSED] - verifyElementText: Actual text and expected text of test object 'Object Repository/OGRPrototypFiliasuche - DistanzZentralbank/56ErgebnisTest' are matched.

2018-03-20 09:31:35 - [MESSAGE][PASSED] - Actual text and expected text of test object 'Object Repository/OGRPrototypFiliasuche - DistanzZentralbank/56ErgebnisTest' are matched.

2018-03-20 09:31:35 - [TEST_STEP][PASSED] - verifyElementText: Actual text and expected text of test object 'Object Repository/OGRPrototypFiliasuche - DistanzZentralbank/57ErgebnisTest' are matched.

2018-03-20 09:31:35 - [MESSAGE][PASSED] - Actual text and expected text of test object 'Object Repository/OGRPrototypFiliasuche - DistanzZentralbank/57ErgebnisTest' are matched.

2018-03-20 09:31:35 - [TEST_STEP][PASSED] - verifyElementText: Actual text and expected text of test object 'Object Repository/OGRPrototypFiliasuche - DistanzZentralbank/58ErgebnisTest' are matched.

2018-03-20 09:31:35 - [MESSAGE][PASSED] - Actual text and expected text of test object 'Object Repository/OGRPrototypFiliasuche - DistanzZentralbank/58ErgebnisTest' are matched.

2018-03-20 09:31:35 - [TEST_STEP][PASSED] - verifyElementText: Actual text and expected text of test object 'Object Repository/OGRPrototypFiliasuche - DistanzZentralbank/59ErgebnisTest' are matched.

2018-03-20 09:31:35 - [MESSAGE][PASSED] - Actual text and expected text of test object 'Object Repository/OGRPrototypFiliasuche - DistanzZentralbank/59ErgebnisTest' are matched.

2018-03-20 09:31:35 - [TEST_STEP][PASSED] - verifyElementText: Actual text and expected text of test object 'Object Repository/OGRPrototypFiliasuche - DistanzZentralbank/60ErgebnisTest' are matched.

2018-03-20 09:31:35 - [MESSAGE][PASSED] - Actual text and expected text of test object 'Object Repository/OGRPrototypFiliasuche - DistanzZentralbank/60ErgebnisTest' are matched.

2018-03-20 09:31:35 - [TEST_STEP][PASSED] - click: Object: 'Object Repository/naechsteSeite' is clicked on

2018-03-20 09:31:35 - [MESSAGE][PASSED] - Object: 'Object Repository/naechsteSeite' is clicked on

2018-03-20 09:31:35 - [TEST_STEP][PASSED] - delay: Delayed 2 second(s)

2018-03-20 09:31:37 - [MESSAGE][PASSED] - Delayed 2 second(s)

2018-03-20 09:31:37 - [TEST_STEP][PASSED] - verifyElementText: Actual text and expected text of test object 'Object Repository/OGRPrototypFiliasuche - DistanzZentralbank/61ErgebnisTest' are matched.

2018-03-20 09:31:37 - [MESSAGE][PASSED] - Actual text and expected text of test object 'Object Repository/OGRPrototypFiliasuche - DistanzZentralbank/61ErgebnisTest' are matched.

2018-03-20 09:31:37 - [TEST_STEP][PASSED] - closeBrowser: Browser is closed

2018-03-20 09:31:37 - [MESSAGE][PASSED] - Browser is closed]]></system-out>
         <system-err><![CDATA[]]></system-err>
      </testcase>
      <testcase name="Test Cases/Prototyp_Filialsuche (RC 18)/52_Testfall" classname="Test Cases/Prototyp_Filialsuche (RC 18)/52_Testfall" status="PASSED">
         <system-out><![CDATA[2018-03-20 09:31:37 - [TEST_CASE][PASSED] - Test Cases/Prototyp_Filialsuche (RC 18)/52_Testfall: Test Cases/Prototyp_Filialsuche (RC 18)/52_Testfall

2018-03-20 09:31:37 - [TEST_STEP][PASSED] - openBrowser: Browser is opened with url: ''

2018-03-20 09:31:40 - [MESSAGE][PASSED] - Browser is opened with url: ''

2018-03-20 09:31:40 - [TEST_STEP][PASSED] - maximizeWindow: Current window maximized

2018-03-20 09:31:40 - [MESSAGE][PASSED] - Current window maximized

2018-03-20 09:31:40 - [TEST_STEP][PASSED] - deleteAllCookies: Delete all cookies successfully

2018-03-20 09:31:40 - [MESSAGE][PASSED] - Delete all cookies successfully

2018-03-20 09:31:40 - [TEST_STEP][PASSED] - navigateToUrl: Navigate to 'http://rc-ogrhtmlprototyp.testintern/18-1-0/home-6-filialsuche.html' successfully

2018-03-20 09:31:42 - [MESSAGE][PASSED] - Navigate to 'http://rc-ogrhtmlprototyp.testintern/18-1-0/home-6-filialsuche.html' successfully

2018-03-20 09:31:42 - [TEST_STEP][PASSED] - delay: Delayed 5 second(s)

2018-03-20 09:31:47 - [MESSAGE][PASSED] - Delayed 5 second(s)

2018-03-20 09:31:47 - [TEST_STEP][PASSED] - click: Object: 'Object Repository/OGRPrototypFilialsuche - Kontakt-Box/svg_dropdown-icons' is clicked on

2018-03-20 09:31:47 - [MESSAGE][PASSED] - Object: 'Object Repository/OGRPrototypFilialsuche - Kontakt-Box/svg_dropdown-icons' is clicked on

2018-03-20 09:31:47 - [TEST_STEP][PASSED] - delay: Delayed 2 second(s)

2018-03-20 09:31:49 - [MESSAGE][PASSED] - Delayed 2 second(s)

2018-03-20 09:31:49 - [TEST_STEP][PASSED] - mouseOver: Object: 'Object Repository/Belitz_option' is hovered

2018-03-20 09:31:49 - [MESSAGE][PASSED] - Object: 'Object Repository/Belitz_option' is hovered

2018-03-20 09:31:49 - [TEST_STEP][PASSED] - delay: Delayed 2 second(s)

2018-03-20 09:31:51 - [MESSAGE][PASSED] - Delayed 2 second(s)

2018-03-20 09:31:51 - [TEST_STEP][PASSED] - click: Object: 'Object Repository/Belitz_option' is clicked on

2018-03-20 09:31:51 - [MESSAGE][PASSED] - Object: 'Object Repository/Belitz_option' is clicked on

2018-03-20 09:31:51 - [TEST_STEP][PASSED] - delay: Delayed 4 second(s)

2018-03-20 09:31:55 - [MESSAGE][PASSED] - Delayed 4 second(s)

2018-03-20 09:31:55 - [TEST_STEP][PASSED] - verifyElementText: Actual text and expected text of test object 'Object Repository/OGRPrototypFilialsuche - Kontakt-Box/01ErgebnisText' are matched.

2018-03-20 09:31:55 - [MESSAGE][PASSED] - Actual text and expected text of test object 'Object Repository/OGRPrototypFilialsuche - Kontakt-Box/01ErgebnisText' are matched.

2018-03-20 09:31:55 - [TEST_STEP][PASSED] - verifyElementText: Actual text and expected text of test object 'Object Repository/OGRPrototypFilialsuche - Kontakt-Box/02ErgebnisText' are matched.

2018-03-20 09:31:55 - [MESSAGE][PASSED] - Actual text and expected text of test object 'Object Repository/OGRPrototypFilialsuche - Kontakt-Box/02ErgebnisText' are matched.

2018-03-20 09:31:55 - [TEST_STEP][PASSED] - verifyElementText: Actual text and expected text of test object 'Object Repository/OGRPrototypFilialsuche - Kontakt-Box/03ErgebnisTest' are matched.

2018-03-20 09:31:56 - [MESSAGE][PASSED] - Actual text and expected text of test object 'Object Repository/OGRPrototypFilialsuche - Kontakt-Box/03ErgebnisTest' are matched.

2018-03-20 09:31:56 - [TEST_STEP][PASSED] - verifyElementText: Actual text and expected text of test object 'Object Repository/OGRPrototypFilialsuche - Kontakt-Box/04ErgebnisTest' are matched.

2018-03-20 09:31:56 - [MESSAGE][PASSED] - Actual text and expected text of test object 'Object Repository/OGRPrototypFilialsuche - Kontakt-Box/04ErgebnisTest' are matched.

2018-03-20 09:31:56 - [TEST_STEP][PASSED] - verifyElementText: Actual text and expected text of test object 'Object Repository/OGRPrototypFilialsuche - Kontakt-Box/05ErgebnisTest' are matched.

2018-03-20 09:31:56 - [MESSAGE][PASSED] - Actual text and expected text of test object 'Object Repository/OGRPrototypFilialsuche - Kontakt-Box/05ErgebnisTest' are matched.

2018-03-20 09:31:56 - [TEST_STEP][PASSED] - verifyElementText: Actual text and expected text of test object 'Object Repository/OGRPrototypFilialsuche - Kontakt-Box/06ErgebnisTest' are matched.

2018-03-20 09:31:56 - [MESSAGE][PASSED] - Actual text and expected text of test object 'Object Repository/OGRPrototypFilialsuche - Kontakt-Box/06ErgebnisTest' are matched.

2018-03-20 09:31:56 - [TEST_STEP][PASSED] - click: Object: 'Object Repository/naechsteSeite' is clicked on

2018-03-20 09:31:56 - [MESSAGE][PASSED] - Object: 'Object Repository/naechsteSeite' is clicked on

2018-03-20 09:31:56 - [TEST_STEP][PASSED] - verifyElementText: Actual text and expected text of test object 'Object Repository/OGRPrototypFilialsuche - Kontakt-Box/07ErgebnisTest' are matched.

2018-03-20 09:31:56 - [MESSAGE][PASSED] - Actual text and expected text of test object 'Object Repository/OGRPrototypFilialsuche - Kontakt-Box/07ErgebnisTest' are matched.

2018-03-20 09:31:56 - [TEST_STEP][PASSED] - verifyElementText: Actual text and expected text of test object 'Object Repository/OGRPrototypFilialsuche - Kontakt-Box/08ErgebnisTest' are matched.

2018-03-20 09:31:56 - [MESSAGE][PASSED] - Actual text and expected text of test object 'Object Repository/OGRPrototypFilialsuche - Kontakt-Box/08ErgebnisTest' are matched.

2018-03-20 09:31:56 - [TEST_STEP][PASSED] - verifyElementText: Actual text and expected text of test object 'Object Repository/OGRPrototypFilialsuche - Kontakt-Box/09ErgebnisTest' are matched.

2018-03-20 09:31:56 - [MESSAGE][PASSED] - Actual text and expected text of test object 'Object Repository/OGRPrototypFilialsuche - Kontakt-Box/09ErgebnisTest' are matched.

2018-03-20 09:31:56 - [TEST_STEP][PASSED] - verifyElementText: Actual text and expected text of test object 'Object Repository/OGRPrototypFilialsuche - Kontakt-Box/10ErgebnisTest' are matched.

2018-03-20 09:31:56 - [MESSAGE][PASSED] - Actual text and expected text of test object 'Object Repository/OGRPrototypFilialsuche - Kontakt-Box/10ErgebnisTest' are matched.

2018-03-20 09:31:56 - [TEST_STEP][PASSED] - verifyElementText: Actual text and expected text of test object 'Object Repository/OGRPrototypFilialsuche - Kontakt-Box/11ErgebnisTest' are matched.

2018-03-20 09:31:56 - [MESSAGE][PASSED] - Actual text and expected text of test object 'Object Repository/OGRPrototypFilialsuche - Kontakt-Box/11ErgebnisTest' are matched.

2018-03-20 09:31:56 - [TEST_STEP][PASSED] - verifyElementText: Actual text and expected text of test object 'Object Repository/OGRPrototypFilialsuche - Kontakt-Box/12ErgebnisTest' are matched.

2018-03-20 09:31:56 - [MESSAGE][PASSED] - Actual text and expected text of test object 'Object Repository/OGRPrototypFilialsuche - Kontakt-Box/12ErgebnisTest' are matched.

2018-03-20 09:31:56 - [TEST_STEP][PASSED] - click: Object: 'Object Repository/naechsteSeite' is clicked on

2018-03-20 09:31:56 - [MESSAGE][PASSED] - Object: 'Object Repository/naechsteSeite' is clicked on

2018-03-20 09:31:56 - [TEST_STEP][PASSED] - verifyElementText: Actual text and expected text of test object 'Object Repository/OGRPrototypFilialsuche - Kontakt-Box/13ErgebnisTest' are matched.

2018-03-20 09:31:56 - [MESSAGE][PASSED] - Actual text and expected text of test object 'Object Repository/OGRPrototypFilialsuche - Kontakt-Box/13ErgebnisTest' are matched.

2018-03-20 09:31:56 - [TEST_STEP][PASSED] - verifyElementText: Actual text and expected text of test object 'Object Repository/OGRPrototypFilialsuche - Kontakt-Box/14ErgebnisTest' are matched.

2018-03-20 09:31:56 - [MESSAGE][PASSED] - Actual text and expected text of test object 'Object Repository/OGRPrototypFilialsuche - Kontakt-Box/14ErgebnisTest' are matched.

2018-03-20 09:31:56 - [TEST_STEP][PASSED] - verifyElementText: Actual text and expected text of test object 'Object Repository/OGRPrototypFilialsuche - Kontakt-Box/15ErgebnisTest' are matched.

2018-03-20 09:31:56 - [MESSAGE][PASSED] - Actual text and expected text of test object 'Object Repository/OGRPrototypFilialsuche - Kontakt-Box/15ErgebnisTest' are matched.

2018-03-20 09:31:56 - [TEST_STEP][PASSED] - verifyElementText: Actual text and expected text of test object 'Object Repository/OGRPrototypFilialsuche - Kontakt-Box/16ErgebnisTest' are matched.

2018-03-20 09:31:56 - [MESSAGE][PASSED] - Actual text and expected text of test object 'Object Repository/OGRPrototypFilialsuche - Kontakt-Box/16ErgebnisTest' are matched.

2018-03-20 09:31:56 - [TEST_STEP][PASSED] - verifyElementText: Actual text and expected text of test object 'Object Repository/OGRPrototypFilialsuche - Kontakt-Box/17ErgebnisTest' are matched.

2018-03-20 09:31:56 - [MESSAGE][PASSED] - Actual text and expected text of test object 'Object Repository/OGRPrototypFilialsuche - Kontakt-Box/17ErgebnisTest' are matched.

2018-03-20 09:31:56 - [TEST_STEP][PASSED] - verifyElementText: Actual text and expected text of test object 'Object Repository/OGRPrototypFilialsuche - Kontakt-Box/18ErgebnisTest' are matched.

2018-03-20 09:31:56 - [MESSAGE][PASSED] - Actual text and expected text of test object 'Object Repository/OGRPrototypFilialsuche - Kontakt-Box/18ErgebnisTest' are matched.

2018-03-20 09:31:56 - [TEST_STEP][PASSED] - click: Object: 'Object Repository/naechsteSeite' is clicked on

2018-03-20 09:31:56 - [MESSAGE][PASSED] - Object: 'Object Repository/naechsteSeite' is clicked on

2018-03-20 09:31:56 - [TEST_STEP][PASSED] - verifyElementText: Actual text and expected text of test object 'Object Repository/OGRPrototypFilialsuche - Kontakt-Box/19ErgebnisTest' are matched.

2018-03-20 09:31:56 - [MESSAGE][PASSED] - Actual text and expected text of test object 'Object Repository/OGRPrototypFilialsuche - Kontakt-Box/19ErgebnisTest' are matched.

2018-03-20 09:31:56 - [TEST_STEP][PASSED] - verifyElementText: Actual text and expected text of test object 'Object Repository/OGRPrototypFilialsuche - Kontakt-Box/20ErgebnisTest' are matched.

2018-03-20 09:31:56 - [MESSAGE][PASSED] - Actual text and expected text of test object 'Object Repository/OGRPrototypFilialsuche - Kontakt-Box/20ErgebnisTest' are matched.

2018-03-20 09:31:56 - [TEST_STEP][PASSED] - verifyElementText: Actual text and expected text of test object 'Object Repository/OGRPrototypFilialsuche - Kontakt-Box/21ErgebnisTest' are matched.

2018-03-20 09:31:56 - [MESSAGE][PASSED] - Actual text and expected text of test object 'Object Repository/OGRPrototypFilialsuche - Kontakt-Box/21ErgebnisTest' are matched.

2018-03-20 09:31:56 - [TEST_STEP][PASSED] - verifyElementText: Actual text and expected text of test object 'Object Repository/OGRPrototypFilialsuche - Kontakt-Box/22ErgebnisTest' are matched.

2018-03-20 09:31:56 - [MESSAGE][PASSED] - Actual text and expected text of test object 'Object Repository/OGRPrototypFilialsuche - Kontakt-Box/22ErgebnisTest' are matched.

2018-03-20 09:31:56 - [TEST_STEP][PASSED] - verifyElementText: Actual text and expected text of test object 'Object Repository/OGRPrototypFilialsuche - Kontakt-Box/23ErgebnisTest' are matched.

2018-03-20 09:31:56 - [MESSAGE][PASSED] - Actual text and expected text of test object 'Object Repository/OGRPrototypFilialsuche - Kontakt-Box/23ErgebnisTest' are matched.

2018-03-20 09:31:56 - [TEST_STEP][PASSED] - verifyElementText: Actual text and expected text of test object 'Object Repository/OGRPrototypFilialsuche - Kontakt-Box/24ErgebnisTest' are matched.

2018-03-20 09:31:56 - [MESSAGE][PASSED] - Actual text and expected text of test object 'Object Repository/OGRPrototypFilialsuche - Kontakt-Box/24ErgebnisTest' are matched.

2018-03-20 09:31:56 - [TEST_STEP][PASSED] - click: Object: 'Object Repository/naechsteSeite' is clicked on

2018-03-20 09:31:56 - [MESSAGE][PASSED] - Object: 'Object Repository/naechsteSeite' is clicked on

2018-03-20 09:31:56 - [TEST_STEP][PASSED] - verifyElementText: Actual text and expected text of test object 'Object Repository/OGRPrototypFilialsuche - Kontakt-Box/25ErgebnisTest' are matched.

2018-03-20 09:31:56 - [MESSAGE][PASSED] - Actual text and expected text of test object 'Object Repository/OGRPrototypFilialsuche - Kontakt-Box/25ErgebnisTest' are matched.

2018-03-20 09:31:56 - [TEST_STEP][PASSED] - verifyElementText: Actual text and expected text of test object 'Object Repository/OGRPrototypFilialsuche - Kontakt-Box/26ErgebnisTest' are matched.

2018-03-20 09:31:56 - [MESSAGE][PASSED] - Actual text and expected text of test object 'Object Repository/OGRPrototypFilialsuche - Kontakt-Box/26ErgebnisTest' are matched.

2018-03-20 09:31:56 - [TEST_STEP][PASSED] - verifyElementText: Actual text and expected text of test object 'Object Repository/OGRPrototypFilialsuche - Kontakt-Box/27ErgebnisTest' are matched.

2018-03-20 09:31:56 - [MESSAGE][PASSED] - Actual text and expected text of test object 'Object Repository/OGRPrototypFilialsuche - Kontakt-Box/27ErgebnisTest' are matched.

2018-03-20 09:31:56 - [TEST_STEP][PASSED] - verifyElementText: Actual text and expected text of test object 'Object Repository/OGRPrototypFilialsuche - Kontakt-Box/28ErgebnisTest' are matched.

2018-03-20 09:31:56 - [MESSAGE][PASSED] - Actual text and expected text of test object 'Object Repository/OGRPrototypFilialsuche - Kontakt-Box/28ErgebnisTest' are matched.

2018-03-20 09:31:56 - [TEST_STEP][PASSED] - verifyElementText: Actual text and expected text of test object 'Object Repository/OGRPrototypFilialsuche - Kontakt-Box/29ErgebnisTest' are matched.

2018-03-20 09:31:56 - [MESSAGE][PASSED] - Actual text and expected text of test object 'Object Repository/OGRPrototypFilialsuche - Kontakt-Box/29ErgebnisTest' are matched.

2018-03-20 09:31:56 - [TEST_STEP][PASSED] - verifyElementText: Actual text and expected text of test object 'Object Repository/OGRPrototypFilialsuche - Kontakt-Box/30ErgebnisTest' are matched.

2018-03-20 09:31:56 - [MESSAGE][PASSED] - Actual text and expected text of test object 'Object Repository/OGRPrototypFilialsuche - Kontakt-Box/30ErgebnisTest' are matched.

2018-03-20 09:31:56 - [TEST_STEP][PASSED] - click: Object: 'Object Repository/naechsteSeite' is clicked on

2018-03-20 09:31:57 - [MESSAGE][PASSED] - Object: 'Object Repository/naechsteSeite' is clicked on

2018-03-20 09:31:57 - [TEST_STEP][PASSED] - verifyElementText: Actual text and expected text of test object 'Object Repository/OGRPrototypFilialsuche - Kontakt-Box/31ErgebnisTest' are matched.

2018-03-20 09:31:57 - [MESSAGE][PASSED] - Actual text and expected text of test object 'Object Repository/OGRPrototypFilialsuche - Kontakt-Box/31ErgebnisTest' are matched.

2018-03-20 09:31:57 - [TEST_STEP][PASSED] - verifyElementText: Actual text and expected text of test object 'Object Repository/OGRPrototypFilialsuche - Kontakt-Box/32ErgebnisTest' are matched.

2018-03-20 09:31:57 - [MESSAGE][PASSED] - Actual text and expected text of test object 'Object Repository/OGRPrototypFilialsuche - Kontakt-Box/32ErgebnisTest' are matched.

2018-03-20 09:31:57 - [TEST_STEP][PASSED] - verifyElementText: Actual text and expected text of test object 'Object Repository/OGRPrototypFilialsuche - Kontakt-Box/33ErgebnisTest' are matched.

2018-03-20 09:31:57 - [MESSAGE][PASSED] - Actual text and expected text of test object 'Object Repository/OGRPrototypFilialsuche - Kontakt-Box/33ErgebnisTest' are matched.

2018-03-20 09:31:57 - [TEST_STEP][PASSED] - verifyElementText: Actual text and expected text of test object 'Object Repository/OGRPrototypFilialsuche - Kontakt-Box/34ErgebnisTest' are matched.

2018-03-20 09:31:57 - [MESSAGE][PASSED] - Actual text and expected text of test object 'Object Repository/OGRPrototypFilialsuche - Kontakt-Box/34ErgebnisTest' are matched.

2018-03-20 09:31:57 - [TEST_STEP][PASSED] - verifyElementText: Actual text and expected text of test object 'Object Repository/OGRPrototypFilialsuche - Kontakt-Box/35ErgebnisTest' are matched.

2018-03-20 09:31:57 - [MESSAGE][PASSED] - Actual text and expected text of test object 'Object Repository/OGRPrototypFilialsuche - Kontakt-Box/35ErgebnisTest' are matched.

2018-03-20 09:31:57 - [TEST_STEP][PASSED] - verifyElementText: Actual text and expected text of test object 'Object Repository/OGRPrototypFilialsuche - Kontakt-Box/36ErgebnisTest' are matched.

2018-03-20 09:31:57 - [MESSAGE][PASSED] - Actual text and expected text of test object 'Object Repository/OGRPrototypFilialsuche - Kontakt-Box/36ErgebnisTest' are matched.

2018-03-20 09:31:57 - [TEST_STEP][PASSED] - click: Object: 'Object Repository/naechsteSeite' is clicked on

2018-03-20 09:31:57 - [MESSAGE][PASSED] - Object: 'Object Repository/naechsteSeite' is clicked on

2018-03-20 09:31:57 - [TEST_STEP][PASSED] - verifyElementText: Actual text and expected text of test object 'Object Repository/OGRPrototypFilialsuche - Kontakt-Box/37ErgebnisTest' are matched.

2018-03-20 09:31:57 - [MESSAGE][PASSED] - Actual text and expected text of test object 'Object Repository/OGRPrototypFilialsuche - Kontakt-Box/37ErgebnisTest' are matched.

2018-03-20 09:31:57 - [TEST_STEP][PASSED] - closeBrowser: Browser is closed

2018-03-20 09:31:57 - [MESSAGE][PASSED] - Browser is closed]]></system-out>
         <system-err><![CDATA[]]></system-err>
      </testcase>
      <testcase name="Test Cases/Prototyp_Filialsuche (RC 18)/53_Testfall" classname="Test Cases/Prototyp_Filialsuche (RC 18)/53_Testfall" status="PASSED">
         <system-out><![CDATA[2018-03-20 09:31:57 - [TEST_CASE][PASSED] - Test Cases/Prototyp_Filialsuche (RC 18)/53_Testfall: Test Cases/Prototyp_Filialsuche (RC 18)/53_Testfall

2018-03-20 09:31:57 - [TEST_STEP][PASSED] - openBrowser: Browser is opened with url: ''

2018-03-20 09:31:59 - [MESSAGE][PASSED] - Browser is opened with url: ''

2018-03-20 09:31:59 - [TEST_STEP][PASSED] - maximizeWindow: Current window maximized

2018-03-20 09:31:59 - [MESSAGE][PASSED] - Current window maximized

2018-03-20 09:31:59 - [TEST_STEP][PASSED] - deleteAllCookies: Delete all cookies successfully

2018-03-20 09:31:59 - [MESSAGE][PASSED] - Delete all cookies successfully

2018-03-20 09:31:59 - [TEST_STEP][PASSED] - navigateToUrl: Navigate to 'http://rc-ogrhtmlprototyp.testintern/18-1-0/detail.html' successfully

2018-03-20 09:32:06 - [MESSAGE][PASSED] - Navigate to 'http://rc-ogrhtmlprototyp.testintern/18-1-0/detail.html' successfully

2018-03-20 09:32:06 - [TEST_STEP][PASSED] - delay: Delayed 5 second(s)

2018-03-20 09:32:11 - [MESSAGE][PASSED] - Delayed 5 second(s)

2018-03-20 09:32:11 - [TEST_STEP][PASSED] - click: Object: 'Object Repository/OGRPrototypFilialsuche - Marginalspalte/svg_dropdown-icons' is clicked on

2018-03-20 09:32:11 - [MESSAGE][PASSED] - Object: 'Object Repository/OGRPrototypFilialsuche - Marginalspalte/svg_dropdown-icons' is clicked on

2018-03-20 09:32:11 - [TEST_STEP][PASSED] - delay: Delayed 2 second(s)

2018-03-20 09:32:13 - [MESSAGE][PASSED] - Delayed 2 second(s)

2018-03-20 09:32:13 - [TEST_STEP][PASSED] - mouseOver: Object: 'Object Repository/Belitz_option' is hovered

2018-03-20 09:32:13 - [MESSAGE][PASSED] - Object: 'Object Repository/Belitz_option' is hovered

2018-03-20 09:32:13 - [TEST_STEP][PASSED] - delay: Delayed 2 second(s)

2018-03-20 09:32:15 - [MESSAGE][PASSED] - Delayed 2 second(s)

2018-03-20 09:32:15 - [TEST_STEP][PASSED] - click: Object: 'Object Repository/Belitz_option' is clicked on

2018-03-20 09:32:15 - [MESSAGE][PASSED] - Object: 'Object Repository/Belitz_option' is clicked on

2018-03-20 09:32:15 - [TEST_STEP][PASSED] - delay: Delayed 5 second(s)

2018-03-20 09:32:20 - [MESSAGE][PASSED] - Delayed 5 second(s)

2018-03-20 09:32:20 - [TEST_STEP][PASSED] - verifyElementText: Actual text and expected text of test object 'Object Repository/OGRPrototypFilialsuche - Marginalspalte/01ErgebnisText' are matched.

2018-03-20 09:32:20 - [MESSAGE][PASSED] - Actual text and expected text of test object 'Object Repository/OGRPrototypFilialsuche - Marginalspalte/01ErgebnisText' are matched.

2018-03-20 09:32:20 - [TEST_STEP][PASSED] - verifyElementText: Actual text and expected text of test object 'Object Repository/OGRPrototypFilialsuche - Marginalspalte/02ErgebnisText' are matched.

2018-03-20 09:32:20 - [MESSAGE][PASSED] - Actual text and expected text of test object 'Object Repository/OGRPrototypFilialsuche - Marginalspalte/02ErgebnisText' are matched.

2018-03-20 09:32:20 - [TEST_STEP][PASSED] - verifyElementText: Actual text and expected text of test object 'Object Repository/OGRPrototypFilialsuche - Marginalspalte/03ErgebnisTest' are matched.

2018-03-20 09:32:20 - [MESSAGE][PASSED] - Actual text and expected text of test object 'Object Repository/OGRPrototypFilialsuche - Marginalspalte/03ErgebnisTest' are matched.

2018-03-20 09:32:20 - [TEST_STEP][PASSED] - verifyElementText: Actual text and expected text of test object 'Object Repository/OGRPrototypFilialsuche - Marginalspalte/04ErgebnisTest' are matched.

2018-03-20 09:32:20 - [MESSAGE][PASSED] - Actual text and expected text of test object 'Object Repository/OGRPrototypFilialsuche - Marginalspalte/04ErgebnisTest' are matched.

2018-03-20 09:32:20 - [TEST_STEP][PASSED] - verifyElementText: Actual text and expected text of test object 'Object Repository/OGRPrototypFilialsuche - Marginalspalte/05ErgebnisTest' are matched.

2018-03-20 09:32:20 - [MESSAGE][PASSED] - Actual text and expected text of test object 'Object Repository/OGRPrototypFilialsuche - Marginalspalte/05ErgebnisTest' are matched.

2018-03-20 09:32:20 - [TEST_STEP][PASSED] - verifyElementText: Actual text and expected text of test object 'Object Repository/OGRPrototypFilialsuche - Marginalspalte/06ErgebnisTest' are matched.

2018-03-20 09:32:20 - [MESSAGE][PASSED] - Actual text and expected text of test object 'Object Repository/OGRPrototypFilialsuche - Marginalspalte/06ErgebnisTest' are matched.

2018-03-20 09:32:20 - [TEST_STEP][PASSED] - click: Object: 'Object Repository/naechsteSeite' is clicked on

2018-03-20 09:32:20 - [MESSAGE][PASSED] - Object: 'Object Repository/naechsteSeite' is clicked on

2018-03-20 09:32:20 - [TEST_STEP][PASSED] - verifyElementText: Actual text and expected text of test object 'Object Repository/OGRPrototypFilialsuche - Marginalspalte/07ErgebnisTest' are matched.

2018-03-20 09:32:20 - [MESSAGE][PASSED] - Actual text and expected text of test object 'Object Repository/OGRPrototypFilialsuche - Marginalspalte/07ErgebnisTest' are matched.

2018-03-20 09:32:20 - [TEST_STEP][PASSED] - verifyElementText: Actual text and expected text of test object 'Object Repository/OGRPrototypFilialsuche - Marginalspalte/08ErgebnisTest' are matched.

2018-03-20 09:32:20 - [MESSAGE][PASSED] - Actual text and expected text of test object 'Object Repository/OGRPrototypFilialsuche - Marginalspalte/08ErgebnisTest' are matched.

2018-03-20 09:32:20 - [TEST_STEP][PASSED] - verifyElementText: Actual text and expected text of test object 'Object Repository/OGRPrototypFilialsuche - Marginalspalte/09ErgebnisTest' are matched.

2018-03-20 09:32:20 - [MESSAGE][PASSED] - Actual text and expected text of test object 'Object Repository/OGRPrototypFilialsuche - Marginalspalte/09ErgebnisTest' are matched.

2018-03-20 09:32:20 - [TEST_STEP][PASSED] - verifyElementText: Actual text and expected text of test object 'Object Repository/OGRPrototypFilialsuche - Marginalspalte/10ErgebnisTest' are matched.

2018-03-20 09:32:20 - [MESSAGE][PASSED] - Actual text and expected text of test object 'Object Repository/OGRPrototypFilialsuche - Marginalspalte/10ErgebnisTest' are matched.

2018-03-20 09:32:20 - [TEST_STEP][PASSED] - verifyElementText: Actual text and expected text of test object 'Object Repository/OGRPrototypFilialsuche - Marginalspalte/11ErgebnisTest' are matched.

2018-03-20 09:32:20 - [MESSAGE][PASSED] - Actual text and expected text of test object 'Object Repository/OGRPrototypFilialsuche - Marginalspalte/11ErgebnisTest' are matched.

2018-03-20 09:32:20 - [TEST_STEP][PASSED] - verifyElementText: Actual text and expected text of test object 'Object Repository/OGRPrototypFilialsuche - Marginalspalte/12ErgebnisTest' are matched.

2018-03-20 09:32:20 - [MESSAGE][PASSED] - Actual text and expected text of test object 'Object Repository/OGRPrototypFilialsuche - Marginalspalte/12ErgebnisTest' are matched.

2018-03-20 09:32:20 - [TEST_STEP][PASSED] - click: Object: 'Object Repository/naechsteSeite' is clicked on

2018-03-20 09:32:20 - [MESSAGE][PASSED] - Object: 'Object Repository/naechsteSeite' is clicked on

2018-03-20 09:32:20 - [TEST_STEP][PASSED] - verifyElementText: Actual text and expected text of test object 'Object Repository/OGRPrototypFilialsuche - Marginalspalte/13ErgebnisTest' are matched.

2018-03-20 09:32:20 - [MESSAGE][PASSED] - Actual text and expected text of test object 'Object Repository/OGRPrototypFilialsuche - Marginalspalte/13ErgebnisTest' are matched.

2018-03-20 09:32:20 - [TEST_STEP][PASSED] - verifyElementText: Actual text and expected text of test object 'Object Repository/OGRPrototypFilialsuche - Marginalspalte/14ErgebnisTest' are matched.

2018-03-20 09:32:20 - [MESSAGE][PASSED] - Actual text and expected text of test object 'Object Repository/OGRPrototypFilialsuche - Marginalspalte/14ErgebnisTest' are matched.

2018-03-20 09:32:20 - [TEST_STEP][PASSED] - verifyElementText: Actual text and expected text of test object 'Object Repository/OGRPrototypFilialsuche - Marginalspalte/15ErgebnisTest' are matched.

2018-03-20 09:32:20 - [MESSAGE][PASSED] - Actual text and expected text of test object 'Object Repository/OGRPrototypFilialsuche - Marginalspalte/15ErgebnisTest' are matched.

2018-03-20 09:32:20 - [TEST_STEP][PASSED] - verifyElementText: Actual text and expected text of test object 'Object Repository/OGRPrototypFilialsuche - Marginalspalte/16ErgebnisTest' are matched.

2018-03-20 09:32:20 - [MESSAGE][PASSED] - Actual text and expected text of test object 'Object Repository/OGRPrototypFilialsuche - Marginalspalte/16ErgebnisTest' are matched.

2018-03-20 09:32:20 - [TEST_STEP][PASSED] - verifyElementText: Actual text and expected text of test object 'Object Repository/OGRPrototypFilialsuche - Marginalspalte/17ErgebnisTest' are matched.

2018-03-20 09:32:20 - [MESSAGE][PASSED] - Actual text and expected text of test object 'Object Repository/OGRPrototypFilialsuche - Marginalspalte/17ErgebnisTest' are matched.

2018-03-20 09:32:20 - [TEST_STEP][PASSED] - verifyElementText: Actual text and expected text of test object 'Object Repository/OGRPrototypFilialsuche - Marginalspalte/18ErgebnisTest' are matched.

2018-03-20 09:32:20 - [MESSAGE][PASSED] - Actual text and expected text of test object 'Object Repository/OGRPrototypFilialsuche - Marginalspalte/18ErgebnisTest' are matched.

2018-03-20 09:32:20 - [TEST_STEP][PASSED] - click: Object: 'Object Repository/naechsteSeite' is clicked on

2018-03-20 09:32:21 - [MESSAGE][PASSED] - Object: 'Object Repository/naechsteSeite' is clicked on

2018-03-20 09:32:21 - [TEST_STEP][PASSED] - verifyElementText: Actual text and expected text of test object 'Object Repository/OGRPrototypFilialsuche - Marginalspalte/19ErgebnisTest' are matched.

2018-03-20 09:32:21 - [MESSAGE][PASSED] - Actual text and expected text of test object 'Object Repository/OGRPrototypFilialsuche - Marginalspalte/19ErgebnisTest' are matched.

2018-03-20 09:32:21 - [TEST_STEP][PASSED] - verifyElementText: Actual text and expected text of test object 'Object Repository/OGRPrototypFilialsuche - Marginalspalte/20ErgebnisTest' are matched.

2018-03-20 09:32:21 - [MESSAGE][PASSED] - Actual text and expected text of test object 'Object Repository/OGRPrototypFilialsuche - Marginalspalte/20ErgebnisTest' are matched.

2018-03-20 09:32:21 - [TEST_STEP][PASSED] - verifyElementText: Actual text and expected text of test object 'Object Repository/OGRPrototypFilialsuche - Marginalspalte/21ErgebnisTest' are matched.

2018-03-20 09:32:21 - [MESSAGE][PASSED] - Actual text and expected text of test object 'Object Repository/OGRPrototypFilialsuche - Marginalspalte/21ErgebnisTest' are matched.

2018-03-20 09:32:21 - [TEST_STEP][PASSED] - verifyElementText: Actual text and expected text of test object 'Object Repository/OGRPrototypFilialsuche - Marginalspalte/22ErgebnisTest' are matched.

2018-03-20 09:32:21 - [MESSAGE][PASSED] - Actual text and expected text of test object 'Object Repository/OGRPrototypFilialsuche - Marginalspalte/22ErgebnisTest' are matched.

2018-03-20 09:32:21 - [TEST_STEP][PASSED] - verifyElementText: Actual text and expected text of test object 'Object Repository/OGRPrototypFilialsuche - Marginalspalte/23ErgebnisTest' are matched.

2018-03-20 09:32:21 - [MESSAGE][PASSED] - Actual text and expected text of test object 'Object Repository/OGRPrototypFilialsuche - Marginalspalte/23ErgebnisTest' are matched.

2018-03-20 09:32:21 - [TEST_STEP][PASSED] - verifyElementText: Actual text and expected text of test object 'Object Repository/OGRPrototypFilialsuche - Marginalspalte/24ErgebnisTest' are matched.

2018-03-20 09:32:21 - [MESSAGE][PASSED] - Actual text and expected text of test object 'Object Repository/OGRPrototypFilialsuche - Marginalspalte/24ErgebnisTest' are matched.

2018-03-20 09:32:21 - [TEST_STEP][PASSED] - click: Object: 'Object Repository/naechsteSeite' is clicked on

2018-03-20 09:32:21 - [MESSAGE][PASSED] - Object: 'Object Repository/naechsteSeite' is clicked on

2018-03-20 09:32:21 - [TEST_STEP][PASSED] - verifyElementText: Actual text and expected text of test object 'Object Repository/OGRPrototypFilialsuche - Marginalspalte/25ErgebnisTest' are matched.

2018-03-20 09:32:21 - [MESSAGE][PASSED] - Actual text and expected text of test object 'Object Repository/OGRPrototypFilialsuche - Marginalspalte/25ErgebnisTest' are matched.

2018-03-20 09:32:21 - [TEST_STEP][PASSED] - verifyElementText: Actual text and expected text of test object 'Object Repository/OGRPrototypFilialsuche - Marginalspalte/26ErgebnisTest' are matched.

2018-03-20 09:32:21 - [MESSAGE][PASSED] - Actual text and expected text of test object 'Object Repository/OGRPrototypFilialsuche - Marginalspalte/26ErgebnisTest' are matched.

2018-03-20 09:32:21 - [TEST_STEP][PASSED] - verifyElementText: Actual text and expected text of test object 'Object Repository/OGRPrototypFilialsuche - Marginalspalte/27ErgebnisTest' are matched.

2018-03-20 09:32:21 - [MESSAGE][PASSED] - Actual text and expected text of test object 'Object Repository/OGRPrototypFilialsuche - Marginalspalte/27ErgebnisTest' are matched.

2018-03-20 09:32:21 - [TEST_STEP][PASSED] - verifyElementText: Actual text and expected text of test object 'Object Repository/OGRPrototypFilialsuche - Marginalspalte/28ErgebnisTest' are matched.

2018-03-20 09:32:21 - [MESSAGE][PASSED] - Actual text and expected text of test object 'Object Repository/OGRPrototypFilialsuche - Marginalspalte/28ErgebnisTest' are matched.

2018-03-20 09:32:21 - [TEST_STEP][PASSED] - verifyElementText: Actual text and expected text of test object 'Object Repository/OGRPrototypFilialsuche - Marginalspalte/29ErgebnisTest' are matched.

2018-03-20 09:32:21 - [MESSAGE][PASSED] - Actual text and expected text of test object 'Object Repository/OGRPrototypFilialsuche - Marginalspalte/29ErgebnisTest' are matched.

2018-03-20 09:32:21 - [TEST_STEP][PASSED] - verifyElementText: Actual text and expected text of test object 'Object Repository/OGRPrototypFilialsuche - Marginalspalte/30ErgebnisTest' are matched.

2018-03-20 09:32:21 - [MESSAGE][PASSED] - Actual text and expected text of test object 'Object Repository/OGRPrototypFilialsuche - Marginalspalte/30ErgebnisTest' are matched.

2018-03-20 09:32:21 - [TEST_STEP][PASSED] - click: Object: 'Object Repository/naechsteSeite' is clicked on

2018-03-20 09:32:21 - [MESSAGE][PASSED] - Object: 'Object Repository/naechsteSeite' is clicked on

2018-03-20 09:32:21 - [TEST_STEP][PASSED] - verifyElementText: Actual text and expected text of test object 'Object Repository/OGRPrototypFilialsuche - Marginalspalte/31ErgebnisTest' are matched.

2018-03-20 09:32:21 - [MESSAGE][PASSED] - Actual text and expected text of test object 'Object Repository/OGRPrototypFilialsuche - Marginalspalte/31ErgebnisTest' are matched.

2018-03-20 09:32:21 - [TEST_STEP][PASSED] - verifyElementText: Actual text and expected text of test object 'Object Repository/OGRPrototypFilialsuche - Marginalspalte/32ErgebnisTest' are matched.

2018-03-20 09:32:21 - [MESSAGE][PASSED] - Actual text and expected text of test object 'Object Repository/OGRPrototypFilialsuche - Marginalspalte/32ErgebnisTest' are matched.

2018-03-20 09:32:21 - [TEST_STEP][PASSED] - verifyElementText: Actual text and expected text of test object 'Object Repository/OGRPrototypFilialsuche - Marginalspalte/33ErgebnisTest' are matched.

2018-03-20 09:32:21 - [MESSAGE][PASSED] - Actual text and expected text of test object 'Object Repository/OGRPrototypFilialsuche - Marginalspalte/33ErgebnisTest' are matched.

2018-03-20 09:32:21 - [TEST_STEP][PASSED] - verifyElementText: Actual text and expected text of test object 'Object Repository/OGRPrototypFilialsuche - Marginalspalte/34ErgebnisTest' are matched.

2018-03-20 09:32:21 - [MESSAGE][PASSED] - Actual text and expected text of test object 'Object Repository/OGRPrototypFilialsuche - Marginalspalte/34ErgebnisTest' are matched.

2018-03-20 09:32:21 - [TEST_STEP][PASSED] - verifyElementText: Actual text and expected text of test object 'Object Repository/OGRPrototypFilialsuche - Marginalspalte/35ErgebnisTest' are matched.

2018-03-20 09:32:21 - [MESSAGE][PASSED] - Actual text and expected text of test object 'Object Repository/OGRPrototypFilialsuche - Marginalspalte/35ErgebnisTest' are matched.

2018-03-20 09:32:21 - [TEST_STEP][PASSED] - verifyElementText: Actual text and expected text of test object 'Object Repository/OGRPrototypFilialsuche - Marginalspalte/36ErgebnisTest' are matched.

2018-03-20 09:32:21 - [MESSAGE][PASSED] - Actual text and expected text of test object 'Object Repository/OGRPrototypFilialsuche - Marginalspalte/36ErgebnisTest' are matched.

2018-03-20 09:32:21 - [TEST_STEP][PASSED] - click: Object: 'Object Repository/naechsteSeite' is clicked on

2018-03-20 09:32:21 - [MESSAGE][PASSED] - Object: 'Object Repository/naechsteSeite' is clicked on

2018-03-20 09:32:21 - [TEST_STEP][PASSED] - verifyElementText: Actual text and expected text of test object 'Object Repository/OGRPrototypFilialsuche - Marginalspalte/37ErgebnisTest' are matched.

2018-03-20 09:32:21 - [MESSAGE][PASSED] - Actual text and expected text of test object 'Object Repository/OGRPrototypFilialsuche - Marginalspalte/37ErgebnisTest' are matched.

2018-03-20 09:32:21 - [TEST_STEP][PASSED] - closeBrowser: Browser is closed

2018-03-20 09:32:21 - [MESSAGE][PASSED] - Browser is closed]]></system-out>
         <system-err><![CDATA[]]></system-err>
      </testcase>
      <testcase name="Test Cases/Prototyp_Filialsuche (RC 18)/54_Testfall" classname="Test Cases/Prototyp_Filialsuche (RC 18)/54_Testfall" status="PASSED">
         <system-out><![CDATA[2018-03-20 09:32:21 - [TEST_CASE][PASSED] - Test Cases/Prototyp_Filialsuche (RC 18)/54_Testfall: Test Cases/Prototyp_Filialsuche (RC 18)/54_Testfall

2018-03-20 09:32:21 - [TEST_STEP][PASSED] - openBrowser: Browser is opened with url: ''

2018-03-20 09:32:23 - [MESSAGE][PASSED] - Browser is opened with url: ''

2018-03-20 09:32:23 - [TEST_STEP][PASSED] - maximizeWindow: Current window maximized

2018-03-20 09:32:23 - [MESSAGE][PASSED] - Current window maximized

2018-03-20 09:32:23 - [TEST_STEP][PASSED] - deleteAllCookies: Delete all cookies successfully

2018-03-20 09:32:23 - [MESSAGE][PASSED] - Delete all cookies successfully

2018-03-20 09:32:23 - [TEST_STEP][PASSED] - navigateToUrl: Navigate to 'http://rc-ogrhtmlprototyp.testintern/18-1-0/filialsuche-wangen.html' successfully

2018-03-20 09:32:24 - [MESSAGE][PASSED] - Navigate to 'http://rc-ogrhtmlprototyp.testintern/18-1-0/filialsuche-wangen.html' successfully

2018-03-20 09:32:24 - [TEST_STEP][PASSED] - delay: Delayed 5 second(s)

2018-03-20 09:32:29 - [MESSAGE][PASSED] - Delayed 5 second(s)

2018-03-20 09:32:29 - [TEST_STEP][PASSED] - verifyElementText: Actual text and expected text of test object 'Object Repository/OGRProtoypFilialsuche - Ort/01ErgebnisText' are matched.

2018-03-20 09:32:29 - [MESSAGE][PASSED] - Actual text and expected text of test object 'Object Repository/OGRProtoypFilialsuche - Ort/01ErgebnisText' are matched.

2018-03-20 09:32:29 - [TEST_STEP][PASSED] - verifyElementText: Actual text and expected text of test object 'Object Repository/OGRProtoypFilialsuche - Ort/02ErgebnisText' are matched.

2018-03-20 09:32:29 - [MESSAGE][PASSED] - Actual text and expected text of test object 'Object Repository/OGRProtoypFilialsuche - Ort/02ErgebnisText' are matched.

2018-03-20 09:32:29 - [TEST_STEP][PASSED] - verifyElementText: Actual text and expected text of test object 'Object Repository/OGRProtoypFilialsuche - Ort/03ErgebnisTest' are matched.

2018-03-20 09:32:29 - [MESSAGE][PASSED] - Actual text and expected text of test object 'Object Repository/OGRProtoypFilialsuche - Ort/03ErgebnisTest' are matched.

2018-03-20 09:32:29 - [TEST_STEP][PASSED] - verifyElementText: Actual text and expected text of test object 'Object Repository/OGRProtoypFilialsuche - Ort/04ErgebnisTest' are matched.

2018-03-20 09:32:29 - [MESSAGE][PASSED] - Actual text and expected text of test object 'Object Repository/OGRProtoypFilialsuche - Ort/04ErgebnisTest' are matched.

2018-03-20 09:32:29 - [TEST_STEP][PASSED] - closeBrowser: Browser is closed

2018-03-20 09:32:30 - [MESSAGE][PASSED] - Browser is closed]]></system-out>
         <system-err><![CDATA[]]></system-err>
      </testcase>
      <testcase name="Test Cases/Prototyp_Filialsuche (RC 18)/55_Testfall" classname="Test Cases/Prototyp_Filialsuche (RC 18)/55_Testfall" status="FAILED">
         <failure type="FAILED" message="Verify element text of test object 'Object Repository/Page_Filialsuche - Strassenname Hausnummer/01ErgebnisText' FAILED. (Root cause: Actual text 'Berliner Volksbank eG' and expected text 'Berliner Volksbank eG, Filiale Moabit' of test object 'Object Repository/Page_Filialsuche - Strassenname Hausnummer/01ErgebnisText' are NOT matched.)"/>
         <system-out><![CDATA[2018-03-20 09:32:30 - [TEST_CASE][FAILED] - Test Cases/Prototyp_Filialsuche (RC 18)/55_Testfall: Test Cases/Prototyp_Filialsuche (RC 18)/55_Testfall FAILED because (of) Verify element text of test object 'Object Repository/Page_Filialsuche - Strassenname Hausnummer/01ErgebnisText' FAILED. (Root cause: Actual text 'Berliner Volksbank eG' and expected text 'Berliner Volksbank eG, Filiale Moabit' of test object 'Object Repository/Page_Filialsuche - Strassenname Hausnummer/01ErgebnisText' are NOT matched.)

2018-03-20 09:32:30 - [TEST_STEP][PASSED] - openBrowser: Browser is opened with url: ''

2018-03-20 09:32:31 - [MESSAGE][PASSED] - Browser is opened with url: ''

2018-03-20 09:32:31 - [TEST_STEP][PASSED] - maximizeWindow: Current window maximized

2018-03-20 09:32:31 - [MESSAGE][PASSED] - Current window maximized

2018-03-20 09:32:31 - [TEST_STEP][PASSED] - deleteAllCookies: Delete all cookies successfully

2018-03-20 09:32:31 - [MESSAGE][PASSED] - Delete all cookies successfully

2018-03-20 09:32:31 - [TEST_STEP][PASSED] - navigateToUrl: Navigate to 'http://rc-ogrhtmlprototyp.testintern/18-1-0/filialsuche.html' successfully

2018-03-20 09:32:32 - [MESSAGE][PASSED] - Navigate to 'http://rc-ogrhtmlprototyp.testintern/18-1-0/filialsuche.html' successfully

2018-03-20 09:32:32 - [TEST_STEP][PASSED] - delay: Delayed 5 second(s)

2018-03-20 09:32:37 - [MESSAGE][PASSED] - Delayed 5 second(s)

2018-03-20 09:32:37 - [TEST_STEP][PASSED] - click: Object: 'Object Repository/Page_Filialsuche - Strassenname Hausnummer/svg_dropdown-icons' is clicked on

2018-03-20 09:32:37 - [MESSAGE][PASSED] - Object: 'Object Repository/Page_Filialsuche - Strassenname Hausnummer/svg_dropdown-icons' is clicked on

2018-03-20 09:32:37 - [TEST_STEP][PASSED] - delay: Delayed 2 second(s)

2018-03-20 09:32:39 - [MESSAGE][PASSED] - Delayed 2 second(s)

2018-03-20 09:32:39 - [TEST_STEP][PASSED] - mouseOver: Object: 'Object Repository/Belitz_option' is hovered

2018-03-20 09:32:39 - [MESSAGE][PASSED] - Object: 'Object Repository/Belitz_option' is hovered

2018-03-20 09:32:39 - [TEST_STEP][PASSED] - delay: Delayed 2 second(s)

2018-03-20 09:32:41 - [MESSAGE][PASSED] - Delayed 2 second(s)

2018-03-20 09:32:41 - [TEST_STEP][PASSED] - click: Object: 'Object Repository/Belitz_option' is clicked on

2018-03-20 09:32:42 - [MESSAGE][PASSED] - Object: 'Object Repository/Belitz_option' is clicked on

2018-03-20 09:32:42 - [TEST_STEP][PASSED] - delay: Delayed 2 second(s)

2018-03-20 09:32:44 - [MESSAGE][PASSED] - Delayed 2 second(s)

2018-03-20 09:32:44 - [TEST_STEP][FAILED] - verifyElementText: Verify element text of test object 'Object Repository/Page_Filialsuche - Strassenname Hausnummer/01ErgebnisText' FAILED. (Root cause: Actual text 'Berliner Volksbank eG' and expected text 'Berliner Volksbank eG, Filiale Moabit' of test object 'Object Repository/Page_Filialsuche - Strassenname Hausnummer/01ErgebnisText' are NOT matched.)

2018-03-20 09:32:44 - [MESSAGE][FAILED] - Actual text 'Berliner Volksbank eG' and expected text 'Berliner Volksbank eG, Filiale Moabit' of test object 'Object Repository/Page_Filialsuche - Strassenname Hausnummer/01ErgebnisText' are NOT matched.
[[ATTACHMENT|/Users/lbut/Desktop/KATALON/Prototyp1_20_03/Prototyp1/Reports/Prototyp Filialsuche (RC18) 13_03_2018/20180320_091422/1521534764056.png]]

2018-03-20 09:32:45 - [MESSAGE][FAILED] - Verify element text of test object 'Object Repository/Page_Filialsuche - Strassenname Hausnummer/01ErgebnisText' FAILED. (Root cause: Actual text 'Berliner Volksbank eG' and expected text 'Berliner Volksbank eG, Filiale Moabit' of test object 'Object Repository/Page_Filialsuche - Strassenname Hausnummer/01ErgebnisText' are NOT matched.)
[[ATTACHMENT|/Users/lbut/Desktop/KATALON/Prototyp1_20_03/Prototyp1/Reports/Prototyp Filialsuche (RC18) 13_03_2018/20180320_091422/1521534764422.png]]]]></system-out>
         <system-err><![CDATA[2018-03-20 09:32:30 - [TEST_CASE][FAILED] - Test Cases/Prototyp_Filialsuche (RC 18)/55_Testfall: Test Cases/Prototyp_Filialsuche (RC 18)/55_Testfall FAILED because (of) Verify element text of test object 'Object Repository/Page_Filialsuche - Strassenname Hausnummer/01ErgebnisText' FAILED. (Root cause: Actual text 'Berliner Volksbank eG' and expected text 'Berliner Volksbank eG, Filiale Moabit' of test object 'Object Repository/Page_Filialsuche - Strassenname Hausnummer/01ErgebnisText' are NOT matched.)]]></system-err>
      </testcase>
      <testcase name="Test Cases/Prototyp_Filialsuche (RC 18)/56_Testfall" classname="Test Cases/Prototyp_Filialsuche (RC 18)/56_Testfall" status="PASSED">
         <system-out><![CDATA[2018-03-20 09:32:45 - [TEST_CASE][PASSED] - Test Cases/Prototyp_Filialsuche (RC 18)/56_Testfall: Test Cases/Prototyp_Filialsuche (RC 18)/56_Testfall

2018-03-20 09:32:45 - [TEST_STEP][PASSED] - openBrowser: Browser is opened with url: ''

2018-03-20 09:32:45 - [MESSAGE][WARNING] - A browser is already opened. Closing browser and opening a new one

2018-03-20 09:32:46 - [MESSAGE][PASSED] - Browser is opened with url: ''

2018-03-20 09:32:46 - [TEST_STEP][PASSED] - maximizeWindow: Current window maximized

2018-03-20 09:32:46 - [MESSAGE][PASSED] - Current window maximized

2018-03-20 09:32:46 - [TEST_STEP][PASSED] - deleteAllCookies: Delete all cookies successfully

2018-03-20 09:32:46 - [MESSAGE][PASSED] - Delete all cookies successfully

2018-03-20 09:32:46 - [TEST_STEP][PASSED] - navigateToUrl: Navigate to 'http://rc-ogrhtmlprototyp.testintern/18-1-0/filialsuche-nuernberg.html' successfully

2018-03-20 09:32:48 - [MESSAGE][PASSED] - Navigate to 'http://rc-ogrhtmlprototyp.testintern/18-1-0/filialsuche-nuernberg.html' successfully

2018-03-20 09:32:48 - [TEST_STEP][PASSED] - delay: Delayed 5 second(s)

2018-03-20 09:32:53 - [MESSAGE][PASSED] - Delayed 5 second(s)

2018-03-20 09:32:53 - [TEST_STEP][PASSED] - Statement - wes = com.kms.katalon.core.webui.common.WebUiCommonHelper.findWebElements(com.kms.katalon.core.testobject.ObjectRepository.findTestObject(filial_map), 5): Found 10 web elements with id: 'Object Repository/filial_map' located by 'By.xpath: //div[@class='aps-map__custom-marker']' in '5' second(s)

2018-03-20 09:32:53 - [TEST_STEP][PASSED] - Statement - For ([i = 0, i < wes.size(), (i++)]): null

2018-03-20 09:32:53 - [TEST_STEP][PASSED] - Statement - el = wes.get(i): null

2018-03-20 09:32:53 - [TEST_STEP][PASSED] - Statement - text = el.getCssValue("background-image"): null

2018-03-20 09:32:53 - [TEST_STEP][PASSED] - Statement - If (!(text.contains("psd_bank.png"))): null

2018-03-20 09:32:53 - [TEST_STEP][PASSED] - Statement - el = wes.get(i): null

2018-03-20 09:32:53 - [TEST_STEP][PASSED] - Statement - text = el.getCssValue("background-image"): null

2018-03-20 09:32:53 - [TEST_STEP][PASSED] - Statement - If (!(text.contains("psd_bank.png"))): null

2018-03-20 09:32:53 - [TEST_STEP][PASSED] - Statement - el = wes.get(i): null

2018-03-20 09:32:53 - [TEST_STEP][PASSED] - Statement - text = el.getCssValue("background-image"): null

2018-03-20 09:32:53 - [TEST_STEP][PASSED] - Statement - If (!(text.contains("psd_bank.png"))): null

2018-03-20 09:32:53 - [TEST_STEP][PASSED] - Statement - el = wes.get(i): null

2018-03-20 09:32:53 - [TEST_STEP][PASSED] - Statement - text = el.getCssValue("background-image"): null

2018-03-20 09:32:53 - [TEST_STEP][PASSED] - Statement - If (!(text.contains("psd_bank.png"))): null

2018-03-20 09:32:53 - [TEST_STEP][PASSED] - Statement - el = wes.get(i): null

2018-03-20 09:32:53 - [TEST_STEP][PASSED] - Statement - text = el.getCssValue("background-image"): null

2018-03-20 09:32:53 - [TEST_STEP][PASSED] - Statement - If (!(text.contains("psd_bank.png"))): null

2018-03-20 09:32:53 - [TEST_STEP][PASSED] - Statement - el = wes.get(i): null

2018-03-20 09:32:53 - [TEST_STEP][PASSED] - Statement - text = el.getCssValue("background-image"): null

2018-03-20 09:32:53 - [TEST_STEP][PASSED] - Statement - If (!(text.contains("psd_bank.png"))): null

2018-03-20 09:32:53 - [TEST_STEP][PASSED] - Statement - el = wes.get(i): null

2018-03-20 09:32:53 - [TEST_STEP][PASSED] - Statement - text = el.getCssValue("background-image"): null

2018-03-20 09:32:53 - [TEST_STEP][PASSED] - Statement - If (!(text.contains("psd_bank.png"))): null

2018-03-20 09:32:53 - [TEST_STEP][PASSED] - Statement - el = wes.get(i): null

2018-03-20 09:32:53 - [TEST_STEP][PASSED] - Statement - text = el.getCssValue("background-image"): null

2018-03-20 09:32:53 - [TEST_STEP][PASSED] - Statement - If (!(text.contains("psd_bank.png"))): null

2018-03-20 09:32:53 - [TEST_STEP][PASSED] - Statement - el = wes.get(i): null

2018-03-20 09:32:53 - [TEST_STEP][PASSED] - Statement - text = el.getCssValue("background-image"): null

2018-03-20 09:32:53 - [TEST_STEP][PASSED] - Statement - If (!(text.contains("psd_bank.png"))): null

2018-03-20 09:32:53 - [TEST_STEP][PASSED] - Statement - el = wes.get(i): null

2018-03-20 09:32:53 - [TEST_STEP][PASSED] - Statement - text = el.getCssValue("background-image"): null

2018-03-20 09:32:53 - [TEST_STEP][PASSED] - Statement - If (!(text.contains("psd_bank.png"))): null

2018-03-20 09:32:53 - [TEST_STEP][PASSED] - closeBrowser: Browser is closed

2018-03-20 09:32:53 - [MESSAGE][PASSED] - Browser is closed]]></system-out>
         <system-err><![CDATA[]]></system-err>
      </testcase>
      <testcase name="Test Cases/Prototyp_Filialsuche (RC 18)/57_Testfall" classname="Test Cases/Prototyp_Filialsuche (RC 18)/57_Testfall" status="FAILED">
         <failure type="FAILED" message="Unable to click on object 'Object Repository/Coin_counter_checkbox' (Root cause: org.openqa.selenium.ElementNotVisibleException: An element command could not be completed because the element is not visible on the page. (WARNING: The server did not provide any stacktrace information)
Command duration or timeout: 0 milliseconds
Build info: version: '3.7.1', revision: '8a0099a', time: '2017-11-06T21:07:36.161Z'
System info: host: 'Lilias-MacBook-Pro.local', ip: '192.168.0.4', os.name: 'Mac OS X', os.arch: 'x86_64', os.version: '10.12.6', java.version: '1.8.0_102'
Driver info: com.kms.katalon.selenium.driver.CSafariDriver
Capabilities {applicationCacheEnabled: true, browserName: safari, cleanSession: true, cssSelectorsEnabled: true, databaseEnabled: true, handlesAlerts: true, javascriptEnabled: true, locationContextEnabled: false, nativeEvents: true, platform: MAC, platformName: MAC, rotatable: false, version: 12604.5.6.1.1, webStorageEnabled: true}
Session ID: B857931F-B38B-498A-800D-26CCAE1D45A4)"/>
         <system-out><![CDATA[2018-03-20 09:32:53 - [TEST_CASE][FAILED] - Test Cases/Prototyp_Filialsuche (RC 18)/57_Testfall: Test Cases/Prototyp_Filialsuche (RC 18)/57_Testfall FAILED because (of) Unable to click on object 'Object Repository/Coin_counter_checkbox' (Root cause: org.openqa.selenium.ElementNotVisibleException: An element command could not be completed because the element is not visible on the page. (WARNING: The server did not provide any stacktrace information)
Command duration or timeout: 0 milliseconds
Build info: version: '3.7.1', revision: '8a0099a', time: '2017-11-06T21:07:36.161Z'
System info: host: 'Lilias-MacBook-Pro.local', ip: '192.168.0.4', os.name: 'Mac OS X', os.arch: 'x86_64', os.version: '10.12.6', java.version: '1.8.0_102'
Driver info: com.kms.katalon.selenium.driver.CSafariDriver
Capabilities {applicationCacheEnabled: true, browserName: safari, cleanSession: true, cssSelectorsEnabled: true, databaseEnabled: true, handlesAlerts: true, javascriptEnabled: true, locationContextEnabled: false, nativeEvents: true, platform: MAC, platformName: MAC, rotatable: false, version: 12604.5.6.1.1, webStorageEnabled: true}
Session ID: B857931F-B38B-498A-800D-26CCAE1D45A4)

2018-03-20 09:32:53 - [TEST_STEP][PASSED] - openBrowser: Browser is opened with url: ''

2018-03-20 09:32:55 - [MESSAGE][PASSED] - Browser is opened with url: ''

2018-03-20 09:32:55 - [TEST_STEP][PASSED] - maximizeWindow: Current window maximized

2018-03-20 09:32:55 - [MESSAGE][PASSED] - Current window maximized

2018-03-20 09:32:55 - [TEST_STEP][PASSED] - deleteAllCookies: Delete all cookies successfully

2018-03-20 09:32:55 - [MESSAGE][PASSED] - Delete all cookies successfully

2018-03-20 09:32:55 - [TEST_STEP][PASSED] - navigateToUrl: Navigate to 'http://rc-ogrhtmlprototyp.testintern/18-1-0/filialsuche-textinput.html' successfully

2018-03-20 09:32:58 - [MESSAGE][PASSED] - Navigate to 'http://rc-ogrhtmlprototyp.testintern/18-1-0/filialsuche-textinput.html' successfully

2018-03-20 09:32:58 - [TEST_STEP][PASSED] - delay: Delayed 5 second(s)

2018-03-20 09:33:03 - [MESSAGE][PASSED] - Delayed 5 second(s)

2018-03-20 09:33:03 - [TEST_STEP][PASSED] - setText: Text 'Berlin' is set on object 'Object Repository/Filialsuche_Inputtext'

2018-03-20 09:33:03 - [MESSAGE][PASSED] - Text 'Berlin' is set on object 'Object Repository/Filialsuche_Inputtext'

2018-03-20 09:33:03 - [TEST_STEP][PASSED] - delay: Delayed 2 second(s)

2018-03-20 09:33:05 - [MESSAGE][PASSED] - Delayed 2 second(s)

2018-03-20 09:33:05 - [TEST_STEP][PASSED] - submit: The form containing object: 'Object Repository/Filialsuche_submit_button' is submitted

2018-03-20 09:33:05 - [MESSAGE][PASSED] - The form containing object: 'Object Repository/Filialsuche_submit_button' is submitted

2018-03-20 09:33:05 - [TEST_STEP][PASSED] - delay: Delayed 2 second(s)

2018-03-20 09:33:07 - [MESSAGE][PASSED] - Delayed 2 second(s)

2018-03-20 09:33:07 - [TEST_STEP][PASSED] - click: Object: 'Object Repository/Erweiterte_Suche' is clicked on

2018-03-20 09:33:07 - [MESSAGE][PASSED] - Object: 'Object Repository/Erweiterte_Suche' is clicked on

2018-03-20 09:33:07 - [TEST_STEP][PASSED] - delay: Delayed 5 second(s)

2018-03-20 09:33:12 - [MESSAGE][PASSED] - Delayed 5 second(s)

2018-03-20 09:33:12 - [TEST_STEP][FAILED] - click: Unable to click on object 'Object Repository/Coin_counter_checkbox' (Root cause: org.openqa.selenium.ElementNotVisibleException: An element command could not be completed because the element is not visible on the page. (WARNING: The server did not provide any stacktrace information)
Command duration or timeout: 0 milliseconds
Build info: version: '3.7.1', revision: '8a0099a', time: '2017-11-06T21:07:36.161Z'
System info: host: 'Lilias-MacBook-Pro.local', ip: '192.168.0.4', os.name: 'Mac OS X', os.arch: 'x86_64', os.version: '10.12.6', java.version: '1.8.0_102'
Driver info: com.kms.katalon.selenium.driver.CSafariDriver
Capabilities {applicationCacheEnabled: true, browserName: safari, cleanSession: true, cssSelectorsEnabled: true, databaseEnabled: true, handlesAlerts: true, javascriptEnabled: true, locationContextEnabled: false, nativeEvents: true, platform: MAC, platformName: MAC, rotatable: false, version: 12604.5.6.1.1, webStorageEnabled: true}
Session ID: B857931F-B38B-498A-800D-26CCAE1D45A4)

2018-03-20 09:33:13 - [MESSAGE][FAILED] - Unable to click on object 'Object Repository/Coin_counter_checkbox' (Root cause: org.openqa.selenium.ElementNotVisibleException: An element command could not be completed because the element is not visible on the page. (WARNING: The server did not provide any stacktrace information)
Command duration or timeout: 0 milliseconds
Build info: version: '3.7.1', revision: '8a0099a', time: '2017-11-06T21:07:36.161Z'
System info: host: 'Lilias-MacBook-Pro.local', ip: '192.168.0.4', os.name: 'Mac OS X', os.arch: 'x86_64', os.version: '10.12.6', java.version: '1.8.0_102'
Driver info: com.kms.katalon.selenium.driver.CSafariDriver
Capabilities {applicationCacheEnabled: true, browserName: safari, cleanSession: true, cssSelectorsEnabled: true, databaseEnabled: true, handlesAlerts: true, javascriptEnabled: true, locationContextEnabled: false, nativeEvents: true, platform: MAC, platformName: MAC, rotatable: false, version: 12604.5.6.1.1, webStorageEnabled: true}
Session ID: B857931F-B38B-498A-800D-26CCAE1D45A4)
[[ATTACHMENT|/Users/lbut/Desktop/KATALON/Prototyp1_20_03/Prototyp1/Reports/Prototyp Filialsuche (RC18) 13_03_2018/20180320_091422/1521534792885.png]]]]></system-out>
         <system-err><![CDATA[2018-03-20 09:32:53 - [TEST_CASE][FAILED] - Test Cases/Prototyp_Filialsuche (RC 18)/57_Testfall: Test Cases/Prototyp_Filialsuche (RC 18)/57_Testfall FAILED because (of) Unable to click on object 'Object Repository/Coin_counter_checkbox' (Root cause: org.openqa.selenium.ElementNotVisibleException: An element command could not be completed because the element is not visible on the page. (WARNING: The server did not provide any stacktrace information)
Command duration or timeout: 0 milliseconds
Build info: version: '3.7.1', revision: '8a0099a', time: '2017-11-06T21:07:36.161Z'
System info: host: 'Lilias-MacBook-Pro.local', ip: '192.168.0.4', os.name: 'Mac OS X', os.arch: 'x86_64', os.version: '10.12.6', java.version: '1.8.0_102'
Driver info: com.kms.katalon.selenium.driver.CSafariDriver
Capabilities {applicationCacheEnabled: true, browserName: safari, cleanSession: true, cssSelectorsEnabled: true, databaseEnabled: true, handlesAlerts: true, javascriptEnabled: true, locationContextEnabled: false, nativeEvents: true, platform: MAC, platformName: MAC, rotatable: false, version: 12604.5.6.1.1, webStorageEnabled: true}
Session ID: B857931F-B38B-498A-800D-26CCAE1D45A4)]]></system-err>
      </testcase>
      <testcase name="Test Cases/Prototyp_Filialsuche (RC 18)/58_Testfall" classname="Test Cases/Prototyp_Filialsuche (RC 18)/58_Testfall" status="FAILED">
         <failure type="FAILED" message="Unable to click on object 'Object Repository/Coin_counter_checkbox' (Root cause: org.openqa.selenium.ElementNotVisibleException: An element command could not be completed because the element is not visible on the page. (WARNING: The server did not provide any stacktrace information)
Command duration or timeout: 0 milliseconds
Build info: version: '3.7.1', revision: '8a0099a', time: '2017-11-06T21:07:36.161Z'
System info: host: 'Lilias-MacBook-Pro.local', ip: '192.168.0.4', os.name: 'Mac OS X', os.arch: 'x86_64', os.version: '10.12.6', java.version: '1.8.0_102'
Driver info: com.kms.katalon.selenium.driver.CSafariDriver
Capabilities {applicationCacheEnabled: true, browserName: safari, cleanSession: true, cssSelectorsEnabled: true, databaseEnabled: true, handlesAlerts: true, javascriptEnabled: true, locationContextEnabled: false, nativeEvents: true, platform: MAC, platformName: MAC, rotatable: false, version: 12604.5.6.1.1, webStorageEnabled: true}
Session ID: 2F95F2B6-6107-41A7-881E-4CA827943197)"/>
         <system-out><![CDATA[2018-03-20 09:33:13 - [TEST_CASE][FAILED] - Test Cases/Prototyp_Filialsuche (RC 18)/58_Testfall: Test Cases/Prototyp_Filialsuche (RC 18)/58_Testfall FAILED because (of) Unable to click on object 'Object Repository/Coin_counter_checkbox' (Root cause: org.openqa.selenium.ElementNotVisibleException: An element command could not be completed because the element is not visible on the page. (WARNING: The server did not provide any stacktrace information)
Command duration or timeout: 0 milliseconds
Build info: version: '3.7.1', revision: '8a0099a', time: '2017-11-06T21:07:36.161Z'
System info: host: 'Lilias-MacBook-Pro.local', ip: '192.168.0.4', os.name: 'Mac OS X', os.arch: 'x86_64', os.version: '10.12.6', java.version: '1.8.0_102'
Driver info: com.kms.katalon.selenium.driver.CSafariDriver
Capabilities {applicationCacheEnabled: true, browserName: safari, cleanSession: true, cssSelectorsEnabled: true, databaseEnabled: true, handlesAlerts: true, javascriptEnabled: true, locationContextEnabled: false, nativeEvents: true, platform: MAC, platformName: MAC, rotatable: false, version: 12604.5.6.1.1, webStorageEnabled: true}
Session ID: 2F95F2B6-6107-41A7-881E-4CA827943197)

2018-03-20 09:33:13 - [TEST_STEP][PASSED] - openBrowser: Browser is opened with url: ''

2018-03-20 09:33:13 - [MESSAGE][WARNING] - A browser is already opened. Closing browser and opening a new one

2018-03-20 09:33:15 - [MESSAGE][PASSED] - Browser is opened with url: ''

2018-03-20 09:33:15 - [TEST_STEP][PASSED] - maximizeWindow: Current window maximized

2018-03-20 09:33:15 - [MESSAGE][PASSED] - Current window maximized

2018-03-20 09:33:15 - [TEST_STEP][PASSED] - deleteAllCookies: Delete all cookies successfully

2018-03-20 09:33:15 - [MESSAGE][PASSED] - Delete all cookies successfully

2018-03-20 09:33:15 - [TEST_STEP][PASSED] - navigateToUrl: Navigate to 'http://rc-ogrhtmlprototyp.testintern/18-1-0/filialsuche.html' successfully

2018-03-20 09:33:16 - [MESSAGE][PASSED] - Navigate to 'http://rc-ogrhtmlprototyp.testintern/18-1-0/filialsuche.html' successfully

2018-03-20 09:33:16 - [TEST_STEP][PASSED] - delay: Delayed 5 second(s)

2018-03-20 09:33:21 - [MESSAGE][PASSED] - Delayed 5 second(s)

2018-03-20 09:33:21 - [TEST_STEP][PASSED] - click: Object: 'Object Repository/Erweiterte_Suche' is clicked on

2018-03-20 09:33:21 - [MESSAGE][PASSED] - Object: 'Object Repository/Erweiterte_Suche' is clicked on

2018-03-20 09:33:21 - [TEST_STEP][PASSED] - delay: Delayed 5 second(s)

2018-03-20 09:33:26 - [MESSAGE][PASSED] - Delayed 5 second(s)

2018-03-20 09:33:26 - [TEST_STEP][FAILED] - click: Unable to click on object 'Object Repository/Coin_counter_checkbox' (Root cause: org.openqa.selenium.ElementNotVisibleException: An element command could not be completed because the element is not visible on the page. (WARNING: The server did not provide any stacktrace information)
Command duration or timeout: 0 milliseconds
Build info: version: '3.7.1', revision: '8a0099a', time: '2017-11-06T21:07:36.161Z'
System info: host: 'Lilias-MacBook-Pro.local', ip: '192.168.0.4', os.name: 'Mac OS X', os.arch: 'x86_64', os.version: '10.12.6', java.version: '1.8.0_102'
Driver info: com.kms.katalon.selenium.driver.CSafariDriver
Capabilities {applicationCacheEnabled: true, browserName: safari, cleanSession: true, cssSelectorsEnabled: true, databaseEnabled: true, handlesAlerts: true, javascriptEnabled: true, locationContextEnabled: false, nativeEvents: true, platform: MAC, platformName: MAC, rotatable: false, version: 12604.5.6.1.1, webStorageEnabled: true}
Session ID: 2F95F2B6-6107-41A7-881E-4CA827943197)

2018-03-20 09:33:27 - [MESSAGE][FAILED] - Unable to click on object 'Object Repository/Coin_counter_checkbox' (Root cause: org.openqa.selenium.ElementNotVisibleException: An element command could not be completed because the element is not visible on the page. (WARNING: The server did not provide any stacktrace information)
Command duration or timeout: 0 milliseconds
Build info: version: '3.7.1', revision: '8a0099a', time: '2017-11-06T21:07:36.161Z'
System info: host: 'Lilias-MacBook-Pro.local', ip: '192.168.0.4', os.name: 'Mac OS X', os.arch: 'x86_64', os.version: '10.12.6', java.version: '1.8.0_102'
Driver info: com.kms.katalon.selenium.driver.CSafariDriver
Capabilities {applicationCacheEnabled: true, browserName: safari, cleanSession: true, cssSelectorsEnabled: true, databaseEnabled: true, handlesAlerts: true, javascriptEnabled: true, locationContextEnabled: false, nativeEvents: true, platform: MAC, platformName: MAC, rotatable: false, version: 12604.5.6.1.1, webStorageEnabled: true}
Session ID: 2F95F2B6-6107-41A7-881E-4CA827943197)
[[ATTACHMENT|/Users/lbut/Desktop/KATALON/Prototyp1_20_03/Prototyp1/Reports/Prototyp Filialsuche (RC18) 13_03_2018/20180320_091422/1521534807001.png]]]]></system-out>
         <system-err><![CDATA[2018-03-20 09:33:13 - [TEST_CASE][FAILED] - Test Cases/Prototyp_Filialsuche (RC 18)/58_Testfall: Test Cases/Prototyp_Filialsuche (RC 18)/58_Testfall FAILED because (of) Unable to click on object 'Object Repository/Coin_counter_checkbox' (Root cause: org.openqa.selenium.ElementNotVisibleException: An element command could not be completed because the element is not visible on the page. (WARNING: The server did not provide any stacktrace information)
Command duration or timeout: 0 milliseconds
Build info: version: '3.7.1', revision: '8a0099a', time: '2017-11-06T21:07:36.161Z'
System info: host: 'Lilias-MacBook-Pro.local', ip: '192.168.0.4', os.name: 'Mac OS X', os.arch: 'x86_64', os.version: '10.12.6', java.version: '1.8.0_102'
Driver info: com.kms.katalon.selenium.driver.CSafariDriver
Capabilities {applicationCacheEnabled: true, browserName: safari, cleanSession: true, cssSelectorsEnabled: true, databaseEnabled: true, handlesAlerts: true, javascriptEnabled: true, locationContextEnabled: false, nativeEvents: true, platform: MAC, platformName: MAC, rotatable: false, version: 12604.5.6.1.1, webStorageEnabled: true}
Session ID: 2F95F2B6-6107-41A7-881E-4CA827943197)]]></system-err>
      </testcase>
      <testcase name="Test Cases/Prototyp_Filialsuche (RC 18)/60_Testfall" classname="Test Cases/Prototyp_Filialsuche (RC 18)/60_Testfall" status="FAILED">
         <failure type="FAILED" message="Unable to verify text 'Martin-Luther-Platz 20' is present  (Root cause: Text 'Martin-Luther-Platz 20' is not present on page )"/>
         <system-out><![CDATA[2018-03-20 09:33:27 - [TEST_CASE][FAILED] - Test Cases/Prototyp_Filialsuche (RC 18)/60_Testfall: Test Cases/Prototyp_Filialsuche (RC 18)/60_Testfall FAILED because (of) Unable to verify text 'Martin-Luther-Platz 20' is present  (Root cause: Text 'Martin-Luther-Platz 20' is not present on page )

2018-03-20 09:33:27 - [TEST_STEP][PASSED] - openBrowser: Browser is opened with url: ''

2018-03-20 09:33:27 - [MESSAGE][WARNING] - A browser is already opened. Closing browser and opening a new one

2018-03-20 09:33:29 - [MESSAGE][PASSED] - Browser is opened with url: ''

2018-03-20 09:33:29 - [TEST_STEP][PASSED] - deleteAllCookies: Delete all cookies successfully

2018-03-20 09:33:29 - [MESSAGE][PASSED] - Delete all cookies successfully

2018-03-20 09:33:29 - [TEST_STEP][PASSED] - maximizeWindow: Current window maximized

2018-03-20 09:33:29 - [MESSAGE][PASSED] - Current window maximized

2018-03-20 09:33:29 - [TEST_STEP][PASSED] - navigateToUrl: Navigate to 'http://rc-ogrhtmlprototyp.testintern/18-1-0/filialsuche-nuernberg-textinput.html' successfully

2018-03-20 09:33:32 - [MESSAGE][PASSED] - Navigate to 'http://rc-ogrhtmlprototyp.testintern/18-1-0/filialsuche-nuernberg-textinput.html' successfully

2018-03-20 09:33:32 - [TEST_STEP][PASSED] - delay: Delayed 2 second(s)

2018-03-20 09:33:34 - [MESSAGE][PASSED] - Delayed 2 second(s)

2018-03-20 09:33:34 - [TEST_STEP][PASSED] - setText: Text 'Ansbach' is set on object 'Object Repository/Filialsuche_Inputtext'

2018-03-20 09:33:34 - [MESSAGE][PASSED] - Text 'Ansbach' is set on object 'Object Repository/Filialsuche_Inputtext'

2018-03-20 09:33:34 - [TEST_STEP][PASSED] - submit: The form containing object: 'Object Repository/Filialsuche_submit_button' is submitted

2018-03-20 09:33:34 - [MESSAGE][PASSED] - The form containing object: 'Object Repository/Filialsuche_submit_button' is submitted

2018-03-20 09:33:34 - [TEST_STEP][PASSED] - delay: Delayed 2 second(s)

2018-03-20 09:33:36 - [MESSAGE][PASSED] - Delayed 2 second(s)

2018-03-20 09:33:36 - [TEST_STEP][FAILED] - verifyTextPresent: Unable to verify text 'Martin-Luther-Platz 20' is present  (Root cause: Text 'Martin-Luther-Platz 20' is not present on page )

2018-03-20 09:33:36 - [MESSAGE][FAILED] - Text 'Martin-Luther-Platz 20' is not present on page 

2018-03-20 09:33:36 - [MESSAGE][FAILED] - Unable to verify text 'Martin-Luther-Platz 20' is present  (Root cause: Text 'Martin-Luther-Platz 20' is not present on page )
[[ATTACHMENT|/Users/lbut/Desktop/KATALON/Prototyp1_20_03/Prototyp1/Reports/Prototyp Filialsuche (RC18) 13_03_2018/20180320_091422/1521534816682.png]]]]></system-out>
         <system-err><![CDATA[2018-03-20 09:33:27 - [TEST_CASE][FAILED] - Test Cases/Prototyp_Filialsuche (RC 18)/60_Testfall: Test Cases/Prototyp_Filialsuche (RC 18)/60_Testfall FAILED because (of) Unable to verify text 'Martin-Luther-Platz 20' is present  (Root cause: Text 'Martin-Luther-Platz 20' is not present on page )]]></system-err>
      </testcase>
      <testcase name="Test Cases/Prototyp_Filialsuche (RC 18)/61_Testfall" classname="Test Cases/Prototyp_Filialsuche (RC 18)/61_Testfall" status="FAILED">
         <failure type="FAILED" message="Unable to verify text 'Hauptstr. 56' is not present  (Root cause: Text 'Hauptstr. 56' is present on page )"/>
         <system-out><![CDATA[2018-03-20 09:33:36 - [TEST_CASE][FAILED] - Test Cases/Prototyp_Filialsuche (RC 18)/61_Testfall: Test Cases/Prototyp_Filialsuche (RC 18)/61_Testfall FAILED because (of) Unable to verify text 'Hauptstr. 56' is not present  (Root cause: Text 'Hauptstr. 56' is present on page )

2018-03-20 09:33:37 - [TEST_STEP][PASSED] - openBrowser: Browser is opened with url: ''

2018-03-20 09:33:37 - [MESSAGE][WARNING] - A browser is already opened. Closing browser and opening a new one

2018-03-20 09:33:38 - [MESSAGE][PASSED] - Browser is opened with url: ''

2018-03-20 09:33:38 - [TEST_STEP][PASSED] - deleteAllCookies: Delete all cookies successfully

2018-03-20 09:33:38 - [MESSAGE][PASSED] - Delete all cookies successfully

2018-03-20 09:33:38 - [TEST_STEP][PASSED] - maximizeWindow: Current window maximized

2018-03-20 09:33:38 - [MESSAGE][PASSED] - Current window maximized

2018-03-20 09:33:38 - [TEST_STEP][PASSED] - navigateToUrl: Navigate to 'http://rc-ogrhtmlprototyp.testintern/18-1-0/filialsuche-wangen-textinput.html' successfully

2018-03-20 09:33:41 - [MESSAGE][PASSED] - Navigate to 'http://rc-ogrhtmlprototyp.testintern/18-1-0/filialsuche-wangen-textinput.html' successfully

2018-03-20 09:33:41 - [TEST_STEP][PASSED] - delay: Delayed 2 second(s)

2018-03-20 09:33:43 - [MESSAGE][PASSED] - Delayed 2 second(s)

2018-03-20 09:33:43 - [TEST_STEP][PASSED] - setText: Text 'Rechberghausen' is set on object 'Object Repository/Filialsuche_Inputtext'

2018-03-20 09:33:44 - [MESSAGE][PASSED] - Text 'Rechberghausen' is set on object 'Object Repository/Filialsuche_Inputtext'

2018-03-20 09:33:44 - [TEST_STEP][PASSED] - submit: The form containing object: 'Object Repository/Filialsuche_submit_button' is submitted

2018-03-20 09:33:44 - [MESSAGE][PASSED] - The form containing object: 'Object Repository/Filialsuche_submit_button' is submitted

2018-03-20 09:33:44 - [TEST_STEP][PASSED] - delay: Delayed 2 second(s)

2018-03-20 09:33:46 - [MESSAGE][PASSED] - Delayed 2 second(s)

2018-03-20 09:33:46 - [TEST_STEP][PASSED] - verifyTextPresent: Text 'Geschäftsstelle Rechberghausen' is present on page 

2018-03-20 09:33:46 - [MESSAGE][PASSED] - Text 'Geschäftsstelle Rechberghausen' is present on page 

2018-03-20 09:33:46 - [TEST_STEP][PASSED] - verifyTextPresent: Text 'Hauptstr. 37' is present on page 

2018-03-20 09:33:46 - [MESSAGE][PASSED] - Text 'Hauptstr. 37' is present on page 

2018-03-20 09:33:46 - [TEST_STEP][PASSED] - verifyTextPresent: Text '73098 Rechberghausen' is present on page 

2018-03-20 09:33:46 - [MESSAGE][PASSED] - Text '73098 Rechberghausen' is present on page 

2018-03-20 09:33:46 - [TEST_STEP][PASSED] - verifyTextPresent: Text 'Geschäftsstelle Börtlingen' is present on page 

2018-03-20 09:33:46 - [MESSAGE][PASSED] - Text 'Geschäftsstelle Börtlingen' is present on page 

2018-03-20 09:33:46 - [TEST_STEP][PASSED] - verifyTextPresent: Text 'Geschäftsstelle Uhingen-Holzhausen' is present on page 

2018-03-20 09:33:46 - [MESSAGE][PASSED] - Text 'Geschäftsstelle Uhingen-Holzhausen' is present on page 

2018-03-20 09:33:46 - [TEST_STEP][PASSED] - verifyTextPresent: Text 'Raiffeisenbank Wangen eG' is present on page 

2018-03-20 09:33:46 - [MESSAGE][PASSED] - Text 'Raiffeisenbank Wangen eG' is present on page 

2018-03-20 09:33:46 - [TEST_STEP][FAILED] - verifyTextNotPresent: Unable to verify text 'Hauptstr. 56' is not present  (Root cause: Text 'Hauptstr. 56' is present on page )

2018-03-20 09:33:46 - [MESSAGE][FAILED] - Text 'Hauptstr. 56' is present on page 

2018-03-20 09:33:47 - [MESSAGE][FAILED] - Unable to verify text 'Hauptstr. 56' is not present  (Root cause: Text 'Hauptstr. 56' is present on page )
[[ATTACHMENT|/Users/lbut/Desktop/KATALON/Prototyp1_20_03/Prototyp1/Reports/Prototyp Filialsuche (RC18) 13_03_2018/20180320_091422/1521534826844.png]]]]></system-out>
         <system-err><![CDATA[2018-03-20 09:33:36 - [TEST_CASE][FAILED] - Test Cases/Prototyp_Filialsuche (RC 18)/61_Testfall: Test Cases/Prototyp_Filialsuche (RC 18)/61_Testfall FAILED because (of) Unable to verify text 'Hauptstr. 56' is not present  (Root cause: Text 'Hauptstr. 56' is present on page )]]></system-err>
      </testcase>
      <testcase name="Test Cases/Prototyp_Filialsuche (RC 18)/62_Testfall" classname="Test Cases/Prototyp_Filialsuche (RC 18)/62_Testfall" status="FAILED">
         <failure type="FAILED" message="Verify element text of test object 'Object Repository/OGRPrototypFilialsuche - DistanzRotenburg/01ErgebnisTest' FAILED. (Root cause: Actual text 'VR-Bankverein Bad Hersfeld-Rotenburg eG Filiale  Bad Hersfeld' and expected text 'VR-Bankverein Bad Hersfeld-Rotenburg eG Filiale Bad Hersfeld' of test object 'Object Repository/OGRPrototypFilialsuche - DistanzRotenburg/01ErgebnisTest' are NOT matched.)"/>
         <system-out><![CDATA[2018-03-20 09:33:47 - [TEST_CASE][FAILED] - Test Cases/Prototyp_Filialsuche (RC 18)/62_Testfall: Test Cases/Prototyp_Filialsuche (RC 18)/62_Testfall FAILED because (of) Verify element text of test object 'Object Repository/OGRPrototypFilialsuche - DistanzRotenburg/01ErgebnisTest' FAILED. (Root cause: Actual text 'VR-Bankverein Bad Hersfeld-Rotenburg eG Filiale  Bad Hersfeld' and expected text 'VR-Bankverein Bad Hersfeld-Rotenburg eG Filiale Bad Hersfeld' of test object 'Object Repository/OGRPrototypFilialsuche - DistanzRotenburg/01ErgebnisTest' are NOT matched.)

2018-03-20 09:33:47 - [TEST_STEP][PASSED] - openBrowser: Browser is opened with url: ''

2018-03-20 09:33:47 - [MESSAGE][WARNING] - A browser is already opened. Closing browser and opening a new one

2018-03-20 09:33:50 - [MESSAGE][PASSED] - Browser is opened with url: ''

2018-03-20 09:33:50 - [TEST_STEP][PASSED] - deleteAllCookies: Delete all cookies successfully

2018-03-20 09:33:50 - [MESSAGE][PASSED] - Delete all cookies successfully

2018-03-20 09:33:50 - [TEST_STEP][PASSED] - maximizeWindow: Current window maximized

2018-03-20 09:33:50 - [MESSAGE][PASSED] - Current window maximized

2018-03-20 09:33:50 - [TEST_STEP][PASSED] - navigateToUrl: Navigate to 'http://rc-ogrhtmlprototyp.testintern/18-1-0/filialsuche-rotenburg.html' successfully

2018-03-20 09:33:54 - [MESSAGE][PASSED] - Navigate to 'http://rc-ogrhtmlprototyp.testintern/18-1-0/filialsuche-rotenburg.html' successfully

2018-03-20 09:33:54 - [TEST_STEP][PASSED] - waitForPageLoad: Wait for page load successfully

2018-03-20 09:33:54 - [MESSAGE][WARNING] - Timeout '0' is invalid. Using default page load timeout: '30'

2018-03-20 09:33:57 - [MESSAGE][PASSED] - Wait for page load successfully

2018-03-20 09:33:57 - [TEST_STEP][PASSED] - delay: Delayed 4 second(s)

2018-03-20 09:34:01 - [MESSAGE][PASSED] - Delayed 4 second(s)

2018-03-20 09:34:01 - [TEST_STEP][PASSED] - click: Object: 'Object Repository/03/Page_Filialsuche-rotenburg - BVR HT/svg_dropdown-icons' is clicked on

2018-03-20 09:34:01 - [MESSAGE][PASSED] - Object: 'Object Repository/03/Page_Filialsuche-rotenburg - BVR HT/svg_dropdown-icons' is clicked on

2018-03-20 09:34:01 - [TEST_STEP][PASSED] - delay: Delayed 2 second(s)

2018-03-20 09:34:03 - [MESSAGE][PASSED] - Delayed 2 second(s)

2018-03-20 09:34:03 - [TEST_STEP][PASSED] - mouseOver: Object: 'Object Repository/002/Page_Filialsuche-rotenburg - BVR HT/div_Bad Hersfeld' is hovered

2018-03-20 09:34:03 - [MESSAGE][PASSED] - Object: 'Object Repository/002/Page_Filialsuche-rotenburg - BVR HT/div_Bad Hersfeld' is hovered

2018-03-20 09:34:03 - [TEST_STEP][PASSED] - delay: Delayed 2 second(s)

2018-03-20 09:34:05 - [MESSAGE][PASSED] - Delayed 2 second(s)

2018-03-20 09:34:05 - [TEST_STEP][PASSED] - click: Object: 'Object Repository/03/Page_Filialsuche-rotenburg - BVR HT/div_Bad Hersfeld' is clicked on

2018-03-20 09:34:06 - [MESSAGE][PASSED] - Object: 'Object Repository/03/Page_Filialsuche-rotenburg - BVR HT/div_Bad Hersfeld' is clicked on

2018-03-20 09:34:06 - [TEST_STEP][PASSED] - delay: Delayed 2 second(s)

2018-03-20 09:34:08 - [MESSAGE][PASSED] - Delayed 2 second(s)

2018-03-20 09:34:08 - [TEST_STEP][FAILED] - verifyElementText: Verify element text of test object 'Object Repository/OGRPrototypFilialsuche - DistanzRotenburg/01ErgebnisTest' FAILED. (Root cause: Actual text 'VR-Bankverein Bad Hersfeld-Rotenburg eG Filiale  Bad Hersfeld' and expected text 'VR-Bankverein Bad Hersfeld-Rotenburg eG Filiale Bad Hersfeld' of test object 'Object Repository/OGRPrototypFilialsuche - DistanzRotenburg/01ErgebnisTest' are NOT matched.)

2018-03-20 09:34:08 - [MESSAGE][FAILED] - Actual text 'VR-Bankverein Bad Hersfeld-Rotenburg eG Filiale  Bad Hersfeld' and expected text 'VR-Bankverein Bad Hersfeld-Rotenburg eG Filiale Bad Hersfeld' of test object 'Object Repository/OGRPrototypFilialsuche - DistanzRotenburg/01ErgebnisTest' are NOT matched.
[[ATTACHMENT|/Users/lbut/Desktop/KATALON/Prototyp1_20_03/Prototyp1/Reports/Prototyp Filialsuche (RC18) 13_03_2018/20180320_091422/1521534848063.png]]

2018-03-20 09:34:08 - [MESSAGE][FAILED] - Verify element text of test object 'Object Repository/OGRPrototypFilialsuche - DistanzRotenburg/01ErgebnisTest' FAILED. (Root cause: Actual text 'VR-Bankverein Bad Hersfeld-Rotenburg eG Filiale  Bad Hersfeld' and expected text 'VR-Bankverein Bad Hersfeld-Rotenburg eG Filiale Bad Hersfeld' of test object 'Object Repository/OGRPrototypFilialsuche - DistanzRotenburg/01ErgebnisTest' are NOT matched.)
[[ATTACHMENT|/Users/lbut/Desktop/KATALON/Prototyp1_20_03/Prototyp1/Reports/Prototyp Filialsuche (RC18) 13_03_2018/20180320_091422/1521534848498.png]]]]></system-out>
         <system-err><![CDATA[2018-03-20 09:33:47 - [TEST_CASE][FAILED] - Test Cases/Prototyp_Filialsuche (RC 18)/62_Testfall: Test Cases/Prototyp_Filialsuche (RC 18)/62_Testfall FAILED because (of) Verify element text of test object 'Object Repository/OGRPrototypFilialsuche - DistanzRotenburg/01ErgebnisTest' FAILED. (Root cause: Actual text 'VR-Bankverein Bad Hersfeld-Rotenburg eG Filiale  Bad Hersfeld' and expected text 'VR-Bankverein Bad Hersfeld-Rotenburg eG Filiale Bad Hersfeld' of test object 'Object Repository/OGRPrototypFilialsuche - DistanzRotenburg/01ErgebnisTest' are NOT matched.)]]></system-err>
      </testcase>
      <testcase name="Test Cases/Prototyp_Filialsuche (RC 18)/63_Testfall" classname="Test Cases/Prototyp_Filialsuche (RC 18)/63_Testfall" status="FAILED">
         <failure type="FAILED" message="Verify element text of test object 'Object Repository/OGRPrototypFilialsuche - DistanzRotenburg/01ErgebnisTest' FAILED. (Root cause: Actual text 'VR-Bankverein Bad Hersfeld-Rotenburg eG Filiale  Bad Hersfeld' and expected text 'VR-Bankverein Bad Hersfeld-Rotenburg eG Filiale Bad Hersfeld' of test object 'Object Repository/OGRPrototypFilialsuche - DistanzRotenburg/01ErgebnisTest' are NOT matched.)"/>
         <system-out><![CDATA[2018-03-20 09:34:08 - [TEST_CASE][FAILED] - Test Cases/Prototyp_Filialsuche (RC 18)/63_Testfall: Test Cases/Prototyp_Filialsuche (RC 18)/63_Testfall FAILED because (of) Verify element text of test object 'Object Repository/OGRPrototypFilialsuche - DistanzRotenburg/01ErgebnisTest' FAILED. (Root cause: Actual text 'VR-Bankverein Bad Hersfeld-Rotenburg eG Filiale  Bad Hersfeld' and expected text 'VR-Bankverein Bad Hersfeld-Rotenburg eG Filiale Bad Hersfeld' of test object 'Object Repository/OGRPrototypFilialsuche - DistanzRotenburg/01ErgebnisTest' are NOT matched.)

2018-03-20 09:34:08 - [TEST_STEP][PASSED] - openBrowser: Browser is opened with url: ''

2018-03-20 09:34:08 - [MESSAGE][WARNING] - A browser is already opened. Closing browser and opening a new one

2018-03-20 09:34:11 - [MESSAGE][PASSED] - Browser is opened with url: ''

2018-03-20 09:34:11 - [TEST_STEP][PASSED] - maximizeWindow: Current window maximized

2018-03-20 09:34:11 - [MESSAGE][PASSED] - Current window maximized

2018-03-20 09:34:11 - [TEST_STEP][PASSED] - deleteAllCookies: Delete all cookies successfully

2018-03-20 09:34:11 - [MESSAGE][PASSED] - Delete all cookies successfully

2018-03-20 09:34:11 - [TEST_STEP][PASSED] - navigateToUrl: Navigate to 'http://rc-ogrhtmlprototyp.testintern/18-1-0/filialsuche-rotenburg-textinput.html' successfully

2018-03-20 09:34:13 - [MESSAGE][PASSED] - Navigate to 'http://rc-ogrhtmlprototyp.testintern/18-1-0/filialsuche-rotenburg-textinput.html' successfully

2018-03-20 09:34:13 - [TEST_STEP][PASSED] - delay: Delayed 5 second(s)

2018-03-20 09:34:18 - [MESSAGE][PASSED] - Delayed 5 second(s)

2018-03-20 09:34:18 - [TEST_STEP][PASSED] - setText: Text 'Bad Hersfeld' is set on object 'Object Repository/Filialsuche_Inputtext'

2018-03-20 09:34:18 - [MESSAGE][PASSED] - Text 'Bad Hersfeld' is set on object 'Object Repository/Filialsuche_Inputtext'

2018-03-20 09:34:18 - [TEST_STEP][PASSED] - delay: Delayed 2 second(s)

2018-03-20 09:34:20 - [MESSAGE][PASSED] - Delayed 2 second(s)

2018-03-20 09:34:20 - [TEST_STEP][PASSED] - submit: The form containing object: 'Object Repository/Filialsuche_submit_button' is submitted

2018-03-20 09:34:20 - [MESSAGE][PASSED] - The form containing object: 'Object Repository/Filialsuche_submit_button' is submitted

2018-03-20 09:34:20 - [TEST_STEP][PASSED] - delay: Delayed 5 second(s)

2018-03-20 09:34:25 - [MESSAGE][PASSED] - Delayed 5 second(s)

2018-03-20 09:34:25 - [TEST_STEP][FAILED] - verifyElementText: Verify element text of test object 'Object Repository/OGRPrototypFilialsuche - DistanzRotenburg/01ErgebnisTest' FAILED. (Root cause: Actual text 'VR-Bankverein Bad Hersfeld-Rotenburg eG Filiale  Bad Hersfeld' and expected text 'VR-Bankverein Bad Hersfeld-Rotenburg eG Filiale Bad Hersfeld' of test object 'Object Repository/OGRPrototypFilialsuche - DistanzRotenburg/01ErgebnisTest' are NOT matched.)

2018-03-20 09:34:25 - [MESSAGE][FAILED] - Actual text 'VR-Bankverein Bad Hersfeld-Rotenburg eG Filiale  Bad Hersfeld' and expected text 'VR-Bankverein Bad Hersfeld-Rotenburg eG Filiale Bad Hersfeld' of test object 'Object Repository/OGRPrototypFilialsuche - DistanzRotenburg/01ErgebnisTest' are NOT matched.
[[ATTACHMENT|/Users/lbut/Desktop/KATALON/Prototyp1_20_03/Prototyp1/Reports/Prototyp Filialsuche (RC18) 13_03_2018/20180320_091422/1521534865486.png]]

2018-03-20 09:34:26 - [MESSAGE][FAILED] - Verify element text of test object 'Object Repository/OGRPrototypFilialsuche - DistanzRotenburg/01ErgebnisTest' FAILED. (Root cause: Actual text 'VR-Bankverein Bad Hersfeld-Rotenburg eG Filiale  Bad Hersfeld' and expected text 'VR-Bankverein Bad Hersfeld-Rotenburg eG Filiale Bad Hersfeld' of test object 'Object Repository/OGRPrototypFilialsuche - DistanzRotenburg/01ErgebnisTest' are NOT matched.)
[[ATTACHMENT|/Users/lbut/Desktop/KATALON/Prototyp1_20_03/Prototyp1/Reports/Prototyp Filialsuche (RC18) 13_03_2018/20180320_091422/1521534865819.png]]]]></system-out>
         <system-err><![CDATA[2018-03-20 09:34:08 - [TEST_CASE][FAILED] - Test Cases/Prototyp_Filialsuche (RC 18)/63_Testfall: Test Cases/Prototyp_Filialsuche (RC 18)/63_Testfall FAILED because (of) Verify element text of test object 'Object Repository/OGRPrototypFilialsuche - DistanzRotenburg/01ErgebnisTest' FAILED. (Root cause: Actual text 'VR-Bankverein Bad Hersfeld-Rotenburg eG Filiale  Bad Hersfeld' and expected text 'VR-Bankverein Bad Hersfeld-Rotenburg eG Filiale Bad Hersfeld' of test object 'Object Repository/OGRPrototypFilialsuche - DistanzRotenburg/01ErgebnisTest' are NOT matched.)]]></system-err>
      </testcase>
      <system-out><![CDATA[2018-03-20 09:14:46 - [TEST_SUITE][FAILED] - Prototyp Filialsuche (RC18) 13_03_2018: Test Cases/Prototyp_Filialsuche (RC 18)/16_Testfall FAILED because (of) Unable to verify object 'Object Repository/Entfernung_filialsuche' is visible (Root cause: Object 'Object Repository/Entfernung_filialsuche' is NOT visible)]]></system-out>
      <system-err><![CDATA[2018-03-20 09:14:46 - [TEST_SUITE][FAILED] - Prototyp Filialsuche (RC18) 13_03_2018: Test Cases/Prototyp_Filialsuche (RC 18)/16_Testfall FAILED because (of) Unable to verify object 'Object Repository/Entfernung_filialsuche' is visible (Root cause: Object 'Object Repository/Entfernung_filialsuche' is NOT visible)]]></system-err>
   </testsuite>
</testsuites>
