<?xml version="1.0" encoding="UTF-8"?>
<testsuites name="Filialsuche_20_03" time="1301" tests="48" failures="15" errors="0">
   <testsuite name="Filialsuche_20_03" tests="48" failures="15" errors="0" time="1301" timestamp="2018-03-20 19:41:54" hostname="lbut - 192.168.0.4" id="Test Suites/Filialsuche_20_03">
      <properties>
         <property name="deviceName" value=""/>
         <property name="devicePlatform" value=""/>
         <property name="logFolder" value="/Users/lbut/git/Katalon/Reports/Filialsuche_20_03/20180320_194128"/>
         <property name="logFiles" value="/Users/lbut/git/Katalon/Reports/Filialsuche_20_03/20180320_194128/execution0.log"/>
         <property name="attachments" value="/Users/lbut/git/Katalon/Reports/Filialsuche_20_03/20180320_194128/1521571689589.png, /Users/lbut/git/Katalon/Reports/Filialsuche_20_03/20180320_194128/1521571731708.png, /Users/lbut/git/Katalon/Reports/Filialsuche_20_03/20180320_194128/1521571814982.png, /Users/lbut/git/Katalon/Reports/Filialsuche_20_03/20180320_194128/1521571869801.png, /Users/lbut/git/Katalon/Reports/Filialsuche_20_03/20180320_194128/1521572202474.png, /Users/lbut/git/Katalon/Reports/Filialsuche_20_03/20180320_194128/1521572297426.png, /Users/lbut/git/Katalon/Reports/Filialsuche_20_03/20180320_194128/1521572341381.png, /Users/lbut/git/Katalon/Reports/Filialsuche_20_03/20180320_194128/1521572341698.png, /Users/lbut/git/Katalon/Reports/Filialsuche_20_03/20180320_194128/1521572511880.png, /Users/lbut/git/Katalon/Reports/Filialsuche_20_03/20180320_194128/1521572526052.png, /Users/lbut/git/Katalon/Reports/Filialsuche_20_03/20180320_194128/1521572545504.png, /Users/lbut/git/Katalon/Reports/Filialsuche_20_03/20180320_194128/1521572577198.png, /Users/lbut/git/Katalon/Reports/Filialsuche_20_03/20180320_194128/1521572595403.png, /Users/lbut/git/Katalon/Reports/Filialsuche_20_03/20180320_194128/1521572595602.png, /Users/lbut/git/Katalon/Reports/Filialsuche_20_03/20180320_194128/1521572615128.png, /Users/lbut/git/Katalon/Reports/Filialsuche_20_03/20180320_194128/1521572615367.png"/>
         <property name="hostName" value="lbut - 192.168.0.4"/>
         <property name="os" value="Mac OS X 64bit"/>
         <property name="katalonVersion" value="5.3.1.1"/>
         <property name="browser" value="Safari 11"/>
         <property name="hostAddress" value="192.168.0.4"/>
         <property name="sessionId" value="17EEFC21-520E-4905-A93D-845EDFCAF954"/>
         <property name="seleniumVersion" value="3.7.1"/>
         <property name="proxyInformation" value="ProxyInformation{proxyOption=NO_PROXY, proxyServerType=HTTP, password=, proxyServerAddress=, proxyServerPort=0}"/>
         <property name="platform" value="Mac OS X"/>
      </properties>
      <testcase name="Test Cases/Prototyp_Filialsuche (RC 18)/01_Testfall" classname="Test Cases/Prototyp_Filialsuche (RC 18)/01_Testfall" status="PASSED">
         <system-out><![CDATA[2018-03-20 19:41:55 - [TEST_CASE][PASSED] - Test Cases/Prototyp_Filialsuche (RC 18)/01_Testfall: Test Cases/Prototyp_Filialsuche (RC 18)/01_Testfall

2018-03-20 19:41:55 - [TEST_STEP][PASSED] - openBrowser: Browser is opened with url: ''

2018-03-20 19:42:12 - [MESSAGE][PASSED] - Browser is opened with url: ''

2018-03-20 19:42:12 - [TEST_STEP][PASSED] - deleteAllCookies: Delete all cookies successfully

2018-03-20 19:42:12 - [MESSAGE][PASSED] - Delete all cookies successfully

2018-03-20 19:42:12 - [TEST_STEP][PASSED] - maximizeWindow: Current window maximized

2018-03-20 19:42:12 - [MESSAGE][PASSED] - Current window maximized

2018-03-20 19:42:12 - [TEST_STEP][PASSED] - navigateToUrl: Navigate to 'http://rc-ogrhtmlprototyp.testintern/18-1-0/filialsuche.html' successfully

2018-03-20 19:42:20 - [MESSAGE][PASSED] - Navigate to 'http://rc-ogrhtmlprototyp.testintern/18-1-0/filialsuche.html' successfully

2018-03-20 19:42:20 - [TEST_STEP][PASSED] - delay: Delayed 5 second(s)

2018-03-20 19:42:25 - [MESSAGE][PASSED] - Delayed 5 second(s)

2018-03-20 19:42:25 - [TEST_STEP][PASSED] - Statement - wes = com.kms.katalon.core.webui.common.WebUiCommonHelper.findWebElements(com.kms.katalon.core.testobject.ObjectRepository.findTestObject(filial_map), 5): Found 61 web elements with id: 'Object Repository/filial_map' located by 'By.xpath: //div[@class='aps-map__custom-marker']' in '5' second(s)

2018-03-20 19:42:26 - [TEST_STEP][PASSED] - Statement - For ([i = 0, i < wes.size(), (i++)]): null

2018-03-20 19:42:26 - [TEST_STEP][PASSED] - Statement - el = wes.get(i): null

2018-03-20 19:42:26 - [TEST_STEP][PASSED] - Statement - If (!(el.isDisplayed())): null

2018-03-20 19:42:26 - [TEST_STEP][PASSED] - Statement - el = wes.get(i): null

2018-03-20 19:42:26 - [TEST_STEP][PASSED] - Statement - If (!(el.isDisplayed())): null

2018-03-20 19:42:26 - [TEST_STEP][PASSED] - Statement - el = wes.get(i): null

2018-03-20 19:42:26 - [TEST_STEP][PASSED] - Statement - If (!(el.isDisplayed())): null

2018-03-20 19:42:26 - [TEST_STEP][PASSED] - Statement - el = wes.get(i): null

2018-03-20 19:42:26 - [TEST_STEP][PASSED] - Statement - If (!(el.isDisplayed())): null

2018-03-20 19:42:26 - [TEST_STEP][PASSED] - Statement - el = wes.get(i): null

2018-03-20 19:42:26 - [TEST_STEP][PASSED] - Statement - If (!(el.isDisplayed())): null

2018-03-20 19:42:26 - [TEST_STEP][PASSED] - Statement - el = wes.get(i): null

2018-03-20 19:42:26 - [TEST_STEP][PASSED] - Statement - If (!(el.isDisplayed())): null

2018-03-20 19:42:26 - [TEST_STEP][PASSED] - Statement - el = wes.get(i): null

2018-03-20 19:42:26 - [TEST_STEP][PASSED] - Statement - If (!(el.isDisplayed())): null

2018-03-20 19:42:26 - [TEST_STEP][PASSED] - Statement - el = wes.get(i): null

2018-03-20 19:42:26 - [TEST_STEP][PASSED] - Statement - If (!(el.isDisplayed())): null

2018-03-20 19:42:26 - [TEST_STEP][PASSED] - Statement - el = wes.get(i): null

2018-03-20 19:42:26 - [TEST_STEP][PASSED] - Statement - If (!(el.isDisplayed())): null

2018-03-20 19:42:26 - [TEST_STEP][PASSED] - Statement - el = wes.get(i): null

2018-03-20 19:42:26 - [TEST_STEP][PASSED] - Statement - If (!(el.isDisplayed())): null

2018-03-20 19:42:26 - [TEST_STEP][PASSED] - Statement - el = wes.get(i): null

2018-03-20 19:42:26 - [TEST_STEP][PASSED] - Statement - If (!(el.isDisplayed())): null

2018-03-20 19:42:26 - [TEST_STEP][PASSED] - Statement - el = wes.get(i): null

2018-03-20 19:42:26 - [TEST_STEP][PASSED] - Statement - If (!(el.isDisplayed())): null

2018-03-20 19:42:26 - [TEST_STEP][PASSED] - Statement - el = wes.get(i): null

2018-03-20 19:42:26 - [TEST_STEP][PASSED] - Statement - If (!(el.isDisplayed())): null

2018-03-20 19:42:26 - [TEST_STEP][PASSED] - Statement - el = wes.get(i): null

2018-03-20 19:42:26 - [TEST_STEP][PASSED] - Statement - If (!(el.isDisplayed())): null

2018-03-20 19:42:26 - [TEST_STEP][PASSED] - Statement - el = wes.get(i): null

2018-03-20 19:42:27 - [TEST_STEP][PASSED] - Statement - If (!(el.isDisplayed())): null

2018-03-20 19:42:27 - [TEST_STEP][PASSED] - Statement - el = wes.get(i): null

2018-03-20 19:42:27 - [TEST_STEP][PASSED] - Statement - If (!(el.isDisplayed())): null

2018-03-20 19:42:27 - [TEST_STEP][PASSED] - Statement - el = wes.get(i): null

2018-03-20 19:42:27 - [TEST_STEP][PASSED] - Statement - If (!(el.isDisplayed())): null

2018-03-20 19:42:27 - [TEST_STEP][PASSED] - Statement - el = wes.get(i): null

2018-03-20 19:42:27 - [TEST_STEP][PASSED] - Statement - If (!(el.isDisplayed())): null

2018-03-20 19:42:27 - [TEST_STEP][PASSED] - Statement - el = wes.get(i): null

2018-03-20 19:42:27 - [TEST_STEP][PASSED] - Statement - If (!(el.isDisplayed())): null

2018-03-20 19:42:27 - [TEST_STEP][PASSED] - Statement - el = wes.get(i): null

2018-03-20 19:42:27 - [TEST_STEP][PASSED] - Statement - If (!(el.isDisplayed())): null

2018-03-20 19:42:27 - [TEST_STEP][PASSED] - Statement - el = wes.get(i): null

2018-03-20 19:42:27 - [TEST_STEP][PASSED] - Statement - If (!(el.isDisplayed())): null

2018-03-20 19:42:27 - [TEST_STEP][PASSED] - Statement - el = wes.get(i): null

2018-03-20 19:42:27 - [TEST_STEP][PASSED] - Statement - If (!(el.isDisplayed())): null

2018-03-20 19:42:27 - [TEST_STEP][PASSED] - Statement - el = wes.get(i): null

2018-03-20 19:42:27 - [TEST_STEP][PASSED] - Statement - If (!(el.isDisplayed())): null

2018-03-20 19:42:27 - [TEST_STEP][PASSED] - Statement - el = wes.get(i): null

2018-03-20 19:42:27 - [TEST_STEP][PASSED] - Statement - If (!(el.isDisplayed())): null

2018-03-20 19:42:27 - [TEST_STEP][PASSED] - Statement - el = wes.get(i): null

2018-03-20 19:42:27 - [TEST_STEP][PASSED] - Statement - If (!(el.isDisplayed())): null

2018-03-20 19:42:27 - [TEST_STEP][PASSED] - Statement - el = wes.get(i): null

2018-03-20 19:42:27 - [TEST_STEP][PASSED] - Statement - If (!(el.isDisplayed())): null

2018-03-20 19:42:27 - [TEST_STEP][PASSED] - Statement - el = wes.get(i): null

2018-03-20 19:42:27 - [TEST_STEP][PASSED] - Statement - If (!(el.isDisplayed())): null

2018-03-20 19:42:27 - [TEST_STEP][PASSED] - Statement - el = wes.get(i): null

2018-03-20 19:42:27 - [TEST_STEP][PASSED] - Statement - If (!(el.isDisplayed())): null

2018-03-20 19:42:27 - [TEST_STEP][PASSED] - Statement - el = wes.get(i): null

2018-03-20 19:42:27 - [TEST_STEP][PASSED] - Statement - If (!(el.isDisplayed())): null

2018-03-20 19:42:27 - [TEST_STEP][PASSED] - Statement - el = wes.get(i): null

2018-03-20 19:42:27 - [TEST_STEP][PASSED] - Statement - If (!(el.isDisplayed())): null

2018-03-20 19:42:27 - [TEST_STEP][PASSED] - Statement - el = wes.get(i): null

2018-03-20 19:42:27 - [TEST_STEP][PASSED] - Statement - If (!(el.isDisplayed())): null

2018-03-20 19:42:27 - [TEST_STEP][PASSED] - Statement - el = wes.get(i): null

2018-03-20 19:42:27 - [TEST_STEP][PASSED] - Statement - If (!(el.isDisplayed())): null

2018-03-20 19:42:27 - [TEST_STEP][PASSED] - Statement - el = wes.get(i): null

2018-03-20 19:42:27 - [TEST_STEP][PASSED] - Statement - If (!(el.isDisplayed())): null

2018-03-20 19:42:27 - [TEST_STEP][PASSED] - Statement - el = wes.get(i): null

2018-03-20 19:42:27 - [TEST_STEP][PASSED] - Statement - If (!(el.isDisplayed())): null

2018-03-20 19:42:27 - [TEST_STEP][PASSED] - Statement - el = wes.get(i): null

2018-03-20 19:42:27 - [TEST_STEP][PASSED] - Statement - If (!(el.isDisplayed())): null

2018-03-20 19:42:27 - [TEST_STEP][PASSED] - Statement - el = wes.get(i): null

2018-03-20 19:42:27 - [TEST_STEP][PASSED] - Statement - If (!(el.isDisplayed())): null

2018-03-20 19:42:27 - [TEST_STEP][PASSED] - Statement - el = wes.get(i): null

2018-03-20 19:42:27 - [TEST_STEP][PASSED] - Statement - If (!(el.isDisplayed())): null

2018-03-20 19:42:27 - [TEST_STEP][PASSED] - Statement - el = wes.get(i): null

2018-03-20 19:42:27 - [TEST_STEP][PASSED] - Statement - If (!(el.isDisplayed())): null

2018-03-20 19:42:27 - [TEST_STEP][PASSED] - Statement - el = wes.get(i): null

2018-03-20 19:42:27 - [TEST_STEP][PASSED] - Statement - If (!(el.isDisplayed())): null

2018-03-20 19:42:27 - [TEST_STEP][PASSED] - Statement - el = wes.get(i): null

2018-03-20 19:42:27 - [TEST_STEP][PASSED] - Statement - If (!(el.isDisplayed())): null

2018-03-20 19:42:27 - [TEST_STEP][PASSED] - Statement - el = wes.get(i): null

2018-03-20 19:42:27 - [TEST_STEP][PASSED] - Statement - If (!(el.isDisplayed())): null

2018-03-20 19:42:27 - [TEST_STEP][PASSED] - Statement - el = wes.get(i): null

2018-03-20 19:42:27 - [TEST_STEP][PASSED] - Statement - If (!(el.isDisplayed())): null

2018-03-20 19:42:27 - [TEST_STEP][PASSED] - Statement - el = wes.get(i): null

2018-03-20 19:42:27 - [TEST_STEP][PASSED] - Statement - If (!(el.isDisplayed())): null

2018-03-20 19:42:27 - [TEST_STEP][PASSED] - Statement - el = wes.get(i): null

2018-03-20 19:42:27 - [TEST_STEP][PASSED] - Statement - If (!(el.isDisplayed())): null

2018-03-20 19:42:27 - [TEST_STEP][PASSED] - Statement - el = wes.get(i): null

2018-03-20 19:42:27 - [TEST_STEP][PASSED] - Statement - If (!(el.isDisplayed())): null

2018-03-20 19:42:27 - [TEST_STEP][PASSED] - Statement - el = wes.get(i): null

2018-03-20 19:42:27 - [TEST_STEP][PASSED] - Statement - If (!(el.isDisplayed())): null

2018-03-20 19:42:27 - [TEST_STEP][PASSED] - Statement - el = wes.get(i): null

2018-03-20 19:42:27 - [TEST_STEP][PASSED] - Statement - If (!(el.isDisplayed())): null

2018-03-20 19:42:27 - [TEST_STEP][PASSED] - Statement - el = wes.get(i): null

2018-03-20 19:42:27 - [TEST_STEP][PASSED] - Statement - If (!(el.isDisplayed())): null

2018-03-20 19:42:27 - [TEST_STEP][PASSED] - Statement - el = wes.get(i): null

2018-03-20 19:42:27 - [TEST_STEP][PASSED] - Statement - If (!(el.isDisplayed())): null

2018-03-20 19:42:27 - [TEST_STEP][PASSED] - Statement - el = wes.get(i): null

2018-03-20 19:42:27 - [TEST_STEP][PASSED] - Statement - If (!(el.isDisplayed())): null

2018-03-20 19:42:27 - [TEST_STEP][PASSED] - Statement - el = wes.get(i): null

2018-03-20 19:42:27 - [TEST_STEP][PASSED] - Statement - If (!(el.isDisplayed())): null

2018-03-20 19:42:27 - [TEST_STEP][PASSED] - Statement - el = wes.get(i): null

2018-03-20 19:42:27 - [TEST_STEP][PASSED] - Statement - If (!(el.isDisplayed())): null

2018-03-20 19:42:27 - [TEST_STEP][PASSED] - Statement - el = wes.get(i): null

2018-03-20 19:42:27 - [TEST_STEP][PASSED] - Statement - If (!(el.isDisplayed())): null

2018-03-20 19:42:27 - [TEST_STEP][PASSED] - Statement - el = wes.get(i): null

2018-03-20 19:42:27 - [TEST_STEP][PASSED] - Statement - If (!(el.isDisplayed())): null

2018-03-20 19:42:27 - [TEST_STEP][PASSED] - Statement - el = wes.get(i): null

2018-03-20 19:42:27 - [TEST_STEP][PASSED] - Statement - If (!(el.isDisplayed())): null

2018-03-20 19:42:27 - [TEST_STEP][PASSED] - Statement - el = wes.get(i): null

2018-03-20 19:42:27 - [TEST_STEP][PASSED] - Statement - If (!(el.isDisplayed())): null

2018-03-20 19:42:27 - [TEST_STEP][PASSED] - Statement - el = wes.get(i): null

2018-03-20 19:42:27 - [TEST_STEP][PASSED] - Statement - If (!(el.isDisplayed())): null

2018-03-20 19:42:27 - [TEST_STEP][PASSED] - Statement - el = wes.get(i): null

2018-03-20 19:42:27 - [TEST_STEP][PASSED] - Statement - If (!(el.isDisplayed())): null

2018-03-20 19:42:27 - [TEST_STEP][PASSED] - Statement - el = wes.get(i): null

2018-03-20 19:42:27 - [TEST_STEP][PASSED] - Statement - If (!(el.isDisplayed())): null

2018-03-20 19:42:27 - [TEST_STEP][PASSED] - Statement - el = wes.get(i): null

2018-03-20 19:42:27 - [TEST_STEP][PASSED] - Statement - If (!(el.isDisplayed())): null

2018-03-20 19:42:27 - [TEST_STEP][PASSED] - Statement - el = wes.get(i): null

2018-03-20 19:42:27 - [TEST_STEP][PASSED] - Statement - If (!(el.isDisplayed())): null

2018-03-20 19:42:27 - [TEST_STEP][PASSED] - closeBrowser: Browser is closed

2018-03-20 19:42:27 - [MESSAGE][PASSED] - Browser is closed]]></system-out>
         <system-err><![CDATA[]]></system-err>
      </testcase>
      <testcase name="Test Cases/Prototyp_Filialsuche (RC 18)/02_Testfall" classname="Test Cases/Prototyp_Filialsuche (RC 18)/02_Testfall" status="PASSED">
         <system-out><![CDATA[2018-03-20 19:42:27 - [TEST_CASE][PASSED] - Test Cases/Prototyp_Filialsuche (RC 18)/02_Testfall: Test Cases/Prototyp_Filialsuche (RC 18)/02_Testfall

2018-03-20 19:42:28 - [TEST_STEP][PASSED] - openBrowser: Browser is opened with url: ''

2018-03-20 19:42:30 - [MESSAGE][PASSED] - Browser is opened with url: ''

2018-03-20 19:42:30 - [TEST_STEP][PASSED] - deleteAllCookies: Delete all cookies successfully

2018-03-20 19:42:30 - [MESSAGE][PASSED] - Delete all cookies successfully

2018-03-20 19:42:30 - [TEST_STEP][PASSED] - maximizeWindow: Current window maximized

2018-03-20 19:42:30 - [MESSAGE][PASSED] - Current window maximized

2018-03-20 19:42:30 - [TEST_STEP][PASSED] - navigateToUrl: Navigate to 'http://rc-ogrhtmlprototyp.testintern/18-1-0/filialsuche-wangen.html' successfully

2018-03-20 19:42:36 - [MESSAGE][PASSED] - Navigate to 'http://rc-ogrhtmlprototyp.testintern/18-1-0/filialsuche-wangen.html' successfully

2018-03-20 19:42:36 - [TEST_STEP][PASSED] - delay: Delayed 5 second(s)

2018-03-20 19:42:41 - [MESSAGE][PASSED] - Delayed 5 second(s)

2018-03-20 19:42:41 - [TEST_STEP][PASSED] - Statement - wes = com.kms.katalon.core.webui.common.WebUiCommonHelper.findWebElements(com.kms.katalon.core.testobject.ObjectRepository.findTestObject(filial_map), 5): Finding web element with id: 'Object Repository/filial_map' located by 'By.xpath: //div[@class='aps-map__custom-marker']' in '5' second(s)

2018-03-20 19:42:47 - [TEST_STEP][PASSED] - Statement - For ([i = 0, i < wes.size(), (i++)]): null

2018-03-20 19:42:47 - [TEST_STEP][PASSED] - closeBrowser: Browser is closed

2018-03-20 19:42:47 - [MESSAGE][PASSED] - Browser is closed]]></system-out>
         <system-err><![CDATA[]]></system-err>
      </testcase>
      <testcase name="Test Cases/Prototyp_Filialsuche (RC 18)/03_Testfall" classname="Test Cases/Prototyp_Filialsuche (RC 18)/03_Testfall" status="PASSED">
         <system-out><![CDATA[2018-03-20 19:42:47 - [TEST_CASE][PASSED] - Test Cases/Prototyp_Filialsuche (RC 18)/03_Testfall: Test Cases/Prototyp_Filialsuche (RC 18)/03_Testfall

2018-03-20 19:42:47 - [TEST_STEP][PASSED] - openBrowser: Browser is opened with url: ''

2018-03-20 19:42:49 - [MESSAGE][PASSED] - Browser is opened with url: ''

2018-03-20 19:42:49 - [TEST_STEP][PASSED] - deleteAllCookies: Delete all cookies successfully

2018-03-20 19:42:49 - [MESSAGE][PASSED] - Delete all cookies successfully

2018-03-20 19:42:49 - [TEST_STEP][PASSED] - maximizeWindow: Current window maximized

2018-03-20 19:42:49 - [MESSAGE][PASSED] - Current window maximized

2018-03-20 19:42:49 - [TEST_STEP][PASSED] - navigateToUrl: Navigate to 'http://rc-ogrhtmlprototyp.testintern/18-1-0/filialsuche-rotenburg.html' successfully

2018-03-20 19:42:59 - [MESSAGE][PASSED] - Navigate to 'http://rc-ogrhtmlprototyp.testintern/18-1-0/filialsuche-rotenburg.html' successfully

2018-03-20 19:42:59 - [TEST_STEP][PASSED] - delay: Delayed 5 second(s)

2018-03-20 19:43:04 - [MESSAGE][PASSED] - Delayed 5 second(s)

2018-03-20 19:43:04 - [TEST_STEP][PASSED] - Statement - wes = com.kms.katalon.core.webui.common.WebUiCommonHelper.findWebElements(com.kms.katalon.core.testobject.ObjectRepository.findTestObject(filial_map), 5): Found 19 web elements with id: 'Object Repository/filial_map' located by 'By.xpath: //div[@class='aps-map__custom-marker']' in '5' second(s)

2018-03-20 19:43:04 - [TEST_STEP][PASSED] - Statement - For ([i = 0, i < wes.size(), (i++)]): null

2018-03-20 19:43:04 - [TEST_STEP][PASSED] - Statement - el = wes.get(i): null

2018-03-20 19:43:04 - [TEST_STEP][PASSED] - Statement - If (!(el.isDisplayed())): null

2018-03-20 19:43:04 - [TEST_STEP][PASSED] - Statement - el = wes.get(i): null

2018-03-20 19:43:04 - [TEST_STEP][PASSED] - Statement - If (!(el.isDisplayed())): null

2018-03-20 19:43:04 - [TEST_STEP][PASSED] - Statement - el = wes.get(i): null

2018-03-20 19:43:04 - [TEST_STEP][PASSED] - Statement - If (!(el.isDisplayed())): null

2018-03-20 19:43:04 - [TEST_STEP][PASSED] - Statement - el = wes.get(i): null

2018-03-20 19:43:04 - [TEST_STEP][PASSED] - Statement - If (!(el.isDisplayed())): null

2018-03-20 19:43:04 - [TEST_STEP][PASSED] - Statement - el = wes.get(i): null

2018-03-20 19:43:04 - [TEST_STEP][PASSED] - Statement - If (!(el.isDisplayed())): null

2018-03-20 19:43:04 - [TEST_STEP][PASSED] - Statement - el = wes.get(i): null

2018-03-20 19:43:04 - [TEST_STEP][PASSED] - Statement - If (!(el.isDisplayed())): null

2018-03-20 19:43:04 - [TEST_STEP][PASSED] - Statement - el = wes.get(i): null

2018-03-20 19:43:04 - [TEST_STEP][PASSED] - Statement - If (!(el.isDisplayed())): null

2018-03-20 19:43:04 - [TEST_STEP][PASSED] - Statement - el = wes.get(i): null

2018-03-20 19:43:04 - [TEST_STEP][PASSED] - Statement - If (!(el.isDisplayed())): null

2018-03-20 19:43:04 - [TEST_STEP][PASSED] - Statement - el = wes.get(i): null

2018-03-20 19:43:04 - [TEST_STEP][PASSED] - Statement - If (!(el.isDisplayed())): null

2018-03-20 19:43:04 - [TEST_STEP][PASSED] - Statement - el = wes.get(i): null

2018-03-20 19:43:04 - [TEST_STEP][PASSED] - Statement - If (!(el.isDisplayed())): null

2018-03-20 19:43:04 - [TEST_STEP][PASSED] - Statement - el = wes.get(i): null

2018-03-20 19:43:04 - [TEST_STEP][PASSED] - Statement - If (!(el.isDisplayed())): null

2018-03-20 19:43:04 - [TEST_STEP][PASSED] - Statement - el = wes.get(i): null

2018-03-20 19:43:04 - [TEST_STEP][PASSED] - Statement - If (!(el.isDisplayed())): null

2018-03-20 19:43:04 - [TEST_STEP][PASSED] - Statement - el = wes.get(i): null

2018-03-20 19:43:04 - [TEST_STEP][PASSED] - Statement - If (!(el.isDisplayed())): null

2018-03-20 19:43:04 - [TEST_STEP][PASSED] - Statement - el = wes.get(i): null

2018-03-20 19:43:04 - [TEST_STEP][PASSED] - Statement - If (!(el.isDisplayed())): null

2018-03-20 19:43:04 - [TEST_STEP][PASSED] - Statement - el = wes.get(i): null

2018-03-20 19:43:04 - [TEST_STEP][PASSED] - Statement - If (!(el.isDisplayed())): null

2018-03-20 19:43:04 - [TEST_STEP][PASSED] - Statement - el = wes.get(i): null

2018-03-20 19:43:04 - [TEST_STEP][PASSED] - Statement - If (!(el.isDisplayed())): null

2018-03-20 19:43:04 - [TEST_STEP][PASSED] - Statement - el = wes.get(i): null

2018-03-20 19:43:04 - [TEST_STEP][PASSED] - Statement - If (!(el.isDisplayed())): null

2018-03-20 19:43:04 - [TEST_STEP][PASSED] - Statement - el = wes.get(i): null

2018-03-20 19:43:04 - [TEST_STEP][PASSED] - Statement - If (!(el.isDisplayed())): null

2018-03-20 19:43:04 - [TEST_STEP][PASSED] - Statement - el = wes.get(i): null

2018-03-20 19:43:04 - [TEST_STEP][PASSED] - Statement - If (!(el.isDisplayed())): null

2018-03-20 19:43:04 - [TEST_STEP][PASSED] - closeBrowser: Browser is closed

2018-03-20 19:43:04 - [MESSAGE][PASSED] - Browser is closed]]></system-out>
         <system-err><![CDATA[]]></system-err>
      </testcase>
      <testcase name="Test Cases/Prototyp_Filialsuche (RC 18)/04_Testfall" classname="Test Cases/Prototyp_Filialsuche (RC 18)/04_Testfall" status="PASSED">
         <system-out><![CDATA[2018-03-20 19:43:04 - [TEST_CASE][PASSED] - Test Cases/Prototyp_Filialsuche (RC 18)/04_Testfall: Test Cases/Prototyp_Filialsuche (RC 18)/04_Testfall

2018-03-20 19:43:04 - [TEST_STEP][PASSED] - openBrowser: Browser is opened with url: ''

2018-03-20 19:43:07 - [MESSAGE][PASSED] - Browser is opened with url: ''

2018-03-20 19:43:07 - [TEST_STEP][PASSED] - deleteAllCookies: Delete all cookies successfully

2018-03-20 19:43:07 - [MESSAGE][PASSED] - Delete all cookies successfully

2018-03-20 19:43:07 - [TEST_STEP][PASSED] - maximizeWindow: Current window maximized

2018-03-20 19:43:07 - [MESSAGE][PASSED] - Current window maximized

2018-03-20 19:43:07 - [TEST_STEP][PASSED] - navigateToUrl: Navigate to 'http://rc-ogrhtmlprototyp.testintern/18-1-0/filialsuche-nuernberg.html' successfully

2018-03-20 19:43:08 - [MESSAGE][PASSED] - Navigate to 'http://rc-ogrhtmlprototyp.testintern/18-1-0/filialsuche-nuernberg.html' successfully

2018-03-20 19:43:08 - [TEST_STEP][PASSED] - delay: Delayed 5 second(s)

2018-03-20 19:43:13 - [MESSAGE][PASSED] - Delayed 5 second(s)

2018-03-20 19:43:13 - [TEST_STEP][PASSED] - Statement - wes = com.kms.katalon.core.webui.common.WebUiCommonHelper.findWebElements(com.kms.katalon.core.testobject.ObjectRepository.findTestObject(filial_map), 5): Found 10 web elements with id: 'Object Repository/filial_map' located by 'By.xpath: //div[@class='aps-map__custom-marker']' in '5' second(s)

2018-03-20 19:43:13 - [TEST_STEP][PASSED] - Statement - For ([i = 0, i < wes.size(), (i++)]): null

2018-03-20 19:43:13 - [TEST_STEP][PASSED] - Statement - el = wes.get(i): null

2018-03-20 19:43:13 - [TEST_STEP][PASSED] - Statement - If (!(el.isDisplayed())): null

2018-03-20 19:43:13 - [TEST_STEP][PASSED] - Statement - el = wes.get(i): null

2018-03-20 19:43:13 - [TEST_STEP][PASSED] - Statement - If (!(el.isDisplayed())): null

2018-03-20 19:43:13 - [TEST_STEP][PASSED] - Statement - el = wes.get(i): null

2018-03-20 19:43:13 - [TEST_STEP][PASSED] - Statement - If (!(el.isDisplayed())): null

2018-03-20 19:43:13 - [TEST_STEP][PASSED] - Statement - el = wes.get(i): null

2018-03-20 19:43:13 - [TEST_STEP][PASSED] - Statement - If (!(el.isDisplayed())): null

2018-03-20 19:43:14 - [TEST_STEP][PASSED] - Statement - el = wes.get(i): null

2018-03-20 19:43:14 - [TEST_STEP][PASSED] - Statement - If (!(el.isDisplayed())): null

2018-03-20 19:43:14 - [TEST_STEP][PASSED] - Statement - el = wes.get(i): null

2018-03-20 19:43:14 - [TEST_STEP][PASSED] - Statement - If (!(el.isDisplayed())): null

2018-03-20 19:43:14 - [TEST_STEP][PASSED] - Statement - el = wes.get(i): null

2018-03-20 19:43:14 - [TEST_STEP][PASSED] - Statement - If (!(el.isDisplayed())): null

2018-03-20 19:43:14 - [TEST_STEP][PASSED] - Statement - el = wes.get(i): null

2018-03-20 19:43:14 - [TEST_STEP][PASSED] - Statement - If (!(el.isDisplayed())): null

2018-03-20 19:43:14 - [TEST_STEP][PASSED] - Statement - el = wes.get(i): null

2018-03-20 19:43:14 - [TEST_STEP][PASSED] - Statement - If (!(el.isDisplayed())): null

2018-03-20 19:43:14 - [TEST_STEP][PASSED] - Statement - el = wes.get(i): null

2018-03-20 19:43:14 - [TEST_STEP][PASSED] - Statement - If (!(el.isDisplayed())): null

2018-03-20 19:43:14 - [TEST_STEP][PASSED] - closeBrowser: Browser is closed

2018-03-20 19:43:14 - [MESSAGE][PASSED] - Browser is closed]]></system-out>
         <system-err><![CDATA[]]></system-err>
      </testcase>
      <testcase name="Test Cases/Prototyp_Filialsuche (RC 18)/05_Testfall" classname="Test Cases/Prototyp_Filialsuche (RC 18)/05_Testfall" status="PASSED">
         <system-out><![CDATA[2018-03-20 19:43:14 - [TEST_CASE][PASSED] - Test Cases/Prototyp_Filialsuche (RC 18)/05_Testfall: Test Cases/Prototyp_Filialsuche (RC 18)/05_Testfall

2018-03-20 19:43:14 - [TEST_STEP][PASSED] - openBrowser: Browser is opened with url: ''

2018-03-20 19:43:16 - [MESSAGE][PASSED] - Browser is opened with url: ''

2018-03-20 19:43:16 - [TEST_STEP][PASSED] - maximizeWindow: Current window maximized

2018-03-20 19:43:16 - [MESSAGE][PASSED] - Current window maximized

2018-03-20 19:43:16 - [TEST_STEP][PASSED] - deleteAllCookies: Delete all cookies successfully

2018-03-20 19:43:16 - [MESSAGE][PASSED] - Delete all cookies successfully

2018-03-20 19:43:16 - [TEST_STEP][PASSED] - navigateToUrl: Navigate to 'http://rc-ogrhtmlprototyp.testintern/18-1-0/filialsuche.html' successfully

2018-03-20 19:43:18 - [MESSAGE][PASSED] - Navigate to 'http://rc-ogrhtmlprototyp.testintern/18-1-0/filialsuche.html' successfully

2018-03-20 19:43:18 - [TEST_STEP][PASSED] - delay: Delayed 5 second(s)

2018-03-20 19:43:23 - [MESSAGE][PASSED] - Delayed 5 second(s)

2018-03-20 19:43:23 - [TEST_STEP][PASSED] - verifyElementNotPresent: Web element with id: 'Object Repository/Akkordeon_plus_filialsuche' located by 'By.xpath: //a[@class='acc-header acc-header--open']' is not present after '5' second(s)

2018-03-20 19:43:28 - [MESSAGE][PASSED] - Web element with id: 'Object Repository/Akkordeon_plus_filialsuche' located by 'By.xpath: //a[@class='acc-header acc-header--open']' is not present after '5' second(s)

2018-03-20 19:43:28 - [TEST_STEP][PASSED] - closeBrowser: Browser is closed

2018-03-20 19:43:28 - [MESSAGE][PASSED] - Browser is closed]]></system-out>
         <system-err><![CDATA[]]></system-err>
      </testcase>
      <testcase name="Test Cases/Prototyp_Filialsuche (RC 18)/06_Testfall" classname="Test Cases/Prototyp_Filialsuche (RC 18)/06_Testfall" status="PASSED">
         <system-out><![CDATA[2018-03-20 19:43:28 - [TEST_CASE][PASSED] - Test Cases/Prototyp_Filialsuche (RC 18)/06_Testfall: Test Cases/Prototyp_Filialsuche (RC 18)/06_Testfall

2018-03-20 19:43:28 - [TEST_STEP][PASSED] - openBrowser: Browser is opened with url: ''

2018-03-20 19:43:30 - [MESSAGE][PASSED] - Browser is opened with url: ''

2018-03-20 19:43:30 - [TEST_STEP][PASSED] - maximizeWindow: Current window maximized

2018-03-20 19:43:30 - [MESSAGE][PASSED] - Current window maximized

2018-03-20 19:43:30 - [TEST_STEP][PASSED] - deleteAllCookies: Delete all cookies successfully

2018-03-20 19:43:30 - [MESSAGE][PASSED] - Delete all cookies successfully

2018-03-20 19:43:30 - [TEST_STEP][PASSED] - navigateToUrl: Navigate to 'http://rc-ogrhtmlprototyp.testintern/18-1-0/filialsuche-wangen.html' successfully

2018-03-20 19:43:32 - [MESSAGE][PASSED] - Navigate to 'http://rc-ogrhtmlprototyp.testintern/18-1-0/filialsuche-wangen.html' successfully

2018-03-20 19:43:32 - [TEST_STEP][PASSED] - delay: Delayed 5 second(s)

2018-03-20 19:43:37 - [MESSAGE][PASSED] - Delayed 5 second(s)

2018-03-20 19:43:37 - [TEST_STEP][PASSED] - verifyElementNotPresent: Web element with id: 'Object Repository/Akkordeon_plus_filialsuche' located by 'By.xpath: //a[@class='acc-header acc-header--open']' is not present after '5' second(s)

2018-03-20 19:43:37 - [MESSAGE][PASSED] - Web element with id: 'Object Repository/Akkordeon_plus_filialsuche' located by 'By.xpath: //a[@class='acc-header acc-header--open']' is not present after '5' second(s)

2018-03-20 19:43:37 - [TEST_STEP][PASSED] - closeBrowser: Browser is closed

2018-03-20 19:43:37 - [MESSAGE][PASSED] - Browser is closed]]></system-out>
         <system-err><![CDATA[]]></system-err>
      </testcase>
      <testcase name="Test Cases/Prototyp_Filialsuche (RC 18)/07_Testfall" classname="Test Cases/Prototyp_Filialsuche (RC 18)/07_Testfall" status="PASSED">
         <system-out><![CDATA[2018-03-20 19:43:37 - [TEST_CASE][PASSED] - Test Cases/Prototyp_Filialsuche (RC 18)/07_Testfall: Test Cases/Prototyp_Filialsuche (RC 18)/07_Testfall

2018-03-20 19:43:37 - [TEST_STEP][PASSED] - openBrowser: Browser is opened with url: ''

2018-03-20 19:43:39 - [MESSAGE][PASSED] - Browser is opened with url: ''

2018-03-20 19:43:39 - [TEST_STEP][PASSED] - maximizeWindow: Current window maximized

2018-03-20 19:43:39 - [MESSAGE][PASSED] - Current window maximized

2018-03-20 19:43:39 - [TEST_STEP][PASSED] - deleteAllCookies: Delete all cookies successfully

2018-03-20 19:43:39 - [MESSAGE][PASSED] - Delete all cookies successfully

2018-03-20 19:43:39 - [TEST_STEP][PASSED] - navigateToUrl: Navigate to 'http://rc-ogrhtmlprototyp.testintern/18-1-0/filialsuche-rotenburg.html' successfully

2018-03-20 19:43:49 - [MESSAGE][PASSED] - Navigate to 'http://rc-ogrhtmlprototyp.testintern/18-1-0/filialsuche-rotenburg.html' successfully

2018-03-20 19:43:49 - [TEST_STEP][PASSED] - delay: Delayed 5 second(s)

2018-03-20 19:43:54 - [MESSAGE][PASSED] - Delayed 5 second(s)

2018-03-20 19:43:54 - [TEST_STEP][PASSED] - verifyElementNotPresent: Web element with id: 'Object Repository/Akkordeon_plus_filialsuche' located by 'By.xpath: //a[@class='acc-header acc-header--open']' is not present after '5' second(s)

2018-03-20 19:43:54 - [MESSAGE][PASSED] - Web element with id: 'Object Repository/Akkordeon_plus_filialsuche' located by 'By.xpath: //a[@class='acc-header acc-header--open']' is not present after '5' second(s)

2018-03-20 19:43:54 - [TEST_STEP][PASSED] - closeBrowser: Browser is closed

2018-03-20 19:43:54 - [MESSAGE][PASSED] - Browser is closed]]></system-out>
         <system-err><![CDATA[]]></system-err>
      </testcase>
      <testcase name="Test Cases/Prototyp_Filialsuche (RC 18)/08_Testfall" classname="Test Cases/Prototyp_Filialsuche (RC 18)/08_Testfall" status="PASSED">
         <system-out><![CDATA[2018-03-20 19:43:54 - [TEST_CASE][PASSED] - Test Cases/Prototyp_Filialsuche (RC 18)/08_Testfall: Test Cases/Prototyp_Filialsuche (RC 18)/08_Testfall

2018-03-20 19:43:54 - [TEST_STEP][PASSED] - openBrowser: Browser is opened with url: ''

2018-03-20 19:43:56 - [MESSAGE][PASSED] - Browser is opened with url: ''

2018-03-20 19:43:56 - [TEST_STEP][PASSED] - maximizeWindow: Current window maximized

2018-03-20 19:43:56 - [MESSAGE][PASSED] - Current window maximized

2018-03-20 19:43:56 - [TEST_STEP][PASSED] - deleteAllCookies: Delete all cookies successfully

2018-03-20 19:43:56 - [MESSAGE][PASSED] - Delete all cookies successfully

2018-03-20 19:43:56 - [TEST_STEP][PASSED] - navigateToUrl: Navigate to 'http://rc-ogrhtmlprototyp.testintern/18-1-0/filialsuche-nuernberg.html' successfully

2018-03-20 19:43:59 - [MESSAGE][PASSED] - Navigate to 'http://rc-ogrhtmlprototyp.testintern/18-1-0/filialsuche-nuernberg.html' successfully

2018-03-20 19:43:59 - [TEST_STEP][PASSED] - delay: Delayed 5 second(s)

2018-03-20 19:44:04 - [MESSAGE][PASSED] - Delayed 5 second(s)

2018-03-20 19:44:04 - [TEST_STEP][PASSED] - verifyElementNotPresent: Web element with id: 'Object Repository/Akkordeon_plus_filialsuche' located by 'By.xpath: //a[@class='acc-header acc-header--open']' is not present after '5' second(s)

2018-03-20 19:44:04 - [MESSAGE][PASSED] - Web element with id: 'Object Repository/Akkordeon_plus_filialsuche' located by 'By.xpath: //a[@class='acc-header acc-header--open']' is not present after '5' second(s)

2018-03-20 19:44:04 - [TEST_STEP][PASSED] - closeBrowser: Browser is closed

2018-03-20 19:44:04 - [MESSAGE][PASSED] - Browser is closed]]></system-out>
         <system-err><![CDATA[]]></system-err>
      </testcase>
      <testcase name="Test Cases/Prototyp_Filialsuche (RC 18)/09_Testfall" classname="Test Cases/Prototyp_Filialsuche (RC 18)/09_Testfall" status="PASSED">
         <system-out><![CDATA[2018-03-20 19:44:04 - [TEST_CASE][PASSED] - Test Cases/Prototyp_Filialsuche (RC 18)/09_Testfall: Test Cases/Prototyp_Filialsuche (RC 18)/09_Testfall

2018-03-20 19:44:05 - [TEST_STEP][PASSED] - openBrowser: Browser is opened with url: ''

2018-03-20 19:44:06 - [MESSAGE][PASSED] - Browser is opened with url: ''

2018-03-20 19:44:06 - [TEST_STEP][PASSED] - maximizeWindow: Current window maximized

2018-03-20 19:44:06 - [MESSAGE][PASSED] - Current window maximized

2018-03-20 19:44:06 - [TEST_STEP][PASSED] - deleteAllCookies: Delete all cookies successfully

2018-03-20 19:44:06 - [MESSAGE][PASSED] - Delete all cookies successfully

2018-03-20 19:44:06 - [TEST_STEP][PASSED] - navigateToUrl: Navigate to 'http://rc-ogrhtmlprototyp.testintern/18-1-0/filialsuche.html' successfully

2018-03-20 19:44:11 - [MESSAGE][PASSED] - Navigate to 'http://rc-ogrhtmlprototyp.testintern/18-1-0/filialsuche.html' successfully

2018-03-20 19:44:11 - [TEST_STEP][PASSED] - delay: Delayed 5 second(s)

2018-03-20 19:44:16 - [MESSAGE][PASSED] - Delayed 5 second(s)

2018-03-20 19:44:16 - [TEST_STEP][PASSED] - verifyElementNotPresent: Web element with id: 'Object Repository/Entfernung_filialsuche' located by 'By.xpath: //span[@class='loc-distance']' is not present after '5' second(s)

2018-03-20 19:44:16 - [MESSAGE][PASSED] - Web element with id: 'Object Repository/Entfernung_filialsuche' located by 'By.xpath: //span[@class='loc-distance']' is not present after '5' second(s)

2018-03-20 19:44:16 - [TEST_STEP][PASSED] - closeBrowser: Browser is closed

2018-03-20 19:44:16 - [MESSAGE][PASSED] - Browser is closed]]></system-out>
         <system-err><![CDATA[]]></system-err>
      </testcase>
      <testcase name="Test Cases/Prototyp_Filialsuche (RC 18)/10_Testfall" classname="Test Cases/Prototyp_Filialsuche (RC 18)/10_Testfall" status="PASSED">
         <system-out><![CDATA[2018-03-20 19:44:16 - [TEST_CASE][PASSED] - Test Cases/Prototyp_Filialsuche (RC 18)/10_Testfall: Test Cases/Prototyp_Filialsuche (RC 18)/10_Testfall

2018-03-20 19:44:16 - [TEST_STEP][PASSED] - openBrowser: Browser is opened with url: ''

2018-03-20 19:44:18 - [MESSAGE][PASSED] - Browser is opened with url: ''

2018-03-20 19:44:18 - [TEST_STEP][PASSED] - maximizeWindow: Current window maximized

2018-03-20 19:44:18 - [MESSAGE][PASSED] - Current window maximized

2018-03-20 19:44:18 - [TEST_STEP][PASSED] - deleteAllCookies: Delete all cookies successfully

2018-03-20 19:44:18 - [MESSAGE][PASSED] - Delete all cookies successfully

2018-03-20 19:44:18 - [TEST_STEP][PASSED] - navigateToUrl: Navigate to 'http://rc-ogrhtmlprototyp.testintern/18-1-0/filialsuche-wangen.html' successfully

2018-03-20 19:44:21 - [MESSAGE][PASSED] - Navigate to 'http://rc-ogrhtmlprototyp.testintern/18-1-0/filialsuche-wangen.html' successfully

2018-03-20 19:44:21 - [TEST_STEP][PASSED] - delay: Delayed 5 second(s)

2018-03-20 19:44:26 - [MESSAGE][PASSED] - Delayed 5 second(s)

2018-03-20 19:44:26 - [TEST_STEP][PASSED] - verifyElementNotPresent: Web element with id: 'Object Repository/Entfernung_filialsuche' located by 'By.xpath: //span[@class='loc-distance']' is not present after '5' second(s)

2018-03-20 19:44:26 - [MESSAGE][PASSED] - Web element with id: 'Object Repository/Entfernung_filialsuche' located by 'By.xpath: //span[@class='loc-distance']' is not present after '5' second(s)

2018-03-20 19:44:26 - [TEST_STEP][PASSED] - closeBrowser: Browser is closed

2018-03-20 19:44:26 - [MESSAGE][PASSED] - Browser is closed]]></system-out>
         <system-err><![CDATA[]]></system-err>
      </testcase>
      <testcase name="Test Cases/Prototyp_Filialsuche (RC 18)/11_Testfall" classname="Test Cases/Prototyp_Filialsuche (RC 18)/11_Testfall" status="PASSED">
         <system-out><![CDATA[2018-03-20 19:44:26 - [TEST_CASE][PASSED] - Test Cases/Prototyp_Filialsuche (RC 18)/11_Testfall: Test Cases/Prototyp_Filialsuche (RC 18)/11_Testfall

2018-03-20 19:44:26 - [TEST_STEP][PASSED] - openBrowser: Browser is opened with url: ''

2018-03-20 19:44:27 - [MESSAGE][PASSED] - Browser is opened with url: ''

2018-03-20 19:44:27 - [TEST_STEP][PASSED] - maximizeWindow: Current window maximized

2018-03-20 19:44:27 - [MESSAGE][PASSED] - Current window maximized

2018-03-20 19:44:27 - [TEST_STEP][PASSED] - deleteAllCookies: Delete all cookies successfully

2018-03-20 19:44:27 - [MESSAGE][PASSED] - Delete all cookies successfully

2018-03-20 19:44:27 - [TEST_STEP][PASSED] - navigateToUrl: Navigate to 'http://rc-ogrhtmlprototyp.testintern/18-1-0/filialsuche-rotenburg.html' successfully

2018-03-20 19:44:32 - [MESSAGE][PASSED] - Navigate to 'http://rc-ogrhtmlprototyp.testintern/18-1-0/filialsuche-rotenburg.html' successfully

2018-03-20 19:44:32 - [TEST_STEP][PASSED] - delay: Delayed 5 second(s)

2018-03-20 19:44:37 - [MESSAGE][PASSED] - Delayed 5 second(s)

2018-03-20 19:44:37 - [TEST_STEP][PASSED] - verifyElementNotPresent: Web element with id: 'Object Repository/Entfernung_filialsuche' located by 'By.xpath: //span[@class='loc-distance']' is not present after '5' second(s)

2018-03-20 19:44:37 - [MESSAGE][PASSED] - Web element with id: 'Object Repository/Entfernung_filialsuche' located by 'By.xpath: //span[@class='loc-distance']' is not present after '5' second(s)

2018-03-20 19:44:37 - [TEST_STEP][PASSED] - closeBrowser: Browser is closed

2018-03-20 19:44:37 - [MESSAGE][PASSED] - Browser is closed]]></system-out>
         <system-err><![CDATA[]]></system-err>
      </testcase>
      <testcase name="Test Cases/Prototyp_Filialsuche (RC 18)/12_Testfall" classname="Test Cases/Prototyp_Filialsuche (RC 18)/12_Testfall" status="PASSED">
         <system-out><![CDATA[2018-03-20 19:44:37 - [TEST_CASE][PASSED] - Test Cases/Prototyp_Filialsuche (RC 18)/12_Testfall: Test Cases/Prototyp_Filialsuche (RC 18)/12_Testfall

2018-03-20 19:44:38 - [TEST_STEP][PASSED] - openBrowser: Browser is opened with url: ''

2018-03-20 19:44:40 - [MESSAGE][PASSED] - Browser is opened with url: ''

2018-03-20 19:44:40 - [TEST_STEP][PASSED] - maximizeWindow: Current window maximized

2018-03-20 19:44:40 - [MESSAGE][PASSED] - Current window maximized

2018-03-20 19:44:40 - [TEST_STEP][PASSED] - deleteAllCookies: Delete all cookies successfully

2018-03-20 19:44:40 - [MESSAGE][PASSED] - Delete all cookies successfully

2018-03-20 19:44:40 - [TEST_STEP][PASSED] - navigateToUrl: Navigate to 'http://rc-ogrhtmlprototyp.testintern/18-1-0/filialsuche-nuernberg.html' successfully

2018-03-20 19:44:47 - [MESSAGE][PASSED] - Navigate to 'http://rc-ogrhtmlprototyp.testintern/18-1-0/filialsuche-nuernberg.html' successfully

2018-03-20 19:44:47 - [TEST_STEP][PASSED] - delay: Delayed 5 second(s)

2018-03-20 19:44:52 - [MESSAGE][PASSED] - Delayed 5 second(s)

2018-03-20 19:44:52 - [TEST_STEP][PASSED] - verifyElementNotPresent: Web element with id: 'Object Repository/Entfernung_filialsuche' located by 'By.xpath: //span[@class='loc-distance']' is not present after '5' second(s)

2018-03-20 19:44:54 - [MESSAGE][PASSED] - Web element with id: 'Object Repository/Entfernung_filialsuche' located by 'By.xpath: //span[@class='loc-distance']' is not present after '5' second(s)

2018-03-20 19:44:54 - [TEST_STEP][PASSED] - closeBrowser: Browser is closed

2018-03-20 19:44:54 - [MESSAGE][PASSED] - Browser is closed]]></system-out>
         <system-err><![CDATA[]]></system-err>
      </testcase>
      <testcase name="Test Cases/Prototyp_Filialsuche (RC 18)/13_Testfall" classname="Test Cases/Prototyp_Filialsuche (RC 18)/13_Testfall" status="PASSED">
         <system-out><![CDATA[2018-03-20 19:44:54 - [TEST_CASE][PASSED] - Test Cases/Prototyp_Filialsuche (RC 18)/13_Testfall: Test Cases/Prototyp_Filialsuche (RC 18)/13_Testfall

2018-03-20 19:44:55 - [TEST_STEP][PASSED] - openBrowser: Browser is opened with url: ''

2018-03-20 19:44:57 - [MESSAGE][PASSED] - Browser is opened with url: ''

2018-03-20 19:44:57 - [TEST_STEP][PASSED] - deleteAllCookies: Delete all cookies successfully

2018-03-20 19:44:57 - [MESSAGE][PASSED] - Delete all cookies successfully

2018-03-20 19:44:57 - [TEST_STEP][PASSED] - maximizeWindow: Current window maximized

2018-03-20 19:44:57 - [MESSAGE][PASSED] - Current window maximized

2018-03-20 19:44:57 - [TEST_STEP][PASSED] - navigateToUrl: Navigate to 'http://rc-ogrhtmlprototyp.testintern/18-1-0/filialsuche.html' successfully

2018-03-20 19:45:00 - [MESSAGE][PASSED] - Navigate to 'http://rc-ogrhtmlprototyp.testintern/18-1-0/filialsuche.html' successfully

2018-03-20 19:45:00 - [TEST_STEP][PASSED] - delay: Delayed 5 second(s)

2018-03-20 19:45:05 - [MESSAGE][PASSED] - Delayed 5 second(s)

2018-03-20 19:45:05 - [TEST_STEP][PASSED] - Statement - wes1 = com.kms.katalon.core.webui.common.WebUiCommonHelper.findWebElements(com.kms.katalon.core.testobject.ObjectRepository.findTestObject(filial_map), 5): Found 61 web elements with id: 'Object Repository/filial_map' located by 'By.xpath: //div[@class='aps-map__custom-marker']' in '5' second(s)

2018-03-20 19:45:06 - [TEST_STEP][PASSED] - Statement - wes2 = com.kms.katalon.core.webui.common.WebUiCommonHelper.findWebElements(com.kms.katalon.core.testobject.ObjectRepository.findTestObject(loc_steet_filialsuche), 5): Found 61 web elements with id: 'Object Repository/loc_steet_filialsuche' located by 'By.xpath: //div[@class='loc-street']' in '5' second(s)

2018-03-20 19:45:06 - [TEST_STEP][PASSED] - Statement - filial_maps_count = wes1.size(): null

2018-03-20 19:45:06 - [TEST_STEP][PASSED] - Statement - filial_accordeon_count = wes2.size(): null

2018-03-20 19:45:06 - [TEST_STEP][PASSED] - Statement - filial_count = 61: null

2018-03-20 19:45:06 - [TEST_STEP][PASSED] - Statement - If (filial_maps_count != filial_count): null

2018-03-20 19:45:06 - [TEST_STEP][PASSED] - closeBrowser: Browser is closed

2018-03-20 19:45:06 - [MESSAGE][PASSED] - Browser is closed]]></system-out>
         <system-err><![CDATA[]]></system-err>
      </testcase>
      <testcase name="Test Cases/Prototyp_Filialsuche (RC 18)/14_Testfall" classname="Test Cases/Prototyp_Filialsuche (RC 18)/14_Testfall" status="PASSED">
         <system-out><![CDATA[2018-03-20 19:45:06 - [TEST_CASE][PASSED] - Test Cases/Prototyp_Filialsuche (RC 18)/14_Testfall: Test Cases/Prototyp_Filialsuche (RC 18)/14_Testfall

2018-03-20 19:45:07 - [TEST_STEP][PASSED] - openBrowser: Browser is opened with url: ''

2018-03-20 19:45:09 - [MESSAGE][PASSED] - Browser is opened with url: ''

2018-03-20 19:45:09 - [TEST_STEP][PASSED] - deleteAllCookies: Delete all cookies successfully

2018-03-20 19:45:09 - [MESSAGE][PASSED] - Delete all cookies successfully

2018-03-20 19:45:09 - [TEST_STEP][PASSED] - maximizeWindow: Current window maximized

2018-03-20 19:45:09 - [MESSAGE][PASSED] - Current window maximized

2018-03-20 19:45:09 - [TEST_STEP][PASSED] - navigateToUrl: Navigate to 'http://rc-ogrhtmlprototyp.testintern/18-1-0/filialsuche.html' successfully

2018-03-20 19:45:12 - [MESSAGE][PASSED] - Navigate to 'http://rc-ogrhtmlprototyp.testintern/18-1-0/filialsuche.html' successfully

2018-03-20 19:45:12 - [TEST_STEP][PASSED] - delay: Delayed 5 second(s)

2018-03-20 19:45:17 - [MESSAGE][PASSED] - Delayed 5 second(s)

2018-03-20 19:45:17 - [TEST_STEP][PASSED] - click: Object: 'Object Repository/002/Page_Filialsuche-rotenburg - BVR HT/svg_dropdown-icons' is clicked on

2018-03-20 19:45:17 - [MESSAGE][PASSED] - Object: 'Object Repository/002/Page_Filialsuche-rotenburg - BVR HT/svg_dropdown-icons' is clicked on

2018-03-20 19:45:17 - [TEST_STEP][PASSED] - delay: Delayed 2 second(s)

2018-03-20 19:45:19 - [MESSAGE][PASSED] - Delayed 2 second(s)

2018-03-20 19:45:19 - [TEST_STEP][PASSED] - mouseOver: Object: 'Object Repository/Belitz_option' is hovered

2018-03-20 19:45:19 - [MESSAGE][PASSED] - Object: 'Object Repository/Belitz_option' is hovered

2018-03-20 19:45:19 - [TEST_STEP][PASSED] - delay: Delayed 2 second(s)

2018-03-20 19:45:21 - [MESSAGE][PASSED] - Delayed 2 second(s)

2018-03-20 19:45:21 - [TEST_STEP][PASSED] - click: Object: 'Object Repository/Belitz_option' is clicked on

2018-03-20 19:45:21 - [MESSAGE][PASSED] - Object: 'Object Repository/Belitz_option' is clicked on

2018-03-20 19:45:21 - [TEST_STEP][PASSED] - delay: Delayed 5 second(s)

2018-03-20 19:45:26 - [MESSAGE][PASSED] - Delayed 5 second(s)

2018-03-20 19:45:26 - [TEST_STEP][PASSED] - Statement - wes1 = com.kms.katalon.core.webui.common.WebUiCommonHelper.findWebElements(com.kms.katalon.core.testobject.ObjectRepository.findTestObject(filial_map), 5): Found 37 web elements with id: 'Object Repository/filial_map' located by 'By.xpath: //div[@class='aps-map__custom-marker']' in '5' second(s)

2018-03-20 19:45:26 - [TEST_STEP][PASSED] - Statement - wes2 = com.kms.katalon.core.webui.common.WebUiCommonHelper.findWebElements(com.kms.katalon.core.testobject.ObjectRepository.findTestObject(loc_steet_filialsuche), 5): Found 37 web elements with id: 'Object Repository/loc_steet_filialsuche' located by 'By.xpath: //div[@class='loc-street']' in '5' second(s)

2018-03-20 19:45:26 - [TEST_STEP][PASSED] - Statement - wes3 = com.kms.katalon.core.webui.common.WebUiCommonHelper.findWebElements(com.kms.katalon.core.testobject.ObjectRepository.findTestObject(filialsuche_loc_city), 5): Finding web element with id: 'Object Repository/filialsuche_loc_city' located by 'By.xpath: /div[@class='loc-city']' in '5' second(s)

2018-03-20 19:45:32 - [TEST_STEP][PASSED] - Statement - filial_maps_count = wes1.size(): null

2018-03-20 19:45:32 - [TEST_STEP][PASSED] - Statement - filial_accordeon_count = wes2.size(): null

2018-03-20 19:45:32 - [TEST_STEP][PASSED] - Statement - filial_count = 37: null

2018-03-20 19:45:32 - [TEST_STEP][PASSED] - Statement - city_name = "Berlin": null

2018-03-20 19:45:32 - [TEST_STEP][PASSED] - Statement - If (filial_maps_count != filial_count): null

2018-03-20 19:45:32 - [TEST_STEP][PASSED] - Statement - For ([i = 0, i < wes3.size(), (i++)]): null

2018-03-20 19:45:32 - [TEST_STEP][PASSED] - closeBrowser: Browser is closed

2018-03-20 19:45:32 - [MESSAGE][PASSED] - Browser is closed]]></system-out>
         <system-err><![CDATA[]]></system-err>
      </testcase>
      <testcase name="Test Cases/Prototyp_Filialsuche (RC 18)/15_Testfall" classname="Test Cases/Prototyp_Filialsuche (RC 18)/15_Testfall" status="PASSED">
         <system-out><![CDATA[2018-03-20 19:45:32 - [TEST_CASE][PASSED] - Test Cases/Prototyp_Filialsuche (RC 18)/15_Testfall: Test Cases/Prototyp_Filialsuche (RC 18)/15_Testfall

2018-03-20 19:45:32 - [TEST_STEP][PASSED] - openBrowser: Browser is opened with url: ''

2018-03-20 19:45:34 - [MESSAGE][PASSED] - Browser is opened with url: ''

2018-03-20 19:45:34 - [TEST_STEP][PASSED] - maximizeWindow: Current window maximized

2018-03-20 19:45:34 - [MESSAGE][PASSED] - Current window maximized

2018-03-20 19:45:34 - [TEST_STEP][PASSED] - deleteAllCookies: Delete all cookies successfully

2018-03-20 19:45:34 - [MESSAGE][PASSED] - Delete all cookies successfully

2018-03-20 19:45:34 - [TEST_STEP][PASSED] - navigateToUrl: Navigate to 'http://rc-ogrhtmlprototyp.testintern/18-1-0/filialsuche-textinput.html' successfully

2018-03-20 19:45:36 - [MESSAGE][PASSED] - Navigate to 'http://rc-ogrhtmlprototyp.testintern/18-1-0/filialsuche-textinput.html' successfully

2018-03-20 19:45:36 - [TEST_STEP][PASSED] - delay: Delayed 5 second(s)

2018-03-20 19:45:41 - [MESSAGE][PASSED] - Delayed 5 second(s)

2018-03-20 19:45:41 - [TEST_STEP][PASSED] - setText: Text 'Berlin' is set on object 'Object Repository/Filialsuche_Inputtext'

2018-03-20 19:45:41 - [MESSAGE][PASSED] - Text 'Berlin' is set on object 'Object Repository/Filialsuche_Inputtext'

2018-03-20 19:45:41 - [TEST_STEP][PASSED] - delay: Delayed 2 second(s)

2018-03-20 19:45:43 - [MESSAGE][PASSED] - Delayed 2 second(s)

2018-03-20 19:45:43 - [TEST_STEP][PASSED] - submit: The form containing object: 'Object Repository/Filialsuche_submit_button' is submitted

2018-03-20 19:45:43 - [MESSAGE][PASSED] - The form containing object: 'Object Repository/Filialsuche_submit_button' is submitted

2018-03-20 19:45:43 - [TEST_STEP][PASSED] - delay: Delayed 2 second(s)

2018-03-20 19:45:45 - [MESSAGE][PASSED] - Delayed 2 second(s)

2018-03-20 19:45:45 - [TEST_STEP][PASSED] - Statement - wes = com.kms.katalon.core.webui.common.WebUiCommonHelper.findWebElements(com.kms.katalon.core.testobject.ObjectRepository.findTestObject(Filialsuche_loc_distance), 5): Found 25 web elements with id: 'Object Repository/Filialsuche_loc_distance' located by 'By.xpath: //span[@class='loc-distance']' in '5' second(s)

2018-03-20 19:45:45 - [TEST_STEP][PASSED] - Statement - For ([i = 1, i < wes.size(), (i++)]): null

2018-03-20 19:45:45 - [TEST_STEP][PASSED] - Statement - el1 = wes.get(i): null

2018-03-20 19:45:45 - [TEST_STEP][PASSED] - Statement - text1 = el1.getAttribute("innerHTML"): null

2018-03-20 19:45:45 - [TEST_STEP][PASSED] - Statement - tmp1 = text1.split(" "): null

2018-03-20 19:45:45 - [TEST_STEP][PASSED] - Statement - num1 = tmp1[0].replaceAll(",", "."): null

2018-03-20 19:45:45 - [TEST_STEP][PASSED] - Statement - km1 = java.lang.Float.parseFloat(num1): null

2018-03-20 19:45:45 - [TEST_STEP][PASSED] - Statement - el2 = wes.get(i - 1): null

2018-03-20 19:45:45 - [TEST_STEP][PASSED] - Statement - text2 = el2.getAttribute("innerHTML"): null

2018-03-20 19:45:45 - [TEST_STEP][PASSED] - Statement - tmp2 = text2.split(" "): null

2018-03-20 19:45:45 - [TEST_STEP][PASSED] - Statement - num2 = tmp2[0].replaceAll(",", "."): null

2018-03-20 19:45:45 - [TEST_STEP][PASSED] - Statement - km2 = java.lang.Float.parseFloat(num2): null

2018-03-20 19:45:45 - [TEST_STEP][PASSED] - Statement - If (km2 > km1): null

2018-03-20 19:45:45 - [TEST_STEP][PASSED] - Statement - el1 = wes.get(i): null

2018-03-20 19:45:45 - [TEST_STEP][PASSED] - Statement - text1 = el1.getAttribute("innerHTML"): null

2018-03-20 19:45:45 - [TEST_STEP][PASSED] - Statement - tmp1 = text1.split(" "): null

2018-03-20 19:45:45 - [TEST_STEP][PASSED] - Statement - num1 = tmp1[0].replaceAll(",", "."): null

2018-03-20 19:45:45 - [TEST_STEP][PASSED] - Statement - km1 = java.lang.Float.parseFloat(num1): null

2018-03-20 19:45:45 - [TEST_STEP][PASSED] - Statement - el2 = wes.get(i - 1): null

2018-03-20 19:45:45 - [TEST_STEP][PASSED] - Statement - text2 = el2.getAttribute("innerHTML"): null

2018-03-20 19:45:45 - [TEST_STEP][PASSED] - Statement - tmp2 = text2.split(" "): null

2018-03-20 19:45:45 - [TEST_STEP][PASSED] - Statement - num2 = tmp2[0].replaceAll(",", "."): null

2018-03-20 19:45:45 - [TEST_STEP][PASSED] - Statement - km2 = java.lang.Float.parseFloat(num2): null

2018-03-20 19:45:45 - [TEST_STEP][PASSED] - Statement - If (km2 > km1): null

2018-03-20 19:45:45 - [TEST_STEP][PASSED] - Statement - el1 = wes.get(i): null

2018-03-20 19:45:45 - [TEST_STEP][PASSED] - Statement - text1 = el1.getAttribute("innerHTML"): null

2018-03-20 19:45:45 - [TEST_STEP][PASSED] - Statement - tmp1 = text1.split(" "): null

2018-03-20 19:45:45 - [TEST_STEP][PASSED] - Statement - num1 = tmp1[0].replaceAll(",", "."): null

2018-03-20 19:45:45 - [TEST_STEP][PASSED] - Statement - km1 = java.lang.Float.parseFloat(num1): null

2018-03-20 19:45:45 - [TEST_STEP][PASSED] - Statement - el2 = wes.get(i - 1): null

2018-03-20 19:45:45 - [TEST_STEP][PASSED] - Statement - text2 = el2.getAttribute("innerHTML"): null

2018-03-20 19:45:46 - [TEST_STEP][PASSED] - Statement - tmp2 = text2.split(" "): null

2018-03-20 19:45:46 - [TEST_STEP][PASSED] - Statement - num2 = tmp2[0].replaceAll(",", "."): null

2018-03-20 19:45:46 - [TEST_STEP][PASSED] - Statement - km2 = java.lang.Float.parseFloat(num2): null

2018-03-20 19:45:46 - [TEST_STEP][PASSED] - Statement - If (km2 > km1): null

2018-03-20 19:45:46 - [TEST_STEP][PASSED] - Statement - el1 = wes.get(i): null

2018-03-20 19:45:46 - [TEST_STEP][PASSED] - Statement - text1 = el1.getAttribute("innerHTML"): null

2018-03-20 19:45:46 - [TEST_STEP][PASSED] - Statement - tmp1 = text1.split(" "): null

2018-03-20 19:45:46 - [TEST_STEP][PASSED] - Statement - num1 = tmp1[0].replaceAll(",", "."): null

2018-03-20 19:45:46 - [TEST_STEP][PASSED] - Statement - km1 = java.lang.Float.parseFloat(num1): null

2018-03-20 19:45:46 - [TEST_STEP][PASSED] - Statement - el2 = wes.get(i - 1): null

2018-03-20 19:45:46 - [TEST_STEP][PASSED] - Statement - text2 = el2.getAttribute("innerHTML"): null

2018-03-20 19:45:46 - [TEST_STEP][PASSED] - Statement - tmp2 = text2.split(" "): null

2018-03-20 19:45:46 - [TEST_STEP][PASSED] - Statement - num2 = tmp2[0].replaceAll(",", "."): null

2018-03-20 19:45:46 - [TEST_STEP][PASSED] - Statement - km2 = java.lang.Float.parseFloat(num2): null

2018-03-20 19:45:46 - [TEST_STEP][PASSED] - Statement - If (km2 > km1): null

2018-03-20 19:45:46 - [TEST_STEP][PASSED] - Statement - el1 = wes.get(i): null

2018-03-20 19:45:46 - [TEST_STEP][PASSED] - Statement - text1 = el1.getAttribute("innerHTML"): null

2018-03-20 19:45:46 - [TEST_STEP][PASSED] - Statement - tmp1 = text1.split(" "): null

2018-03-20 19:45:46 - [TEST_STEP][PASSED] - Statement - num1 = tmp1[0].replaceAll(",", "."): null

2018-03-20 19:45:46 - [TEST_STEP][PASSED] - Statement - km1 = java.lang.Float.parseFloat(num1): null

2018-03-20 19:45:46 - [TEST_STEP][PASSED] - Statement - el2 = wes.get(i - 1): null

2018-03-20 19:45:46 - [TEST_STEP][PASSED] - Statement - text2 = el2.getAttribute("innerHTML"): null

2018-03-20 19:45:46 - [TEST_STEP][PASSED] - Statement - tmp2 = text2.split(" "): null

2018-03-20 19:45:46 - [TEST_STEP][PASSED] - Statement - num2 = tmp2[0].replaceAll(",", "."): null

2018-03-20 19:45:46 - [TEST_STEP][PASSED] - Statement - km2 = java.lang.Float.parseFloat(num2): null

2018-03-20 19:45:46 - [TEST_STEP][PASSED] - Statement - If (km2 > km1): null

2018-03-20 19:45:46 - [TEST_STEP][PASSED] - Statement - el1 = wes.get(i): null

2018-03-20 19:45:46 - [TEST_STEP][PASSED] - Statement - text1 = el1.getAttribute("innerHTML"): null

2018-03-20 19:45:46 - [TEST_STEP][PASSED] - Statement - tmp1 = text1.split(" "): null

2018-03-20 19:45:46 - [TEST_STEP][PASSED] - Statement - num1 = tmp1[0].replaceAll(",", "."): null

2018-03-20 19:45:46 - [TEST_STEP][PASSED] - Statement - km1 = java.lang.Float.parseFloat(num1): null

2018-03-20 19:45:46 - [TEST_STEP][PASSED] - Statement - el2 = wes.get(i - 1): null

2018-03-20 19:45:46 - [TEST_STEP][PASSED] - Statement - text2 = el2.getAttribute("innerHTML"): null

2018-03-20 19:45:46 - [TEST_STEP][PASSED] - Statement - tmp2 = text2.split(" "): null

2018-03-20 19:45:46 - [TEST_STEP][PASSED] - Statement - num2 = tmp2[0].replaceAll(",", "."): null

2018-03-20 19:45:46 - [TEST_STEP][PASSED] - Statement - km2 = java.lang.Float.parseFloat(num2): null

2018-03-20 19:45:46 - [TEST_STEP][PASSED] - Statement - If (km2 > km1): null

2018-03-20 19:45:46 - [TEST_STEP][PASSED] - Statement - el1 = wes.get(i): null

2018-03-20 19:45:46 - [TEST_STEP][PASSED] - Statement - text1 = el1.getAttribute("innerHTML"): null

2018-03-20 19:45:46 - [TEST_STEP][PASSED] - Statement - tmp1 = text1.split(" "): null

2018-03-20 19:45:46 - [TEST_STEP][PASSED] - Statement - num1 = tmp1[0].replaceAll(",", "."): null

2018-03-20 19:45:46 - [TEST_STEP][PASSED] - Statement - km1 = java.lang.Float.parseFloat(num1): null

2018-03-20 19:45:46 - [TEST_STEP][PASSED] - Statement - el2 = wes.get(i - 1): null

2018-03-20 19:45:46 - [TEST_STEP][PASSED] - Statement - text2 = el2.getAttribute("innerHTML"): null

2018-03-20 19:45:46 - [TEST_STEP][PASSED] - Statement - tmp2 = text2.split(" "): null

2018-03-20 19:45:46 - [TEST_STEP][PASSED] - Statement - num2 = tmp2[0].replaceAll(",", "."): null

2018-03-20 19:45:46 - [TEST_STEP][PASSED] - Statement - km2 = java.lang.Float.parseFloat(num2): null

2018-03-20 19:45:46 - [TEST_STEP][PASSED] - Statement - If (km2 > km1): null

2018-03-20 19:45:46 - [TEST_STEP][PASSED] - Statement - el1 = wes.get(i): null

2018-03-20 19:45:46 - [TEST_STEP][PASSED] - Statement - text1 = el1.getAttribute("innerHTML"): null

2018-03-20 19:45:46 - [TEST_STEP][PASSED] - Statement - tmp1 = text1.split(" "): null

2018-03-20 19:45:46 - [TEST_STEP][PASSED] - Statement - num1 = tmp1[0].replaceAll(",", "."): null

2018-03-20 19:45:46 - [TEST_STEP][PASSED] - Statement - km1 = java.lang.Float.parseFloat(num1): null

2018-03-20 19:45:46 - [TEST_STEP][PASSED] - Statement - el2 = wes.get(i - 1): null

2018-03-20 19:45:46 - [TEST_STEP][PASSED] - Statement - text2 = el2.getAttribute("innerHTML"): null

2018-03-20 19:45:46 - [TEST_STEP][PASSED] - Statement - tmp2 = text2.split(" "): null

2018-03-20 19:45:46 - [TEST_STEP][PASSED] - Statement - num2 = tmp2[0].replaceAll(",", "."): null

2018-03-20 19:45:46 - [TEST_STEP][PASSED] - Statement - km2 = java.lang.Float.parseFloat(num2): null

2018-03-20 19:45:46 - [TEST_STEP][PASSED] - Statement - If (km2 > km1): null

2018-03-20 19:45:46 - [TEST_STEP][PASSED] - Statement - el1 = wes.get(i): null

2018-03-20 19:45:46 - [TEST_STEP][PASSED] - Statement - text1 = el1.getAttribute("innerHTML"): null

2018-03-20 19:45:46 - [TEST_STEP][PASSED] - Statement - tmp1 = text1.split(" "): null

2018-03-20 19:45:46 - [TEST_STEP][PASSED] - Statement - num1 = tmp1[0].replaceAll(",", "."): null

2018-03-20 19:45:46 - [TEST_STEP][PASSED] - Statement - km1 = java.lang.Float.parseFloat(num1): null

2018-03-20 19:45:46 - [TEST_STEP][PASSED] - Statement - el2 = wes.get(i - 1): null

2018-03-20 19:45:46 - [TEST_STEP][PASSED] - Statement - text2 = el2.getAttribute("innerHTML"): null

2018-03-20 19:45:46 - [TEST_STEP][PASSED] - Statement - tmp2 = text2.split(" "): null

2018-03-20 19:45:46 - [TEST_STEP][PASSED] - Statement - num2 = tmp2[0].replaceAll(",", "."): null

2018-03-20 19:45:46 - [TEST_STEP][PASSED] - Statement - km2 = java.lang.Float.parseFloat(num2): null

2018-03-20 19:45:46 - [TEST_STEP][PASSED] - Statement - If (km2 > km1): null

2018-03-20 19:45:46 - [TEST_STEP][PASSED] - Statement - el1 = wes.get(i): null

2018-03-20 19:45:46 - [TEST_STEP][PASSED] - Statement - text1 = el1.getAttribute("innerHTML"): null

2018-03-20 19:45:46 - [TEST_STEP][PASSED] - Statement - tmp1 = text1.split(" "): null

2018-03-20 19:45:46 - [TEST_STEP][PASSED] - Statement - num1 = tmp1[0].replaceAll(",", "."): null

2018-03-20 19:45:46 - [TEST_STEP][PASSED] - Statement - km1 = java.lang.Float.parseFloat(num1): null

2018-03-20 19:45:46 - [TEST_STEP][PASSED] - Statement - el2 = wes.get(i - 1): null

2018-03-20 19:45:46 - [TEST_STEP][PASSED] - Statement - text2 = el2.getAttribute("innerHTML"): null

2018-03-20 19:45:46 - [TEST_STEP][PASSED] - Statement - tmp2 = text2.split(" "): null

2018-03-20 19:45:46 - [TEST_STEP][PASSED] - Statement - num2 = tmp2[0].replaceAll(",", "."): null

2018-03-20 19:45:46 - [TEST_STEP][PASSED] - Statement - km2 = java.lang.Float.parseFloat(num2): null

2018-03-20 19:45:46 - [TEST_STEP][PASSED] - Statement - If (km2 > km1): null

2018-03-20 19:45:46 - [TEST_STEP][PASSED] - Statement - el1 = wes.get(i): null

2018-03-20 19:45:46 - [TEST_STEP][PASSED] - Statement - text1 = el1.getAttribute("innerHTML"): null

2018-03-20 19:45:46 - [TEST_STEP][PASSED] - Statement - tmp1 = text1.split(" "): null

2018-03-20 19:45:46 - [TEST_STEP][PASSED] - Statement - num1 = tmp1[0].replaceAll(",", "."): null

2018-03-20 19:45:46 - [TEST_STEP][PASSED] - Statement - km1 = java.lang.Float.parseFloat(num1): null

2018-03-20 19:45:46 - [TEST_STEP][PASSED] - Statement - el2 = wes.get(i - 1): null

2018-03-20 19:45:46 - [TEST_STEP][PASSED] - Statement - text2 = el2.getAttribute("innerHTML"): null

2018-03-20 19:45:46 - [TEST_STEP][PASSED] - Statement - tmp2 = text2.split(" "): null

2018-03-20 19:45:46 - [TEST_STEP][PASSED] - Statement - num2 = tmp2[0].replaceAll(",", "."): null

2018-03-20 19:45:46 - [TEST_STEP][PASSED] - Statement - km2 = java.lang.Float.parseFloat(num2): null

2018-03-20 19:45:46 - [TEST_STEP][PASSED] - Statement - If (km2 > km1): null

2018-03-20 19:45:46 - [TEST_STEP][PASSED] - Statement - el1 = wes.get(i): null

2018-03-20 19:45:46 - [TEST_STEP][PASSED] - Statement - text1 = el1.getAttribute("innerHTML"): null

2018-03-20 19:45:46 - [TEST_STEP][PASSED] - Statement - tmp1 = text1.split(" "): null

2018-03-20 19:45:46 - [TEST_STEP][PASSED] - Statement - num1 = tmp1[0].replaceAll(",", "."): null

2018-03-20 19:45:46 - [TEST_STEP][PASSED] - Statement - km1 = java.lang.Float.parseFloat(num1): null

2018-03-20 19:45:46 - [TEST_STEP][PASSED] - Statement - el2 = wes.get(i - 1): null

2018-03-20 19:45:46 - [TEST_STEP][PASSED] - Statement - text2 = el2.getAttribute("innerHTML"): null

2018-03-20 19:45:46 - [TEST_STEP][PASSED] - Statement - tmp2 = text2.split(" "): null

2018-03-20 19:45:46 - [TEST_STEP][PASSED] - Statement - num2 = tmp2[0].replaceAll(",", "."): null

2018-03-20 19:45:46 - [TEST_STEP][PASSED] - Statement - km2 = java.lang.Float.parseFloat(num2): null

2018-03-20 19:45:46 - [TEST_STEP][PASSED] - Statement - If (km2 > km1): null

2018-03-20 19:45:46 - [TEST_STEP][PASSED] - Statement - el1 = wes.get(i): null

2018-03-20 19:45:46 - [TEST_STEP][PASSED] - Statement - text1 = el1.getAttribute("innerHTML"): null

2018-03-20 19:45:46 - [TEST_STEP][PASSED] - Statement - tmp1 = text1.split(" "): null

2018-03-20 19:45:46 - [TEST_STEP][PASSED] - Statement - num1 = tmp1[0].replaceAll(",", "."): null

2018-03-20 19:45:46 - [TEST_STEP][PASSED] - Statement - km1 = java.lang.Float.parseFloat(num1): null

2018-03-20 19:45:46 - [TEST_STEP][PASSED] - Statement - el2 = wes.get(i - 1): null

2018-03-20 19:45:46 - [TEST_STEP][PASSED] - Statement - text2 = el2.getAttribute("innerHTML"): null

2018-03-20 19:45:46 - [TEST_STEP][PASSED] - Statement - tmp2 = text2.split(" "): null

2018-03-20 19:45:46 - [TEST_STEP][PASSED] - Statement - num2 = tmp2[0].replaceAll(",", "."): null

2018-03-20 19:45:46 - [TEST_STEP][PASSED] - Statement - km2 = java.lang.Float.parseFloat(num2): null

2018-03-20 19:45:46 - [TEST_STEP][PASSED] - Statement - If (km2 > km1): null

2018-03-20 19:45:46 - [TEST_STEP][PASSED] - Statement - el1 = wes.get(i): null

2018-03-20 19:45:46 - [TEST_STEP][PASSED] - Statement - text1 = el1.getAttribute("innerHTML"): null

2018-03-20 19:45:46 - [TEST_STEP][PASSED] - Statement - tmp1 = text1.split(" "): null

2018-03-20 19:45:46 - [TEST_STEP][PASSED] - Statement - num1 = tmp1[0].replaceAll(",", "."): null

2018-03-20 19:45:46 - [TEST_STEP][PASSED] - Statement - km1 = java.lang.Float.parseFloat(num1): null

2018-03-20 19:45:46 - [TEST_STEP][PASSED] - Statement - el2 = wes.get(i - 1): null

2018-03-20 19:45:46 - [TEST_STEP][PASSED] - Statement - text2 = el2.getAttribute("innerHTML"): null

2018-03-20 19:45:46 - [TEST_STEP][PASSED] - Statement - tmp2 = text2.split(" "): null

2018-03-20 19:45:46 - [TEST_STEP][PASSED] - Statement - num2 = tmp2[0].replaceAll(",", "."): null

2018-03-20 19:45:46 - [TEST_STEP][PASSED] - Statement - km2 = java.lang.Float.parseFloat(num2): null

2018-03-20 19:45:46 - [TEST_STEP][PASSED] - Statement - If (km2 > km1): null

2018-03-20 19:45:46 - [TEST_STEP][PASSED] - Statement - el1 = wes.get(i): null

2018-03-20 19:45:46 - [TEST_STEP][PASSED] - Statement - text1 = el1.getAttribute("innerHTML"): null

2018-03-20 19:45:46 - [TEST_STEP][PASSED] - Statement - tmp1 = text1.split(" "): null

2018-03-20 19:45:46 - [TEST_STEP][PASSED] - Statement - num1 = tmp1[0].replaceAll(",", "."): null

2018-03-20 19:45:46 - [TEST_STEP][PASSED] - Statement - km1 = java.lang.Float.parseFloat(num1): null

2018-03-20 19:45:46 - [TEST_STEP][PASSED] - Statement - el2 = wes.get(i - 1): null

2018-03-20 19:45:46 - [TEST_STEP][PASSED] - Statement - text2 = el2.getAttribute("innerHTML"): null

2018-03-20 19:45:46 - [TEST_STEP][PASSED] - Statement - tmp2 = text2.split(" "): null

2018-03-20 19:45:46 - [TEST_STEP][PASSED] - Statement - num2 = tmp2[0].replaceAll(",", "."): null

2018-03-20 19:45:46 - [TEST_STEP][PASSED] - Statement - km2 = java.lang.Float.parseFloat(num2): null

2018-03-20 19:45:46 - [TEST_STEP][PASSED] - Statement - If (km2 > km1): null

2018-03-20 19:45:46 - [TEST_STEP][PASSED] - Statement - el1 = wes.get(i): null

2018-03-20 19:45:46 - [TEST_STEP][PASSED] - Statement - text1 = el1.getAttribute("innerHTML"): null

2018-03-20 19:45:46 - [TEST_STEP][PASSED] - Statement - tmp1 = text1.split(" "): null

2018-03-20 19:45:46 - [TEST_STEP][PASSED] - Statement - num1 = tmp1[0].replaceAll(",", "."): null

2018-03-20 19:45:46 - [TEST_STEP][PASSED] - Statement - km1 = java.lang.Float.parseFloat(num1): null

2018-03-20 19:45:46 - [TEST_STEP][PASSED] - Statement - el2 = wes.get(i - 1): null

2018-03-20 19:45:46 - [TEST_STEP][PASSED] - Statement - text2 = el2.getAttribute("innerHTML"): null

2018-03-20 19:45:46 - [TEST_STEP][PASSED] - Statement - tmp2 = text2.split(" "): null

2018-03-20 19:45:46 - [TEST_STEP][PASSED] - Statement - num2 = tmp2[0].replaceAll(",", "."): null

2018-03-20 19:45:46 - [TEST_STEP][PASSED] - Statement - km2 = java.lang.Float.parseFloat(num2): null

2018-03-20 19:45:46 - [TEST_STEP][PASSED] - Statement - If (km2 > km1): null

2018-03-20 19:45:46 - [TEST_STEP][PASSED] - Statement - el1 = wes.get(i): null

2018-03-20 19:45:46 - [TEST_STEP][PASSED] - Statement - text1 = el1.getAttribute("innerHTML"): null

2018-03-20 19:45:46 - [TEST_STEP][PASSED] - Statement - tmp1 = text1.split(" "): null

2018-03-20 19:45:46 - [TEST_STEP][PASSED] - Statement - num1 = tmp1[0].replaceAll(",", "."): null

2018-03-20 19:45:46 - [TEST_STEP][PASSED] - Statement - km1 = java.lang.Float.parseFloat(num1): null

2018-03-20 19:45:46 - [TEST_STEP][PASSED] - Statement - el2 = wes.get(i - 1): null

2018-03-20 19:45:46 - [TEST_STEP][PASSED] - Statement - text2 = el2.getAttribute("innerHTML"): null

2018-03-20 19:45:46 - [TEST_STEP][PASSED] - Statement - tmp2 = text2.split(" "): null

2018-03-20 19:45:46 - [TEST_STEP][PASSED] - Statement - num2 = tmp2[0].replaceAll(",", "."): null

2018-03-20 19:45:46 - [TEST_STEP][PASSED] - Statement - km2 = java.lang.Float.parseFloat(num2): null

2018-03-20 19:45:46 - [TEST_STEP][PASSED] - Statement - If (km2 > km1): null

2018-03-20 19:45:46 - [TEST_STEP][PASSED] - Statement - el1 = wes.get(i): null

2018-03-20 19:45:46 - [TEST_STEP][PASSED] - Statement - text1 = el1.getAttribute("innerHTML"): null

2018-03-20 19:45:46 - [TEST_STEP][PASSED] - Statement - tmp1 = text1.split(" "): null

2018-03-20 19:45:46 - [TEST_STEP][PASSED] - Statement - num1 = tmp1[0].replaceAll(",", "."): null

2018-03-20 19:45:46 - [TEST_STEP][PASSED] - Statement - km1 = java.lang.Float.parseFloat(num1): null

2018-03-20 19:45:46 - [TEST_STEP][PASSED] - Statement - el2 = wes.get(i - 1): null

2018-03-20 19:45:46 - [TEST_STEP][PASSED] - Statement - text2 = el2.getAttribute("innerHTML"): null

2018-03-20 19:45:46 - [TEST_STEP][PASSED] - Statement - tmp2 = text2.split(" "): null

2018-03-20 19:45:46 - [TEST_STEP][PASSED] - Statement - num2 = tmp2[0].replaceAll(",", "."): null

2018-03-20 19:45:46 - [TEST_STEP][PASSED] - Statement - km2 = java.lang.Float.parseFloat(num2): null

2018-03-20 19:45:46 - [TEST_STEP][PASSED] - Statement - If (km2 > km1): null

2018-03-20 19:45:46 - [TEST_STEP][PASSED] - Statement - el1 = wes.get(i): null

2018-03-20 19:45:46 - [TEST_STEP][PASSED] - Statement - text1 = el1.getAttribute("innerHTML"): null

2018-03-20 19:45:46 - [TEST_STEP][PASSED] - Statement - tmp1 = text1.split(" "): null

2018-03-20 19:45:46 - [TEST_STEP][PASSED] - Statement - num1 = tmp1[0].replaceAll(",", "."): null

2018-03-20 19:45:46 - [TEST_STEP][PASSED] - Statement - km1 = java.lang.Float.parseFloat(num1): null

2018-03-20 19:45:46 - [TEST_STEP][PASSED] - Statement - el2 = wes.get(i - 1): null

2018-03-20 19:45:46 - [TEST_STEP][PASSED] - Statement - text2 = el2.getAttribute("innerHTML"): null

2018-03-20 19:45:46 - [TEST_STEP][PASSED] - Statement - tmp2 = text2.split(" "): null

2018-03-20 19:45:46 - [TEST_STEP][PASSED] - Statement - num2 = tmp2[0].replaceAll(",", "."): null

2018-03-20 19:45:46 - [TEST_STEP][PASSED] - Statement - km2 = java.lang.Float.parseFloat(num2): null

2018-03-20 19:45:46 - [TEST_STEP][PASSED] - Statement - If (km2 > km1): null

2018-03-20 19:45:46 - [TEST_STEP][PASSED] - Statement - el1 = wes.get(i): null

2018-03-20 19:45:46 - [TEST_STEP][PASSED] - Statement - text1 = el1.getAttribute("innerHTML"): null

2018-03-20 19:45:46 - [TEST_STEP][PASSED] - Statement - tmp1 = text1.split(" "): null

2018-03-20 19:45:46 - [TEST_STEP][PASSED] - Statement - num1 = tmp1[0].replaceAll(",", "."): null

2018-03-20 19:45:46 - [TEST_STEP][PASSED] - Statement - km1 = java.lang.Float.parseFloat(num1): null

2018-03-20 19:45:46 - [TEST_STEP][PASSED] - Statement - el2 = wes.get(i - 1): null

2018-03-20 19:45:46 - [TEST_STEP][PASSED] - Statement - text2 = el2.getAttribute("innerHTML"): null

2018-03-20 19:45:46 - [TEST_STEP][PASSED] - Statement - tmp2 = text2.split(" "): null

2018-03-20 19:45:46 - [TEST_STEP][PASSED] - Statement - num2 = tmp2[0].replaceAll(",", "."): null

2018-03-20 19:45:46 - [TEST_STEP][PASSED] - Statement - km2 = java.lang.Float.parseFloat(num2): null

2018-03-20 19:45:46 - [TEST_STEP][PASSED] - Statement - If (km2 > km1): null

2018-03-20 19:45:46 - [TEST_STEP][PASSED] - Statement - el1 = wes.get(i): null

2018-03-20 19:45:46 - [TEST_STEP][PASSED] - Statement - text1 = el1.getAttribute("innerHTML"): null

2018-03-20 19:45:46 - [TEST_STEP][PASSED] - Statement - tmp1 = text1.split(" "): null

2018-03-20 19:45:46 - [TEST_STEP][PASSED] - Statement - num1 = tmp1[0].replaceAll(",", "."): null

2018-03-20 19:45:46 - [TEST_STEP][PASSED] - Statement - km1 = java.lang.Float.parseFloat(num1): null

2018-03-20 19:45:46 - [TEST_STEP][PASSED] - Statement - el2 = wes.get(i - 1): null

2018-03-20 19:45:46 - [TEST_STEP][PASSED] - Statement - text2 = el2.getAttribute("innerHTML"): null

2018-03-20 19:45:46 - [TEST_STEP][PASSED] - Statement - tmp2 = text2.split(" "): null

2018-03-20 19:45:46 - [TEST_STEP][PASSED] - Statement - num2 = tmp2[0].replaceAll(",", "."): null

2018-03-20 19:45:46 - [TEST_STEP][PASSED] - Statement - km2 = java.lang.Float.parseFloat(num2): null

2018-03-20 19:45:46 - [TEST_STEP][PASSED] - Statement - If (km2 > km1): null

2018-03-20 19:45:46 - [TEST_STEP][PASSED] - Statement - el1 = wes.get(i): null

2018-03-20 19:45:46 - [TEST_STEP][PASSED] - Statement - text1 = el1.getAttribute("innerHTML"): null

2018-03-20 19:45:46 - [TEST_STEP][PASSED] - Statement - tmp1 = text1.split(" "): null

2018-03-20 19:45:46 - [TEST_STEP][PASSED] - Statement - num1 = tmp1[0].replaceAll(",", "."): null

2018-03-20 19:45:46 - [TEST_STEP][PASSED] - Statement - km1 = java.lang.Float.parseFloat(num1): null

2018-03-20 19:45:46 - [TEST_STEP][PASSED] - Statement - el2 = wes.get(i - 1): null

2018-03-20 19:45:46 - [TEST_STEP][PASSED] - Statement - text2 = el2.getAttribute("innerHTML"): null

2018-03-20 19:45:46 - [TEST_STEP][PASSED] - Statement - tmp2 = text2.split(" "): null

2018-03-20 19:45:46 - [TEST_STEP][PASSED] - Statement - num2 = tmp2[0].replaceAll(",", "."): null

2018-03-20 19:45:46 - [TEST_STEP][PASSED] - Statement - km2 = java.lang.Float.parseFloat(num2): null

2018-03-20 19:45:46 - [TEST_STEP][PASSED] - Statement - If (km2 > km1): null

2018-03-20 19:45:46 - [TEST_STEP][PASSED] - Statement - el1 = wes.get(i): null

2018-03-20 19:45:46 - [TEST_STEP][PASSED] - Statement - text1 = el1.getAttribute("innerHTML"): null

2018-03-20 19:45:46 - [TEST_STEP][PASSED] - Statement - tmp1 = text1.split(" "): null

2018-03-20 19:45:46 - [TEST_STEP][PASSED] - Statement - num1 = tmp1[0].replaceAll(",", "."): null

2018-03-20 19:45:46 - [TEST_STEP][PASSED] - Statement - km1 = java.lang.Float.parseFloat(num1): null

2018-03-20 19:45:46 - [TEST_STEP][PASSED] - Statement - el2 = wes.get(i - 1): null

2018-03-20 19:45:46 - [TEST_STEP][PASSED] - Statement - text2 = el2.getAttribute("innerHTML"): null

2018-03-20 19:45:46 - [TEST_STEP][PASSED] - Statement - tmp2 = text2.split(" "): null

2018-03-20 19:45:46 - [TEST_STEP][PASSED] - Statement - num2 = tmp2[0].replaceAll(",", "."): null

2018-03-20 19:45:46 - [TEST_STEP][PASSED] - Statement - km2 = java.lang.Float.parseFloat(num2): null

2018-03-20 19:45:46 - [TEST_STEP][PASSED] - Statement - If (km2 > km1): null

2018-03-20 19:45:46 - [TEST_STEP][PASSED] - Statement - el1 = wes.get(i): null

2018-03-20 19:45:46 - [TEST_STEP][PASSED] - Statement - text1 = el1.getAttribute("innerHTML"): null

2018-03-20 19:45:46 - [TEST_STEP][PASSED] - Statement - tmp1 = text1.split(" "): null

2018-03-20 19:45:46 - [TEST_STEP][PASSED] - Statement - num1 = tmp1[0].replaceAll(",", "."): null

2018-03-20 19:45:46 - [TEST_STEP][PASSED] - Statement - km1 = java.lang.Float.parseFloat(num1): null

2018-03-20 19:45:46 - [TEST_STEP][PASSED] - Statement - el2 = wes.get(i - 1): null

2018-03-20 19:45:46 - [TEST_STEP][PASSED] - Statement - text2 = el2.getAttribute("innerHTML"): null

2018-03-20 19:45:46 - [TEST_STEP][PASSED] - Statement - tmp2 = text2.split(" "): null

2018-03-20 19:45:46 - [TEST_STEP][PASSED] - Statement - num2 = tmp2[0].replaceAll(",", "."): null

2018-03-20 19:45:46 - [TEST_STEP][PASSED] - Statement - km2 = java.lang.Float.parseFloat(num2): null

2018-03-20 19:45:46 - [TEST_STEP][PASSED] - Statement - If (km2 > km1): null

2018-03-20 19:45:46 - [TEST_STEP][PASSED] - closeBrowser: Browser is closed

2018-03-20 19:45:46 - [MESSAGE][PASSED] - Browser is closed]]></system-out>
         <system-err><![CDATA[]]></system-err>
      </testcase>
      <testcase name="Test Cases/Prototyp_Filialsuche (RC 18)/16_Testfall" classname="Test Cases/Prototyp_Filialsuche (RC 18)/16_Testfall" status="PASSED">
         <system-out><![CDATA[2018-03-20 19:45:46 - [TEST_CASE][PASSED] - Test Cases/Prototyp_Filialsuche (RC 18)/16_Testfall: Test Cases/Prototyp_Filialsuche (RC 18)/16_Testfall

2018-03-20 19:45:46 - [TEST_STEP][PASSED] - openBrowser: Browser is opened with url: ''

2018-03-20 19:45:48 - [MESSAGE][PASSED] - Browser is opened with url: ''

2018-03-20 19:45:48 - [TEST_STEP][PASSED] - maximizeWindow: Current window maximized

2018-03-20 19:45:48 - [MESSAGE][PASSED] - Current window maximized

2018-03-20 19:45:48 - [TEST_STEP][PASSED] - deleteAllCookies: Delete all cookies successfully

2018-03-20 19:45:48 - [MESSAGE][PASSED] - Delete all cookies successfully

2018-03-20 19:45:48 - [TEST_STEP][PASSED] - navigateToUrl: Navigate to 'http://rc-ogrhtmlprototyp.testintern/18-1-0/filialsuche-textinput.html' successfully

2018-03-20 19:45:53 - [MESSAGE][PASSED] - Navigate to 'http://rc-ogrhtmlprototyp.testintern/18-1-0/filialsuche-textinput.html' successfully

2018-03-20 19:45:53 - [TEST_STEP][PASSED] - delay: Delayed 5 second(s)

2018-03-20 19:45:58 - [MESSAGE][PASSED] - Delayed 5 second(s)

2018-03-20 19:45:58 - [TEST_STEP][PASSED] - setText: Text 'Berlin' is set on object 'Object Repository/Filialsuche_Inputtext'

2018-03-20 19:45:59 - [MESSAGE][PASSED] - Text 'Berlin' is set on object 'Object Repository/Filialsuche_Inputtext'

2018-03-20 19:45:59 - [TEST_STEP][PASSED] - delay: Delayed 3 second(s)

2018-03-20 19:46:02 - [MESSAGE][PASSED] - Delayed 3 second(s)

2018-03-20 19:46:02 - [TEST_STEP][PASSED] - submit: The form containing object: 'Object Repository/Filialsuche_submit_button' is submitted

2018-03-20 19:46:02 - [MESSAGE][PASSED] - The form containing object: 'Object Repository/Filialsuche_submit_button' is submitted

2018-03-20 19:46:02 - [TEST_STEP][PASSED] - delay: Delayed 5 second(s)

2018-03-20 19:46:07 - [MESSAGE][PASSED] - Delayed 5 second(s)

2018-03-20 19:46:07 - [TEST_STEP][PASSED] - verifyElementVisible: Object 'Object Repository/Entfernung_filialsuche' is visible

2018-03-20 19:46:07 - [MESSAGE][PASSED] - Object 'Object Repository/Entfernung_filialsuche' is visible

2018-03-20 19:46:07 - [TEST_STEP][PASSED] - closeBrowser: Browser is closed

2018-03-20 19:46:07 - [MESSAGE][PASSED] - Browser is closed]]></system-out>
         <system-err><![CDATA[]]></system-err>
      </testcase>
      <testcase name="Test Cases/Prototyp_Filialsuche (RC 18)/17_Testfall" classname="Test Cases/Prototyp_Filialsuche (RC 18)/17_Testfall" status="PASSED">
         <system-out><![CDATA[2018-03-20 19:46:07 - [TEST_CASE][PASSED] - Test Cases/Prototyp_Filialsuche (RC 18)/17_Testfall: Test Cases/Prototyp_Filialsuche (RC 18)/17_Testfall

2018-03-20 19:46:07 - [TEST_STEP][PASSED] - openBrowser: Browser is opened with url: ''

2018-03-20 19:46:08 - [MESSAGE][PASSED] - Browser is opened with url: ''

2018-03-20 19:46:08 - [TEST_STEP][PASSED] - deleteAllCookies: Delete all cookies successfully

2018-03-20 19:46:08 - [MESSAGE][PASSED] - Delete all cookies successfully

2018-03-20 19:46:08 - [TEST_STEP][PASSED] - maximizeWindow: Current window maximized

2018-03-20 19:46:08 - [MESSAGE][PASSED] - Current window maximized

2018-03-20 19:46:08 - [TEST_STEP][PASSED] - navigateToUrl: Navigate to 'http://rc-ogrhtmlprototyp.testintern/18-1-0/filialsuche.html' successfully

2018-03-20 19:46:13 - [MESSAGE][PASSED] - Navigate to 'http://rc-ogrhtmlprototyp.testintern/18-1-0/filialsuche.html' successfully

2018-03-20 19:46:13 - [TEST_STEP][PASSED] - delay: Delayed 2 second(s)

2018-03-20 19:46:15 - [MESSAGE][PASSED] - Delayed 2 second(s)

2018-03-20 19:46:15 - [TEST_STEP][PASSED] - waitForPageLoad: Wait for page load successfully

2018-03-20 19:46:15 - [MESSAGE][WARNING] - Timeout '0' is invalid. Using default page load timeout: '30'

2018-03-20 19:46:18 - [MESSAGE][PASSED] - Wait for page load successfully

2018-03-20 19:46:18 - [TEST_STEP][PASSED] - delay: Delayed 2 second(s)

2018-03-20 19:46:20 - [MESSAGE][PASSED] - Delayed 2 second(s)

2018-03-20 19:46:20 - [TEST_STEP][PASSED] - click: Object: 'Object Repository/03/Page_Filialsuche-rotenburg - BVR HT/svg_dropdown-icons' is clicked on

2018-03-20 19:46:21 - [MESSAGE][PASSED] - Object: 'Object Repository/03/Page_Filialsuche-rotenburg - BVR HT/svg_dropdown-icons' is clicked on

2018-03-20 19:46:21 - [TEST_STEP][PASSED] - delay: Delayed 2 second(s)

2018-03-20 19:46:23 - [MESSAGE][PASSED] - Delayed 2 second(s)

2018-03-20 19:46:23 - [TEST_STEP][PASSED] - mouseOver: Object: 'Object Repository/002/Page_Filialsuche - BVR HTML Prototy/div_Berlin' is hovered

2018-03-20 19:46:23 - [MESSAGE][PASSED] - Object: 'Object Repository/002/Page_Filialsuche - BVR HTML Prototy/div_Berlin' is hovered

2018-03-20 19:46:23 - [TEST_STEP][PASSED] - delay: Delayed 2 second(s)

2018-03-20 19:46:25 - [MESSAGE][PASSED] - Delayed 2 second(s)

2018-03-20 19:46:25 - [TEST_STEP][PASSED] - click: Object: 'Object Repository/002/Page_Filialsuche - BVR HTML Prototy/div_Berlin' is clicked on

2018-03-20 19:46:25 - [MESSAGE][PASSED] - Object: 'Object Repository/002/Page_Filialsuche - BVR HTML Prototy/div_Berlin' is clicked on

2018-03-20 19:46:25 - [TEST_STEP][PASSED] - delay: Delayed 5 second(s)

2018-03-20 19:46:30 - [MESSAGE][PASSED] - Delayed 5 second(s)

2018-03-20 19:46:30 - [TEST_STEP][PASSED] - click: Object: 'Object Repository/TF17/Page_Filialsuche - BVR HTML Prototy/span_Berliner Volksbank eG Fil' is clicked on

2018-03-20 19:46:30 - [MESSAGE][PASSED] - Object: 'Object Repository/TF17/Page_Filialsuche - BVR HTML Prototy/span_Berliner Volksbank eG Fil' is clicked on

2018-03-20 19:46:30 - [TEST_STEP][PASSED] - delay: Delayed 2 second(s)

2018-03-20 19:46:32 - [MESSAGE][PASSED] - Delayed 2 second(s)

2018-03-20 19:46:32 - [TEST_STEP][PASSED] - verifyTextPresent: Text 'Alt-Moabit 82' is present on page 

2018-03-20 19:46:32 - [MESSAGE][PASSED] - Text 'Alt-Moabit 82' is present on page 

2018-03-20 19:46:32 - [TEST_STEP][PASSED] - verifyTextPresent: Text '10555 Berlin' is present on page 

2018-03-20 19:46:32 - [MESSAGE][PASSED] - Text '10555 Berlin' is present on page 

2018-03-20 19:46:32 - [TEST_STEP][PASSED] - click: Object: 'Object Repository/TF17/Page_Filialsuche - BVR HTML Prototy/span_Berliner Volksbank eG Fil_1' is clicked on

2018-03-20 19:46:32 - [MESSAGE][PASSED] - Object: 'Object Repository/TF17/Page_Filialsuche - BVR HTML Prototy/span_Berliner Volksbank eG Fil_1' is clicked on

2018-03-20 19:46:32 - [TEST_STEP][PASSED] - delay: Delayed 2 second(s)

2018-03-20 19:46:34 - [MESSAGE][PASSED] - Delayed 2 second(s)

2018-03-20 19:46:34 - [TEST_STEP][PASSED] - verifyTextPresent: Text 'Alt-Rudow 71' is present on page 

2018-03-20 19:46:34 - [MESSAGE][PASSED] - Text 'Alt-Rudow 71' is present on page 

2018-03-20 19:46:34 - [TEST_STEP][PASSED] - verifyTextPresent: Text '12355 Berlin' is present on page 

2018-03-20 19:46:34 - [MESSAGE][PASSED] - Text '12355 Berlin' is present on page 

2018-03-20 19:46:34 - [TEST_STEP][PASSED] - click: Object: 'Object Repository/TF17/Page_Filialsuche - BVR HTML Prototy/span_Berliner Volksbank eG Fin' is clicked on

2018-03-20 19:46:34 - [MESSAGE][PASSED] - Object: 'Object Repository/TF17/Page_Filialsuche - BVR HTML Prototy/span_Berliner Volksbank eG Fin' is clicked on

2018-03-20 19:46:34 - [TEST_STEP][PASSED] - delay: Delayed 2 second(s)

2018-03-20 19:46:36 - [MESSAGE][PASSED] - Delayed 2 second(s)

2018-03-20 19:46:36 - [TEST_STEP][PASSED] - verifyTextPresent: Text 'Bahnhofstr. 19' is present on page 

2018-03-20 19:46:36 - [MESSAGE][PASSED] - Text 'Bahnhofstr. 19' is present on page 

2018-03-20 19:46:36 - [TEST_STEP][PASSED] - verifyTextPresent: Text '12555 Berlin' is present on page 

2018-03-20 19:46:36 - [MESSAGE][PASSED] - Text '12555 Berlin' is present on page 

2018-03-20 19:46:36 - [TEST_STEP][PASSED] - click: Object: 'Object Repository/TF17/Page_Filialsuche - BVR HTML Prototy/span_Berliner Volksbank eG Fin_1' is clicked on

2018-03-20 19:46:36 - [MESSAGE][PASSED] - Object: 'Object Repository/TF17/Page_Filialsuche - BVR HTML Prototy/span_Berliner Volksbank eG Fin_1' is clicked on

2018-03-20 19:46:36 - [TEST_STEP][PASSED] - delay: Delayed 2 second(s)

2018-03-20 19:46:38 - [MESSAGE][PASSED] - Delayed 2 second(s)

2018-03-20 19:46:38 - [TEST_STEP][PASSED] - verifyTextPresent: Text 'Bahnhofstr. 50' is present on page 

2018-03-20 19:46:38 - [MESSAGE][PASSED] - Text 'Bahnhofstr. 50' is present on page 

2018-03-20 19:46:38 - [TEST_STEP][PASSED] - verifyTextPresent: Text '12305 Berlin' is present on page 

2018-03-20 19:46:38 - [MESSAGE][PASSED] - Text '12305 Berlin' is present on page 

2018-03-20 19:46:38 - [TEST_STEP][PASSED] - click: Object: 'Object Repository/TF17/Page_Filialsuche - BVR HTML Prototy/span_Berliner Volksbank eG Fil_2' is clicked on

2018-03-20 19:46:38 - [MESSAGE][PASSED] - Object: 'Object Repository/TF17/Page_Filialsuche - BVR HTML Prototy/span_Berliner Volksbank eG Fil_2' is clicked on

2018-03-20 19:46:38 - [TEST_STEP][PASSED] - delay: Delayed 2 second(s)

2018-03-20 19:46:40 - [MESSAGE][PASSED] - Delayed 2 second(s)

2018-03-20 19:46:40 - [TEST_STEP][PASSED] - verifyTextPresent: Text 'Baumschulenstr. 96' is present on page 

2018-03-20 19:46:41 - [MESSAGE][PASSED] - Text 'Baumschulenstr. 96' is present on page 

2018-03-20 19:46:41 - [TEST_STEP][PASSED] - verifyTextPresent: Text '12437 Berlin' is present on page 

2018-03-20 19:46:41 - [MESSAGE][PASSED] - Text '12437 Berlin' is present on page 

2018-03-20 19:46:41 - [TEST_STEP][PASSED] - scrollToElement: Scroll to object 'Object Repository/TF17/Page_Filialsuche - BVR HTML Prototy/span_Berliner Volksbank eG Fin_2' successfully

2018-03-20 19:46:41 - [MESSAGE][WARNING] - Timeout '0' is invalid. Using default page load timeout: '30'

2018-03-20 19:46:41 - [MESSAGE][PASSED] - Scroll to object 'Object Repository/TF17/Page_Filialsuche - BVR HTML Prototy/span_Berliner Volksbank eG Fin_2' successfully

2018-03-20 19:46:41 - [TEST_STEP][PASSED] - click: Object: 'Object Repository/TF17/Page_Filialsuche - BVR HTML Prototy/span_Berliner Volksbank eG Fin_2' is clicked on

2018-03-20 19:46:41 - [MESSAGE][PASSED] - Object: 'Object Repository/TF17/Page_Filialsuche - BVR HTML Prototy/span_Berliner Volksbank eG Fin_2' is clicked on

2018-03-20 19:46:41 - [TEST_STEP][PASSED] - delay: Delayed 2 second(s)

2018-03-20 19:46:43 - [MESSAGE][PASSED] - Delayed 2 second(s)

2018-03-20 19:46:43 - [TEST_STEP][PASSED] - verifyTextPresent: Text 'Berliner Allee 19-21' is present on page 

2018-03-20 19:46:43 - [MESSAGE][PASSED] - Text 'Berliner Allee 19-21' is present on page 

2018-03-20 19:46:43 - [TEST_STEP][PASSED] - verifyTextPresent: Text '13088 Berlin' is present on page 

2018-03-20 19:46:43 - [MESSAGE][PASSED] - Text '13088 Berlin' is present on page 

2018-03-20 19:46:43 - [TEST_STEP][PASSED] - click: Object: 'Object Repository/TF17/Page_Filialsuche - BVR HTML Prototy/a_2' is clicked on

2018-03-20 19:46:43 - [MESSAGE][PASSED] - Object: 'Object Repository/TF17/Page_Filialsuche - BVR HTML Prototy/a_2' is clicked on

2018-03-20 19:46:43 - [TEST_STEP][PASSED] - click: Object: 'Object Repository/TF17/Page_Filialsuche - BVR HTML Prototy/span_Berliner Volksbank eG Fin_3' is clicked on

2018-03-20 19:46:43 - [MESSAGE][PASSED] - Object: 'Object Repository/TF17/Page_Filialsuche - BVR HTML Prototy/span_Berliner Volksbank eG Fin_3' is clicked on

2018-03-20 19:46:43 - [TEST_STEP][PASSED] - delay: Delayed 2 second(s)

2018-03-20 19:46:45 - [MESSAGE][PASSED] - Delayed 2 second(s)

2018-03-20 19:46:45 - [TEST_STEP][PASSED] - verifyTextPresent: Text 'Berliner Str. 98' is present on page 

2018-03-20 19:46:45 - [MESSAGE][PASSED] - Text 'Berliner Str. 98' is present on page 

2018-03-20 19:46:45 - [TEST_STEP][PASSED] - verifyTextPresent: Text '13507 Berlin' is present on page 

2018-03-20 19:46:45 - [MESSAGE][PASSED] - Text '13507 Berlin' is present on page 

2018-03-20 19:46:45 - [TEST_STEP][PASSED] - click: Object: 'Object Repository/TF17/Page_Filialsuche - BVR HTML Prototy (1)/span_Berliner Volksbank eG Fil' is clicked on

2018-03-20 19:46:45 - [MESSAGE][PASSED] - Object: 'Object Repository/TF17/Page_Filialsuche - BVR HTML Prototy (1)/span_Berliner Volksbank eG Fil' is clicked on

2018-03-20 19:46:45 - [TEST_STEP][PASSED] - delay: Delayed 2 second(s)

2018-03-20 19:46:47 - [MESSAGE][PASSED] - Delayed 2 second(s)

2018-03-20 19:46:47 - [TEST_STEP][PASSED] - verifyTextPresent: Text 'Bornholmer Str. 1' is present on page 

2018-03-20 19:46:47 - [MESSAGE][PASSED] - Text 'Bornholmer Str. 1' is present on page 

2018-03-20 19:46:47 - [TEST_STEP][PASSED] - verifyTextPresent: Text '10439 Berlin' is present on page 

2018-03-20 19:46:47 - [MESSAGE][PASSED] - Text '10439 Berlin' is present on page 

2018-03-20 19:46:47 - [TEST_STEP][PASSED] - click: Object: 'Object Repository/TF17/Page_Filialsuche - BVR HTML Prototy (1)/span_Berliner Volksbank eG Fin' is clicked on

2018-03-20 19:46:47 - [MESSAGE][PASSED] - Object: 'Object Repository/TF17/Page_Filialsuche - BVR HTML Prototy (1)/span_Berliner Volksbank eG Fin' is clicked on

2018-03-20 19:46:47 - [TEST_STEP][PASSED] - delay: Delayed 2 second(s)

2018-03-20 19:46:49 - [MESSAGE][PASSED] - Delayed 2 second(s)

2018-03-20 19:46:49 - [TEST_STEP][PASSED] - verifyTextPresent: Text 'Brandenburgische Str. 86-87' is present on page 

2018-03-20 19:46:49 - [MESSAGE][PASSED] - Text 'Brandenburgische Str. 86-87' is present on page 

2018-03-20 19:46:49 - [TEST_STEP][PASSED] - verifyTextPresent: Text '10713 Berlin' is present on page 

2018-03-20 19:46:49 - [MESSAGE][PASSED] - Text '10713 Berlin' is present on page 

2018-03-20 19:46:49 - [TEST_STEP][PASSED] - click: Object: 'Object Repository/TF17/Page_Filialsuche - BVR HTML Prototy (1)/span_Berliner Volksbank eG Fin_1' is clicked on

2018-03-20 19:46:49 - [MESSAGE][PASSED] - Object: 'Object Repository/TF17/Page_Filialsuche - BVR HTML Prototy (1)/span_Berliner Volksbank eG Fin_1' is clicked on

2018-03-20 19:46:49 - [TEST_STEP][PASSED] - delay: Delayed 2 second(s)

2018-03-20 19:46:51 - [MESSAGE][PASSED] - Delayed 2 second(s)

2018-03-20 19:46:51 - [TEST_STEP][PASSED] - verifyTextPresent: Text 'Brodauer Str. 45' is present on page 

2018-03-20 19:46:51 - [MESSAGE][PASSED] - Text 'Brodauer Str. 45' is present on page 

2018-03-20 19:46:51 - [TEST_STEP][PASSED] - verifyTextPresent: Text '12621 Berlin' is present on page 

2018-03-20 19:46:51 - [MESSAGE][PASSED] - Text '12621 Berlin' is present on page 

2018-03-20 19:46:51 - [TEST_STEP][PASSED] - click: Object: 'Object Repository/TF17/Page_Filialsuche - BVR HTML Prototy (1)/span_Berliner Volksbank eG Fin_2' is clicked on

2018-03-20 19:46:51 - [MESSAGE][PASSED] - Object: 'Object Repository/TF17/Page_Filialsuche - BVR HTML Prototy (1)/span_Berliner Volksbank eG Fin_2' is clicked on

2018-03-20 19:46:51 - [TEST_STEP][PASSED] - delay: Delayed 2 second(s)

2018-03-20 19:46:53 - [MESSAGE][PASSED] - Delayed 2 second(s)

2018-03-20 19:46:53 - [TEST_STEP][PASSED] - verifyTextPresent: Text 'Frankfurter Allee 69' is present on page 

2018-03-20 19:46:53 - [MESSAGE][PASSED] - Text 'Frankfurter Allee 69' is present on page 

2018-03-20 19:46:53 - [TEST_STEP][PASSED] - verifyTextPresent: Text '10247 Berlin' is present on page 

2018-03-20 19:46:53 - [MESSAGE][PASSED] - Text '10247 Berlin' is present on page 

2018-03-20 19:46:53 - [TEST_STEP][PASSED] - click: Object: 'Object Repository/TF17/Page_Filialsuche - BVR HTML Prototy (1)/span_Berliner Volksbank eG Fin_3' is clicked on

2018-03-20 19:46:53 - [MESSAGE][PASSED] - Object: 'Object Repository/TF17/Page_Filialsuche - BVR HTML Prototy (1)/span_Berliner Volksbank eG Fin_3' is clicked on

2018-03-20 19:46:53 - [TEST_STEP][PASSED] - delay: Delayed 2 second(s)

2018-03-20 19:46:55 - [MESSAGE][PASSED] - Delayed 2 second(s)

2018-03-20 19:46:55 - [TEST_STEP][PASSED] - verifyTextPresent: Text 'Friedrichstr. 108-109' is present on page 

2018-03-20 19:46:55 - [MESSAGE][PASSED] - Text 'Friedrichstr. 108-109' is present on page 

2018-03-20 19:46:55 - [TEST_STEP][PASSED] - verifyTextPresent: Text '10117 Berlin' is present on page 

2018-03-20 19:46:55 - [MESSAGE][PASSED] - Text '10117 Berlin' is present on page 

2018-03-20 19:46:55 - [TEST_STEP][PASSED] - click: Object: 'Object Repository/TF17/Page_Filialsuche - BVR HTML Prototy (1)/a_3' is clicked on

2018-03-20 19:46:55 - [MESSAGE][PASSED] - Object: 'Object Repository/TF17/Page_Filialsuche - BVR HTML Prototy (1)/a_3' is clicked on

2018-03-20 19:46:55 - [TEST_STEP][PASSED] - click: Object: 'Object Repository/TF17/Page_Filialsuche - BVR HTML Prototy (1)/span_Berliner Volksbank eG Fil_1' is clicked on

2018-03-20 19:46:56 - [MESSAGE][PASSED] - Object: 'Object Repository/TF17/Page_Filialsuche - BVR HTML Prototy (1)/span_Berliner Volksbank eG Fil_1' is clicked on

2018-03-20 19:46:56 - [TEST_STEP][PASSED] - delay: Delayed 2 second(s)

2018-03-20 19:46:58 - [MESSAGE][PASSED] - Delayed 2 second(s)

2018-03-20 19:46:58 - [TEST_STEP][PASSED] - verifyTextPresent: Text 'Karl-Marx-Str. 71' is present on page 

2018-03-20 19:46:58 - [MESSAGE][PASSED] - Text 'Karl-Marx-Str. 71' is present on page 

2018-03-20 19:46:58 - [TEST_STEP][PASSED] - verifyTextPresent: Text '12043 Berlin' is present on page 

2018-03-20 19:46:58 - [MESSAGE][PASSED] - Text '12043 Berlin' is present on page 

2018-03-20 19:46:58 - [TEST_STEP][PASSED] - click: Object: 'Object Repository/TF17/Page_Filialsuche - BVR HTML Prototy (1)/span_Berliner Volksbank eG Fil_2' is clicked on

2018-03-20 19:46:58 - [MESSAGE][PASSED] - Object: 'Object Repository/TF17/Page_Filialsuche - BVR HTML Prototy (1)/span_Berliner Volksbank eG Fil_2' is clicked on

2018-03-20 19:46:58 - [TEST_STEP][PASSED] - click: Object: 'Object Repository/TF17/Page_Filialsuche - BVR HTML Prototy (1)/span_Berliner Volksbank eG Fin_4' is clicked on

2018-03-20 19:46:58 - [MESSAGE][PASSED] - Object: 'Object Repository/TF17/Page_Filialsuche - BVR HTML Prototy (1)/span_Berliner Volksbank eG Fin_4' is clicked on

2018-03-20 19:46:58 - [TEST_STEP][PASSED] - delay: Delayed 2 second(s)

2018-03-20 19:47:00 - [MESSAGE][PASSED] - Delayed 2 second(s)

2018-03-20 19:47:00 - [TEST_STEP][PASSED] - click: Object: 'Object Repository/TF17/Page_Filialsuche - BVR HTML Prototy (1)/span_Berliner Volksbank eG Fil_3' is clicked on

2018-03-20 19:47:00 - [MESSAGE][PASSED] - Object: 'Object Repository/TF17/Page_Filialsuche - BVR HTML Prototy (1)/span_Berliner Volksbank eG Fil_3' is clicked on

2018-03-20 19:47:00 - [TEST_STEP][PASSED] - delay: Delayed 2 second(s)

2018-03-20 19:47:02 - [MESSAGE][PASSED] - Delayed 2 second(s)

2018-03-20 19:47:02 - [TEST_STEP][PASSED] - verifyTextPresent: Text 'Kranoldplatz 2' is present on page 

2018-03-20 19:47:02 - [MESSAGE][PASSED] - Text 'Kranoldplatz 2' is present on page 

2018-03-20 19:47:02 - [TEST_STEP][PASSED] - verifyTextPresent: Text '12209 Berlin' is present on page 

2018-03-20 19:47:02 - [MESSAGE][PASSED] - Text '12209 Berlin' is present on page 

2018-03-20 19:47:02 - [TEST_STEP][PASSED] - click: Object: 'Object Repository/TF17/Page_Filialsuche - BVR HTML Prototy (1)/span_Berliner Volksbank eG Fil_4' is clicked on

2018-03-20 19:47:02 - [MESSAGE][PASSED] - Object: 'Object Repository/TF17/Page_Filialsuche - BVR HTML Prototy (1)/span_Berliner Volksbank eG Fil_4' is clicked on

2018-03-20 19:47:02 - [TEST_STEP][PASSED] - click: Object: 'Object Repository/TF17/Page_Filialsuche - BVR HTML Prototy (1)/span_Berliner Volksbank eG Fin_5' is clicked on

2018-03-20 19:47:02 - [MESSAGE][PASSED] - Object: 'Object Repository/TF17/Page_Filialsuche - BVR HTML Prototy (1)/span_Berliner Volksbank eG Fin_5' is clicked on

2018-03-20 19:47:02 - [TEST_STEP][PASSED] - delay: Delayed 2 second(s)

2018-03-20 19:47:04 - [MESSAGE][PASSED] - Delayed 2 second(s)

2018-03-20 19:47:04 - [TEST_STEP][PASSED] - verifyTextPresent: Text 'Kurfürstendamm 46' is present on page 

2018-03-20 19:47:04 - [MESSAGE][PASSED] - Text 'Kurfürstendamm 46' is present on page 

2018-03-20 19:47:04 - [TEST_STEP][PASSED] - verifyTextPresent: Text '10707 Berlin' is present on page 

2018-03-20 19:47:04 - [MESSAGE][PASSED] - Text '10707 Berlin' is present on page 

2018-03-20 19:47:04 - [TEST_STEP][PASSED] - click: Object: 'Object Repository/TF17/Page_Filialsuche - BVR HTML Prototy (1)/a_4' is clicked on

2018-03-20 19:47:04 - [MESSAGE][PASSED] - Object: 'Object Repository/TF17/Page_Filialsuche - BVR HTML Prototy (1)/a_4' is clicked on

2018-03-20 19:47:04 - [TEST_STEP][PASSED] - click: Object: 'Object Repository/TF17/Page_Filialsuche - BVR HTML Prototy (1)/span_Berliner Volksbank eG Fil_5' is clicked on

2018-03-20 19:47:04 - [MESSAGE][PASSED] - Object: 'Object Repository/TF17/Page_Filialsuche - BVR HTML Prototy (1)/span_Berliner Volksbank eG Fil_5' is clicked on

2018-03-20 19:47:04 - [TEST_STEP][PASSED] - delay: Delayed 2 second(s)

2018-03-20 19:47:06 - [MESSAGE][PASSED] - Delayed 2 second(s)

2018-03-20 19:47:06 - [TEST_STEP][PASSED] - verifyTextPresent: Text 'Ludolfingerplatz 7' is present on page 

2018-03-20 19:47:06 - [MESSAGE][PASSED] - Text 'Ludolfingerplatz 7' is present on page 

2018-03-20 19:47:06 - [TEST_STEP][PASSED] - verifyTextPresent: Text '13465 Berlin' is present on page 

2018-03-20 19:47:06 - [MESSAGE][PASSED] - Text '13465 Berlin' is present on page 

2018-03-20 19:47:06 - [TEST_STEP][PASSED] - click: Object: 'Object Repository/TF17/Page_Filialsuche - BVR HTML Prototy (1)/span_Berliner Volksbank eG Fin_6' is clicked on

2018-03-20 19:47:06 - [MESSAGE][PASSED] - Object: 'Object Repository/TF17/Page_Filialsuche - BVR HTML Prototy (1)/span_Berliner Volksbank eG Fin_6' is clicked on

2018-03-20 19:47:06 - [TEST_STEP][PASSED] - delay: Delayed 2 second(s)

2018-03-20 19:47:08 - [MESSAGE][PASSED] - Delayed 2 second(s)

2018-03-20 19:47:08 - [TEST_STEP][PASSED] - verifyTextPresent: Text 'Mariendorfer Damm 88-90' is present on page 

2018-03-20 19:47:08 - [MESSAGE][PASSED] - Text 'Mariendorfer Damm 88-90' is present on page 

2018-03-20 19:47:08 - [TEST_STEP][PASSED] - verifyTextPresent: Text '12109 Berlin' is present on page 

2018-03-20 19:47:08 - [MESSAGE][PASSED] - Text '12109 Berlin' is present on page 

2018-03-20 19:47:08 - [TEST_STEP][PASSED] - click: Object: 'Object Repository/TF17/Page_Filialsuche - BVR HTML Prototy (1)/span_Berliner Volksbank eG Fil_6' is clicked on

2018-03-20 19:47:08 - [MESSAGE][PASSED] - Object: 'Object Repository/TF17/Page_Filialsuche - BVR HTML Prototy (1)/span_Berliner Volksbank eG Fil_6' is clicked on

2018-03-20 19:47:08 - [TEST_STEP][PASSED] - click: Object: 'Object Repository/TF17/Page_Filialsuche - BVR HTML Prototy (1)/span_Berliner Volksbank eG Fin_7' is clicked on

2018-03-20 19:47:09 - [MESSAGE][PASSED] - Object: 'Object Repository/TF17/Page_Filialsuche - BVR HTML Prototy (1)/span_Berliner Volksbank eG Fin_7' is clicked on

2018-03-20 19:47:09 - [TEST_STEP][PASSED] - delay: Delayed 2 second(s)

2018-03-20 19:47:11 - [MESSAGE][PASSED] - Delayed 2 second(s)

2018-03-20 19:47:11 - [TEST_STEP][PASSED] - click: Object: 'Object Repository/TF17/Page_Filialsuche - BVR HTML Prototy (1)/span_Berliner Volksbank eG Fil_7' is clicked on

2018-03-20 19:47:11 - [MESSAGE][PASSED] - Object: 'Object Repository/TF17/Page_Filialsuche - BVR HTML Prototy (1)/span_Berliner Volksbank eG Fil_7' is clicked on

2018-03-20 19:47:11 - [TEST_STEP][PASSED] - click: Object: 'Object Repository/TF17/Page_Filialsuche - BVR HTML Prototy (1)/span_Berliner Volksbank eG Fil_8' is clicked on

2018-03-20 19:47:11 - [MESSAGE][PASSED] - Object: 'Object Repository/TF17/Page_Filialsuche - BVR HTML Prototy (1)/span_Berliner Volksbank eG Fil_8' is clicked on

2018-03-20 19:47:11 - [TEST_STEP][PASSED] - delay: Delayed 2 second(s)

2018-03-20 19:47:13 - [MESSAGE][PASSED] - Delayed 2 second(s)

2018-03-20 19:47:13 - [TEST_STEP][PASSED] - click: Object: 'Object Repository/TF17/Page_Filialsuche - BVR HTML Prototy (1)/a_5' is clicked on

2018-03-20 19:47:13 - [MESSAGE][PASSED] - Object: 'Object Repository/TF17/Page_Filialsuche - BVR HTML Prototy (1)/a_5' is clicked on

2018-03-20 19:47:13 - [TEST_STEP][PASSED] - click: Object: 'Object Repository/TF17/Page_Filialsuche - BVR HTML Prototy (1)/span_Berliner Volksbank eG Fil_9' is clicked on

2018-03-20 19:47:13 - [MESSAGE][PASSED] - Object: 'Object Repository/TF17/Page_Filialsuche - BVR HTML Prototy (1)/span_Berliner Volksbank eG Fil_9' is clicked on

2018-03-20 19:47:13 - [TEST_STEP][PASSED] - click: Object: 'Object Repository/TF17/Page_Filialsuche - BVR HTML Prototy (1)/span_Berliner Volksbank eG Fil_10' is clicked on

2018-03-20 19:47:13 - [MESSAGE][PASSED] - Object: 'Object Repository/TF17/Page_Filialsuche - BVR HTML Prototy (1)/span_Berliner Volksbank eG Fil_10' is clicked on

2018-03-20 19:47:13 - [TEST_STEP][PASSED] - delay: Delayed 2 second(s)

2018-03-20 19:47:15 - [MESSAGE][PASSED] - Delayed 2 second(s)

2018-03-20 19:47:15 - [TEST_STEP][PASSED] - click: Object: 'Object Repository/TF17/Page_Filialsuche - BVR HTML Prototy (1)/span_Berliner Volksbank eG Fil_11' is clicked on

2018-03-20 19:47:15 - [MESSAGE][PASSED] - Object: 'Object Repository/TF17/Page_Filialsuche - BVR HTML Prototy (1)/span_Berliner Volksbank eG Fil_11' is clicked on

2018-03-20 19:47:15 - [TEST_STEP][PASSED] - click: Object: 'Object Repository/TF17/Page_Filialsuche - BVR HTML Prototy (1)/span_Berliner Volksbank eG Fil_12' is clicked on

2018-03-20 19:47:15 - [MESSAGE][PASSED] - Object: 'Object Repository/TF17/Page_Filialsuche - BVR HTML Prototy (1)/span_Berliner Volksbank eG Fil_12' is clicked on

2018-03-20 19:47:15 - [TEST_STEP][PASSED] - delay: Delayed 2 second(s)

2018-03-20 19:47:17 - [MESSAGE][PASSED] - Delayed 2 second(s)

2018-03-20 19:47:17 - [TEST_STEP][PASSED] - click: Object: 'Object Repository/TF17/Page_Filialsuche - BVR HTML Prototy (1)/span_Berliner Volksbank eG Fil_13' is clicked on

2018-03-20 19:47:17 - [MESSAGE][PASSED] - Object: 'Object Repository/TF17/Page_Filialsuche - BVR HTML Prototy (1)/span_Berliner Volksbank eG Fil_13' is clicked on

2018-03-20 19:47:17 - [TEST_STEP][PASSED] - delay: Delayed 5 second(s)

2018-03-20 19:47:22 - [MESSAGE][PASSED] - Delayed 5 second(s)

2018-03-20 19:47:22 - [TEST_STEP][PASSED] - verifyTextPresent: Text 'Scharnweberstr. 14' is present on page 

2018-03-20 19:47:22 - [MESSAGE][PASSED] - Text 'Scharnweberstr. 14' is present on page 

2018-03-20 19:47:22 - [TEST_STEP][PASSED] - verifyTextPresent: Text '13405 Berlin' is present on page 

2018-03-20 19:47:22 - [MESSAGE][PASSED] - Text '13405 Berlin' is present on page 

2018-03-20 19:47:22 - [TEST_STEP][PASSED] - click: Object: 'Object Repository/TF17/Page_Filialsuche - BVR HTML Prototy (1)/span_Berliner Volksbank eG Fin_8' is clicked on

2018-03-20 19:47:22 - [MESSAGE][PASSED] - Object: 'Object Repository/TF17/Page_Filialsuche - BVR HTML Prototy (1)/span_Berliner Volksbank eG Fin_8' is clicked on

2018-03-20 19:47:22 - [TEST_STEP][PASSED] - delay: Delayed 2 second(s)

2018-03-20 19:47:24 - [MESSAGE][PASSED] - Delayed 2 second(s)

2018-03-20 19:47:24 - [TEST_STEP][PASSED] - verifyTextPresent: Text 'Schloßstr. 46' is present on page 

2018-03-20 19:47:24 - [MESSAGE][PASSED] - Text 'Schloßstr. 46' is present on page 

2018-03-20 19:47:24 - [TEST_STEP][PASSED] - verifyTextPresent: Text '12165 Berlin' is present on page 

2018-03-20 19:47:24 - [MESSAGE][PASSED] - Text '12165 Berlin' is present on page 

2018-03-20 19:47:24 - [TEST_STEP][PASSED] - click: Object: 'Object Repository/TF17/Page_Filialsuche - BVR HTML Prototy (1)/a_6' is clicked on

2018-03-20 19:47:25 - [MESSAGE][PASSED] - Object: 'Object Repository/TF17/Page_Filialsuche - BVR HTML Prototy (1)/a_6' is clicked on

2018-03-20 19:47:25 - [TEST_STEP][PASSED] - click: Object: 'Object Repository/TF17/Page_Filialsuche - BVR HTML Prototy (1)/span_Berliner Volksbank eG Fil_14' is clicked on

2018-03-20 19:47:25 - [MESSAGE][PASSED] - Object: 'Object Repository/TF17/Page_Filialsuche - BVR HTML Prototy (1)/span_Berliner Volksbank eG Fil_14' is clicked on

2018-03-20 19:47:25 - [TEST_STEP][PASSED] - click: Object: 'Object Repository/TF17/Page_Filialsuche - BVR HTML Prototy (1)/span_Berliner Volksbank eG Fin_9' is clicked on

2018-03-20 19:47:25 - [MESSAGE][PASSED] - Object: 'Object Repository/TF17/Page_Filialsuche - BVR HTML Prototy (1)/span_Berliner Volksbank eG Fin_9' is clicked on

2018-03-20 19:47:25 - [TEST_STEP][PASSED] - delay: Delayed 2 second(s)

2018-03-20 19:47:27 - [MESSAGE][PASSED] - Delayed 2 second(s)

2018-03-20 19:47:27 - [TEST_STEP][PASSED] - click: Object: 'Object Repository/TF17/Page_Filialsuche - BVR HTML Prototy (1)/span_Berliner Volksbank eG Fil_15' is clicked on

2018-03-20 19:47:27 - [MESSAGE][PASSED] - Object: 'Object Repository/TF17/Page_Filialsuche - BVR HTML Prototy (1)/span_Berliner Volksbank eG Fil_15' is clicked on

2018-03-20 19:47:27 - [TEST_STEP][PASSED] - delay: Delayed 2 second(s)

2018-03-20 19:47:29 - [MESSAGE][PASSED] - Delayed 2 second(s)

2018-03-20 19:47:29 - [TEST_STEP][PASSED] - verifyTextPresent: Text 'Tempelhofer Damm 159' is present on page 

2018-03-20 19:47:29 - [MESSAGE][PASSED] - Text 'Tempelhofer Damm 159' is present on page 

2018-03-20 19:47:29 - [TEST_STEP][PASSED] - verifyTextPresent: Text '12099 Berlin' is present on page 

2018-03-20 19:47:29 - [MESSAGE][PASSED] - Text '12099 Berlin' is present on page 

2018-03-20 19:47:29 - [TEST_STEP][PASSED] - click: Object: 'Object Repository/TF17/Page_Filialsuche - BVR HTML Prototy (1)/span_Berliner Volksbank eG Fin_10' is clicked on

2018-03-20 19:47:29 - [MESSAGE][PASSED] - Object: 'Object Repository/TF17/Page_Filialsuche - BVR HTML Prototy (1)/span_Berliner Volksbank eG Fin_10' is clicked on

2018-03-20 19:47:29 - [TEST_STEP][PASSED] - delay: Delayed 2 second(s)

2018-03-20 19:47:31 - [MESSAGE][PASSED] - Delayed 2 second(s)

2018-03-20 19:47:31 - [TEST_STEP][PASSED] - verifyTextPresent: Text 'Wilmersdorfer Straße 65/66' is present on page 

2018-03-20 19:47:31 - [MESSAGE][PASSED] - Text 'Wilmersdorfer Straße 65/66' is present on page 

2018-03-20 19:47:31 - [TEST_STEP][PASSED] - verifyTextPresent: Text '10627 Berlin' is present on page 

2018-03-20 19:47:31 - [MESSAGE][PASSED] - Text '10627 Berlin' is present on page 

2018-03-20 19:47:31 - [TEST_STEP][PASSED] - click: Object: 'Object Repository/TF17/Page_Filialsuche - BVR HTML Prototy (1)/span_Berliner Volksbank eG' is clicked on

2018-03-20 19:47:31 - [MESSAGE][PASSED] - Object: 'Object Repository/TF17/Page_Filialsuche - BVR HTML Prototy (1)/span_Berliner Volksbank eG' is clicked on

2018-03-20 19:47:31 - [TEST_STEP][PASSED] - click: Object: 'Object Repository/TF17/Page_Filialsuche - BVR HTML Prototy (1)/span_Berliner Volksbank eG Fin_11' is clicked on

2018-03-20 19:47:31 - [MESSAGE][PASSED] - Object: 'Object Repository/TF17/Page_Filialsuche - BVR HTML Prototy (1)/span_Berliner Volksbank eG Fin_11' is clicked on

2018-03-20 19:47:31 - [TEST_STEP][PASSED] - delay: Delayed 2 second(s)

2018-03-20 19:47:33 - [MESSAGE][PASSED] - Delayed 2 second(s)

2018-03-20 19:47:33 - [TEST_STEP][PASSED] - click: Object: 'Object Repository/TF17/Page_Filialsuche - BVR HTML Prototy (1)/a_7' is clicked on

2018-03-20 19:47:33 - [MESSAGE][PASSED] - Object: 'Object Repository/TF17/Page_Filialsuche - BVR HTML Prototy (1)/a_7' is clicked on

2018-03-20 19:47:33 - [TEST_STEP][PASSED] - delay: Delayed 2 second(s)

2018-03-20 19:47:35 - [MESSAGE][PASSED] - Delayed 2 second(s)

2018-03-20 19:47:35 - [TEST_STEP][PASSED] - click: Object: 'Object Repository/TF17/Page_Filialsuche - BVR HTML Prototy (1)/span_Berliner Volksbank eG Fil_16' is clicked on

2018-03-20 19:47:35 - [MESSAGE][PASSED] - Object: 'Object Repository/TF17/Page_Filialsuche - BVR HTML Prototy (1)/span_Berliner Volksbank eG Fil_16' is clicked on

2018-03-20 19:47:35 - [TEST_STEP][PASSED] - delay: Delayed 2 second(s)

2018-03-20 19:47:37 - [MESSAGE][PASSED] - Delayed 2 second(s)

2018-03-20 19:47:37 - [TEST_STEP][PASSED] - verifyTextPresent: Text 'Wormser Str. 6' is present on page 

2018-03-20 19:47:37 - [MESSAGE][PASSED] - Text 'Wormser Str. 6' is present on page 

2018-03-20 19:47:37 - [TEST_STEP][PASSED] - verifyTextPresent: Text '10789 Berlin' is present on page 

2018-03-20 19:47:37 - [MESSAGE][PASSED] - Text '10789 Berlin' is present on page 

2018-03-20 19:47:37 - [TEST_STEP][PASSED] - closeBrowser: Browser is closed

2018-03-20 19:47:37 - [MESSAGE][PASSED] - Browser is closed]]></system-out>
         <system-err><![CDATA[]]></system-err>
      </testcase>
      <testcase name="Test Cases/Prototyp_Filialsuche (RC 18)/18_Testfall" classname="Test Cases/Prototyp_Filialsuche (RC 18)/18_Testfall" status="FAILED">
         <failure type="FAILED" message="Unable to verify text 'Hauptstr. 11' is present  (Root cause: Text 'Hauptstr. 11' is not present on page )"/>
         <system-out><![CDATA[2018-03-20 19:47:37 - [TEST_CASE][FAILED] - Test Cases/Prototyp_Filialsuche (RC 18)/18_Testfall: Test Cases/Prototyp_Filialsuche (RC 18)/18_Testfall FAILED because (of) Unable to verify text 'Hauptstr. 11' is present  (Root cause: Text 'Hauptstr. 11' is not present on page )

2018-03-20 19:47:38 - [TEST_STEP][PASSED] - openBrowser: Browser is opened with url: ''

2018-03-20 19:47:45 - [MESSAGE][PASSED] - Browser is opened with url: ''

2018-03-20 19:47:45 - [TEST_STEP][PASSED] - deleteAllCookies: Delete all cookies successfully

2018-03-20 19:47:45 - [MESSAGE][PASSED] - Delete all cookies successfully

2018-03-20 19:47:45 - [TEST_STEP][PASSED] - maximizeWindow: Current window maximized

2018-03-20 19:47:45 - [MESSAGE][PASSED] - Current window maximized

2018-03-20 19:47:45 - [TEST_STEP][PASSED] - navigateToUrl: Navigate to 'http://rc-ogrhtmlprototyp.testintern/18-1-0/filialsuche-rotenburg.html' successfully

2018-03-20 19:47:48 - [MESSAGE][PASSED] - Navigate to 'http://rc-ogrhtmlprototyp.testintern/18-1-0/filialsuche-rotenburg.html' successfully

2018-03-20 19:47:48 - [TEST_STEP][PASSED] - waitForPageLoad: Wait for page load successfully

2018-03-20 19:47:48 - [MESSAGE][WARNING] - Timeout '0' is invalid. Using default page load timeout: '30'

2018-03-20 19:47:48 - [MESSAGE][PASSED] - Wait for page load successfully

2018-03-20 19:47:48 - [TEST_STEP][PASSED] - delay: Delayed 4 second(s)

2018-03-20 19:47:52 - [MESSAGE][PASSED] - Delayed 4 second(s)

2018-03-20 19:47:52 - [TEST_STEP][PASSED] - click: Object: 'Object Repository/03/Page_Filialsuche-rotenburg - BVR HT/svg_dropdown-icons' is clicked on

2018-03-20 19:47:52 - [MESSAGE][PASSED] - Object: 'Object Repository/03/Page_Filialsuche-rotenburg - BVR HT/svg_dropdown-icons' is clicked on

2018-03-20 19:47:52 - [TEST_STEP][PASSED] - delay: Delayed 5 second(s)

2018-03-20 19:47:57 - [MESSAGE][PASSED] - Delayed 5 second(s)

2018-03-20 19:47:57 - [TEST_STEP][PASSED] - scrollToElement: Scroll to object 'Object Repository/002/Page_Filialsuche-rotenburg - BVR HT/div_Bad Hersfeld' successfully

2018-03-20 19:47:57 - [MESSAGE][WARNING] - Timeout '0' is invalid. Using default page load timeout: '30'

2018-03-20 19:47:57 - [MESSAGE][PASSED] - Scroll to object 'Object Repository/002/Page_Filialsuche-rotenburg - BVR HT/div_Bad Hersfeld' successfully

2018-03-20 19:47:57 - [TEST_STEP][PASSED] - mouseOver: Object: 'Object Repository/002/Page_Filialsuche-rotenburg - BVR HT/div_Bad Hersfeld' is hovered

2018-03-20 19:47:57 - [MESSAGE][PASSED] - Object: 'Object Repository/002/Page_Filialsuche-rotenburg - BVR HT/div_Bad Hersfeld' is hovered

2018-03-20 19:47:57 - [TEST_STEP][PASSED] - delay: Delayed 2 second(s)

2018-03-20 19:47:59 - [MESSAGE][PASSED] - Delayed 2 second(s)

2018-03-20 19:47:59 - [TEST_STEP][PASSED] - click: Object: 'Object Repository/03/Page_Filialsuche-rotenburg - BVR HT/div_Bad Hersfeld' is clicked on

2018-03-20 19:47:59 - [MESSAGE][PASSED] - Object: 'Object Repository/03/Page_Filialsuche-rotenburg - BVR HT/div_Bad Hersfeld' is clicked on

2018-03-20 19:47:59 - [TEST_STEP][PASSED] - delay: Delayed 2 second(s)

2018-03-20 19:48:01 - [MESSAGE][PASSED] - Delayed 2 second(s)

2018-03-20 19:48:01 - [TEST_STEP][PASSED] - click: Object: 'Object Repository/03/Page_Filialsuche-rotenburg - BVR HT/div_acc-wrapper' is clicked on

2018-03-20 19:48:01 - [MESSAGE][PASSED] - Object: 'Object Repository/03/Page_Filialsuche-rotenburg - BVR HT/div_acc-wrapper' is clicked on

2018-03-20 19:48:01 - [TEST_STEP][PASSED] - delay: Delayed 2 second(s)

2018-03-20 19:48:03 - [MESSAGE][PASSED] - Delayed 2 second(s)

2018-03-20 19:48:03 - [TEST_STEP][PASSED] - click: Object: 'Object Repository/03/Page_Filialsuche-rotenburg - BVR HT/a_Anfahrt' is clicked on

2018-03-20 19:48:03 - [MESSAGE][PASSED] - Object: 'Object Repository/03/Page_Filialsuche-rotenburg - BVR HT/a_Anfahrt' is clicked on

2018-03-20 19:48:03 - [TEST_STEP][PASSED] - setText: Text '10555' is set on object 'Object Repository/03/Page_Filialsuche-rotenburg - BVR HT/input_street'

2018-03-20 19:48:04 - [MESSAGE][PASSED] - Text '10555' is set on object 'Object Repository/03/Page_Filialsuche-rotenburg - BVR HT/input_street'

2018-03-20 19:48:04 - [TEST_STEP][PASSED] - setText: Text '10555' is set on object 'Object Repository/03/Page_Filialsuche-rotenburg - BVR HT/input_city'

2018-03-20 19:48:04 - [MESSAGE][PASSED] - Text '10555' is set on object 'Object Repository/03/Page_Filialsuche-rotenburg - BVR HT/input_city'

2018-03-20 19:48:04 - [TEST_STEP][PASSED] - setText: Text 'agricolastr' is set on object 'Object Repository/03/Page_Filialsuche-rotenburg - BVR HT/input_street'

2018-03-20 19:48:04 - [MESSAGE][PASSED] - Text 'agricolastr' is set on object 'Object Repository/03/Page_Filialsuche-rotenburg - BVR HT/input_street'

2018-03-20 19:48:04 - [TEST_STEP][PASSED] - click: Object: 'Object Repository/03/Page_Filialsuche-rotenburg - BVR HT/a_Zurck' is clicked on

2018-03-20 19:48:04 - [MESSAGE][PASSED] - Object: 'Object Repository/03/Page_Filialsuche-rotenburg - BVR HT/a_Zurck' is clicked on

2018-03-20 19:48:04 - [TEST_STEP][PASSED] - click: Object: 'Object Repository/03/Page_Filialsuche-rotenburg - BVR HT/div_aps-map__custom-marker' is clicked on

2018-03-20 19:48:04 - [MESSAGE][PASSED] - Object: 'Object Repository/03/Page_Filialsuche-rotenburg - BVR HT/div_aps-map__custom-marker' is clicked on

2018-03-20 19:48:04 - [TEST_STEP][PASSED] - click: Object: 'Object Repository/03/Page_Filialsuche-rotenburg - BVR HT/a_Anfahrt_1' is clicked on

2018-03-20 19:48:05 - [MESSAGE][PASSED] - Object: 'Object Repository/03/Page_Filialsuche-rotenburg - BVR HT/a_Anfahrt_1' is clicked on

2018-03-20 19:48:05 - [TEST_STEP][PASSED] - click: Object: 'Object Repository/03/Page_Filialsuche-rotenburg - BVR HT/a_Zurck' is clicked on

2018-03-20 19:48:05 - [MESSAGE][PASSED] - Object: 'Object Repository/03/Page_Filialsuche-rotenburg - BVR HT/a_Zurck' is clicked on

2018-03-20 19:48:05 - [TEST_STEP][PASSED] - delay: Delayed 2 second(s)

2018-03-20 19:48:07 - [MESSAGE][PASSED] - Delayed 2 second(s)

2018-03-20 19:48:07 - [TEST_STEP][PASSED] - click: Object: 'Object Repository/03/Page_Filialsuche-rotenburg - BVR HT/svg_dropdown-icons' is clicked on

2018-03-20 19:48:07 - [MESSAGE][PASSED] - Object: 'Object Repository/03/Page_Filialsuche-rotenburg - BVR HT/svg_dropdown-icons' is clicked on

2018-03-20 19:48:07 - [TEST_STEP][PASSED] - mouseOver: Object: 'Object Repository/03/Page_Filialsuche-rotenburg - BVR HT/div_Kirchheim' is hovered

2018-03-20 19:48:07 - [MESSAGE][PASSED] - Object: 'Object Repository/03/Page_Filialsuche-rotenburg - BVR HT/div_Kirchheim' is hovered

2018-03-20 19:48:07 - [TEST_STEP][PASSED] - click: Object: 'Object Repository/03/Page_Filialsuche-rotenburg - BVR HT/div_Kirchheim' is clicked on

2018-03-20 19:48:07 - [MESSAGE][PASSED] - Object: 'Object Repository/03/Page_Filialsuche-rotenburg - BVR HT/div_Kirchheim' is clicked on

2018-03-20 19:48:07 - [TEST_STEP][PASSED] - delay: Delayed 2 second(s)

2018-03-20 19:48:09 - [MESSAGE][PASSED] - Delayed 2 second(s)

2018-03-20 19:48:09 - [TEST_STEP][FAILED] - verifyTextPresent: Unable to verify text 'Hauptstr. 11' is present  (Root cause: Text 'Hauptstr. 11' is not present on page )

2018-03-20 19:48:09 - [MESSAGE][FAILED] - Text 'Hauptstr. 11' is not present on page 

2018-03-20 19:48:09 - [MESSAGE][FAILED] - Unable to verify text 'Hauptstr. 11' is present  (Root cause: Text 'Hauptstr. 11' is not present on page )
[[ATTACHMENT|/Users/lbut/git/Katalon/Reports/Filialsuche_20_03/20180320_194128/1521571689589.png]]]]></system-out>
         <system-err><![CDATA[2018-03-20 19:47:37 - [TEST_CASE][FAILED] - Test Cases/Prototyp_Filialsuche (RC 18)/18_Testfall: Test Cases/Prototyp_Filialsuche (RC 18)/18_Testfall FAILED because (of) Unable to verify text 'Hauptstr. 11' is present  (Root cause: Text 'Hauptstr. 11' is not present on page )]]></system-err>
      </testcase>
      <testcase name="Test Cases/Prototyp_Filialsuche (RC 18)/19_Testfall" classname="Test Cases/Prototyp_Filialsuche (RC 18)/19_Testfall" status="PASSED">
         <system-out><![CDATA[2018-03-20 19:48:10 - [TEST_CASE][PASSED] - Test Cases/Prototyp_Filialsuche (RC 18)/19_Testfall: Test Cases/Prototyp_Filialsuche (RC 18)/19_Testfall

2018-03-20 19:48:10 - [TEST_STEP][PASSED] - openBrowser: Browser is opened with url: ''

2018-03-20 19:48:10 - [MESSAGE][WARNING] - A browser is already opened. Closing browser and opening a new one

2018-03-20 19:48:13 - [MESSAGE][PASSED] - Browser is opened with url: ''

2018-03-20 19:48:13 - [TEST_STEP][PASSED] - maximizeWindow: Current window maximized

2018-03-20 19:48:13 - [MESSAGE][PASSED] - Current window maximized

2018-03-20 19:48:13 - [TEST_STEP][PASSED] - navigateToUrl: Navigate to 'http://rc-ogrhtmlprototyp.testintern/18-1-0/filialsuche.html' successfully

2018-03-20 19:48:15 - [MESSAGE][PASSED] - Navigate to 'http://rc-ogrhtmlprototyp.testintern/18-1-0/filialsuche.html' successfully

2018-03-20 19:48:15 - [TEST_STEP][PASSED] - delay: Delayed 2 second(s)

2018-03-20 19:48:17 - [MESSAGE][PASSED] - Delayed 2 second(s)

2018-03-20 19:48:17 - [TEST_STEP][PASSED] - click: Object: 'Object Repository/44_TF/Page_Filialsuche - BVR HTML Prototy/a_Weiter' is clicked on

2018-03-20 19:48:19 - [MESSAGE][PASSED] - Object: 'Object Repository/44_TF/Page_Filialsuche - BVR HTML Prototy/a_Weiter' is clicked on

2018-03-20 19:48:19 - [TEST_STEP][PASSED] - click: Object: 'Object Repository/44_TF/Page_Filialsuche - BVR HTML Prototy/a_Weiter' is clicked on

2018-03-20 19:48:19 - [MESSAGE][PASSED] - Object: 'Object Repository/44_TF/Page_Filialsuche - BVR HTML Prototy/a_Weiter' is clicked on

2018-03-20 19:48:19 - [TEST_STEP][PASSED] - click: Object: 'Object Repository/44_TF/Page_Filialsuche - BVR HTML Prototy/a_4' is clicked on

2018-03-20 19:48:19 - [MESSAGE][PASSED] - Object: 'Object Repository/44_TF/Page_Filialsuche - BVR HTML Prototy/a_4' is clicked on

2018-03-20 19:48:19 - [TEST_STEP][PASSED] - click: Object: 'Object Repository/44_TF/Page_Filialsuche - BVR HTML Prototy/a_Weiter' is clicked on

2018-03-20 19:48:19 - [MESSAGE][PASSED] - Object: 'Object Repository/44_TF/Page_Filialsuche - BVR HTML Prototy/a_Weiter' is clicked on

2018-03-20 19:48:19 - [TEST_STEP][PASSED] - click: Object: 'Object Repository/44_TF/Page_Filialsuche - BVR HTML Prototy/a_Weiter' is clicked on

2018-03-20 19:48:19 - [MESSAGE][PASSED] - Object: 'Object Repository/44_TF/Page_Filialsuche - BVR HTML Prototy/a_Weiter' is clicked on

2018-03-20 19:48:19 - [TEST_STEP][PASSED] - click: Object: 'Object Repository/44_TF/Page_Filialsuche - BVR HTML Prototy/a_Weiter' is clicked on

2018-03-20 19:48:20 - [MESSAGE][PASSED] - Object: 'Object Repository/44_TF/Page_Filialsuche - BVR HTML Prototy/a_Weiter' is clicked on

2018-03-20 19:48:20 - [TEST_STEP][PASSED] - click: Object: 'Object Repository/44_TF/Page_Filialsuche - BVR HTML Prototy/a_Weiter' is clicked on

2018-03-20 19:48:20 - [MESSAGE][PASSED] - Object: 'Object Repository/44_TF/Page_Filialsuche - BVR HTML Prototy/a_Weiter' is clicked on

2018-03-20 19:48:20 - [TEST_STEP][PASSED] - click: Object: 'Object Repository/44_TF/Page_Filialsuche - BVR HTML Prototy/a_Weiter' is clicked on

2018-03-20 19:48:20 - [MESSAGE][PASSED] - Object: 'Object Repository/44_TF/Page_Filialsuche - BVR HTML Prototy/a_Weiter' is clicked on

2018-03-20 19:48:20 - [TEST_STEP][PASSED] - click: Object: 'Object Repository/44_TF/Page_Filialsuche - BVR HTML Prototy/a_Zum Anfang' is clicked on

2018-03-20 19:48:20 - [MESSAGE][PASSED] - Object: 'Object Repository/44_TF/Page_Filialsuche - BVR HTML Prototy/a_Zum Anfang' is clicked on

2018-03-20 19:48:20 - [TEST_STEP][PASSED] - click: Object: 'Object Repository/44_TF/Page_Filialsuche - BVR HTML Prototy/a_7' is clicked on

2018-03-20 19:48:20 - [MESSAGE][PASSED] - Object: 'Object Repository/44_TF/Page_Filialsuche - BVR HTML Prototy/a_7' is clicked on

2018-03-20 19:48:20 - [TEST_STEP][PASSED] - click: Object: 'Object Repository/44_TF/Page_Filialsuche - BVR HTML Prototy/a_Zurck' is clicked on

2018-03-20 19:48:20 - [MESSAGE][PASSED] - Object: 'Object Repository/44_TF/Page_Filialsuche - BVR HTML Prototy/a_Zurck' is clicked on

2018-03-20 19:48:20 - [TEST_STEP][PASSED] - click: Object: 'Object Repository/44_TF/Page_Filialsuche - BVR HTML Prototy/a_Zurck' is clicked on

2018-03-20 19:48:20 - [MESSAGE][PASSED] - Object: 'Object Repository/44_TF/Page_Filialsuche - BVR HTML Prototy/a_Zurck' is clicked on

2018-03-20 19:48:20 - [TEST_STEP][PASSED] - click: Object: 'Object Repository/44_TF/Page_Filialsuche - BVR HTML Prototy/a_Zurck' is clicked on

2018-03-20 19:48:20 - [MESSAGE][PASSED] - Object: 'Object Repository/44_TF/Page_Filialsuche - BVR HTML Prototy/a_Zurck' is clicked on

2018-03-20 19:48:20 - [TEST_STEP][PASSED] - click: Object: 'Object Repository/44_TF/Page_Filialsuche - BVR HTML Prototy/a_Zurck' is clicked on

2018-03-20 19:48:20 - [MESSAGE][PASSED] - Object: 'Object Repository/44_TF/Page_Filialsuche - BVR HTML Prototy/a_Zurck' is clicked on

2018-03-20 19:48:20 - [TEST_STEP][PASSED] - click: Object: 'Object Repository/44_TF/Page_Filialsuche - BVR HTML Prototy/a_Zurck' is clicked on

2018-03-20 19:48:20 - [MESSAGE][PASSED] - Object: 'Object Repository/44_TF/Page_Filialsuche - BVR HTML Prototy/a_Zurck' is clicked on

2018-03-20 19:48:20 - [TEST_STEP][PASSED] - click: Object: 'Object Repository/44_TF/Page_Filialsuche - BVR HTML Prototy/a_Zum Ende' is clicked on

2018-03-20 19:48:20 - [MESSAGE][PASSED] - Object: 'Object Repository/44_TF/Page_Filialsuche - BVR HTML Prototy/a_Zum Ende' is clicked on

2018-03-20 19:48:20 - [TEST_STEP][PASSED] - closeBrowser: Browser is closed

2018-03-20 19:48:20 - [MESSAGE][PASSED] - Browser is closed]]></system-out>
         <system-err><![CDATA[]]></system-err>
      </testcase>
      <testcase name="Test Cases/Prototyp_Filialsuche (RC 18)/20_Testfall" classname="Test Cases/Prototyp_Filialsuche (RC 18)/20_Testfall" status="PASSED">
         <system-out><![CDATA[2018-03-20 19:48:20 - [TEST_CASE][PASSED] - Test Cases/Prototyp_Filialsuche (RC 18)/20_Testfall: Test Cases/Prototyp_Filialsuche (RC 18)/20_Testfall

2018-03-20 19:48:20 - [TEST_STEP][PASSED] - openBrowser: Browser is opened with url: ''

2018-03-20 19:48:22 - [MESSAGE][PASSED] - Browser is opened with url: ''

2018-03-20 19:48:22 - [TEST_STEP][PASSED] - maximizeWindow: Current window maximized

2018-03-20 19:48:22 - [MESSAGE][PASSED] - Current window maximized

2018-03-20 19:48:22 - [TEST_STEP][PASSED] - deleteAllCookies: Delete all cookies successfully

2018-03-20 19:48:22 - [MESSAGE][PASSED] - Delete all cookies successfully

2018-03-20 19:48:22 - [TEST_STEP][PASSED] - navigateToUrl: Navigate to 'http://rc-ogrhtmlprototyp.testintern/18-1-0/filialsuche-wangen-textinput.html' successfully

2018-03-20 19:48:24 - [MESSAGE][PASSED] - Navigate to 'http://rc-ogrhtmlprototyp.testintern/18-1-0/filialsuche-wangen-textinput.html' successfully

2018-03-20 19:48:24 - [TEST_STEP][PASSED] - delay: Delayed 5 second(s)

2018-03-20 19:48:29 - [MESSAGE][PASSED] - Delayed 5 second(s)

2018-03-20 19:48:29 - [TEST_STEP][PASSED] - setText: Text 'Rechberghausen' is set on object 'Object Repository/Filialsuche_Inputtext'

2018-03-20 19:48:30 - [MESSAGE][PASSED] - Text 'Rechberghausen' is set on object 'Object Repository/Filialsuche_Inputtext'

2018-03-20 19:48:30 - [TEST_STEP][PASSED] - delay: Delayed 3 second(s)

2018-03-20 19:48:33 - [MESSAGE][PASSED] - Delayed 3 second(s)

2018-03-20 19:48:33 - [TEST_STEP][PASSED] - submit: The form containing object: 'Object Repository/Filialsuche_submit_button' is submitted

2018-03-20 19:48:33 - [MESSAGE][PASSED] - The form containing object: 'Object Repository/Filialsuche_submit_button' is submitted

2018-03-20 19:48:33 - [TEST_STEP][PASSED] - delay: Delayed 5 second(s)

2018-03-20 19:48:38 - [MESSAGE][PASSED] - Delayed 5 second(s)

2018-03-20 19:48:38 - [TEST_STEP][PASSED] - verifyElementVisible: Object 'Object Repository/Entfernung_filialsuche' is visible

2018-03-20 19:48:38 - [MESSAGE][PASSED] - Object 'Object Repository/Entfernung_filialsuche' is visible

2018-03-20 19:48:38 - [TEST_STEP][PASSED] - closeBrowser: Browser is closed

2018-03-20 19:48:38 - [MESSAGE][PASSED] - Browser is closed]]></system-out>
         <system-err><![CDATA[]]></system-err>
      </testcase>
      <testcase name="Test Cases/Prototyp_Filialsuche (RC 18)/21_Testfall" classname="Test Cases/Prototyp_Filialsuche (RC 18)/21_Testfall" status="FAILED">
         <failure type="FAILED" message="Unable to click on object 'Object Repository/002/Page_Filialsuche - BVR HTML Prototy/div_Berlin' (Root cause: org.openqa.selenium.ElementNotVisibleException: An element command could not be completed because the element is not visible on the page. (WARNING: The server did not provide any stacktrace information)
Command duration or timeout: 0 milliseconds
Build info: version: '3.7.1', revision: '8a0099a', time: '2017-11-06T21:07:36.161Z'
System info: host: 'Lilias-MacBook-Pro.local', ip: '192.168.0.4', os.name: 'Mac OS X', os.arch: 'x86_64', os.version: '10.12.6', java.version: '1.8.0_102'
Driver info: com.kms.katalon.selenium.driver.CSafariDriver
Capabilities {applicationCacheEnabled: true, browserName: safari, cleanSession: true, cssSelectorsEnabled: true, databaseEnabled: true, handlesAlerts: true, javascriptEnabled: true, locationContextEnabled: false, nativeEvents: true, platform: MAC, platformName: MAC, rotatable: false, version: 12604.5.6.1.1, webStorageEnabled: true}
Session ID: 7D32547E-101E-415B-AA58-0E7BE268BFD9)"/>
         <system-out><![CDATA[2018-03-20 19:48:38 - [TEST_CASE][FAILED] - Test Cases/Prototyp_Filialsuche (RC 18)/21_Testfall: Test Cases/Prototyp_Filialsuche (RC 18)/21_Testfall FAILED because (of) Unable to click on object 'Object Repository/002/Page_Filialsuche - BVR HTML Prototy/div_Berlin' (Root cause: org.openqa.selenium.ElementNotVisibleException: An element command could not be completed because the element is not visible on the page. (WARNING: The server did not provide any stacktrace information)
Command duration or timeout: 0 milliseconds
Build info: version: '3.7.1', revision: '8a0099a', time: '2017-11-06T21:07:36.161Z'
System info: host: 'Lilias-MacBook-Pro.local', ip: '192.168.0.4', os.name: 'Mac OS X', os.arch: 'x86_64', os.version: '10.12.6', java.version: '1.8.0_102'
Driver info: com.kms.katalon.selenium.driver.CSafariDriver
Capabilities {applicationCacheEnabled: true, browserName: safari, cleanSession: true, cssSelectorsEnabled: true, databaseEnabled: true, handlesAlerts: true, javascriptEnabled: true, locationContextEnabled: false, nativeEvents: true, platform: MAC, platformName: MAC, rotatable: false, version: 12604.5.6.1.1, webStorageEnabled: true}
Session ID: 7D32547E-101E-415B-AA58-0E7BE268BFD9)

2018-03-20 19:48:38 - [TEST_STEP][PASSED] - openBrowser: Browser is opened with url: ''

2018-03-20 19:48:40 - [MESSAGE][PASSED] - Browser is opened with url: ''

2018-03-20 19:48:40 - [TEST_STEP][PASSED] - maximizeWindow: Current window maximized

2018-03-20 19:48:40 - [MESSAGE][PASSED] - Current window maximized

2018-03-20 19:48:40 - [TEST_STEP][PASSED] - deleteAllCookies: Delete all cookies successfully

2018-03-20 19:48:40 - [MESSAGE][PASSED] - Delete all cookies successfully

2018-03-20 19:48:40 - [TEST_STEP][PASSED] - navigateToUrl: Navigate to 'http://rc-ogrhtmlprototyp.testintern/18-1-0/filialsuche.html' successfully

2018-03-20 19:48:42 - [MESSAGE][PASSED] - Navigate to 'http://rc-ogrhtmlprototyp.testintern/18-1-0/filialsuche.html' successfully

2018-03-20 19:48:42 - [TEST_STEP][PASSED] - waitForPageLoad: Wait for page load successfully

2018-03-20 19:48:42 - [MESSAGE][WARNING] - Timeout '0' is invalid. Using default page load timeout: '30'

2018-03-20 19:48:42 - [MESSAGE][PASSED] - Wait for page load successfully

2018-03-20 19:48:42 - [TEST_STEP][PASSED] - delay: Delayed 2 second(s)

2018-03-20 19:48:44 - [MESSAGE][PASSED] - Delayed 2 second(s)

2018-03-20 19:48:44 - [TEST_STEP][PASSED] - click: Object: 'Object Repository/03/Page_Filialsuche-rotenburg - BVR HT/svg_dropdown-icons' is clicked on

2018-03-20 19:48:44 - [MESSAGE][PASSED] - Object: 'Object Repository/03/Page_Filialsuche-rotenburg - BVR HT/svg_dropdown-icons' is clicked on

2018-03-20 19:48:44 - [TEST_STEP][PASSED] - delay: Delayed 2 second(s)

2018-03-20 19:48:46 - [MESSAGE][PASSED] - Delayed 2 second(s)

2018-03-20 19:48:46 - [TEST_STEP][PASSED] - mouseOver: Object: 'Object Repository/002/Page_Filialsuche - BVR HTML Prototy/div_Berlin' is hovered

2018-03-20 19:48:46 - [MESSAGE][PASSED] - Object: 'Object Repository/002/Page_Filialsuche - BVR HTML Prototy/div_Berlin' is hovered

2018-03-20 19:48:46 - [TEST_STEP][PASSED] - delay: Delayed 5 second(s)

2018-03-20 19:48:51 - [MESSAGE][PASSED] - Delayed 5 second(s)

2018-03-20 19:48:51 - [TEST_STEP][FAILED] - click: Unable to click on object 'Object Repository/002/Page_Filialsuche - BVR HTML Prototy/div_Berlin' (Root cause: org.openqa.selenium.ElementNotVisibleException: An element command could not be completed because the element is not visible on the page. (WARNING: The server did not provide any stacktrace information)
Command duration or timeout: 0 milliseconds
Build info: version: '3.7.1', revision: '8a0099a', time: '2017-11-06T21:07:36.161Z'
System info: host: 'Lilias-MacBook-Pro.local', ip: '192.168.0.4', os.name: 'Mac OS X', os.arch: 'x86_64', os.version: '10.12.6', java.version: '1.8.0_102'
Driver info: com.kms.katalon.selenium.driver.CSafariDriver
Capabilities {applicationCacheEnabled: true, browserName: safari, cleanSession: true, cssSelectorsEnabled: true, databaseEnabled: true, handlesAlerts: true, javascriptEnabled: true, locationContextEnabled: false, nativeEvents: true, platform: MAC, platformName: MAC, rotatable: false, version: 12604.5.6.1.1, webStorageEnabled: true}
Session ID: 7D32547E-101E-415B-AA58-0E7BE268BFD9)

2018-03-20 19:48:52 - [MESSAGE][FAILED] - Unable to click on object 'Object Repository/002/Page_Filialsuche - BVR HTML Prototy/div_Berlin' (Root cause: org.openqa.selenium.ElementNotVisibleException: An element command could not be completed because the element is not visible on the page. (WARNING: The server did not provide any stacktrace information)
Command duration or timeout: 0 milliseconds
Build info: version: '3.7.1', revision: '8a0099a', time: '2017-11-06T21:07:36.161Z'
System info: host: 'Lilias-MacBook-Pro.local', ip: '192.168.0.4', os.name: 'Mac OS X', os.arch: 'x86_64', os.version: '10.12.6', java.version: '1.8.0_102'
Driver info: com.kms.katalon.selenium.driver.CSafariDriver
Capabilities {applicationCacheEnabled: true, browserName: safari, cleanSession: true, cssSelectorsEnabled: true, databaseEnabled: true, handlesAlerts: true, javascriptEnabled: true, locationContextEnabled: false, nativeEvents: true, platform: MAC, platformName: MAC, rotatable: false, version: 12604.5.6.1.1, webStorageEnabled: true}
Session ID: 7D32547E-101E-415B-AA58-0E7BE268BFD9)
[[ATTACHMENT|/Users/lbut/git/Katalon/Reports/Filialsuche_20_03/20180320_194128/1521571731708.png]]]]></system-out>
         <system-err><![CDATA[2018-03-20 19:48:38 - [TEST_CASE][FAILED] - Test Cases/Prototyp_Filialsuche (RC 18)/21_Testfall: Test Cases/Prototyp_Filialsuche (RC 18)/21_Testfall FAILED because (of) Unable to click on object 'Object Repository/002/Page_Filialsuche - BVR HTML Prototy/div_Berlin' (Root cause: org.openqa.selenium.ElementNotVisibleException: An element command could not be completed because the element is not visible on the page. (WARNING: The server did not provide any stacktrace information)
Command duration or timeout: 0 milliseconds
Build info: version: '3.7.1', revision: '8a0099a', time: '2017-11-06T21:07:36.161Z'
System info: host: 'Lilias-MacBook-Pro.local', ip: '192.168.0.4', os.name: 'Mac OS X', os.arch: 'x86_64', os.version: '10.12.6', java.version: '1.8.0_102'
Driver info: com.kms.katalon.selenium.driver.CSafariDriver
Capabilities {applicationCacheEnabled: true, browserName: safari, cleanSession: true, cssSelectorsEnabled: true, databaseEnabled: true, handlesAlerts: true, javascriptEnabled: true, locationContextEnabled: false, nativeEvents: true, platform: MAC, platformName: MAC, rotatable: false, version: 12604.5.6.1.1, webStorageEnabled: true}
Session ID: 7D32547E-101E-415B-AA58-0E7BE268BFD9)]]></system-err>
      </testcase>
      <testcase name="Test Cases/Prototyp_Filialsuche (RC 18)/22_Testfall" classname="Test Cases/Prototyp_Filialsuche (RC 18)/22_Testfall" status="PASSED">
         <system-out><![CDATA[2018-03-20 19:48:52 - [TEST_CASE][PASSED] - Test Cases/Prototyp_Filialsuche (RC 18)/22_Testfall: Test Cases/Prototyp_Filialsuche (RC 18)/22_Testfall

2018-03-20 19:48:52 - [TEST_STEP][PASSED] - openBrowser: Browser is opened with url: ''

2018-03-20 19:48:52 - [MESSAGE][WARNING] - A browser is already opened. Closing browser and opening a new one

2018-03-20 19:48:54 - [MESSAGE][PASSED] - Browser is opened with url: ''

2018-03-20 19:48:54 - [TEST_STEP][PASSED] - maximizeWindow: Current window maximized

2018-03-20 19:48:54 - [MESSAGE][PASSED] - Current window maximized

2018-03-20 19:48:54 - [TEST_STEP][PASSED] - deleteAllCookies: Delete all cookies successfully

2018-03-20 19:48:54 - [MESSAGE][PASSED] - Delete all cookies successfully

2018-03-20 19:48:54 - [TEST_STEP][PASSED] - navigateToUrl: Navigate to 'http://rc-ogrhtmlprototyp.testintern/18-1-0/home-6-filialsuche.html' successfully

2018-03-20 19:48:57 - [MESSAGE][PASSED] - Navigate to 'http://rc-ogrhtmlprototyp.testintern/18-1-0/home-6-filialsuche.html' successfully

2018-03-20 19:48:57 - [TEST_STEP][PASSED] - waitForPageLoad: Wait for page load successfully

2018-03-20 19:48:57 - [MESSAGE][WARNING] - Timeout '0' is invalid. Using default page load timeout: '30'

2018-03-20 19:48:57 - [MESSAGE][PASSED] - Wait for page load successfully

2018-03-20 19:48:57 - [TEST_STEP][PASSED] - delay: Delayed 2 second(s)

2018-03-20 19:48:59 - [MESSAGE][PASSED] - Delayed 2 second(s)

2018-03-20 19:48:59 - [TEST_STEP][PASSED] - click: Object: 'Object Repository/03/Page_Filialsuche-rotenburg - BVR HT/Page_Home-6-filialsuche - BVR HTML/svg_dropdown-icons' is clicked on

2018-03-20 19:49:00 - [MESSAGE][PASSED] - Object: 'Object Repository/03/Page_Filialsuche-rotenburg - BVR HT/Page_Home-6-filialsuche - BVR HTML/svg_dropdown-icons' is clicked on

2018-03-20 19:49:00 - [TEST_STEP][PASSED] - delay: Delayed 2 second(s)

2018-03-20 19:49:02 - [MESSAGE][PASSED] - Delayed 2 second(s)

2018-03-20 19:49:02 - [TEST_STEP][PASSED] - mouseOver: Object: 'Object Repository/002/Page_Home-6-filialsuche - BVR HTML/div_Berlin' is hovered

2018-03-20 19:49:02 - [MESSAGE][PASSED] - Object: 'Object Repository/002/Page_Home-6-filialsuche - BVR HTML/div_Berlin' is hovered

2018-03-20 19:49:02 - [TEST_STEP][PASSED] - delay: Delayed 2 second(s)

2018-03-20 19:49:04 - [MESSAGE][PASSED] - Delayed 2 second(s)

2018-03-20 19:49:04 - [TEST_STEP][PASSED] - click: Object: 'Object Repository/002/Page_Home-6-filialsuche - BVR HTML/div_Berlin' is clicked on

2018-03-20 19:49:04 - [MESSAGE][PASSED] - Object: 'Object Repository/002/Page_Home-6-filialsuche - BVR HTML/div_Berlin' is clicked on

2018-03-20 19:49:04 - [TEST_STEP][PASSED] - delay: Delayed 5 second(s)

2018-03-20 19:49:09 - [MESSAGE][PASSED] - Delayed 5 second(s)

2018-03-20 19:49:09 - [TEST_STEP][PASSED] - verifyElementNotPresent: Web element with id: 'Object Repository/Akkordeon_plus_filialsuche' located by 'By.xpath: //a[@class='acc-header acc-header--open']' is not present after '5' second(s)

2018-03-20 19:49:09 - [MESSAGE][PASSED] - Web element with id: 'Object Repository/Akkordeon_plus_filialsuche' located by 'By.xpath: //a[@class='acc-header acc-header--open']' is not present after '5' second(s)

2018-03-20 19:49:09 - [TEST_STEP][PASSED] - closeBrowser: Browser is closed

2018-03-20 19:49:09 - [MESSAGE][PASSED] - Browser is closed]]></system-out>
         <system-err><![CDATA[]]></system-err>
      </testcase>
      <testcase name="Test Cases/Prototyp_Filialsuche (RC 18)/23_Testfall" classname="Test Cases/Prototyp_Filialsuche (RC 18)/23_Testfall" status="PASSED">
         <system-out><![CDATA[2018-03-20 19:49:09 - [TEST_CASE][PASSED] - Test Cases/Prototyp_Filialsuche (RC 18)/23_Testfall: Test Cases/Prototyp_Filialsuche (RC 18)/23_Testfall

2018-03-20 19:49:09 - [TEST_STEP][PASSED] - openBrowser: Browser is opened with url: ''

2018-03-20 19:49:11 - [MESSAGE][PASSED] - Browser is opened with url: ''

2018-03-20 19:49:11 - [TEST_STEP][PASSED] - maximizeWindow: Current window maximized

2018-03-20 19:49:11 - [MESSAGE][PASSED] - Current window maximized

2018-03-20 19:49:11 - [TEST_STEP][PASSED] - deleteAllCookies: Delete all cookies successfully

2018-03-20 19:49:11 - [MESSAGE][PASSED] - Delete all cookies successfully

2018-03-20 19:49:11 - [TEST_STEP][PASSED] - navigateToUrl: Navigate to 'http://rc-ogrhtmlprototyp.testintern/18-1-0/detail.html' successfully

2018-03-20 19:49:30 - [MESSAGE][PASSED] - Navigate to 'http://rc-ogrhtmlprototyp.testintern/18-1-0/detail.html' successfully

2018-03-20 19:49:30 - [TEST_STEP][PASSED] - waitForPageLoad: Wait for page load successfully

2018-03-20 19:49:30 - [MESSAGE][WARNING] - Timeout '0' is invalid. Using default page load timeout: '30'

2018-03-20 19:49:30 - [MESSAGE][PASSED] - Wait for page load successfully

2018-03-20 19:49:30 - [TEST_STEP][PASSED] - delay: Delayed 2 second(s)

2018-03-20 19:49:32 - [MESSAGE][PASSED] - Delayed 2 second(s)

2018-03-20 19:49:32 - [TEST_STEP][PASSED] - click: Object: 'Object Repository/002/Page_Detail - BVR HTML Prototyp/svg_dropdown-icons' is clicked on

2018-03-20 19:49:32 - [MESSAGE][PASSED] - Object: 'Object Repository/002/Page_Detail - BVR HTML Prototyp/svg_dropdown-icons' is clicked on

2018-03-20 19:49:32 - [TEST_STEP][PASSED] - delay: Delayed 2 second(s)

2018-03-20 19:49:34 - [MESSAGE][PASSED] - Delayed 2 second(s)

2018-03-20 19:49:34 - [TEST_STEP][PASSED] - mouseOver: Object: 'Object Repository/002/Page_Detail - BVR HTML Prototyp (1)/div_Berlin' is hovered

2018-03-20 19:49:34 - [MESSAGE][PASSED] - Object: 'Object Repository/002/Page_Detail - BVR HTML Prototyp (1)/div_Berlin' is hovered

2018-03-20 19:49:34 - [TEST_STEP][PASSED] - delay: Delayed 2 second(s)

2018-03-20 19:49:36 - [MESSAGE][PASSED] - Delayed 2 second(s)

2018-03-20 19:49:36 - [TEST_STEP][PASSED] - click: Object: 'Object Repository/002/Page_Detail - BVR HTML Prototyp (1)/div_Berlin' is clicked on

2018-03-20 19:49:36 - [MESSAGE][PASSED] - Object: 'Object Repository/002/Page_Detail - BVR HTML Prototyp (1)/div_Berlin' is clicked on

2018-03-20 19:49:36 - [TEST_STEP][PASSED] - delay: Delayed 5 second(s)

2018-03-20 19:49:41 - [MESSAGE][PASSED] - Delayed 5 second(s)

2018-03-20 19:49:41 - [TEST_STEP][PASSED] - verifyElementNotPresent: Web element with id: 'Object Repository/Akkordeon_plus_filialsuche' located by 'By.xpath: //a[@class='acc-header acc-header--open']' is not present after '5' second(s)

2018-03-20 19:49:41 - [MESSAGE][PASSED] - Web element with id: 'Object Repository/Akkordeon_plus_filialsuche' located by 'By.xpath: //a[@class='acc-header acc-header--open']' is not present after '5' second(s)

2018-03-20 19:49:41 - [TEST_STEP][PASSED] - closeBrowser: Browser is closed

2018-03-20 19:49:41 - [MESSAGE][PASSED] - Browser is closed]]></system-out>
         <system-err><![CDATA[]]></system-err>
      </testcase>
      <testcase name="Test Cases/Prototyp_Filialsuche (RC 18)/24_Testfall" classname="Test Cases/Prototyp_Filialsuche (RC 18)/24_Testfall" status="PASSED">
         <system-out><![CDATA[2018-03-20 19:49:41 - [TEST_CASE][PASSED] - Test Cases/Prototyp_Filialsuche (RC 18)/24_Testfall: Test Cases/Prototyp_Filialsuche (RC 18)/24_Testfall

2018-03-20 19:49:41 - [TEST_STEP][PASSED] - openBrowser: Browser is opened with url: ''

2018-03-20 19:49:43 - [MESSAGE][PASSED] - Browser is opened with url: ''

2018-03-20 19:49:43 - [TEST_STEP][PASSED] - maximizeWindow: Current window maximized

2018-03-20 19:49:43 - [MESSAGE][PASSED] - Current window maximized

2018-03-20 19:49:43 - [TEST_STEP][PASSED] - deleteAllCookies: Delete all cookies successfully

2018-03-20 19:49:43 - [MESSAGE][PASSED] - Delete all cookies successfully

2018-03-20 19:49:43 - [TEST_STEP][PASSED] - navigateToUrl: Navigate to 'http://rc-ogrhtmlprototyp.testintern/18-1-0/filialsuche.html' successfully

2018-03-20 19:49:50 - [MESSAGE][PASSED] - Navigate to 'http://rc-ogrhtmlprototyp.testintern/18-1-0/filialsuche.html' successfully

2018-03-20 19:49:50 - [TEST_STEP][PASSED] - waitForPageLoad: Wait for page load successfully

2018-03-20 19:49:50 - [MESSAGE][WARNING] - Timeout '0' is invalid. Using default page load timeout: '30'

2018-03-20 19:49:51 - [MESSAGE][PASSED] - Wait for page load successfully

2018-03-20 19:49:51 - [TEST_STEP][PASSED] - delay: Delayed 2 second(s)

2018-03-20 19:49:53 - [MESSAGE][PASSED] - Delayed 2 second(s)

2018-03-20 19:49:53 - [TEST_STEP][PASSED] - click: Object: 'Object Repository/002/Page_Filialsuche - BVR HTML Prototy (1)/svg_dropdown-icons' is clicked on

2018-03-20 19:49:53 - [MESSAGE][PASSED] - Object: 'Object Repository/002/Page_Filialsuche - BVR HTML Prototy (1)/svg_dropdown-icons' is clicked on

2018-03-20 19:49:53 - [TEST_STEP][PASSED] - delay: Delayed 2 second(s)

2018-03-20 19:49:55 - [MESSAGE][PASSED] - Delayed 2 second(s)

2018-03-20 19:49:55 - [TEST_STEP][PASSED] - mouseOver: Object: 'Object Repository/berlin/Page_Filialsuche - BVR HTML Prototy/div_Berlin' is hovered

2018-03-20 19:49:56 - [MESSAGE][PASSED] - Object: 'Object Repository/berlin/Page_Filialsuche - BVR HTML Prototy/div_Berlin' is hovered

2018-03-20 19:49:56 - [TEST_STEP][PASSED] - delay: Delayed 2 second(s)

2018-03-20 19:49:58 - [MESSAGE][PASSED] - Delayed 2 second(s)

2018-03-20 19:49:58 - [TEST_STEP][PASSED] - click: Object: 'Object Repository/berlin/Page_Filialsuche - BVR HTML Prototy/div_Berlin' is clicked on

2018-03-20 19:49:58 - [MESSAGE][PASSED] - Object: 'Object Repository/berlin/Page_Filialsuche - BVR HTML Prototy/div_Berlin' is clicked on

2018-03-20 19:49:58 - [TEST_STEP][PASSED] - delay: Delayed 5 second(s)

2018-03-20 19:50:03 - [MESSAGE][PASSED] - Delayed 5 second(s)

2018-03-20 19:50:03 - [TEST_STEP][PASSED] - verifyElementNotPresent: Web element with id: 'Object Repository/Akkordeon_plus_filialsuche' located by 'By.xpath: //a[@class='acc-header acc-header--open']' is not present after '5' second(s)

2018-03-20 19:50:03 - [MESSAGE][PASSED] - Web element with id: 'Object Repository/Akkordeon_plus_filialsuche' located by 'By.xpath: //a[@class='acc-header acc-header--open']' is not present after '5' second(s)

2018-03-20 19:50:03 - [TEST_STEP][PASSED] - closeBrowser: Browser is closed

2018-03-20 19:50:03 - [MESSAGE][PASSED] - Browser is closed]]></system-out>
         <system-err><![CDATA[]]></system-err>
      </testcase>
      <testcase name="Test Cases/Prototyp_Filialsuche (RC 18)/25_Testfall" classname="Test Cases/Prototyp_Filialsuche (RC 18)/25_Testfall" status="FAILED">
         <failure type="FAILED" message="Unable to click on object 'Object Repository/002/Page_Filialsuche - BVR HTML Prototy/div_Berlin' (Root cause: org.openqa.selenium.ElementNotVisibleException: An element command could not be completed because the element is not visible on the page. (WARNING: The server did not provide any stacktrace information)
Command duration or timeout: 0 milliseconds
Build info: version: '3.7.1', revision: '8a0099a', time: '2017-11-06T21:07:36.161Z'
System info: host: 'Lilias-MacBook-Pro.local', ip: '192.168.0.4', os.name: 'Mac OS X', os.arch: 'x86_64', os.version: '10.12.6', java.version: '1.8.0_102'
Driver info: com.kms.katalon.selenium.driver.CSafariDriver
Capabilities {applicationCacheEnabled: true, browserName: safari, cleanSession: true, cssSelectorsEnabled: true, databaseEnabled: true, handlesAlerts: true, javascriptEnabled: true, locationContextEnabled: false, nativeEvents: true, platform: MAC, platformName: MAC, rotatable: false, version: 12604.5.6.1.1, webStorageEnabled: true}
Session ID: C6347EEE-95C3-4B89-8BBF-CA3C566887D8)"/>
         <system-out><![CDATA[2018-03-20 19:50:03 - [TEST_CASE][FAILED] - Test Cases/Prototyp_Filialsuche (RC 18)/25_Testfall: Test Cases/Prototyp_Filialsuche (RC 18)/25_Testfall FAILED because (of) Unable to click on object 'Object Repository/002/Page_Filialsuche - BVR HTML Prototy/div_Berlin' (Root cause: org.openqa.selenium.ElementNotVisibleException: An element command could not be completed because the element is not visible on the page. (WARNING: The server did not provide any stacktrace information)
Command duration or timeout: 0 milliseconds
Build info: version: '3.7.1', revision: '8a0099a', time: '2017-11-06T21:07:36.161Z'
System info: host: 'Lilias-MacBook-Pro.local', ip: '192.168.0.4', os.name: 'Mac OS X', os.arch: 'x86_64', os.version: '10.12.6', java.version: '1.8.0_102'
Driver info: com.kms.katalon.selenium.driver.CSafariDriver
Capabilities {applicationCacheEnabled: true, browserName: safari, cleanSession: true, cssSelectorsEnabled: true, databaseEnabled: true, handlesAlerts: true, javascriptEnabled: true, locationContextEnabled: false, nativeEvents: true, platform: MAC, platformName: MAC, rotatable: false, version: 12604.5.6.1.1, webStorageEnabled: true}
Session ID: C6347EEE-95C3-4B89-8BBF-CA3C566887D8)

2018-03-20 19:50:03 - [TEST_STEP][PASSED] - openBrowser: Browser is opened with url: ''

2018-03-20 19:50:05 - [MESSAGE][PASSED] - Browser is opened with url: ''

2018-03-20 19:50:05 - [TEST_STEP][PASSED] - deleteAllCookies: Delete all cookies successfully

2018-03-20 19:50:05 - [MESSAGE][PASSED] - Delete all cookies successfully

2018-03-20 19:50:05 - [TEST_STEP][PASSED] - maximizeWindow: Current window maximized

2018-03-20 19:50:05 - [MESSAGE][PASSED] - Current window maximized

2018-03-20 19:50:05 - [TEST_STEP][PASSED] - navigateToUrl: Navigate to 'http://rc-ogrhtmlprototyp.testintern/18-1-0/filialsuche.html' successfully

2018-03-20 19:50:08 - [MESSAGE][PASSED] - Navigate to 'http://rc-ogrhtmlprototyp.testintern/18-1-0/filialsuche.html' successfully

2018-03-20 19:50:08 - [TEST_STEP][PASSED] - waitForPageLoad: Wait for page load successfully

2018-03-20 19:50:08 - [MESSAGE][WARNING] - Timeout '0' is invalid. Using default page load timeout: '30'

2018-03-20 19:50:08 - [MESSAGE][PASSED] - Wait for page load successfully

2018-03-20 19:50:08 - [TEST_STEP][PASSED] - delay: Delayed 2 second(s)

2018-03-20 19:50:10 - [MESSAGE][PASSED] - Delayed 2 second(s)

2018-03-20 19:50:10 - [TEST_STEP][PASSED] - click: Object: 'Object Repository/03/Page_Filialsuche-rotenburg - BVR HT/svg_dropdown-icons' is clicked on

2018-03-20 19:50:10 - [MESSAGE][PASSED] - Object: 'Object Repository/03/Page_Filialsuche-rotenburg - BVR HT/svg_dropdown-icons' is clicked on

2018-03-20 19:50:10 - [TEST_STEP][PASSED] - delay: Delayed 2 second(s)

2018-03-20 19:50:12 - [MESSAGE][PASSED] - Delayed 2 second(s)

2018-03-20 19:50:12 - [TEST_STEP][PASSED] - mouseOver: Object: 'Object Repository/002/Page_Filialsuche - BVR HTML Prototy/div_Berlin' is hovered

2018-03-20 19:50:12 - [MESSAGE][PASSED] - Object: 'Object Repository/002/Page_Filialsuche - BVR HTML Prototy/div_Berlin' is hovered

2018-03-20 19:50:12 - [TEST_STEP][PASSED] - delay: Delayed 2 second(s)

2018-03-20 19:50:14 - [MESSAGE][PASSED] - Delayed 2 second(s)

2018-03-20 19:50:14 - [TEST_STEP][FAILED] - click: Unable to click on object 'Object Repository/002/Page_Filialsuche - BVR HTML Prototy/div_Berlin' (Root cause: org.openqa.selenium.ElementNotVisibleException: An element command could not be completed because the element is not visible on the page. (WARNING: The server did not provide any stacktrace information)
Command duration or timeout: 0 milliseconds
Build info: version: '3.7.1', revision: '8a0099a', time: '2017-11-06T21:07:36.161Z'
System info: host: 'Lilias-MacBook-Pro.local', ip: '192.168.0.4', os.name: 'Mac OS X', os.arch: 'x86_64', os.version: '10.12.6', java.version: '1.8.0_102'
Driver info: com.kms.katalon.selenium.driver.CSafariDriver
Capabilities {applicationCacheEnabled: true, browserName: safari, cleanSession: true, cssSelectorsEnabled: true, databaseEnabled: true, handlesAlerts: true, javascriptEnabled: true, locationContextEnabled: false, nativeEvents: true, platform: MAC, platformName: MAC, rotatable: false, version: 12604.5.6.1.1, webStorageEnabled: true}
Session ID: C6347EEE-95C3-4B89-8BBF-CA3C566887D8)

2018-03-20 19:50:15 - [MESSAGE][FAILED] - Unable to click on object 'Object Repository/002/Page_Filialsuche - BVR HTML Prototy/div_Berlin' (Root cause: org.openqa.selenium.ElementNotVisibleException: An element command could not be completed because the element is not visible on the page. (WARNING: The server did not provide any stacktrace information)
Command duration or timeout: 0 milliseconds
Build info: version: '3.7.1', revision: '8a0099a', time: '2017-11-06T21:07:36.161Z'
System info: host: 'Lilias-MacBook-Pro.local', ip: '192.168.0.4', os.name: 'Mac OS X', os.arch: 'x86_64', os.version: '10.12.6', java.version: '1.8.0_102'
Driver info: com.kms.katalon.selenium.driver.CSafariDriver
Capabilities {applicationCacheEnabled: true, browserName: safari, cleanSession: true, cssSelectorsEnabled: true, databaseEnabled: true, handlesAlerts: true, javascriptEnabled: true, locationContextEnabled: false, nativeEvents: true, platform: MAC, platformName: MAC, rotatable: false, version: 12604.5.6.1.1, webStorageEnabled: true}
Session ID: C6347EEE-95C3-4B89-8BBF-CA3C566887D8)
[[ATTACHMENT|/Users/lbut/git/Katalon/Reports/Filialsuche_20_03/20180320_194128/1521571814982.png]]]]></system-out>
         <system-err><![CDATA[2018-03-20 19:50:03 - [TEST_CASE][FAILED] - Test Cases/Prototyp_Filialsuche (RC 18)/25_Testfall: Test Cases/Prototyp_Filialsuche (RC 18)/25_Testfall FAILED because (of) Unable to click on object 'Object Repository/002/Page_Filialsuche - BVR HTML Prototy/div_Berlin' (Root cause: org.openqa.selenium.ElementNotVisibleException: An element command could not be completed because the element is not visible on the page. (WARNING: The server did not provide any stacktrace information)
Command duration or timeout: 0 milliseconds
Build info: version: '3.7.1', revision: '8a0099a', time: '2017-11-06T21:07:36.161Z'
System info: host: 'Lilias-MacBook-Pro.local', ip: '192.168.0.4', os.name: 'Mac OS X', os.arch: 'x86_64', os.version: '10.12.6', java.version: '1.8.0_102'
Driver info: com.kms.katalon.selenium.driver.CSafariDriver
Capabilities {applicationCacheEnabled: true, browserName: safari, cleanSession: true, cssSelectorsEnabled: true, databaseEnabled: true, handlesAlerts: true, javascriptEnabled: true, locationContextEnabled: false, nativeEvents: true, platform: MAC, platformName: MAC, rotatable: false, version: 12604.5.6.1.1, webStorageEnabled: true}
Session ID: C6347EEE-95C3-4B89-8BBF-CA3C566887D8)]]></system-err>
      </testcase>
      <testcase name="Test Cases/Prototyp_Filialsuche (RC 18)/26_Testfall" classname="Test Cases/Prototyp_Filialsuche (RC 18)/26_Testfall" status="FAILED">
         <failure type="FAILED" message="Eine Filiale ist nicht sichtbar."/>
         <system-out><![CDATA[2018-03-20 19:50:15 - [TEST_CASE][FAILED] - Test Cases/Prototyp_Filialsuche (RC 18)/26_Testfall: Test Cases/Prototyp_Filialsuche (RC 18)/26_Testfall FAILED because (of) Eine Filiale ist nicht sichtbar.

2018-03-20 19:50:15 - [TEST_STEP][PASSED] - openBrowser: Browser is opened with url: ''

2018-03-20 19:50:15 - [MESSAGE][WARNING] - A browser is already opened. Closing browser and opening a new one

2018-03-20 19:50:17 - [MESSAGE][PASSED] - Browser is opened with url: ''

2018-03-20 19:50:17 - [TEST_STEP][PASSED] - deleteAllCookies: Delete all cookies successfully

2018-03-20 19:50:17 - [MESSAGE][PASSED] - Delete all cookies successfully

2018-03-20 19:50:17 - [TEST_STEP][PASSED] - maximizeWindow: Current window maximized

2018-03-20 19:50:17 - [MESSAGE][PASSED] - Current window maximized

2018-03-20 19:50:17 - [TEST_STEP][PASSED] - navigateToUrl: Navigate to 'http://rc-ogrhtmlprototyp.testintern/18-1-0/home-6-filialsuche.html' successfully

2018-03-20 19:50:20 - [MESSAGE][PASSED] - Navigate to 'http://rc-ogrhtmlprototyp.testintern/18-1-0/home-6-filialsuche.html' successfully

2018-03-20 19:50:20 - [TEST_STEP][PASSED] - waitForPageLoad: Wait for page load successfully

2018-03-20 19:50:20 - [MESSAGE][WARNING] - Timeout '0' is invalid. Using default page load timeout: '30'

2018-03-20 19:50:20 - [MESSAGE][PASSED] - Wait for page load successfully

2018-03-20 19:50:20 - [TEST_STEP][PASSED] - delay: Delayed 2 second(s)

2018-03-20 19:50:22 - [MESSAGE][PASSED] - Delayed 2 second(s)

2018-03-20 19:50:22 - [TEST_STEP][PASSED] - click: Object: 'Object Repository/03/Page_Filialsuche-rotenburg - BVR HT/Page_Home-6-filialsuche - BVR HTML/svg_dropdown-icons' is clicked on

2018-03-20 19:50:22 - [MESSAGE][PASSED] - Object: 'Object Repository/03/Page_Filialsuche-rotenburg - BVR HT/Page_Home-6-filialsuche - BVR HTML/svg_dropdown-icons' is clicked on

2018-03-20 19:50:22 - [TEST_STEP][PASSED] - delay: Delayed 2 second(s)

2018-03-20 19:50:24 - [MESSAGE][PASSED] - Delayed 2 second(s)

2018-03-20 19:50:24 - [TEST_STEP][PASSED] - mouseOver: Object: 'Object Repository/002/Page_Home-6-filialsuche - BVR HTML/div_Berlin' is hovered

2018-03-20 19:50:24 - [MESSAGE][PASSED] - Object: 'Object Repository/002/Page_Home-6-filialsuche - BVR HTML/div_Berlin' is hovered

2018-03-20 19:50:24 - [TEST_STEP][PASSED] - delay: Delayed 2 second(s)

2018-03-20 19:50:26 - [MESSAGE][PASSED] - Delayed 2 second(s)

2018-03-20 19:50:26 - [TEST_STEP][PASSED] - click: Object: 'Object Repository/002/Page_Home-6-filialsuche - BVR HTML/div_Berlin' is clicked on

2018-03-20 19:50:26 - [MESSAGE][PASSED] - Object: 'Object Repository/002/Page_Home-6-filialsuche - BVR HTML/div_Berlin' is clicked on

2018-03-20 19:50:26 - [TEST_STEP][PASSED] - delay: Delayed 5 second(s)

2018-03-20 19:50:31 - [MESSAGE][PASSED] - Delayed 5 second(s)

2018-03-20 19:50:31 - [TEST_STEP][PASSED] - Statement - wes = com.kms.katalon.core.webui.common.WebUiCommonHelper.findWebElements(com.kms.katalon.core.testobject.ObjectRepository.findTestObject(filial_map), 5): Found 37 web elements with id: 'Object Repository/filial_map' located by 'By.xpath: //div[@class='aps-map__custom-marker']' in '5' second(s)

2018-03-20 19:50:31 - [TEST_STEP][PASSED] - Statement - For ([i = 0, i < wes.size(), (i++)]): null

2018-03-20 19:50:31 - [TEST_STEP][PASSED] - Statement - el = wes.get(i): null

2018-03-20 19:50:31 - [TEST_STEP][PASSED] - Statement - If (!(el.isDisplayed())): null

2018-03-20 19:50:31 - [TEST_STEP][PASSED] - Statement - el = wes.get(i): null

2018-03-20 19:50:31 - [TEST_STEP][PASSED] - Statement - If (!(el.isDisplayed())): null

2018-03-20 19:50:31 - [TEST_STEP][PASSED] - Statement - el = wes.get(i): null

2018-03-20 19:50:31 - [TEST_STEP][PASSED] - Statement - If (!(el.isDisplayed())): null

2018-03-20 19:50:31 - [TEST_STEP][PASSED] - Statement - el = wes.get(i): null

2018-03-20 19:50:31 - [TEST_STEP][PASSED] - Statement - If (!(el.isDisplayed())): null

2018-03-20 19:50:31 - [TEST_STEP][PASSED] - Statement - el = wes.get(i): null

2018-03-20 19:50:31 - [TEST_STEP][PASSED] - Statement - If (!(el.isDisplayed())): null

2018-03-20 19:50:31 - [TEST_STEP][PASSED] - Statement - el = wes.get(i): null

2018-03-20 19:50:31 - [TEST_STEP][PASSED] - Statement - If (!(el.isDisplayed())): null

2018-03-20 19:50:31 - [TEST_STEP][PASSED] - Statement - el = wes.get(i): null

2018-03-20 19:50:31 - [TEST_STEP][PASSED] - Statement - If (!(el.isDisplayed())): null

2018-03-20 19:50:31 - [TEST_STEP][PASSED] - Statement - el = wes.get(i): null

2018-03-20 19:50:31 - [TEST_STEP][PASSED] - Statement - If (!(el.isDisplayed())): null

2018-03-20 19:50:31 - [TEST_STEP][PASSED] - Statement - el = wes.get(i): null

2018-03-20 19:50:31 - [TEST_STEP][PASSED] - Statement - If (!(el.isDisplayed())): null

2018-03-20 19:50:31 - [TEST_STEP][PASSED] - Statement - el = wes.get(i): null

2018-03-20 19:50:31 - [TEST_STEP][PASSED] - Statement - If (!(el.isDisplayed())): null

2018-03-20 19:50:31 - [TEST_STEP][PASSED] - Statement - el = wes.get(i): null

2018-03-20 19:50:31 - [TEST_STEP][PASSED] - Statement - If (!(el.isDisplayed())): null

2018-03-20 19:50:32 - [TEST_STEP][PASSED] - Statement - el = wes.get(i): null

2018-03-20 19:50:32 - [TEST_STEP][PASSED] - Statement - If (!(el.isDisplayed())): null

2018-03-20 19:50:32 - [TEST_STEP][PASSED] - Statement - el = wes.get(i): null

2018-03-20 19:50:32 - [TEST_STEP][PASSED] - Statement - If (!(el.isDisplayed())): null

2018-03-20 19:50:32 - [TEST_STEP][PASSED] - comment: Nicht alle Filiale sind angezeigt auf der Karte!

2018-03-20 19:50:32 - [TEST_STEP][PASSED] - closeBrowser: Browser is closed

2018-03-20 19:50:32 - [MESSAGE][PASSED] - Browser is closed

2018-03-20 19:50:32 - [TEST_STEP][PASSED] - Statement - Throw new com.kms.katalon.core.exception.StepFailedException(Eine Filiale ist nicht sichtbar.): null]]></system-out>
         <system-err><![CDATA[2018-03-20 19:50:15 - [TEST_CASE][FAILED] - Test Cases/Prototyp_Filialsuche (RC 18)/26_Testfall: Test Cases/Prototyp_Filialsuche (RC 18)/26_Testfall FAILED because (of) Eine Filiale ist nicht sichtbar.]]></system-err>
      </testcase>
      <testcase name="Test Cases/Prototyp_Filialsuche (RC 18)/27_Testfall" classname="Test Cases/Prototyp_Filialsuche (RC 18)/27_Testfall" status="PASSED">
         <system-out><![CDATA[2018-03-20 19:50:32 - [TEST_CASE][PASSED] - Test Cases/Prototyp_Filialsuche (RC 18)/27_Testfall: Test Cases/Prototyp_Filialsuche (RC 18)/27_Testfall

2018-03-20 19:50:32 - [TEST_STEP][PASSED] - openBrowser: Browser is opened with url: ''

2018-03-20 19:50:34 - [MESSAGE][PASSED] - Browser is opened with url: ''

2018-03-20 19:50:34 - [TEST_STEP][PASSED] - deleteAllCookies: Delete all cookies successfully

2018-03-20 19:50:34 - [MESSAGE][PASSED] - Delete all cookies successfully

2018-03-20 19:50:34 - [TEST_STEP][PASSED] - maximizeWindow: Current window maximized

2018-03-20 19:50:34 - [MESSAGE][PASSED] - Current window maximized

2018-03-20 19:50:34 - [TEST_STEP][PASSED] - navigateToUrl: Navigate to 'http://rc-ogrhtmlprototyp.testintern/18-1-0/detail.html' successfully

2018-03-20 19:50:46 - [MESSAGE][PASSED] - Navigate to 'http://rc-ogrhtmlprototyp.testintern/18-1-0/detail.html' successfully

2018-03-20 19:50:46 - [TEST_STEP][PASSED] - waitForPageLoad: Wait for page load successfully

2018-03-20 19:50:46 - [MESSAGE][WARNING] - Timeout '0' is invalid. Using default page load timeout: '30'

2018-03-20 19:50:46 - [MESSAGE][PASSED] - Wait for page load successfully

2018-03-20 19:50:46 - [TEST_STEP][PASSED] - delay: Delayed 2 second(s)

2018-03-20 19:50:48 - [MESSAGE][PASSED] - Delayed 2 second(s)

2018-03-20 19:50:48 - [TEST_STEP][PASSED] - click: Object: 'Object Repository/002/Page_Detail - BVR HTML Prototyp/svg_dropdown-icons' is clicked on

2018-03-20 19:50:48 - [MESSAGE][PASSED] - Object: 'Object Repository/002/Page_Detail - BVR HTML Prototyp/svg_dropdown-icons' is clicked on

2018-03-20 19:50:48 - [TEST_STEP][PASSED] - delay: Delayed 2 second(s)

2018-03-20 19:50:50 - [MESSAGE][PASSED] - Delayed 2 second(s)

2018-03-20 19:50:50 - [TEST_STEP][PASSED] - mouseOver: Object: 'Object Repository/002/Page_Detail - BVR HTML Prototyp (1)/div_Berlin' is hovered

2018-03-20 19:50:50 - [MESSAGE][PASSED] - Object: 'Object Repository/002/Page_Detail - BVR HTML Prototyp (1)/div_Berlin' is hovered

2018-03-20 19:50:50 - [TEST_STEP][PASSED] - delay: Delayed 2 second(s)

2018-03-20 19:50:52 - [MESSAGE][PASSED] - Delayed 2 second(s)

2018-03-20 19:50:52 - [TEST_STEP][PASSED] - click: Object: 'Object Repository/002/Page_Detail - BVR HTML Prototyp (1)/div_Berlin' is clicked on

2018-03-20 19:50:52 - [MESSAGE][PASSED] - Object: 'Object Repository/002/Page_Detail - BVR HTML Prototyp (1)/div_Berlin' is clicked on

2018-03-20 19:50:52 - [TEST_STEP][PASSED] - delay: Delayed 5 second(s)

2018-03-20 19:50:57 - [MESSAGE][PASSED] - Delayed 5 second(s)

2018-03-20 19:50:57 - [TEST_STEP][PASSED] - Statement - wes = com.kms.katalon.core.webui.common.WebUiCommonHelper.findWebElements(com.kms.katalon.core.testobject.ObjectRepository.findTestObject(filial_map), 5): Found 37 web elements with id: 'Object Repository/filial_map' located by 'By.xpath: //div[@class='aps-map__custom-marker']' in '5' second(s)

2018-03-20 19:50:58 - [TEST_STEP][PASSED] - Statement - For ([i = 0, i < wes.size(), (i++)]): null

2018-03-20 19:50:58 - [TEST_STEP][PASSED] - Statement - el = wes.get(i): null

2018-03-20 19:50:58 - [TEST_STEP][PASSED] - Statement - If (!(el.isDisplayed())): null

2018-03-20 19:50:58 - [TEST_STEP][PASSED] - Statement - el = wes.get(i): null

2018-03-20 19:50:58 - [TEST_STEP][PASSED] - Statement - If (!(el.isDisplayed())): null

2018-03-20 19:50:58 - [TEST_STEP][PASSED] - Statement - el = wes.get(i): null

2018-03-20 19:50:58 - [TEST_STEP][PASSED] - Statement - If (!(el.isDisplayed())): null

2018-03-20 19:50:58 - [TEST_STEP][PASSED] - Statement - el = wes.get(i): null

2018-03-20 19:50:58 - [TEST_STEP][PASSED] - Statement - If (!(el.isDisplayed())): null

2018-03-20 19:50:58 - [TEST_STEP][PASSED] - Statement - el = wes.get(i): null

2018-03-20 19:50:58 - [TEST_STEP][PASSED] - Statement - If (!(el.isDisplayed())): null

2018-03-20 19:50:58 - [TEST_STEP][PASSED] - Statement - el = wes.get(i): null

2018-03-20 19:50:58 - [TEST_STEP][PASSED] - Statement - If (!(el.isDisplayed())): null

2018-03-20 19:50:58 - [TEST_STEP][PASSED] - Statement - el = wes.get(i): null

2018-03-20 19:50:58 - [TEST_STEP][PASSED] - Statement - If (!(el.isDisplayed())): null

2018-03-20 19:50:58 - [TEST_STEP][PASSED] - Statement - el = wes.get(i): null

2018-03-20 19:50:58 - [TEST_STEP][PASSED] - Statement - If (!(el.isDisplayed())): null

2018-03-20 19:50:58 - [TEST_STEP][PASSED] - Statement - el = wes.get(i): null

2018-03-20 19:50:58 - [TEST_STEP][PASSED] - Statement - If (!(el.isDisplayed())): null

2018-03-20 19:50:58 - [TEST_STEP][PASSED] - Statement - el = wes.get(i): null

2018-03-20 19:50:58 - [TEST_STEP][PASSED] - Statement - If (!(el.isDisplayed())): null

2018-03-20 19:50:58 - [TEST_STEP][PASSED] - Statement - el = wes.get(i): null

2018-03-20 19:50:58 - [TEST_STEP][PASSED] - Statement - If (!(el.isDisplayed())): null

2018-03-20 19:50:58 - [TEST_STEP][PASSED] - Statement - el = wes.get(i): null

2018-03-20 19:50:58 - [TEST_STEP][PASSED] - Statement - If (!(el.isDisplayed())): null

2018-03-20 19:50:58 - [TEST_STEP][PASSED] - Statement - el = wes.get(i): null

2018-03-20 19:50:58 - [TEST_STEP][PASSED] - Statement - If (!(el.isDisplayed())): null

2018-03-20 19:50:58 - [TEST_STEP][PASSED] - Statement - el = wes.get(i): null

2018-03-20 19:50:58 - [TEST_STEP][PASSED] - Statement - If (!(el.isDisplayed())): null

2018-03-20 19:50:58 - [TEST_STEP][PASSED] - Statement - el = wes.get(i): null

2018-03-20 19:50:58 - [TEST_STEP][PASSED] - Statement - If (!(el.isDisplayed())): null

2018-03-20 19:50:58 - [TEST_STEP][PASSED] - Statement - el = wes.get(i): null

2018-03-20 19:50:58 - [TEST_STEP][PASSED] - Statement - If (!(el.isDisplayed())): null

2018-03-20 19:50:58 - [TEST_STEP][PASSED] - Statement - el = wes.get(i): null

2018-03-20 19:50:58 - [TEST_STEP][PASSED] - Statement - If (!(el.isDisplayed())): null

2018-03-20 19:50:58 - [TEST_STEP][PASSED] - Statement - el = wes.get(i): null

2018-03-20 19:50:58 - [TEST_STEP][PASSED] - Statement - If (!(el.isDisplayed())): null

2018-03-20 19:50:58 - [TEST_STEP][PASSED] - Statement - el = wes.get(i): null

2018-03-20 19:50:58 - [TEST_STEP][PASSED] - Statement - If (!(el.isDisplayed())): null

2018-03-20 19:50:58 - [TEST_STEP][PASSED] - Statement - el = wes.get(i): null

2018-03-20 19:50:58 - [TEST_STEP][PASSED] - Statement - If (!(el.isDisplayed())): null

2018-03-20 19:50:58 - [TEST_STEP][PASSED] - Statement - el = wes.get(i): null

2018-03-20 19:50:58 - [TEST_STEP][PASSED] - Statement - If (!(el.isDisplayed())): null

2018-03-20 19:50:58 - [TEST_STEP][PASSED] - Statement - el = wes.get(i): null

2018-03-20 19:50:58 - [TEST_STEP][PASSED] - Statement - If (!(el.isDisplayed())): null

2018-03-20 19:50:58 - [TEST_STEP][PASSED] - Statement - el = wes.get(i): null

2018-03-20 19:50:58 - [TEST_STEP][PASSED] - Statement - If (!(el.isDisplayed())): null

2018-03-20 19:50:58 - [TEST_STEP][PASSED] - Statement - el = wes.get(i): null

2018-03-20 19:50:58 - [TEST_STEP][PASSED] - Statement - If (!(el.isDisplayed())): null

2018-03-20 19:50:58 - [TEST_STEP][PASSED] - Statement - el = wes.get(i): null

2018-03-20 19:50:58 - [TEST_STEP][PASSED] - Statement - If (!(el.isDisplayed())): null

2018-03-20 19:50:58 - [TEST_STEP][PASSED] - Statement - el = wes.get(i): null

2018-03-20 19:50:58 - [TEST_STEP][PASSED] - Statement - If (!(el.isDisplayed())): null

2018-03-20 19:50:58 - [TEST_STEP][PASSED] - Statement - el = wes.get(i): null

2018-03-20 19:50:58 - [TEST_STEP][PASSED] - Statement - If (!(el.isDisplayed())): null

2018-03-20 19:50:58 - [TEST_STEP][PASSED] - Statement - el = wes.get(i): null

2018-03-20 19:50:58 - [TEST_STEP][PASSED] - Statement - If (!(el.isDisplayed())): null

2018-03-20 19:50:58 - [TEST_STEP][PASSED] - Statement - el = wes.get(i): null

2018-03-20 19:50:58 - [TEST_STEP][PASSED] - Statement - If (!(el.isDisplayed())): null

2018-03-20 19:50:58 - [TEST_STEP][PASSED] - Statement - el = wes.get(i): null

2018-03-20 19:50:58 - [TEST_STEP][PASSED] - Statement - If (!(el.isDisplayed())): null

2018-03-20 19:50:58 - [TEST_STEP][PASSED] - Statement - el = wes.get(i): null

2018-03-20 19:50:58 - [TEST_STEP][PASSED] - Statement - If (!(el.isDisplayed())): null

2018-03-20 19:50:58 - [TEST_STEP][PASSED] - Statement - el = wes.get(i): null

2018-03-20 19:50:58 - [TEST_STEP][PASSED] - Statement - If (!(el.isDisplayed())): null

2018-03-20 19:50:58 - [TEST_STEP][PASSED] - Statement - el = wes.get(i): null

2018-03-20 19:50:58 - [TEST_STEP][PASSED] - Statement - If (!(el.isDisplayed())): null

2018-03-20 19:50:58 - [TEST_STEP][PASSED] - Statement - el = wes.get(i): null

2018-03-20 19:50:58 - [TEST_STEP][PASSED] - Statement - If (!(el.isDisplayed())): null

2018-03-20 19:50:58 - [TEST_STEP][PASSED] - Statement - el = wes.get(i): null

2018-03-20 19:50:58 - [TEST_STEP][PASSED] - Statement - If (!(el.isDisplayed())): null

2018-03-20 19:50:58 - [TEST_STEP][PASSED] - Statement - el = wes.get(i): null

2018-03-20 19:50:58 - [TEST_STEP][PASSED] - Statement - If (!(el.isDisplayed())): null

2018-03-20 19:50:58 - [TEST_STEP][PASSED] - Statement - el = wes.get(i): null

2018-03-20 19:50:58 - [TEST_STEP][PASSED] - Statement - If (!(el.isDisplayed())): null

2018-03-20 19:50:58 - [TEST_STEP][PASSED] - closeBrowser: Browser is closed

2018-03-20 19:50:58 - [MESSAGE][PASSED] - Browser is closed]]></system-out>
         <system-err><![CDATA[]]></system-err>
      </testcase>
      <testcase name="Test Cases/Prototyp_Filialsuche (RC 18)/28_Testfall" classname="Test Cases/Prototyp_Filialsuche (RC 18)/28_Testfall" status="FAILED">
         <failure type="FAILED" message="Unable to click on object 'Object Repository/berlin/Page_Filialsuche - BVR HTML Prototy/div_Berlin' (Root cause: org.openqa.selenium.ElementNotVisibleException: An element command could not be completed because the element is not visible on the page. (WARNING: The server did not provide any stacktrace information)
Command duration or timeout: 0 milliseconds
Build info: version: '3.7.1', revision: '8a0099a', time: '2017-11-06T21:07:36.161Z'
System info: host: 'Lilias-MacBook-Pro.local', ip: '192.168.0.4', os.name: 'Mac OS X', os.arch: 'x86_64', os.version: '10.12.6', java.version: '1.8.0_102'
Driver info: com.kms.katalon.selenium.driver.CSafariDriver
Capabilities {applicationCacheEnabled: true, browserName: safari, cleanSession: true, cssSelectorsEnabled: true, databaseEnabled: true, handlesAlerts: true, javascriptEnabled: true, locationContextEnabled: false, nativeEvents: true, platform: MAC, platformName: MAC, rotatable: false, version: 12604.5.6.1.1, webStorageEnabled: true}
Session ID: F719697B-7499-401A-9F40-2841567656C8)"/>
         <system-out><![CDATA[2018-03-20 19:50:58 - [TEST_CASE][FAILED] - Test Cases/Prototyp_Filialsuche (RC 18)/28_Testfall: Test Cases/Prototyp_Filialsuche (RC 18)/28_Testfall FAILED because (of) Unable to click on object 'Object Repository/berlin/Page_Filialsuche - BVR HTML Prototy/div_Berlin' (Root cause: org.openqa.selenium.ElementNotVisibleException: An element command could not be completed because the element is not visible on the page. (WARNING: The server did not provide any stacktrace information)
Command duration or timeout: 0 milliseconds
Build info: version: '3.7.1', revision: '8a0099a', time: '2017-11-06T21:07:36.161Z'
System info: host: 'Lilias-MacBook-Pro.local', ip: '192.168.0.4', os.name: 'Mac OS X', os.arch: 'x86_64', os.version: '10.12.6', java.version: '1.8.0_102'
Driver info: com.kms.katalon.selenium.driver.CSafariDriver
Capabilities {applicationCacheEnabled: true, browserName: safari, cleanSession: true, cssSelectorsEnabled: true, databaseEnabled: true, handlesAlerts: true, javascriptEnabled: true, locationContextEnabled: false, nativeEvents: true, platform: MAC, platformName: MAC, rotatable: false, version: 12604.5.6.1.1, webStorageEnabled: true}
Session ID: F719697B-7499-401A-9F40-2841567656C8)

2018-03-20 19:50:58 - [TEST_STEP][PASSED] - openBrowser: Browser is opened with url: ''

2018-03-20 19:51:00 - [MESSAGE][PASSED] - Browser is opened with url: ''

2018-03-20 19:51:00 - [TEST_STEP][PASSED] - deleteAllCookies: Delete all cookies successfully

2018-03-20 19:51:00 - [MESSAGE][PASSED] - Delete all cookies successfully

2018-03-20 19:51:00 - [TEST_STEP][PASSED] - maximizeWindow: Current window maximized

2018-03-20 19:51:01 - [MESSAGE][PASSED] - Current window maximized

2018-03-20 19:51:01 - [TEST_STEP][PASSED] - navigateToUrl: Navigate to 'http://rc-ogrhtmlprototyp.testintern/18-1-0/filialsuche.html' successfully

2018-03-20 19:51:03 - [MESSAGE][PASSED] - Navigate to 'http://rc-ogrhtmlprototyp.testintern/18-1-0/filialsuche.html' successfully

2018-03-20 19:51:03 - [TEST_STEP][PASSED] - waitForPageLoad: Wait for page load successfully

2018-03-20 19:51:03 - [MESSAGE][WARNING] - Timeout '0' is invalid. Using default page load timeout: '30'

2018-03-20 19:51:03 - [MESSAGE][PASSED] - Wait for page load successfully

2018-03-20 19:51:03 - [TEST_STEP][PASSED] - delay: Delayed 2 second(s)

2018-03-20 19:51:05 - [MESSAGE][PASSED] - Delayed 2 second(s)

2018-03-20 19:51:05 - [TEST_STEP][PASSED] - click: Object: 'Object Repository/002/Page_Filialsuche - BVR HTML Prototy (1)/svg_dropdown-icons' is clicked on

2018-03-20 19:51:05 - [MESSAGE][PASSED] - Object: 'Object Repository/002/Page_Filialsuche - BVR HTML Prototy (1)/svg_dropdown-icons' is clicked on

2018-03-20 19:51:05 - [TEST_STEP][PASSED] - delay: Delayed 2 second(s)

2018-03-20 19:51:07 - [MESSAGE][PASSED] - Delayed 2 second(s)

2018-03-20 19:51:07 - [TEST_STEP][PASSED] - mouseOver: Object: 'Object Repository/berlin/Page_Filialsuche - BVR HTML Prototy/div_Berlin' is hovered

2018-03-20 19:51:07 - [MESSAGE][PASSED] - Object: 'Object Repository/berlin/Page_Filialsuche - BVR HTML Prototy/div_Berlin' is hovered

2018-03-20 19:51:07 - [TEST_STEP][PASSED] - delay: Delayed 2 second(s)

2018-03-20 19:51:09 - [MESSAGE][PASSED] - Delayed 2 second(s)

2018-03-20 19:51:09 - [TEST_STEP][FAILED] - click: Unable to click on object 'Object Repository/berlin/Page_Filialsuche - BVR HTML Prototy/div_Berlin' (Root cause: org.openqa.selenium.ElementNotVisibleException: An element command could not be completed because the element is not visible on the page. (WARNING: The server did not provide any stacktrace information)
Command duration or timeout: 0 milliseconds
Build info: version: '3.7.1', revision: '8a0099a', time: '2017-11-06T21:07:36.161Z'
System info: host: 'Lilias-MacBook-Pro.local', ip: '192.168.0.4', os.name: 'Mac OS X', os.arch: 'x86_64', os.version: '10.12.6', java.version: '1.8.0_102'
Driver info: com.kms.katalon.selenium.driver.CSafariDriver
Capabilities {applicationCacheEnabled: true, browserName: safari, cleanSession: true, cssSelectorsEnabled: true, databaseEnabled: true, handlesAlerts: true, javascriptEnabled: true, locationContextEnabled: false, nativeEvents: true, platform: MAC, platformName: MAC, rotatable: false, version: 12604.5.6.1.1, webStorageEnabled: true}
Session ID: F719697B-7499-401A-9F40-2841567656C8)

2018-03-20 19:51:10 - [MESSAGE][FAILED] - Unable to click on object 'Object Repository/berlin/Page_Filialsuche - BVR HTML Prototy/div_Berlin' (Root cause: org.openqa.selenium.ElementNotVisibleException: An element command could not be completed because the element is not visible on the page. (WARNING: The server did not provide any stacktrace information)
Command duration or timeout: 0 milliseconds
Build info: version: '3.7.1', revision: '8a0099a', time: '2017-11-06T21:07:36.161Z'
System info: host: 'Lilias-MacBook-Pro.local', ip: '192.168.0.4', os.name: 'Mac OS X', os.arch: 'x86_64', os.version: '10.12.6', java.version: '1.8.0_102'
Driver info: com.kms.katalon.selenium.driver.CSafariDriver
Capabilities {applicationCacheEnabled: true, browserName: safari, cleanSession: true, cssSelectorsEnabled: true, databaseEnabled: true, handlesAlerts: true, javascriptEnabled: true, locationContextEnabled: false, nativeEvents: true, platform: MAC, platformName: MAC, rotatable: false, version: 12604.5.6.1.1, webStorageEnabled: true}
Session ID: F719697B-7499-401A-9F40-2841567656C8)
[[ATTACHMENT|/Users/lbut/git/Katalon/Reports/Filialsuche_20_03/20180320_194128/1521571869801.png]]]]></system-out>
         <system-err><![CDATA[2018-03-20 19:50:58 - [TEST_CASE][FAILED] - Test Cases/Prototyp_Filialsuche (RC 18)/28_Testfall: Test Cases/Prototyp_Filialsuche (RC 18)/28_Testfall FAILED because (of) Unable to click on object 'Object Repository/berlin/Page_Filialsuche - BVR HTML Prototy/div_Berlin' (Root cause: org.openqa.selenium.ElementNotVisibleException: An element command could not be completed because the element is not visible on the page. (WARNING: The server did not provide any stacktrace information)
Command duration or timeout: 0 milliseconds
Build info: version: '3.7.1', revision: '8a0099a', time: '2017-11-06T21:07:36.161Z'
System info: host: 'Lilias-MacBook-Pro.local', ip: '192.168.0.4', os.name: 'Mac OS X', os.arch: 'x86_64', os.version: '10.12.6', java.version: '1.8.0_102'
Driver info: com.kms.katalon.selenium.driver.CSafariDriver
Capabilities {applicationCacheEnabled: true, browserName: safari, cleanSession: true, cssSelectorsEnabled: true, databaseEnabled: true, handlesAlerts: true, javascriptEnabled: true, locationContextEnabled: false, nativeEvents: true, platform: MAC, platformName: MAC, rotatable: false, version: 12604.5.6.1.1, webStorageEnabled: true}
Session ID: F719697B-7499-401A-9F40-2841567656C8)]]></system-err>
      </testcase>
      <testcase name="Test Cases/Prototyp_Filialsuche (RC 18)/29_Testfall" classname="Test Cases/Prototyp_Filialsuche (RC 18)/29_Testfall" status="PASSED">
         <system-out><![CDATA[2018-03-20 19:51:10 - [TEST_CASE][PASSED] - Test Cases/Prototyp_Filialsuche (RC 18)/29_Testfall: Test Cases/Prototyp_Filialsuche (RC 18)/29_Testfall

2018-03-20 19:51:10 - [TEST_STEP][PASSED] - openBrowser: Browser is opened with url: ''

2018-03-20 19:51:10 - [MESSAGE][WARNING] - A browser is already opened. Closing browser and opening a new one

2018-03-20 19:51:11 - [MESSAGE][PASSED] - Browser is opened with url: ''

2018-03-20 19:51:11 - [TEST_STEP][PASSED] - maximizeWindow: Current window maximized

2018-03-20 19:51:11 - [MESSAGE][PASSED] - Current window maximized

2018-03-20 19:51:11 - [TEST_STEP][PASSED] - deleteAllCookies: Delete all cookies successfully

2018-03-20 19:51:11 - [MESSAGE][PASSED] - Delete all cookies successfully

2018-03-20 19:51:11 - [TEST_STEP][PASSED] - navigateToUrl: Navigate to 'http://rc-ogrhtmlprototyp.testintern/18-1-0/filialsuche.html' successfully

2018-03-20 19:51:13 - [MESSAGE][PASSED] - Navigate to 'http://rc-ogrhtmlprototyp.testintern/18-1-0/filialsuche.html' successfully

2018-03-20 19:51:13 - [TEST_STEP][PASSED] - delay: Delayed 5 second(s)

2018-03-20 19:51:18 - [MESSAGE][PASSED] - Delayed 5 second(s)

2018-03-20 19:51:18 - [TEST_STEP][PASSED] - click: Object: 'Object Repository/03/Page_Filialsuche-rotenburg - BVR HT/svg_dropdown-icons' is clicked on

2018-03-20 19:51:18 - [MESSAGE][PASSED] - Object: 'Object Repository/03/Page_Filialsuche-rotenburg - BVR HT/svg_dropdown-icons' is clicked on

2018-03-20 19:51:18 - [TEST_STEP][PASSED] - delay: Delayed 5 second(s)

2018-03-20 19:51:23 - [MESSAGE][PASSED] - Delayed 5 second(s)

2018-03-20 19:51:23 - [TEST_STEP][PASSED] - mouseOver: Object: 'Object Repository/x/Page_Filialsuche - BVR HTML Prototy/div_Berlin' is hovered

2018-03-20 19:51:23 - [MESSAGE][PASSED] - Object: 'Object Repository/x/Page_Filialsuche - BVR HTML Prototy/div_Berlin' is hovered

2018-03-20 19:51:23 - [TEST_STEP][PASSED] - delay: Delayed 5 second(s)

2018-03-20 19:51:28 - [MESSAGE][PASSED] - Delayed 5 second(s)

2018-03-20 19:51:28 - [TEST_STEP][PASSED] - click: Object: 'Object Repository/x/Page_Filialsuche - BVR HTML Prototy/div_Berlin' is clicked on

2018-03-20 19:51:28 - [MESSAGE][PASSED] - Object: 'Object Repository/x/Page_Filialsuche - BVR HTML Prototy/div_Berlin' is clicked on

2018-03-20 19:51:28 - [TEST_STEP][PASSED] - delay: Delayed 5 second(s)

2018-03-20 19:51:33 - [MESSAGE][PASSED] - Delayed 5 second(s)

2018-03-20 19:51:33 - [TEST_STEP][PASSED] - verifyElementNotPresent: Web element with id: 'Object Repository/Entfernung_filialsuche' located by 'By.xpath: //span[@class='loc-distance']' is not present after '5' second(s)

2018-03-20 19:51:33 - [MESSAGE][PASSED] - Web element with id: 'Object Repository/Entfernung_filialsuche' located by 'By.xpath: //span[@class='loc-distance']' is not present after '5' second(s)

2018-03-20 19:51:33 - [TEST_STEP][PASSED] - closeBrowser: Browser is closed

2018-03-20 19:51:34 - [MESSAGE][PASSED] - Browser is closed]]></system-out>
         <system-err><![CDATA[]]></system-err>
      </testcase>
      <testcase name="Test Cases/Prototyp_Filialsuche (RC 18)/30_Testfall" classname="Test Cases/Prototyp_Filialsuche (RC 18)/30_Testfall" status="PASSED">
         <system-out><![CDATA[2018-03-20 19:51:34 - [TEST_CASE][PASSED] - Test Cases/Prototyp_Filialsuche (RC 18)/30_Testfall: Test Cases/Prototyp_Filialsuche (RC 18)/30_Testfall

2018-03-20 19:51:34 - [TEST_STEP][PASSED] - openBrowser: Browser is opened with url: ''

2018-03-20 19:51:36 - [MESSAGE][PASSED] - Browser is opened with url: ''

2018-03-20 19:51:36 - [TEST_STEP][PASSED] - maximizeWindow: Current window maximized

2018-03-20 19:51:36 - [MESSAGE][PASSED] - Current window maximized

2018-03-20 19:51:36 - [TEST_STEP][PASSED] - deleteAllCookies: Delete all cookies successfully

2018-03-20 19:51:36 - [MESSAGE][PASSED] - Delete all cookies successfully

2018-03-20 19:51:36 - [TEST_STEP][PASSED] - navigateToUrl: Navigate to 'http://rc-ogrhtmlprototyp.testintern/18-1-0/home-6-filialsuche.html' successfully

2018-03-20 19:51:38 - [MESSAGE][PASSED] - Navigate to 'http://rc-ogrhtmlprototyp.testintern/18-1-0/home-6-filialsuche.html' successfully

2018-03-20 19:51:38 - [TEST_STEP][PASSED] - delay: Delayed 5 second(s)

2018-03-20 19:51:43 - [MESSAGE][PASSED] - Delayed 5 second(s)

2018-03-20 19:51:43 - [TEST_STEP][PASSED] - click: Object: 'Object Repository/03/Page_Filialsuche-rotenburg - BVR HT/Page_Home-6-filialsuche - BVR HTML/svg_dropdown-icons' is clicked on

2018-03-20 19:51:43 - [MESSAGE][PASSED] - Object: 'Object Repository/03/Page_Filialsuche-rotenburg - BVR HT/Page_Home-6-filialsuche - BVR HTML/svg_dropdown-icons' is clicked on

2018-03-20 19:51:43 - [TEST_STEP][PASSED] - delay: Delayed 2 second(s)

2018-03-20 19:51:45 - [MESSAGE][PASSED] - Delayed 2 second(s)

2018-03-20 19:51:45 - [TEST_STEP][PASSED] - mouseOver: Object: 'Object Repository/002/Page_Home-6-filialsuche - BVR HTML/div_Berlin' is hovered

2018-03-20 19:51:45 - [MESSAGE][PASSED] - Object: 'Object Repository/002/Page_Home-6-filialsuche - BVR HTML/div_Berlin' is hovered

2018-03-20 19:51:45 - [TEST_STEP][PASSED] - delay: Delayed 2 second(s)

2018-03-20 19:51:47 - [MESSAGE][PASSED] - Delayed 2 second(s)

2018-03-20 19:51:47 - [TEST_STEP][PASSED] - click: Object: 'Object Repository/002/Page_Home-6-filialsuche - BVR HTML/div_Berlin' is clicked on

2018-03-20 19:51:47 - [MESSAGE][PASSED] - Object: 'Object Repository/002/Page_Home-6-filialsuche - BVR HTML/div_Berlin' is clicked on

2018-03-20 19:51:47 - [TEST_STEP][PASSED] - delay: Delayed 5 second(s)

2018-03-20 19:51:52 - [MESSAGE][PASSED] - Delayed 5 second(s)

2018-03-20 19:51:52 - [TEST_STEP][PASSED] - verifyElementNotPresent: Web element with id: 'Object Repository/Entfernung_filialsuche' located by 'By.xpath: //span[@class='loc-distance']' is not present after '5' second(s)

2018-03-20 19:51:53 - [MESSAGE][PASSED] - Web element with id: 'Object Repository/Entfernung_filialsuche' located by 'By.xpath: //span[@class='loc-distance']' is not present after '5' second(s)

2018-03-20 19:51:53 - [TEST_STEP][PASSED] - closeBrowser: Browser is closed

2018-03-20 19:51:53 - [MESSAGE][PASSED] - Browser is closed]]></system-out>
         <system-err><![CDATA[]]></system-err>
      </testcase>
      <testcase name="Test Cases/Prototyp_Filialsuche (RC 18)/31_Testfall" classname="Test Cases/Prototyp_Filialsuche (RC 18)/31_Testfall" status="PASSED">
         <system-out><![CDATA[2018-03-20 19:51:53 - [TEST_CASE][PASSED] - Test Cases/Prototyp_Filialsuche (RC 18)/31_Testfall: Test Cases/Prototyp_Filialsuche (RC 18)/31_Testfall

2018-03-20 19:51:53 - [TEST_STEP][PASSED] - openBrowser: Browser is opened with url: ''

2018-03-20 19:51:55 - [MESSAGE][PASSED] - Browser is opened with url: ''

2018-03-20 19:51:55 - [TEST_STEP][PASSED] - maximizeWindow: Current window maximized

2018-03-20 19:51:55 - [MESSAGE][PASSED] - Current window maximized

2018-03-20 19:51:55 - [TEST_STEP][PASSED] - deleteAllCookies: Delete all cookies successfully

2018-03-20 19:51:55 - [MESSAGE][PASSED] - Delete all cookies successfully

2018-03-20 19:51:55 - [TEST_STEP][PASSED] - navigateToUrl: Navigate to 'http://rc-ogrhtmlprototyp.testintern/18-1-0/detail.html' successfully

2018-03-20 19:52:11 - [MESSAGE][PASSED] - Navigate to 'http://rc-ogrhtmlprototyp.testintern/18-1-0/detail.html' successfully

2018-03-20 19:52:11 - [TEST_STEP][PASSED] - delay: Delayed 5 second(s)

2018-03-20 19:52:16 - [MESSAGE][PASSED] - Delayed 5 second(s)

2018-03-20 19:52:16 - [TEST_STEP][PASSED] - click: Object: 'Object Repository/002/Page_Detail - BVR HTML Prototyp/svg_dropdown-icons' is clicked on

2018-03-20 19:52:17 - [MESSAGE][PASSED] - Object: 'Object Repository/002/Page_Detail - BVR HTML Prototyp/svg_dropdown-icons' is clicked on

2018-03-20 19:52:17 - [TEST_STEP][PASSED] - delay: Delayed 2 second(s)

2018-03-20 19:52:19 - [MESSAGE][PASSED] - Delayed 2 second(s)

2018-03-20 19:52:19 - [TEST_STEP][PASSED] - mouseOver: Object: 'Object Repository/002/Page_Detail - BVR HTML Prototyp (1)/div_Berlin' is hovered

2018-03-20 19:52:19 - [MESSAGE][PASSED] - Object: 'Object Repository/002/Page_Detail - BVR HTML Prototyp (1)/div_Berlin' is hovered

2018-03-20 19:52:19 - [TEST_STEP][PASSED] - delay: Delayed 2 second(s)

2018-03-20 19:52:21 - [MESSAGE][PASSED] - Delayed 2 second(s)

2018-03-20 19:52:21 - [TEST_STEP][PASSED] - click: Object: 'Object Repository/002/Page_Detail - BVR HTML Prototyp (1)/div_Berlin' is clicked on

2018-03-20 19:52:21 - [MESSAGE][PASSED] - Object: 'Object Repository/002/Page_Detail - BVR HTML Prototyp (1)/div_Berlin' is clicked on

2018-03-20 19:52:21 - [TEST_STEP][PASSED] - delay: Delayed 5 second(s)

2018-03-20 19:52:26 - [MESSAGE][PASSED] - Delayed 5 second(s)

2018-03-20 19:52:26 - [TEST_STEP][PASSED] - verifyElementNotPresent: Web element with id: 'Object Repository/Entfernung_filialsuche' located by 'By.xpath: //span[@class='loc-distance']' is not present after '5' second(s)

2018-03-20 19:52:26 - [MESSAGE][PASSED] - Web element with id: 'Object Repository/Entfernung_filialsuche' located by 'By.xpath: //span[@class='loc-distance']' is not present after '5' second(s)

2018-03-20 19:52:26 - [TEST_STEP][PASSED] - closeBrowser: Browser is closed

2018-03-20 19:52:26 - [MESSAGE][PASSED] - Browser is closed]]></system-out>
         <system-err><![CDATA[]]></system-err>
      </testcase>
      <testcase name="Test Cases/Prototyp_Filialsuche (RC 18)/32_Testfall" classname="Test Cases/Prototyp_Filialsuche (RC 18)/32_Testfall" status="PASSED">
         <system-out><![CDATA[2018-03-20 19:52:26 - [TEST_CASE][PASSED] - Test Cases/Prototyp_Filialsuche (RC 18)/32_Testfall: Test Cases/Prototyp_Filialsuche (RC 18)/32_Testfall

2018-03-20 19:52:26 - [TEST_STEP][PASSED] - openBrowser: Browser is opened with url: ''

2018-03-20 19:52:29 - [MESSAGE][PASSED] - Browser is opened with url: ''

2018-03-20 19:52:29 - [TEST_STEP][PASSED] - maximizeWindow: Current window maximized

2018-03-20 19:52:29 - [MESSAGE][PASSED] - Current window maximized

2018-03-20 19:52:29 - [TEST_STEP][PASSED] - deleteAllCookies: Delete all cookies successfully

2018-03-20 19:52:29 - [MESSAGE][PASSED] - Delete all cookies successfully

2018-03-20 19:52:29 - [TEST_STEP][PASSED] - navigateToUrl: Navigate to 'http://rc-ogrhtmlprototyp.testintern/18-1-0/filialsuche.html' successfully

2018-03-20 19:52:32 - [MESSAGE][PASSED] - Navigate to 'http://rc-ogrhtmlprototyp.testintern/18-1-0/filialsuche.html' successfully

2018-03-20 19:52:32 - [TEST_STEP][PASSED] - delay: Delayed 5 second(s)

2018-03-20 19:52:37 - [MESSAGE][PASSED] - Delayed 5 second(s)

2018-03-20 19:52:37 - [TEST_STEP][PASSED] - click: Object: 'Object Repository/002/Page_Filialsuche - BVR HTML Prototy (1)/svg_dropdown-icons' is clicked on

2018-03-20 19:52:37 - [MESSAGE][PASSED] - Object: 'Object Repository/002/Page_Filialsuche - BVR HTML Prototy (1)/svg_dropdown-icons' is clicked on

2018-03-20 19:52:37 - [TEST_STEP][PASSED] - delay: Delayed 3 second(s)

2018-03-20 19:52:40 - [MESSAGE][PASSED] - Delayed 3 second(s)

2018-03-20 19:52:40 - [TEST_STEP][PASSED] - mouseOver: Object: 'Object Repository/berlin/Page_Filialsuche - BVR HTML Prototy/div_Berlin' is hovered

2018-03-20 19:52:40 - [MESSAGE][PASSED] - Object: 'Object Repository/berlin/Page_Filialsuche - BVR HTML Prototy/div_Berlin' is hovered

2018-03-20 19:52:40 - [TEST_STEP][PASSED] - delay: Delayed 3 second(s)

2018-03-20 19:52:43 - [MESSAGE][PASSED] - Delayed 3 second(s)

2018-03-20 19:52:43 - [TEST_STEP][PASSED] - click: Object: 'Object Repository/berlin/Page_Filialsuche - BVR HTML Prototy/div_Berlin' is clicked on

2018-03-20 19:52:43 - [MESSAGE][PASSED] - Object: 'Object Repository/berlin/Page_Filialsuche - BVR HTML Prototy/div_Berlin' is clicked on

2018-03-20 19:52:43 - [TEST_STEP][PASSED] - delay: Delayed 5 second(s)

2018-03-20 19:52:48 - [MESSAGE][PASSED] - Delayed 5 second(s)

2018-03-20 19:52:48 - [TEST_STEP][PASSED] - verifyElementNotPresent: Web element with id: 'Object Repository/Entfernung_filialsuche' located by 'By.xpath: //span[@class='loc-distance']' is not present after '5' second(s)

2018-03-20 19:52:48 - [MESSAGE][PASSED] - Web element with id: 'Object Repository/Entfernung_filialsuche' located by 'By.xpath: //span[@class='loc-distance']' is not present after '5' second(s)

2018-03-20 19:52:48 - [TEST_STEP][PASSED] - closeBrowser: Browser is closed

2018-03-20 19:52:48 - [MESSAGE][PASSED] - Browser is closed]]></system-out>
         <system-err><![CDATA[]]></system-err>
      </testcase>
      <testcase name="Test Cases/Prototyp_Filialsuche (RC 18)/33_Testfall" classname="Test Cases/Prototyp_Filialsuche (RC 18)/33_Testfall" status="PASSED">
         <system-out><![CDATA[2018-03-20 19:52:48 - [TEST_CASE][PASSED] - Test Cases/Prototyp_Filialsuche (RC 18)/33_Testfall: Test Cases/Prototyp_Filialsuche (RC 18)/33_Testfall

2018-03-20 19:52:48 - [TEST_STEP][PASSED] - openBrowser: Browser is opened with url: ''

2018-03-20 19:52:50 - [MESSAGE][PASSED] - Browser is opened with url: ''

2018-03-20 19:52:50 - [TEST_STEP][PASSED] - maximizeWindow: Current window maximized

2018-03-20 19:52:50 - [MESSAGE][PASSED] - Current window maximized

2018-03-20 19:52:50 - [TEST_STEP][PASSED] - deleteAllCookies: Delete all cookies successfully

2018-03-20 19:52:50 - [MESSAGE][PASSED] - Delete all cookies successfully

2018-03-20 19:52:50 - [TEST_STEP][PASSED] - navigateToUrl: Navigate to 'http://rc-ogrhtmlprototyp.testintern/18-1-0/filialsuche-textinput.html' successfully

2018-03-20 19:52:54 - [MESSAGE][PASSED] - Navigate to 'http://rc-ogrhtmlprototyp.testintern/18-1-0/filialsuche-textinput.html' successfully

2018-03-20 19:52:54 - [TEST_STEP][PASSED] - delay: Delayed 5 second(s)

2018-03-20 19:52:59 - [MESSAGE][PASSED] - Delayed 5 second(s)

2018-03-20 19:52:59 - [TEST_STEP][PASSED] - Statement - Try: Object 'Object Repository/Accordeon_filialsuche' is NOT visible

2018-03-20 19:52:59 - [TEST_STEP][PASSED] - verifyElementNotVisible: Object 'Object Repository/Accordeon_filialsuche' is NOT visible

2018-03-20 19:52:59 - [MESSAGE][PASSED] - Object 'Object Repository/Accordeon_filialsuche' is NOT visible

2018-03-20 19:52:59 - [TEST_STEP][PASSED] - verifyElementNotPresent: Web element with id: 'Object Repository/filial_map' located by 'By.xpath: //div[@class='aps-map__custom-marker']' is not present after '2' second(s)

2018-03-20 19:52:59 - [MESSAGE][PASSED] - Web element with id: 'Object Repository/filial_map' located by 'By.xpath: //div[@class='aps-map__custom-marker']' is not present after '2' second(s)

2018-03-20 19:52:59 - [TEST_STEP][PASSED] - closeBrowser: Browser is closed

2018-03-20 19:52:59 - [MESSAGE][PASSED] - Browser is closed]]></system-out>
         <system-err><![CDATA[]]></system-err>
      </testcase>
      <testcase name="Test Cases/Prototyp_Filialsuche (RC 18)/34_Testfall" classname="Test Cases/Prototyp_Filialsuche (RC 18)/34_Testfall" status="PASSED">
         <system-out><![CDATA[2018-03-20 19:52:59 - [TEST_CASE][PASSED] - Test Cases/Prototyp_Filialsuche (RC 18)/34_Testfall: Test Cases/Prototyp_Filialsuche (RC 18)/34_Testfall

2018-03-20 19:52:59 - [TEST_STEP][PASSED] - openBrowser: Browser is opened with url: ''

2018-03-20 19:53:01 - [MESSAGE][PASSED] - Browser is opened with url: ''

2018-03-20 19:53:01 - [TEST_STEP][PASSED] - maximizeWindow: Current window maximized

2018-03-20 19:53:01 - [MESSAGE][PASSED] - Current window maximized

2018-03-20 19:53:01 - [TEST_STEP][PASSED] - deleteAllCookies: Delete all cookies successfully

2018-03-20 19:53:01 - [MESSAGE][PASSED] - Delete all cookies successfully

2018-03-20 19:53:01 - [TEST_STEP][PASSED] - navigateToUrl: Navigate to 'http://rc-ogrhtmlprototyp.testintern/18-1-0/filialsuche-textinput.html' successfully

2018-03-20 19:53:03 - [MESSAGE][PASSED] - Navigate to 'http://rc-ogrhtmlprototyp.testintern/18-1-0/filialsuche-textinput.html' successfully

2018-03-20 19:53:03 - [TEST_STEP][PASSED] - delay: Delayed 2 second(s)

2018-03-20 19:53:05 - [MESSAGE][PASSED] - Delayed 2 second(s)

2018-03-20 19:53:05 - [TEST_STEP][PASSED] - setText: Text 'berlin' is set on object 'Object Repository/34TF/Page_Filialsuche-textinput - BVR HT/input_city'

2018-03-20 19:53:05 - [MESSAGE][PASSED] - Text 'berlin' is set on object 'Object Repository/34TF/Page_Filialsuche-textinput - BVR HT/input_city'

2018-03-20 19:53:05 - [TEST_STEP][PASSED] - click: Object: 'Object Repository/34TF/Page_Filialsuche-textinput - BVR HT (1)/button_Suchen' is clicked on

2018-03-20 19:53:05 - [MESSAGE][PASSED] - Object: 'Object Repository/34TF/Page_Filialsuche-textinput - BVR HT (1)/button_Suchen' is clicked on

2018-03-20 19:53:05 - [TEST_STEP][PASSED] - delay: Delayed 3 second(s)

2018-03-20 19:53:08 - [MESSAGE][PASSED] - Delayed 3 second(s)

2018-03-20 19:53:08 - [TEST_STEP][PASSED] - verifyElementNotPresent: Web element with id: 'Object Repository/Akkordeon_plus_filialsuche' located by 'By.xpath: //a[@class='acc-header acc-header--open']' is not present after '5' second(s)

2018-03-20 19:53:08 - [MESSAGE][PASSED] - Web element with id: 'Object Repository/Akkordeon_plus_filialsuche' located by 'By.xpath: //a[@class='acc-header acc-header--open']' is not present after '5' second(s)

2018-03-20 19:53:08 - [TEST_STEP][PASSED] - closeBrowser: Browser is closed

2018-03-20 19:53:08 - [MESSAGE][PASSED] - Browser is closed]]></system-out>
         <system-err><![CDATA[]]></system-err>
      </testcase>
      <testcase name="Test Cases/Prototyp_Filialsuche (RC 18)/35_Testfall" classname="Test Cases/Prototyp_Filialsuche (RC 18)/35_Testfall" status="PASSED">
         <system-out><![CDATA[2018-03-20 19:53:08 - [TEST_CASE][PASSED] - Test Cases/Prototyp_Filialsuche (RC 18)/35_Testfall: Test Cases/Prototyp_Filialsuche (RC 18)/35_Testfall

2018-03-20 19:53:08 - [TEST_STEP][PASSED] - openBrowser: Browser is opened with url: ''

2018-03-20 19:53:10 - [MESSAGE][PASSED] - Browser is opened with url: ''

2018-03-20 19:53:10 - [TEST_STEP][PASSED] - maximizeWindow: Current window maximized

2018-03-20 19:53:10 - [MESSAGE][PASSED] - Current window maximized

2018-03-20 19:53:10 - [TEST_STEP][PASSED] - deleteAllCookies: Delete all cookies successfully

2018-03-20 19:53:10 - [MESSAGE][PASSED] - Delete all cookies successfully

2018-03-20 19:53:10 - [TEST_STEP][PASSED] - navigateToUrl: Navigate to 'http://rc-ogrhtmlprototyp.testintern/18-1-0/filialsuche-rotenburg-textinput.html' successfully

2018-03-20 19:53:14 - [MESSAGE][PASSED] - Navigate to 'http://rc-ogrhtmlprototyp.testintern/18-1-0/filialsuche-rotenburg-textinput.html' successfully

2018-03-20 19:53:14 - [TEST_STEP][PASSED] - delay: Delayed 5 second(s)

2018-03-20 19:53:19 - [MESSAGE][PASSED] - Delayed 5 second(s)

2018-03-20 19:53:19 - [TEST_STEP][PASSED] - setText: Text 'Bad Hersfeld' is set on object 'Object Repository/Filialsuche_Inputtext'

2018-03-20 19:53:19 - [MESSAGE][PASSED] - Text 'Bad Hersfeld' is set on object 'Object Repository/Filialsuche_Inputtext'

2018-03-20 19:53:19 - [TEST_STEP][PASSED] - submit: The form containing object: 'Object Repository/Filialsuche_submit_button' is submitted

2018-03-20 19:53:19 - [MESSAGE][PASSED] - The form containing object: 'Object Repository/Filialsuche_submit_button' is submitted

2018-03-20 19:53:19 - [TEST_STEP][PASSED] - delay: Delayed 5 second(s)

2018-03-20 19:53:24 - [MESSAGE][PASSED] - Delayed 5 second(s)

2018-03-20 19:53:24 - [TEST_STEP][PASSED] - verifyElementVisible: Object 'Object Repository/Entfernung_filialsuche' is visible

2018-03-20 19:53:24 - [MESSAGE][PASSED] - Object 'Object Repository/Entfernung_filialsuche' is visible

2018-03-20 19:53:24 - [TEST_STEP][PASSED] - closeBrowser: Browser is closed

2018-03-20 19:53:24 - [MESSAGE][PASSED] - Browser is closed]]></system-out>
         <system-err><![CDATA[]]></system-err>
      </testcase>
      <testcase name="Test Cases/Prototyp_Filialsuche (RC 18)/36_Testfall" classname="Test Cases/Prototyp_Filialsuche (RC 18)/36_Testfall" status="PASSED">
         <system-out><![CDATA[2018-03-20 19:53:24 - [TEST_CASE][PASSED] - Test Cases/Prototyp_Filialsuche (RC 18)/36_Testfall: Test Cases/Prototyp_Filialsuche (RC 18)/36_Testfall

2018-03-20 19:53:24 - [TEST_STEP][PASSED] - openBrowser: Browser is opened with url: ''

2018-03-20 19:53:27 - [MESSAGE][PASSED] - Browser is opened with url: ''

2018-03-20 19:53:27 - [TEST_STEP][PASSED] - maximizeWindow: Current window maximized

2018-03-20 19:53:27 - [MESSAGE][PASSED] - Current window maximized

2018-03-20 19:53:27 - [TEST_STEP][PASSED] - deleteAllCookies: Delete all cookies successfully

2018-03-20 19:53:27 - [MESSAGE][PASSED] - Delete all cookies successfully

2018-03-20 19:53:27 - [TEST_STEP][PASSED] - navigateToUrl: Navigate to 'http://rc-ogrhtmlprototyp.testintern/18-1-0/filialsuche-rotenburg-textinput.html' successfully

2018-03-20 19:53:29 - [MESSAGE][PASSED] - Navigate to 'http://rc-ogrhtmlprototyp.testintern/18-1-0/filialsuche-rotenburg-textinput.html' successfully

2018-03-20 19:53:29 - [TEST_STEP][PASSED] - delay: Delayed 2 second(s)

2018-03-20 19:53:31 - [MESSAGE][PASSED] - Delayed 2 second(s)

2018-03-20 19:53:31 - [TEST_STEP][PASSED] - setText: Text 'Bad Hersfeld' is set on object 'Object Repository/34TF/Page_Filialsuche-textinput - BVR HT/input_city'

2018-03-20 19:53:31 - [MESSAGE][PASSED] - Text 'Bad Hersfeld' is set on object 'Object Repository/34TF/Page_Filialsuche-textinput - BVR HT/input_city'

2018-03-20 19:53:31 - [TEST_STEP][PASSED] - click: Object: 'Object Repository/34TF/Page_Filialsuche-textinput - BVR HT (1)/button_Suchen' is clicked on

2018-03-20 19:53:31 - [MESSAGE][PASSED] - Object: 'Object Repository/34TF/Page_Filialsuche-textinput - BVR HT (1)/button_Suchen' is clicked on

2018-03-20 19:53:31 - [TEST_STEP][PASSED] - delay: Delayed 3 second(s)

2018-03-20 19:53:34 - [MESSAGE][PASSED] - Delayed 3 second(s)

2018-03-20 19:53:34 - [TEST_STEP][PASSED] - verifyElementNotPresent: Web element with id: 'Object Repository/Akkordeon_plus_filialsuche' located by 'By.xpath: //a[@class='acc-header acc-header--open']' is not present after '5' second(s)

2018-03-20 19:53:34 - [MESSAGE][PASSED] - Web element with id: 'Object Repository/Akkordeon_plus_filialsuche' located by 'By.xpath: //a[@class='acc-header acc-header--open']' is not present after '5' second(s)

2018-03-20 19:53:34 - [TEST_STEP][PASSED] - closeBrowser: Browser is closed

2018-03-20 19:53:34 - [MESSAGE][PASSED] - Browser is closed]]></system-out>
         <system-err><![CDATA[]]></system-err>
      </testcase>
      <testcase name="Test Cases/Prototyp_Filialsuche (RC 18)/37_Testfall" classname="Test Cases/Prototyp_Filialsuche (RC 18)/37_Testfall" status="PASSED">
         <system-out><![CDATA[2018-03-20 19:53:34 - [TEST_CASE][PASSED] - Test Cases/Prototyp_Filialsuche (RC 18)/37_Testfall: Test Cases/Prototyp_Filialsuche (RC 18)/37_Testfall

2018-03-20 19:53:34 - [TEST_STEP][PASSED] - openBrowser: Browser is opened with url: ''

2018-03-20 19:53:35 - [MESSAGE][PASSED] - Browser is opened with url: ''

2018-03-20 19:53:35 - [TEST_STEP][PASSED] - maximizeWindow: Current window maximized

2018-03-20 19:53:35 - [MESSAGE][PASSED] - Current window maximized

2018-03-20 19:53:35 - [TEST_STEP][PASSED] - deleteAllCookies: Delete all cookies successfully

2018-03-20 19:53:35 - [MESSAGE][PASSED] - Delete all cookies successfully

2018-03-20 19:53:35 - [TEST_STEP][PASSED] - navigateToUrl: Navigate to 'http://rc-ogrhtmlprototyp.testintern/18-1-0/filialsuche-nuernberg-textinput.html' successfully

2018-03-20 19:53:37 - [MESSAGE][PASSED] - Navigate to 'http://rc-ogrhtmlprototyp.testintern/18-1-0/filialsuche-nuernberg-textinput.html' successfully

2018-03-20 19:53:37 - [TEST_STEP][PASSED] - delay: Delayed 5 second(s)

2018-03-20 19:53:42 - [MESSAGE][PASSED] - Delayed 5 second(s)

2018-03-20 19:53:42 - [TEST_STEP][PASSED] - setText: Text 'Nürnberg' is set on object 'Object Repository/Filialsuche_Inputtext'

2018-03-20 19:53:42 - [MESSAGE][PASSED] - Text 'Nürnberg' is set on object 'Object Repository/Filialsuche_Inputtext'

2018-03-20 19:53:42 - [TEST_STEP][PASSED] - delay: Delayed 5 second(s)

2018-03-20 19:53:47 - [MESSAGE][PASSED] - Delayed 5 second(s)

2018-03-20 19:53:47 - [TEST_STEP][PASSED] - submit: The form containing object: 'Object Repository/Filialsuche_submit_button' is submitted

2018-03-20 19:53:47 - [MESSAGE][PASSED] - The form containing object: 'Object Repository/Filialsuche_submit_button' is submitted

2018-03-20 19:53:47 - [TEST_STEP][PASSED] - delay: Delayed 5 second(s)

2018-03-20 19:53:52 - [MESSAGE][PASSED] - Delayed 5 second(s)

2018-03-20 19:53:52 - [TEST_STEP][PASSED] - verifyElementVisible: Object 'Object Repository/Entfernung_filialsuche' is visible

2018-03-20 19:53:52 - [MESSAGE][PASSED] - Object 'Object Repository/Entfernung_filialsuche' is visible

2018-03-20 19:53:52 - [TEST_STEP][PASSED] - closeBrowser: Browser is closed

2018-03-20 19:53:52 - [MESSAGE][PASSED] - Browser is closed]]></system-out>
         <system-err><![CDATA[]]></system-err>
      </testcase>
      <testcase name="Test Cases/Prototyp_Filialsuche (RC 18)/38_Testfall" classname="Test Cases/Prototyp_Filialsuche (RC 18)/38_Testfall" status="PASSED">
         <system-out><![CDATA[2018-03-20 19:53:52 - [TEST_CASE][PASSED] - Test Cases/Prototyp_Filialsuche (RC 18)/38_Testfall: Test Cases/Prototyp_Filialsuche (RC 18)/38_Testfall

2018-03-20 19:53:53 - [TEST_STEP][PASSED] - openBrowser: Browser is opened with url: ''

2018-03-20 19:53:55 - [MESSAGE][PASSED] - Browser is opened with url: ''

2018-03-20 19:53:55 - [TEST_STEP][PASSED] - deleteAllCookies: Delete all cookies successfully

2018-03-20 19:53:55 - [MESSAGE][PASSED] - Delete all cookies successfully

2018-03-20 19:53:55 - [TEST_STEP][PASSED] - maximizeWindow: Current window maximized

2018-03-20 19:53:55 - [MESSAGE][PASSED] - Current window maximized

2018-03-20 19:53:55 - [TEST_STEP][PASSED] - navigateToUrl: Navigate to 'http://rc-ogrhtmlprototyp.testintern/18-1-0/filialsuche-wangen.html' successfully

2018-03-20 19:53:58 - [MESSAGE][PASSED] - Navigate to 'http://rc-ogrhtmlprototyp.testintern/18-1-0/filialsuche-wangen.html' successfully

2018-03-20 19:53:58 - [TEST_STEP][PASSED] - delay: Delayed 2 second(s)

2018-03-20 19:54:00 - [MESSAGE][PASSED] - Delayed 2 second(s)

2018-03-20 19:54:00 - [TEST_STEP][PASSED] - click: Object: 'Object Repository/16TF/Page_Filialsuche-wangen - BVR HTML/span_Geschftsstelle Brtlingen' is clicked on

2018-03-20 19:54:03 - [MESSAGE][PASSED] - Object: 'Object Repository/16TF/Page_Filialsuche-wangen - BVR HTML/span_Geschftsstelle Brtlingen' is clicked on

2018-03-20 19:54:03 - [TEST_STEP][PASSED] - delay: Delayed 2 second(s)

2018-03-20 19:54:05 - [MESSAGE][PASSED] - Delayed 2 second(s)

2018-03-20 19:54:05 - [TEST_STEP][PASSED] - verifyTextPresent: Text 'Hauptstr. 56' is present on page 

2018-03-20 19:54:05 - [MESSAGE][PASSED] - Text 'Hauptstr. 56' is present on page 

2018-03-20 19:54:05 - [TEST_STEP][PASSED] - verifyTextPresent: Text '73104 Börtlingen' is present on page 

2018-03-20 19:54:05 - [MESSAGE][PASSED] - Text '73104 Börtlingen' is present on page 

2018-03-20 19:54:05 - [TEST_STEP][PASSED] - click: Object: 'Object Repository/16TF/Page_Filialsuche-wangen - BVR HTML/span_Geschftsstelle Rechbergha' is clicked on

2018-03-20 19:54:05 - [MESSAGE][PASSED] - Object: 'Object Repository/16TF/Page_Filialsuche-wangen - BVR HTML/span_Geschftsstelle Rechbergha' is clicked on

2018-03-20 19:54:05 - [TEST_STEP][PASSED] - delay: Delayed 2 second(s)

2018-03-20 19:54:07 - [MESSAGE][PASSED] - Delayed 2 second(s)

2018-03-20 19:54:07 - [TEST_STEP][PASSED] - verifyTextPresent: Text 'Hauptstr. 37' is present on page 

2018-03-20 19:54:07 - [MESSAGE][PASSED] - Text 'Hauptstr. 37' is present on page 

2018-03-20 19:54:07 - [TEST_STEP][PASSED] - verifyTextPresent: Text '73098 Rechberghausen' is present on page 

2018-03-20 19:54:07 - [MESSAGE][PASSED] - Text '73098 Rechberghausen' is present on page 

2018-03-20 19:54:07 - [TEST_STEP][PASSED] - scrollToElement: Scroll to object 'Object Repository/16TF/Page_Filialsuche-wangen - BVR HTML/span_Geschftsstelle Uhingen-Ho' successfully

2018-03-20 19:54:08 - [MESSAGE][WARNING] - Timeout '0' is invalid. Using default page load timeout: '30'

2018-03-20 19:54:08 - [MESSAGE][PASSED] - Scroll to object 'Object Repository/16TF/Page_Filialsuche-wangen - BVR HTML/span_Geschftsstelle Uhingen-Ho' successfully

2018-03-20 19:54:08 - [TEST_STEP][PASSED] - click: Object: 'Object Repository/16TF/Page_Filialsuche-wangen - BVR HTML/span_Geschftsstelle Uhingen-Ho' is clicked on

2018-03-20 19:54:08 - [MESSAGE][PASSED] - Object: 'Object Repository/16TF/Page_Filialsuche-wangen - BVR HTML/span_Geschftsstelle Uhingen-Ho' is clicked on

2018-03-20 19:54:08 - [TEST_STEP][PASSED] - delay: Delayed 3 second(s)

2018-03-20 19:54:11 - [MESSAGE][PASSED] - Delayed 3 second(s)

2018-03-20 19:54:11 - [TEST_STEP][PASSED] - verifyTextPresent: Text 'Dorfstr. 17 a' is present on page 

2018-03-20 19:54:11 - [MESSAGE][PASSED] - Text 'Dorfstr. 17 a' is present on page 

2018-03-20 19:54:11 - [TEST_STEP][PASSED] - verifyTextPresent: Text '73066 Uhingen' is present on page 

2018-03-20 19:54:11 - [MESSAGE][PASSED] - Text '73066 Uhingen' is present on page 

2018-03-20 19:54:11 - [TEST_STEP][PASSED] - scrollToElement: Scroll to object 'Object Repository/16TF/Page_Filialsuche-wangen - BVR HTML/span_Raiffeisenbank Wangen eG' successfully

2018-03-20 19:54:11 - [MESSAGE][WARNING] - Timeout '0' is invalid. Using default page load timeout: '30'

2018-03-20 19:54:11 - [MESSAGE][PASSED] - Scroll to object 'Object Repository/16TF/Page_Filialsuche-wangen - BVR HTML/span_Raiffeisenbank Wangen eG' successfully

2018-03-20 19:54:11 - [TEST_STEP][PASSED] - click: Object: 'Object Repository/16TF/Page_Filialsuche-wangen - BVR HTML/span_Raiffeisenbank Wangen eG' is clicked on

2018-03-20 19:54:11 - [MESSAGE][PASSED] - Object: 'Object Repository/16TF/Page_Filialsuche-wangen - BVR HTML/span_Raiffeisenbank Wangen eG' is clicked on

2018-03-20 19:54:11 - [TEST_STEP][PASSED] - delay: Delayed 2 second(s)

2018-03-20 19:54:13 - [MESSAGE][PASSED] - Delayed 2 second(s)

2018-03-20 19:54:13 - [TEST_STEP][PASSED] - verifyTextPresent: Text 'Hauptstr.44' is present on page 

2018-03-20 19:54:13 - [MESSAGE][PASSED] - Text 'Hauptstr.44' is present on page 

2018-03-20 19:54:13 - [TEST_STEP][PASSED] - verifyTextPresent: Text '73117 Wangen' is present on page 

2018-03-20 19:54:13 - [MESSAGE][PASSED] - Text '73117 Wangen' is present on page 

2018-03-20 19:54:13 - [TEST_STEP][PASSED] - closeBrowser: Browser is closed

2018-03-20 19:54:13 - [MESSAGE][PASSED] - Browser is closed]]></system-out>
         <system-err><![CDATA[]]></system-err>
      </testcase>
      <testcase name="Test Cases/Prototyp_Filialsuche (RC 18)/39_Testfall" classname="Test Cases/Prototyp_Filialsuche (RC 18)/39_Testfall" status="PASSED">
         <system-out><![CDATA[2018-03-20 19:54:13 - [TEST_CASE][PASSED] - Test Cases/Prototyp_Filialsuche (RC 18)/39_Testfall: Test Cases/Prototyp_Filialsuche (RC 18)/39_Testfall

2018-03-20 19:54:13 - [TEST_STEP][PASSED] - openBrowser: Browser is opened with url: ''

2018-03-20 19:54:15 - [MESSAGE][PASSED] - Browser is opened with url: ''

2018-03-20 19:54:15 - [TEST_STEP][PASSED] - maximizeWindow: Current window maximized

2018-03-20 19:54:15 - [MESSAGE][PASSED] - Current window maximized

2018-03-20 19:54:15 - [TEST_STEP][PASSED] - deleteAllCookies: Delete all cookies successfully

2018-03-20 19:54:15 - [MESSAGE][PASSED] - Delete all cookies successfully

2018-03-20 19:54:15 - [TEST_STEP][PASSED] - navigateToUrl: Navigate to 'http://rc-ogrhtmlprototyp.testintern/18-1-0/filialsuche.html' successfully

2018-03-20 19:54:18 - [MESSAGE][PASSED] - Navigate to 'http://rc-ogrhtmlprototyp.testintern/18-1-0/filialsuche.html' successfully

2018-03-20 19:54:18 - [TEST_STEP][PASSED] - delay: Delayed 5 second(s)

2018-03-20 19:54:23 - [MESSAGE][PASSED] - Delayed 5 second(s)

2018-03-20 19:54:23 - [TEST_STEP][PASSED] - click: Object: 'Object Repository/002/Page_Filialsuche-rotenburg - BVR HT/svg_dropdown-icons' is clicked on

2018-03-20 19:54:23 - [MESSAGE][PASSED] - Object: 'Object Repository/002/Page_Filialsuche-rotenburg - BVR HT/svg_dropdown-icons' is clicked on

2018-03-20 19:54:23 - [TEST_STEP][PASSED] - delay: Delayed 2 second(s)

2018-03-20 19:54:25 - [MESSAGE][PASSED] - Delayed 2 second(s)

2018-03-20 19:54:25 - [TEST_STEP][PASSED] - scrollToElement: Scroll to object 'Object Repository/Belitz_option' successfully

2018-03-20 19:54:26 - [MESSAGE][PASSED] - Scroll to object 'Object Repository/Belitz_option' successfully

2018-03-20 19:54:26 - [TEST_STEP][PASSED] - delay: Delayed 2 second(s)

2018-03-20 19:54:28 - [MESSAGE][PASSED] - Delayed 2 second(s)

2018-03-20 19:54:28 - [TEST_STEP][PASSED] - mouseOver: Object: 'Object Repository/Belitz_option' is hovered

2018-03-20 19:54:28 - [MESSAGE][PASSED] - Object: 'Object Repository/Belitz_option' is hovered

2018-03-20 19:54:28 - [TEST_STEP][PASSED] - delay: Delayed 2 second(s)

2018-03-20 19:54:30 - [MESSAGE][PASSED] - Delayed 2 second(s)

2018-03-20 19:54:30 - [TEST_STEP][PASSED] - click: Object: 'Object Repository/Belitz_option' is clicked on

2018-03-20 19:54:30 - [MESSAGE][PASSED] - Object: 'Object Repository/Belitz_option' is clicked on

2018-03-20 19:54:30 - [TEST_STEP][PASSED] - delay: Delayed 5 second(s)

2018-03-20 19:54:35 - [MESSAGE][PASSED] - Delayed 5 second(s)

2018-03-20 19:54:35 - [TEST_STEP][PASSED] - Statement - wes = com.kms.katalon.core.webui.common.WebUiCommonHelper.findWebElements(com.kms.katalon.core.testobject.ObjectRepository.findTestObject(loc_steet_filialsuche), 5): Found 37 web elements with id: 'Object Repository/loc_steet_filialsuche' located by 'By.xpath: //div[@class='loc-street']' in '5' second(s)

2018-03-20 19:54:35 - [TEST_STEP][PASSED] - Statement - For ([i = 1, i < wes.size(), (i++)]): null

2018-03-20 19:54:35 - [TEST_STEP][PASSED] - Statement - el = wes.get(i): null

2018-03-20 19:54:35 - [TEST_STEP][PASSED] - Statement - el_prev = wes.get(i - 1): null

2018-03-20 19:54:35 - [TEST_STEP][PASSED] - Statement - text = el.getAttribute("innerHTML"): null

2018-03-20 19:54:35 - [TEST_STEP][PASSED] - Statement - text_prev = el_prev.getAttribute("innerHTML"): null

2018-03-20 19:54:35 - [TEST_STEP][PASSED] - Statement - text = text.replaceAll("ö", "o"): null

2018-03-20 19:54:35 - [TEST_STEP][PASSED] - Statement - text = text.replaceAll("Ö", "O"): null

2018-03-20 19:54:35 - [TEST_STEP][PASSED] - Statement - text_prev = text_prev.replaceAll("ö", "o"): null

2018-03-20 19:54:35 - [TEST_STEP][PASSED] - Statement - text_prev = text_prev.replaceAll("Ö", "O"): null

2018-03-20 19:54:35 - [TEST_STEP][PASSED] - Statement - text = text.replaceAll("ä", "a"): null

2018-03-20 19:54:35 - [TEST_STEP][PASSED] - Statement - text = text.replaceAll("Ä", "A"): null

2018-03-20 19:54:35 - [TEST_STEP][PASSED] - Statement - text_prev = text_prev.replaceAll("ä", "a"): null

2018-03-20 19:54:35 - [TEST_STEP][PASSED] - Statement - text_prev = text_prev.replaceAll("Ä", "A"): null

2018-03-20 19:54:35 - [TEST_STEP][PASSED] - Statement - text = text.replaceAll("ü", "u"): null

2018-03-20 19:54:35 - [TEST_STEP][PASSED] - Statement - text = text.replaceAll("Ü", "U"): null

2018-03-20 19:54:35 - [TEST_STEP][PASSED] - Statement - text_prev = text_prev.replaceAll("ü", "u"): null

2018-03-20 19:54:35 - [TEST_STEP][PASSED] - Statement - text_prev = text_prev.replaceAll("Ü", "U"): null

2018-03-20 19:54:35 - [TEST_STEP][PASSED] - Statement - ch = text.charAt(0): null

2018-03-20 19:54:35 - [TEST_STEP][PASSED] - Statement - ch_prev = el_prev.getAttribute("innerHTML").charAt(0): null

2018-03-20 19:54:35 - [TEST_STEP][PASSED] - Statement - If (ch_prev > ch): null

2018-03-20 19:54:35 - [TEST_STEP][PASSED] - Statement - Else If (ch_prev == ch): null

2018-03-20 19:54:35 - [TEST_STEP][PASSED] - Statement - ch = text.charAt(1): null

2018-03-20 19:54:35 - [TEST_STEP][PASSED] - Statement - ch_prev = text_prev.charAt(1): null

2018-03-20 19:54:35 - [TEST_STEP][PASSED] - Statement - If (ch_prev > ch): null

2018-03-20 19:54:35 - [TEST_STEP][PASSED] - Statement - Else If (ch_prev == ch): null

2018-03-20 19:54:35 - [TEST_STEP][PASSED] - Statement - ch = text.charAt(2): null

2018-03-20 19:54:35 - [TEST_STEP][PASSED] - Statement - ch_prev = text_prev.charAt(2): null

2018-03-20 19:54:35 - [TEST_STEP][PASSED] - Statement - If (ch_prev > ch): null

2018-03-20 19:54:35 - [TEST_STEP][PASSED] - Statement - el = wes.get(i): null

2018-03-20 19:54:35 - [TEST_STEP][PASSED] - Statement - el_prev = wes.get(i - 1): null

2018-03-20 19:54:35 - [TEST_STEP][PASSED] - Statement - text = el.getAttribute("innerHTML"): null

2018-03-20 19:54:35 - [TEST_STEP][PASSED] - Statement - text_prev = el_prev.getAttribute("innerHTML"): null

2018-03-20 19:54:35 - [TEST_STEP][PASSED] - Statement - text = text.replaceAll("ö", "o"): null

2018-03-20 19:54:35 - [TEST_STEP][PASSED] - Statement - text = text.replaceAll("Ö", "O"): null

2018-03-20 19:54:35 - [TEST_STEP][PASSED] - Statement - text_prev = text_prev.replaceAll("ö", "o"): null

2018-03-20 19:54:35 - [TEST_STEP][PASSED] - Statement - text_prev = text_prev.replaceAll("Ö", "O"): null

2018-03-20 19:54:35 - [TEST_STEP][PASSED] - Statement - text = text.replaceAll("ä", "a"): null

2018-03-20 19:54:35 - [TEST_STEP][PASSED] - Statement - text = text.replaceAll("Ä", "A"): null

2018-03-20 19:54:35 - [TEST_STEP][PASSED] - Statement - text_prev = text_prev.replaceAll("ä", "a"): null

2018-03-20 19:54:35 - [TEST_STEP][PASSED] - Statement - text_prev = text_prev.replaceAll("Ä", "A"): null

2018-03-20 19:54:35 - [TEST_STEP][PASSED] - Statement - text = text.replaceAll("ü", "u"): null

2018-03-20 19:54:35 - [TEST_STEP][PASSED] - Statement - text = text.replaceAll("Ü", "U"): null

2018-03-20 19:54:35 - [TEST_STEP][PASSED] - Statement - text_prev = text_prev.replaceAll("ü", "u"): null

2018-03-20 19:54:35 - [TEST_STEP][PASSED] - Statement - text_prev = text_prev.replaceAll("Ü", "U"): null

2018-03-20 19:54:35 - [TEST_STEP][PASSED] - Statement - ch = text.charAt(0): null

2018-03-20 19:54:35 - [TEST_STEP][PASSED] - Statement - ch_prev = el_prev.getAttribute("innerHTML").charAt(0): null

2018-03-20 19:54:35 - [TEST_STEP][PASSED] - Statement - If (ch_prev > ch): null

2018-03-20 19:54:35 - [TEST_STEP][PASSED] - Statement - el = wes.get(i): null

2018-03-20 19:54:35 - [TEST_STEP][PASSED] - Statement - el_prev = wes.get(i - 1): null

2018-03-20 19:54:35 - [TEST_STEP][PASSED] - Statement - text = el.getAttribute("innerHTML"): null

2018-03-20 19:54:35 - [TEST_STEP][PASSED] - Statement - text_prev = el_prev.getAttribute("innerHTML"): null

2018-03-20 19:54:35 - [TEST_STEP][PASSED] - Statement - text = text.replaceAll("ö", "o"): null

2018-03-20 19:54:35 - [TEST_STEP][PASSED] - Statement - text = text.replaceAll("Ö", "O"): null

2018-03-20 19:54:35 - [TEST_STEP][PASSED] - Statement - text_prev = text_prev.replaceAll("ö", "o"): null

2018-03-20 19:54:35 - [TEST_STEP][PASSED] - Statement - text_prev = text_prev.replaceAll("Ö", "O"): null

2018-03-20 19:54:35 - [TEST_STEP][PASSED] - Statement - text = text.replaceAll("ä", "a"): null

2018-03-20 19:54:35 - [TEST_STEP][PASSED] - Statement - text = text.replaceAll("Ä", "A"): null

2018-03-20 19:54:35 - [TEST_STEP][PASSED] - Statement - text_prev = text_prev.replaceAll("ä", "a"): null

2018-03-20 19:54:35 - [TEST_STEP][PASSED] - Statement - text_prev = text_prev.replaceAll("Ä", "A"): null

2018-03-20 19:54:35 - [TEST_STEP][PASSED] - Statement - text = text.replaceAll("ü", "u"): null

2018-03-20 19:54:35 - [TEST_STEP][PASSED] - Statement - text = text.replaceAll("Ü", "U"): null

2018-03-20 19:54:35 - [TEST_STEP][PASSED] - Statement - text_prev = text_prev.replaceAll("ü", "u"): null

2018-03-20 19:54:35 - [TEST_STEP][PASSED] - Statement - text_prev = text_prev.replaceAll("Ü", "U"): null

2018-03-20 19:54:35 - [TEST_STEP][PASSED] - Statement - ch = text.charAt(0): null

2018-03-20 19:54:35 - [TEST_STEP][PASSED] - Statement - ch_prev = el_prev.getAttribute("innerHTML").charAt(0): null

2018-03-20 19:54:35 - [TEST_STEP][PASSED] - Statement - If (ch_prev > ch): null

2018-03-20 19:54:35 - [TEST_STEP][PASSED] - Statement - Else If (ch_prev == ch): null

2018-03-20 19:54:35 - [TEST_STEP][PASSED] - Statement - ch = text.charAt(1): null

2018-03-20 19:54:35 - [TEST_STEP][PASSED] - Statement - ch_prev = text_prev.charAt(1): null

2018-03-20 19:54:35 - [TEST_STEP][PASSED] - Statement - If (ch_prev > ch): null

2018-03-20 19:54:35 - [TEST_STEP][PASSED] - Statement - Else If (ch_prev == ch): null

2018-03-20 19:54:35 - [TEST_STEP][PASSED] - Statement - ch = text.charAt(2): null

2018-03-20 19:54:35 - [TEST_STEP][PASSED] - Statement - ch_prev = text_prev.charAt(2): null

2018-03-20 19:54:35 - [TEST_STEP][PASSED] - Statement - If (ch_prev > ch): null

2018-03-20 19:54:35 - [TEST_STEP][PASSED] - Statement - el = wes.get(i): null

2018-03-20 19:54:35 - [TEST_STEP][PASSED] - Statement - el_prev = wes.get(i - 1): null

2018-03-20 19:54:35 - [TEST_STEP][PASSED] - Statement - text = el.getAttribute("innerHTML"): null

2018-03-20 19:54:35 - [TEST_STEP][PASSED] - Statement - text_prev = el_prev.getAttribute("innerHTML"): null

2018-03-20 19:54:35 - [TEST_STEP][PASSED] - Statement - text = text.replaceAll("ö", "o"): null

2018-03-20 19:54:35 - [TEST_STEP][PASSED] - Statement - text = text.replaceAll("Ö", "O"): null

2018-03-20 19:54:35 - [TEST_STEP][PASSED] - Statement - text_prev = text_prev.replaceAll("ö", "o"): null

2018-03-20 19:54:35 - [TEST_STEP][PASSED] - Statement - text_prev = text_prev.replaceAll("Ö", "O"): null

2018-03-20 19:54:35 - [TEST_STEP][PASSED] - Statement - text = text.replaceAll("ä", "a"): null

2018-03-20 19:54:35 - [TEST_STEP][PASSED] - Statement - text = text.replaceAll("Ä", "A"): null

2018-03-20 19:54:35 - [TEST_STEP][PASSED] - Statement - text_prev = text_prev.replaceAll("ä", "a"): null

2018-03-20 19:54:35 - [TEST_STEP][PASSED] - Statement - text_prev = text_prev.replaceAll("Ä", "A"): null

2018-03-20 19:54:35 - [TEST_STEP][PASSED] - Statement - text = text.replaceAll("ü", "u"): null

2018-03-20 19:54:35 - [TEST_STEP][PASSED] - Statement - text = text.replaceAll("Ü", "U"): null

2018-03-20 19:54:35 - [TEST_STEP][PASSED] - Statement - text_prev = text_prev.replaceAll("ü", "u"): null

2018-03-20 19:54:35 - [TEST_STEP][PASSED] - Statement - text_prev = text_prev.replaceAll("Ü", "U"): null

2018-03-20 19:54:35 - [TEST_STEP][PASSED] - Statement - ch = text.charAt(0): null

2018-03-20 19:54:35 - [TEST_STEP][PASSED] - Statement - ch_prev = el_prev.getAttribute("innerHTML").charAt(0): null

2018-03-20 19:54:35 - [TEST_STEP][PASSED] - Statement - If (ch_prev > ch): null

2018-03-20 19:54:35 - [TEST_STEP][PASSED] - Statement - Else If (ch_prev == ch): null

2018-03-20 19:54:35 - [TEST_STEP][PASSED] - Statement - ch = text.charAt(1): null

2018-03-20 19:54:35 - [TEST_STEP][PASSED] - Statement - ch_prev = text_prev.charAt(1): null

2018-03-20 19:54:35 - [TEST_STEP][PASSED] - Statement - If (ch_prev > ch): null

2018-03-20 19:54:35 - [TEST_STEP][PASSED] - Statement - Else If (ch_prev == ch): null

2018-03-20 19:54:35 - [TEST_STEP][PASSED] - Statement - ch = text.charAt(2): null

2018-03-20 19:54:35 - [TEST_STEP][PASSED] - Statement - ch_prev = text_prev.charAt(2): null

2018-03-20 19:54:35 - [TEST_STEP][PASSED] - Statement - If (ch_prev > ch): null

2018-03-20 19:54:35 - [TEST_STEP][PASSED] - Statement - el = wes.get(i): null

2018-03-20 19:54:35 - [TEST_STEP][PASSED] - Statement - el_prev = wes.get(i - 1): null

2018-03-20 19:54:35 - [TEST_STEP][PASSED] - Statement - text = el.getAttribute("innerHTML"): null

2018-03-20 19:54:35 - [TEST_STEP][PASSED] - Statement - text_prev = el_prev.getAttribute("innerHTML"): null

2018-03-20 19:54:35 - [TEST_STEP][PASSED] - Statement - text = text.replaceAll("ö", "o"): null

2018-03-20 19:54:35 - [TEST_STEP][PASSED] - Statement - text = text.replaceAll("Ö", "O"): null

2018-03-20 19:54:35 - [TEST_STEP][PASSED] - Statement - text_prev = text_prev.replaceAll("ö", "o"): null

2018-03-20 19:54:35 - [TEST_STEP][PASSED] - Statement - text_prev = text_prev.replaceAll("Ö", "O"): null

2018-03-20 19:54:35 - [TEST_STEP][PASSED] - Statement - text = text.replaceAll("ä", "a"): null

2018-03-20 19:54:35 - [TEST_STEP][PASSED] - Statement - text = text.replaceAll("Ä", "A"): null

2018-03-20 19:54:35 - [TEST_STEP][PASSED] - Statement - text_prev = text_prev.replaceAll("ä", "a"): null

2018-03-20 19:54:35 - [TEST_STEP][PASSED] - Statement - text_prev = text_prev.replaceAll("Ä", "A"): null

2018-03-20 19:54:35 - [TEST_STEP][PASSED] - Statement - text = text.replaceAll("ü", "u"): null

2018-03-20 19:54:35 - [TEST_STEP][PASSED] - Statement - text = text.replaceAll("Ü", "U"): null

2018-03-20 19:54:35 - [TEST_STEP][PASSED] - Statement - text_prev = text_prev.replaceAll("ü", "u"): null

2018-03-20 19:54:35 - [TEST_STEP][PASSED] - Statement - text_prev = text_prev.replaceAll("Ü", "U"): null

2018-03-20 19:54:35 - [TEST_STEP][PASSED] - Statement - ch = text.charAt(0): null

2018-03-20 19:54:35 - [TEST_STEP][PASSED] - Statement - ch_prev = el_prev.getAttribute("innerHTML").charAt(0): null

2018-03-20 19:54:35 - [TEST_STEP][PASSED] - Statement - If (ch_prev > ch): null

2018-03-20 19:54:35 - [TEST_STEP][PASSED] - Statement - Else If (ch_prev == ch): null

2018-03-20 19:54:35 - [TEST_STEP][PASSED] - Statement - ch = text.charAt(1): null

2018-03-20 19:54:35 - [TEST_STEP][PASSED] - Statement - ch_prev = text_prev.charAt(1): null

2018-03-20 19:54:35 - [TEST_STEP][PASSED] - Statement - If (ch_prev > ch): null

2018-03-20 19:54:35 - [TEST_STEP][PASSED] - Statement - el = wes.get(i): null

2018-03-20 19:54:35 - [TEST_STEP][PASSED] - Statement - el_prev = wes.get(i - 1): null

2018-03-20 19:54:35 - [TEST_STEP][PASSED] - Statement - text = el.getAttribute("innerHTML"): null

2018-03-20 19:54:35 - [TEST_STEP][PASSED] - Statement - text_prev = el_prev.getAttribute("innerHTML"): null

2018-03-20 19:54:35 - [TEST_STEP][PASSED] - Statement - text = text.replaceAll("ö", "o"): null

2018-03-20 19:54:35 - [TEST_STEP][PASSED] - Statement - text = text.replaceAll("Ö", "O"): null

2018-03-20 19:54:35 - [TEST_STEP][PASSED] - Statement - text_prev = text_prev.replaceAll("ö", "o"): null

2018-03-20 19:54:35 - [TEST_STEP][PASSED] - Statement - text_prev = text_prev.replaceAll("Ö", "O"): null

2018-03-20 19:54:35 - [TEST_STEP][PASSED] - Statement - text = text.replaceAll("ä", "a"): null

2018-03-20 19:54:35 - [TEST_STEP][PASSED] - Statement - text = text.replaceAll("Ä", "A"): null

2018-03-20 19:54:35 - [TEST_STEP][PASSED] - Statement - text_prev = text_prev.replaceAll("ä", "a"): null

2018-03-20 19:54:35 - [TEST_STEP][PASSED] - Statement - text_prev = text_prev.replaceAll("Ä", "A"): null

2018-03-20 19:54:35 - [TEST_STEP][PASSED] - Statement - text = text.replaceAll("ü", "u"): null

2018-03-20 19:54:35 - [TEST_STEP][PASSED] - Statement - text = text.replaceAll("Ü", "U"): null

2018-03-20 19:54:35 - [TEST_STEP][PASSED] - Statement - text_prev = text_prev.replaceAll("ü", "u"): null

2018-03-20 19:54:35 - [TEST_STEP][PASSED] - Statement - text_prev = text_prev.replaceAll("Ü", "U"): null

2018-03-20 19:54:35 - [TEST_STEP][PASSED] - Statement - ch = text.charAt(0): null

2018-03-20 19:54:35 - [TEST_STEP][PASSED] - Statement - ch_prev = el_prev.getAttribute("innerHTML").charAt(0): null

2018-03-20 19:54:35 - [TEST_STEP][PASSED] - Statement - If (ch_prev > ch): null

2018-03-20 19:54:35 - [TEST_STEP][PASSED] - Statement - Else If (ch_prev == ch): null

2018-03-20 19:54:35 - [TEST_STEP][PASSED] - Statement - ch = text.charAt(1): null

2018-03-20 19:54:35 - [TEST_STEP][PASSED] - Statement - ch_prev = text_prev.charAt(1): null

2018-03-20 19:54:35 - [TEST_STEP][PASSED] - Statement - If (ch_prev > ch): null

2018-03-20 19:54:35 - [TEST_STEP][PASSED] - Statement - Else If (ch_prev == ch): null

2018-03-20 19:54:35 - [TEST_STEP][PASSED] - Statement - ch = text.charAt(2): null

2018-03-20 19:54:35 - [TEST_STEP][PASSED] - Statement - ch_prev = text_prev.charAt(2): null

2018-03-20 19:54:35 - [TEST_STEP][PASSED] - Statement - If (ch_prev > ch): null

2018-03-20 19:54:35 - [TEST_STEP][PASSED] - Statement - el = wes.get(i): null

2018-03-20 19:54:35 - [TEST_STEP][PASSED] - Statement - el_prev = wes.get(i - 1): null

2018-03-20 19:54:35 - [TEST_STEP][PASSED] - Statement - text = el.getAttribute("innerHTML"): null

2018-03-20 19:54:35 - [TEST_STEP][PASSED] - Statement - text_prev = el_prev.getAttribute("innerHTML"): null

2018-03-20 19:54:35 - [TEST_STEP][PASSED] - Statement - text = text.replaceAll("ö", "o"): null

2018-03-20 19:54:35 - [TEST_STEP][PASSED] - Statement - text = text.replaceAll("Ö", "O"): null

2018-03-20 19:54:35 - [TEST_STEP][PASSED] - Statement - text_prev = text_prev.replaceAll("ö", "o"): null

2018-03-20 19:54:35 - [TEST_STEP][PASSED] - Statement - text_prev = text_prev.replaceAll("Ö", "O"): null

2018-03-20 19:54:35 - [TEST_STEP][PASSED] - Statement - text = text.replaceAll("ä", "a"): null

2018-03-20 19:54:35 - [TEST_STEP][PASSED] - Statement - text = text.replaceAll("Ä", "A"): null

2018-03-20 19:54:35 - [TEST_STEP][PASSED] - Statement - text_prev = text_prev.replaceAll("ä", "a"): null

2018-03-20 19:54:35 - [TEST_STEP][PASSED] - Statement - text_prev = text_prev.replaceAll("Ä", "A"): null

2018-03-20 19:54:35 - [TEST_STEP][PASSED] - Statement - text = text.replaceAll("ü", "u"): null

2018-03-20 19:54:35 - [TEST_STEP][PASSED] - Statement - text = text.replaceAll("Ü", "U"): null

2018-03-20 19:54:35 - [TEST_STEP][PASSED] - Statement - text_prev = text_prev.replaceAll("ü", "u"): null

2018-03-20 19:54:35 - [TEST_STEP][PASSED] - Statement - text_prev = text_prev.replaceAll("Ü", "U"): null

2018-03-20 19:54:35 - [TEST_STEP][PASSED] - Statement - ch = text.charAt(0): null

2018-03-20 19:54:35 - [TEST_STEP][PASSED] - Statement - ch_prev = el_prev.getAttribute("innerHTML").charAt(0): null

2018-03-20 19:54:35 - [TEST_STEP][PASSED] - Statement - If (ch_prev > ch): null

2018-03-20 19:54:35 - [TEST_STEP][PASSED] - Statement - Else If (ch_prev == ch): null

2018-03-20 19:54:35 - [TEST_STEP][PASSED] - Statement - ch = text.charAt(1): null

2018-03-20 19:54:35 - [TEST_STEP][PASSED] - Statement - ch_prev = text_prev.charAt(1): null

2018-03-20 19:54:35 - [TEST_STEP][PASSED] - Statement - If (ch_prev > ch): null

2018-03-20 19:54:35 - [TEST_STEP][PASSED] - Statement - el = wes.get(i): null

2018-03-20 19:54:35 - [TEST_STEP][PASSED] - Statement - el_prev = wes.get(i - 1): null

2018-03-20 19:54:35 - [TEST_STEP][PASSED] - Statement - text = el.getAttribute("innerHTML"): null

2018-03-20 19:54:35 - [TEST_STEP][PASSED] - Statement - text_prev = el_prev.getAttribute("innerHTML"): null

2018-03-20 19:54:35 - [TEST_STEP][PASSED] - Statement - text = text.replaceAll("ö", "o"): null

2018-03-20 19:54:35 - [TEST_STEP][PASSED] - Statement - text = text.replaceAll("Ö", "O"): null

2018-03-20 19:54:35 - [TEST_STEP][PASSED] - Statement - text_prev = text_prev.replaceAll("ö", "o"): null

2018-03-20 19:54:35 - [TEST_STEP][PASSED] - Statement - text_prev = text_prev.replaceAll("Ö", "O"): null

2018-03-20 19:54:35 - [TEST_STEP][PASSED] - Statement - text = text.replaceAll("ä", "a"): null

2018-03-20 19:54:35 - [TEST_STEP][PASSED] - Statement - text = text.replaceAll("Ä", "A"): null

2018-03-20 19:54:35 - [TEST_STEP][PASSED] - Statement - text_prev = text_prev.replaceAll("ä", "a"): null

2018-03-20 19:54:35 - [TEST_STEP][PASSED] - Statement - text_prev = text_prev.replaceAll("Ä", "A"): null

2018-03-20 19:54:35 - [TEST_STEP][PASSED] - Statement - text = text.replaceAll("ü", "u"): null

2018-03-20 19:54:35 - [TEST_STEP][PASSED] - Statement - text = text.replaceAll("Ü", "U"): null

2018-03-20 19:54:35 - [TEST_STEP][PASSED] - Statement - text_prev = text_prev.replaceAll("ü", "u"): null

2018-03-20 19:54:35 - [TEST_STEP][PASSED] - Statement - text_prev = text_prev.replaceAll("Ü", "U"): null

2018-03-20 19:54:35 - [TEST_STEP][PASSED] - Statement - ch = text.charAt(0): null

2018-03-20 19:54:35 - [TEST_STEP][PASSED] - Statement - ch_prev = el_prev.getAttribute("innerHTML").charAt(0): null

2018-03-20 19:54:35 - [TEST_STEP][PASSED] - Statement - If (ch_prev > ch): null

2018-03-20 19:54:35 - [TEST_STEP][PASSED] - Statement - Else If (ch_prev == ch): null

2018-03-20 19:54:35 - [TEST_STEP][PASSED] - Statement - ch = text.charAt(1): null

2018-03-20 19:54:35 - [TEST_STEP][PASSED] - Statement - ch_prev = text_prev.charAt(1): null

2018-03-20 19:54:35 - [TEST_STEP][PASSED] - Statement - If (ch_prev > ch): null

2018-03-20 19:54:35 - [TEST_STEP][PASSED] - Statement - el = wes.get(i): null

2018-03-20 19:54:35 - [TEST_STEP][PASSED] - Statement - el_prev = wes.get(i - 1): null

2018-03-20 19:54:35 - [TEST_STEP][PASSED] - Statement - text = el.getAttribute("innerHTML"): null

2018-03-20 19:54:35 - [TEST_STEP][PASSED] - Statement - text_prev = el_prev.getAttribute("innerHTML"): null

2018-03-20 19:54:35 - [TEST_STEP][PASSED] - Statement - text = text.replaceAll("ö", "o"): null

2018-03-20 19:54:35 - [TEST_STEP][PASSED] - Statement - text = text.replaceAll("Ö", "O"): null

2018-03-20 19:54:35 - [TEST_STEP][PASSED] - Statement - text_prev = text_prev.replaceAll("ö", "o"): null

2018-03-20 19:54:35 - [TEST_STEP][PASSED] - Statement - text_prev = text_prev.replaceAll("Ö", "O"): null

2018-03-20 19:54:35 - [TEST_STEP][PASSED] - Statement - text = text.replaceAll("ä", "a"): null

2018-03-20 19:54:35 - [TEST_STEP][PASSED] - Statement - text = text.replaceAll("Ä", "A"): null

2018-03-20 19:54:35 - [TEST_STEP][PASSED] - Statement - text_prev = text_prev.replaceAll("ä", "a"): null

2018-03-20 19:54:35 - [TEST_STEP][PASSED] - Statement - text_prev = text_prev.replaceAll("Ä", "A"): null

2018-03-20 19:54:35 - [TEST_STEP][PASSED] - Statement - text = text.replaceAll("ü", "u"): null

2018-03-20 19:54:35 - [TEST_STEP][PASSED] - Statement - text = text.replaceAll("Ü", "U"): null

2018-03-20 19:54:35 - [TEST_STEP][PASSED] - Statement - text_prev = text_prev.replaceAll("ü", "u"): null

2018-03-20 19:54:35 - [TEST_STEP][PASSED] - Statement - text_prev = text_prev.replaceAll("Ü", "U"): null

2018-03-20 19:54:35 - [TEST_STEP][PASSED] - Statement - ch = text.charAt(0): null

2018-03-20 19:54:35 - [TEST_STEP][PASSED] - Statement - ch_prev = el_prev.getAttribute("innerHTML").charAt(0): null

2018-03-20 19:54:35 - [TEST_STEP][PASSED] - Statement - If (ch_prev > ch): null

2018-03-20 19:54:35 - [TEST_STEP][PASSED] - Statement - Else If (ch_prev == ch): null

2018-03-20 19:54:35 - [TEST_STEP][PASSED] - Statement - ch = text.charAt(1): null

2018-03-20 19:54:35 - [TEST_STEP][PASSED] - Statement - ch_prev = text_prev.charAt(1): null

2018-03-20 19:54:35 - [TEST_STEP][PASSED] - Statement - If (ch_prev > ch): null

2018-03-20 19:54:35 - [TEST_STEP][PASSED] - Statement - Else If (ch_prev == ch): null

2018-03-20 19:54:35 - [TEST_STEP][PASSED] - Statement - ch = text.charAt(2): null

2018-03-20 19:54:35 - [TEST_STEP][PASSED] - Statement - ch_prev = text_prev.charAt(2): null

2018-03-20 19:54:35 - [TEST_STEP][PASSED] - Statement - If (ch_prev > ch): null

2018-03-20 19:54:35 - [TEST_STEP][PASSED] - Statement - el = wes.get(i): null

2018-03-20 19:54:35 - [TEST_STEP][PASSED] - Statement - el_prev = wes.get(i - 1): null

2018-03-20 19:54:35 - [TEST_STEP][PASSED] - Statement - text = el.getAttribute("innerHTML"): null

2018-03-20 19:54:35 - [TEST_STEP][PASSED] - Statement - text_prev = el_prev.getAttribute("innerHTML"): null

2018-03-20 19:54:35 - [TEST_STEP][PASSED] - Statement - text = text.replaceAll("ö", "o"): null

2018-03-20 19:54:35 - [TEST_STEP][PASSED] - Statement - text = text.replaceAll("Ö", "O"): null

2018-03-20 19:54:35 - [TEST_STEP][PASSED] - Statement - text_prev = text_prev.replaceAll("ö", "o"): null

2018-03-20 19:54:35 - [TEST_STEP][PASSED] - Statement - text_prev = text_prev.replaceAll("Ö", "O"): null

2018-03-20 19:54:35 - [TEST_STEP][PASSED] - Statement - text = text.replaceAll("ä", "a"): null

2018-03-20 19:54:35 - [TEST_STEP][PASSED] - Statement - text = text.replaceAll("Ä", "A"): null

2018-03-20 19:54:35 - [TEST_STEP][PASSED] - Statement - text_prev = text_prev.replaceAll("ä", "a"): null

2018-03-20 19:54:35 - [TEST_STEP][PASSED] - Statement - text_prev = text_prev.replaceAll("Ä", "A"): null

2018-03-20 19:54:35 - [TEST_STEP][PASSED] - Statement - text = text.replaceAll("ü", "u"): null

2018-03-20 19:54:35 - [TEST_STEP][PASSED] - Statement - text = text.replaceAll("Ü", "U"): null

2018-03-20 19:54:35 - [TEST_STEP][PASSED] - Statement - text_prev = text_prev.replaceAll("ü", "u"): null

2018-03-20 19:54:35 - [TEST_STEP][PASSED] - Statement - text_prev = text_prev.replaceAll("Ü", "U"): null

2018-03-20 19:54:35 - [TEST_STEP][PASSED] - Statement - ch = text.charAt(0): null

2018-03-20 19:54:35 - [TEST_STEP][PASSED] - Statement - ch_prev = el_prev.getAttribute("innerHTML").charAt(0): null

2018-03-20 19:54:35 - [TEST_STEP][PASSED] - Statement - If (ch_prev > ch): null

2018-03-20 19:54:35 - [TEST_STEP][PASSED] - Statement - el = wes.get(i): null

2018-03-20 19:54:35 - [TEST_STEP][PASSED] - Statement - el_prev = wes.get(i - 1): null

2018-03-20 19:54:35 - [TEST_STEP][PASSED] - Statement - text = el.getAttribute("innerHTML"): null

2018-03-20 19:54:35 - [TEST_STEP][PASSED] - Statement - text_prev = el_prev.getAttribute("innerHTML"): null

2018-03-20 19:54:35 - [TEST_STEP][PASSED] - Statement - text = text.replaceAll("ö", "o"): null

2018-03-20 19:54:35 - [TEST_STEP][PASSED] - Statement - text = text.replaceAll("Ö", "O"): null

2018-03-20 19:54:35 - [TEST_STEP][PASSED] - Statement - text_prev = text_prev.replaceAll("ö", "o"): null

2018-03-20 19:54:35 - [TEST_STEP][PASSED] - Statement - text_prev = text_prev.replaceAll("Ö", "O"): null

2018-03-20 19:54:35 - [TEST_STEP][PASSED] - Statement - text = text.replaceAll("ä", "a"): null

2018-03-20 19:54:35 - [TEST_STEP][PASSED] - Statement - text = text.replaceAll("Ä", "A"): null

2018-03-20 19:54:35 - [TEST_STEP][PASSED] - Statement - text_prev = text_prev.replaceAll("ä", "a"): null

2018-03-20 19:54:35 - [TEST_STEP][PASSED] - Statement - text_prev = text_prev.replaceAll("Ä", "A"): null

2018-03-20 19:54:35 - [TEST_STEP][PASSED] - Statement - text = text.replaceAll("ü", "u"): null

2018-03-20 19:54:35 - [TEST_STEP][PASSED] - Statement - text = text.replaceAll("Ü", "U"): null

2018-03-20 19:54:35 - [TEST_STEP][PASSED] - Statement - text_prev = text_prev.replaceAll("ü", "u"): null

2018-03-20 19:54:35 - [TEST_STEP][PASSED] - Statement - text_prev = text_prev.replaceAll("Ü", "U"): null

2018-03-20 19:54:35 - [TEST_STEP][PASSED] - Statement - ch = text.charAt(0): null

2018-03-20 19:54:35 - [TEST_STEP][PASSED] - Statement - ch_prev = el_prev.getAttribute("innerHTML").charAt(0): null

2018-03-20 19:54:35 - [TEST_STEP][PASSED] - Statement - If (ch_prev > ch): null

2018-03-20 19:54:35 - [TEST_STEP][PASSED] - Statement - Else If (ch_prev == ch): null

2018-03-20 19:54:35 - [TEST_STEP][PASSED] - Statement - ch = text.charAt(1): null

2018-03-20 19:54:35 - [TEST_STEP][PASSED] - Statement - ch_prev = text_prev.charAt(1): null

2018-03-20 19:54:35 - [TEST_STEP][PASSED] - Statement - If (ch_prev > ch): null

2018-03-20 19:54:35 - [TEST_STEP][PASSED] - Statement - Else If (ch_prev == ch): null

2018-03-20 19:54:35 - [TEST_STEP][PASSED] - Statement - ch = text.charAt(2): null

2018-03-20 19:54:35 - [TEST_STEP][PASSED] - Statement - ch_prev = text_prev.charAt(2): null

2018-03-20 19:54:35 - [TEST_STEP][PASSED] - Statement - If (ch_prev > ch): null

2018-03-20 19:54:35 - [TEST_STEP][PASSED] - Statement - el = wes.get(i): null

2018-03-20 19:54:35 - [TEST_STEP][PASSED] - Statement - el_prev = wes.get(i - 1): null

2018-03-20 19:54:35 - [TEST_STEP][PASSED] - Statement - text = el.getAttribute("innerHTML"): null

2018-03-20 19:54:35 - [TEST_STEP][PASSED] - Statement - text_prev = el_prev.getAttribute("innerHTML"): null

2018-03-20 19:54:35 - [TEST_STEP][PASSED] - Statement - text = text.replaceAll("ö", "o"): null

2018-03-20 19:54:35 - [TEST_STEP][PASSED] - Statement - text = text.replaceAll("Ö", "O"): null

2018-03-20 19:54:35 - [TEST_STEP][PASSED] - Statement - text_prev = text_prev.replaceAll("ö", "o"): null

2018-03-20 19:54:35 - [TEST_STEP][PASSED] - Statement - text_prev = text_prev.replaceAll("Ö", "O"): null

2018-03-20 19:54:35 - [TEST_STEP][PASSED] - Statement - text = text.replaceAll("ä", "a"): null

2018-03-20 19:54:35 - [TEST_STEP][PASSED] - Statement - text = text.replaceAll("Ä", "A"): null

2018-03-20 19:54:35 - [TEST_STEP][PASSED] - Statement - text_prev = text_prev.replaceAll("ä", "a"): null

2018-03-20 19:54:35 - [TEST_STEP][PASSED] - Statement - text_prev = text_prev.replaceAll("Ä", "A"): null

2018-03-20 19:54:35 - [TEST_STEP][PASSED] - Statement - text = text.replaceAll("ü", "u"): null

2018-03-20 19:54:35 - [TEST_STEP][PASSED] - Statement - text = text.replaceAll("Ü", "U"): null

2018-03-20 19:54:35 - [TEST_STEP][PASSED] - Statement - text_prev = text_prev.replaceAll("ü", "u"): null

2018-03-20 19:54:35 - [TEST_STEP][PASSED] - Statement - text_prev = text_prev.replaceAll("Ü", "U"): null

2018-03-20 19:54:35 - [TEST_STEP][PASSED] - Statement - ch = text.charAt(0): null

2018-03-20 19:54:35 - [TEST_STEP][PASSED] - Statement - ch_prev = el_prev.getAttribute("innerHTML").charAt(0): null

2018-03-20 19:54:35 - [TEST_STEP][PASSED] - Statement - If (ch_prev > ch): null

2018-03-20 19:54:35 - [TEST_STEP][PASSED] - Statement - el = wes.get(i): null

2018-03-20 19:54:35 - [TEST_STEP][PASSED] - Statement - el_prev = wes.get(i - 1): null

2018-03-20 19:54:35 - [TEST_STEP][PASSED] - Statement - text = el.getAttribute("innerHTML"): null

2018-03-20 19:54:35 - [TEST_STEP][PASSED] - Statement - text_prev = el_prev.getAttribute("innerHTML"): null

2018-03-20 19:54:35 - [TEST_STEP][PASSED] - Statement - text = text.replaceAll("ö", "o"): null

2018-03-20 19:54:35 - [TEST_STEP][PASSED] - Statement - text = text.replaceAll("Ö", "O"): null

2018-03-20 19:54:35 - [TEST_STEP][PASSED] - Statement - text_prev = text_prev.replaceAll("ö", "o"): null

2018-03-20 19:54:35 - [TEST_STEP][PASSED] - Statement - text_prev = text_prev.replaceAll("Ö", "O"): null

2018-03-20 19:54:35 - [TEST_STEP][PASSED] - Statement - text = text.replaceAll("ä", "a"): null

2018-03-20 19:54:35 - [TEST_STEP][PASSED] - Statement - text = text.replaceAll("Ä", "A"): null

2018-03-20 19:54:35 - [TEST_STEP][PASSED] - Statement - text_prev = text_prev.replaceAll("ä", "a"): null

2018-03-20 19:54:35 - [TEST_STEP][PASSED] - Statement - text_prev = text_prev.replaceAll("Ä", "A"): null

2018-03-20 19:54:35 - [TEST_STEP][PASSED] - Statement - text = text.replaceAll("ü", "u"): null

2018-03-20 19:54:35 - [TEST_STEP][PASSED] - Statement - text = text.replaceAll("Ü", "U"): null

2018-03-20 19:54:35 - [TEST_STEP][PASSED] - Statement - text_prev = text_prev.replaceAll("ü", "u"): null

2018-03-20 19:54:35 - [TEST_STEP][PASSED] - Statement - text_prev = text_prev.replaceAll("Ü", "U"): null

2018-03-20 19:54:35 - [TEST_STEP][PASSED] - Statement - ch = text.charAt(0): null

2018-03-20 19:54:35 - [TEST_STEP][PASSED] - Statement - ch_prev = el_prev.getAttribute("innerHTML").charAt(0): null

2018-03-20 19:54:35 - [TEST_STEP][PASSED] - Statement - If (ch_prev > ch): null

2018-03-20 19:54:35 - [TEST_STEP][PASSED] - Statement - Else If (ch_prev == ch): null

2018-03-20 19:54:35 - [TEST_STEP][PASSED] - Statement - ch = text.charAt(1): null

2018-03-20 19:54:35 - [TEST_STEP][PASSED] - Statement - ch_prev = text_prev.charAt(1): null

2018-03-20 19:54:35 - [TEST_STEP][PASSED] - Statement - If (ch_prev > ch): null

2018-03-20 19:54:35 - [TEST_STEP][PASSED] - Statement - el = wes.get(i): null

2018-03-20 19:54:35 - [TEST_STEP][PASSED] - Statement - el_prev = wes.get(i - 1): null

2018-03-20 19:54:35 - [TEST_STEP][PASSED] - Statement - text = el.getAttribute("innerHTML"): null

2018-03-20 19:54:35 - [TEST_STEP][PASSED] - Statement - text_prev = el_prev.getAttribute("innerHTML"): null

2018-03-20 19:54:35 - [TEST_STEP][PASSED] - Statement - text = text.replaceAll("ö", "o"): null

2018-03-20 19:54:35 - [TEST_STEP][PASSED] - Statement - text = text.replaceAll("Ö", "O"): null

2018-03-20 19:54:35 - [TEST_STEP][PASSED] - Statement - text_prev = text_prev.replaceAll("ö", "o"): null

2018-03-20 19:54:35 - [TEST_STEP][PASSED] - Statement - text_prev = text_prev.replaceAll("Ö", "O"): null

2018-03-20 19:54:35 - [TEST_STEP][PASSED] - Statement - text = text.replaceAll("ä", "a"): null

2018-03-20 19:54:35 - [TEST_STEP][PASSED] - Statement - text = text.replaceAll("Ä", "A"): null

2018-03-20 19:54:35 - [TEST_STEP][PASSED] - Statement - text_prev = text_prev.replaceAll("ä", "a"): null

2018-03-20 19:54:35 - [TEST_STEP][PASSED] - Statement - text_prev = text_prev.replaceAll("Ä", "A"): null

2018-03-20 19:54:35 - [TEST_STEP][PASSED] - Statement - text = text.replaceAll("ü", "u"): null

2018-03-20 19:54:35 - [TEST_STEP][PASSED] - Statement - text = text.replaceAll("Ü", "U"): null

2018-03-20 19:54:35 - [TEST_STEP][PASSED] - Statement - text_prev = text_prev.replaceAll("ü", "u"): null

2018-03-20 19:54:35 - [TEST_STEP][PASSED] - Statement - text_prev = text_prev.replaceAll("Ü", "U"): null

2018-03-20 19:54:35 - [TEST_STEP][PASSED] - Statement - ch = text.charAt(0): null

2018-03-20 19:54:35 - [TEST_STEP][PASSED] - Statement - ch_prev = el_prev.getAttribute("innerHTML").charAt(0): null

2018-03-20 19:54:35 - [TEST_STEP][PASSED] - Statement - If (ch_prev > ch): null

2018-03-20 19:54:35 - [TEST_STEP][PASSED] - Statement - Else If (ch_prev == ch): null

2018-03-20 19:54:35 - [TEST_STEP][PASSED] - Statement - ch = text.charAt(1): null

2018-03-20 19:54:35 - [TEST_STEP][PASSED] - Statement - ch_prev = text_prev.charAt(1): null

2018-03-20 19:54:35 - [TEST_STEP][PASSED] - Statement - If (ch_prev > ch): null

2018-03-20 19:54:35 - [TEST_STEP][PASSED] - Statement - Else If (ch_prev == ch): null

2018-03-20 19:54:35 - [TEST_STEP][PASSED] - Statement - ch = text.charAt(2): null

2018-03-20 19:54:35 - [TEST_STEP][PASSED] - Statement - ch_prev = text_prev.charAt(2): null

2018-03-20 19:54:35 - [TEST_STEP][PASSED] - Statement - If (ch_prev > ch): null

2018-03-20 19:54:35 - [TEST_STEP][PASSED] - Statement - el = wes.get(i): null

2018-03-20 19:54:35 - [TEST_STEP][PASSED] - Statement - el_prev = wes.get(i - 1): null

2018-03-20 19:54:35 - [TEST_STEP][PASSED] - Statement - text = el.getAttribute("innerHTML"): null

2018-03-20 19:54:35 - [TEST_STEP][PASSED] - Statement - text_prev = el_prev.getAttribute("innerHTML"): null

2018-03-20 19:54:35 - [TEST_STEP][PASSED] - Statement - text = text.replaceAll("ö", "o"): null

2018-03-20 19:54:35 - [TEST_STEP][PASSED] - Statement - text = text.replaceAll("Ö", "O"): null

2018-03-20 19:54:35 - [TEST_STEP][PASSED] - Statement - text_prev = text_prev.replaceAll("ö", "o"): null

2018-03-20 19:54:35 - [TEST_STEP][PASSED] - Statement - text_prev = text_prev.replaceAll("Ö", "O"): null

2018-03-20 19:54:35 - [TEST_STEP][PASSED] - Statement - text = text.replaceAll("ä", "a"): null

2018-03-20 19:54:35 - [TEST_STEP][PASSED] - Statement - text = text.replaceAll("Ä", "A"): null

2018-03-20 19:54:35 - [TEST_STEP][PASSED] - Statement - text_prev = text_prev.replaceAll("ä", "a"): null

2018-03-20 19:54:35 - [TEST_STEP][PASSED] - Statement - text_prev = text_prev.replaceAll("Ä", "A"): null

2018-03-20 19:54:35 - [TEST_STEP][PASSED] - Statement - text = text.replaceAll("ü", "u"): null

2018-03-20 19:54:35 - [TEST_STEP][PASSED] - Statement - text = text.replaceAll("Ü", "U"): null

2018-03-20 19:54:35 - [TEST_STEP][PASSED] - Statement - text_prev = text_prev.replaceAll("ü", "u"): null

2018-03-20 19:54:35 - [TEST_STEP][PASSED] - Statement - text_prev = text_prev.replaceAll("Ü", "U"): null

2018-03-20 19:54:35 - [TEST_STEP][PASSED] - Statement - ch = text.charAt(0): null

2018-03-20 19:54:35 - [TEST_STEP][PASSED] - Statement - ch_prev = el_prev.getAttribute("innerHTML").charAt(0): null

2018-03-20 19:54:35 - [TEST_STEP][PASSED] - Statement - If (ch_prev > ch): null

2018-03-20 19:54:35 - [TEST_STEP][PASSED] - Statement - Else If (ch_prev == ch): null

2018-03-20 19:54:35 - [TEST_STEP][PASSED] - Statement - ch = text.charAt(1): null

2018-03-20 19:54:35 - [TEST_STEP][PASSED] - Statement - ch_prev = text_prev.charAt(1): null

2018-03-20 19:54:35 - [TEST_STEP][PASSED] - Statement - If (ch_prev > ch): null

2018-03-20 19:54:35 - [TEST_STEP][PASSED] - Statement - el = wes.get(i): null

2018-03-20 19:54:35 - [TEST_STEP][PASSED] - Statement - el_prev = wes.get(i - 1): null

2018-03-20 19:54:35 - [TEST_STEP][PASSED] - Statement - text = el.getAttribute("innerHTML"): null

2018-03-20 19:54:35 - [TEST_STEP][PASSED] - Statement - text_prev = el_prev.getAttribute("innerHTML"): null

2018-03-20 19:54:35 - [TEST_STEP][PASSED] - Statement - text = text.replaceAll("ö", "o"): null

2018-03-20 19:54:35 - [TEST_STEP][PASSED] - Statement - text = text.replaceAll("Ö", "O"): null

2018-03-20 19:54:35 - [TEST_STEP][PASSED] - Statement - text_prev = text_prev.replaceAll("ö", "o"): null

2018-03-20 19:54:35 - [TEST_STEP][PASSED] - Statement - text_prev = text_prev.replaceAll("Ö", "O"): null

2018-03-20 19:54:35 - [TEST_STEP][PASSED] - Statement - text = text.replaceAll("ä", "a"): null

2018-03-20 19:54:35 - [TEST_STEP][PASSED] - Statement - text = text.replaceAll("Ä", "A"): null

2018-03-20 19:54:35 - [TEST_STEP][PASSED] - Statement - text_prev = text_prev.replaceAll("ä", "a"): null

2018-03-20 19:54:35 - [TEST_STEP][PASSED] - Statement - text_prev = text_prev.replaceAll("Ä", "A"): null

2018-03-20 19:54:35 - [TEST_STEP][PASSED] - Statement - text = text.replaceAll("ü", "u"): null

2018-03-20 19:54:35 - [TEST_STEP][PASSED] - Statement - text = text.replaceAll("Ü", "U"): null

2018-03-20 19:54:35 - [TEST_STEP][PASSED] - Statement - text_prev = text_prev.replaceAll("ü", "u"): null

2018-03-20 19:54:35 - [TEST_STEP][PASSED] - Statement - text_prev = text_prev.replaceAll("Ü", "U"): null

2018-03-20 19:54:35 - [TEST_STEP][PASSED] - Statement - ch = text.charAt(0): null

2018-03-20 19:54:35 - [TEST_STEP][PASSED] - Statement - ch_prev = el_prev.getAttribute("innerHTML").charAt(0): null

2018-03-20 19:54:35 - [TEST_STEP][PASSED] - Statement - If (ch_prev > ch): null

2018-03-20 19:54:35 - [TEST_STEP][PASSED] - Statement - Else If (ch_prev == ch): null

2018-03-20 19:54:35 - [TEST_STEP][PASSED] - Statement - ch = text.charAt(1): null

2018-03-20 19:54:35 - [TEST_STEP][PASSED] - Statement - ch_prev = text_prev.charAt(1): null

2018-03-20 19:54:35 - [TEST_STEP][PASSED] - Statement - If (ch_prev > ch): null

2018-03-20 19:54:35 - [TEST_STEP][PASSED] - Statement - el = wes.get(i): null

2018-03-20 19:54:35 - [TEST_STEP][PASSED] - Statement - el_prev = wes.get(i - 1): null

2018-03-20 19:54:35 - [TEST_STEP][PASSED] - Statement - text = el.getAttribute("innerHTML"): null

2018-03-20 19:54:35 - [TEST_STEP][PASSED] - Statement - text_prev = el_prev.getAttribute("innerHTML"): null

2018-03-20 19:54:35 - [TEST_STEP][PASSED] - Statement - text = text.replaceAll("ö", "o"): null

2018-03-20 19:54:35 - [TEST_STEP][PASSED] - Statement - text = text.replaceAll("Ö", "O"): null

2018-03-20 19:54:35 - [TEST_STEP][PASSED] - Statement - text_prev = text_prev.replaceAll("ö", "o"): null

2018-03-20 19:54:35 - [TEST_STEP][PASSED] - Statement - text_prev = text_prev.replaceAll("Ö", "O"): null

2018-03-20 19:54:35 - [TEST_STEP][PASSED] - Statement - text = text.replaceAll("ä", "a"): null

2018-03-20 19:54:35 - [TEST_STEP][PASSED] - Statement - text = text.replaceAll("Ä", "A"): null

2018-03-20 19:54:35 - [TEST_STEP][PASSED] - Statement - text_prev = text_prev.replaceAll("ä", "a"): null

2018-03-20 19:54:35 - [TEST_STEP][PASSED] - Statement - text_prev = text_prev.replaceAll("Ä", "A"): null

2018-03-20 19:54:35 - [TEST_STEP][PASSED] - Statement - text = text.replaceAll("ü", "u"): null

2018-03-20 19:54:35 - [TEST_STEP][PASSED] - Statement - text = text.replaceAll("Ü", "U"): null

2018-03-20 19:54:35 - [TEST_STEP][PASSED] - Statement - text_prev = text_prev.replaceAll("ü", "u"): null

2018-03-20 19:54:35 - [TEST_STEP][PASSED] - Statement - text_prev = text_prev.replaceAll("Ü", "U"): null

2018-03-20 19:54:35 - [TEST_STEP][PASSED] - Statement - ch = text.charAt(0): null

2018-03-20 19:54:35 - [TEST_STEP][PASSED] - Statement - ch_prev = el_prev.getAttribute("innerHTML").charAt(0): null

2018-03-20 19:54:35 - [TEST_STEP][PASSED] - Statement - If (ch_prev > ch): null

2018-03-20 19:54:35 - [TEST_STEP][PASSED] - Statement - Else If (ch_prev == ch): null

2018-03-20 19:54:35 - [TEST_STEP][PASSED] - Statement - ch = text.charAt(1): null

2018-03-20 19:54:35 - [TEST_STEP][PASSED] - Statement - ch_prev = text_prev.charAt(1): null

2018-03-20 19:54:35 - [TEST_STEP][PASSED] - Statement - If (ch_prev > ch): null

2018-03-20 19:54:35 - [TEST_STEP][PASSED] - Statement - Else If (ch_prev == ch): null

2018-03-20 19:54:35 - [TEST_STEP][PASSED] - Statement - ch = text.charAt(2): null

2018-03-20 19:54:35 - [TEST_STEP][PASSED] - Statement - ch_prev = text_prev.charAt(2): null

2018-03-20 19:54:35 - [TEST_STEP][PASSED] - Statement - If (ch_prev > ch): null

2018-03-20 19:54:35 - [TEST_STEP][PASSED] - Statement - el = wes.get(i): null

2018-03-20 19:54:35 - [TEST_STEP][PASSED] - Statement - el_prev = wes.get(i - 1): null

2018-03-20 19:54:35 - [TEST_STEP][PASSED] - Statement - text = el.getAttribute("innerHTML"): null

2018-03-20 19:54:35 - [TEST_STEP][PASSED] - Statement - text_prev = el_prev.getAttribute("innerHTML"): null

2018-03-20 19:54:35 - [TEST_STEP][PASSED] - Statement - text = text.replaceAll("ö", "o"): null

2018-03-20 19:54:35 - [TEST_STEP][PASSED] - Statement - text = text.replaceAll("Ö", "O"): null

2018-03-20 19:54:35 - [TEST_STEP][PASSED] - Statement - text_prev = text_prev.replaceAll("ö", "o"): null

2018-03-20 19:54:35 - [TEST_STEP][PASSED] - Statement - text_prev = text_prev.replaceAll("Ö", "O"): null

2018-03-20 19:54:35 - [TEST_STEP][PASSED] - Statement - text = text.replaceAll("ä", "a"): null

2018-03-20 19:54:35 - [TEST_STEP][PASSED] - Statement - text = text.replaceAll("Ä", "A"): null

2018-03-20 19:54:35 - [TEST_STEP][PASSED] - Statement - text_prev = text_prev.replaceAll("ä", "a"): null

2018-03-20 19:54:35 - [TEST_STEP][PASSED] - Statement - text_prev = text_prev.replaceAll("Ä", "A"): null

2018-03-20 19:54:35 - [TEST_STEP][PASSED] - Statement - text = text.replaceAll("ü", "u"): null

2018-03-20 19:54:35 - [TEST_STEP][PASSED] - Statement - text = text.replaceAll("Ü", "U"): null

2018-03-20 19:54:35 - [TEST_STEP][PASSED] - Statement - text_prev = text_prev.replaceAll("ü", "u"): null

2018-03-20 19:54:35 - [TEST_STEP][PASSED] - Statement - text_prev = text_prev.replaceAll("Ü", "U"): null

2018-03-20 19:54:35 - [TEST_STEP][PASSED] - Statement - ch = text.charAt(0): null

2018-03-20 19:54:35 - [TEST_STEP][PASSED] - Statement - ch_prev = el_prev.getAttribute("innerHTML").charAt(0): null

2018-03-20 19:54:35 - [TEST_STEP][PASSED] - Statement - If (ch_prev > ch): null

2018-03-20 19:54:35 - [TEST_STEP][PASSED] - Statement - el = wes.get(i): null

2018-03-20 19:54:35 - [TEST_STEP][PASSED] - Statement - el_prev = wes.get(i - 1): null

2018-03-20 19:54:35 - [TEST_STEP][PASSED] - Statement - text = el.getAttribute("innerHTML"): null

2018-03-20 19:54:35 - [TEST_STEP][PASSED] - Statement - text_prev = el_prev.getAttribute("innerHTML"): null

2018-03-20 19:54:35 - [TEST_STEP][PASSED] - Statement - text = text.replaceAll("ö", "o"): null

2018-03-20 19:54:35 - [TEST_STEP][PASSED] - Statement - text = text.replaceAll("Ö", "O"): null

2018-03-20 19:54:35 - [TEST_STEP][PASSED] - Statement - text_prev = text_prev.replaceAll("ö", "o"): null

2018-03-20 19:54:35 - [TEST_STEP][PASSED] - Statement - text_prev = text_prev.replaceAll("Ö", "O"): null

2018-03-20 19:54:35 - [TEST_STEP][PASSED] - Statement - text = text.replaceAll("ä", "a"): null

2018-03-20 19:54:35 - [TEST_STEP][PASSED] - Statement - text = text.replaceAll("Ä", "A"): null

2018-03-20 19:54:35 - [TEST_STEP][PASSED] - Statement - text_prev = text_prev.replaceAll("ä", "a"): null

2018-03-20 19:54:35 - [TEST_STEP][PASSED] - Statement - text_prev = text_prev.replaceAll("Ä", "A"): null

2018-03-20 19:54:35 - [TEST_STEP][PASSED] - Statement - text = text.replaceAll("ü", "u"): null

2018-03-20 19:54:35 - [TEST_STEP][PASSED] - Statement - text = text.replaceAll("Ü", "U"): null

2018-03-20 19:54:35 - [TEST_STEP][PASSED] - Statement - text_prev = text_prev.replaceAll("ü", "u"): null

2018-03-20 19:54:35 - [TEST_STEP][PASSED] - Statement - text_prev = text_prev.replaceAll("Ü", "U"): null

2018-03-20 19:54:35 - [TEST_STEP][PASSED] - Statement - ch = text.charAt(0): null

2018-03-20 19:54:35 - [TEST_STEP][PASSED] - Statement - ch_prev = el_prev.getAttribute("innerHTML").charAt(0): null

2018-03-20 19:54:35 - [TEST_STEP][PASSED] - Statement - If (ch_prev > ch): null

2018-03-20 19:54:35 - [TEST_STEP][PASSED] - Statement - el = wes.get(i): null

2018-03-20 19:54:35 - [TEST_STEP][PASSED] - Statement - el_prev = wes.get(i - 1): null

2018-03-20 19:54:35 - [TEST_STEP][PASSED] - Statement - text = el.getAttribute("innerHTML"): null

2018-03-20 19:54:35 - [TEST_STEP][PASSED] - Statement - text_prev = el_prev.getAttribute("innerHTML"): null

2018-03-20 19:54:35 - [TEST_STEP][PASSED] - Statement - text = text.replaceAll("ö", "o"): null

2018-03-20 19:54:35 - [TEST_STEP][PASSED] - Statement - text = text.replaceAll("Ö", "O"): null

2018-03-20 19:54:35 - [TEST_STEP][PASSED] - Statement - text_prev = text_prev.replaceAll("ö", "o"): null

2018-03-20 19:54:35 - [TEST_STEP][PASSED] - Statement - text_prev = text_prev.replaceAll("Ö", "O"): null

2018-03-20 19:54:35 - [TEST_STEP][PASSED] - Statement - text = text.replaceAll("ä", "a"): null

2018-03-20 19:54:35 - [TEST_STEP][PASSED] - Statement - text = text.replaceAll("Ä", "A"): null

2018-03-20 19:54:35 - [TEST_STEP][PASSED] - Statement - text_prev = text_prev.replaceAll("ä", "a"): null

2018-03-20 19:54:35 - [TEST_STEP][PASSED] - Statement - text_prev = text_prev.replaceAll("Ä", "A"): null

2018-03-20 19:54:35 - [TEST_STEP][PASSED] - Statement - text = text.replaceAll("ü", "u"): null

2018-03-20 19:54:35 - [TEST_STEP][PASSED] - Statement - text = text.replaceAll("Ü", "U"): null

2018-03-20 19:54:35 - [TEST_STEP][PASSED] - Statement - text_prev = text_prev.replaceAll("ü", "u"): null

2018-03-20 19:54:35 - [TEST_STEP][PASSED] - Statement - text_prev = text_prev.replaceAll("Ü", "U"): null

2018-03-20 19:54:35 - [TEST_STEP][PASSED] - Statement - ch = text.charAt(0): null

2018-03-20 19:54:35 - [TEST_STEP][PASSED] - Statement - ch_prev = el_prev.getAttribute("innerHTML").charAt(0): null

2018-03-20 19:54:35 - [TEST_STEP][PASSED] - Statement - If (ch_prev > ch): null

2018-03-20 19:54:35 - [TEST_STEP][PASSED] - Statement - Else If (ch_prev == ch): null

2018-03-20 19:54:35 - [TEST_STEP][PASSED] - Statement - ch = text.charAt(1): null

2018-03-20 19:54:35 - [TEST_STEP][PASSED] - Statement - ch_prev = text_prev.charAt(1): null

2018-03-20 19:54:35 - [TEST_STEP][PASSED] - Statement - If (ch_prev > ch): null

2018-03-20 19:54:35 - [TEST_STEP][PASSED] - Statement - Else If (ch_prev == ch): null

2018-03-20 19:54:35 - [TEST_STEP][PASSED] - Statement - ch = text.charAt(2): null

2018-03-20 19:54:35 - [TEST_STEP][PASSED] - Statement - ch_prev = text_prev.charAt(2): null

2018-03-20 19:54:35 - [TEST_STEP][PASSED] - Statement - If (ch_prev > ch): null

2018-03-20 19:54:35 - [TEST_STEP][PASSED] - Statement - el = wes.get(i): null

2018-03-20 19:54:35 - [TEST_STEP][PASSED] - Statement - el_prev = wes.get(i - 1): null

2018-03-20 19:54:35 - [TEST_STEP][PASSED] - Statement - text = el.getAttribute("innerHTML"): null

2018-03-20 19:54:35 - [TEST_STEP][PASSED] - Statement - text_prev = el_prev.getAttribute("innerHTML"): null

2018-03-20 19:54:35 - [TEST_STEP][PASSED] - Statement - text = text.replaceAll("ö", "o"): null

2018-03-20 19:54:35 - [TEST_STEP][PASSED] - Statement - text = text.replaceAll("Ö", "O"): null

2018-03-20 19:54:35 - [TEST_STEP][PASSED] - Statement - text_prev = text_prev.replaceAll("ö", "o"): null

2018-03-20 19:54:35 - [TEST_STEP][PASSED] - Statement - text_prev = text_prev.replaceAll("Ö", "O"): null

2018-03-20 19:54:35 - [TEST_STEP][PASSED] - Statement - text = text.replaceAll("ä", "a"): null

2018-03-20 19:54:35 - [TEST_STEP][PASSED] - Statement - text = text.replaceAll("Ä", "A"): null

2018-03-20 19:54:35 - [TEST_STEP][PASSED] - Statement - text_prev = text_prev.replaceAll("ä", "a"): null

2018-03-20 19:54:35 - [TEST_STEP][PASSED] - Statement - text_prev = text_prev.replaceAll("Ä", "A"): null

2018-03-20 19:54:35 - [TEST_STEP][PASSED] - Statement - text = text.replaceAll("ü", "u"): null

2018-03-20 19:54:35 - [TEST_STEP][PASSED] - Statement - text = text.replaceAll("Ü", "U"): null

2018-03-20 19:54:35 - [TEST_STEP][PASSED] - Statement - text_prev = text_prev.replaceAll("ü", "u"): null

2018-03-20 19:54:35 - [TEST_STEP][PASSED] - Statement - text_prev = text_prev.replaceAll("Ü", "U"): null

2018-03-20 19:54:35 - [TEST_STEP][PASSED] - Statement - ch = text.charAt(0): null

2018-03-20 19:54:35 - [TEST_STEP][PASSED] - Statement - ch_prev = el_prev.getAttribute("innerHTML").charAt(0): null

2018-03-20 19:54:35 - [TEST_STEP][PASSED] - Statement - If (ch_prev > ch): null

2018-03-20 19:54:35 - [TEST_STEP][PASSED] - Statement - Else If (ch_prev == ch): null

2018-03-20 19:54:35 - [TEST_STEP][PASSED] - Statement - ch = text.charAt(1): null

2018-03-20 19:54:35 - [TEST_STEP][PASSED] - Statement - ch_prev = text_prev.charAt(1): null

2018-03-20 19:54:35 - [TEST_STEP][PASSED] - Statement - If (ch_prev > ch): null

2018-03-20 19:54:35 - [TEST_STEP][PASSED] - Statement - Else If (ch_prev == ch): null

2018-03-20 19:54:35 - [TEST_STEP][PASSED] - Statement - ch = text.charAt(2): null

2018-03-20 19:54:35 - [TEST_STEP][PASSED] - Statement - ch_prev = text_prev.charAt(2): null

2018-03-20 19:54:35 - [TEST_STEP][PASSED] - Statement - If (ch_prev > ch): null

2018-03-20 19:54:36 - [TEST_STEP][PASSED] - Statement - el = wes.get(i): null

2018-03-20 19:54:36 - [TEST_STEP][PASSED] - Statement - el_prev = wes.get(i - 1): null

2018-03-20 19:54:36 - [TEST_STEP][PASSED] - Statement - text = el.getAttribute("innerHTML"): null

2018-03-20 19:54:36 - [TEST_STEP][PASSED] - Statement - text_prev = el_prev.getAttribute("innerHTML"): null

2018-03-20 19:54:36 - [TEST_STEP][PASSED] - Statement - text = text.replaceAll("ö", "o"): null

2018-03-20 19:54:36 - [TEST_STEP][PASSED] - Statement - text = text.replaceAll("Ö", "O"): null

2018-03-20 19:54:36 - [TEST_STEP][PASSED] - Statement - text_prev = text_prev.replaceAll("ö", "o"): null

2018-03-20 19:54:36 - [TEST_STEP][PASSED] - Statement - text_prev = text_prev.replaceAll("Ö", "O"): null

2018-03-20 19:54:36 - [TEST_STEP][PASSED] - Statement - text = text.replaceAll("ä", "a"): null

2018-03-20 19:54:36 - [TEST_STEP][PASSED] - Statement - text = text.replaceAll("Ä", "A"): null

2018-03-20 19:54:36 - [TEST_STEP][PASSED] - Statement - text_prev = text_prev.replaceAll("ä", "a"): null

2018-03-20 19:54:36 - [TEST_STEP][PASSED] - Statement - text_prev = text_prev.replaceAll("Ä", "A"): null

2018-03-20 19:54:36 - [TEST_STEP][PASSED] - Statement - text = text.replaceAll("ü", "u"): null

2018-03-20 19:54:36 - [TEST_STEP][PASSED] - Statement - text = text.replaceAll("Ü", "U"): null

2018-03-20 19:54:36 - [TEST_STEP][PASSED] - Statement - text_prev = text_prev.replaceAll("ü", "u"): null

2018-03-20 19:54:36 - [TEST_STEP][PASSED] - Statement - text_prev = text_prev.replaceAll("Ü", "U"): null

2018-03-20 19:54:36 - [TEST_STEP][PASSED] - Statement - ch = text.charAt(0): null

2018-03-20 19:54:36 - [TEST_STEP][PASSED] - Statement - ch_prev = el_prev.getAttribute("innerHTML").charAt(0): null

2018-03-20 19:54:36 - [TEST_STEP][PASSED] - Statement - If (ch_prev > ch): null

2018-03-20 19:54:36 - [TEST_STEP][PASSED] - Statement - Else If (ch_prev == ch): null

2018-03-20 19:54:36 - [TEST_STEP][PASSED] - Statement - ch = text.charAt(1): null

2018-03-20 19:54:36 - [TEST_STEP][PASSED] - Statement - ch_prev = text_prev.charAt(1): null

2018-03-20 19:54:36 - [TEST_STEP][PASSED] - Statement - If (ch_prev > ch): null

2018-03-20 19:54:36 - [TEST_STEP][PASSED] - Statement - el = wes.get(i): null

2018-03-20 19:54:36 - [TEST_STEP][PASSED] - Statement - el_prev = wes.get(i - 1): null

2018-03-20 19:54:36 - [TEST_STEP][PASSED] - Statement - text = el.getAttribute("innerHTML"): null

2018-03-20 19:54:36 - [TEST_STEP][PASSED] - Statement - text_prev = el_prev.getAttribute("innerHTML"): null

2018-03-20 19:54:36 - [TEST_STEP][PASSED] - Statement - text = text.replaceAll("ö", "o"): null

2018-03-20 19:54:36 - [TEST_STEP][PASSED] - Statement - text = text.replaceAll("Ö", "O"): null

2018-03-20 19:54:36 - [TEST_STEP][PASSED] - Statement - text_prev = text_prev.replaceAll("ö", "o"): null

2018-03-20 19:54:36 - [TEST_STEP][PASSED] - Statement - text_prev = text_prev.replaceAll("Ö", "O"): null

2018-03-20 19:54:36 - [TEST_STEP][PASSED] - Statement - text = text.replaceAll("ä", "a"): null

2018-03-20 19:54:36 - [TEST_STEP][PASSED] - Statement - text = text.replaceAll("Ä", "A"): null

2018-03-20 19:54:36 - [TEST_STEP][PASSED] - Statement - text_prev = text_prev.replaceAll("ä", "a"): null

2018-03-20 19:54:36 - [TEST_STEP][PASSED] - Statement - text_prev = text_prev.replaceAll("Ä", "A"): null

2018-03-20 19:54:36 - [TEST_STEP][PASSED] - Statement - text = text.replaceAll("ü", "u"): null

2018-03-20 19:54:36 - [TEST_STEP][PASSED] - Statement - text = text.replaceAll("Ü", "U"): null

2018-03-20 19:54:36 - [TEST_STEP][PASSED] - Statement - text_prev = text_prev.replaceAll("ü", "u"): null

2018-03-20 19:54:36 - [TEST_STEP][PASSED] - Statement - text_prev = text_prev.replaceAll("Ü", "U"): null

2018-03-20 19:54:36 - [TEST_STEP][PASSED] - Statement - ch = text.charAt(0): null

2018-03-20 19:54:36 - [TEST_STEP][PASSED] - Statement - ch_prev = el_prev.getAttribute("innerHTML").charAt(0): null

2018-03-20 19:54:36 - [TEST_STEP][PASSED] - Statement - If (ch_prev > ch): null

2018-03-20 19:54:36 - [TEST_STEP][PASSED] - Statement - Else If (ch_prev == ch): null

2018-03-20 19:54:36 - [TEST_STEP][PASSED] - Statement - ch = text.charAt(1): null

2018-03-20 19:54:36 - [TEST_STEP][PASSED] - Statement - ch_prev = text_prev.charAt(1): null

2018-03-20 19:54:36 - [TEST_STEP][PASSED] - Statement - If (ch_prev > ch): null

2018-03-20 19:54:36 - [TEST_STEP][PASSED] - Statement - el = wes.get(i): null

2018-03-20 19:54:36 - [TEST_STEP][PASSED] - Statement - el_prev = wes.get(i - 1): null

2018-03-20 19:54:36 - [TEST_STEP][PASSED] - Statement - text = el.getAttribute("innerHTML"): null

2018-03-20 19:54:36 - [TEST_STEP][PASSED] - Statement - text_prev = el_prev.getAttribute("innerHTML"): null

2018-03-20 19:54:36 - [TEST_STEP][PASSED] - Statement - text = text.replaceAll("ö", "o"): null

2018-03-20 19:54:36 - [TEST_STEP][PASSED] - Statement - text = text.replaceAll("Ö", "O"): null

2018-03-20 19:54:36 - [TEST_STEP][PASSED] - Statement - text_prev = text_prev.replaceAll("ö", "o"): null

2018-03-20 19:54:36 - [TEST_STEP][PASSED] - Statement - text_prev = text_prev.replaceAll("Ö", "O"): null

2018-03-20 19:54:36 - [TEST_STEP][PASSED] - Statement - text = text.replaceAll("ä", "a"): null

2018-03-20 19:54:36 - [TEST_STEP][PASSED] - Statement - text = text.replaceAll("Ä", "A"): null

2018-03-20 19:54:36 - [TEST_STEP][PASSED] - Statement - text_prev = text_prev.replaceAll("ä", "a"): null

2018-03-20 19:54:36 - [TEST_STEP][PASSED] - Statement - text_prev = text_prev.replaceAll("Ä", "A"): null

2018-03-20 19:54:36 - [TEST_STEP][PASSED] - Statement - text = text.replaceAll("ü", "u"): null

2018-03-20 19:54:36 - [TEST_STEP][PASSED] - Statement - text = text.replaceAll("Ü", "U"): null

2018-03-20 19:54:36 - [TEST_STEP][PASSED] - Statement - text_prev = text_prev.replaceAll("ü", "u"): null

2018-03-20 19:54:36 - [TEST_STEP][PASSED] - Statement - text_prev = text_prev.replaceAll("Ü", "U"): null

2018-03-20 19:54:36 - [TEST_STEP][PASSED] - Statement - ch = text.charAt(0): null

2018-03-20 19:54:36 - [TEST_STEP][PASSED] - Statement - ch_prev = el_prev.getAttribute("innerHTML").charAt(0): null

2018-03-20 19:54:36 - [TEST_STEP][PASSED] - Statement - If (ch_prev > ch): null

2018-03-20 19:54:36 - [TEST_STEP][PASSED] - Statement - el = wes.get(i): null

2018-03-20 19:54:36 - [TEST_STEP][PASSED] - Statement - el_prev = wes.get(i - 1): null

2018-03-20 19:54:36 - [TEST_STEP][PASSED] - Statement - text = el.getAttribute("innerHTML"): null

2018-03-20 19:54:36 - [TEST_STEP][PASSED] - Statement - text_prev = el_prev.getAttribute("innerHTML"): null

2018-03-20 19:54:36 - [TEST_STEP][PASSED] - Statement - text = text.replaceAll("ö", "o"): null

2018-03-20 19:54:36 - [TEST_STEP][PASSED] - Statement - text = text.replaceAll("Ö", "O"): null

2018-03-20 19:54:36 - [TEST_STEP][PASSED] - Statement - text_prev = text_prev.replaceAll("ö", "o"): null

2018-03-20 19:54:36 - [TEST_STEP][PASSED] - Statement - text_prev = text_prev.replaceAll("Ö", "O"): null

2018-03-20 19:54:36 - [TEST_STEP][PASSED] - Statement - text = text.replaceAll("ä", "a"): null

2018-03-20 19:54:36 - [TEST_STEP][PASSED] - Statement - text = text.replaceAll("Ä", "A"): null

2018-03-20 19:54:36 - [TEST_STEP][PASSED] - Statement - text_prev = text_prev.replaceAll("ä", "a"): null

2018-03-20 19:54:36 - [TEST_STEP][PASSED] - Statement - text_prev = text_prev.replaceAll("Ä", "A"): null

2018-03-20 19:54:36 - [TEST_STEP][PASSED] - Statement - text = text.replaceAll("ü", "u"): null

2018-03-20 19:54:36 - [TEST_STEP][PASSED] - Statement - text = text.replaceAll("Ü", "U"): null

2018-03-20 19:54:36 - [TEST_STEP][PASSED] - Statement - text_prev = text_prev.replaceAll("ü", "u"): null

2018-03-20 19:54:36 - [TEST_STEP][PASSED] - Statement - text_prev = text_prev.replaceAll("Ü", "U"): null

2018-03-20 19:54:36 - [TEST_STEP][PASSED] - Statement - ch = text.charAt(0): null

2018-03-20 19:54:36 - [TEST_STEP][PASSED] - Statement - ch_prev = el_prev.getAttribute("innerHTML").charAt(0): null

2018-03-20 19:54:36 - [TEST_STEP][PASSED] - Statement - If (ch_prev > ch): null

2018-03-20 19:54:36 - [TEST_STEP][PASSED] - Statement - el = wes.get(i): null

2018-03-20 19:54:36 - [TEST_STEP][PASSED] - Statement - el_prev = wes.get(i - 1): null

2018-03-20 19:54:36 - [TEST_STEP][PASSED] - Statement - text = el.getAttribute("innerHTML"): null

2018-03-20 19:54:36 - [TEST_STEP][PASSED] - Statement - text_prev = el_prev.getAttribute("innerHTML"): null

2018-03-20 19:54:36 - [TEST_STEP][PASSED] - Statement - text = text.replaceAll("ö", "o"): null

2018-03-20 19:54:36 - [TEST_STEP][PASSED] - Statement - text = text.replaceAll("Ö", "O"): null

2018-03-20 19:54:36 - [TEST_STEP][PASSED] - Statement - text_prev = text_prev.replaceAll("ö", "o"): null

2018-03-20 19:54:36 - [TEST_STEP][PASSED] - Statement - text_prev = text_prev.replaceAll("Ö", "O"): null

2018-03-20 19:54:36 - [TEST_STEP][PASSED] - Statement - text = text.replaceAll("ä", "a"): null

2018-03-20 19:54:36 - [TEST_STEP][PASSED] - Statement - text = text.replaceAll("Ä", "A"): null

2018-03-20 19:54:36 - [TEST_STEP][PASSED] - Statement - text_prev = text_prev.replaceAll("ä", "a"): null

2018-03-20 19:54:36 - [TEST_STEP][PASSED] - Statement - text_prev = text_prev.replaceAll("Ä", "A"): null

2018-03-20 19:54:36 - [TEST_STEP][PASSED] - Statement - text = text.replaceAll("ü", "u"): null

2018-03-20 19:54:36 - [TEST_STEP][PASSED] - Statement - text = text.replaceAll("Ü", "U"): null

2018-03-20 19:54:36 - [TEST_STEP][PASSED] - Statement - text_prev = text_prev.replaceAll("ü", "u"): null

2018-03-20 19:54:36 - [TEST_STEP][PASSED] - Statement - text_prev = text_prev.replaceAll("Ü", "U"): null

2018-03-20 19:54:36 - [TEST_STEP][PASSED] - Statement - ch = text.charAt(0): null

2018-03-20 19:54:36 - [TEST_STEP][PASSED] - Statement - ch_prev = el_prev.getAttribute("innerHTML").charAt(0): null

2018-03-20 19:54:36 - [TEST_STEP][PASSED] - Statement - If (ch_prev > ch): null

2018-03-20 19:54:36 - [TEST_STEP][PASSED] - Statement - Else If (ch_prev == ch): null

2018-03-20 19:54:36 - [TEST_STEP][PASSED] - Statement - ch = text.charAt(1): null

2018-03-20 19:54:36 - [TEST_STEP][PASSED] - Statement - ch_prev = text_prev.charAt(1): null

2018-03-20 19:54:36 - [TEST_STEP][PASSED] - Statement - If (ch_prev > ch): null

2018-03-20 19:54:36 - [TEST_STEP][PASSED] - Statement - el = wes.get(i): null

2018-03-20 19:54:36 - [TEST_STEP][PASSED] - Statement - el_prev = wes.get(i - 1): null

2018-03-20 19:54:36 - [TEST_STEP][PASSED] - Statement - text = el.getAttribute("innerHTML"): null

2018-03-20 19:54:36 - [TEST_STEP][PASSED] - Statement - text_prev = el_prev.getAttribute("innerHTML"): null

2018-03-20 19:54:36 - [TEST_STEP][PASSED] - Statement - text = text.replaceAll("ö", "o"): null

2018-03-20 19:54:36 - [TEST_STEP][PASSED] - Statement - text = text.replaceAll("Ö", "O"): null

2018-03-20 19:54:36 - [TEST_STEP][PASSED] - Statement - text_prev = text_prev.replaceAll("ö", "o"): null

2018-03-20 19:54:36 - [TEST_STEP][PASSED] - Statement - text_prev = text_prev.replaceAll("Ö", "O"): null

2018-03-20 19:54:36 - [TEST_STEP][PASSED] - Statement - text = text.replaceAll("ä", "a"): null

2018-03-20 19:54:36 - [TEST_STEP][PASSED] - Statement - text = text.replaceAll("Ä", "A"): null

2018-03-20 19:54:36 - [TEST_STEP][PASSED] - Statement - text_prev = text_prev.replaceAll("ä", "a"): null

2018-03-20 19:54:36 - [TEST_STEP][PASSED] - Statement - text_prev = text_prev.replaceAll("Ä", "A"): null

2018-03-20 19:54:36 - [TEST_STEP][PASSED] - Statement - text = text.replaceAll("ü", "u"): null

2018-03-20 19:54:36 - [TEST_STEP][PASSED] - Statement - text = text.replaceAll("Ü", "U"): null

2018-03-20 19:54:36 - [TEST_STEP][PASSED] - Statement - text_prev = text_prev.replaceAll("ü", "u"): null

2018-03-20 19:54:36 - [TEST_STEP][PASSED] - Statement - text_prev = text_prev.replaceAll("Ü", "U"): null

2018-03-20 19:54:36 - [TEST_STEP][PASSED] - Statement - ch = text.charAt(0): null

2018-03-20 19:54:36 - [TEST_STEP][PASSED] - Statement - ch_prev = el_prev.getAttribute("innerHTML").charAt(0): null

2018-03-20 19:54:36 - [TEST_STEP][PASSED] - Statement - If (ch_prev > ch): null

2018-03-20 19:54:36 - [TEST_STEP][PASSED] - Statement - el = wes.get(i): null

2018-03-20 19:54:36 - [TEST_STEP][PASSED] - Statement - el_prev = wes.get(i - 1): null

2018-03-20 19:54:36 - [TEST_STEP][PASSED] - Statement - text = el.getAttribute("innerHTML"): null

2018-03-20 19:54:36 - [TEST_STEP][PASSED] - Statement - text_prev = el_prev.getAttribute("innerHTML"): null

2018-03-20 19:54:36 - [TEST_STEP][PASSED] - Statement - text = text.replaceAll("ö", "o"): null

2018-03-20 19:54:36 - [TEST_STEP][PASSED] - Statement - text = text.replaceAll("Ö", "O"): null

2018-03-20 19:54:36 - [TEST_STEP][PASSED] - Statement - text_prev = text_prev.replaceAll("ö", "o"): null

2018-03-20 19:54:36 - [TEST_STEP][PASSED] - Statement - text_prev = text_prev.replaceAll("Ö", "O"): null

2018-03-20 19:54:36 - [TEST_STEP][PASSED] - Statement - text = text.replaceAll("ä", "a"): null

2018-03-20 19:54:36 - [TEST_STEP][PASSED] - Statement - text = text.replaceAll("Ä", "A"): null

2018-03-20 19:54:36 - [TEST_STEP][PASSED] - Statement - text_prev = text_prev.replaceAll("ä", "a"): null

2018-03-20 19:54:36 - [TEST_STEP][PASSED] - Statement - text_prev = text_prev.replaceAll("Ä", "A"): null

2018-03-20 19:54:36 - [TEST_STEP][PASSED] - Statement - text = text.replaceAll("ü", "u"): null

2018-03-20 19:54:36 - [TEST_STEP][PASSED] - Statement - text = text.replaceAll("Ü", "U"): null

2018-03-20 19:54:36 - [TEST_STEP][PASSED] - Statement - text_prev = text_prev.replaceAll("ü", "u"): null

2018-03-20 19:54:36 - [TEST_STEP][PASSED] - Statement - text_prev = text_prev.replaceAll("Ü", "U"): null

2018-03-20 19:54:36 - [TEST_STEP][PASSED] - Statement - ch = text.charAt(0): null

2018-03-20 19:54:36 - [TEST_STEP][PASSED] - Statement - ch_prev = el_prev.getAttribute("innerHTML").charAt(0): null

2018-03-20 19:54:36 - [TEST_STEP][PASSED] - Statement - If (ch_prev > ch): null

2018-03-20 19:54:36 - [TEST_STEP][PASSED] - Statement - Else If (ch_prev == ch): null

2018-03-20 19:54:36 - [TEST_STEP][PASSED] - Statement - ch = text.charAt(1): null

2018-03-20 19:54:36 - [TEST_STEP][PASSED] - Statement - ch_prev = text_prev.charAt(1): null

2018-03-20 19:54:36 - [TEST_STEP][PASSED] - Statement - If (ch_prev > ch): null

2018-03-20 19:54:36 - [TEST_STEP][PASSED] - Statement - el = wes.get(i): null

2018-03-20 19:54:36 - [TEST_STEP][PASSED] - Statement - el_prev = wes.get(i - 1): null

2018-03-20 19:54:36 - [TEST_STEP][PASSED] - Statement - text = el.getAttribute("innerHTML"): null

2018-03-20 19:54:36 - [TEST_STEP][PASSED] - Statement - text_prev = el_prev.getAttribute("innerHTML"): null

2018-03-20 19:54:36 - [TEST_STEP][PASSED] - Statement - text = text.replaceAll("ö", "o"): null

2018-03-20 19:54:36 - [TEST_STEP][PASSED] - Statement - text = text.replaceAll("Ö", "O"): null

2018-03-20 19:54:36 - [TEST_STEP][PASSED] - Statement - text_prev = text_prev.replaceAll("ö", "o"): null

2018-03-20 19:54:36 - [TEST_STEP][PASSED] - Statement - text_prev = text_prev.replaceAll("Ö", "O"): null

2018-03-20 19:54:36 - [TEST_STEP][PASSED] - Statement - text = text.replaceAll("ä", "a"): null

2018-03-20 19:54:36 - [TEST_STEP][PASSED] - Statement - text = text.replaceAll("Ä", "A"): null

2018-03-20 19:54:36 - [TEST_STEP][PASSED] - Statement - text_prev = text_prev.replaceAll("ä", "a"): null

2018-03-20 19:54:36 - [TEST_STEP][PASSED] - Statement - text_prev = text_prev.replaceAll("Ä", "A"): null

2018-03-20 19:54:36 - [TEST_STEP][PASSED] - Statement - text = text.replaceAll("ü", "u"): null

2018-03-20 19:54:36 - [TEST_STEP][PASSED] - Statement - text = text.replaceAll("Ü", "U"): null

2018-03-20 19:54:36 - [TEST_STEP][PASSED] - Statement - text_prev = text_prev.replaceAll("ü", "u"): null

2018-03-20 19:54:36 - [TEST_STEP][PASSED] - Statement - text_prev = text_prev.replaceAll("Ü", "U"): null

2018-03-20 19:54:36 - [TEST_STEP][PASSED] - Statement - ch = text.charAt(0): null

2018-03-20 19:54:36 - [TEST_STEP][PASSED] - Statement - ch_prev = el_prev.getAttribute("innerHTML").charAt(0): null

2018-03-20 19:54:36 - [TEST_STEP][PASSED] - Statement - If (ch_prev > ch): null

2018-03-20 19:54:36 - [TEST_STEP][PASSED] - Statement - Else If (ch_prev == ch): null

2018-03-20 19:54:36 - [TEST_STEP][PASSED] - Statement - ch = text.charAt(1): null

2018-03-20 19:54:36 - [TEST_STEP][PASSED] - Statement - ch_prev = text_prev.charAt(1): null

2018-03-20 19:54:36 - [TEST_STEP][PASSED] - Statement - If (ch_prev > ch): null

2018-03-20 19:54:36 - [TEST_STEP][PASSED] - Statement - Else If (ch_prev == ch): null

2018-03-20 19:54:36 - [TEST_STEP][PASSED] - Statement - ch = text.charAt(2): null

2018-03-20 19:54:36 - [TEST_STEP][PASSED] - Statement - ch_prev = text_prev.charAt(2): null

2018-03-20 19:54:36 - [TEST_STEP][PASSED] - Statement - If (ch_prev > ch): null

2018-03-20 19:54:36 - [TEST_STEP][PASSED] - Statement - el = wes.get(i): null

2018-03-20 19:54:36 - [TEST_STEP][PASSED] - Statement - el_prev = wes.get(i - 1): null

2018-03-20 19:54:36 - [TEST_STEP][PASSED] - Statement - text = el.getAttribute("innerHTML"): null

2018-03-20 19:54:36 - [TEST_STEP][PASSED] - Statement - text_prev = el_prev.getAttribute("innerHTML"): null

2018-03-20 19:54:36 - [TEST_STEP][PASSED] - Statement - text = text.replaceAll("ö", "o"): null

2018-03-20 19:54:36 - [TEST_STEP][PASSED] - Statement - text = text.replaceAll("Ö", "O"): null

2018-03-20 19:54:36 - [TEST_STEP][PASSED] - Statement - text_prev = text_prev.replaceAll("ö", "o"): null

2018-03-20 19:54:36 - [TEST_STEP][PASSED] - Statement - text_prev = text_prev.replaceAll("Ö", "O"): null

2018-03-20 19:54:36 - [TEST_STEP][PASSED] - Statement - text = text.replaceAll("ä", "a"): null

2018-03-20 19:54:36 - [TEST_STEP][PASSED] - Statement - text = text.replaceAll("Ä", "A"): null

2018-03-20 19:54:36 - [TEST_STEP][PASSED] - Statement - text_prev = text_prev.replaceAll("ä", "a"): null

2018-03-20 19:54:36 - [TEST_STEP][PASSED] - Statement - text_prev = text_prev.replaceAll("Ä", "A"): null

2018-03-20 19:54:36 - [TEST_STEP][PASSED] - Statement - text = text.replaceAll("ü", "u"): null

2018-03-20 19:54:36 - [TEST_STEP][PASSED] - Statement - text = text.replaceAll("Ü", "U"): null

2018-03-20 19:54:36 - [TEST_STEP][PASSED] - Statement - text_prev = text_prev.replaceAll("ü", "u"): null

2018-03-20 19:54:36 - [TEST_STEP][PASSED] - Statement - text_prev = text_prev.replaceAll("Ü", "U"): null

2018-03-20 19:54:36 - [TEST_STEP][PASSED] - Statement - ch = text.charAt(0): null

2018-03-20 19:54:36 - [TEST_STEP][PASSED] - Statement - ch_prev = el_prev.getAttribute("innerHTML").charAt(0): null

2018-03-20 19:54:36 - [TEST_STEP][PASSED] - Statement - If (ch_prev > ch): null

2018-03-20 19:54:36 - [TEST_STEP][PASSED] - Statement - Else If (ch_prev == ch): null

2018-03-20 19:54:36 - [TEST_STEP][PASSED] - Statement - ch = text.charAt(1): null

2018-03-20 19:54:36 - [TEST_STEP][PASSED] - Statement - ch_prev = text_prev.charAt(1): null

2018-03-20 19:54:36 - [TEST_STEP][PASSED] - Statement - If (ch_prev > ch): null

2018-03-20 19:54:36 - [TEST_STEP][PASSED] - Statement - el = wes.get(i): null

2018-03-20 19:54:36 - [TEST_STEP][PASSED] - Statement - el_prev = wes.get(i - 1): null

2018-03-20 19:54:36 - [TEST_STEP][PASSED] - Statement - text = el.getAttribute("innerHTML"): null

2018-03-20 19:54:36 - [TEST_STEP][PASSED] - Statement - text_prev = el_prev.getAttribute("innerHTML"): null

2018-03-20 19:54:36 - [TEST_STEP][PASSED] - Statement - text = text.replaceAll("ö", "o"): null

2018-03-20 19:54:36 - [TEST_STEP][PASSED] - Statement - text = text.replaceAll("Ö", "O"): null

2018-03-20 19:54:36 - [TEST_STEP][PASSED] - Statement - text_prev = text_prev.replaceAll("ö", "o"): null

2018-03-20 19:54:36 - [TEST_STEP][PASSED] - Statement - text_prev = text_prev.replaceAll("Ö", "O"): null

2018-03-20 19:54:36 - [TEST_STEP][PASSED] - Statement - text = text.replaceAll("ä", "a"): null

2018-03-20 19:54:36 - [TEST_STEP][PASSED] - Statement - text = text.replaceAll("Ä", "A"): null

2018-03-20 19:54:36 - [TEST_STEP][PASSED] - Statement - text_prev = text_prev.replaceAll("ä", "a"): null

2018-03-20 19:54:36 - [TEST_STEP][PASSED] - Statement - text_prev = text_prev.replaceAll("Ä", "A"): null

2018-03-20 19:54:36 - [TEST_STEP][PASSED] - Statement - text = text.replaceAll("ü", "u"): null

2018-03-20 19:54:36 - [TEST_STEP][PASSED] - Statement - text = text.replaceAll("Ü", "U"): null

2018-03-20 19:54:36 - [TEST_STEP][PASSED] - Statement - text_prev = text_prev.replaceAll("ü", "u"): null

2018-03-20 19:54:36 - [TEST_STEP][PASSED] - Statement - text_prev = text_prev.replaceAll("Ü", "U"): null

2018-03-20 19:54:36 - [TEST_STEP][PASSED] - Statement - ch = text.charAt(0): null

2018-03-20 19:54:36 - [TEST_STEP][PASSED] - Statement - ch_prev = el_prev.getAttribute("innerHTML").charAt(0): null

2018-03-20 19:54:36 - [TEST_STEP][PASSED] - Statement - If (ch_prev > ch): null

2018-03-20 19:54:36 - [TEST_STEP][PASSED] - Statement - el = wes.get(i): null

2018-03-20 19:54:36 - [TEST_STEP][PASSED] - Statement - el_prev = wes.get(i - 1): null

2018-03-20 19:54:36 - [TEST_STEP][PASSED] - Statement - text = el.getAttribute("innerHTML"): null

2018-03-20 19:54:36 - [TEST_STEP][PASSED] - Statement - text_prev = el_prev.getAttribute("innerHTML"): null

2018-03-20 19:54:36 - [TEST_STEP][PASSED] - Statement - text = text.replaceAll("ö", "o"): null

2018-03-20 19:54:36 - [TEST_STEP][PASSED] - Statement - text = text.replaceAll("Ö", "O"): null

2018-03-20 19:54:36 - [TEST_STEP][PASSED] - Statement - text_prev = text_prev.replaceAll("ö", "o"): null

2018-03-20 19:54:36 - [TEST_STEP][PASSED] - Statement - text_prev = text_prev.replaceAll("Ö", "O"): null

2018-03-20 19:54:36 - [TEST_STEP][PASSED] - Statement - text = text.replaceAll("ä", "a"): null

2018-03-20 19:54:36 - [TEST_STEP][PASSED] - Statement - text = text.replaceAll("Ä", "A"): null

2018-03-20 19:54:36 - [TEST_STEP][PASSED] - Statement - text_prev = text_prev.replaceAll("ä", "a"): null

2018-03-20 19:54:36 - [TEST_STEP][PASSED] - Statement - text_prev = text_prev.replaceAll("Ä", "A"): null

2018-03-20 19:54:36 - [TEST_STEP][PASSED] - Statement - text = text.replaceAll("ü", "u"): null

2018-03-20 19:54:36 - [TEST_STEP][PASSED] - Statement - text = text.replaceAll("Ü", "U"): null

2018-03-20 19:54:36 - [TEST_STEP][PASSED] - Statement - text_prev = text_prev.replaceAll("ü", "u"): null

2018-03-20 19:54:36 - [TEST_STEP][PASSED] - Statement - text_prev = text_prev.replaceAll("Ü", "U"): null

2018-03-20 19:54:36 - [TEST_STEP][PASSED] - Statement - ch = text.charAt(0): null

2018-03-20 19:54:36 - [TEST_STEP][PASSED] - Statement - ch_prev = el_prev.getAttribute("innerHTML").charAt(0): null

2018-03-20 19:54:36 - [TEST_STEP][PASSED] - Statement - If (ch_prev > ch): null

2018-03-20 19:54:36 - [TEST_STEP][PASSED] - Statement - Else If (ch_prev == ch): null

2018-03-20 19:54:36 - [TEST_STEP][PASSED] - Statement - ch = text.charAt(1): null

2018-03-20 19:54:36 - [TEST_STEP][PASSED] - Statement - ch_prev = text_prev.charAt(1): null

2018-03-20 19:54:36 - [TEST_STEP][PASSED] - Statement - If (ch_prev > ch): null

2018-03-20 19:54:36 - [TEST_STEP][PASSED] - Statement - Else If (ch_prev == ch): null

2018-03-20 19:54:36 - [TEST_STEP][PASSED] - Statement - ch = text.charAt(2): null

2018-03-20 19:54:36 - [TEST_STEP][PASSED] - Statement - ch_prev = text_prev.charAt(2): null

2018-03-20 19:54:36 - [TEST_STEP][PASSED] - Statement - If (ch_prev > ch): null

2018-03-20 19:54:36 - [TEST_STEP][PASSED] - Statement - el = wes.get(i): null

2018-03-20 19:54:36 - [TEST_STEP][PASSED] - Statement - el_prev = wes.get(i - 1): null

2018-03-20 19:54:36 - [TEST_STEP][PASSED] - Statement - text = el.getAttribute("innerHTML"): null

2018-03-20 19:54:36 - [TEST_STEP][PASSED] - Statement - text_prev = el_prev.getAttribute("innerHTML"): null

2018-03-20 19:54:36 - [TEST_STEP][PASSED] - Statement - text = text.replaceAll("ö", "o"): null

2018-03-20 19:54:36 - [TEST_STEP][PASSED] - Statement - text = text.replaceAll("Ö", "O"): null

2018-03-20 19:54:36 - [TEST_STEP][PASSED] - Statement - text_prev = text_prev.replaceAll("ö", "o"): null

2018-03-20 19:54:36 - [TEST_STEP][PASSED] - Statement - text_prev = text_prev.replaceAll("Ö", "O"): null

2018-03-20 19:54:36 - [TEST_STEP][PASSED] - Statement - text = text.replaceAll("ä", "a"): null

2018-03-20 19:54:36 - [TEST_STEP][PASSED] - Statement - text = text.replaceAll("Ä", "A"): null

2018-03-20 19:54:36 - [TEST_STEP][PASSED] - Statement - text_prev = text_prev.replaceAll("ä", "a"): null

2018-03-20 19:54:36 - [TEST_STEP][PASSED] - Statement - text_prev = text_prev.replaceAll("Ä", "A"): null

2018-03-20 19:54:36 - [TEST_STEP][PASSED] - Statement - text = text.replaceAll("ü", "u"): null

2018-03-20 19:54:36 - [TEST_STEP][PASSED] - Statement - text = text.replaceAll("Ü", "U"): null

2018-03-20 19:54:36 - [TEST_STEP][PASSED] - Statement - text_prev = text_prev.replaceAll("ü", "u"): null

2018-03-20 19:54:36 - [TEST_STEP][PASSED] - Statement - text_prev = text_prev.replaceAll("Ü", "U"): null

2018-03-20 19:54:36 - [TEST_STEP][PASSED] - Statement - ch = text.charAt(0): null

2018-03-20 19:54:36 - [TEST_STEP][PASSED] - Statement - ch_prev = el_prev.getAttribute("innerHTML").charAt(0): null

2018-03-20 19:54:36 - [TEST_STEP][PASSED] - Statement - If (ch_prev > ch): null

2018-03-20 19:54:36 - [TEST_STEP][PASSED] - Statement - el = wes.get(i): null

2018-03-20 19:54:36 - [TEST_STEP][PASSED] - Statement - el_prev = wes.get(i - 1): null

2018-03-20 19:54:36 - [TEST_STEP][PASSED] - Statement - text = el.getAttribute("innerHTML"): null

2018-03-20 19:54:36 - [TEST_STEP][PASSED] - Statement - text_prev = el_prev.getAttribute("innerHTML"): null

2018-03-20 19:54:36 - [TEST_STEP][PASSED] - Statement - text = text.replaceAll("ö", "o"): null

2018-03-20 19:54:36 - [TEST_STEP][PASSED] - Statement - text = text.replaceAll("Ö", "O"): null

2018-03-20 19:54:36 - [TEST_STEP][PASSED] - Statement - text_prev = text_prev.replaceAll("ö", "o"): null

2018-03-20 19:54:36 - [TEST_STEP][PASSED] - Statement - text_prev = text_prev.replaceAll("Ö", "O"): null

2018-03-20 19:54:36 - [TEST_STEP][PASSED] - Statement - text = text.replaceAll("ä", "a"): null

2018-03-20 19:54:36 - [TEST_STEP][PASSED] - Statement - text = text.replaceAll("Ä", "A"): null

2018-03-20 19:54:36 - [TEST_STEP][PASSED] - Statement - text_prev = text_prev.replaceAll("ä", "a"): null

2018-03-20 19:54:36 - [TEST_STEP][PASSED] - Statement - text_prev = text_prev.replaceAll("Ä", "A"): null

2018-03-20 19:54:36 - [TEST_STEP][PASSED] - Statement - text = text.replaceAll("ü", "u"): null

2018-03-20 19:54:36 - [TEST_STEP][PASSED] - Statement - text = text.replaceAll("Ü", "U"): null

2018-03-20 19:54:36 - [TEST_STEP][PASSED] - Statement - text_prev = text_prev.replaceAll("ü", "u"): null

2018-03-20 19:54:36 - [TEST_STEP][PASSED] - Statement - text_prev = text_prev.replaceAll("Ü", "U"): null

2018-03-20 19:54:36 - [TEST_STEP][PASSED] - Statement - ch = text.charAt(0): null

2018-03-20 19:54:36 - [TEST_STEP][PASSED] - Statement - ch_prev = el_prev.getAttribute("innerHTML").charAt(0): null

2018-03-20 19:54:36 - [TEST_STEP][PASSED] - Statement - If (ch_prev > ch): null

2018-03-20 19:54:36 - [TEST_STEP][PASSED] - Statement - Else If (ch_prev == ch): null

2018-03-20 19:54:36 - [TEST_STEP][PASSED] - Statement - ch = text.charAt(1): null

2018-03-20 19:54:36 - [TEST_STEP][PASSED] - Statement - ch_prev = text_prev.charAt(1): null

2018-03-20 19:54:36 - [TEST_STEP][PASSED] - Statement - If (ch_prev > ch): null

2018-03-20 19:54:36 - [TEST_STEP][PASSED] - Statement - Else If (ch_prev == ch): null

2018-03-20 19:54:36 - [TEST_STEP][PASSED] - Statement - ch = text.charAt(2): null

2018-03-20 19:54:36 - [TEST_STEP][PASSED] - Statement - ch_prev = text_prev.charAt(2): null

2018-03-20 19:54:36 - [TEST_STEP][PASSED] - Statement - If (ch_prev > ch): null

2018-03-20 19:54:36 - [TEST_STEP][PASSED] - Statement - el = wes.get(i): null

2018-03-20 19:54:36 - [TEST_STEP][PASSED] - Statement - el_prev = wes.get(i - 1): null

2018-03-20 19:54:36 - [TEST_STEP][PASSED] - Statement - text = el.getAttribute("innerHTML"): null

2018-03-20 19:54:36 - [TEST_STEP][PASSED] - Statement - text_prev = el_prev.getAttribute("innerHTML"): null

2018-03-20 19:54:36 - [TEST_STEP][PASSED] - Statement - text = text.replaceAll("ö", "o"): null

2018-03-20 19:54:36 - [TEST_STEP][PASSED] - Statement - text = text.replaceAll("Ö", "O"): null

2018-03-20 19:54:36 - [TEST_STEP][PASSED] - Statement - text_prev = text_prev.replaceAll("ö", "o"): null

2018-03-20 19:54:36 - [TEST_STEP][PASSED] - Statement - text_prev = text_prev.replaceAll("Ö", "O"): null

2018-03-20 19:54:36 - [TEST_STEP][PASSED] - Statement - text = text.replaceAll("ä", "a"): null

2018-03-20 19:54:36 - [TEST_STEP][PASSED] - Statement - text = text.replaceAll("Ä", "A"): null

2018-03-20 19:54:36 - [TEST_STEP][PASSED] - Statement - text_prev = text_prev.replaceAll("ä", "a"): null

2018-03-20 19:54:36 - [TEST_STEP][PASSED] - Statement - text_prev = text_prev.replaceAll("Ä", "A"): null

2018-03-20 19:54:36 - [TEST_STEP][PASSED] - Statement - text = text.replaceAll("ü", "u"): null

2018-03-20 19:54:36 - [TEST_STEP][PASSED] - Statement - text = text.replaceAll("Ü", "U"): null

2018-03-20 19:54:36 - [TEST_STEP][PASSED] - Statement - text_prev = text_prev.replaceAll("ü", "u"): null

2018-03-20 19:54:36 - [TEST_STEP][PASSED] - Statement - text_prev = text_prev.replaceAll("Ü", "U"): null

2018-03-20 19:54:36 - [TEST_STEP][PASSED] - Statement - ch = text.charAt(0): null

2018-03-20 19:54:36 - [TEST_STEP][PASSED] - Statement - ch_prev = el_prev.getAttribute("innerHTML").charAt(0): null

2018-03-20 19:54:36 - [TEST_STEP][PASSED] - Statement - If (ch_prev > ch): null

2018-03-20 19:54:36 - [TEST_STEP][PASSED] - Statement - Else If (ch_prev == ch): null

2018-03-20 19:54:36 - [TEST_STEP][PASSED] - Statement - ch = text.charAt(1): null

2018-03-20 19:54:36 - [TEST_STEP][PASSED] - Statement - ch_prev = text_prev.charAt(1): null

2018-03-20 19:54:36 - [TEST_STEP][PASSED] - Statement - If (ch_prev > ch): null

2018-03-20 19:54:36 - [TEST_STEP][PASSED] - Statement - el = wes.get(i): null

2018-03-20 19:54:36 - [TEST_STEP][PASSED] - Statement - el_prev = wes.get(i - 1): null

2018-03-20 19:54:36 - [TEST_STEP][PASSED] - Statement - text = el.getAttribute("innerHTML"): null

2018-03-20 19:54:36 - [TEST_STEP][PASSED] - Statement - text_prev = el_prev.getAttribute("innerHTML"): null

2018-03-20 19:54:36 - [TEST_STEP][PASSED] - Statement - text = text.replaceAll("ö", "o"): null

2018-03-20 19:54:36 - [TEST_STEP][PASSED] - Statement - text = text.replaceAll("Ö", "O"): null

2018-03-20 19:54:36 - [TEST_STEP][PASSED] - Statement - text_prev = text_prev.replaceAll("ö", "o"): null

2018-03-20 19:54:36 - [TEST_STEP][PASSED] - Statement - text_prev = text_prev.replaceAll("Ö", "O"): null

2018-03-20 19:54:36 - [TEST_STEP][PASSED] - Statement - text = text.replaceAll("ä", "a"): null

2018-03-20 19:54:36 - [TEST_STEP][PASSED] - Statement - text = text.replaceAll("Ä", "A"): null

2018-03-20 19:54:36 - [TEST_STEP][PASSED] - Statement - text_prev = text_prev.replaceAll("ä", "a"): null

2018-03-20 19:54:36 - [TEST_STEP][PASSED] - Statement - text_prev = text_prev.replaceAll("Ä", "A"): null

2018-03-20 19:54:36 - [TEST_STEP][PASSED] - Statement - text = text.replaceAll("ü", "u"): null

2018-03-20 19:54:36 - [TEST_STEP][PASSED] - Statement - text = text.replaceAll("Ü", "U"): null

2018-03-20 19:54:36 - [TEST_STEP][PASSED] - Statement - text_prev = text_prev.replaceAll("ü", "u"): null

2018-03-20 19:54:36 - [TEST_STEP][PASSED] - Statement - text_prev = text_prev.replaceAll("Ü", "U"): null

2018-03-20 19:54:36 - [TEST_STEP][PASSED] - Statement - ch = text.charAt(0): null

2018-03-20 19:54:36 - [TEST_STEP][PASSED] - Statement - ch_prev = el_prev.getAttribute("innerHTML").charAt(0): null

2018-03-20 19:54:36 - [TEST_STEP][PASSED] - Statement - If (ch_prev > ch): null

2018-03-20 19:54:36 - [TEST_STEP][PASSED] - Statement - Else If (ch_prev == ch): null

2018-03-20 19:54:36 - [TEST_STEP][PASSED] - Statement - ch = text.charAt(1): null

2018-03-20 19:54:41 - [TEST_STEP][PASSED] - Statement - ch_prev = text_prev.charAt(1): null

2018-03-20 19:54:52 - [TEST_STEP][PASSED] - Statement - If (ch_prev > ch): null

2018-03-20 19:54:52 - [TEST_STEP][PASSED] - Statement - Else If (ch_prev == ch): null

2018-03-20 19:54:52 - [TEST_STEP][PASSED] - Statement - ch = text.charAt(2): null

2018-03-20 19:54:52 - [TEST_STEP][PASSED] - Statement - ch_prev = text_prev.charAt(2): null

2018-03-20 19:54:52 - [TEST_STEP][PASSED] - Statement - If (ch_prev > ch): null

2018-03-20 19:54:52 - [TEST_STEP][PASSED] - closeBrowser: Browser is closed

2018-03-20 19:54:52 - [MESSAGE][PASSED] - Browser is closed]]></system-out>
         <system-err><![CDATA[]]></system-err>
      </testcase>
      <testcase name="Test Cases/Prototyp_Filialsuche (RC 18)/40_Testfall" classname="Test Cases/Prototyp_Filialsuche (RC 18)/40_Testfall" status="PASSED">
         <system-out><![CDATA[2018-03-20 19:54:52 - [TEST_CASE][PASSED] - Test Cases/Prototyp_Filialsuche (RC 18)/40_Testfall: Test Cases/Prototyp_Filialsuche (RC 18)/40_Testfall

2018-03-20 19:54:52 - [TEST_STEP][PASSED] - openBrowser: Browser is opened with url: ''

2018-03-20 19:54:54 - [MESSAGE][PASSED] - Browser is opened with url: ''

2018-03-20 19:54:54 - [TEST_STEP][PASSED] - deleteAllCookies: Delete all cookies successfully

2018-03-20 19:54:54 - [MESSAGE][PASSED] - Delete all cookies successfully

2018-03-20 19:54:54 - [TEST_STEP][PASSED] - maximizeWindow: Current window maximized

2018-03-20 19:54:54 - [MESSAGE][PASSED] - Current window maximized

2018-03-20 19:54:54 - [TEST_STEP][PASSED] - navigateToUrl: Navigate to 'http://rc-ogrhtmlprototyp.testintern/18-1-0/filialsuche-wangen.html' successfully

2018-03-20 19:54:58 - [MESSAGE][PASSED] - Navigate to 'http://rc-ogrhtmlprototyp.testintern/18-1-0/filialsuche-wangen.html' successfully

2018-03-20 19:54:58 - [TEST_STEP][PASSED] - delay: Delayed 5 second(s)

2018-03-20 19:55:03 - [MESSAGE][PASSED] - Delayed 5 second(s)

2018-03-20 19:55:03 - [TEST_STEP][PASSED] - click: Object: 'Object Repository/40_TF/Page_Filialsuche-wangen - BVR HTML/svg_dropdown-icons' is clicked on

2018-03-20 19:55:03 - [MESSAGE][PASSED] - Object: 'Object Repository/40_TF/Page_Filialsuche-wangen - BVR HTML/svg_dropdown-icons' is clicked on

2018-03-20 19:55:03 - [TEST_STEP][PASSED] - delay: Delayed 4 second(s)

2018-03-20 19:55:07 - [MESSAGE][PASSED] - Delayed 4 second(s)

2018-03-20 19:55:07 - [TEST_STEP][PASSED] - scrollToElement: Scroll to object 'Object Repository/40_TF/Page_Filialsuche-wangen - BVR HTML/div_Brtlingen' successfully

2018-03-20 19:55:07 - [MESSAGE][WARNING] - Timeout '0' is invalid. Using default page load timeout: '30'

2018-03-20 19:55:07 - [MESSAGE][PASSED] - Scroll to object 'Object Repository/40_TF/Page_Filialsuche-wangen - BVR HTML/div_Brtlingen' successfully

2018-03-20 19:55:07 - [TEST_STEP][PASSED] - delay: Delayed 5 second(s)

2018-03-20 19:55:12 - [MESSAGE][PASSED] - Delayed 5 second(s)

2018-03-20 19:55:12 - [TEST_STEP][PASSED] - mouseOver: Object: 'Object Repository/40_TF/Page_Filialsuche-wangen - BVR HTML/div_Brtlingen' is hovered

2018-03-20 19:55:12 - [MESSAGE][PASSED] - Object: 'Object Repository/40_TF/Page_Filialsuche-wangen - BVR HTML/div_Brtlingen' is hovered

2018-03-20 19:55:12 - [TEST_STEP][PASSED] - delay: Delayed 5 second(s)

2018-03-20 19:55:17 - [MESSAGE][PASSED] - Delayed 5 second(s)

2018-03-20 19:55:17 - [TEST_STEP][PASSED] - click: Object: 'Object Repository/40_TF/Page_Filialsuche-wangen - BVR HTML/div_Brtlingen' is clicked on

2018-03-20 19:55:17 - [MESSAGE][PASSED] - Object: 'Object Repository/40_TF/Page_Filialsuche-wangen - BVR HTML/div_Brtlingen' is clicked on

2018-03-20 19:55:17 - [TEST_STEP][PASSED] - delay: Delayed 5 second(s)

2018-03-20 19:55:22 - [MESSAGE][PASSED] - Delayed 5 second(s)

2018-03-20 19:55:22 - [TEST_STEP][PASSED] - verifyTextPresent: Text '73104 Börtlingen' is present on page 

2018-03-20 19:55:22 - [MESSAGE][PASSED] - Text '73104 Börtlingen' is present on page 

2018-03-20 19:55:22 - [TEST_STEP][PASSED] - verifyTextPresent: Text 'Hauptstr. 56' is present on page 

2018-03-20 19:55:22 - [MESSAGE][PASSED] - Text 'Hauptstr. 56' is present on page 

2018-03-20 19:55:22 - [TEST_STEP][PASSED] - verifyTextNotPresent: Text '73098 Rechberghausen' is not present on page

2018-03-20 19:55:22 - [MESSAGE][PASSED] - Text '73098 Rechberghausen' is not present on page

2018-03-20 19:55:22 - [TEST_STEP][PASSED] - verifyTextNotPresent: Text 'Hauptstr. 37' is not present on page

2018-03-20 19:55:22 - [MESSAGE][PASSED] - Text 'Hauptstr. 37' is not present on page

2018-03-20 19:55:22 - [TEST_STEP][PASSED] - verifyTextNotPresent: Text 'Dorfstr. 17 a' is not present on page

2018-03-20 19:55:22 - [MESSAGE][PASSED] - Text 'Dorfstr. 17 a' is not present on page

2018-03-20 19:55:22 - [TEST_STEP][PASSED] - verifyTextNotPresent: Text '73066 Uhingen' is not present on page

2018-03-20 19:55:22 - [MESSAGE][PASSED] - Text '73066 Uhingen' is not present on page

2018-03-20 19:55:22 - [TEST_STEP][PASSED] - verifyTextNotPresent: Text 'Hauptstr.44' is not present on page

2018-03-20 19:55:22 - [MESSAGE][PASSED] - Text 'Hauptstr.44' is not present on page

2018-03-20 19:55:22 - [TEST_STEP][PASSED] - verifyTextNotPresent: Text '73117 Wangen' is not present on page

2018-03-20 19:55:22 - [MESSAGE][PASSED] - Text '73117 Wangen' is not present on page

2018-03-20 19:55:22 - [TEST_STEP][PASSED] - delay: Delayed 2 second(s)

2018-03-20 19:55:24 - [MESSAGE][PASSED] - Delayed 2 second(s)

2018-03-20 19:55:24 - [TEST_STEP][PASSED] - click: Object: 'Object Repository/40_TF/Page_Filialsuche-wangen - BVR HTML/svg_dropdown-icons' is clicked on

2018-03-20 19:55:24 - [MESSAGE][PASSED] - Object: 'Object Repository/40_TF/Page_Filialsuche-wangen - BVR HTML/svg_dropdown-icons' is clicked on

2018-03-20 19:55:24 - [TEST_STEP][PASSED] - delay: Delayed 5 second(s)

2018-03-20 19:55:29 - [MESSAGE][PASSED] - Delayed 5 second(s)

2018-03-20 19:55:29 - [TEST_STEP][PASSED] - scrollToElement: Scroll to object 'Object Repository/40_TF/Page_Filialsuche-wangen - BVR HTML/div_Rechberghausen' successfully

2018-03-20 19:55:30 - [MESSAGE][WARNING] - Timeout '0' is invalid. Using default page load timeout: '30'

2018-03-20 19:55:30 - [MESSAGE][PASSED] - Scroll to object 'Object Repository/40_TF/Page_Filialsuche-wangen - BVR HTML/div_Rechberghausen' successfully

2018-03-20 19:55:30 - [TEST_STEP][PASSED] - delay: Delayed 5 second(s)

2018-03-20 19:55:35 - [MESSAGE][PASSED] - Delayed 5 second(s)

2018-03-20 19:55:35 - [TEST_STEP][PASSED] - mouseOver: Object: 'Object Repository/40_TF/Page_Filialsuche-wangen - BVR HTML/div_Rechberghausen' is hovered

2018-03-20 19:55:35 - [MESSAGE][PASSED] - Object: 'Object Repository/40_TF/Page_Filialsuche-wangen - BVR HTML/div_Rechberghausen' is hovered

2018-03-20 19:55:35 - [TEST_STEP][PASSED] - delay: Delayed 5 second(s)

2018-03-20 19:55:40 - [MESSAGE][PASSED] - Delayed 5 second(s)

2018-03-20 19:55:40 - [TEST_STEP][PASSED] - click: Object: 'Object Repository/40_TF/Page_Filialsuche-wangen - BVR HTML/div_Rechberghausen' is clicked on

2018-03-20 19:55:40 - [MESSAGE][PASSED] - Object: 'Object Repository/40_TF/Page_Filialsuche-wangen - BVR HTML/div_Rechberghausen' is clicked on

2018-03-20 19:55:40 - [TEST_STEP][PASSED] - delay: Delayed 5 second(s)

2018-03-20 19:55:45 - [MESSAGE][PASSED] - Delayed 5 second(s)

2018-03-20 19:55:45 - [TEST_STEP][PASSED] - verifyTextNotPresent: Text '73104 Börtlingen' is not present on page

2018-03-20 19:55:45 - [MESSAGE][PASSED] - Text '73104 Börtlingen' is not present on page

2018-03-20 19:55:45 - [TEST_STEP][PASSED] - verifyTextNotPresent: Text 'Hauptstr. 56' is not present on page

2018-03-20 19:55:45 - [MESSAGE][PASSED] - Text 'Hauptstr. 56' is not present on page

2018-03-20 19:55:45 - [TEST_STEP][PASSED] - verifyTextPresent: Text '73098 Rechberghausen' is present on page 

2018-03-20 19:55:45 - [MESSAGE][PASSED] - Text '73098 Rechberghausen' is present on page 

2018-03-20 19:55:45 - [TEST_STEP][PASSED] - verifyTextPresent: Text 'Hauptstr. 37' is present on page 

2018-03-20 19:55:45 - [MESSAGE][PASSED] - Text 'Hauptstr. 37' is present on page 

2018-03-20 19:55:45 - [TEST_STEP][PASSED] - verifyTextNotPresent: Text 'Dorfstr. 17 a' is not present on page

2018-03-20 19:55:45 - [MESSAGE][PASSED] - Text 'Dorfstr. 17 a' is not present on page

2018-03-20 19:55:45 - [TEST_STEP][PASSED] - verifyTextNotPresent: Text '73066 Uhingen' is not present on page

2018-03-20 19:55:45 - [MESSAGE][PASSED] - Text '73066 Uhingen' is not present on page

2018-03-20 19:55:45 - [TEST_STEP][PASSED] - verifyTextNotPresent: Text 'Hauptstr.44' is not present on page

2018-03-20 19:55:45 - [MESSAGE][PASSED] - Text 'Hauptstr.44' is not present on page

2018-03-20 19:55:45 - [TEST_STEP][PASSED] - verifyTextNotPresent: Text '73117 Wangen' is not present on page

2018-03-20 19:55:45 - [MESSAGE][PASSED] - Text '73117 Wangen' is not present on page

2018-03-20 19:55:45 - [TEST_STEP][PASSED] - delay: Delayed 2 second(s)

2018-03-20 19:55:47 - [MESSAGE][PASSED] - Delayed 2 second(s)

2018-03-20 19:55:47 - [TEST_STEP][PASSED] - click: Object: 'Object Repository/40_TF/Page_Filialsuche-wangen - BVR HTML/svg_dropdown-icons' is clicked on

2018-03-20 19:55:47 - [MESSAGE][PASSED] - Object: 'Object Repository/40_TF/Page_Filialsuche-wangen - BVR HTML/svg_dropdown-icons' is clicked on

2018-03-20 19:55:47 - [TEST_STEP][PASSED] - delay: Delayed 5 second(s)

2018-03-20 19:55:52 - [MESSAGE][PASSED] - Delayed 5 second(s)

2018-03-20 19:55:52 - [TEST_STEP][PASSED] - scrollToElement: Scroll to object 'Object Repository/40_TF/Page_Filialsuche-wangen - BVR HTML/div_Uhingen' successfully

2018-03-20 19:55:52 - [MESSAGE][WARNING] - Timeout '0' is invalid. Using default page load timeout: '30'

2018-03-20 19:55:52 - [MESSAGE][PASSED] - Scroll to object 'Object Repository/40_TF/Page_Filialsuche-wangen - BVR HTML/div_Uhingen' successfully

2018-03-20 19:55:52 - [TEST_STEP][PASSED] - delay: Delayed 2 second(s)

2018-03-20 19:55:54 - [MESSAGE][PASSED] - Delayed 2 second(s)

2018-03-20 19:55:54 - [TEST_STEP][PASSED] - mouseOver: Object: 'Object Repository/40_TF/Page_Filialsuche-wangen - BVR HTML/div_Uhingen' is hovered

2018-03-20 19:55:54 - [MESSAGE][PASSED] - Object: 'Object Repository/40_TF/Page_Filialsuche-wangen - BVR HTML/div_Uhingen' is hovered

2018-03-20 19:55:54 - [TEST_STEP][PASSED] - delay: Delayed 5 second(s)

2018-03-20 19:55:59 - [MESSAGE][PASSED] - Delayed 5 second(s)

2018-03-20 19:55:59 - [TEST_STEP][PASSED] - click: Object: 'Object Repository/40_TF/Page_Filialsuche-wangen - BVR HTML/div_Uhingen' is clicked on

2018-03-20 19:55:59 - [MESSAGE][PASSED] - Object: 'Object Repository/40_TF/Page_Filialsuche-wangen - BVR HTML/div_Uhingen' is clicked on

2018-03-20 19:55:59 - [TEST_STEP][PASSED] - delay: Delayed 2 second(s)

2018-03-20 19:56:01 - [MESSAGE][PASSED] - Delayed 2 second(s)

2018-03-20 19:56:01 - [TEST_STEP][PASSED] - verifyTextNotPresent: Text '73104 Börtlingen' is not present on page

2018-03-20 19:56:01 - [MESSAGE][PASSED] - Text '73104 Börtlingen' is not present on page

2018-03-20 19:56:01 - [TEST_STEP][PASSED] - verifyTextNotPresent: Text 'Hauptstr. 56' is not present on page

2018-03-20 19:56:01 - [MESSAGE][PASSED] - Text 'Hauptstr. 56' is not present on page

2018-03-20 19:56:01 - [TEST_STEP][PASSED] - verifyTextNotPresent: Text '73098 Rechberghausen' is not present on page

2018-03-20 19:56:01 - [MESSAGE][PASSED] - Text '73098 Rechberghausen' is not present on page

2018-03-20 19:56:01 - [TEST_STEP][PASSED] - verifyTextNotPresent: Text 'Hauptstr. 37' is not present on page

2018-03-20 19:56:01 - [MESSAGE][PASSED] - Text 'Hauptstr. 37' is not present on page

2018-03-20 19:56:01 - [TEST_STEP][PASSED] - verifyTextPresent: Text 'Dorfstr. 17 a' is present on page 

2018-03-20 19:56:01 - [MESSAGE][PASSED] - Text 'Dorfstr. 17 a' is present on page 

2018-03-20 19:56:01 - [TEST_STEP][PASSED] - verifyTextPresent: Text '73066 Uhingen' is present on page 

2018-03-20 19:56:01 - [MESSAGE][PASSED] - Text '73066 Uhingen' is present on page 

2018-03-20 19:56:01 - [TEST_STEP][PASSED] - verifyTextNotPresent: Text 'Hauptstr.44' is not present on page

2018-03-20 19:56:01 - [MESSAGE][PASSED] - Text 'Hauptstr.44' is not present on page

2018-03-20 19:56:01 - [TEST_STEP][PASSED] - verifyTextNotPresent: Text '73117 Wangen' is not present on page

2018-03-20 19:56:01 - [MESSAGE][PASSED] - Text '73117 Wangen' is not present on page

2018-03-20 19:56:01 - [TEST_STEP][PASSED] - delay: Delayed 2 second(s)

2018-03-20 19:56:03 - [MESSAGE][PASSED] - Delayed 2 second(s)

2018-03-20 19:56:03 - [TEST_STEP][PASSED] - click: Object: 'Object Repository/40_TF/Page_Filialsuche-wangen - BVR HTML/svg_dropdown-icons' is clicked on

2018-03-20 19:56:03 - [MESSAGE][PASSED] - Object: 'Object Repository/40_TF/Page_Filialsuche-wangen - BVR HTML/svg_dropdown-icons' is clicked on

2018-03-20 19:56:03 - [TEST_STEP][PASSED] - delay: Delayed 5 second(s)

2018-03-20 19:56:08 - [MESSAGE][PASSED] - Delayed 5 second(s)

2018-03-20 19:56:08 - [TEST_STEP][PASSED] - scrollToElement: Scroll to object 'Object Repository/40_TF/Page_Filialsuche-wangen - BVR HTML/div_Wangen' successfully

2018-03-20 19:56:08 - [MESSAGE][WARNING] - Timeout '0' is invalid. Using default page load timeout: '30'

2018-03-20 19:56:08 - [MESSAGE][PASSED] - Scroll to object 'Object Repository/40_TF/Page_Filialsuche-wangen - BVR HTML/div_Wangen' successfully

2018-03-20 19:56:08 - [TEST_STEP][PASSED] - delay: Delayed 5 second(s)

2018-03-20 19:56:13 - [MESSAGE][PASSED] - Delayed 5 second(s)

2018-03-20 19:56:13 - [TEST_STEP][PASSED] - mouseOver: Object: 'Object Repository/40_TF/Page_Filialsuche-wangen - BVR HTML/div_Wangen' is hovered

2018-03-20 19:56:13 - [MESSAGE][PASSED] - Object: 'Object Repository/40_TF/Page_Filialsuche-wangen - BVR HTML/div_Wangen' is hovered

2018-03-20 19:56:13 - [TEST_STEP][PASSED] - delay: Delayed 5 second(s)

2018-03-20 19:56:18 - [MESSAGE][PASSED] - Delayed 5 second(s)

2018-03-20 19:56:18 - [TEST_STEP][PASSED] - click: Object: 'Object Repository/40_TF/Page_Filialsuche-wangen - BVR HTML/div_Wangen' is clicked on

2018-03-20 19:56:18 - [MESSAGE][PASSED] - Object: 'Object Repository/40_TF/Page_Filialsuche-wangen - BVR HTML/div_Wangen' is clicked on

2018-03-20 19:56:18 - [TEST_STEP][PASSED] - delay: Delayed 5 second(s)

2018-03-20 19:56:23 - [MESSAGE][PASSED] - Delayed 5 second(s)

2018-03-20 19:56:23 - [TEST_STEP][PASSED] - verifyTextNotPresent: Text '73104 Börtlingen' is not present on page

2018-03-20 19:56:23 - [MESSAGE][PASSED] - Text '73104 Börtlingen' is not present on page

2018-03-20 19:56:23 - [TEST_STEP][PASSED] - verifyTextNotPresent: Text 'Hauptstr. 56' is not present on page

2018-03-20 19:56:23 - [MESSAGE][PASSED] - Text 'Hauptstr. 56' is not present on page

2018-03-20 19:56:23 - [TEST_STEP][PASSED] - verifyTextNotPresent: Text '73098 Rechberghausen' is not present on page

2018-03-20 19:56:23 - [MESSAGE][PASSED] - Text '73098 Rechberghausen' is not present on page

2018-03-20 19:56:23 - [TEST_STEP][PASSED] - verifyTextNotPresent: Text 'Hauptstr. 37' is not present on page

2018-03-20 19:56:23 - [MESSAGE][PASSED] - Text 'Hauptstr. 37' is not present on page

2018-03-20 19:56:23 - [TEST_STEP][PASSED] - verifyTextNotPresent: Text 'Dorfstr. 17 a' is not present on page

2018-03-20 19:56:23 - [MESSAGE][PASSED] - Text 'Dorfstr. 17 a' is not present on page

2018-03-20 19:56:23 - [TEST_STEP][PASSED] - verifyTextNotPresent: Text '73066 Uhingen' is not present on page

2018-03-20 19:56:23 - [MESSAGE][PASSED] - Text '73066 Uhingen' is not present on page

2018-03-20 19:56:23 - [TEST_STEP][PASSED] - verifyTextPresent: Text 'Hauptstr.44' is present on page 

2018-03-20 19:56:23 - [MESSAGE][PASSED] - Text 'Hauptstr.44' is present on page 

2018-03-20 19:56:23 - [TEST_STEP][PASSED] - verifyTextPresent: Text '73117 Wangen' is present on page 

2018-03-20 19:56:23 - [MESSAGE][PASSED] - Text '73117 Wangen' is present on page 

2018-03-20 19:56:23 - [TEST_STEP][PASSED] - closeBrowser: Browser is closed

2018-03-20 19:56:23 - [MESSAGE][PASSED] - Browser is closed]]></system-out>
         <system-err><![CDATA[]]></system-err>
      </testcase>
      <testcase name="Test Cases/Prototyp_Filialsuche (RC 18)/41_Testfall" classname="Test Cases/Prototyp_Filialsuche (RC 18)/41_Testfall" status="FAILED">
         <failure type="FAILED" message="Unable to verify text 'PSD Bank Nürnberg eG' is present  (Root cause: Text 'PSD Bank Nürnberg eG' is not present on page )"/>
         <system-out><![CDATA[2018-03-20 19:56:23 - [TEST_CASE][FAILED] - Test Cases/Prototyp_Filialsuche (RC 18)/41_Testfall: Test Cases/Prototyp_Filialsuche (RC 18)/41_Testfall FAILED because (of) Unable to verify text 'PSD Bank Nürnberg eG' is present  (Root cause: Text 'PSD Bank Nürnberg eG' is not present on page )

2018-03-20 19:56:24 - [TEST_STEP][PASSED] - openBrowser: Browser is opened with url: ''

2018-03-20 19:56:28 - [MESSAGE][PASSED] - Browser is opened with url: ''

2018-03-20 19:56:28 - [TEST_STEP][PASSED] - deleteAllCookies: Delete all cookies successfully

2018-03-20 19:56:28 - [MESSAGE][PASSED] - Delete all cookies successfully

2018-03-20 19:56:28 - [TEST_STEP][PASSED] - maximizeWindow: Current window maximized

2018-03-20 19:56:28 - [MESSAGE][PASSED] - Current window maximized

2018-03-20 19:56:28 - [TEST_STEP][PASSED] - navigateToUrl: Navigate to 'http://rc-ogrhtmlprototyp.testintern/18-1-0/filialsuche-nuernberg-textinput.html' successfully

2018-03-20 19:56:29 - [MESSAGE][PASSED] - Navigate to 'http://rc-ogrhtmlprototyp.testintern/18-1-0/filialsuche-nuernberg-textinput.html' successfully

2018-03-20 19:56:29 - [TEST_STEP][PASSED] - delay: Delayed 5 second(s)

2018-03-20 19:56:34 - [MESSAGE][PASSED] - Delayed 5 second(s)

2018-03-20 19:56:34 - [TEST_STEP][PASSED] - setText: Text 'Ansbach' is set on object 'Object Repository/Filialsuche_Inputtext'

2018-03-20 19:56:35 - [MESSAGE][PASSED] - Text 'Ansbach' is set on object 'Object Repository/Filialsuche_Inputtext'

2018-03-20 19:56:35 - [TEST_STEP][PASSED] - submit: The form containing object: 'Object Repository/Filialsuche_submit_button' is submitted

2018-03-20 19:56:35 - [MESSAGE][PASSED] - The form containing object: 'Object Repository/Filialsuche_submit_button' is submitted

2018-03-20 19:56:35 - [TEST_STEP][PASSED] - delay: Delayed 5 second(s)

2018-03-20 19:56:40 - [MESSAGE][PASSED] - Delayed 5 second(s)

2018-03-20 19:56:40 - [TEST_STEP][PASSED] - verifyTextPresent: Text 'Martin-Luther-Platz 20' is present on page 

2018-03-20 19:56:40 - [MESSAGE][PASSED] - Text 'Martin-Luther-Platz 20' is present on page 

2018-03-20 19:56:40 - [TEST_STEP][PASSED] - verifyTextPresent: Text 'PSD Bank Nürnberg eG' is present on page 

2018-03-20 19:56:40 - [MESSAGE][PASSED] - Text 'PSD Bank Nürnberg eG' is present on page 

2018-03-20 19:56:40 - [TEST_STEP][PASSED] - setText: Text 'nürnberg' is set on object 'Object Repository/Filialsuche_Inputtext'

2018-03-20 19:56:40 - [MESSAGE][PASSED] - Text 'nürnberg' is set on object 'Object Repository/Filialsuche_Inputtext'

2018-03-20 19:56:40 - [TEST_STEP][PASSED] - submit: The form containing object: 'Object Repository/Filialsuche_submit_button' is submitted

2018-03-20 19:56:40 - [MESSAGE][PASSED] - The form containing object: 'Object Repository/Filialsuche_submit_button' is submitted

2018-03-20 19:56:40 - [TEST_STEP][PASSED] - delay: Delayed 2 second(s)

2018-03-20 19:56:42 - [MESSAGE][PASSED] - Delayed 2 second(s)

2018-03-20 19:56:42 - [TEST_STEP][FAILED] - verifyTextPresent: Unable to verify text 'PSD Bank Nürnberg eG' is present  (Root cause: Text 'PSD Bank Nürnberg eG' is not present on page )

2018-03-20 19:56:42 - [MESSAGE][FAILED] - Text 'PSD Bank Nürnberg eG' is not present on page 

2018-03-20 19:56:42 - [MESSAGE][FAILED] - Unable to verify text 'PSD Bank Nürnberg eG' is present  (Root cause: Text 'PSD Bank Nürnberg eG' is not present on page )
[[ATTACHMENT|/Users/lbut/git/Katalon/Reports/Filialsuche_20_03/20180320_194128/1521572202474.png]]]]></system-out>
         <system-err><![CDATA[2018-03-20 19:56:23 - [TEST_CASE][FAILED] - Test Cases/Prototyp_Filialsuche (RC 18)/41_Testfall: Test Cases/Prototyp_Filialsuche (RC 18)/41_Testfall FAILED because (of) Unable to verify text 'PSD Bank Nürnberg eG' is present  (Root cause: Text 'PSD Bank Nürnberg eG' is not present on page )]]></system-err>
      </testcase>
      <testcase name="Test Cases/Prototyp_Filialsuche (RC 18)/42_Testfall" classname="Test Cases/Prototyp_Filialsuche (RC 18)/42_Testfall" status="PASSED">
         <system-out><![CDATA[2018-03-20 19:56:42 - [TEST_CASE][PASSED] - Test Cases/Prototyp_Filialsuche (RC 18)/42_Testfall: Test Cases/Prototyp_Filialsuche (RC 18)/42_Testfall

2018-03-20 19:56:43 - [TEST_STEP][PASSED] - openBrowser: Browser is opened with url: ''

2018-03-20 19:56:43 - [MESSAGE][WARNING] - A browser is already opened. Closing browser and opening a new one

2018-03-20 19:56:45 - [MESSAGE][PASSED] - Browser is opened with url: ''

2018-03-20 19:56:45 - [TEST_STEP][PASSED] - deleteAllCookies: Delete all cookies successfully

2018-03-20 19:56:45 - [MESSAGE][PASSED] - Delete all cookies successfully

2018-03-20 19:56:45 - [TEST_STEP][PASSED] - maximizeWindow: Current window maximized

2018-03-20 19:56:45 - [MESSAGE][PASSED] - Current window maximized

2018-03-20 19:56:45 - [TEST_STEP][PASSED] - navigateToUrl: Navigate to 'http://rc-ogrhtmlprototyp.testintern/18-1-0/filialsuche-nuernberg.html' successfully

2018-03-20 19:56:49 - [MESSAGE][PASSED] - Navigate to 'http://rc-ogrhtmlprototyp.testintern/18-1-0/filialsuche-nuernberg.html' successfully

2018-03-20 19:56:49 - [TEST_STEP][PASSED] - delay: Delayed 2 second(s)

2018-03-20 19:56:51 - [MESSAGE][PASSED] - Delayed 2 second(s)

2018-03-20 19:56:51 - [TEST_STEP][PASSED] - click: Object: 'Object Repository/42TF/Page_Filialsuche-nuernberg - BVR HT/span_PSD Bank Nrnberg eG' is clicked on

2018-03-20 19:56:51 - [MESSAGE][PASSED] - Object: 'Object Repository/42TF/Page_Filialsuche-nuernberg - BVR HT/span_PSD Bank Nrnberg eG' is clicked on

2018-03-20 19:56:51 - [TEST_STEP][PASSED] - verifyTextPresent: Text 'PSD Bank Nürnberg eG' is present on page 

2018-03-20 19:56:51 - [MESSAGE][PASSED] - Text 'PSD Bank Nürnberg eG' is present on page 

2018-03-20 19:56:51 - [TEST_STEP][PASSED] - verifyTextPresent: Text 'Willy-Brandt-Platz 8' is present on page 

2018-03-20 19:56:51 - [MESSAGE][PASSED] - Text 'Willy-Brandt-Platz 8' is present on page 

2018-03-20 19:56:51 - [TEST_STEP][PASSED] - verifyTextPresent: Text '90402 Nürnberg' is present on page 

2018-03-20 19:56:51 - [MESSAGE][PASSED] - Text '90402 Nürnberg' is present on page 

2018-03-20 19:56:51 - [TEST_STEP][PASSED] - click: Object: 'Object Repository/42TF/Page_Filialsuche-nuernberg - BVR HT/span_Beratungsbro Ansbach' is clicked on

2018-03-20 19:56:51 - [MESSAGE][PASSED] - Object: 'Object Repository/42TF/Page_Filialsuche-nuernberg - BVR HT/span_Beratungsbro Ansbach' is clicked on

2018-03-20 19:56:51 - [TEST_STEP][PASSED] - verifyTextPresent: Text 'Beratungsbüro Ansbach' is present on page 

2018-03-20 19:56:51 - [MESSAGE][PASSED] - Text 'Beratungsbüro Ansbach' is present on page 

2018-03-20 19:56:51 - [TEST_STEP][PASSED] - verifyTextPresent: Text 'Martin-Luther-Platz 20' is present on page 

2018-03-20 19:56:51 - [MESSAGE][PASSED] - Text 'Martin-Luther-Platz 20' is present on page 

2018-03-20 19:56:51 - [TEST_STEP][PASSED] - verifyTextPresent: Text '91522 Ansbach' is present on page 

2018-03-20 19:56:51 - [MESSAGE][PASSED] - Text '91522 Ansbach' is present on page 

2018-03-20 19:56:51 - [TEST_STEP][PASSED] - click: Object: 'Object Repository/42TF/Page_Filialsuche-nuernberg - BVR HT/span_PSD Bank Nrnberg eG Filia' is clicked on

2018-03-20 19:56:51 - [MESSAGE][PASSED] - Object: 'Object Repository/42TF/Page_Filialsuche-nuernberg - BVR HT/span_PSD Bank Nrnberg eG Filia' is clicked on

2018-03-20 19:56:51 - [TEST_STEP][PASSED] - verifyTextPresent: Text 'PSD Bank Nürnberg eG, Filiale Bamberg' is present on page 

2018-03-20 19:56:51 - [MESSAGE][PASSED] - Text 'PSD Bank Nürnberg eG, Filiale Bamberg' is present on page 

2018-03-20 19:56:51 - [TEST_STEP][PASSED] - verifyTextPresent: Text 'Hauptwachstr. 11' is present on page 

2018-03-20 19:56:51 - [MESSAGE][PASSED] - Text 'Hauptwachstr. 11' is present on page 

2018-03-20 19:56:51 - [TEST_STEP][PASSED] - verifyTextPresent: Text '96047 Bamberg' is present on page 

2018-03-20 19:56:52 - [MESSAGE][PASSED] - Text '96047 Bamberg' is present on page 

2018-03-20 19:56:52 - [TEST_STEP][PASSED] - click: Object: 'Object Repository/42TF/Page_Filialsuche-nuernberg - BVR HT/span_Beratungsbro Bayreuth' is clicked on

2018-03-20 19:56:52 - [MESSAGE][PASSED] - Object: 'Object Repository/42TF/Page_Filialsuche-nuernberg - BVR HT/span_Beratungsbro Bayreuth' is clicked on

2018-03-20 19:56:52 - [TEST_STEP][PASSED] - verifyTextPresent: Text 'Beratungsbüro Bayreuth' is present on page 

2018-03-20 19:56:52 - [MESSAGE][PASSED] - Text 'Beratungsbüro Bayreuth' is present on page 

2018-03-20 19:56:52 - [TEST_STEP][PASSED] - verifyTextPresent: Text 'Wölfelstraße 7' is present on page 

2018-03-20 19:56:52 - [MESSAGE][PASSED] - Text 'Wölfelstraße 7' is present on page 

2018-03-20 19:56:52 - [TEST_STEP][PASSED] - verifyTextPresent: Text '95444 Bayreuth' is present on page 

2018-03-20 19:56:52 - [MESSAGE][PASSED] - Text '95444 Bayreuth' is present on page 

2018-03-20 19:56:52 - [TEST_STEP][PASSED] - click: Object: 'Object Repository/42TF/Page_Filialsuche-nuernberg - BVR HT/span_Beratungsbro Regensburg' is clicked on

2018-03-20 19:56:52 - [MESSAGE][PASSED] - Object: 'Object Repository/42TF/Page_Filialsuche-nuernberg - BVR HT/span_Beratungsbro Regensburg' is clicked on

2018-03-20 19:56:52 - [TEST_STEP][PASSED] - verifyTextPresent: Text 'Beratungsbüro Regensburg' is present on page 

2018-03-20 19:56:52 - [MESSAGE][PASSED] - Text 'Beratungsbüro Regensburg' is present on page 

2018-03-20 19:56:52 - [TEST_STEP][PASSED] - verifyTextPresent: Text 'Dr.-Leo-Ritter-Str. 2 (1. OG)' is present on page 

2018-03-20 19:56:52 - [MESSAGE][PASSED] - Text 'Dr.-Leo-Ritter-Str. 2 (1. OG)' is present on page 

2018-03-20 19:56:52 - [TEST_STEP][PASSED] - verifyTextPresent: Text '93049 Regensburg' is present on page 

2018-03-20 19:56:52 - [MESSAGE][PASSED] - Text '93049 Regensburg' is present on page 

2018-03-20 19:56:52 - [TEST_STEP][PASSED] - click: Object: 'Object Repository/42TF/Page_Filialsuche-nuernberg - BVR HT/span_PSD Bank Nrnberg eG Filia_1' is clicked on

2018-03-20 19:56:52 - [MESSAGE][PASSED] - Object: 'Object Repository/42TF/Page_Filialsuche-nuernberg - BVR HT/span_PSD Bank Nrnberg eG Filia_1' is clicked on

2018-03-20 19:56:52 - [TEST_STEP][PASSED] - verifyTextPresent: Text 'PSD Bank Nürnberg eG, Filiale Würzburg' is present on page 

2018-03-20 19:56:52 - [MESSAGE][PASSED] - Text 'PSD Bank Nürnberg eG, Filiale Würzburg' is present on page 

2018-03-20 19:56:52 - [TEST_STEP][PASSED] - verifyTextPresent: Text 'Ludwigstr. 22' is present on page 

2018-03-20 19:56:52 - [MESSAGE][PASSED] - Text 'Ludwigstr. 22' is present on page 

2018-03-20 19:56:52 - [TEST_STEP][PASSED] - verifyTextPresent: Text '97070 Würzburg' is present on page 

2018-03-20 19:56:53 - [MESSAGE][PASSED] - Text '97070 Würzburg' is present on page 

2018-03-20 19:56:53 - [TEST_STEP][PASSED] - click: Object: 'Object Repository/42TF/Page_Filialsuche-nuernberg - BVR HT/a_Weiter' is clicked on

2018-03-20 19:56:53 - [MESSAGE][PASSED] - Object: 'Object Repository/42TF/Page_Filialsuche-nuernberg - BVR HT/a_Weiter' is clicked on

2018-03-20 19:56:53 - [TEST_STEP][PASSED] - click: Object: 'Object Repository/42TF/Page_Filialsuche-nuernberg - BVR HT (1)/span_Beratungsbro Aschaffenbur' is clicked on

2018-03-20 19:56:53 - [MESSAGE][PASSED] - Object: 'Object Repository/42TF/Page_Filialsuche-nuernberg - BVR HT (1)/span_Beratungsbro Aschaffenbur' is clicked on

2018-03-20 19:56:53 - [TEST_STEP][PASSED] - verifyTextPresent: Text 'Beratungsbüro Aschaffenburg' is present on page 

2018-03-20 19:56:53 - [MESSAGE][PASSED] - Text 'Beratungsbüro Aschaffenburg' is present on page 

2018-03-20 19:56:53 - [TEST_STEP][PASSED] - verifyTextPresent: Text 'Ludwigstr. 25' is present on page 

2018-03-20 19:56:53 - [MESSAGE][PASSED] - Text 'Ludwigstr. 25' is present on page 

2018-03-20 19:56:53 - [TEST_STEP][PASSED] - verifyTextPresent: Text '63739 Aschaffenburg' is present on page 

2018-03-20 19:56:53 - [MESSAGE][PASSED] - Text '63739 Aschaffenburg' is present on page 

2018-03-20 19:56:53 - [TEST_STEP][PASSED] - click: Object: 'Object Repository/42TF/Page_Filialsuche-nuernberg - BVR HT (1)/span_PSD Bank Nrnberg eG Filia' is clicked on

2018-03-20 19:56:53 - [MESSAGE][PASSED] - Object: 'Object Repository/42TF/Page_Filialsuche-nuernberg - BVR HT (1)/span_PSD Bank Nrnberg eG Filia' is clicked on

2018-03-20 19:56:53 - [TEST_STEP][PASSED] - verifyTextPresent: Text 'PSD Bank Nürnberg eG, Filiale Chemnitz' is present on page 

2018-03-20 19:56:53 - [MESSAGE][PASSED] - Text 'PSD Bank Nürnberg eG, Filiale Chemnitz' is present on page 

2018-03-20 19:56:53 - [TEST_STEP][PASSED] - verifyTextPresent: Text 'Bahnhofstraße 54a' is present on page 

2018-03-20 19:56:53 - [MESSAGE][PASSED] - Text 'Bahnhofstraße 54a' is present on page 

2018-03-20 19:56:53 - [TEST_STEP][PASSED] - verifyTextPresent: Text '09111 Chemnitz' is present on page 

2018-03-20 19:56:53 - [MESSAGE][PASSED] - Text '09111 Chemnitz' is present on page 

2018-03-20 19:56:53 - [TEST_STEP][PASSED] - click: Object: 'Object Repository/42TF/Page_Filialsuche-nuernberg - BVR HT (1)/span_PSD Bank Nrnberg eG Filia_1' is clicked on

2018-03-20 19:56:53 - [MESSAGE][PASSED] - Object: 'Object Repository/42TF/Page_Filialsuche-nuernberg - BVR HT (1)/span_PSD Bank Nrnberg eG Filia_1' is clicked on

2018-03-20 19:56:53 - [TEST_STEP][PASSED] - verifyTextPresent: Text 'PSD Bank Nürnberg eG, Filiale Leipzig' is present on page 

2018-03-20 19:56:53 - [MESSAGE][PASSED] - Text 'PSD Bank Nürnberg eG, Filiale Leipzig' is present on page 

2018-03-20 19:56:53 - [TEST_STEP][PASSED] - verifyTextPresent: Text 'Brühl 65' is present on page 

2018-03-20 19:56:53 - [MESSAGE][PASSED] - Text 'Brühl 65' is present on page 

2018-03-20 19:56:53 - [TEST_STEP][PASSED] - verifyTextPresent: Text '04109 Leipzig' is present on page 

2018-03-20 19:56:53 - [MESSAGE][PASSED] - Text '04109 Leipzig' is present on page 

2018-03-20 19:56:53 - [TEST_STEP][PASSED] - click: Object: 'Object Repository/42TF/Page_Filialsuche-nuernberg - BVR HT (1)/span_PSD Bank Nrnberg eG Filia_2' is clicked on

2018-03-20 19:56:53 - [MESSAGE][PASSED] - Object: 'Object Repository/42TF/Page_Filialsuche-nuernberg - BVR HT (1)/span_PSD Bank Nrnberg eG Filia_2' is clicked on

2018-03-20 19:56:53 - [TEST_STEP][PASSED] - verifyTextPresent: Text 'PSD Bank Nürnberg eG, Filiale Dresden' is present on page 

2018-03-20 19:56:53 - [MESSAGE][PASSED] - Text 'PSD Bank Nürnberg eG, Filiale Dresden' is present on page 

2018-03-20 19:56:53 - [TEST_STEP][PASSED] - verifyTextPresent: Text 'Hauptstr. 36' is present on page 

2018-03-20 19:56:53 - [MESSAGE][PASSED] - Text 'Hauptstr. 36' is present on page 

2018-03-20 19:56:53 - [TEST_STEP][PASSED] - verifyTextPresent: Text '01097 Dresden' is present on page 

2018-03-20 19:56:53 - [MESSAGE][PASSED] - Text '01097 Dresden' is present on page 

2018-03-20 19:56:53 - [TEST_STEP][PASSED] - click: Object: 'Object Repository/42TF/Page_Filialsuche-nuernberg - BVR HT/a_1' is clicked on

2018-03-20 19:56:54 - [MESSAGE][PASSED] - Object: 'Object Repository/42TF/Page_Filialsuche-nuernberg - BVR HT/a_1' is clicked on

2018-03-20 19:56:54 - [TEST_STEP][PASSED] - delay: Delayed 2 second(s)

2018-03-20 19:56:56 - [MESSAGE][PASSED] - Delayed 2 second(s)

2018-03-20 19:56:56 - [TEST_STEP][PASSED] - click: Object: 'Object Repository/42TF/Page_Filialsuche-nuernberg - BVR HT (2)/svg_dropdown-icons' is clicked on

2018-03-20 19:56:56 - [MESSAGE][PASSED] - Object: 'Object Repository/42TF/Page_Filialsuche-nuernberg - BVR HT (2)/svg_dropdown-icons' is clicked on

2018-03-20 19:56:56 - [TEST_STEP][PASSED] - delay: Delayed 2 second(s)

2018-03-20 19:56:58 - [MESSAGE][PASSED] - Delayed 2 second(s)

2018-03-20 19:56:58 - [TEST_STEP][PASSED] - mouseOver: Object: 'Object Repository/42TF/Page_Filialsuche-nuernberg - BVR HT (2)/div_Ansbach' is hovered

2018-03-20 19:56:58 - [MESSAGE][PASSED] - Object: 'Object Repository/42TF/Page_Filialsuche-nuernberg - BVR HT (2)/div_Ansbach' is hovered

2018-03-20 19:56:58 - [TEST_STEP][PASSED] - click: Object: 'Object Repository/42TF/Page_Filialsuche-nuernberg - BVR HT (2)/div_Ansbach' is clicked on

2018-03-20 19:56:58 - [MESSAGE][PASSED] - Object: 'Object Repository/42TF/Page_Filialsuche-nuernberg - BVR HT (2)/div_Ansbach' is clicked on

2018-03-20 19:56:58 - [TEST_STEP][PASSED] - delay: Delayed 2 second(s)

2018-03-20 19:57:00 - [MESSAGE][PASSED] - Delayed 2 second(s)

2018-03-20 19:57:00 - [TEST_STEP][PASSED] - verifyTextPresent: Text 'Martin-Luther-Platz 20' is present on page 

2018-03-20 19:57:00 - [MESSAGE][PASSED] - Text 'Martin-Luther-Platz 20' is present on page 

2018-03-20 19:57:00 - [TEST_STEP][PASSED] - verifyTextPresent: Text '91522 Ansbach' is present on page 

2018-03-20 19:57:00 - [MESSAGE][PASSED] - Text '91522 Ansbach' is present on page 

2018-03-20 19:57:00 - [TEST_STEP][PASSED] - verifyTextPresent: Text 'Beratungsbüro Ansbach' is present on page 

2018-03-20 19:57:00 - [MESSAGE][PASSED] - Text 'Beratungsbüro Ansbach' is present on page 

2018-03-20 19:57:00 - [TEST_STEP][PASSED] - click: Object: 'Object Repository/42TF/Page_Filialsuche-nuernberg - BVR HT (2)/svg_dropdown-icons' is clicked on

2018-03-20 19:57:00 - [MESSAGE][PASSED] - Object: 'Object Repository/42TF/Page_Filialsuche-nuernberg - BVR HT (2)/svg_dropdown-icons' is clicked on

2018-03-20 19:57:00 - [TEST_STEP][PASSED] - delay: Delayed 2 second(s)

2018-03-20 19:57:02 - [MESSAGE][PASSED] - Delayed 2 second(s)

2018-03-20 19:57:02 - [TEST_STEP][PASSED] - mouseOver: Object: 'Object Repository/42TF/Page_Filialsuche-nuernberg - BVR HT (2)/div_Aschaffenburg' is hovered

2018-03-20 19:57:02 - [MESSAGE][PASSED] - Object: 'Object Repository/42TF/Page_Filialsuche-nuernberg - BVR HT (2)/div_Aschaffenburg' is hovered

2018-03-20 19:57:02 - [TEST_STEP][PASSED] - click: Object: 'Object Repository/42TF/Page_Filialsuche-nuernberg - BVR HT (2)/div_Aschaffenburg' is clicked on

2018-03-20 19:57:02 - [MESSAGE][PASSED] - Object: 'Object Repository/42TF/Page_Filialsuche-nuernberg - BVR HT (2)/div_Aschaffenburg' is clicked on

2018-03-20 19:57:02 - [TEST_STEP][PASSED] - delay: Delayed 2 second(s)

2018-03-20 19:57:04 - [MESSAGE][PASSED] - Delayed 2 second(s)

2018-03-20 19:57:04 - [TEST_STEP][PASSED] - verifyTextPresent: Text 'Beratungsbüro Aschaffenburg' is present on page 

2018-03-20 19:57:04 - [MESSAGE][PASSED] - Text 'Beratungsbüro Aschaffenburg' is present on page 

2018-03-20 19:57:04 - [TEST_STEP][PASSED] - verifyTextPresent: Text 'Ludwigstr. 25' is present on page 

2018-03-20 19:57:04 - [MESSAGE][PASSED] - Text 'Ludwigstr. 25' is present on page 

2018-03-20 19:57:04 - [TEST_STEP][PASSED] - verifyTextPresent: Text '63739 Aschaffenburg' is present on page 

2018-03-20 19:57:04 - [MESSAGE][PASSED] - Text '63739 Aschaffenburg' is present on page 

2018-03-20 19:57:04 - [TEST_STEP][PASSED] - click: Object: 'Object Repository/42TF/Page_Filialsuche-nuernberg - BVR HT (2)/svg_dropdown-icons' is clicked on

2018-03-20 19:57:04 - [MESSAGE][PASSED] - Object: 'Object Repository/42TF/Page_Filialsuche-nuernberg - BVR HT (2)/svg_dropdown-icons' is clicked on

2018-03-20 19:57:04 - [TEST_STEP][PASSED] - delay: Delayed 2 second(s)

2018-03-20 19:57:06 - [MESSAGE][PASSED] - Delayed 2 second(s)

2018-03-20 19:57:06 - [TEST_STEP][PASSED] - mouseOver: Object: 'Object Repository/42TF/Page_Filialsuche-nuernberg - BVR HT (2)/div_Bamberg' is hovered

2018-03-20 19:57:06 - [MESSAGE][PASSED] - Object: 'Object Repository/42TF/Page_Filialsuche-nuernberg - BVR HT (2)/div_Bamberg' is hovered

2018-03-20 19:57:06 - [TEST_STEP][PASSED] - click: Object: 'Object Repository/42TF/Page_Filialsuche-nuernberg - BVR HT (2)/div_Bamberg' is clicked on

2018-03-20 19:57:06 - [MESSAGE][PASSED] - Object: 'Object Repository/42TF/Page_Filialsuche-nuernberg - BVR HT (2)/div_Bamberg' is clicked on

2018-03-20 19:57:06 - [TEST_STEP][PASSED] - delay: Delayed 2 second(s)

2018-03-20 19:57:08 - [MESSAGE][PASSED] - Delayed 2 second(s)

2018-03-20 19:57:08 - [TEST_STEP][PASSED] - verifyTextPresent: Text 'PSD Bank Nürnberg eG, Filiale Bamberg' is present on page 

2018-03-20 19:57:08 - [MESSAGE][PASSED] - Text 'PSD Bank Nürnberg eG, Filiale Bamberg' is present on page 

2018-03-20 19:57:08 - [TEST_STEP][PASSED] - verifyTextPresent: Text 'Hauptwachstr. 11' is present on page 

2018-03-20 19:57:08 - [MESSAGE][PASSED] - Text 'Hauptwachstr. 11' is present on page 

2018-03-20 19:57:08 - [TEST_STEP][PASSED] - verifyTextPresent: Text '96047 Bamberg' is present on page 

2018-03-20 19:57:08 - [MESSAGE][PASSED] - Text '96047 Bamberg' is present on page 

2018-03-20 19:57:08 - [TEST_STEP][PASSED] - click: Object: 'Object Repository/42TF/Page_Filialsuche-nuernberg - BVR HT (2)/svg_dropdown-icons' is clicked on

2018-03-20 19:57:08 - [MESSAGE][PASSED] - Object: 'Object Repository/42TF/Page_Filialsuche-nuernberg - BVR HT (2)/svg_dropdown-icons' is clicked on

2018-03-20 19:57:08 - [TEST_STEP][PASSED] - delay: Delayed 2 second(s)

2018-03-20 19:57:10 - [MESSAGE][PASSED] - Delayed 2 second(s)

2018-03-20 19:57:10 - [TEST_STEP][PASSED] - mouseOver: Object: 'Object Repository/42TF/Page_Filialsuche-nuernberg - BVR HT (2)/div_Chemnitz' is hovered

2018-03-20 19:57:10 - [MESSAGE][PASSED] - Object: 'Object Repository/42TF/Page_Filialsuche-nuernberg - BVR HT (2)/div_Chemnitz' is hovered

2018-03-20 19:57:10 - [TEST_STEP][PASSED] - click: Object: 'Object Repository/42TF/Page_Filialsuche-nuernberg - BVR HT (2)/div_Chemnitz' is clicked on

2018-03-20 19:57:10 - [MESSAGE][PASSED] - Object: 'Object Repository/42TF/Page_Filialsuche-nuernberg - BVR HT (2)/div_Chemnitz' is clicked on

2018-03-20 19:57:10 - [TEST_STEP][PASSED] - delay: Delayed 2 second(s)

2018-03-20 19:57:12 - [MESSAGE][PASSED] - Delayed 2 second(s)

2018-03-20 19:57:12 - [TEST_STEP][PASSED] - verifyTextPresent: Text 'PSD Bank Nürnberg eG, Filiale Chemnitz' is present on page 

2018-03-20 19:57:12 - [MESSAGE][PASSED] - Text 'PSD Bank Nürnberg eG, Filiale Chemnitz' is present on page 

2018-03-20 19:57:12 - [TEST_STEP][PASSED] - verifyTextPresent: Text 'Bahnhofstraße 54a' is present on page 

2018-03-20 19:57:12 - [MESSAGE][PASSED] - Text 'Bahnhofstraße 54a' is present on page 

2018-03-20 19:57:12 - [TEST_STEP][PASSED] - verifyTextPresent: Text '09111 Chemnitz' is present on page 

2018-03-20 19:57:12 - [MESSAGE][PASSED] - Text '09111 Chemnitz' is present on page 

2018-03-20 19:57:12 - [TEST_STEP][PASSED] - click: Object: 'Object Repository/42TF/Page_Filialsuche-nuernberg - BVR HT (2)/svg_dropdown-icons' is clicked on

2018-03-20 19:57:12 - [MESSAGE][PASSED] - Object: 'Object Repository/42TF/Page_Filialsuche-nuernberg - BVR HT (2)/svg_dropdown-icons' is clicked on

2018-03-20 19:57:12 - [TEST_STEP][PASSED] - delay: Delayed 2 second(s)

2018-03-20 19:57:14 - [MESSAGE][PASSED] - Delayed 2 second(s)

2018-03-20 19:57:14 - [TEST_STEP][PASSED] - mouseOver: Object: 'Object Repository/42TF/Page_Filialsuche-nuernberg - BVR HT (2)/div_Leipzig' is hovered

2018-03-20 19:57:14 - [MESSAGE][PASSED] - Object: 'Object Repository/42TF/Page_Filialsuche-nuernberg - BVR HT (2)/div_Leipzig' is hovered

2018-03-20 19:57:14 - [TEST_STEP][PASSED] - click: Object: 'Object Repository/42TF/Page_Filialsuche-nuernberg - BVR HT (2)/div_Leipzig' is clicked on

2018-03-20 19:57:14 - [MESSAGE][PASSED] - Object: 'Object Repository/42TF/Page_Filialsuche-nuernberg - BVR HT (2)/div_Leipzig' is clicked on

2018-03-20 19:57:14 - [TEST_STEP][PASSED] - delay: Delayed 2 second(s)

2018-03-20 19:57:16 - [MESSAGE][PASSED] - Delayed 2 second(s)

2018-03-20 19:57:16 - [TEST_STEP][PASSED] - verifyTextPresent: Text 'PSD Bank Nürnberg eG, Filiale Leipzig' is present on page 

2018-03-20 19:57:16 - [MESSAGE][PASSED] - Text 'PSD Bank Nürnberg eG, Filiale Leipzig' is present on page 

2018-03-20 19:57:16 - [TEST_STEP][PASSED] - verifyTextPresent: Text 'Brühl 65' is present on page 

2018-03-20 19:57:16 - [MESSAGE][PASSED] - Text 'Brühl 65' is present on page 

2018-03-20 19:57:16 - [TEST_STEP][PASSED] - verifyTextPresent: Text '04109 Leipzig' is present on page 

2018-03-20 19:57:16 - [MESSAGE][PASSED] - Text '04109 Leipzig' is present on page 

2018-03-20 19:57:16 - [TEST_STEP][PASSED] - click: Object: 'Object Repository/42TF/Page_Filialsuche-nuernberg - BVR HT (2)/svg_dropdown-icons' is clicked on

2018-03-20 19:57:16 - [MESSAGE][PASSED] - Object: 'Object Repository/42TF/Page_Filialsuche-nuernberg - BVR HT (2)/svg_dropdown-icons' is clicked on

2018-03-20 19:57:16 - [TEST_STEP][PASSED] - delay: Delayed 2 second(s)

2018-03-20 19:57:18 - [MESSAGE][PASSED] - Delayed 2 second(s)

2018-03-20 19:57:18 - [TEST_STEP][PASSED] - mouseOver: Object: 'Object Repository/42TF/Page_Filialsuche-nuernberg - BVR HT (2)/div_Regensburg' is hovered

2018-03-20 19:57:18 - [MESSAGE][PASSED] - Object: 'Object Repository/42TF/Page_Filialsuche-nuernberg - BVR HT (2)/div_Regensburg' is hovered

2018-03-20 19:57:18 - [TEST_STEP][PASSED] - click: Object: 'Object Repository/42TF/Page_Filialsuche-nuernberg - BVR HT (2)/div_Regensburg' is clicked on

2018-03-20 19:57:19 - [MESSAGE][PASSED] - Object: 'Object Repository/42TF/Page_Filialsuche-nuernberg - BVR HT (2)/div_Regensburg' is clicked on

2018-03-20 19:57:19 - [TEST_STEP][PASSED] - delay: Delayed 2 second(s)

2018-03-20 19:57:21 - [MESSAGE][PASSED] - Delayed 2 second(s)

2018-03-20 19:57:21 - [TEST_STEP][PASSED] - verifyTextPresent: Text 'Beratungsbüro Regensburg' is present on page 

2018-03-20 19:57:21 - [MESSAGE][PASSED] - Text 'Beratungsbüro Regensburg' is present on page 

2018-03-20 19:57:21 - [TEST_STEP][PASSED] - verifyTextPresent: Text 'Dr.-Leo-Ritter-Str. 2 (1. OG)' is present on page 

2018-03-20 19:57:21 - [MESSAGE][PASSED] - Text 'Dr.-Leo-Ritter-Str. 2 (1. OG)' is present on page 

2018-03-20 19:57:21 - [TEST_STEP][PASSED] - verifyTextPresent: Text '93049 Regensburg' is present on page 

2018-03-20 19:57:21 - [MESSAGE][PASSED] - Text '93049 Regensburg' is present on page 

2018-03-20 19:57:21 - [TEST_STEP][PASSED] - click: Object: 'Object Repository/42TF/Page_Filialsuche-nuernberg - BVR HT (2)/svg_dropdown-icons' is clicked on

2018-03-20 19:57:21 - [MESSAGE][PASSED] - Object: 'Object Repository/42TF/Page_Filialsuche-nuernberg - BVR HT (2)/svg_dropdown-icons' is clicked on

2018-03-20 19:57:21 - [TEST_STEP][PASSED] - delay: Delayed 2 second(s)

2018-03-20 19:57:23 - [MESSAGE][PASSED] - Delayed 2 second(s)

2018-03-20 19:57:23 - [TEST_STEP][PASSED] - mouseOver: Object: 'Object Repository/42TF/Page_Filialsuche-nuernberg - BVR HT (2)/div_Wrzburg' is hovered

2018-03-20 19:57:23 - [MESSAGE][PASSED] - Object: 'Object Repository/42TF/Page_Filialsuche-nuernberg - BVR HT (2)/div_Wrzburg' is hovered

2018-03-20 19:57:23 - [TEST_STEP][PASSED] - click: Object: 'Object Repository/42TF/Page_Filialsuche-nuernberg - BVR HT (2)/div_Wrzburg' is clicked on

2018-03-20 19:57:23 - [MESSAGE][PASSED] - Object: 'Object Repository/42TF/Page_Filialsuche-nuernberg - BVR HT (2)/div_Wrzburg' is clicked on

2018-03-20 19:57:23 - [TEST_STEP][PASSED] - delay: Delayed 2 second(s)

2018-03-20 19:57:25 - [MESSAGE][PASSED] - Delayed 2 second(s)

2018-03-20 19:57:25 - [TEST_STEP][PASSED] - verifyTextPresent: Text 'PSD Bank Nürnberg eG, Filiale Würzburg' is present on page 

2018-03-20 19:57:25 - [MESSAGE][PASSED] - Text 'PSD Bank Nürnberg eG, Filiale Würzburg' is present on page 

2018-03-20 19:57:25 - [TEST_STEP][PASSED] - verifyTextPresent: Text 'Ludwigstr. 22' is present on page 

2018-03-20 19:57:25 - [MESSAGE][PASSED] - Text 'Ludwigstr. 22' is present on page 

2018-03-20 19:57:25 - [TEST_STEP][PASSED] - verifyTextPresent: Text '97070 Würzburg' is present on page 

2018-03-20 19:57:25 - [MESSAGE][PASSED] - Text '97070 Würzburg' is present on page 

2018-03-20 19:57:25 - [TEST_STEP][PASSED] - closeBrowser: Browser is closed

2018-03-20 19:57:25 - [MESSAGE][PASSED] - Browser is closed]]></system-out>
         <system-err><![CDATA[]]></system-err>
      </testcase>
      <testcase name="Test Cases/Prototyp_Filialsuche (RC 18)/43_Testfall" classname="Test Cases/Prototyp_Filialsuche (RC 18)/43_Testfall" status="PASSED">
         <system-out><![CDATA[2018-03-20 19:57:25 - [TEST_CASE][PASSED] - Test Cases/Prototyp_Filialsuche (RC 18)/43_Testfall: Test Cases/Prototyp_Filialsuche (RC 18)/43_Testfall

2018-03-20 19:57:25 - [TEST_STEP][PASSED] - openBrowser: Browser is opened with url: ''

2018-03-20 19:57:28 - [MESSAGE][PASSED] - Browser is opened with url: ''

2018-03-20 19:57:28 - [TEST_STEP][PASSED] - deleteAllCookies: Delete all cookies successfully

2018-03-20 19:57:28 - [MESSAGE][PASSED] - Delete all cookies successfully

2018-03-20 19:57:28 - [TEST_STEP][PASSED] - maximizeWindow: Current window maximized

2018-03-20 19:57:28 - [MESSAGE][PASSED] - Current window maximized

2018-03-20 19:57:28 - [TEST_STEP][PASSED] - navigateToUrl: Navigate to 'http://rc-ogrhtmlprototyp.testintern/18-1-0/filialsuche-nuernberg.html' successfully

2018-03-20 19:57:31 - [MESSAGE][PASSED] - Navigate to 'http://rc-ogrhtmlprototyp.testintern/18-1-0/filialsuche-nuernberg.html' successfully

2018-03-20 19:57:31 - [TEST_STEP][PASSED] - delay: Delayed 5 second(s)

2018-03-20 19:57:36 - [MESSAGE][PASSED] - Delayed 5 second(s)

2018-03-20 19:57:36 - [TEST_STEP][PASSED] - Statement - wes1 = com.kms.katalon.core.webui.common.WebUiCommonHelper.findWebElements(com.kms.katalon.core.testobject.ObjectRepository.findTestObject(filial_map), 5): Found 10 web elements with id: 'Object Repository/filial_map' located by 'By.xpath: //div[@class='aps-map__custom-marker']' in '5' second(s)

2018-03-20 19:57:36 - [TEST_STEP][PASSED] - Statement - wes2 = com.kms.katalon.core.webui.common.WebUiCommonHelper.findWebElements(com.kms.katalon.core.testobject.ObjectRepository.findTestObject(loc_steet_filialsuche), 5): Found 10 web elements with id: 'Object Repository/loc_steet_filialsuche' located by 'By.xpath: //div[@class='loc-street']' in '5' second(s)

2018-03-20 19:57:36 - [TEST_STEP][PASSED] - Statement - filial_maps_count = wes1.size(): null

2018-03-20 19:57:36 - [TEST_STEP][PASSED] - Statement - filial_accordeon_count = wes2.size(): null

2018-03-20 19:57:36 - [TEST_STEP][PASSED] - Statement - filial_count = 10: null

2018-03-20 19:57:36 - [TEST_STEP][PASSED] - Statement - If (filial_maps_count != filial_count): null

2018-03-20 19:57:36 - [TEST_STEP][PASSED] - closeBrowser: Browser is closed

2018-03-20 19:57:36 - [MESSAGE][PASSED] - Browser is closed]]></system-out>
         <system-err><![CDATA[]]></system-err>
      </testcase>
      <testcase name="Test Cases/Prototyp_Filialsuche (RC 18)/44-Testfall" classname="Test Cases/Prototyp_Filialsuche (RC 18)/44-Testfall" status="PASSED">
         <system-out><![CDATA[2018-03-20 19:57:36 - [TEST_CASE][PASSED] - Test Cases/Prototyp_Filialsuche (RC 18)/44-Testfall: Test Cases/Prototyp_Filialsuche (RC 18)/44-Testfall

2018-03-20 19:57:37 - [TEST_STEP][PASSED] - openBrowser: Browser is opened with url: ''

2018-03-20 19:57:38 - [MESSAGE][PASSED] - Browser is opened with url: ''

2018-03-20 19:57:38 - [TEST_STEP][PASSED] - deleteAllCookies: Delete all cookies successfully

2018-03-20 19:57:38 - [MESSAGE][PASSED] - Delete all cookies successfully

2018-03-20 19:57:38 - [TEST_STEP][PASSED] - maximizeWindow: Current window maximized

2018-03-20 19:57:38 - [MESSAGE][PASSED] - Current window maximized

2018-03-20 19:57:38 - [TEST_STEP][PASSED] - navigateToUrl: Navigate to 'http://rc-ogrhtmlprototyp.testintern/18-1-0/filialsuche-wangen.html' successfully

2018-03-20 19:57:39 - [MESSAGE][PASSED] - Navigate to 'http://rc-ogrhtmlprototyp.testintern/18-1-0/filialsuche-wangen.html' successfully

2018-03-20 19:57:39 - [TEST_STEP][PASSED] - delay: Delayed 5 second(s)

2018-03-20 19:57:44 - [MESSAGE][PASSED] - Delayed 5 second(s)

2018-03-20 19:57:44 - [TEST_STEP][PASSED] - Statement - wes1 = com.kms.katalon.core.webui.common.WebUiCommonHelper.findWebElements(com.kms.katalon.core.testobject.ObjectRepository.findTestObject(filial_map), 5): Found 4 web elements with id: 'Object Repository/filial_map' located by 'By.xpath: //div[@class='aps-map__custom-marker']' in '5' second(s)

2018-03-20 19:57:44 - [TEST_STEP][PASSED] - Statement - wes2 = com.kms.katalon.core.webui.common.WebUiCommonHelper.findWebElements(com.kms.katalon.core.testobject.ObjectRepository.findTestObject(loc_steet_filialsuche), 5): Found 4 web elements with id: 'Object Repository/loc_steet_filialsuche' located by 'By.xpath: //div[@class='loc-street']' in '5' second(s)

2018-03-20 19:57:44 - [TEST_STEP][PASSED] - Statement - filial_maps_count = wes1.size(): null

2018-03-20 19:57:44 - [TEST_STEP][PASSED] - Statement - filial_accordeon_count = wes2.size(): null

2018-03-20 19:57:44 - [TEST_STEP][PASSED] - Statement - filial_count = 4: null

2018-03-20 19:57:44 - [TEST_STEP][PASSED] - Statement - If (filial_maps_count != filial_count): null

2018-03-20 19:57:44 - [TEST_STEP][PASSED] - closeBrowser: Browser is closed

2018-03-20 19:57:44 - [MESSAGE][PASSED] - Browser is closed]]></system-out>
         <system-err><![CDATA[]]></system-err>
      </testcase>
      <testcase name="Test Cases/Prototyp_Filialsuche (RC 18)/45_Testfall" classname="Test Cases/Prototyp_Filialsuche (RC 18)/45_Testfall" status="PASSED">
         <system-out><![CDATA[2018-03-20 19:57:44 - [TEST_CASE][PASSED] - Test Cases/Prototyp_Filialsuche (RC 18)/45_Testfall: Test Cases/Prototyp_Filialsuche (RC 18)/45_Testfall

2018-03-20 19:57:44 - [TEST_STEP][PASSED] - openBrowser: Browser is opened with url: ''

2018-03-20 19:57:46 - [MESSAGE][PASSED] - Browser is opened with url: ''

2018-03-20 19:57:46 - [TEST_STEP][PASSED] - deleteAllCookies: Delete all cookies successfully

2018-03-20 19:57:46 - [MESSAGE][PASSED] - Delete all cookies successfully

2018-03-20 19:57:46 - [TEST_STEP][PASSED] - maximizeWindow: Current window maximized

2018-03-20 19:57:46 - [MESSAGE][PASSED] - Current window maximized

2018-03-20 19:57:46 - [TEST_STEP][PASSED] - navigateToUrl: Navigate to 'http://rc-ogrhtmlprototyp.testintern/18-1-0/filialsuche-textinput.html' successfully

2018-03-20 19:57:47 - [MESSAGE][PASSED] - Navigate to 'http://rc-ogrhtmlprototyp.testintern/18-1-0/filialsuche-textinput.html' successfully

2018-03-20 19:57:47 - [TEST_STEP][PASSED] - delay: Delayed 5 second(s)

2018-03-20 19:57:52 - [MESSAGE][PASSED] - Delayed 5 second(s)

2018-03-20 19:57:53 - [TEST_STEP][PASSED] - setText: Text 'berlin' is set on object 'Object Repository/34TF/Page_Filialsuche-textinput - BVR HT/input_city'

2018-03-20 19:57:53 - [MESSAGE][PASSED] - Text 'berlin' is set on object 'Object Repository/34TF/Page_Filialsuche-textinput - BVR HT/input_city'

2018-03-20 19:57:53 - [TEST_STEP][PASSED] - click: Object: 'Object Repository/34TF/Page_Filialsuche-textinput - BVR HT (1)/button_Suchen' is clicked on

2018-03-20 19:57:53 - [MESSAGE][PASSED] - Object: 'Object Repository/34TF/Page_Filialsuche-textinput - BVR HT (1)/button_Suchen' is clicked on

2018-03-20 19:57:53 - [TEST_STEP][PASSED] - delay: Delayed 3 second(s)

2018-03-20 19:57:56 - [MESSAGE][PASSED] - Delayed 3 second(s)

2018-03-20 19:57:56 - [TEST_STEP][PASSED] - Statement - wes1 = com.kms.katalon.core.webui.common.WebUiCommonHelper.findWebElements(com.kms.katalon.core.testobject.ObjectRepository.findTestObject(filial_map), 5): Found 25 web elements with id: 'Object Repository/filial_map' located by 'By.xpath: //div[@class='aps-map__custom-marker']' in '5' second(s)

2018-03-20 19:57:56 - [TEST_STEP][PASSED] - Statement - wes2 = com.kms.katalon.core.webui.common.WebUiCommonHelper.findWebElements(com.kms.katalon.core.testobject.ObjectRepository.findTestObject(loc_steet_filialsuche), 5): Found 25 web elements with id: 'Object Repository/loc_steet_filialsuche' located by 'By.xpath: //div[@class='loc-street']' in '5' second(s)

2018-03-20 19:57:56 - [TEST_STEP][PASSED] - Statement - filial_maps_count = wes1.size(): null

2018-03-20 19:57:56 - [TEST_STEP][PASSED] - Statement - filial_accordeon_count = wes2.size(): null

2018-03-20 19:57:56 - [TEST_STEP][PASSED] - Statement - filial_count = 25: null

2018-03-20 19:57:56 - [TEST_STEP][PASSED] - Statement - If (filial_maps_count != filial_count): null

2018-03-20 19:57:56 - [TEST_STEP][PASSED] - closeBrowser: Browser is closed

2018-03-20 19:57:56 - [MESSAGE][PASSED] - Browser is closed]]></system-out>
         <system-err><![CDATA[]]></system-err>
      </testcase>
      <testcase name="Test Cases/Prototyp_Filialsuche (RC 18)/46_Testfall" classname="Test Cases/Prototyp_Filialsuche (RC 18)/46_Testfall" status="FAILED">
         <failure type="FAILED" message="Unable to verify text 'Geschäftsstelle Rechberghausen' is present  (Root cause: Text 'Geschäftsstelle Rechberghausen' is not present on page )"/>
         <system-out><![CDATA[2018-03-20 19:57:56 - [TEST_CASE][FAILED] - Test Cases/Prototyp_Filialsuche (RC 18)/46_Testfall: Test Cases/Prototyp_Filialsuche (RC 18)/46_Testfall FAILED because (of) Unable to verify text 'Geschäftsstelle Rechberghausen' is present  (Root cause: Text 'Geschäftsstelle Rechberghausen' is not present on page )

2018-03-20 19:57:56 - [TEST_STEP][PASSED] - openBrowser: Browser is opened with url: ''

2018-03-20 19:57:58 - [MESSAGE][PASSED] - Browser is opened with url: ''

2018-03-20 19:57:58 - [TEST_STEP][PASSED] - maximizeWindow: Current window maximized

2018-03-20 19:57:58 - [MESSAGE][PASSED] - Current window maximized

2018-03-20 19:57:58 - [TEST_STEP][PASSED] - deleteAllCookies: Delete all cookies successfully

2018-03-20 19:57:58 - [MESSAGE][PASSED] - Delete all cookies successfully

2018-03-20 19:57:58 - [TEST_STEP][PASSED] - navigateToUrl: Navigate to 'http://kundentest.dev-unitb.de/ogrhtmlprototyp/ogrhtmlprototyp/filialsuche-wangen-textinput.html' successfully

2018-03-20 19:58:08 - [MESSAGE][PASSED] - Navigate to 'http://kundentest.dev-unitb.de/ogrhtmlprototyp/ogrhtmlprototyp/filialsuche-wangen-textinput.html' successfully

2018-03-20 19:58:08 - [TEST_STEP][PASSED] - delay: Delayed 5 second(s)

2018-03-20 19:58:13 - [MESSAGE][PASSED] - Delayed 5 second(s)

2018-03-20 19:58:13 - [TEST_STEP][PASSED] - setText: Text 'Rechberghausen' is set on object 'Object Repository/Filialsuche_Inputtext'

2018-03-20 19:58:13 - [MESSAGE][PASSED] - Text 'Rechberghausen' is set on object 'Object Repository/Filialsuche_Inputtext'

2018-03-20 19:58:13 - [TEST_STEP][PASSED] - delay: Delayed 2 second(s)

2018-03-20 19:58:15 - [MESSAGE][PASSED] - Delayed 2 second(s)

2018-03-20 19:58:15 - [TEST_STEP][PASSED] - submit: The form containing object: 'Object Repository/Filialsuche_submit_button' is submitted

2018-03-20 19:58:15 - [MESSAGE][PASSED] - The form containing object: 'Object Repository/Filialsuche_submit_button' is submitted

2018-03-20 19:58:15 - [TEST_STEP][PASSED] - delay: Delayed 2 second(s)

2018-03-20 19:58:17 - [MESSAGE][PASSED] - Delayed 2 second(s)

2018-03-20 19:58:17 - [TEST_STEP][FAILED] - verifyTextPresent: Unable to verify text 'Geschäftsstelle Rechberghausen' is present  (Root cause: Text 'Geschäftsstelle Rechberghausen' is not present on page )

2018-03-20 19:58:17 - [MESSAGE][FAILED] - Text 'Geschäftsstelle Rechberghausen' is not present on page 

2018-03-20 19:58:17 - [MESSAGE][FAILED] - Unable to verify text 'Geschäftsstelle Rechberghausen' is present  (Root cause: Text 'Geschäftsstelle Rechberghausen' is not present on page )
[[ATTACHMENT|/Users/lbut/git/Katalon/Reports/Filialsuche_20_03/20180320_194128/1521572297426.png]]]]></system-out>
         <system-err><![CDATA[2018-03-20 19:57:56 - [TEST_CASE][FAILED] - Test Cases/Prototyp_Filialsuche (RC 18)/46_Testfall: Test Cases/Prototyp_Filialsuche (RC 18)/46_Testfall FAILED because (of) Unable to verify text 'Geschäftsstelle Rechberghausen' is present  (Root cause: Text 'Geschäftsstelle Rechberghausen' is not present on page )]]></system-err>
      </testcase>
      <testcase name="Test Cases/Prototyp_Filialsuche (RC 18)/47_Testfall" classname="Test Cases/Prototyp_Filialsuche (RC 18)/47_Testfall" status="PASSED">
         <system-out><![CDATA[2018-03-20 19:58:17 - [TEST_CASE][PASSED] - Test Cases/Prototyp_Filialsuche (RC 18)/47_Testfall: Test Cases/Prototyp_Filialsuche (RC 18)/47_Testfall

2018-03-20 19:58:17 - [TEST_STEP][PASSED] - openBrowser: Browser is opened with url: ''

2018-03-20 19:58:17 - [MESSAGE][WARNING] - A browser is already opened. Closing browser and opening a new one

2018-03-20 19:58:19 - [MESSAGE][PASSED] - Browser is opened with url: ''

2018-03-20 19:58:19 - [TEST_STEP][PASSED] - maximizeWindow: Current window maximized

2018-03-20 19:58:19 - [MESSAGE][PASSED] - Current window maximized

2018-03-20 19:58:19 - [TEST_STEP][PASSED] - deleteAllCookies: Delete all cookies successfully

2018-03-20 19:58:19 - [MESSAGE][PASSED] - Delete all cookies successfully

2018-03-20 19:58:19 - [TEST_STEP][PASSED] - navigateToUrl: Navigate to 'http://rc-ogrhtmlprototyp.testintern/18-1-0/filialsuche-textinput.html' successfully

2018-03-20 19:58:21 - [MESSAGE][PASSED] - Navigate to 'http://rc-ogrhtmlprototyp.testintern/18-1-0/filialsuche-textinput.html' successfully

2018-03-20 19:58:21 - [TEST_STEP][PASSED] - delay: Delayed 5 second(s)

2018-03-20 19:58:26 - [MESSAGE][PASSED] - Delayed 5 second(s)

2018-03-20 19:58:26 - [TEST_STEP][PASSED] - setText: Text 'Berlin' is set on object 'Object Repository/OGRPrototypFilialsuche - Berlin Zentrum/input_city'

2018-03-20 19:58:26 - [MESSAGE][PASSED] - Text 'Berlin' is set on object 'Object Repository/OGRPrototypFilialsuche - Berlin Zentrum/input_city'

2018-03-20 19:58:26 - [TEST_STEP][PASSED] - sendKeys: Keys 'ENTER + ' sent to object: 'Object Repository/OGRPrototypFilialsuche - Berlin Zentrum/input_city'

2018-03-20 19:58:26 - [MESSAGE][PASSED] - Keys 'ENTER + ' sent to object: 'Object Repository/OGRPrototypFilialsuche - Berlin Zentrum/input_city'

2018-03-20 19:58:26 - [TEST_STEP][PASSED] - delay: Delayed 5 second(s)

2018-03-20 19:58:31 - [MESSAGE][PASSED] - Delayed 5 second(s)

2018-03-20 19:58:31 - [TEST_STEP][PASSED] - verifyElementText: Actual text and expected text of test object 'Object Repository/OGRPrototypFilialsuche - Berlin Zentrum/01ErgebnisText' are matched.

2018-03-20 19:58:32 - [MESSAGE][PASSED] - Actual text and expected text of test object 'Object Repository/OGRPrototypFilialsuche - Berlin Zentrum/01ErgebnisText' are matched.

2018-03-20 19:58:32 - [TEST_STEP][PASSED] - verifyElementText: Actual text and expected text of test object 'Object Repository/OGRPrototypFilialsuche - Berlin Zentrum/02ErgebnisText' are matched.

2018-03-20 19:58:32 - [MESSAGE][PASSED] - Actual text and expected text of test object 'Object Repository/OGRPrototypFilialsuche - Berlin Zentrum/02ErgebnisText' are matched.

2018-03-20 19:58:32 - [TEST_STEP][PASSED] - verifyElementText: Actual text and expected text of test object 'Object Repository/OGRPrototypFilialsuche - Berlin Zentrum/03ErgebnisTest' are matched.

2018-03-20 19:58:32 - [MESSAGE][PASSED] - Actual text and expected text of test object 'Object Repository/OGRPrototypFilialsuche - Berlin Zentrum/03ErgebnisTest' are matched.

2018-03-20 19:58:32 - [TEST_STEP][PASSED] - verifyElementText: Actual text and expected text of test object 'Object Repository/OGRPrototypFilialsuche - Berlin Zentrum/04ErgebnisTest' are matched.

2018-03-20 19:58:32 - [MESSAGE][PASSED] - Actual text and expected text of test object 'Object Repository/OGRPrototypFilialsuche - Berlin Zentrum/04ErgebnisTest' are matched.

2018-03-20 19:58:32 - [TEST_STEP][PASSED] - verifyElementText: Actual text and expected text of test object 'Object Repository/OGRPrototypFilialsuche - Berlin Zentrum/05ErgebnisTest' are matched.

2018-03-20 19:58:32 - [MESSAGE][PASSED] - Actual text and expected text of test object 'Object Repository/OGRPrototypFilialsuche - Berlin Zentrum/05ErgebnisTest' are matched.

2018-03-20 19:58:32 - [TEST_STEP][PASSED] - verifyElementText: Actual text and expected text of test object 'Object Repository/OGRPrototypFilialsuche - Berlin Zentrum/06ErgebnisTest' are matched.

2018-03-20 19:58:32 - [MESSAGE][PASSED] - Actual text and expected text of test object 'Object Repository/OGRPrototypFilialsuche - Berlin Zentrum/06ErgebnisTest' are matched.

2018-03-20 19:58:32 - [TEST_STEP][PASSED] - click: Object: 'Object Repository/naechsteSeite' is clicked on

2018-03-20 19:58:32 - [MESSAGE][PASSED] - Object: 'Object Repository/naechsteSeite' is clicked on

2018-03-20 19:58:32 - [TEST_STEP][PASSED] - delay: Delayed 2 second(s)

2018-03-20 19:58:34 - [MESSAGE][PASSED] - Delayed 2 second(s)

2018-03-20 19:58:34 - [TEST_STEP][PASSED] - verifyElementText: Actual text and expected text of test object 'Object Repository/OGRPrototypFilialsuche - Berlin Zentrum/07ErgebnisTest' are matched.

2018-03-20 19:58:34 - [MESSAGE][PASSED] - Actual text and expected text of test object 'Object Repository/OGRPrototypFilialsuche - Berlin Zentrum/07ErgebnisTest' are matched.

2018-03-20 19:58:34 - [TEST_STEP][PASSED] - verifyElementText: Actual text and expected text of test object 'Object Repository/OGRPrototypFilialsuche - Berlin Zentrum/08ErgebnisTest' are matched.

2018-03-20 19:58:34 - [MESSAGE][PASSED] - Actual text and expected text of test object 'Object Repository/OGRPrototypFilialsuche - Berlin Zentrum/08ErgebnisTest' are matched.

2018-03-20 19:58:34 - [TEST_STEP][PASSED] - verifyElementText: Actual text and expected text of test object 'Object Repository/OGRPrototypFilialsuche - Berlin Zentrum/09ErgebnisTest' are matched.

2018-03-20 19:58:34 - [MESSAGE][PASSED] - Actual text and expected text of test object 'Object Repository/OGRPrototypFilialsuche - Berlin Zentrum/09ErgebnisTest' are matched.

2018-03-20 19:58:34 - [TEST_STEP][PASSED] - verifyElementText: Actual text and expected text of test object 'Object Repository/OGRPrototypFilialsuche - Berlin Zentrum/10ErgebnisTest' are matched.

2018-03-20 19:58:34 - [MESSAGE][PASSED] - Actual text and expected text of test object 'Object Repository/OGRPrototypFilialsuche - Berlin Zentrum/10ErgebnisTest' are matched.

2018-03-20 19:58:34 - [TEST_STEP][PASSED] - verifyElementText: Actual text and expected text of test object 'Object Repository/OGRPrototypFilialsuche - Berlin Zentrum/11ErgebnisTest' are matched.

2018-03-20 19:58:34 - [MESSAGE][PASSED] - Actual text and expected text of test object 'Object Repository/OGRPrototypFilialsuche - Berlin Zentrum/11ErgebnisTest' are matched.

2018-03-20 19:58:34 - [TEST_STEP][PASSED] - verifyElementText: Actual text and expected text of test object 'Object Repository/OGRPrototypFilialsuche - Berlin Zentrum/12ErgebnisTest' are matched.

2018-03-20 19:58:34 - [MESSAGE][PASSED] - Actual text and expected text of test object 'Object Repository/OGRPrototypFilialsuche - Berlin Zentrum/12ErgebnisTest' are matched.

2018-03-20 19:58:34 - [TEST_STEP][PASSED] - click: Object: 'Object Repository/naechsteSeite' is clicked on

2018-03-20 19:58:34 - [MESSAGE][PASSED] - Object: 'Object Repository/naechsteSeite' is clicked on

2018-03-20 19:58:34 - [TEST_STEP][PASSED] - delay: Delayed 2 second(s)

2018-03-20 19:58:36 - [MESSAGE][PASSED] - Delayed 2 second(s)

2018-03-20 19:58:36 - [TEST_STEP][PASSED] - verifyElementText: Actual text and expected text of test object 'Object Repository/OGRPrototypFilialsuche - Berlin Zentrum/13ErgebnisTest' are matched.

2018-03-20 19:58:36 - [MESSAGE][PASSED] - Actual text and expected text of test object 'Object Repository/OGRPrototypFilialsuche - Berlin Zentrum/13ErgebnisTest' are matched.

2018-03-20 19:58:36 - [TEST_STEP][PASSED] - verifyElementText: Actual text and expected text of test object 'Object Repository/OGRPrototypFilialsuche - Berlin Zentrum/14ErgebnisTest' are matched.

2018-03-20 19:58:36 - [MESSAGE][PASSED] - Actual text and expected text of test object 'Object Repository/OGRPrototypFilialsuche - Berlin Zentrum/14ErgebnisTest' are matched.

2018-03-20 19:58:36 - [TEST_STEP][PASSED] - verifyElementText: Actual text and expected text of test object 'Object Repository/OGRPrototypFilialsuche - Berlin Zentrum/15ErgebnisTest' are matched.

2018-03-20 19:58:36 - [MESSAGE][PASSED] - Actual text and expected text of test object 'Object Repository/OGRPrototypFilialsuche - Berlin Zentrum/15ErgebnisTest' are matched.

2018-03-20 19:58:36 - [TEST_STEP][PASSED] - verifyElementText: Actual text and expected text of test object 'Object Repository/OGRPrototypFilialsuche - Berlin Zentrum/16ErgebnisTest' are matched.

2018-03-20 19:58:36 - [MESSAGE][PASSED] - Actual text and expected text of test object 'Object Repository/OGRPrototypFilialsuche - Berlin Zentrum/16ErgebnisTest' are matched.

2018-03-20 19:58:36 - [TEST_STEP][PASSED] - verifyElementText: Actual text and expected text of test object 'Object Repository/OGRPrototypFilialsuche - Berlin Zentrum/17ErgebnisTest' are matched.

2018-03-20 19:58:36 - [MESSAGE][PASSED] - Actual text and expected text of test object 'Object Repository/OGRPrototypFilialsuche - Berlin Zentrum/17ErgebnisTest' are matched.

2018-03-20 19:58:36 - [TEST_STEP][PASSED] - verifyElementText: Actual text and expected text of test object 'Object Repository/OGRPrototypFilialsuche - Berlin Zentrum/18ErgebnisTest' are matched.

2018-03-20 19:58:36 - [MESSAGE][PASSED] - Actual text and expected text of test object 'Object Repository/OGRPrototypFilialsuche - Berlin Zentrum/18ErgebnisTest' are matched.

2018-03-20 19:58:36 - [TEST_STEP][PASSED] - click: Object: 'Object Repository/naechsteSeite' is clicked on

2018-03-20 19:58:36 - [MESSAGE][PASSED] - Object: 'Object Repository/naechsteSeite' is clicked on

2018-03-20 19:58:36 - [TEST_STEP][PASSED] - delay: Delayed 2 second(s)

2018-03-20 19:58:38 - [MESSAGE][PASSED] - Delayed 2 second(s)

2018-03-20 19:58:38 - [TEST_STEP][PASSED] - verifyElementText: Actual text and expected text of test object 'Object Repository/OGRPrototypFilialsuche - Berlin Zentrum/19ErgebnisTest' are matched.

2018-03-20 19:58:38 - [MESSAGE][PASSED] - Actual text and expected text of test object 'Object Repository/OGRPrototypFilialsuche - Berlin Zentrum/19ErgebnisTest' are matched.

2018-03-20 19:58:38 - [TEST_STEP][PASSED] - verifyElementText: Actual text and expected text of test object 'Object Repository/OGRPrototypFilialsuche - Berlin Zentrum/20ErgebnisTest' are matched.

2018-03-20 19:58:38 - [MESSAGE][PASSED] - Actual text and expected text of test object 'Object Repository/OGRPrototypFilialsuche - Berlin Zentrum/20ErgebnisTest' are matched.

2018-03-20 19:58:38 - [TEST_STEP][PASSED] - verifyElementText: Actual text and expected text of test object 'Object Repository/OGRPrototypFilialsuche - Berlin Zentrum/21ErgebnisTest' are matched.

2018-03-20 19:58:38 - [MESSAGE][PASSED] - Actual text and expected text of test object 'Object Repository/OGRPrototypFilialsuche - Berlin Zentrum/21ErgebnisTest' are matched.

2018-03-20 19:58:38 - [TEST_STEP][PASSED] - verifyElementText: Actual text and expected text of test object 'Object Repository/OGRPrototypFilialsuche - Berlin Zentrum/22ErgebnisTest' are matched.

2018-03-20 19:58:38 - [MESSAGE][PASSED] - Actual text and expected text of test object 'Object Repository/OGRPrototypFilialsuche - Berlin Zentrum/22ErgebnisTest' are matched.

2018-03-20 19:58:38 - [TEST_STEP][PASSED] - verifyElementText: Actual text and expected text of test object 'Object Repository/OGRPrototypFilialsuche - Berlin Zentrum/23ErgebnisTest' are matched.

2018-03-20 19:58:38 - [MESSAGE][PASSED] - Actual text and expected text of test object 'Object Repository/OGRPrototypFilialsuche - Berlin Zentrum/23ErgebnisTest' are matched.

2018-03-20 19:58:38 - [TEST_STEP][PASSED] - verifyElementText: Actual text and expected text of test object 'Object Repository/OGRPrototypFilialsuche - Berlin Zentrum/24ErgebnisTest' are matched.

2018-03-20 19:58:38 - [MESSAGE][PASSED] - Actual text and expected text of test object 'Object Repository/OGRPrototypFilialsuche - Berlin Zentrum/24ErgebnisTest' are matched.

2018-03-20 19:58:38 - [TEST_STEP][PASSED] - click: Object: 'Object Repository/naechsteSeite' is clicked on

2018-03-20 19:58:38 - [MESSAGE][PASSED] - Object: 'Object Repository/naechsteSeite' is clicked on

2018-03-20 19:58:38 - [TEST_STEP][PASSED] - delay: Delayed 2 second(s)

2018-03-20 19:58:40 - [MESSAGE][PASSED] - Delayed 2 second(s)

2018-03-20 19:58:40 - [TEST_STEP][PASSED] - verifyElementText: Actual text and expected text of test object 'Object Repository/OGRPrototypFilialsuche - Berlin Zentrum/25ErgebnisTest' are matched.

2018-03-20 19:58:40 - [MESSAGE][PASSED] - Actual text and expected text of test object 'Object Repository/OGRPrototypFilialsuche - Berlin Zentrum/25ErgebnisTest' are matched.

2018-03-20 19:58:40 - [TEST_STEP][PASSED] - closeBrowser: Browser is closed

2018-03-20 19:58:41 - [MESSAGE][PASSED] - Browser is closed]]></system-out>
         <system-err><![CDATA[]]></system-err>
      </testcase>
      <testcase name="Test Cases/Prototyp_Filialsuche (RC 18)/48_Testfall" classname="Test Cases/Prototyp_Filialsuche (RC 18)/48_Testfall" status="PASSED">
         <system-out><![CDATA[2018-03-20 19:58:41 - [TEST_CASE][PASSED] - Test Cases/Prototyp_Filialsuche (RC 18)/48_Testfall: Test Cases/Prototyp_Filialsuche (RC 18)/48_Testfall

2018-03-20 19:58:41 - [TEST_STEP][PASSED] - openBrowser: Browser is opened with url: ''

2018-03-20 19:58:42 - [MESSAGE][PASSED] - Browser is opened with url: ''

2018-03-20 19:58:42 - [TEST_STEP][PASSED] - deleteAllCookies: Delete all cookies successfully

2018-03-20 19:58:42 - [MESSAGE][PASSED] - Delete all cookies successfully

2018-03-20 19:58:42 - [TEST_STEP][PASSED] - navigateToUrl: Navigate to 'http://rc-ogrhtmlprototyp.testintern/18-1-0/filialsuche-nuernberg.html' successfully

2018-03-20 19:58:44 - [MESSAGE][PASSED] - Navigate to 'http://rc-ogrhtmlprototyp.testintern/18-1-0/filialsuche-nuernberg.html' successfully

2018-03-20 19:58:44 - [TEST_STEP][PASSED] - delay: Delayed 5 second(s)

2018-03-20 19:58:49 - [MESSAGE][PASSED] - Delayed 5 second(s)

2018-03-20 19:58:49 - [TEST_STEP][PASSED] - verifyElementText: Actual text and expected text of test object 'Object Repository/OGRPrototypFilialsuche - DistanzNuernberg/01ErgebnisText' are matched.

2018-03-20 19:58:49 - [MESSAGE][PASSED] - Actual text and expected text of test object 'Object Repository/OGRPrototypFilialsuche - DistanzNuernberg/01ErgebnisText' are matched.

2018-03-20 19:58:49 - [TEST_STEP][PASSED] - verifyElementText: Actual text and expected text of test object 'Object Repository/OGRPrototypFilialsuche - DistanzNuernberg/02ErgebnisText' are matched.

2018-03-20 19:58:49 - [MESSAGE][PASSED] - Actual text and expected text of test object 'Object Repository/OGRPrototypFilialsuche - DistanzNuernberg/02ErgebnisText' are matched.

2018-03-20 19:58:49 - [TEST_STEP][PASSED] - verifyElementText: Actual text and expected text of test object 'Object Repository/OGRPrototypFilialsuche - DistanzNuernberg/03ErgebnisTest' are matched.

2018-03-20 19:58:49 - [MESSAGE][PASSED] - Actual text and expected text of test object 'Object Repository/OGRPrototypFilialsuche - DistanzNuernberg/03ErgebnisTest' are matched.

2018-03-20 19:58:49 - [TEST_STEP][PASSED] - verifyElementText: Actual text and expected text of test object 'Object Repository/OGRPrototypFilialsuche - DistanzNuernberg/04ErgebnisTest' are matched.

2018-03-20 19:58:49 - [MESSAGE][PASSED] - Actual text and expected text of test object 'Object Repository/OGRPrototypFilialsuche - DistanzNuernberg/04ErgebnisTest' are matched.

2018-03-20 19:58:49 - [TEST_STEP][PASSED] - verifyElementText: Actual text and expected text of test object 'Object Repository/OGRPrototypFilialsuche - DistanzNuernberg/05ErgebnisTest' are matched.

2018-03-20 19:58:49 - [MESSAGE][PASSED] - Actual text and expected text of test object 'Object Repository/OGRPrototypFilialsuche - DistanzNuernberg/05ErgebnisTest' are matched.

2018-03-20 19:58:49 - [TEST_STEP][PASSED] - verifyElementText: Actual text and expected text of test object 'Object Repository/OGRPrototypFilialsuche - DistanzNuernberg/06ErgebnisTest' are matched.

2018-03-20 19:58:49 - [MESSAGE][PASSED] - Actual text and expected text of test object 'Object Repository/OGRPrototypFilialsuche - DistanzNuernberg/06ErgebnisTest' are matched.

2018-03-20 19:58:49 - [TEST_STEP][PASSED] - click: Object: 'Object Repository/naechsteSeite' is clicked on

2018-03-20 19:58:49 - [MESSAGE][PASSED] - Object: 'Object Repository/naechsteSeite' is clicked on

2018-03-20 19:58:49 - [TEST_STEP][PASSED] - delay: Delayed 2 second(s)

2018-03-20 19:58:51 - [MESSAGE][PASSED] - Delayed 2 second(s)

2018-03-20 19:58:51 - [TEST_STEP][PASSED] - verifyElementText: Actual text and expected text of test object 'Object Repository/OGRPrototypFilialsuche - DistanzNuernberg/07ErgebnisTest' are matched.

2018-03-20 19:58:51 - [MESSAGE][PASSED] - Actual text and expected text of test object 'Object Repository/OGRPrototypFilialsuche - DistanzNuernberg/07ErgebnisTest' are matched.

2018-03-20 19:58:51 - [TEST_STEP][PASSED] - verifyElementText: Actual text and expected text of test object 'Object Repository/OGRPrototypFilialsuche - DistanzNuernberg/08ErgebnisTest' are matched.

2018-03-20 19:58:51 - [MESSAGE][PASSED] - Actual text and expected text of test object 'Object Repository/OGRPrototypFilialsuche - DistanzNuernberg/08ErgebnisTest' are matched.

2018-03-20 19:58:51 - [TEST_STEP][PASSED] - verifyElementText: Actual text and expected text of test object 'Object Repository/OGRPrototypFilialsuche - DistanzNuernberg/09ErgebnisTest' are matched.

2018-03-20 19:58:51 - [MESSAGE][PASSED] - Actual text and expected text of test object 'Object Repository/OGRPrototypFilialsuche - DistanzNuernberg/09ErgebnisTest' are matched.

2018-03-20 19:58:51 - [TEST_STEP][PASSED] - verifyElementText: Actual text and expected text of test object 'Object Repository/OGRPrototypFilialsuche - DistanzNuernberg/10ErgebnisTest' are matched.

2018-03-20 19:58:51 - [MESSAGE][PASSED] - Actual text and expected text of test object 'Object Repository/OGRPrototypFilialsuche - DistanzNuernberg/10ErgebnisTest' are matched.

2018-03-20 19:58:51 - [TEST_STEP][PASSED] - closeBrowser: Browser is closed

2018-03-20 19:58:51 - [MESSAGE][PASSED] - Browser is closed]]></system-out>
         <system-err><![CDATA[]]></system-err>
      </testcase>
      <testcase name="Test Cases/Prototyp_Filialsuche (RC 18)/49_Testfall" classname="Test Cases/Prototyp_Filialsuche (RC 18)/49_Testfall" status="FAILED">
         <failure type="FAILED" message="Verify element text of test object 'Object Repository/OGRPrototypFilialsuche - DistanzRotenburg/01ErgebnisTest' FAILED. (Root cause: Actual text 'VR-Bankverein Bad Hersfeld-Rotenburg eG SB-Stelle  Autohof Süd' and expected text 'VR-Bankverein Bad Hersfeld-Rotenburg eG Filiale Bad Hersfeld' of test object 'Object Repository/OGRPrototypFilialsuche - DistanzRotenburg/01ErgebnisTest' are NOT matched.)"/>
         <system-out><![CDATA[2018-03-20 19:58:51 - [TEST_CASE][FAILED] - Test Cases/Prototyp_Filialsuche (RC 18)/49_Testfall: Test Cases/Prototyp_Filialsuche (RC 18)/49_Testfall FAILED because (of) Verify element text of test object 'Object Repository/OGRPrototypFilialsuche - DistanzRotenburg/01ErgebnisTest' FAILED. (Root cause: Actual text 'VR-Bankverein Bad Hersfeld-Rotenburg eG SB-Stelle  Autohof Süd' and expected text 'VR-Bankverein Bad Hersfeld-Rotenburg eG Filiale Bad Hersfeld' of test object 'Object Repository/OGRPrototypFilialsuche - DistanzRotenburg/01ErgebnisTest' are NOT matched.)

2018-03-20 19:58:51 - [TEST_STEP][PASSED] - openBrowser: Browser is opened with url: ''

2018-03-20 19:58:53 - [MESSAGE][PASSED] - Browser is opened with url: ''

2018-03-20 19:58:53 - [TEST_STEP][PASSED] - maximizeWindow: Current window maximized

2018-03-20 19:58:53 - [MESSAGE][PASSED] - Current window maximized

2018-03-20 19:58:53 - [TEST_STEP][PASSED] - deleteAllCookies: Delete all cookies successfully

2018-03-20 19:58:53 - [MESSAGE][PASSED] - Delete all cookies successfully

2018-03-20 19:58:53 - [TEST_STEP][PASSED] - navigateToUrl: Navigate to 'http://rc-ogrhtmlprototyp.testintern/18-1-0/filialsuche-rotenburg.html' successfully

2018-03-20 19:58:54 - [MESSAGE][PASSED] - Navigate to 'http://rc-ogrhtmlprototyp.testintern/18-1-0/filialsuche-rotenburg.html' successfully

2018-03-20 19:58:54 - [TEST_STEP][PASSED] - delay: Delayed 7 second(s)

2018-03-20 19:59:01 - [MESSAGE][PASSED] - Delayed 7 second(s)

2018-03-20 19:59:01 - [TEST_STEP][FAILED] - verifyElementText: Verify element text of test object 'Object Repository/OGRPrototypFilialsuche - DistanzRotenburg/01ErgebnisTest' FAILED. (Root cause: Actual text 'VR-Bankverein Bad Hersfeld-Rotenburg eG SB-Stelle  Autohof Süd' and expected text 'VR-Bankverein Bad Hersfeld-Rotenburg eG Filiale Bad Hersfeld' of test object 'Object Repository/OGRPrototypFilialsuche - DistanzRotenburg/01ErgebnisTest' are NOT matched.)

2018-03-20 19:59:01 - [MESSAGE][FAILED] - Actual text 'VR-Bankverein Bad Hersfeld-Rotenburg eG SB-Stelle  Autohof Süd' and expected text 'VR-Bankverein Bad Hersfeld-Rotenburg eG Filiale Bad Hersfeld' of test object 'Object Repository/OGRPrototypFilialsuche - DistanzRotenburg/01ErgebnisTest' are NOT matched.
[[ATTACHMENT|/Users/lbut/git/Katalon/Reports/Filialsuche_20_03/20180320_194128/1521572341381.png]]

2018-03-20 19:59:01 - [MESSAGE][FAILED] - Verify element text of test object 'Object Repository/OGRPrototypFilialsuche - DistanzRotenburg/01ErgebnisTest' FAILED. (Root cause: Actual text 'VR-Bankverein Bad Hersfeld-Rotenburg eG SB-Stelle  Autohof Süd' and expected text 'VR-Bankverein Bad Hersfeld-Rotenburg eG Filiale Bad Hersfeld' of test object 'Object Repository/OGRPrototypFilialsuche - DistanzRotenburg/01ErgebnisTest' are NOT matched.)
[[ATTACHMENT|/Users/lbut/git/Katalon/Reports/Filialsuche_20_03/20180320_194128/1521572341698.png]]]]></system-out>
         <system-err><![CDATA[2018-03-20 19:58:51 - [TEST_CASE][FAILED] - Test Cases/Prototyp_Filialsuche (RC 18)/49_Testfall: Test Cases/Prototyp_Filialsuche (RC 18)/49_Testfall FAILED because (of) Verify element text of test object 'Object Repository/OGRPrototypFilialsuche - DistanzRotenburg/01ErgebnisTest' FAILED. (Root cause: Actual text 'VR-Bankverein Bad Hersfeld-Rotenburg eG SB-Stelle  Autohof Süd' and expected text 'VR-Bankverein Bad Hersfeld-Rotenburg eG Filiale Bad Hersfeld' of test object 'Object Repository/OGRPrototypFilialsuche - DistanzRotenburg/01ErgebnisTest' are NOT matched.)]]></system-err>
      </testcase>
      <testcase name="Test Cases/Prototyp_Filialsuche (RC 18)/50_Testfall" classname="Test Cases/Prototyp_Filialsuche (RC 18)/50_Testfall" status="PASSED">
         <system-out><![CDATA[2018-03-20 19:59:02 - [TEST_CASE][PASSED] - Test Cases/Prototyp_Filialsuche (RC 18)/50_Testfall: Test Cases/Prototyp_Filialsuche (RC 18)/50_Testfall

2018-03-20 19:59:02 - [TEST_STEP][PASSED] - openBrowser: Browser is opened with url: ''

2018-03-20 19:59:02 - [MESSAGE][WARNING] - A browser is already opened. Closing browser and opening a new one

2018-03-20 19:59:03 - [MESSAGE][PASSED] - Browser is opened with url: ''

2018-03-20 19:59:03 - [TEST_STEP][PASSED] - maximizeWindow: Current window maximized

2018-03-20 19:59:03 - [MESSAGE][PASSED] - Current window maximized

2018-03-20 19:59:03 - [TEST_STEP][PASSED] - deleteAllCookies: Delete all cookies successfully

2018-03-20 19:59:03 - [MESSAGE][PASSED] - Delete all cookies successfully

2018-03-20 19:59:03 - [TEST_STEP][PASSED] - navigateToUrl: Navigate to 'http://rc-ogrhtmlprototyp.testintern/18-1-0/filialsuche.html' successfully

2018-03-20 19:59:05 - [MESSAGE][PASSED] - Navigate to 'http://rc-ogrhtmlprototyp.testintern/18-1-0/filialsuche.html' successfully

2018-03-20 19:59:05 - [TEST_STEP][PASSED] - delay: Delayed 5 second(s)

2018-03-20 19:59:10 - [MESSAGE][PASSED] - Delayed 5 second(s)

2018-03-20 19:59:10 - [TEST_STEP][PASSED] - click: Object: 'Object Repository/03/Page_Filialsuche-rotenburg - BVR HT/svg_dropdown-icons' is clicked on

2018-03-20 19:59:10 - [MESSAGE][PASSED] - Object: 'Object Repository/03/Page_Filialsuche-rotenburg - BVR HT/svg_dropdown-icons' is clicked on

2018-03-20 19:59:10 - [TEST_STEP][PASSED] - delay: Delayed 2 second(s)

2018-03-20 19:59:12 - [MESSAGE][PASSED] - Delayed 2 second(s)

2018-03-20 19:59:12 - [TEST_STEP][PASSED] - mouseOver: Object: 'Object Repository/Belitz_option' is hovered

2018-03-20 19:59:12 - [MESSAGE][PASSED] - Object: 'Object Repository/Belitz_option' is hovered

2018-03-20 19:59:12 - [TEST_STEP][PASSED] - delay: Delayed 2 second(s)

2018-03-20 19:59:14 - [MESSAGE][PASSED] - Delayed 2 second(s)

2018-03-20 19:59:14 - [TEST_STEP][PASSED] - click: Object: 'Object Repository/Belitz_option' is clicked on

2018-03-20 19:59:14 - [MESSAGE][PASSED] - Object: 'Object Repository/Belitz_option' is clicked on

2018-03-20 19:59:14 - [TEST_STEP][PASSED] - delay: Delayed 2 second(s)

2018-03-20 19:59:16 - [MESSAGE][PASSED] - Delayed 2 second(s)

2018-03-20 19:59:16 - [TEST_STEP][PASSED] - verifyElementText: Actual text and expected text of test object 'Object Repository/OGRPrototypFilialsuche - Footer/01ErgebnisText' are matched.

2018-03-20 19:59:16 - [MESSAGE][PASSED] - Actual text and expected text of test object 'Object Repository/OGRPrototypFilialsuche - Footer/01ErgebnisText' are matched.

2018-03-20 19:59:16 - [TEST_STEP][PASSED] - verifyElementText: Actual text and expected text of test object 'Object Repository/OGRPrototypFilialsuche - Footer/02ErgebnisText' are matched.

2018-03-20 19:59:16 - [MESSAGE][PASSED] - Actual text and expected text of test object 'Object Repository/OGRPrototypFilialsuche - Footer/02ErgebnisText' are matched.

2018-03-20 19:59:16 - [TEST_STEP][PASSED] - verifyElementText: Actual text and expected text of test object 'Object Repository/OGRPrototypFilialsuche - Footer/03ErgebnisTest' are matched.

2018-03-20 19:59:16 - [MESSAGE][PASSED] - Actual text and expected text of test object 'Object Repository/OGRPrototypFilialsuche - Footer/03ErgebnisTest' are matched.

2018-03-20 19:59:16 - [TEST_STEP][PASSED] - verifyElementText: Actual text and expected text of test object 'Object Repository/OGRPrototypFilialsuche - Footer/04ErgebnisTest' are matched.

2018-03-20 19:59:16 - [MESSAGE][PASSED] - Actual text and expected text of test object 'Object Repository/OGRPrototypFilialsuche - Footer/04ErgebnisTest' are matched.

2018-03-20 19:59:16 - [TEST_STEP][PASSED] - verifyElementText: Actual text and expected text of test object 'Object Repository/OGRPrototypFilialsuche - Footer/05ErgebnisTest' are matched.

2018-03-20 19:59:16 - [MESSAGE][PASSED] - Actual text and expected text of test object 'Object Repository/OGRPrototypFilialsuche - Footer/05ErgebnisTest' are matched.

2018-03-20 19:59:16 - [TEST_STEP][PASSED] - verifyElementText: Actual text and expected text of test object 'Object Repository/OGRPrototypFilialsuche - Footer/06ErgebnisTest' are matched.

2018-03-20 19:59:16 - [MESSAGE][PASSED] - Actual text and expected text of test object 'Object Repository/OGRPrototypFilialsuche - Footer/06ErgebnisTest' are matched.

2018-03-20 19:59:16 - [TEST_STEP][PASSED] - click: Object: 'Object Repository/naechsteSeite' is clicked on

2018-03-20 19:59:16 - [MESSAGE][PASSED] - Object: 'Object Repository/naechsteSeite' is clicked on

2018-03-20 19:59:16 - [TEST_STEP][PASSED] - delay: Delayed 2 second(s)

2018-03-20 19:59:18 - [MESSAGE][PASSED] - Delayed 2 second(s)

2018-03-20 19:59:18 - [TEST_STEP][PASSED] - verifyElementText: Actual text and expected text of test object 'Object Repository/OGRPrototypFilialsuche - Footer/07ErgebnisTest' are matched.

2018-03-20 19:59:18 - [MESSAGE][PASSED] - Actual text and expected text of test object 'Object Repository/OGRPrototypFilialsuche - Footer/07ErgebnisTest' are matched.

2018-03-20 19:59:18 - [TEST_STEP][PASSED] - verifyElementText: Actual text and expected text of test object 'Object Repository/OGRPrototypFilialsuche - Footer/08ErgebnisTest' are matched.

2018-03-20 19:59:18 - [MESSAGE][PASSED] - Actual text and expected text of test object 'Object Repository/OGRPrototypFilialsuche - Footer/08ErgebnisTest' are matched.

2018-03-20 19:59:18 - [TEST_STEP][PASSED] - verifyElementText: Actual text and expected text of test object 'Object Repository/OGRPrototypFilialsuche - Footer/09ErgebnisTest' are matched.

2018-03-20 19:59:18 - [MESSAGE][PASSED] - Actual text and expected text of test object 'Object Repository/OGRPrototypFilialsuche - Footer/09ErgebnisTest' are matched.

2018-03-20 19:59:18 - [TEST_STEP][PASSED] - verifyElementText: Actual text and expected text of test object 'Object Repository/OGRPrototypFilialsuche - Footer/10ErgebnisTest' are matched.

2018-03-20 19:59:18 - [MESSAGE][PASSED] - Actual text and expected text of test object 'Object Repository/OGRPrototypFilialsuche - Footer/10ErgebnisTest' are matched.

2018-03-20 19:59:18 - [TEST_STEP][PASSED] - verifyElementText: Actual text and expected text of test object 'Object Repository/OGRPrototypFilialsuche - Footer/11ErgebnisTest' are matched.

2018-03-20 19:59:18 - [MESSAGE][PASSED] - Actual text and expected text of test object 'Object Repository/OGRPrototypFilialsuche - Footer/11ErgebnisTest' are matched.

2018-03-20 19:59:18 - [TEST_STEP][PASSED] - verifyElementText: Actual text and expected text of test object 'Object Repository/OGRPrototypFilialsuche - Footer/12ErgebnisTest' are matched.

2018-03-20 19:59:19 - [MESSAGE][PASSED] - Actual text and expected text of test object 'Object Repository/OGRPrototypFilialsuche - Footer/12ErgebnisTest' are matched.

2018-03-20 19:59:19 - [TEST_STEP][PASSED] - click: Object: 'Object Repository/naechsteSeite' is clicked on

2018-03-20 19:59:19 - [MESSAGE][PASSED] - Object: 'Object Repository/naechsteSeite' is clicked on

2018-03-20 19:59:19 - [TEST_STEP][PASSED] - verifyElementText: Actual text and expected text of test object 'Object Repository/OGRPrototypFilialsuche - Footer/13ErgebnisTest' are matched.

2018-03-20 19:59:19 - [MESSAGE][PASSED] - Actual text and expected text of test object 'Object Repository/OGRPrototypFilialsuche - Footer/13ErgebnisTest' are matched.

2018-03-20 19:59:19 - [TEST_STEP][PASSED] - verifyElementText: Actual text and expected text of test object 'Object Repository/OGRPrototypFilialsuche - Footer/14ErgebnisTest' are matched.

2018-03-20 19:59:19 - [MESSAGE][PASSED] - Actual text and expected text of test object 'Object Repository/OGRPrototypFilialsuche - Footer/14ErgebnisTest' are matched.

2018-03-20 19:59:19 - [TEST_STEP][PASSED] - verifyElementText: Actual text and expected text of test object 'Object Repository/OGRPrototypFilialsuche - Footer/15ErgebnisTest' are matched.

2018-03-20 19:59:19 - [MESSAGE][PASSED] - Actual text and expected text of test object 'Object Repository/OGRPrototypFilialsuche - Footer/15ErgebnisTest' are matched.

2018-03-20 19:59:19 - [TEST_STEP][PASSED] - verifyElementText: Actual text and expected text of test object 'Object Repository/OGRPrototypFilialsuche - Footer/16ErgebnisTest' are matched.

2018-03-20 19:59:19 - [MESSAGE][PASSED] - Actual text and expected text of test object 'Object Repository/OGRPrototypFilialsuche - Footer/16ErgebnisTest' are matched.

2018-03-20 19:59:19 - [TEST_STEP][PASSED] - verifyElementText: Actual text and expected text of test object 'Object Repository/OGRPrototypFilialsuche - Footer/17ErgebnisTest' are matched.

2018-03-20 19:59:19 - [MESSAGE][PASSED] - Actual text and expected text of test object 'Object Repository/OGRPrototypFilialsuche - Footer/17ErgebnisTest' are matched.

2018-03-20 19:59:19 - [TEST_STEP][PASSED] - verifyElementText: Actual text and expected text of test object 'Object Repository/OGRPrototypFilialsuche - Footer/18ErgebnisTest' are matched.

2018-03-20 19:59:19 - [MESSAGE][PASSED] - Actual text and expected text of test object 'Object Repository/OGRPrototypFilialsuche - Footer/18ErgebnisTest' are matched.

2018-03-20 19:59:19 - [TEST_STEP][PASSED] - click: Object: 'Object Repository/naechsteSeite' is clicked on

2018-03-20 19:59:19 - [MESSAGE][PASSED] - Object: 'Object Repository/naechsteSeite' is clicked on

2018-03-20 19:59:19 - [TEST_STEP][PASSED] - verifyElementText: Actual text and expected text of test object 'Object Repository/OGRPrototypFilialsuche - Footer/19ErgebnisTest' are matched.

2018-03-20 19:59:19 - [MESSAGE][PASSED] - Actual text and expected text of test object 'Object Repository/OGRPrototypFilialsuche - Footer/19ErgebnisTest' are matched.

2018-03-20 19:59:19 - [TEST_STEP][PASSED] - verifyElementText: Actual text and expected text of test object 'Object Repository/OGRPrototypFilialsuche - Footer/20ErgebnisTest' are matched.

2018-03-20 19:59:19 - [MESSAGE][PASSED] - Actual text and expected text of test object 'Object Repository/OGRPrototypFilialsuche - Footer/20ErgebnisTest' are matched.

2018-03-20 19:59:19 - [TEST_STEP][PASSED] - verifyElementText: Actual text and expected text of test object 'Object Repository/OGRPrototypFilialsuche - Footer/21ErgebnisTest' are matched.

2018-03-20 19:59:19 - [MESSAGE][PASSED] - Actual text and expected text of test object 'Object Repository/OGRPrototypFilialsuche - Footer/21ErgebnisTest' are matched.

2018-03-20 19:59:19 - [TEST_STEP][PASSED] - verifyElementText: Actual text and expected text of test object 'Object Repository/OGRPrototypFilialsuche - Footer/22ErgebnisTest' are matched.

2018-03-20 19:59:19 - [MESSAGE][PASSED] - Actual text and expected text of test object 'Object Repository/OGRPrototypFilialsuche - Footer/22ErgebnisTest' are matched.

2018-03-20 19:59:19 - [TEST_STEP][PASSED] - verifyElementText: Actual text and expected text of test object 'Object Repository/OGRPrototypFilialsuche - Footer/23ErgebnisTest' are matched.

2018-03-20 19:59:19 - [MESSAGE][PASSED] - Actual text and expected text of test object 'Object Repository/OGRPrototypFilialsuche - Footer/23ErgebnisTest' are matched.

2018-03-20 19:59:19 - [TEST_STEP][PASSED] - verifyElementText: Actual text and expected text of test object 'Object Repository/OGRPrototypFilialsuche - Footer/24ErgebnisTest' are matched.

2018-03-20 19:59:19 - [MESSAGE][PASSED] - Actual text and expected text of test object 'Object Repository/OGRPrototypFilialsuche - Footer/24ErgebnisTest' are matched.

2018-03-20 19:59:19 - [TEST_STEP][PASSED] - click: Object: 'Object Repository/naechsteSeite' is clicked on

2018-03-20 19:59:19 - [MESSAGE][PASSED] - Object: 'Object Repository/naechsteSeite' is clicked on

2018-03-20 19:59:19 - [TEST_STEP][PASSED] - delay: Delayed 2 second(s)

2018-03-20 19:59:21 - [MESSAGE][PASSED] - Delayed 2 second(s)

2018-03-20 19:59:21 - [TEST_STEP][PASSED] - verifyElementText: Actual text and expected text of test object 'Object Repository/OGRPrototypFilialsuche - Footer/25ErgebnisTest' are matched.

2018-03-20 19:59:21 - [MESSAGE][PASSED] - Actual text and expected text of test object 'Object Repository/OGRPrototypFilialsuche - Footer/25ErgebnisTest' are matched.

2018-03-20 19:59:21 - [TEST_STEP][PASSED] - verifyElementText: Actual text and expected text of test object 'Object Repository/OGRPrototypFilialsuche - Footer/26ErgebnisTest' are matched.

2018-03-20 19:59:21 - [MESSAGE][PASSED] - Actual text and expected text of test object 'Object Repository/OGRPrototypFilialsuche - Footer/26ErgebnisTest' are matched.

2018-03-20 19:59:21 - [TEST_STEP][PASSED] - verifyElementText: Actual text and expected text of test object 'Object Repository/OGRPrototypFilialsuche - Footer/27ErgebnisTest' are matched.

2018-03-20 19:59:21 - [MESSAGE][PASSED] - Actual text and expected text of test object 'Object Repository/OGRPrototypFilialsuche - Footer/27ErgebnisTest' are matched.

2018-03-20 19:59:21 - [TEST_STEP][PASSED] - verifyElementText: Actual text and expected text of test object 'Object Repository/OGRPrototypFilialsuche - Footer/28ErgebnisTest' are matched.

2018-03-20 19:59:21 - [MESSAGE][PASSED] - Actual text and expected text of test object 'Object Repository/OGRPrototypFilialsuche - Footer/28ErgebnisTest' are matched.

2018-03-20 19:59:21 - [TEST_STEP][PASSED] - verifyElementText: Actual text and expected text of test object 'Object Repository/OGRPrototypFilialsuche - Footer/29ErgebnisTest' are matched.

2018-03-20 19:59:21 - [MESSAGE][PASSED] - Actual text and expected text of test object 'Object Repository/OGRPrototypFilialsuche - Footer/29ErgebnisTest' are matched.

2018-03-20 19:59:21 - [TEST_STEP][PASSED] - verifyElementText: Actual text and expected text of test object 'Object Repository/OGRPrototypFilialsuche - Footer/30ErgebnisTest' are matched.

2018-03-20 19:59:21 - [MESSAGE][PASSED] - Actual text and expected text of test object 'Object Repository/OGRPrototypFilialsuche - Footer/30ErgebnisTest' are matched.

2018-03-20 19:59:21 - [TEST_STEP][PASSED] - click: Object: 'Object Repository/naechsteSeite' is clicked on

2018-03-20 19:59:21 - [MESSAGE][PASSED] - Object: 'Object Repository/naechsteSeite' is clicked on

2018-03-20 19:59:21 - [TEST_STEP][PASSED] - delay: Delayed 2 second(s)

2018-03-20 19:59:23 - [MESSAGE][PASSED] - Delayed 2 second(s)

2018-03-20 19:59:23 - [TEST_STEP][PASSED] - verifyElementText: Actual text and expected text of test object 'Object Repository/OGRPrototypFilialsuche - Footer/31ErgebnisTest' are matched.

2018-03-20 19:59:23 - [MESSAGE][PASSED] - Actual text and expected text of test object 'Object Repository/OGRPrototypFilialsuche - Footer/31ErgebnisTest' are matched.

2018-03-20 19:59:23 - [TEST_STEP][PASSED] - verifyElementText: Actual text and expected text of test object 'Object Repository/OGRPrototypFilialsuche - Footer/32ErgebnisTest' are matched.

2018-03-20 19:59:23 - [MESSAGE][PASSED] - Actual text and expected text of test object 'Object Repository/OGRPrototypFilialsuche - Footer/32ErgebnisTest' are matched.

2018-03-20 19:59:23 - [TEST_STEP][PASSED] - verifyElementText: Actual text and expected text of test object 'Object Repository/OGRPrototypFilialsuche - Footer/33ErgebnisTest' are matched.

2018-03-20 19:59:23 - [MESSAGE][PASSED] - Actual text and expected text of test object 'Object Repository/OGRPrototypFilialsuche - Footer/33ErgebnisTest' are matched.

2018-03-20 19:59:23 - [TEST_STEP][PASSED] - verifyElementText: Actual text and expected text of test object 'Object Repository/OGRPrototypFilialsuche - Footer/34ErgebnisTest' are matched.

2018-03-20 19:59:23 - [MESSAGE][PASSED] - Actual text and expected text of test object 'Object Repository/OGRPrototypFilialsuche - Footer/34ErgebnisTest' are matched.

2018-03-20 19:59:23 - [TEST_STEP][PASSED] - verifyElementText: Actual text and expected text of test object 'Object Repository/OGRPrototypFilialsuche - Footer/35ErgebnisTest' are matched.

2018-03-20 19:59:23 - [MESSAGE][PASSED] - Actual text and expected text of test object 'Object Repository/OGRPrototypFilialsuche - Footer/35ErgebnisTest' are matched.

2018-03-20 19:59:23 - [TEST_STEP][PASSED] - verifyElementText: Actual text and expected text of test object 'Object Repository/OGRPrototypFilialsuche - Footer/36ErgebnisTest' are matched.

2018-03-20 19:59:23 - [MESSAGE][PASSED] - Actual text and expected text of test object 'Object Repository/OGRPrototypFilialsuche - Footer/36ErgebnisTest' are matched.

2018-03-20 19:59:23 - [TEST_STEP][PASSED] - click: Object: 'Object Repository/naechsteSeite' is clicked on

2018-03-20 19:59:23 - [MESSAGE][PASSED] - Object: 'Object Repository/naechsteSeite' is clicked on

2018-03-20 19:59:23 - [TEST_STEP][PASSED] - delay: Delayed 2 second(s)

2018-03-20 19:59:25 - [MESSAGE][PASSED] - Delayed 2 second(s)

2018-03-20 19:59:25 - [TEST_STEP][PASSED] - verifyElementText: Actual text and expected text of test object 'Object Repository/OGRPrototypFilialsuche - Footer/37ErgebnisTest' are matched.

2018-03-20 19:59:25 - [MESSAGE][PASSED] - Actual text and expected text of test object 'Object Repository/OGRPrototypFilialsuche - Footer/37ErgebnisTest' are matched.

2018-03-20 19:59:25 - [TEST_STEP][PASSED] - closeBrowser: Browser is closed

2018-03-20 19:59:25 - [MESSAGE][PASSED] - Browser is closed]]></system-out>
         <system-err><![CDATA[]]></system-err>
      </testcase>
      <testcase name="Test Cases/Prototyp_Filialsuche (RC 18)/51_Testfall" classname="Test Cases/Prototyp_Filialsuche (RC 18)/51_Testfall" status="PASSED">
         <system-out><![CDATA[2018-03-20 19:59:25 - [TEST_CASE][PASSED] - Test Cases/Prototyp_Filialsuche (RC 18)/51_Testfall: Test Cases/Prototyp_Filialsuche (RC 18)/51_Testfall

2018-03-20 19:59:26 - [TEST_STEP][PASSED] - openBrowser: Browser is opened with url: ''

2018-03-20 19:59:27 - [MESSAGE][PASSED] - Browser is opened with url: ''

2018-03-20 19:59:27 - [TEST_STEP][PASSED] - maximizeWindow: Current window maximized

2018-03-20 19:59:27 - [MESSAGE][PASSED] - Current window maximized

2018-03-20 19:59:27 - [TEST_STEP][PASSED] - deleteAllCookies: Delete all cookies successfully

2018-03-20 19:59:27 - [MESSAGE][PASSED] - Delete all cookies successfully

2018-03-20 19:59:27 - [TEST_STEP][PASSED] - navigateToUrl: Navigate to 'http://rc-ogrhtmlprototyp.testintern/18-1-0/filialsuche.html' successfully

2018-03-20 19:59:30 - [MESSAGE][PASSED] - Navigate to 'http://rc-ogrhtmlprototyp.testintern/18-1-0/filialsuche.html' successfully

2018-03-20 19:59:30 - [TEST_STEP][PASSED] - delay: Delayed 5 second(s)

2018-03-20 19:59:35 - [MESSAGE][PASSED] - Delayed 5 second(s)

2018-03-20 19:59:35 - [TEST_STEP][PASSED] - verifyElementText: Actual text and expected text of test object 'Object Repository/OGRPrototypFiliasuche - DistanzZentralbank/01ErgebnisText' are matched.

2018-03-20 19:59:35 - [MESSAGE][PASSED] - Actual text and expected text of test object 'Object Repository/OGRPrototypFiliasuche - DistanzZentralbank/01ErgebnisText' are matched.

2018-03-20 19:59:35 - [TEST_STEP][PASSED] - verifyElementText: Actual text and expected text of test object 'Object Repository/OGRPrototypFiliasuche - DistanzZentralbank/02ErgebnisText' are matched.

2018-03-20 19:59:35 - [MESSAGE][PASSED] - Actual text and expected text of test object 'Object Repository/OGRPrototypFiliasuche - DistanzZentralbank/02ErgebnisText' are matched.

2018-03-20 19:59:35 - [TEST_STEP][PASSED] - verifyElementText: Actual text and expected text of test object 'Object Repository/OGRPrototypFiliasuche - DistanzZentralbank/03ErgebnisTest' are matched.

2018-03-20 19:59:35 - [MESSAGE][PASSED] - Actual text and expected text of test object 'Object Repository/OGRPrototypFiliasuche - DistanzZentralbank/03ErgebnisTest' are matched.

2018-03-20 19:59:35 - [TEST_STEP][PASSED] - verifyElementText: Actual text and expected text of test object 'Object Repository/OGRPrototypFiliasuche - DistanzZentralbank/04ErgebnisTest' are matched.

2018-03-20 19:59:35 - [MESSAGE][PASSED] - Actual text and expected text of test object 'Object Repository/OGRPrototypFiliasuche - DistanzZentralbank/04ErgebnisTest' are matched.

2018-03-20 19:59:35 - [TEST_STEP][PASSED] - verifyElementText: Actual text and expected text of test object 'Object Repository/OGRPrototypFiliasuche - DistanzZentralbank/05ErgebnisTest' are matched.

2018-03-20 19:59:35 - [MESSAGE][PASSED] - Actual text and expected text of test object 'Object Repository/OGRPrototypFiliasuche - DistanzZentralbank/05ErgebnisTest' are matched.

2018-03-20 19:59:35 - [TEST_STEP][PASSED] - verifyElementText: Actual text and expected text of test object 'Object Repository/OGRPrototypFiliasuche - DistanzZentralbank/06ErgebnisTest' are matched.

2018-03-20 19:59:35 - [MESSAGE][PASSED] - Actual text and expected text of test object 'Object Repository/OGRPrototypFiliasuche - DistanzZentralbank/06ErgebnisTest' are matched.

2018-03-20 19:59:35 - [TEST_STEP][PASSED] - click: Object: 'Object Repository/naechsteSeite' is clicked on

2018-03-20 19:59:35 - [MESSAGE][PASSED] - Object: 'Object Repository/naechsteSeite' is clicked on

2018-03-20 19:59:35 - [TEST_STEP][PASSED] - delay: Delayed 2 second(s)

2018-03-20 19:59:37 - [MESSAGE][PASSED] - Delayed 2 second(s)

2018-03-20 19:59:37 - [TEST_STEP][PASSED] - verifyElementText: Actual text and expected text of test object 'Object Repository/OGRPrototypFiliasuche - DistanzZentralbank/07ErgebnisTest' are matched.

2018-03-20 19:59:37 - [MESSAGE][PASSED] - Actual text and expected text of test object 'Object Repository/OGRPrototypFiliasuche - DistanzZentralbank/07ErgebnisTest' are matched.

2018-03-20 19:59:37 - [TEST_STEP][PASSED] - verifyElementText: Actual text and expected text of test object 'Object Repository/OGRPrototypFiliasuche - DistanzZentralbank/08ErgebnisTest' are matched.

2018-03-20 19:59:37 - [MESSAGE][PASSED] - Actual text and expected text of test object 'Object Repository/OGRPrototypFiliasuche - DistanzZentralbank/08ErgebnisTest' are matched.

2018-03-20 19:59:37 - [TEST_STEP][PASSED] - verifyElementText: Actual text and expected text of test object 'Object Repository/OGRPrototypFiliasuche - DistanzZentralbank/09ErgebnisTest' are matched.

2018-03-20 19:59:37 - [MESSAGE][PASSED] - Actual text and expected text of test object 'Object Repository/OGRPrototypFiliasuche - DistanzZentralbank/09ErgebnisTest' are matched.

2018-03-20 19:59:37 - [TEST_STEP][PASSED] - verifyElementText: Actual text and expected text of test object 'Object Repository/OGRPrototypFiliasuche - DistanzZentralbank/10ErgebnisTest' are matched.

2018-03-20 19:59:37 - [MESSAGE][PASSED] - Actual text and expected text of test object 'Object Repository/OGRPrototypFiliasuche - DistanzZentralbank/10ErgebnisTest' are matched.

2018-03-20 19:59:37 - [TEST_STEP][PASSED] - verifyElementText: Actual text and expected text of test object 'Object Repository/OGRPrototypFiliasuche - DistanzZentralbank/11ErgebnisTest' are matched.

2018-03-20 19:59:37 - [MESSAGE][PASSED] - Actual text and expected text of test object 'Object Repository/OGRPrototypFiliasuche - DistanzZentralbank/11ErgebnisTest' are matched.

2018-03-20 19:59:37 - [TEST_STEP][PASSED] - verifyElementText: Actual text and expected text of test object 'Object Repository/OGRPrototypFiliasuche - DistanzZentralbank/12ErgebnisTest' are matched.

2018-03-20 19:59:37 - [MESSAGE][PASSED] - Actual text and expected text of test object 'Object Repository/OGRPrototypFiliasuche - DistanzZentralbank/12ErgebnisTest' are matched.

2018-03-20 19:59:37 - [TEST_STEP][PASSED] - click: Object: 'Object Repository/naechsteSeite' is clicked on

2018-03-20 19:59:37 - [MESSAGE][PASSED] - Object: 'Object Repository/naechsteSeite' is clicked on

2018-03-20 19:59:37 - [TEST_STEP][PASSED] - delay: Delayed 2 second(s)

2018-03-20 19:59:39 - [MESSAGE][PASSED] - Delayed 2 second(s)

2018-03-20 19:59:39 - [TEST_STEP][PASSED] - verifyElementText: Actual text and expected text of test object 'Object Repository/OGRPrototypFiliasuche - DistanzZentralbank/13ErgebnisTest' are matched.

2018-03-20 19:59:39 - [MESSAGE][PASSED] - Actual text and expected text of test object 'Object Repository/OGRPrototypFiliasuche - DistanzZentralbank/13ErgebnisTest' are matched.

2018-03-20 19:59:39 - [TEST_STEP][PASSED] - verifyElementText: Actual text and expected text of test object 'Object Repository/OGRPrototypFiliasuche - DistanzZentralbank/14ErgebnisTest' are matched.

2018-03-20 19:59:39 - [MESSAGE][PASSED] - Actual text and expected text of test object 'Object Repository/OGRPrototypFiliasuche - DistanzZentralbank/14ErgebnisTest' are matched.

2018-03-20 19:59:39 - [TEST_STEP][PASSED] - verifyElementText: Actual text and expected text of test object 'Object Repository/OGRPrototypFiliasuche - DistanzZentralbank/15ErgebnisTest' are matched.

2018-03-20 19:59:39 - [MESSAGE][PASSED] - Actual text and expected text of test object 'Object Repository/OGRPrototypFiliasuche - DistanzZentralbank/15ErgebnisTest' are matched.

2018-03-20 19:59:39 - [TEST_STEP][PASSED] - verifyElementText: Actual text and expected text of test object 'Object Repository/OGRPrototypFiliasuche - DistanzZentralbank/16ErgebnisTest' are matched.

2018-03-20 19:59:39 - [MESSAGE][PASSED] - Actual text and expected text of test object 'Object Repository/OGRPrototypFiliasuche - DistanzZentralbank/16ErgebnisTest' are matched.

2018-03-20 19:59:39 - [TEST_STEP][PASSED] - verifyElementText: Actual text and expected text of test object 'Object Repository/OGRPrototypFiliasuche - DistanzZentralbank/17ErgebnisTest' are matched.

2018-03-20 19:59:39 - [MESSAGE][PASSED] - Actual text and expected text of test object 'Object Repository/OGRPrototypFiliasuche - DistanzZentralbank/17ErgebnisTest' are matched.

2018-03-20 19:59:39 - [TEST_STEP][PASSED] - verifyElementText: Actual text and expected text of test object 'Object Repository/OGRPrototypFiliasuche - DistanzZentralbank/18ErgebnisTest' are matched.

2018-03-20 19:59:39 - [MESSAGE][PASSED] - Actual text and expected text of test object 'Object Repository/OGRPrototypFiliasuche - DistanzZentralbank/18ErgebnisTest' are matched.

2018-03-20 19:59:39 - [TEST_STEP][PASSED] - click: Object: 'Object Repository/naechsteSeite' is clicked on

2018-03-20 19:59:39 - [MESSAGE][PASSED] - Object: 'Object Repository/naechsteSeite' is clicked on

2018-03-20 19:59:39 - [TEST_STEP][PASSED] - delay: Delayed 2 second(s)

2018-03-20 19:59:41 - [MESSAGE][PASSED] - Delayed 2 second(s)

2018-03-20 19:59:41 - [TEST_STEP][PASSED] - verifyElementText: Actual text and expected text of test object 'Object Repository/OGRPrototypFiliasuche - DistanzZentralbank/19ErgebnisTest' are matched.

2018-03-20 19:59:41 - [MESSAGE][PASSED] - Actual text and expected text of test object 'Object Repository/OGRPrototypFiliasuche - DistanzZentralbank/19ErgebnisTest' are matched.

2018-03-20 19:59:41 - [TEST_STEP][PASSED] - verifyElementText: Actual text and expected text of test object 'Object Repository/OGRPrototypFiliasuche - DistanzZentralbank/20ErgebnisTest' are matched.

2018-03-20 19:59:41 - [MESSAGE][PASSED] - Actual text and expected text of test object 'Object Repository/OGRPrototypFiliasuche - DistanzZentralbank/20ErgebnisTest' are matched.

2018-03-20 19:59:41 - [TEST_STEP][PASSED] - verifyElementText: Actual text and expected text of test object 'Object Repository/OGRPrototypFiliasuche - DistanzZentralbank/21ErgebnisTest' are matched.

2018-03-20 19:59:41 - [MESSAGE][PASSED] - Actual text and expected text of test object 'Object Repository/OGRPrototypFiliasuche - DistanzZentralbank/21ErgebnisTest' are matched.

2018-03-20 19:59:41 - [TEST_STEP][PASSED] - verifyElementText: Actual text and expected text of test object 'Object Repository/OGRPrototypFiliasuche - DistanzZentralbank/22ErgebnisTest' are matched.

2018-03-20 19:59:41 - [MESSAGE][PASSED] - Actual text and expected text of test object 'Object Repository/OGRPrototypFiliasuche - DistanzZentralbank/22ErgebnisTest' are matched.

2018-03-20 19:59:41 - [TEST_STEP][PASSED] - verifyElementText: Actual text and expected text of test object 'Object Repository/OGRPrototypFiliasuche - DistanzZentralbank/23ErgebnisTest' are matched.

2018-03-20 19:59:41 - [MESSAGE][PASSED] - Actual text and expected text of test object 'Object Repository/OGRPrototypFiliasuche - DistanzZentralbank/23ErgebnisTest' are matched.

2018-03-20 19:59:41 - [TEST_STEP][PASSED] - verifyElementText: Actual text and expected text of test object 'Object Repository/OGRPrototypFiliasuche - DistanzZentralbank/24ErgebnisTest' are matched.

2018-03-20 19:59:41 - [MESSAGE][PASSED] - Actual text and expected text of test object 'Object Repository/OGRPrototypFiliasuche - DistanzZentralbank/24ErgebnisTest' are matched.

2018-03-20 19:59:41 - [TEST_STEP][PASSED] - click: Object: 'Object Repository/naechsteSeite' is clicked on

2018-03-20 19:59:42 - [MESSAGE][PASSED] - Object: 'Object Repository/naechsteSeite' is clicked on

2018-03-20 19:59:42 - [TEST_STEP][PASSED] - delay: Delayed 2 second(s)

2018-03-20 19:59:44 - [MESSAGE][PASSED] - Delayed 2 second(s)

2018-03-20 19:59:44 - [TEST_STEP][PASSED] - verifyElementText: Actual text and expected text of test object 'Object Repository/OGRPrototypFiliasuche - DistanzZentralbank/25ErgebnisTest' are matched.

2018-03-20 19:59:44 - [MESSAGE][PASSED] - Actual text and expected text of test object 'Object Repository/OGRPrototypFiliasuche - DistanzZentralbank/25ErgebnisTest' are matched.

2018-03-20 19:59:44 - [TEST_STEP][PASSED] - verifyElementText: Actual text and expected text of test object 'Object Repository/OGRPrototypFiliasuche - DistanzZentralbank/26ErgebnisTest' are matched.

2018-03-20 19:59:44 - [MESSAGE][PASSED] - Actual text and expected text of test object 'Object Repository/OGRPrototypFiliasuche - DistanzZentralbank/26ErgebnisTest' are matched.

2018-03-20 19:59:44 - [TEST_STEP][PASSED] - verifyElementText: Actual text and expected text of test object 'Object Repository/OGRPrototypFiliasuche - DistanzZentralbank/27ErgebnisTest' are matched.

2018-03-20 19:59:44 - [MESSAGE][PASSED] - Actual text and expected text of test object 'Object Repository/OGRPrototypFiliasuche - DistanzZentralbank/27ErgebnisTest' are matched.

2018-03-20 19:59:44 - [TEST_STEP][PASSED] - verifyElementText: Actual text and expected text of test object 'Object Repository/OGRPrototypFiliasuche - DistanzZentralbank/28ErgebnisTest' are matched.

2018-03-20 19:59:44 - [MESSAGE][PASSED] - Actual text and expected text of test object 'Object Repository/OGRPrototypFiliasuche - DistanzZentralbank/28ErgebnisTest' are matched.

2018-03-20 19:59:44 - [TEST_STEP][PASSED] - verifyElementText: Actual text and expected text of test object 'Object Repository/OGRPrototypFiliasuche - DistanzZentralbank/29ErgebnisTest' are matched.

2018-03-20 19:59:44 - [MESSAGE][PASSED] - Actual text and expected text of test object 'Object Repository/OGRPrototypFiliasuche - DistanzZentralbank/29ErgebnisTest' are matched.

2018-03-20 19:59:44 - [TEST_STEP][PASSED] - verifyElementText: Actual text and expected text of test object 'Object Repository/OGRPrototypFiliasuche - DistanzZentralbank/30ErgebnisTest' are matched.

2018-03-20 19:59:44 - [MESSAGE][PASSED] - Actual text and expected text of test object 'Object Repository/OGRPrototypFiliasuche - DistanzZentralbank/30ErgebnisTest' are matched.

2018-03-20 19:59:44 - [TEST_STEP][PASSED] - click: Object: 'Object Repository/naechsteSeite' is clicked on

2018-03-20 19:59:44 - [MESSAGE][PASSED] - Object: 'Object Repository/naechsteSeite' is clicked on

2018-03-20 19:59:44 - [TEST_STEP][PASSED] - delay: Delayed 2 second(s)

2018-03-20 19:59:46 - [MESSAGE][PASSED] - Delayed 2 second(s)

2018-03-20 19:59:46 - [TEST_STEP][PASSED] - verifyElementText: Actual text and expected text of test object 'Object Repository/OGRPrototypFiliasuche - DistanzZentralbank/31ErgebnisTest' are matched.

2018-03-20 19:59:46 - [MESSAGE][PASSED] - Actual text and expected text of test object 'Object Repository/OGRPrototypFiliasuche - DistanzZentralbank/31ErgebnisTest' are matched.

2018-03-20 19:59:46 - [TEST_STEP][PASSED] - verifyElementText: Actual text and expected text of test object 'Object Repository/OGRPrototypFiliasuche - DistanzZentralbank/32ErgebnisTest' are matched.

2018-03-20 19:59:46 - [MESSAGE][PASSED] - Actual text and expected text of test object 'Object Repository/OGRPrototypFiliasuche - DistanzZentralbank/32ErgebnisTest' are matched.

2018-03-20 19:59:46 - [TEST_STEP][PASSED] - verifyElementText: Actual text and expected text of test object 'Object Repository/OGRPrototypFiliasuche - DistanzZentralbank/33ErgebnisTest' are matched.

2018-03-20 19:59:46 - [MESSAGE][PASSED] - Actual text and expected text of test object 'Object Repository/OGRPrototypFiliasuche - DistanzZentralbank/33ErgebnisTest' are matched.

2018-03-20 19:59:46 - [TEST_STEP][PASSED] - verifyElementText: Actual text and expected text of test object 'Object Repository/OGRPrototypFiliasuche - DistanzZentralbank/34ErgebnisTest' are matched.

2018-03-20 19:59:46 - [MESSAGE][PASSED] - Actual text and expected text of test object 'Object Repository/OGRPrototypFiliasuche - DistanzZentralbank/34ErgebnisTest' are matched.

2018-03-20 19:59:46 - [TEST_STEP][PASSED] - verifyElementText: Actual text and expected text of test object 'Object Repository/OGRPrototypFiliasuche - DistanzZentralbank/35ErgebnisTest' are matched.

2018-03-20 19:59:46 - [MESSAGE][PASSED] - Actual text and expected text of test object 'Object Repository/OGRPrototypFiliasuche - DistanzZentralbank/35ErgebnisTest' are matched.

2018-03-20 19:59:46 - [TEST_STEP][PASSED] - verifyElementText: Actual text and expected text of test object 'Object Repository/OGRPrototypFiliasuche - DistanzZentralbank/36ErgebnisTest' are matched.

2018-03-20 19:59:46 - [MESSAGE][PASSED] - Actual text and expected text of test object 'Object Repository/OGRPrototypFiliasuche - DistanzZentralbank/36ErgebnisTest' are matched.

2018-03-20 19:59:46 - [TEST_STEP][PASSED] - click: Object: 'Object Repository/naechsteSeite' is clicked on

2018-03-20 19:59:46 - [MESSAGE][PASSED] - Object: 'Object Repository/naechsteSeite' is clicked on

2018-03-20 19:59:46 - [TEST_STEP][PASSED] - delay: Delayed 2 second(s)

2018-03-20 19:59:48 - [MESSAGE][PASSED] - Delayed 2 second(s)

2018-03-20 19:59:48 - [TEST_STEP][PASSED] - verifyElementText: Actual text and expected text of test object 'Object Repository/OGRPrototypFiliasuche - DistanzZentralbank/37ErgebnisTest' are matched.

2018-03-20 19:59:48 - [MESSAGE][PASSED] - Actual text and expected text of test object 'Object Repository/OGRPrototypFiliasuche - DistanzZentralbank/37ErgebnisTest' are matched.

2018-03-20 19:59:48 - [TEST_STEP][PASSED] - verifyElementText: Actual text and expected text of test object 'Object Repository/OGRPrototypFiliasuche - DistanzZentralbank/38ErgebnisTest' are matched.

2018-03-20 19:59:48 - [MESSAGE][PASSED] - Actual text and expected text of test object 'Object Repository/OGRPrototypFiliasuche - DistanzZentralbank/38ErgebnisTest' are matched.

2018-03-20 19:59:48 - [TEST_STEP][PASSED] - verifyElementText: Actual text and expected text of test object 'Object Repository/OGRPrototypFiliasuche - DistanzZentralbank/39ErgebnisTest' are matched.

2018-03-20 19:59:48 - [MESSAGE][PASSED] - Actual text and expected text of test object 'Object Repository/OGRPrototypFiliasuche - DistanzZentralbank/39ErgebnisTest' are matched.

2018-03-20 19:59:48 - [TEST_STEP][PASSED] - verifyElementText: Actual text and expected text of test object 'Object Repository/OGRPrototypFiliasuche - DistanzZentralbank/40ErgebnisTest' are matched.

2018-03-20 19:59:48 - [MESSAGE][PASSED] - Actual text and expected text of test object 'Object Repository/OGRPrototypFiliasuche - DistanzZentralbank/40ErgebnisTest' are matched.

2018-03-20 19:59:48 - [TEST_STEP][PASSED] - verifyElementText: Actual text and expected text of test object 'Object Repository/OGRPrototypFiliasuche - DistanzZentralbank/41ErgebnisTest' are matched.

2018-03-20 19:59:48 - [MESSAGE][PASSED] - Actual text and expected text of test object 'Object Repository/OGRPrototypFiliasuche - DistanzZentralbank/41ErgebnisTest' are matched.

2018-03-20 19:59:48 - [TEST_STEP][PASSED] - verifyElementText: Actual text and expected text of test object 'Object Repository/OGRPrototypFiliasuche - DistanzZentralbank/42ErgebnisTest' are matched.

2018-03-20 19:59:48 - [MESSAGE][PASSED] - Actual text and expected text of test object 'Object Repository/OGRPrototypFiliasuche - DistanzZentralbank/42ErgebnisTest' are matched.

2018-03-20 19:59:48 - [TEST_STEP][PASSED] - click: Object: 'Object Repository/naechsteSeite' is clicked on

2018-03-20 19:59:48 - [MESSAGE][PASSED] - Object: 'Object Repository/naechsteSeite' is clicked on

2018-03-20 19:59:48 - [TEST_STEP][PASSED] - delay: Delayed 2 second(s)

2018-03-20 19:59:50 - [MESSAGE][PASSED] - Delayed 2 second(s)

2018-03-20 19:59:50 - [TEST_STEP][PASSED] - verifyElementText: Actual text and expected text of test object 'Object Repository/OGRPrototypFiliasuche - DistanzZentralbank/43ErgebnisTest' are matched.

2018-03-20 19:59:50 - [MESSAGE][PASSED] - Actual text and expected text of test object 'Object Repository/OGRPrototypFiliasuche - DistanzZentralbank/43ErgebnisTest' are matched.

2018-03-20 19:59:50 - [TEST_STEP][PASSED] - verifyElementText: Actual text and expected text of test object 'Object Repository/OGRPrototypFiliasuche - DistanzZentralbank/44ErgebnisTest' are matched.

2018-03-20 19:59:50 - [MESSAGE][PASSED] - Actual text and expected text of test object 'Object Repository/OGRPrototypFiliasuche - DistanzZentralbank/44ErgebnisTest' are matched.

2018-03-20 19:59:50 - [TEST_STEP][PASSED] - verifyElementText: Actual text and expected text of test object 'Object Repository/OGRPrototypFiliasuche - DistanzZentralbank/45ErgebnisTest' are matched.

2018-03-20 19:59:50 - [MESSAGE][PASSED] - Actual text and expected text of test object 'Object Repository/OGRPrototypFiliasuche - DistanzZentralbank/45ErgebnisTest' are matched.

2018-03-20 19:59:50 - [TEST_STEP][PASSED] - verifyElementText: Actual text and expected text of test object 'Object Repository/OGRPrototypFiliasuche - DistanzZentralbank/46ErgebnisTest' are matched.

2018-03-20 19:59:50 - [MESSAGE][PASSED] - Actual text and expected text of test object 'Object Repository/OGRPrototypFiliasuche - DistanzZentralbank/46ErgebnisTest' are matched.

2018-03-20 19:59:50 - [TEST_STEP][PASSED] - verifyElementText: Actual text and expected text of test object 'Object Repository/OGRPrototypFiliasuche - DistanzZentralbank/47ErgebnisTest' are matched.

2018-03-20 19:59:50 - [MESSAGE][PASSED] - Actual text and expected text of test object 'Object Repository/OGRPrototypFiliasuche - DistanzZentralbank/47ErgebnisTest' are matched.

2018-03-20 19:59:50 - [TEST_STEP][PASSED] - verifyElementText: Actual text and expected text of test object 'Object Repository/OGRPrototypFiliasuche - DistanzZentralbank/48ErgebnisTest' are matched.

2018-03-20 19:59:50 - [MESSAGE][PASSED] - Actual text and expected text of test object 'Object Repository/OGRPrototypFiliasuche - DistanzZentralbank/48ErgebnisTest' are matched.

2018-03-20 19:59:50 - [TEST_STEP][PASSED] - click: Object: 'Object Repository/naechsteSeite' is clicked on

2018-03-20 19:59:50 - [MESSAGE][PASSED] - Object: 'Object Repository/naechsteSeite' is clicked on

2018-03-20 19:59:50 - [TEST_STEP][PASSED] - delay: Delayed 2 second(s)

2018-03-20 19:59:52 - [MESSAGE][PASSED] - Delayed 2 second(s)

2018-03-20 19:59:52 - [TEST_STEP][PASSED] - verifyElementText: Actual text and expected text of test object 'Object Repository/OGRPrototypFiliasuche - DistanzZentralbank/49ErgebnisTest' are matched.

2018-03-20 19:59:52 - [MESSAGE][PASSED] - Actual text and expected text of test object 'Object Repository/OGRPrototypFiliasuche - DistanzZentralbank/49ErgebnisTest' are matched.

2018-03-20 19:59:52 - [TEST_STEP][PASSED] - verifyElementText: Actual text and expected text of test object 'Object Repository/OGRPrototypFiliasuche - DistanzZentralbank/50ErgebnisTest' are matched.

2018-03-20 19:59:52 - [MESSAGE][PASSED] - Actual text and expected text of test object 'Object Repository/OGRPrototypFiliasuche - DistanzZentralbank/50ErgebnisTest' are matched.

2018-03-20 19:59:52 - [TEST_STEP][PASSED] - verifyElementText: Actual text and expected text of test object 'Object Repository/OGRPrototypFiliasuche - DistanzZentralbank/51ErgebnisTest' are matched.

2018-03-20 19:59:53 - [MESSAGE][PASSED] - Actual text and expected text of test object 'Object Repository/OGRPrototypFiliasuche - DistanzZentralbank/51ErgebnisTest' are matched.

2018-03-20 19:59:53 - [TEST_STEP][PASSED] - verifyElementText: Actual text and expected text of test object 'Object Repository/OGRPrototypFiliasuche - DistanzZentralbank/52ErgebnisTest' are matched.

2018-03-20 19:59:53 - [MESSAGE][PASSED] - Actual text and expected text of test object 'Object Repository/OGRPrototypFiliasuche - DistanzZentralbank/52ErgebnisTest' are matched.

2018-03-20 19:59:53 - [TEST_STEP][PASSED] - verifyElementText: Actual text and expected text of test object 'Object Repository/OGRPrototypFiliasuche - DistanzZentralbank/53ErgebnisTest' are matched.

2018-03-20 19:59:53 - [MESSAGE][PASSED] - Actual text and expected text of test object 'Object Repository/OGRPrototypFiliasuche - DistanzZentralbank/53ErgebnisTest' are matched.

2018-03-20 19:59:53 - [TEST_STEP][PASSED] - verifyElementText: Actual text and expected text of test object 'Object Repository/OGRPrototypFiliasuche - DistanzZentralbank/54ErgebnisTest' are matched.

2018-03-20 19:59:53 - [MESSAGE][PASSED] - Actual text and expected text of test object 'Object Repository/OGRPrototypFiliasuche - DistanzZentralbank/54ErgebnisTest' are matched.

2018-03-20 19:59:53 - [TEST_STEP][PASSED] - click: Object: 'Object Repository/naechsteSeite' is clicked on

2018-03-20 19:59:53 - [MESSAGE][PASSED] - Object: 'Object Repository/naechsteSeite' is clicked on

2018-03-20 19:59:53 - [TEST_STEP][PASSED] - delay: Delayed 2 second(s)

2018-03-20 19:59:55 - [MESSAGE][PASSED] - Delayed 2 second(s)

2018-03-20 19:59:55 - [TEST_STEP][PASSED] - verifyElementText: Actual text and expected text of test object 'Object Repository/OGRPrototypFiliasuche - DistanzZentralbank/55ErgebnisTest' are matched.

2018-03-20 19:59:55 - [MESSAGE][PASSED] - Actual text and expected text of test object 'Object Repository/OGRPrototypFiliasuche - DistanzZentralbank/55ErgebnisTest' are matched.

2018-03-20 19:59:55 - [TEST_STEP][PASSED] - verifyElementText: Actual text and expected text of test object 'Object Repository/OGRPrototypFiliasuche - DistanzZentralbank/56ErgebnisTest' are matched.

2018-03-20 19:59:55 - [MESSAGE][PASSED] - Actual text and expected text of test object 'Object Repository/OGRPrototypFiliasuche - DistanzZentralbank/56ErgebnisTest' are matched.

2018-03-20 19:59:55 - [TEST_STEP][PASSED] - verifyElementText: Actual text and expected text of test object 'Object Repository/OGRPrototypFiliasuche - DistanzZentralbank/57ErgebnisTest' are matched.

2018-03-20 19:59:55 - [MESSAGE][PASSED] - Actual text and expected text of test object 'Object Repository/OGRPrototypFiliasuche - DistanzZentralbank/57ErgebnisTest' are matched.

2018-03-20 19:59:55 - [TEST_STEP][PASSED] - verifyElementText: Actual text and expected text of test object 'Object Repository/OGRPrototypFiliasuche - DistanzZentralbank/58ErgebnisTest' are matched.

2018-03-20 19:59:55 - [MESSAGE][PASSED] - Actual text and expected text of test object 'Object Repository/OGRPrototypFiliasuche - DistanzZentralbank/58ErgebnisTest' are matched.

2018-03-20 19:59:55 - [TEST_STEP][PASSED] - verifyElementText: Actual text and expected text of test object 'Object Repository/OGRPrototypFiliasuche - DistanzZentralbank/59ErgebnisTest' are matched.

2018-03-20 19:59:55 - [MESSAGE][PASSED] - Actual text and expected text of test object 'Object Repository/OGRPrototypFiliasuche - DistanzZentralbank/59ErgebnisTest' are matched.

2018-03-20 19:59:55 - [TEST_STEP][PASSED] - verifyElementText: Actual text and expected text of test object 'Object Repository/OGRPrototypFiliasuche - DistanzZentralbank/60ErgebnisTest' are matched.

2018-03-20 19:59:55 - [MESSAGE][PASSED] - Actual text and expected text of test object 'Object Repository/OGRPrototypFiliasuche - DistanzZentralbank/60ErgebnisTest' are matched.

2018-03-20 19:59:55 - [TEST_STEP][PASSED] - click: Object: 'Object Repository/naechsteSeite' is clicked on

2018-03-20 19:59:55 - [MESSAGE][PASSED] - Object: 'Object Repository/naechsteSeite' is clicked on

2018-03-20 19:59:55 - [TEST_STEP][PASSED] - delay: Delayed 2 second(s)

2018-03-20 19:59:57 - [MESSAGE][PASSED] - Delayed 2 second(s)

2018-03-20 19:59:57 - [TEST_STEP][PASSED] - verifyElementText: Actual text and expected text of test object 'Object Repository/OGRPrototypFiliasuche - DistanzZentralbank/61ErgebnisTest' are matched.

2018-03-20 19:59:57 - [MESSAGE][PASSED] - Actual text and expected text of test object 'Object Repository/OGRPrototypFiliasuche - DistanzZentralbank/61ErgebnisTest' are matched.

2018-03-20 19:59:57 - [TEST_STEP][PASSED] - closeBrowser: Browser is closed

2018-03-20 19:59:57 - [MESSAGE][PASSED] - Browser is closed]]></system-out>
         <system-err><![CDATA[]]></system-err>
      </testcase>
      <testcase name="Test Cases/Prototyp_Filialsuche (RC 18)/52_Testfall" classname="Test Cases/Prototyp_Filialsuche (RC 18)/52_Testfall" status="PASSED">
         <system-out><![CDATA[2018-03-20 19:59:57 - [TEST_CASE][PASSED] - Test Cases/Prototyp_Filialsuche (RC 18)/52_Testfall: Test Cases/Prototyp_Filialsuche (RC 18)/52_Testfall

2018-03-20 19:59:57 - [TEST_STEP][PASSED] - openBrowser: Browser is opened with url: ''

2018-03-20 19:59:58 - [MESSAGE][PASSED] - Browser is opened with url: ''

2018-03-20 19:59:58 - [TEST_STEP][PASSED] - maximizeWindow: Current window maximized

2018-03-20 19:59:58 - [MESSAGE][PASSED] - Current window maximized

2018-03-20 19:59:58 - [TEST_STEP][PASSED] - deleteAllCookies: Delete all cookies successfully

2018-03-20 19:59:58 - [MESSAGE][PASSED] - Delete all cookies successfully

2018-03-20 19:59:58 - [TEST_STEP][PASSED] - navigateToUrl: Navigate to 'http://rc-ogrhtmlprototyp.testintern/18-1-0/home-6-filialsuche.html' successfully

2018-03-20 20:00:01 - [MESSAGE][PASSED] - Navigate to 'http://rc-ogrhtmlprototyp.testintern/18-1-0/home-6-filialsuche.html' successfully

2018-03-20 20:00:01 - [TEST_STEP][PASSED] - delay: Delayed 5 second(s)

2018-03-20 20:00:06 - [MESSAGE][PASSED] - Delayed 5 second(s)

2018-03-20 20:00:06 - [TEST_STEP][PASSED] - click: Object: 'Object Repository/OGRPrototypFilialsuche - Kontakt-Box/svg_dropdown-icons' is clicked on

2018-03-20 20:00:06 - [MESSAGE][PASSED] - Object: 'Object Repository/OGRPrototypFilialsuche - Kontakt-Box/svg_dropdown-icons' is clicked on

2018-03-20 20:00:06 - [TEST_STEP][PASSED] - delay: Delayed 2 second(s)

2018-03-20 20:00:08 - [MESSAGE][PASSED] - Delayed 2 second(s)

2018-03-20 20:00:08 - [TEST_STEP][PASSED] - mouseOver: Object: 'Object Repository/Belitz_option' is hovered

2018-03-20 20:00:08 - [MESSAGE][PASSED] - Object: 'Object Repository/Belitz_option' is hovered

2018-03-20 20:00:08 - [TEST_STEP][PASSED] - delay: Delayed 2 second(s)

2018-03-20 20:00:10 - [MESSAGE][PASSED] - Delayed 2 second(s)

2018-03-20 20:00:10 - [TEST_STEP][PASSED] - click: Object: 'Object Repository/Belitz_option' is clicked on

2018-03-20 20:00:10 - [MESSAGE][PASSED] - Object: 'Object Repository/Belitz_option' is clicked on

2018-03-20 20:00:10 - [TEST_STEP][PASSED] - delay: Delayed 4 second(s)

2018-03-20 20:00:14 - [MESSAGE][PASSED] - Delayed 4 second(s)

2018-03-20 20:00:14 - [TEST_STEP][PASSED] - verifyElementText: Actual text and expected text of test object 'Object Repository/OGRPrototypFilialsuche - Kontakt-Box/01ErgebnisText' are matched.

2018-03-20 20:00:16 - [MESSAGE][PASSED] - Actual text and expected text of test object 'Object Repository/OGRPrototypFilialsuche - Kontakt-Box/01ErgebnisText' are matched.

2018-03-20 20:00:16 - [TEST_STEP][PASSED] - verifyElementText: Actual text and expected text of test object 'Object Repository/OGRPrototypFilialsuche - Kontakt-Box/02ErgebnisText' are matched.

2018-03-20 20:00:16 - [MESSAGE][PASSED] - Actual text and expected text of test object 'Object Repository/OGRPrototypFilialsuche - Kontakt-Box/02ErgebnisText' are matched.

2018-03-20 20:00:16 - [TEST_STEP][PASSED] - verifyElementText: Actual text and expected text of test object 'Object Repository/OGRPrototypFilialsuche - Kontakt-Box/03ErgebnisTest' are matched.

2018-03-20 20:00:16 - [MESSAGE][PASSED] - Actual text and expected text of test object 'Object Repository/OGRPrototypFilialsuche - Kontakt-Box/03ErgebnisTest' are matched.

2018-03-20 20:00:16 - [TEST_STEP][PASSED] - verifyElementText: Actual text and expected text of test object 'Object Repository/OGRPrototypFilialsuche - Kontakt-Box/04ErgebnisTest' are matched.

2018-03-20 20:00:16 - [MESSAGE][PASSED] - Actual text and expected text of test object 'Object Repository/OGRPrototypFilialsuche - Kontakt-Box/04ErgebnisTest' are matched.

2018-03-20 20:00:16 - [TEST_STEP][PASSED] - verifyElementText: Actual text and expected text of test object 'Object Repository/OGRPrototypFilialsuche - Kontakt-Box/05ErgebnisTest' are matched.

2018-03-20 20:00:16 - [MESSAGE][PASSED] - Actual text and expected text of test object 'Object Repository/OGRPrototypFilialsuche - Kontakt-Box/05ErgebnisTest' are matched.

2018-03-20 20:00:16 - [TEST_STEP][PASSED] - verifyElementText: Actual text and expected text of test object 'Object Repository/OGRPrototypFilialsuche - Kontakt-Box/06ErgebnisTest' are matched.

2018-03-20 20:00:17 - [MESSAGE][PASSED] - Actual text and expected text of test object 'Object Repository/OGRPrototypFilialsuche - Kontakt-Box/06ErgebnisTest' are matched.

2018-03-20 20:00:17 - [TEST_STEP][PASSED] - click: Object: 'Object Repository/naechsteSeite' is clicked on

2018-03-20 20:00:17 - [MESSAGE][PASSED] - Object: 'Object Repository/naechsteSeite' is clicked on

2018-03-20 20:00:17 - [TEST_STEP][PASSED] - verifyElementText: Actual text and expected text of test object 'Object Repository/OGRPrototypFilialsuche - Kontakt-Box/07ErgebnisTest' are matched.

2018-03-20 20:00:17 - [MESSAGE][PASSED] - Actual text and expected text of test object 'Object Repository/OGRPrototypFilialsuche - Kontakt-Box/07ErgebnisTest' are matched.

2018-03-20 20:00:17 - [TEST_STEP][PASSED] - verifyElementText: Actual text and expected text of test object 'Object Repository/OGRPrototypFilialsuche - Kontakt-Box/08ErgebnisTest' are matched.

2018-03-20 20:00:17 - [MESSAGE][PASSED] - Actual text and expected text of test object 'Object Repository/OGRPrototypFilialsuche - Kontakt-Box/08ErgebnisTest' are matched.

2018-03-20 20:00:17 - [TEST_STEP][PASSED] - verifyElementText: Actual text and expected text of test object 'Object Repository/OGRPrototypFilialsuche - Kontakt-Box/09ErgebnisTest' are matched.

2018-03-20 20:00:17 - [MESSAGE][PASSED] - Actual text and expected text of test object 'Object Repository/OGRPrototypFilialsuche - Kontakt-Box/09ErgebnisTest' are matched.

2018-03-20 20:00:17 - [TEST_STEP][PASSED] - verifyElementText: Actual text and expected text of test object 'Object Repository/OGRPrototypFilialsuche - Kontakt-Box/10ErgebnisTest' are matched.

2018-03-20 20:00:17 - [MESSAGE][PASSED] - Actual text and expected text of test object 'Object Repository/OGRPrototypFilialsuche - Kontakt-Box/10ErgebnisTest' are matched.

2018-03-20 20:00:17 - [TEST_STEP][PASSED] - verifyElementText: Actual text and expected text of test object 'Object Repository/OGRPrototypFilialsuche - Kontakt-Box/11ErgebnisTest' are matched.

2018-03-20 20:00:17 - [MESSAGE][PASSED] - Actual text and expected text of test object 'Object Repository/OGRPrototypFilialsuche - Kontakt-Box/11ErgebnisTest' are matched.

2018-03-20 20:00:17 - [TEST_STEP][PASSED] - verifyElementText: Actual text and expected text of test object 'Object Repository/OGRPrototypFilialsuche - Kontakt-Box/12ErgebnisTest' are matched.

2018-03-20 20:00:17 - [MESSAGE][PASSED] - Actual text and expected text of test object 'Object Repository/OGRPrototypFilialsuche - Kontakt-Box/12ErgebnisTest' are matched.

2018-03-20 20:00:17 - [TEST_STEP][PASSED] - click: Object: 'Object Repository/naechsteSeite' is clicked on

2018-03-20 20:00:17 - [MESSAGE][PASSED] - Object: 'Object Repository/naechsteSeite' is clicked on

2018-03-20 20:00:17 - [TEST_STEP][PASSED] - verifyElementText: Actual text and expected text of test object 'Object Repository/OGRPrototypFilialsuche - Kontakt-Box/13ErgebnisTest' are matched.

2018-03-20 20:00:17 - [MESSAGE][PASSED] - Actual text and expected text of test object 'Object Repository/OGRPrototypFilialsuche - Kontakt-Box/13ErgebnisTest' are matched.

2018-03-20 20:00:17 - [TEST_STEP][PASSED] - verifyElementText: Actual text and expected text of test object 'Object Repository/OGRPrototypFilialsuche - Kontakt-Box/14ErgebnisTest' are matched.

2018-03-20 20:00:17 - [MESSAGE][PASSED] - Actual text and expected text of test object 'Object Repository/OGRPrototypFilialsuche - Kontakt-Box/14ErgebnisTest' are matched.

2018-03-20 20:00:17 - [TEST_STEP][PASSED] - verifyElementText: Actual text and expected text of test object 'Object Repository/OGRPrototypFilialsuche - Kontakt-Box/15ErgebnisTest' are matched.

2018-03-20 20:00:17 - [MESSAGE][PASSED] - Actual text and expected text of test object 'Object Repository/OGRPrototypFilialsuche - Kontakt-Box/15ErgebnisTest' are matched.

2018-03-20 20:00:17 - [TEST_STEP][PASSED] - verifyElementText: Actual text and expected text of test object 'Object Repository/OGRPrototypFilialsuche - Kontakt-Box/16ErgebnisTest' are matched.

2018-03-20 20:00:17 - [MESSAGE][PASSED] - Actual text and expected text of test object 'Object Repository/OGRPrototypFilialsuche - Kontakt-Box/16ErgebnisTest' are matched.

2018-03-20 20:00:17 - [TEST_STEP][PASSED] - verifyElementText: Actual text and expected text of test object 'Object Repository/OGRPrototypFilialsuche - Kontakt-Box/17ErgebnisTest' are matched.

2018-03-20 20:00:17 - [MESSAGE][PASSED] - Actual text and expected text of test object 'Object Repository/OGRPrototypFilialsuche - Kontakt-Box/17ErgebnisTest' are matched.

2018-03-20 20:00:17 - [TEST_STEP][PASSED] - verifyElementText: Actual text and expected text of test object 'Object Repository/OGRPrototypFilialsuche - Kontakt-Box/18ErgebnisTest' are matched.

2018-03-20 20:00:17 - [MESSAGE][PASSED] - Actual text and expected text of test object 'Object Repository/OGRPrototypFilialsuche - Kontakt-Box/18ErgebnisTest' are matched.

2018-03-20 20:00:17 - [TEST_STEP][PASSED] - click: Object: 'Object Repository/naechsteSeite' is clicked on

2018-03-20 20:00:17 - [MESSAGE][PASSED] - Object: 'Object Repository/naechsteSeite' is clicked on

2018-03-20 20:00:17 - [TEST_STEP][PASSED] - verifyElementText: Actual text and expected text of test object 'Object Repository/OGRPrototypFilialsuche - Kontakt-Box/19ErgebnisTest' are matched.

2018-03-20 20:00:17 - [MESSAGE][PASSED] - Actual text and expected text of test object 'Object Repository/OGRPrototypFilialsuche - Kontakt-Box/19ErgebnisTest' are matched.

2018-03-20 20:00:17 - [TEST_STEP][PASSED] - verifyElementText: Actual text and expected text of test object 'Object Repository/OGRPrototypFilialsuche - Kontakt-Box/20ErgebnisTest' are matched.

2018-03-20 20:00:17 - [MESSAGE][PASSED] - Actual text and expected text of test object 'Object Repository/OGRPrototypFilialsuche - Kontakt-Box/20ErgebnisTest' are matched.

2018-03-20 20:00:17 - [TEST_STEP][PASSED] - verifyElementText: Actual text and expected text of test object 'Object Repository/OGRPrototypFilialsuche - Kontakt-Box/21ErgebnisTest' are matched.

2018-03-20 20:00:17 - [MESSAGE][PASSED] - Actual text and expected text of test object 'Object Repository/OGRPrototypFilialsuche - Kontakt-Box/21ErgebnisTest' are matched.

2018-03-20 20:00:17 - [TEST_STEP][PASSED] - verifyElementText: Actual text and expected text of test object 'Object Repository/OGRPrototypFilialsuche - Kontakt-Box/22ErgebnisTest' are matched.

2018-03-20 20:00:17 - [MESSAGE][PASSED] - Actual text and expected text of test object 'Object Repository/OGRPrototypFilialsuche - Kontakt-Box/22ErgebnisTest' are matched.

2018-03-20 20:00:17 - [TEST_STEP][PASSED] - verifyElementText: Actual text and expected text of test object 'Object Repository/OGRPrototypFilialsuche - Kontakt-Box/23ErgebnisTest' are matched.

2018-03-20 20:00:17 - [MESSAGE][PASSED] - Actual text and expected text of test object 'Object Repository/OGRPrototypFilialsuche - Kontakt-Box/23ErgebnisTest' are matched.

2018-03-20 20:00:17 - [TEST_STEP][PASSED] - verifyElementText: Actual text and expected text of test object 'Object Repository/OGRPrototypFilialsuche - Kontakt-Box/24ErgebnisTest' are matched.

2018-03-20 20:00:17 - [MESSAGE][PASSED] - Actual text and expected text of test object 'Object Repository/OGRPrototypFilialsuche - Kontakt-Box/24ErgebnisTest' are matched.

2018-03-20 20:00:17 - [TEST_STEP][PASSED] - click: Object: 'Object Repository/naechsteSeite' is clicked on

2018-03-20 20:00:17 - [MESSAGE][PASSED] - Object: 'Object Repository/naechsteSeite' is clicked on

2018-03-20 20:00:17 - [TEST_STEP][PASSED] - verifyElementText: Actual text and expected text of test object 'Object Repository/OGRPrototypFilialsuche - Kontakt-Box/25ErgebnisTest' are matched.

2018-03-20 20:00:17 - [MESSAGE][PASSED] - Actual text and expected text of test object 'Object Repository/OGRPrototypFilialsuche - Kontakt-Box/25ErgebnisTest' are matched.

2018-03-20 20:00:17 - [TEST_STEP][PASSED] - verifyElementText: Actual text and expected text of test object 'Object Repository/OGRPrototypFilialsuche - Kontakt-Box/26ErgebnisTest' are matched.

2018-03-20 20:00:17 - [MESSAGE][PASSED] - Actual text and expected text of test object 'Object Repository/OGRPrototypFilialsuche - Kontakt-Box/26ErgebnisTest' are matched.

2018-03-20 20:00:17 - [TEST_STEP][PASSED] - verifyElementText: Actual text and expected text of test object 'Object Repository/OGRPrototypFilialsuche - Kontakt-Box/27ErgebnisTest' are matched.

2018-03-20 20:00:17 - [MESSAGE][PASSED] - Actual text and expected text of test object 'Object Repository/OGRPrototypFilialsuche - Kontakt-Box/27ErgebnisTest' are matched.

2018-03-20 20:00:17 - [TEST_STEP][PASSED] - verifyElementText: Actual text and expected text of test object 'Object Repository/OGRPrototypFilialsuche - Kontakt-Box/28ErgebnisTest' are matched.

2018-03-20 20:00:17 - [MESSAGE][PASSED] - Actual text and expected text of test object 'Object Repository/OGRPrototypFilialsuche - Kontakt-Box/28ErgebnisTest' are matched.

2018-03-20 20:00:17 - [TEST_STEP][PASSED] - verifyElementText: Actual text and expected text of test object 'Object Repository/OGRPrototypFilialsuche - Kontakt-Box/29ErgebnisTest' are matched.

2018-03-20 20:00:17 - [MESSAGE][PASSED] - Actual text and expected text of test object 'Object Repository/OGRPrototypFilialsuche - Kontakt-Box/29ErgebnisTest' are matched.

2018-03-20 20:00:17 - [TEST_STEP][PASSED] - verifyElementText: Actual text and expected text of test object 'Object Repository/OGRPrototypFilialsuche - Kontakt-Box/30ErgebnisTest' are matched.

2018-03-20 20:00:17 - [MESSAGE][PASSED] - Actual text and expected text of test object 'Object Repository/OGRPrototypFilialsuche - Kontakt-Box/30ErgebnisTest' are matched.

2018-03-20 20:00:17 - [TEST_STEP][PASSED] - click: Object: 'Object Repository/naechsteSeite' is clicked on

2018-03-20 20:00:17 - [MESSAGE][PASSED] - Object: 'Object Repository/naechsteSeite' is clicked on

2018-03-20 20:00:17 - [TEST_STEP][PASSED] - verifyElementText: Actual text and expected text of test object 'Object Repository/OGRPrototypFilialsuche - Kontakt-Box/31ErgebnisTest' are matched.

2018-03-20 20:00:17 - [MESSAGE][PASSED] - Actual text and expected text of test object 'Object Repository/OGRPrototypFilialsuche - Kontakt-Box/31ErgebnisTest' are matched.

2018-03-20 20:00:17 - [TEST_STEP][PASSED] - verifyElementText: Actual text and expected text of test object 'Object Repository/OGRPrototypFilialsuche - Kontakt-Box/32ErgebnisTest' are matched.

2018-03-20 20:00:17 - [MESSAGE][PASSED] - Actual text and expected text of test object 'Object Repository/OGRPrototypFilialsuche - Kontakt-Box/32ErgebnisTest' are matched.

2018-03-20 20:00:17 - [TEST_STEP][PASSED] - verifyElementText: Actual text and expected text of test object 'Object Repository/OGRPrototypFilialsuche - Kontakt-Box/33ErgebnisTest' are matched.

2018-03-20 20:00:17 - [MESSAGE][PASSED] - Actual text and expected text of test object 'Object Repository/OGRPrototypFilialsuche - Kontakt-Box/33ErgebnisTest' are matched.

2018-03-20 20:00:17 - [TEST_STEP][PASSED] - verifyElementText: Actual text and expected text of test object 'Object Repository/OGRPrototypFilialsuche - Kontakt-Box/34ErgebnisTest' are matched.

2018-03-20 20:00:18 - [MESSAGE][PASSED] - Actual text and expected text of test object 'Object Repository/OGRPrototypFilialsuche - Kontakt-Box/34ErgebnisTest' are matched.

2018-03-20 20:00:18 - [TEST_STEP][PASSED] - verifyElementText: Actual text and expected text of test object 'Object Repository/OGRPrototypFilialsuche - Kontakt-Box/35ErgebnisTest' are matched.

2018-03-20 20:00:18 - [MESSAGE][PASSED] - Actual text and expected text of test object 'Object Repository/OGRPrototypFilialsuche - Kontakt-Box/35ErgebnisTest' are matched.

2018-03-20 20:00:18 - [TEST_STEP][PASSED] - verifyElementText: Actual text and expected text of test object 'Object Repository/OGRPrototypFilialsuche - Kontakt-Box/36ErgebnisTest' are matched.

2018-03-20 20:00:18 - [MESSAGE][PASSED] - Actual text and expected text of test object 'Object Repository/OGRPrototypFilialsuche - Kontakt-Box/36ErgebnisTest' are matched.

2018-03-20 20:00:18 - [TEST_STEP][PASSED] - click: Object: 'Object Repository/naechsteSeite' is clicked on

2018-03-20 20:00:18 - [MESSAGE][PASSED] - Object: 'Object Repository/naechsteSeite' is clicked on

2018-03-20 20:00:18 - [TEST_STEP][PASSED] - verifyElementText: Actual text and expected text of test object 'Object Repository/OGRPrototypFilialsuche - Kontakt-Box/37ErgebnisTest' are matched.

2018-03-20 20:00:18 - [MESSAGE][PASSED] - Actual text and expected text of test object 'Object Repository/OGRPrototypFilialsuche - Kontakt-Box/37ErgebnisTest' are matched.

2018-03-20 20:00:18 - [TEST_STEP][PASSED] - closeBrowser: Browser is closed

2018-03-20 20:00:18 - [MESSAGE][PASSED] - Browser is closed]]></system-out>
         <system-err><![CDATA[]]></system-err>
      </testcase>
      <testcase name="Test Cases/Prototyp_Filialsuche (RC 18)/53_Testfall" classname="Test Cases/Prototyp_Filialsuche (RC 18)/53_Testfall" status="PASSED">
         <system-out><![CDATA[2018-03-20 20:00:18 - [TEST_CASE][PASSED] - Test Cases/Prototyp_Filialsuche (RC 18)/53_Testfall: Test Cases/Prototyp_Filialsuche (RC 18)/53_Testfall

2018-03-20 20:00:18 - [TEST_STEP][PASSED] - openBrowser: Browser is opened with url: ''

2018-03-20 20:00:19 - [MESSAGE][PASSED] - Browser is opened with url: ''

2018-03-20 20:00:19 - [TEST_STEP][PASSED] - maximizeWindow: Current window maximized

2018-03-20 20:00:19 - [MESSAGE][PASSED] - Current window maximized

2018-03-20 20:00:19 - [TEST_STEP][PASSED] - deleteAllCookies: Delete all cookies successfully

2018-03-20 20:00:19 - [MESSAGE][PASSED] - Delete all cookies successfully

2018-03-20 20:00:19 - [TEST_STEP][PASSED] - navigateToUrl: Navigate to 'http://rc-ogrhtmlprototyp.testintern/18-1-0/detail.html' successfully

2018-03-20 20:00:26 - [MESSAGE][PASSED] - Navigate to 'http://rc-ogrhtmlprototyp.testintern/18-1-0/detail.html' successfully

2018-03-20 20:00:26 - [TEST_STEP][PASSED] - delay: Delayed 5 second(s)

2018-03-20 20:00:31 - [MESSAGE][PASSED] - Delayed 5 second(s)

2018-03-20 20:00:31 - [TEST_STEP][PASSED] - click: Object: 'Object Repository/OGRPrototypFilialsuche - Marginalspalte/svg_dropdown-icons' is clicked on

2018-03-20 20:00:31 - [MESSAGE][PASSED] - Object: 'Object Repository/OGRPrototypFilialsuche - Marginalspalte/svg_dropdown-icons' is clicked on

2018-03-20 20:00:31 - [TEST_STEP][PASSED] - delay: Delayed 2 second(s)

2018-03-20 20:00:33 - [MESSAGE][PASSED] - Delayed 2 second(s)

2018-03-20 20:00:33 - [TEST_STEP][PASSED] - mouseOver: Object: 'Object Repository/Belitz_option' is hovered

2018-03-20 20:00:33 - [MESSAGE][PASSED] - Object: 'Object Repository/Belitz_option' is hovered

2018-03-20 20:00:33 - [TEST_STEP][PASSED] - delay: Delayed 2 second(s)

2018-03-20 20:00:35 - [MESSAGE][PASSED] - Delayed 2 second(s)

2018-03-20 20:00:35 - [TEST_STEP][PASSED] - click: Object: 'Object Repository/Belitz_option' is clicked on

2018-03-20 20:00:35 - [MESSAGE][PASSED] - Object: 'Object Repository/Belitz_option' is clicked on

2018-03-20 20:00:35 - [TEST_STEP][PASSED] - delay: Delayed 5 second(s)

2018-03-20 20:00:40 - [MESSAGE][PASSED] - Delayed 5 second(s)

2018-03-20 20:00:40 - [TEST_STEP][PASSED] - verifyElementText: Actual text and expected text of test object 'Object Repository/OGRPrototypFilialsuche - Marginalspalte/01ErgebnisText' are matched.

2018-03-20 20:00:40 - [MESSAGE][PASSED] - Actual text and expected text of test object 'Object Repository/OGRPrototypFilialsuche - Marginalspalte/01ErgebnisText' are matched.

2018-03-20 20:00:40 - [TEST_STEP][PASSED] - verifyElementText: Actual text and expected text of test object 'Object Repository/OGRPrototypFilialsuche - Marginalspalte/02ErgebnisText' are matched.

2018-03-20 20:00:40 - [MESSAGE][PASSED] - Actual text and expected text of test object 'Object Repository/OGRPrototypFilialsuche - Marginalspalte/02ErgebnisText' are matched.

2018-03-20 20:00:40 - [TEST_STEP][PASSED] - verifyElementText: Actual text and expected text of test object 'Object Repository/OGRPrototypFilialsuche - Marginalspalte/03ErgebnisTest' are matched.

2018-03-20 20:00:40 - [MESSAGE][PASSED] - Actual text and expected text of test object 'Object Repository/OGRPrototypFilialsuche - Marginalspalte/03ErgebnisTest' are matched.

2018-03-20 20:00:40 - [TEST_STEP][PASSED] - verifyElementText: Actual text and expected text of test object 'Object Repository/OGRPrototypFilialsuche - Marginalspalte/04ErgebnisTest' are matched.

2018-03-20 20:00:40 - [MESSAGE][PASSED] - Actual text and expected text of test object 'Object Repository/OGRPrototypFilialsuche - Marginalspalte/04ErgebnisTest' are matched.

2018-03-20 20:00:40 - [TEST_STEP][PASSED] - verifyElementText: Actual text and expected text of test object 'Object Repository/OGRPrototypFilialsuche - Marginalspalte/05ErgebnisTest' are matched.

2018-03-20 20:00:40 - [MESSAGE][PASSED] - Actual text and expected text of test object 'Object Repository/OGRPrototypFilialsuche - Marginalspalte/05ErgebnisTest' are matched.

2018-03-20 20:00:40 - [TEST_STEP][PASSED] - verifyElementText: Actual text and expected text of test object 'Object Repository/OGRPrototypFilialsuche - Marginalspalte/06ErgebnisTest' are matched.

2018-03-20 20:00:40 - [MESSAGE][PASSED] - Actual text and expected text of test object 'Object Repository/OGRPrototypFilialsuche - Marginalspalte/06ErgebnisTest' are matched.

2018-03-20 20:00:40 - [TEST_STEP][PASSED] - click: Object: 'Object Repository/naechsteSeite' is clicked on

2018-03-20 20:00:40 - [MESSAGE][PASSED] - Object: 'Object Repository/naechsteSeite' is clicked on

2018-03-20 20:00:40 - [TEST_STEP][PASSED] - verifyElementText: Actual text and expected text of test object 'Object Repository/OGRPrototypFilialsuche - Marginalspalte/07ErgebnisTest' are matched.

2018-03-20 20:00:40 - [MESSAGE][PASSED] - Actual text and expected text of test object 'Object Repository/OGRPrototypFilialsuche - Marginalspalte/07ErgebnisTest' are matched.

2018-03-20 20:00:40 - [TEST_STEP][PASSED] - verifyElementText: Actual text and expected text of test object 'Object Repository/OGRPrototypFilialsuche - Marginalspalte/08ErgebnisTest' are matched.

2018-03-20 20:00:40 - [MESSAGE][PASSED] - Actual text and expected text of test object 'Object Repository/OGRPrototypFilialsuche - Marginalspalte/08ErgebnisTest' are matched.

2018-03-20 20:00:40 - [TEST_STEP][PASSED] - verifyElementText: Actual text and expected text of test object 'Object Repository/OGRPrototypFilialsuche - Marginalspalte/09ErgebnisTest' are matched.

2018-03-20 20:00:40 - [MESSAGE][PASSED] - Actual text and expected text of test object 'Object Repository/OGRPrototypFilialsuche - Marginalspalte/09ErgebnisTest' are matched.

2018-03-20 20:00:40 - [TEST_STEP][PASSED] - verifyElementText: Actual text and expected text of test object 'Object Repository/OGRPrototypFilialsuche - Marginalspalte/10ErgebnisTest' are matched.

2018-03-20 20:00:40 - [MESSAGE][PASSED] - Actual text and expected text of test object 'Object Repository/OGRPrototypFilialsuche - Marginalspalte/10ErgebnisTest' are matched.

2018-03-20 20:00:40 - [TEST_STEP][PASSED] - verifyElementText: Actual text and expected text of test object 'Object Repository/OGRPrototypFilialsuche - Marginalspalte/11ErgebnisTest' are matched.

2018-03-20 20:00:40 - [MESSAGE][PASSED] - Actual text and expected text of test object 'Object Repository/OGRPrototypFilialsuche - Marginalspalte/11ErgebnisTest' are matched.

2018-03-20 20:00:40 - [TEST_STEP][PASSED] - verifyElementText: Actual text and expected text of test object 'Object Repository/OGRPrototypFilialsuche - Marginalspalte/12ErgebnisTest' are matched.

2018-03-20 20:00:40 - [MESSAGE][PASSED] - Actual text and expected text of test object 'Object Repository/OGRPrototypFilialsuche - Marginalspalte/12ErgebnisTest' are matched.

2018-03-20 20:00:40 - [TEST_STEP][PASSED] - click: Object: 'Object Repository/naechsteSeite' is clicked on

2018-03-20 20:00:40 - [MESSAGE][PASSED] - Object: 'Object Repository/naechsteSeite' is clicked on

2018-03-20 20:00:40 - [TEST_STEP][PASSED] - verifyElementText: Actual text and expected text of test object 'Object Repository/OGRPrototypFilialsuche - Marginalspalte/13ErgebnisTest' are matched.

2018-03-20 20:00:40 - [MESSAGE][PASSED] - Actual text and expected text of test object 'Object Repository/OGRPrototypFilialsuche - Marginalspalte/13ErgebnisTest' are matched.

2018-03-20 20:00:40 - [TEST_STEP][PASSED] - verifyElementText: Actual text and expected text of test object 'Object Repository/OGRPrototypFilialsuche - Marginalspalte/14ErgebnisTest' are matched.

2018-03-20 20:00:40 - [MESSAGE][PASSED] - Actual text and expected text of test object 'Object Repository/OGRPrototypFilialsuche - Marginalspalte/14ErgebnisTest' are matched.

2018-03-20 20:00:40 - [TEST_STEP][PASSED] - verifyElementText: Actual text and expected text of test object 'Object Repository/OGRPrototypFilialsuche - Marginalspalte/15ErgebnisTest' are matched.

2018-03-20 20:00:41 - [MESSAGE][PASSED] - Actual text and expected text of test object 'Object Repository/OGRPrototypFilialsuche - Marginalspalte/15ErgebnisTest' are matched.

2018-03-20 20:00:41 - [TEST_STEP][PASSED] - verifyElementText: Actual text and expected text of test object 'Object Repository/OGRPrototypFilialsuche - Marginalspalte/16ErgebnisTest' are matched.

2018-03-20 20:00:41 - [MESSAGE][PASSED] - Actual text and expected text of test object 'Object Repository/OGRPrototypFilialsuche - Marginalspalte/16ErgebnisTest' are matched.

2018-03-20 20:00:41 - [TEST_STEP][PASSED] - verifyElementText: Actual text and expected text of test object 'Object Repository/OGRPrototypFilialsuche - Marginalspalte/17ErgebnisTest' are matched.

2018-03-20 20:00:41 - [MESSAGE][PASSED] - Actual text and expected text of test object 'Object Repository/OGRPrototypFilialsuche - Marginalspalte/17ErgebnisTest' are matched.

2018-03-20 20:00:41 - [TEST_STEP][PASSED] - verifyElementText: Actual text and expected text of test object 'Object Repository/OGRPrototypFilialsuche - Marginalspalte/18ErgebnisTest' are matched.

2018-03-20 20:00:41 - [MESSAGE][PASSED] - Actual text and expected text of test object 'Object Repository/OGRPrototypFilialsuche - Marginalspalte/18ErgebnisTest' are matched.

2018-03-20 20:00:41 - [TEST_STEP][PASSED] - click: Object: 'Object Repository/naechsteSeite' is clicked on

2018-03-20 20:00:41 - [MESSAGE][PASSED] - Object: 'Object Repository/naechsteSeite' is clicked on

2018-03-20 20:00:41 - [TEST_STEP][PASSED] - verifyElementText: Actual text and expected text of test object 'Object Repository/OGRPrototypFilialsuche - Marginalspalte/19ErgebnisTest' are matched.

2018-03-20 20:00:41 - [MESSAGE][PASSED] - Actual text and expected text of test object 'Object Repository/OGRPrototypFilialsuche - Marginalspalte/19ErgebnisTest' are matched.

2018-03-20 20:00:41 - [TEST_STEP][PASSED] - verifyElementText: Actual text and expected text of test object 'Object Repository/OGRPrototypFilialsuche - Marginalspalte/20ErgebnisTest' are matched.

2018-03-20 20:00:41 - [MESSAGE][PASSED] - Actual text and expected text of test object 'Object Repository/OGRPrototypFilialsuche - Marginalspalte/20ErgebnisTest' are matched.

2018-03-20 20:00:41 - [TEST_STEP][PASSED] - verifyElementText: Actual text and expected text of test object 'Object Repository/OGRPrototypFilialsuche - Marginalspalte/21ErgebnisTest' are matched.

2018-03-20 20:00:41 - [MESSAGE][PASSED] - Actual text and expected text of test object 'Object Repository/OGRPrototypFilialsuche - Marginalspalte/21ErgebnisTest' are matched.

2018-03-20 20:00:41 - [TEST_STEP][PASSED] - verifyElementText: Actual text and expected text of test object 'Object Repository/OGRPrototypFilialsuche - Marginalspalte/22ErgebnisTest' are matched.

2018-03-20 20:00:41 - [MESSAGE][PASSED] - Actual text and expected text of test object 'Object Repository/OGRPrototypFilialsuche - Marginalspalte/22ErgebnisTest' are matched.

2018-03-20 20:00:41 - [TEST_STEP][PASSED] - verifyElementText: Actual text and expected text of test object 'Object Repository/OGRPrototypFilialsuche - Marginalspalte/23ErgebnisTest' are matched.

2018-03-20 20:00:41 - [MESSAGE][PASSED] - Actual text and expected text of test object 'Object Repository/OGRPrototypFilialsuche - Marginalspalte/23ErgebnisTest' are matched.

2018-03-20 20:00:41 - [TEST_STEP][PASSED] - verifyElementText: Actual text and expected text of test object 'Object Repository/OGRPrototypFilialsuche - Marginalspalte/24ErgebnisTest' are matched.

2018-03-20 20:00:41 - [MESSAGE][PASSED] - Actual text and expected text of test object 'Object Repository/OGRPrototypFilialsuche - Marginalspalte/24ErgebnisTest' are matched.

2018-03-20 20:00:41 - [TEST_STEP][PASSED] - click: Object: 'Object Repository/naechsteSeite' is clicked on

2018-03-20 20:00:41 - [MESSAGE][PASSED] - Object: 'Object Repository/naechsteSeite' is clicked on

2018-03-20 20:00:41 - [TEST_STEP][PASSED] - verifyElementText: Actual text and expected text of test object 'Object Repository/OGRPrototypFilialsuche - Marginalspalte/25ErgebnisTest' are matched.

2018-03-20 20:00:41 - [MESSAGE][PASSED] - Actual text and expected text of test object 'Object Repository/OGRPrototypFilialsuche - Marginalspalte/25ErgebnisTest' are matched.

2018-03-20 20:00:41 - [TEST_STEP][PASSED] - verifyElementText: Actual text and expected text of test object 'Object Repository/OGRPrototypFilialsuche - Marginalspalte/26ErgebnisTest' are matched.

2018-03-20 20:00:41 - [MESSAGE][PASSED] - Actual text and expected text of test object 'Object Repository/OGRPrototypFilialsuche - Marginalspalte/26ErgebnisTest' are matched.

2018-03-20 20:00:41 - [TEST_STEP][PASSED] - verifyElementText: Actual text and expected text of test object 'Object Repository/OGRPrototypFilialsuche - Marginalspalte/27ErgebnisTest' are matched.

2018-03-20 20:00:41 - [MESSAGE][PASSED] - Actual text and expected text of test object 'Object Repository/OGRPrototypFilialsuche - Marginalspalte/27ErgebnisTest' are matched.

2018-03-20 20:00:41 - [TEST_STEP][PASSED] - verifyElementText: Actual text and expected text of test object 'Object Repository/OGRPrototypFilialsuche - Marginalspalte/28ErgebnisTest' are matched.

2018-03-20 20:00:41 - [MESSAGE][PASSED] - Actual text and expected text of test object 'Object Repository/OGRPrototypFilialsuche - Marginalspalte/28ErgebnisTest' are matched.

2018-03-20 20:00:41 - [TEST_STEP][PASSED] - verifyElementText: Actual text and expected text of test object 'Object Repository/OGRPrototypFilialsuche - Marginalspalte/29ErgebnisTest' are matched.

2018-03-20 20:00:41 - [MESSAGE][PASSED] - Actual text and expected text of test object 'Object Repository/OGRPrototypFilialsuche - Marginalspalte/29ErgebnisTest' are matched.

2018-03-20 20:00:41 - [TEST_STEP][PASSED] - verifyElementText: Actual text and expected text of test object 'Object Repository/OGRPrototypFilialsuche - Marginalspalte/30ErgebnisTest' are matched.

2018-03-20 20:00:41 - [MESSAGE][PASSED] - Actual text and expected text of test object 'Object Repository/OGRPrototypFilialsuche - Marginalspalte/30ErgebnisTest' are matched.

2018-03-20 20:00:41 - [TEST_STEP][PASSED] - click: Object: 'Object Repository/naechsteSeite' is clicked on

2018-03-20 20:00:41 - [MESSAGE][PASSED] - Object: 'Object Repository/naechsteSeite' is clicked on

2018-03-20 20:00:41 - [TEST_STEP][PASSED] - verifyElementText: Actual text and expected text of test object 'Object Repository/OGRPrototypFilialsuche - Marginalspalte/31ErgebnisTest' are matched.

2018-03-20 20:00:41 - [MESSAGE][PASSED] - Actual text and expected text of test object 'Object Repository/OGRPrototypFilialsuche - Marginalspalte/31ErgebnisTest' are matched.

2018-03-20 20:00:41 - [TEST_STEP][PASSED] - verifyElementText: Actual text and expected text of test object 'Object Repository/OGRPrototypFilialsuche - Marginalspalte/32ErgebnisTest' are matched.

2018-03-20 20:00:41 - [MESSAGE][PASSED] - Actual text and expected text of test object 'Object Repository/OGRPrototypFilialsuche - Marginalspalte/32ErgebnisTest' are matched.

2018-03-20 20:00:41 - [TEST_STEP][PASSED] - verifyElementText: Actual text and expected text of test object 'Object Repository/OGRPrototypFilialsuche - Marginalspalte/33ErgebnisTest' are matched.

2018-03-20 20:00:41 - [MESSAGE][PASSED] - Actual text and expected text of test object 'Object Repository/OGRPrototypFilialsuche - Marginalspalte/33ErgebnisTest' are matched.

2018-03-20 20:00:41 - [TEST_STEP][PASSED] - verifyElementText: Actual text and expected text of test object 'Object Repository/OGRPrototypFilialsuche - Marginalspalte/34ErgebnisTest' are matched.

2018-03-20 20:00:41 - [MESSAGE][PASSED] - Actual text and expected text of test object 'Object Repository/OGRPrototypFilialsuche - Marginalspalte/34ErgebnisTest' are matched.

2018-03-20 20:00:41 - [TEST_STEP][PASSED] - verifyElementText: Actual text and expected text of test object 'Object Repository/OGRPrototypFilialsuche - Marginalspalte/35ErgebnisTest' are matched.

2018-03-20 20:00:41 - [MESSAGE][PASSED] - Actual text and expected text of test object 'Object Repository/OGRPrototypFilialsuche - Marginalspalte/35ErgebnisTest' are matched.

2018-03-20 20:00:41 - [TEST_STEP][PASSED] - verifyElementText: Actual text and expected text of test object 'Object Repository/OGRPrototypFilialsuche - Marginalspalte/36ErgebnisTest' are matched.

2018-03-20 20:00:41 - [MESSAGE][PASSED] - Actual text and expected text of test object 'Object Repository/OGRPrototypFilialsuche - Marginalspalte/36ErgebnisTest' are matched.

2018-03-20 20:00:41 - [TEST_STEP][PASSED] - click: Object: 'Object Repository/naechsteSeite' is clicked on

2018-03-20 20:00:41 - [MESSAGE][PASSED] - Object: 'Object Repository/naechsteSeite' is clicked on

2018-03-20 20:00:41 - [TEST_STEP][PASSED] - verifyElementText: Actual text and expected text of test object 'Object Repository/OGRPrototypFilialsuche - Marginalspalte/37ErgebnisTest' are matched.

2018-03-20 20:00:41 - [MESSAGE][PASSED] - Actual text and expected text of test object 'Object Repository/OGRPrototypFilialsuche - Marginalspalte/37ErgebnisTest' are matched.

2018-03-20 20:00:41 - [TEST_STEP][PASSED] - closeBrowser: Browser is closed

2018-03-20 20:00:41 - [MESSAGE][PASSED] - Browser is closed]]></system-out>
         <system-err><![CDATA[]]></system-err>
      </testcase>
      <testcase name="Test Cases/Prototyp_Filialsuche (RC 18)/54_Testfall" classname="Test Cases/Prototyp_Filialsuche (RC 18)/54_Testfall" status="PASSED">
         <system-out><![CDATA[2018-03-20 20:00:41 - [TEST_CASE][PASSED] - Test Cases/Prototyp_Filialsuche (RC 18)/54_Testfall: Test Cases/Prototyp_Filialsuche (RC 18)/54_Testfall

2018-03-20 20:00:42 - [TEST_STEP][PASSED] - openBrowser: Browser is opened with url: ''

2018-03-20 20:00:44 - [MESSAGE][PASSED] - Browser is opened with url: ''

2018-03-20 20:00:44 - [TEST_STEP][PASSED] - maximizeWindow: Current window maximized

2018-03-20 20:00:44 - [MESSAGE][PASSED] - Current window maximized

2018-03-20 20:00:44 - [TEST_STEP][PASSED] - deleteAllCookies: Delete all cookies successfully

2018-03-20 20:00:44 - [MESSAGE][PASSED] - Delete all cookies successfully

2018-03-20 20:00:44 - [TEST_STEP][PASSED] - navigateToUrl: Navigate to 'http://rc-ogrhtmlprototyp.testintern/18-1-0/filialsuche-wangen.html' successfully

2018-03-20 20:00:45 - [MESSAGE][PASSED] - Navigate to 'http://rc-ogrhtmlprototyp.testintern/18-1-0/filialsuche-wangen.html' successfully

2018-03-20 20:00:45 - [TEST_STEP][PASSED] - delay: Delayed 5 second(s)

2018-03-20 20:00:50 - [MESSAGE][PASSED] - Delayed 5 second(s)

2018-03-20 20:00:50 - [TEST_STEP][PASSED] - verifyElementText: Actual text and expected text of test object 'Object Repository/OGRProtoypFilialsuche - Ort/01ErgebnisText' are matched.

2018-03-20 20:00:50 - [MESSAGE][PASSED] - Actual text and expected text of test object 'Object Repository/OGRProtoypFilialsuche - Ort/01ErgebnisText' are matched.

2018-03-20 20:00:50 - [TEST_STEP][PASSED] - verifyElementText: Actual text and expected text of test object 'Object Repository/OGRProtoypFilialsuche - Ort/02ErgebnisText' are matched.

2018-03-20 20:00:50 - [MESSAGE][PASSED] - Actual text and expected text of test object 'Object Repository/OGRProtoypFilialsuche - Ort/02ErgebnisText' are matched.

2018-03-20 20:00:50 - [TEST_STEP][PASSED] - verifyElementText: Actual text and expected text of test object 'Object Repository/OGRProtoypFilialsuche - Ort/03ErgebnisTest' are matched.

2018-03-20 20:00:50 - [MESSAGE][PASSED] - Actual text and expected text of test object 'Object Repository/OGRProtoypFilialsuche - Ort/03ErgebnisTest' are matched.

2018-03-20 20:00:50 - [TEST_STEP][PASSED] - verifyElementText: Actual text and expected text of test object 'Object Repository/OGRProtoypFilialsuche - Ort/04ErgebnisTest' are matched.

2018-03-20 20:00:50 - [MESSAGE][PASSED] - Actual text and expected text of test object 'Object Repository/OGRProtoypFilialsuche - Ort/04ErgebnisTest' are matched.

2018-03-20 20:00:50 - [TEST_STEP][PASSED] - closeBrowser: Browser is closed

2018-03-20 20:00:50 - [MESSAGE][PASSED] - Browser is closed]]></system-out>
         <system-err><![CDATA[]]></system-err>
      </testcase>
      <testcase name="Test Cases/Prototyp_Filialsuche (RC 18)/55_Testfall" classname="Test Cases/Prototyp_Filialsuche (RC 18)/55_Testfall" status="PASSED">
         <system-out><![CDATA[2018-03-20 20:00:50 - [TEST_CASE][PASSED] - Test Cases/Prototyp_Filialsuche (RC 18)/55_Testfall: Test Cases/Prototyp_Filialsuche (RC 18)/55_Testfall

2018-03-20 20:00:50 - [TEST_STEP][PASSED] - openBrowser: Browser is opened with url: ''

2018-03-20 20:00:51 - [MESSAGE][PASSED] - Browser is opened with url: ''

2018-03-20 20:00:51 - [TEST_STEP][PASSED] - maximizeWindow: Current window maximized

2018-03-20 20:00:51 - [MESSAGE][PASSED] - Current window maximized

2018-03-20 20:00:51 - [TEST_STEP][PASSED] - deleteAllCookies: Delete all cookies successfully

2018-03-20 20:00:51 - [MESSAGE][PASSED] - Delete all cookies successfully

2018-03-20 20:00:51 - [TEST_STEP][PASSED] - navigateToUrl: Navigate to 'http://rc-ogrhtmlprototyp.testintern/18-1-0/filialsuche.html' successfully

2018-03-20 20:00:53 - [MESSAGE][PASSED] - Navigate to 'http://rc-ogrhtmlprototyp.testintern/18-1-0/filialsuche.html' successfully

2018-03-20 20:00:53 - [TEST_STEP][PASSED] - delay: Delayed 5 second(s)

2018-03-20 20:00:58 - [MESSAGE][PASSED] - Delayed 5 second(s)

2018-03-20 20:00:58 - [TEST_STEP][PASSED] - click: Object: 'Object Repository/Page_Filialsuche - Strassenname Hausnummer/svg_dropdown-icons' is clicked on

2018-03-20 20:00:58 - [MESSAGE][PASSED] - Object: 'Object Repository/Page_Filialsuche - Strassenname Hausnummer/svg_dropdown-icons' is clicked on

2018-03-20 20:00:58 - [TEST_STEP][PASSED] - delay: Delayed 5 second(s)

2018-03-20 20:01:03 - [MESSAGE][PASSED] - Delayed 5 second(s)

2018-03-20 20:01:03 - [TEST_STEP][PASSED] - mouseOver: Object: 'Object Repository/Belitz_option' is hovered

2018-03-20 20:01:03 - [MESSAGE][PASSED] - Object: 'Object Repository/Belitz_option' is hovered

2018-03-20 20:01:03 - [TEST_STEP][PASSED] - delay: Delayed 5 second(s)

2018-03-20 20:01:08 - [MESSAGE][PASSED] - Delayed 5 second(s)

2018-03-20 20:01:08 - [TEST_STEP][PASSED] - click: Object: 'Object Repository/Belitz_option' is clicked on

2018-03-20 20:01:08 - [MESSAGE][PASSED] - Object: 'Object Repository/Belitz_option' is clicked on

2018-03-20 20:01:08 - [TEST_STEP][PASSED] - delay: Delayed 5 second(s)

2018-03-20 20:01:13 - [MESSAGE][PASSED] - Delayed 5 second(s)

2018-03-20 20:01:13 - [TEST_STEP][PASSED] - verifyElementText: Actual text and expected text of test object 'Object Repository/Page_Filialsuche - Strassenname Hausnummer/01ErgebnisText' are matched.

2018-03-20 20:01:13 - [MESSAGE][PASSED] - Actual text and expected text of test object 'Object Repository/Page_Filialsuche - Strassenname Hausnummer/01ErgebnisText' are matched.

2018-03-20 20:01:13 - [TEST_STEP][PASSED] - verifyElementText: Actual text and expected text of test object 'Object Repository/Page_Filialsuche - Strassenname Hausnummer/02ErgebnisText' are matched.

2018-03-20 20:01:13 - [MESSAGE][PASSED] - Actual text and expected text of test object 'Object Repository/Page_Filialsuche - Strassenname Hausnummer/02ErgebnisText' are matched.

2018-03-20 20:01:13 - [TEST_STEP][PASSED] - verifyElementText: Actual text and expected text of test object 'Object Repository/Page_Filialsuche - Strassenname Hausnummer/03ErgebnisTest' are matched.

2018-03-20 20:01:13 - [MESSAGE][PASSED] - Actual text and expected text of test object 'Object Repository/Page_Filialsuche - Strassenname Hausnummer/03ErgebnisTest' are matched.

2018-03-20 20:01:13 - [TEST_STEP][PASSED] - verifyElementText: Actual text and expected text of test object 'Object Repository/Page_Filialsuche - Strassenname Hausnummer/04ErgebnisTest' are matched.

2018-03-20 20:01:13 - [MESSAGE][PASSED] - Actual text and expected text of test object 'Object Repository/Page_Filialsuche - Strassenname Hausnummer/04ErgebnisTest' are matched.

2018-03-20 20:01:13 - [TEST_STEP][PASSED] - verifyElementText: Actual text and expected text of test object 'Object Repository/Page_Filialsuche - Strassenname Hausnummer/05ErgebnisTest' are matched.

2018-03-20 20:01:13 - [MESSAGE][PASSED] - Actual text and expected text of test object 'Object Repository/Page_Filialsuche - Strassenname Hausnummer/05ErgebnisTest' are matched.

2018-03-20 20:01:13 - [TEST_STEP][PASSED] - verifyElementText: Actual text and expected text of test object 'Object Repository/Page_Filialsuche - Strassenname Hausnummer/06ErgebnisTest' are matched.

2018-03-20 20:01:13 - [MESSAGE][PASSED] - Actual text and expected text of test object 'Object Repository/Page_Filialsuche - Strassenname Hausnummer/06ErgebnisTest' are matched.

2018-03-20 20:01:13 - [TEST_STEP][PASSED] - click: Object: 'Object Repository/naechsteSeite' is clicked on

2018-03-20 20:01:13 - [MESSAGE][PASSED] - Object: 'Object Repository/naechsteSeite' is clicked on

2018-03-20 20:01:13 - [TEST_STEP][PASSED] - verifyElementText: Actual text and expected text of test object 'Object Repository/Page_Filialsuche - Strassenname Hausnummer/07ErgebnisTest' are matched.

2018-03-20 20:01:13 - [MESSAGE][PASSED] - Actual text and expected text of test object 'Object Repository/Page_Filialsuche - Strassenname Hausnummer/07ErgebnisTest' are matched.

2018-03-20 20:01:13 - [TEST_STEP][PASSED] - verifyElementText: Actual text and expected text of test object 'Object Repository/Page_Filialsuche - Strassenname Hausnummer/08ErgebnisTest' are matched.

2018-03-20 20:01:13 - [MESSAGE][PASSED] - Actual text and expected text of test object 'Object Repository/Page_Filialsuche - Strassenname Hausnummer/08ErgebnisTest' are matched.

2018-03-20 20:01:13 - [TEST_STEP][PASSED] - verifyElementText: Actual text and expected text of test object 'Object Repository/Page_Filialsuche - Strassenname Hausnummer/09ErgebnisTest' are matched.

2018-03-20 20:01:13 - [MESSAGE][PASSED] - Actual text and expected text of test object 'Object Repository/Page_Filialsuche - Strassenname Hausnummer/09ErgebnisTest' are matched.

2018-03-20 20:01:13 - [TEST_STEP][PASSED] - verifyElementText: Actual text and expected text of test object 'Object Repository/Page_Filialsuche - Strassenname Hausnummer/10ErgebnisTest' are matched.

2018-03-20 20:01:13 - [MESSAGE][PASSED] - Actual text and expected text of test object 'Object Repository/Page_Filialsuche - Strassenname Hausnummer/10ErgebnisTest' are matched.

2018-03-20 20:01:13 - [TEST_STEP][PASSED] - verifyElementText: Actual text and expected text of test object 'Object Repository/Page_Filialsuche - Strassenname Hausnummer/11ErgebnisTest' are matched.

2018-03-20 20:01:14 - [MESSAGE][PASSED] - Actual text and expected text of test object 'Object Repository/Page_Filialsuche - Strassenname Hausnummer/11ErgebnisTest' are matched.

2018-03-20 20:01:14 - [TEST_STEP][PASSED] - verifyElementText: Actual text and expected text of test object 'Object Repository/Page_Filialsuche - Strassenname Hausnummer/12ErgebnisTest' are matched.

2018-03-20 20:01:14 - [MESSAGE][PASSED] - Actual text and expected text of test object 'Object Repository/Page_Filialsuche - Strassenname Hausnummer/12ErgebnisTest' are matched.

2018-03-20 20:01:14 - [TEST_STEP][PASSED] - click: Object: 'Object Repository/naechsteSeite' is clicked on

2018-03-20 20:01:14 - [MESSAGE][PASSED] - Object: 'Object Repository/naechsteSeite' is clicked on

2018-03-20 20:01:14 - [TEST_STEP][PASSED] - verifyElementText: Actual text and expected text of test object 'Object Repository/Page_Filialsuche - Strassenname Hausnummer/13ErgebnisTest' are matched.

2018-03-20 20:01:14 - [MESSAGE][PASSED] - Actual text and expected text of test object 'Object Repository/Page_Filialsuche - Strassenname Hausnummer/13ErgebnisTest' are matched.

2018-03-20 20:01:14 - [TEST_STEP][PASSED] - verifyElementText: Actual text and expected text of test object 'Object Repository/Page_Filialsuche - Strassenname Hausnummer/14ErgebnisTest' are matched.

2018-03-20 20:01:14 - [MESSAGE][PASSED] - Actual text and expected text of test object 'Object Repository/Page_Filialsuche - Strassenname Hausnummer/14ErgebnisTest' are matched.

2018-03-20 20:01:14 - [TEST_STEP][PASSED] - verifyElementText: Actual text and expected text of test object 'Object Repository/Page_Filialsuche - Strassenname Hausnummer/15ErgebnisTest' are matched.

2018-03-20 20:01:14 - [MESSAGE][PASSED] - Actual text and expected text of test object 'Object Repository/Page_Filialsuche - Strassenname Hausnummer/15ErgebnisTest' are matched.

2018-03-20 20:01:14 - [TEST_STEP][PASSED] - verifyElementText: Actual text and expected text of test object 'Object Repository/Page_Filialsuche - Strassenname Hausnummer/16ErgebnisTest' are matched.

2018-03-20 20:01:14 - [MESSAGE][PASSED] - Actual text and expected text of test object 'Object Repository/Page_Filialsuche - Strassenname Hausnummer/16ErgebnisTest' are matched.

2018-03-20 20:01:14 - [TEST_STEP][PASSED] - verifyElementText: Actual text and expected text of test object 'Object Repository/Page_Filialsuche - Strassenname Hausnummer/17ErgebnisTest' are matched.

2018-03-20 20:01:14 - [MESSAGE][PASSED] - Actual text and expected text of test object 'Object Repository/Page_Filialsuche - Strassenname Hausnummer/17ErgebnisTest' are matched.

2018-03-20 20:01:14 - [TEST_STEP][PASSED] - verifyElementText: Actual text and expected text of test object 'Object Repository/Page_Filialsuche - Strassenname Hausnummer/18ErgebnisTest' are matched.

2018-03-20 20:01:14 - [MESSAGE][PASSED] - Actual text and expected text of test object 'Object Repository/Page_Filialsuche - Strassenname Hausnummer/18ErgebnisTest' are matched.

2018-03-20 20:01:14 - [TEST_STEP][PASSED] - click: Object: 'Object Repository/naechsteSeite' is clicked on

2018-03-20 20:01:14 - [MESSAGE][PASSED] - Object: 'Object Repository/naechsteSeite' is clicked on

2018-03-20 20:01:14 - [TEST_STEP][PASSED] - verifyElementText: Actual text and expected text of test object 'Object Repository/Page_Filialsuche - Strassenname Hausnummer/19ErgebnisTest' are matched.

2018-03-20 20:01:14 - [MESSAGE][PASSED] - Actual text and expected text of test object 'Object Repository/Page_Filialsuche - Strassenname Hausnummer/19ErgebnisTest' are matched.

2018-03-20 20:01:14 - [TEST_STEP][PASSED] - verifyElementText: Actual text and expected text of test object 'Object Repository/Page_Filialsuche - Strassenname Hausnummer/20ErgebnisTest' are matched.

2018-03-20 20:01:14 - [MESSAGE][PASSED] - Actual text and expected text of test object 'Object Repository/Page_Filialsuche - Strassenname Hausnummer/20ErgebnisTest' are matched.

2018-03-20 20:01:14 - [TEST_STEP][PASSED] - verifyElementText: Actual text and expected text of test object 'Object Repository/Page_Filialsuche - Strassenname Hausnummer/21ErgebnisTest' are matched.

2018-03-20 20:01:14 - [MESSAGE][PASSED] - Actual text and expected text of test object 'Object Repository/Page_Filialsuche - Strassenname Hausnummer/21ErgebnisTest' are matched.

2018-03-20 20:01:14 - [TEST_STEP][PASSED] - verifyElementText: Actual text and expected text of test object 'Object Repository/Page_Filialsuche - Strassenname Hausnummer/22ErgebnisTest' are matched.

2018-03-20 20:01:14 - [MESSAGE][PASSED] - Actual text and expected text of test object 'Object Repository/Page_Filialsuche - Strassenname Hausnummer/22ErgebnisTest' are matched.

2018-03-20 20:01:14 - [TEST_STEP][PASSED] - verifyElementText: Actual text and expected text of test object 'Object Repository/Page_Filialsuche - Strassenname Hausnummer/23ErgebnisTest' are matched.

2018-03-20 20:01:14 - [MESSAGE][PASSED] - Actual text and expected text of test object 'Object Repository/Page_Filialsuche - Strassenname Hausnummer/23ErgebnisTest' are matched.

2018-03-20 20:01:14 - [TEST_STEP][PASSED] - verifyElementText: Actual text and expected text of test object 'Object Repository/Page_Filialsuche - Strassenname Hausnummer/24ErgebnisTest' are matched.

2018-03-20 20:01:14 - [MESSAGE][PASSED] - Actual text and expected text of test object 'Object Repository/Page_Filialsuche - Strassenname Hausnummer/24ErgebnisTest' are matched.

2018-03-20 20:01:14 - [TEST_STEP][PASSED] - click: Object: 'Object Repository/naechsteSeite' is clicked on

2018-03-20 20:01:14 - [MESSAGE][PASSED] - Object: 'Object Repository/naechsteSeite' is clicked on

2018-03-20 20:01:14 - [TEST_STEP][PASSED] - verifyElementText: Actual text and expected text of test object 'Object Repository/Page_Filialsuche - Strassenname Hausnummer/25ErgebnisTest' are matched.

2018-03-20 20:01:14 - [MESSAGE][PASSED] - Actual text and expected text of test object 'Object Repository/Page_Filialsuche - Strassenname Hausnummer/25ErgebnisTest' are matched.

2018-03-20 20:01:14 - [TEST_STEP][PASSED] - verifyElementText: Actual text and expected text of test object 'Object Repository/Page_Filialsuche - Strassenname Hausnummer/26ErgebnisTest' are matched.

2018-03-20 20:01:14 - [MESSAGE][PASSED] - Actual text and expected text of test object 'Object Repository/Page_Filialsuche - Strassenname Hausnummer/26ErgebnisTest' are matched.

2018-03-20 20:01:14 - [TEST_STEP][PASSED] - verifyElementText: Actual text and expected text of test object 'Object Repository/Page_Filialsuche - Strassenname Hausnummer/27ErgebnisTest' are matched.

2018-03-20 20:01:14 - [MESSAGE][PASSED] - Actual text and expected text of test object 'Object Repository/Page_Filialsuche - Strassenname Hausnummer/27ErgebnisTest' are matched.

2018-03-20 20:01:14 - [TEST_STEP][PASSED] - verifyElementText: Actual text and expected text of test object 'Object Repository/Page_Filialsuche - Strassenname Hausnummer/28ErgebnisTest' are matched.

2018-03-20 20:01:14 - [MESSAGE][PASSED] - Actual text and expected text of test object 'Object Repository/Page_Filialsuche - Strassenname Hausnummer/28ErgebnisTest' are matched.

2018-03-20 20:01:14 - [TEST_STEP][PASSED] - verifyElementText: Actual text and expected text of test object 'Object Repository/Page_Filialsuche - Strassenname Hausnummer/29ErgebnisTest' are matched.

2018-03-20 20:01:14 - [MESSAGE][PASSED] - Actual text and expected text of test object 'Object Repository/Page_Filialsuche - Strassenname Hausnummer/29ErgebnisTest' are matched.

2018-03-20 20:01:14 - [TEST_STEP][PASSED] - verifyElementText: Actual text and expected text of test object 'Object Repository/Page_Filialsuche - Strassenname Hausnummer/30ErgebnisTest' are matched.

2018-03-20 20:01:14 - [MESSAGE][PASSED] - Actual text and expected text of test object 'Object Repository/Page_Filialsuche - Strassenname Hausnummer/30ErgebnisTest' are matched.

2018-03-20 20:01:14 - [TEST_STEP][PASSED] - click: Object: 'Object Repository/naechsteSeite' is clicked on

2018-03-20 20:01:14 - [MESSAGE][PASSED] - Object: 'Object Repository/naechsteSeite' is clicked on

2018-03-20 20:01:14 - [TEST_STEP][PASSED] - verifyElementText: Actual text and expected text of test object 'Object Repository/Page_Filialsuche - Strassenname Hausnummer/31ErgebnisTest' are matched.

2018-03-20 20:01:14 - [MESSAGE][PASSED] - Actual text and expected text of test object 'Object Repository/Page_Filialsuche - Strassenname Hausnummer/31ErgebnisTest' are matched.

2018-03-20 20:01:14 - [TEST_STEP][PASSED] - verifyElementText: Actual text and expected text of test object 'Object Repository/Page_Filialsuche - Strassenname Hausnummer/32ErgebnisTest' are matched.

2018-03-20 20:01:14 - [MESSAGE][PASSED] - Actual text and expected text of test object 'Object Repository/Page_Filialsuche - Strassenname Hausnummer/32ErgebnisTest' are matched.

2018-03-20 20:01:14 - [TEST_STEP][PASSED] - verifyElementText: Actual text and expected text of test object 'Object Repository/Page_Filialsuche - Strassenname Hausnummer/33ErgebnisTest' are matched.

2018-03-20 20:01:14 - [MESSAGE][PASSED] - Actual text and expected text of test object 'Object Repository/Page_Filialsuche - Strassenname Hausnummer/33ErgebnisTest' are matched.

2018-03-20 20:01:14 - [TEST_STEP][PASSED] - verifyElementText: Actual text and expected text of test object 'Object Repository/Page_Filialsuche - Strassenname Hausnummer/34ErgebnisTest' are matched.

2018-03-20 20:01:14 - [MESSAGE][PASSED] - Actual text and expected text of test object 'Object Repository/Page_Filialsuche - Strassenname Hausnummer/34ErgebnisTest' are matched.

2018-03-20 20:01:14 - [TEST_STEP][PASSED] - verifyElementText: Actual text and expected text of test object 'Object Repository/Page_Filialsuche - Strassenname Hausnummer/35ErgebnisTest' are matched.

2018-03-20 20:01:14 - [MESSAGE][PASSED] - Actual text and expected text of test object 'Object Repository/Page_Filialsuche - Strassenname Hausnummer/35ErgebnisTest' are matched.

2018-03-20 20:01:14 - [TEST_STEP][PASSED] - verifyElementText: Actual text and expected text of test object 'Object Repository/Page_Filialsuche - Strassenname Hausnummer/36ErgebnisTest' are matched.

2018-03-20 20:01:14 - [MESSAGE][PASSED] - Actual text and expected text of test object 'Object Repository/Page_Filialsuche - Strassenname Hausnummer/36ErgebnisTest' are matched.

2018-03-20 20:01:14 - [TEST_STEP][PASSED] - click: Object: 'Object Repository/naechsteSeite' is clicked on

2018-03-20 20:01:14 - [MESSAGE][PASSED] - Object: 'Object Repository/naechsteSeite' is clicked on

2018-03-20 20:01:14 - [TEST_STEP][PASSED] - verifyElementText: Actual text and expected text of test object 'Object Repository/Page_Filialsuche - Strassenname Hausnummer/37ErgebnisTest' are matched.

2018-03-20 20:01:15 - [MESSAGE][PASSED] - Actual text and expected text of test object 'Object Repository/Page_Filialsuche - Strassenname Hausnummer/37ErgebnisTest' are matched.

2018-03-20 20:01:15 - [TEST_STEP][PASSED] - closeBrowser: Browser is closed

2018-03-20 20:01:15 - [MESSAGE][PASSED] - Browser is closed]]></system-out>
         <system-err><![CDATA[]]></system-err>
      </testcase>
      <testcase name="Test Cases/Prototyp_Filialsuche (RC 18)/56_Testfall" classname="Test Cases/Prototyp_Filialsuche (RC 18)/56_Testfall" status="PASSED">
         <system-out><![CDATA[2018-03-20 20:01:15 - [TEST_CASE][PASSED] - Test Cases/Prototyp_Filialsuche (RC 18)/56_Testfall: Test Cases/Prototyp_Filialsuche (RC 18)/56_Testfall

2018-03-20 20:01:15 - [TEST_STEP][PASSED] - openBrowser: Browser is opened with url: ''

2018-03-20 20:01:16 - [MESSAGE][PASSED] - Browser is opened with url: ''

2018-03-20 20:01:16 - [TEST_STEP][PASSED] - maximizeWindow: Current window maximized

2018-03-20 20:01:16 - [MESSAGE][PASSED] - Current window maximized

2018-03-20 20:01:16 - [TEST_STEP][PASSED] - deleteAllCookies: Delete all cookies successfully

2018-03-20 20:01:16 - [MESSAGE][PASSED] - Delete all cookies successfully

2018-03-20 20:01:16 - [TEST_STEP][PASSED] - navigateToUrl: Navigate to 'http://rc-ogrhtmlprototyp.testintern/18-1-0/filialsuche-nuernberg.html' successfully

2018-03-20 20:01:17 - [MESSAGE][PASSED] - Navigate to 'http://rc-ogrhtmlprototyp.testintern/18-1-0/filialsuche-nuernberg.html' successfully

2018-03-20 20:01:17 - [TEST_STEP][PASSED] - delay: Delayed 5 second(s)

2018-03-20 20:01:22 - [MESSAGE][PASSED] - Delayed 5 second(s)

2018-03-20 20:01:22 - [TEST_STEP][PASSED] - Statement - wes = com.kms.katalon.core.webui.common.WebUiCommonHelper.findWebElements(com.kms.katalon.core.testobject.ObjectRepository.findTestObject(filial_map), 5): Found 10 web elements with id: 'Object Repository/filial_map' located by 'By.xpath: //div[@class='aps-map__custom-marker']' in '5' second(s)

2018-03-20 20:01:22 - [TEST_STEP][PASSED] - Statement - For ([i = 0, i < wes.size(), (i++)]): null

2018-03-20 20:01:22 - [TEST_STEP][PASSED] - Statement - el = wes.get(i): null

2018-03-20 20:01:22 - [TEST_STEP][PASSED] - Statement - text = el.getCssValue("background-image"): null

2018-03-20 20:01:22 - [TEST_STEP][PASSED] - Statement - If (!(text.contains("psd_bank.png"))): null

2018-03-20 20:01:22 - [TEST_STEP][PASSED] - Statement - el = wes.get(i): null

2018-03-20 20:01:22 - [TEST_STEP][PASSED] - Statement - text = el.getCssValue("background-image"): null

2018-03-20 20:01:22 - [TEST_STEP][PASSED] - Statement - If (!(text.contains("psd_bank.png"))): null

2018-03-20 20:01:22 - [TEST_STEP][PASSED] - Statement - el = wes.get(i): null

2018-03-20 20:01:22 - [TEST_STEP][PASSED] - Statement - text = el.getCssValue("background-image"): null

2018-03-20 20:01:22 - [TEST_STEP][PASSED] - Statement - If (!(text.contains("psd_bank.png"))): null

2018-03-20 20:01:22 - [TEST_STEP][PASSED] - Statement - el = wes.get(i): null

2018-03-20 20:01:22 - [TEST_STEP][PASSED] - Statement - text = el.getCssValue("background-image"): null

2018-03-20 20:01:22 - [TEST_STEP][PASSED] - Statement - If (!(text.contains("psd_bank.png"))): null

2018-03-20 20:01:22 - [TEST_STEP][PASSED] - Statement - el = wes.get(i): null

2018-03-20 20:01:22 - [TEST_STEP][PASSED] - Statement - text = el.getCssValue("background-image"): null

2018-03-20 20:01:22 - [TEST_STEP][PASSED] - Statement - If (!(text.contains("psd_bank.png"))): null

2018-03-20 20:01:22 - [TEST_STEP][PASSED] - Statement - el = wes.get(i): null

2018-03-20 20:01:22 - [TEST_STEP][PASSED] - Statement - text = el.getCssValue("background-image"): null

2018-03-20 20:01:22 - [TEST_STEP][PASSED] - Statement - If (!(text.contains("psd_bank.png"))): null

2018-03-20 20:01:22 - [TEST_STEP][PASSED] - Statement - el = wes.get(i): null

2018-03-20 20:01:22 - [TEST_STEP][PASSED] - Statement - text = el.getCssValue("background-image"): null

2018-03-20 20:01:22 - [TEST_STEP][PASSED] - Statement - If (!(text.contains("psd_bank.png"))): null

2018-03-20 20:01:22 - [TEST_STEP][PASSED] - Statement - el = wes.get(i): null

2018-03-20 20:01:22 - [TEST_STEP][PASSED] - Statement - text = el.getCssValue("background-image"): null

2018-03-20 20:01:22 - [TEST_STEP][PASSED] - Statement - If (!(text.contains("psd_bank.png"))): null

2018-03-20 20:01:22 - [TEST_STEP][PASSED] - Statement - el = wes.get(i): null

2018-03-20 20:01:22 - [TEST_STEP][PASSED] - Statement - text = el.getCssValue("background-image"): null

2018-03-20 20:01:22 - [TEST_STEP][PASSED] - Statement - If (!(text.contains("psd_bank.png"))): null

2018-03-20 20:01:22 - [TEST_STEP][PASSED] - Statement - el = wes.get(i): null

2018-03-20 20:01:22 - [TEST_STEP][PASSED] - Statement - text = el.getCssValue("background-image"): null

2018-03-20 20:01:22 - [TEST_STEP][PASSED] - Statement - If (!(text.contains("psd_bank.png"))): null

2018-03-20 20:01:22 - [TEST_STEP][PASSED] - closeBrowser: Browser is closed

2018-03-20 20:01:23 - [MESSAGE][PASSED] - Browser is closed]]></system-out>
         <system-err><![CDATA[]]></system-err>
      </testcase>
      <testcase name="Test Cases/Prototyp_Filialsuche (RC 18)/57_Testfall" classname="Test Cases/Prototyp_Filialsuche (RC 18)/57_Testfall" status="FAILED">
         <failure type="FAILED" message="Unable to click on object 'Object Repository/Coin_counter_checkbox' (Root cause: org.openqa.selenium.ElementNotVisibleException: An element command could not be completed because the element is not visible on the page. (WARNING: The server did not provide any stacktrace information)
Command duration or timeout: 0 milliseconds
Build info: version: '3.7.1', revision: '8a0099a', time: '2017-11-06T21:07:36.161Z'
System info: host: 'Lilias-MacBook-Pro.local', ip: '192.168.0.4', os.name: 'Mac OS X', os.arch: 'x86_64', os.version: '10.12.6', java.version: '1.8.0_102'
Driver info: com.kms.katalon.selenium.driver.CSafariDriver
Capabilities {applicationCacheEnabled: true, browserName: safari, cleanSession: true, cssSelectorsEnabled: true, databaseEnabled: true, handlesAlerts: true, javascriptEnabled: true, locationContextEnabled: false, nativeEvents: true, platform: MAC, platformName: MAC, rotatable: false, version: 12604.5.6.1.1, webStorageEnabled: true}
Session ID: 9268D6B2-8815-42BF-801A-308DD05E0313)"/>
         <system-out><![CDATA[2018-03-20 20:01:23 - [TEST_CASE][FAILED] - Test Cases/Prototyp_Filialsuche (RC 18)/57_Testfall: Test Cases/Prototyp_Filialsuche (RC 18)/57_Testfall FAILED because (of) Unable to click on object 'Object Repository/Coin_counter_checkbox' (Root cause: org.openqa.selenium.ElementNotVisibleException: An element command could not be completed because the element is not visible on the page. (WARNING: The server did not provide any stacktrace information)
Command duration or timeout: 0 milliseconds
Build info: version: '3.7.1', revision: '8a0099a', time: '2017-11-06T21:07:36.161Z'
System info: host: 'Lilias-MacBook-Pro.local', ip: '192.168.0.4', os.name: 'Mac OS X', os.arch: 'x86_64', os.version: '10.12.6', java.version: '1.8.0_102'
Driver info: com.kms.katalon.selenium.driver.CSafariDriver
Capabilities {applicationCacheEnabled: true, browserName: safari, cleanSession: true, cssSelectorsEnabled: true, databaseEnabled: true, handlesAlerts: true, javascriptEnabled: true, locationContextEnabled: false, nativeEvents: true, platform: MAC, platformName: MAC, rotatable: false, version: 12604.5.6.1.1, webStorageEnabled: true}
Session ID: 9268D6B2-8815-42BF-801A-308DD05E0313)

2018-03-20 20:01:23 - [TEST_STEP][PASSED] - openBrowser: Browser is opened with url: ''

2018-03-20 20:01:24 - [MESSAGE][PASSED] - Browser is opened with url: ''

2018-03-20 20:01:24 - [TEST_STEP][PASSED] - maximizeWindow: Current window maximized

2018-03-20 20:01:24 - [MESSAGE][PASSED] - Current window maximized

2018-03-20 20:01:24 - [TEST_STEP][PASSED] - deleteAllCookies: Delete all cookies successfully

2018-03-20 20:01:24 - [MESSAGE][PASSED] - Delete all cookies successfully

2018-03-20 20:01:24 - [TEST_STEP][PASSED] - navigateToUrl: Navigate to 'http://rc-ogrhtmlprototyp.testintern/18-1-0/filialsuche-textinput.html' successfully

2018-03-20 20:01:26 - [MESSAGE][PASSED] - Navigate to 'http://rc-ogrhtmlprototyp.testintern/18-1-0/filialsuche-textinput.html' successfully

2018-03-20 20:01:26 - [TEST_STEP][PASSED] - delay: Delayed 5 second(s)

2018-03-20 20:01:31 - [MESSAGE][PASSED] - Delayed 5 second(s)

2018-03-20 20:01:31 - [TEST_STEP][PASSED] - setText: Text 'Berlin' is set on object 'Object Repository/Filialsuche_Inputtext'

2018-03-20 20:01:31 - [MESSAGE][PASSED] - Text 'Berlin' is set on object 'Object Repository/Filialsuche_Inputtext'

2018-03-20 20:01:31 - [TEST_STEP][PASSED] - delay: Delayed 5 second(s)

2018-03-20 20:01:36 - [MESSAGE][PASSED] - Delayed 5 second(s)

2018-03-20 20:01:36 - [TEST_STEP][PASSED] - submit: The form containing object: 'Object Repository/Filialsuche_submit_button' is submitted

2018-03-20 20:01:36 - [MESSAGE][PASSED] - The form containing object: 'Object Repository/Filialsuche_submit_button' is submitted

2018-03-20 20:01:36 - [TEST_STEP][PASSED] - delay: Delayed 5 second(s)

2018-03-20 20:01:41 - [MESSAGE][PASSED] - Delayed 5 second(s)

2018-03-20 20:01:41 - [TEST_STEP][PASSED] - click: Object: 'Object Repository/Erweiterte_Suche' is clicked on

2018-03-20 20:01:41 - [MESSAGE][PASSED] - Object: 'Object Repository/Erweiterte_Suche' is clicked on

2018-03-20 20:01:41 - [TEST_STEP][PASSED] - delay: Delayed 5 second(s)

2018-03-20 20:01:46 - [MESSAGE][PASSED] - Delayed 5 second(s)

2018-03-20 20:01:46 - [TEST_STEP][PASSED] - scrollToElement: Scroll to object 'Object Repository/Coin_counter_checkbox' successfully

2018-03-20 20:01:46 - [MESSAGE][WARNING] - Timeout '0' is invalid. Using default page load timeout: '30'

2018-03-20 20:01:46 - [MESSAGE][PASSED] - Scroll to object 'Object Repository/Coin_counter_checkbox' successfully

2018-03-20 20:01:46 - [TEST_STEP][PASSED] - delay: Delayed 5 second(s)

2018-03-20 20:01:51 - [MESSAGE][PASSED] - Delayed 5 second(s)

2018-03-20 20:01:51 - [TEST_STEP][FAILED] - click: Unable to click on object 'Object Repository/Coin_counter_checkbox' (Root cause: org.openqa.selenium.ElementNotVisibleException: An element command could not be completed because the element is not visible on the page. (WARNING: The server did not provide any stacktrace information)
Command duration or timeout: 0 milliseconds
Build info: version: '3.7.1', revision: '8a0099a', time: '2017-11-06T21:07:36.161Z'
System info: host: 'Lilias-MacBook-Pro.local', ip: '192.168.0.4', os.name: 'Mac OS X', os.arch: 'x86_64', os.version: '10.12.6', java.version: '1.8.0_102'
Driver info: com.kms.katalon.selenium.driver.CSafariDriver
Capabilities {applicationCacheEnabled: true, browserName: safari, cleanSession: true, cssSelectorsEnabled: true, databaseEnabled: true, handlesAlerts: true, javascriptEnabled: true, locationContextEnabled: false, nativeEvents: true, platform: MAC, platformName: MAC, rotatable: false, version: 12604.5.6.1.1, webStorageEnabled: true}
Session ID: 9268D6B2-8815-42BF-801A-308DD05E0313)

2018-03-20 20:01:52 - [MESSAGE][FAILED] - Unable to click on object 'Object Repository/Coin_counter_checkbox' (Root cause: org.openqa.selenium.ElementNotVisibleException: An element command could not be completed because the element is not visible on the page. (WARNING: The server did not provide any stacktrace information)
Command duration or timeout: 0 milliseconds
Build info: version: '3.7.1', revision: '8a0099a', time: '2017-11-06T21:07:36.161Z'
System info: host: 'Lilias-MacBook-Pro.local', ip: '192.168.0.4', os.name: 'Mac OS X', os.arch: 'x86_64', os.version: '10.12.6', java.version: '1.8.0_102'
Driver info: com.kms.katalon.selenium.driver.CSafariDriver
Capabilities {applicationCacheEnabled: true, browserName: safari, cleanSession: true, cssSelectorsEnabled: true, databaseEnabled: true, handlesAlerts: true, javascriptEnabled: true, locationContextEnabled: false, nativeEvents: true, platform: MAC, platformName: MAC, rotatable: false, version: 12604.5.6.1.1, webStorageEnabled: true}
Session ID: 9268D6B2-8815-42BF-801A-308DD05E0313)
[[ATTACHMENT|/Users/lbut/git/Katalon/Reports/Filialsuche_20_03/20180320_194128/1521572511880.png]]]]></system-out>
         <system-err><![CDATA[2018-03-20 20:01:23 - [TEST_CASE][FAILED] - Test Cases/Prototyp_Filialsuche (RC 18)/57_Testfall: Test Cases/Prototyp_Filialsuche (RC 18)/57_Testfall FAILED because (of) Unable to click on object 'Object Repository/Coin_counter_checkbox' (Root cause: org.openqa.selenium.ElementNotVisibleException: An element command could not be completed because the element is not visible on the page. (WARNING: The server did not provide any stacktrace information)
Command duration or timeout: 0 milliseconds
Build info: version: '3.7.1', revision: '8a0099a', time: '2017-11-06T21:07:36.161Z'
System info: host: 'Lilias-MacBook-Pro.local', ip: '192.168.0.4', os.name: 'Mac OS X', os.arch: 'x86_64', os.version: '10.12.6', java.version: '1.8.0_102'
Driver info: com.kms.katalon.selenium.driver.CSafariDriver
Capabilities {applicationCacheEnabled: true, browserName: safari, cleanSession: true, cssSelectorsEnabled: true, databaseEnabled: true, handlesAlerts: true, javascriptEnabled: true, locationContextEnabled: false, nativeEvents: true, platform: MAC, platformName: MAC, rotatable: false, version: 12604.5.6.1.1, webStorageEnabled: true}
Session ID: 9268D6B2-8815-42BF-801A-308DD05E0313)]]></system-err>
      </testcase>
      <testcase name="Test Cases/Prototyp_Filialsuche (RC 18)/58_Testfall" classname="Test Cases/Prototyp_Filialsuche (RC 18)/58_Testfall" status="FAILED">
         <failure type="FAILED" message="Unable to click on object 'Object Repository/Coin_counter_checkbox' (Root cause: org.openqa.selenium.ElementNotVisibleException: An element command could not be completed because the element is not visible on the page. (WARNING: The server did not provide any stacktrace information)
Command duration or timeout: 0 milliseconds
Build info: version: '3.7.1', revision: '8a0099a', time: '2017-11-06T21:07:36.161Z'
System info: host: 'Lilias-MacBook-Pro.local', ip: '192.168.0.4', os.name: 'Mac OS X', os.arch: 'x86_64', os.version: '10.12.6', java.version: '1.8.0_102'
Driver info: com.kms.katalon.selenium.driver.CSafariDriver
Capabilities {applicationCacheEnabled: true, browserName: safari, cleanSession: true, cssSelectorsEnabled: true, databaseEnabled: true, handlesAlerts: true, javascriptEnabled: true, locationContextEnabled: false, nativeEvents: true, platform: MAC, platformName: MAC, rotatable: false, version: 12604.5.6.1.1, webStorageEnabled: true}
Session ID: 2CFDBFA0-EC4A-40E2-A0CE-DEB257E28888)"/>
         <system-out><![CDATA[2018-03-20 20:01:52 - [TEST_CASE][FAILED] - Test Cases/Prototyp_Filialsuche (RC 18)/58_Testfall: Test Cases/Prototyp_Filialsuche (RC 18)/58_Testfall FAILED because (of) Unable to click on object 'Object Repository/Coin_counter_checkbox' (Root cause: org.openqa.selenium.ElementNotVisibleException: An element command could not be completed because the element is not visible on the page. (WARNING: The server did not provide any stacktrace information)
Command duration or timeout: 0 milliseconds
Build info: version: '3.7.1', revision: '8a0099a', time: '2017-11-06T21:07:36.161Z'
System info: host: 'Lilias-MacBook-Pro.local', ip: '192.168.0.4', os.name: 'Mac OS X', os.arch: 'x86_64', os.version: '10.12.6', java.version: '1.8.0_102'
Driver info: com.kms.katalon.selenium.driver.CSafariDriver
Capabilities {applicationCacheEnabled: true, browserName: safari, cleanSession: true, cssSelectorsEnabled: true, databaseEnabled: true, handlesAlerts: true, javascriptEnabled: true, locationContextEnabled: false, nativeEvents: true, platform: MAC, platformName: MAC, rotatable: false, version: 12604.5.6.1.1, webStorageEnabled: true}
Session ID: 2CFDBFA0-EC4A-40E2-A0CE-DEB257E28888)

2018-03-20 20:01:52 - [TEST_STEP][PASSED] - openBrowser: Browser is opened with url: ''

2018-03-20 20:01:52 - [MESSAGE][WARNING] - A browser is already opened. Closing browser and opening a new one

2018-03-20 20:01:53 - [MESSAGE][PASSED] - Browser is opened with url: ''

2018-03-20 20:01:53 - [TEST_STEP][PASSED] - maximizeWindow: Current window maximized

2018-03-20 20:01:53 - [MESSAGE][PASSED] - Current window maximized

2018-03-20 20:01:53 - [TEST_STEP][PASSED] - deleteAllCookies: Delete all cookies successfully

2018-03-20 20:01:53 - [MESSAGE][PASSED] - Delete all cookies successfully

2018-03-20 20:01:53 - [TEST_STEP][PASSED] - navigateToUrl: Navigate to 'http://rc-ogrhtmlprototyp.testintern/18-1-0/filialsuche.html' successfully

2018-03-20 20:01:55 - [MESSAGE][PASSED] - Navigate to 'http://rc-ogrhtmlprototyp.testintern/18-1-0/filialsuche.html' successfully

2018-03-20 20:01:55 - [TEST_STEP][PASSED] - delay: Delayed 5 second(s)

2018-03-20 20:02:00 - [MESSAGE][PASSED] - Delayed 5 second(s)

2018-03-20 20:02:00 - [TEST_STEP][PASSED] - click: Object: 'Object Repository/Erweiterte_Suche' is clicked on

2018-03-20 20:02:01 - [MESSAGE][PASSED] - Object: 'Object Repository/Erweiterte_Suche' is clicked on

2018-03-20 20:02:01 - [TEST_STEP][PASSED] - delay: Delayed 5 second(s)

2018-03-20 20:02:06 - [MESSAGE][PASSED] - Delayed 5 second(s)

2018-03-20 20:02:06 - [TEST_STEP][FAILED] - click: Unable to click on object 'Object Repository/Coin_counter_checkbox' (Root cause: org.openqa.selenium.ElementNotVisibleException: An element command could not be completed because the element is not visible on the page. (WARNING: The server did not provide any stacktrace information)
Command duration or timeout: 0 milliseconds
Build info: version: '3.7.1', revision: '8a0099a', time: '2017-11-06T21:07:36.161Z'
System info: host: 'Lilias-MacBook-Pro.local', ip: '192.168.0.4', os.name: 'Mac OS X', os.arch: 'x86_64', os.version: '10.12.6', java.version: '1.8.0_102'
Driver info: com.kms.katalon.selenium.driver.CSafariDriver
Capabilities {applicationCacheEnabled: true, browserName: safari, cleanSession: true, cssSelectorsEnabled: true, databaseEnabled: true, handlesAlerts: true, javascriptEnabled: true, locationContextEnabled: false, nativeEvents: true, platform: MAC, platformName: MAC, rotatable: false, version: 12604.5.6.1.1, webStorageEnabled: true}
Session ID: 2CFDBFA0-EC4A-40E2-A0CE-DEB257E28888)

2018-03-20 20:02:06 - [MESSAGE][FAILED] - Unable to click on object 'Object Repository/Coin_counter_checkbox' (Root cause: org.openqa.selenium.ElementNotVisibleException: An element command could not be completed because the element is not visible on the page. (WARNING: The server did not provide any stacktrace information)
Command duration or timeout: 0 milliseconds
Build info: version: '3.7.1', revision: '8a0099a', time: '2017-11-06T21:07:36.161Z'
System info: host: 'Lilias-MacBook-Pro.local', ip: '192.168.0.4', os.name: 'Mac OS X', os.arch: 'x86_64', os.version: '10.12.6', java.version: '1.8.0_102'
Driver info: com.kms.katalon.selenium.driver.CSafariDriver
Capabilities {applicationCacheEnabled: true, browserName: safari, cleanSession: true, cssSelectorsEnabled: true, databaseEnabled: true, handlesAlerts: true, javascriptEnabled: true, locationContextEnabled: false, nativeEvents: true, platform: MAC, platformName: MAC, rotatable: false, version: 12604.5.6.1.1, webStorageEnabled: true}
Session ID: 2CFDBFA0-EC4A-40E2-A0CE-DEB257E28888)
[[ATTACHMENT|/Users/lbut/git/Katalon/Reports/Filialsuche_20_03/20180320_194128/1521572526052.png]]]]></system-out>
         <system-err><![CDATA[2018-03-20 20:01:52 - [TEST_CASE][FAILED] - Test Cases/Prototyp_Filialsuche (RC 18)/58_Testfall: Test Cases/Prototyp_Filialsuche (RC 18)/58_Testfall FAILED because (of) Unable to click on object 'Object Repository/Coin_counter_checkbox' (Root cause: org.openqa.selenium.ElementNotVisibleException: An element command could not be completed because the element is not visible on the page. (WARNING: The server did not provide any stacktrace information)
Command duration or timeout: 0 milliseconds
Build info: version: '3.7.1', revision: '8a0099a', time: '2017-11-06T21:07:36.161Z'
System info: host: 'Lilias-MacBook-Pro.local', ip: '192.168.0.4', os.name: 'Mac OS X', os.arch: 'x86_64', os.version: '10.12.6', java.version: '1.8.0_102'
Driver info: com.kms.katalon.selenium.driver.CSafariDriver
Capabilities {applicationCacheEnabled: true, browserName: safari, cleanSession: true, cssSelectorsEnabled: true, databaseEnabled: true, handlesAlerts: true, javascriptEnabled: true, locationContextEnabled: false, nativeEvents: true, platform: MAC, platformName: MAC, rotatable: false, version: 12604.5.6.1.1, webStorageEnabled: true}
Session ID: 2CFDBFA0-EC4A-40E2-A0CE-DEB257E28888)]]></system-err>
      </testcase>
      <testcase name="Test Cases/Prototyp_Filialsuche (RC 18)/59_Testfall" classname="Test Cases/Prototyp_Filialsuche (RC 18)/59_Testfall" status="FAILED">
         <failure type="FAILED" message="Anzahl Maps 19 ist NICHT gleich Anzahl Filialen 20"/>
         <system-out><![CDATA[2018-03-20 20:02:06 - [TEST_CASE][FAILED] - Test Cases/Prototyp_Filialsuche (RC 18)/59_Testfall: Test Cases/Prototyp_Filialsuche (RC 18)/59_Testfall FAILED because (of) Anzahl Maps 19 ist NICHT gleich Anzahl Filialen 20

2018-03-20 20:02:06 - [TEST_STEP][PASSED] - openBrowser: Browser is opened with url: ''

2018-03-20 20:02:06 - [MESSAGE][WARNING] - A browser is already opened. Closing browser and opening a new one

2018-03-20 20:02:08 - [MESSAGE][PASSED] - Browser is opened with url: ''

2018-03-20 20:02:08 - [TEST_STEP][PASSED] - deleteAllCookies: Delete all cookies successfully

2018-03-20 20:02:08 - [MESSAGE][PASSED] - Delete all cookies successfully

2018-03-20 20:02:08 - [TEST_STEP][PASSED] - maximizeWindow: Current window maximized

2018-03-20 20:02:08 - [MESSAGE][PASSED] - Current window maximized

2018-03-20 20:02:08 - [TEST_STEP][PASSED] - navigateToUrl: Navigate to 'http://rc-ogrhtmlprototyp.testintern/18-1-0/filialsuche-rotenburg.html' successfully

2018-03-20 20:02:10 - [MESSAGE][PASSED] - Navigate to 'http://rc-ogrhtmlprototyp.testintern/18-1-0/filialsuche-rotenburg.html' successfully

2018-03-20 20:02:10 - [TEST_STEP][PASSED] - delay: Delayed 5 second(s)

2018-03-20 20:02:15 - [MESSAGE][PASSED] - Delayed 5 second(s)

2018-03-20 20:02:15 - [TEST_STEP][PASSED] - Statement - wes1 = com.kms.katalon.core.webui.common.WebUiCommonHelper.findWebElements(com.kms.katalon.core.testobject.ObjectRepository.findTestObject(filial_map), 5): Found 19 web elements with id: 'Object Repository/filial_map' located by 'By.xpath: //div[@class='aps-map__custom-marker']' in '5' second(s)

2018-03-20 20:02:15 - [TEST_STEP][PASSED] - Statement - wes2 = com.kms.katalon.core.webui.common.WebUiCommonHelper.findWebElements(com.kms.katalon.core.testobject.ObjectRepository.findTestObject(loc_steet_filialsuche), 5): Found 20 web elements with id: 'Object Repository/loc_steet_filialsuche' located by 'By.xpath: //div[@class='loc-street']' in '5' second(s)

2018-03-20 20:02:15 - [TEST_STEP][PASSED] - Statement - filial_maps_count = wes1.size(): null

2018-03-20 20:02:15 - [TEST_STEP][PASSED] - Statement - filial_accordeon_count = wes2.size(): null

2018-03-20 20:02:15 - [TEST_STEP][PASSED] - Statement - filial_count = 20: null

2018-03-20 20:02:15 - [TEST_STEP][PASSED] - Statement - If (filial_maps_count != filial_count): null

2018-03-20 20:02:15 - [TEST_STEP][PASSED] - comment: Anzahl Maps 19 ist NICHT gleich Anzahl Filialen 20

2018-03-20 20:02:15 - [TEST_STEP][PASSED] - closeBrowser: Browser is closed

2018-03-20 20:02:15 - [MESSAGE][PASSED] - Browser is closed

2018-03-20 20:02:15 - [TEST_STEP][PASSED] - Statement - Throw new com.kms.katalon.core.exception.StepFailedException((((Anzahl Maps  + filial_maps_count) +  ist NICHT gleich Anzahl Filialen ) + filial_count)): null]]></system-out>
         <system-err><![CDATA[2018-03-20 20:02:06 - [TEST_CASE][FAILED] - Test Cases/Prototyp_Filialsuche (RC 18)/59_Testfall: Test Cases/Prototyp_Filialsuche (RC 18)/59_Testfall FAILED because (of) Anzahl Maps 19 ist NICHT gleich Anzahl Filialen 20]]></system-err>
      </testcase>
      <testcase name="Test Cases/Prototyp_Filialsuche (RC 18)/60_Testfall" classname="Test Cases/Prototyp_Filialsuche (RC 18)/60_Testfall" status="FAILED">
         <failure type="FAILED" message="Unable to verify text 'Willy-Brandt-Platz 8' is not present  (Root cause: Text 'Willy-Brandt-Platz 8' is present on page )"/>
         <system-out><![CDATA[2018-03-20 20:02:15 - [TEST_CASE][FAILED] - Test Cases/Prototyp_Filialsuche (RC 18)/60_Testfall: Test Cases/Prototyp_Filialsuche (RC 18)/60_Testfall FAILED because (of) Unable to verify text 'Willy-Brandt-Platz 8' is not present  (Root cause: Text 'Willy-Brandt-Platz 8' is present on page )

2018-03-20 20:02:15 - [TEST_STEP][PASSED] - openBrowser: Browser is opened with url: ''

2018-03-20 20:02:16 - [MESSAGE][PASSED] - Browser is opened with url: ''

2018-03-20 20:02:16 - [TEST_STEP][PASSED] - deleteAllCookies: Delete all cookies successfully

2018-03-20 20:02:16 - [MESSAGE][PASSED] - Delete all cookies successfully

2018-03-20 20:02:16 - [TEST_STEP][PASSED] - maximizeWindow: Current window maximized

2018-03-20 20:02:16 - [MESSAGE][PASSED] - Current window maximized

2018-03-20 20:02:16 - [TEST_STEP][PASSED] - navigateToUrl: Navigate to 'http://rc-ogrhtmlprototyp.testintern/18-1-0/filialsuche-nuernberg-textinput.html' successfully

2018-03-20 20:02:18 - [MESSAGE][PASSED] - Navigate to 'http://rc-ogrhtmlprototyp.testintern/18-1-0/filialsuche-nuernberg-textinput.html' successfully

2018-03-20 20:02:18 - [TEST_STEP][PASSED] - delay: Delayed 2 second(s)

2018-03-20 20:02:20 - [MESSAGE][PASSED] - Delayed 2 second(s)

2018-03-20 20:02:20 - [TEST_STEP][PASSED] - setText: Text 'Ansbach' is set on object 'Object Repository/Filialsuche_Inputtext'

2018-03-20 20:02:20 - [MESSAGE][PASSED] - Text 'Ansbach' is set on object 'Object Repository/Filialsuche_Inputtext'

2018-03-20 20:02:20 - [TEST_STEP][PASSED] - submit: The form containing object: 'Object Repository/Filialsuche_submit_button' is submitted

2018-03-20 20:02:20 - [MESSAGE][PASSED] - The form containing object: 'Object Repository/Filialsuche_submit_button' is submitted

2018-03-20 20:02:20 - [TEST_STEP][PASSED] - delay: Delayed 5 second(s)

2018-03-20 20:02:25 - [MESSAGE][PASSED] - Delayed 5 second(s)

2018-03-20 20:02:25 - [TEST_STEP][PASSED] - verifyTextPresent: Text 'Martin-Luther-Platz 20' is present on page 

2018-03-20 20:02:25 - [MESSAGE][PASSED] - Text 'Martin-Luther-Platz 20' is present on page 

2018-03-20 20:02:25 - [TEST_STEP][PASSED] - scrollToElement: Scroll to object 'Object Repository/Filialsuche_Inputtext' successfully

2018-03-20 20:02:25 - [MESSAGE][PASSED] - Scroll to object 'Object Repository/Filialsuche_Inputtext' successfully

2018-03-20 20:02:25 - [TEST_STEP][PASSED] - verifyTextPresent: Text 'PSD Bank Nürnberg eG' is present on page 

2018-03-20 20:02:25 - [MESSAGE][PASSED] - Text 'PSD Bank Nürnberg eG' is present on page 

2018-03-20 20:02:25 - [TEST_STEP][FAILED] - verifyTextNotPresent: Unable to verify text 'Willy-Brandt-Platz 8' is not present  (Root cause: Text 'Willy-Brandt-Platz 8' is present on page )

2018-03-20 20:02:25 - [MESSAGE][FAILED] - Text 'Willy-Brandt-Platz 8' is present on page 

2018-03-20 20:02:25 - [MESSAGE][FAILED] - Unable to verify text 'Willy-Brandt-Platz 8' is not present  (Root cause: Text 'Willy-Brandt-Platz 8' is present on page )
[[ATTACHMENT|/Users/lbut/git/Katalon/Reports/Filialsuche_20_03/20180320_194128/1521572545504.png]]]]></system-out>
         <system-err><![CDATA[2018-03-20 20:02:15 - [TEST_CASE][FAILED] - Test Cases/Prototyp_Filialsuche (RC 18)/60_Testfall: Test Cases/Prototyp_Filialsuche (RC 18)/60_Testfall FAILED because (of) Unable to verify text 'Willy-Brandt-Platz 8' is not present  (Root cause: Text 'Willy-Brandt-Platz 8' is present on page )]]></system-err>
      </testcase>
      <testcase name="Test Cases/Prototyp_Filialsuche (RC 18)/61_Testfall" classname="Test Cases/Prototyp_Filialsuche (RC 18)/61_Testfall" status="FAILED">
         <failure type="FAILED" message="Unable to verify text 'Hauptstr. 56' is not present  (Root cause: Text 'Hauptstr. 56' is present on page )"/>
         <system-out><![CDATA[2018-03-20 20:02:25 - [TEST_CASE][FAILED] - Test Cases/Prototyp_Filialsuche (RC 18)/61_Testfall: Test Cases/Prototyp_Filialsuche (RC 18)/61_Testfall FAILED because (of) Unable to verify text 'Hauptstr. 56' is not present  (Root cause: Text 'Hauptstr. 56' is present on page )

2018-03-20 20:02:25 - [TEST_STEP][PASSED] - openBrowser: Browser is opened with url: ''

2018-03-20 20:02:25 - [MESSAGE][WARNING] - A browser is already opened. Closing browser and opening a new one

2018-03-20 20:02:27 - [MESSAGE][PASSED] - Browser is opened with url: ''

2018-03-20 20:02:27 - [TEST_STEP][PASSED] - deleteAllCookies: Delete all cookies successfully

2018-03-20 20:02:27 - [MESSAGE][PASSED] - Delete all cookies successfully

2018-03-20 20:02:27 - [TEST_STEP][PASSED] - maximizeWindow: Current window maximized

2018-03-20 20:02:27 - [MESSAGE][PASSED] - Current window maximized

2018-03-20 20:02:27 - [TEST_STEP][PASSED] - navigateToUrl: Navigate to 'http://rc-ogrhtmlprototyp.testintern/18-1-0/filialsuche-wangen-textinput.html' successfully

2018-03-20 20:02:31 - [MESSAGE][PASSED] - Navigate to 'http://rc-ogrhtmlprototyp.testintern/18-1-0/filialsuche-wangen-textinput.html' successfully

2018-03-20 20:02:31 - [TEST_STEP][PASSED] - delay: Delayed 5 second(s)

2018-03-20 20:02:36 - [MESSAGE][PASSED] - Delayed 5 second(s)

2018-03-20 20:02:36 - [TEST_STEP][PASSED] - scrollToElement: Scroll to object 'Object Repository/Filialsuche_Inputtext' successfully

2018-03-20 20:02:36 - [MESSAGE][WARNING] - Timeout '0' is invalid. Using default page load timeout: '30'

2018-03-20 20:02:36 - [MESSAGE][PASSED] - Scroll to object 'Object Repository/Filialsuche_Inputtext' successfully

2018-03-20 20:02:36 - [TEST_STEP][PASSED] - delay: Delayed 5 second(s)

2018-03-20 20:02:41 - [MESSAGE][PASSED] - Delayed 5 second(s)

2018-03-20 20:02:41 - [TEST_STEP][PASSED] - setText: Text 'Rechberghausen' is set on object 'Object Repository/Filialsuche_Inputtext'

2018-03-20 20:02:42 - [MESSAGE][PASSED] - Text 'Rechberghausen' is set on object 'Object Repository/Filialsuche_Inputtext'

2018-03-20 20:02:42 - [TEST_STEP][PASSED] - delay: Delayed 5 second(s)

2018-03-20 20:02:47 - [MESSAGE][PASSED] - Delayed 5 second(s)

2018-03-20 20:02:47 - [TEST_STEP][PASSED] - submit: The form containing object: 'Object Repository/Filialsuche_submit_button' is submitted

2018-03-20 20:02:47 - [MESSAGE][PASSED] - The form containing object: 'Object Repository/Filialsuche_submit_button' is submitted

2018-03-20 20:02:47 - [TEST_STEP][PASSED] - delay: Delayed 5 second(s)

2018-03-20 20:02:52 - [MESSAGE][PASSED] - Delayed 5 second(s)

2018-03-20 20:02:52 - [TEST_STEP][PASSED] - verifyTextPresent: Text 'Geschäftsstelle Rechberghausen' is present on page 

2018-03-20 20:02:52 - [MESSAGE][PASSED] - Text 'Geschäftsstelle Rechberghausen' is present on page 

2018-03-20 20:02:52 - [TEST_STEP][PASSED] - verifyTextPresent: Text 'Hauptstr. 37' is present on page 

2018-03-20 20:02:52 - [MESSAGE][PASSED] - Text 'Hauptstr. 37' is present on page 

2018-03-20 20:02:52 - [TEST_STEP][PASSED] - verifyTextPresent: Text '73098 Rechberghausen' is present on page 

2018-03-20 20:02:52 - [MESSAGE][PASSED] - Text '73098 Rechberghausen' is present on page 

2018-03-20 20:02:52 - [TEST_STEP][PASSED] - verifyTextPresent: Text 'Geschäftsstelle Börtlingen' is present on page 

2018-03-20 20:02:52 - [MESSAGE][PASSED] - Text 'Geschäftsstelle Börtlingen' is present on page 

2018-03-20 20:02:52 - [TEST_STEP][PASSED] - verifyTextPresent: Text 'Geschäftsstelle Uhingen-Holzhausen' is present on page 

2018-03-20 20:02:52 - [MESSAGE][PASSED] - Text 'Geschäftsstelle Uhingen-Holzhausen' is present on page 

2018-03-20 20:02:52 - [TEST_STEP][PASSED] - verifyTextPresent: Text 'Raiffeisenbank Wangen eG' is present on page 

2018-03-20 20:02:52 - [MESSAGE][PASSED] - Text 'Raiffeisenbank Wangen eG' is present on page 

2018-03-20 20:02:52 - [TEST_STEP][PASSED] - delay: Delayed 5 second(s)

2018-03-20 20:02:57 - [MESSAGE][PASSED] - Delayed 5 second(s)

2018-03-20 20:02:57 - [TEST_STEP][FAILED] - verifyTextNotPresent: Unable to verify text 'Hauptstr. 56' is not present  (Root cause: Text 'Hauptstr. 56' is present on page )

2018-03-20 20:02:57 - [MESSAGE][FAILED] - Text 'Hauptstr. 56' is present on page 

2018-03-20 20:02:57 - [MESSAGE][FAILED] - Unable to verify text 'Hauptstr. 56' is not present  (Root cause: Text 'Hauptstr. 56' is present on page )
[[ATTACHMENT|/Users/lbut/git/Katalon/Reports/Filialsuche_20_03/20180320_194128/1521572577198.png]]]]></system-out>
         <system-err><![CDATA[2018-03-20 20:02:25 - [TEST_CASE][FAILED] - Test Cases/Prototyp_Filialsuche (RC 18)/61_Testfall: Test Cases/Prototyp_Filialsuche (RC 18)/61_Testfall FAILED because (of) Unable to verify text 'Hauptstr. 56' is not present  (Root cause: Text 'Hauptstr. 56' is present on page )]]></system-err>
      </testcase>
      <testcase name="Test Cases/Prototyp_Filialsuche (RC 18)/62_Testfall" classname="Test Cases/Prototyp_Filialsuche (RC 18)/62_Testfall" status="FAILED">
         <failure type="FAILED" message="Verify element text of test object 'Object Repository/OGRPrototypFilialsuche - DistanzRotenburg/01ErgebnisTest' FAILED. (Root cause: Actual text 'VR-Bankverein Bad Hersfeld-Rotenburg eG Filiale  Bad Hersfeld' and expected text 'VR-Bankverein Bad Hersfeld-Rotenburg eG Filiale Bad Hersfeld' of test object 'Object Repository/OGRPrototypFilialsuche - DistanzRotenburg/01ErgebnisTest' are NOT matched.)"/>
         <system-out><![CDATA[2018-03-20 20:02:57 - [TEST_CASE][FAILED] - Test Cases/Prototyp_Filialsuche (RC 18)/62_Testfall: Test Cases/Prototyp_Filialsuche (RC 18)/62_Testfall FAILED because (of) Verify element text of test object 'Object Repository/OGRPrototypFilialsuche - DistanzRotenburg/01ErgebnisTest' FAILED. (Root cause: Actual text 'VR-Bankverein Bad Hersfeld-Rotenburg eG Filiale  Bad Hersfeld' and expected text 'VR-Bankverein Bad Hersfeld-Rotenburg eG Filiale Bad Hersfeld' of test object 'Object Repository/OGRPrototypFilialsuche - DistanzRotenburg/01ErgebnisTest' are NOT matched.)

2018-03-20 20:02:57 - [TEST_STEP][PASSED] - openBrowser: Browser is opened with url: ''

2018-03-20 20:02:57 - [MESSAGE][WARNING] - A browser is already opened. Closing browser and opening a new one

2018-03-20 20:02:59 - [MESSAGE][PASSED] - Browser is opened with url: ''

2018-03-20 20:02:59 - [TEST_STEP][PASSED] - deleteAllCookies: Delete all cookies successfully

2018-03-20 20:02:59 - [MESSAGE][PASSED] - Delete all cookies successfully

2018-03-20 20:02:59 - [TEST_STEP][PASSED] - maximizeWindow: Current window maximized

2018-03-20 20:02:59 - [MESSAGE][PASSED] - Current window maximized

2018-03-20 20:02:59 - [TEST_STEP][PASSED] - navigateToUrl: Navigate to 'http://rc-ogrhtmlprototyp.testintern/18-1-0/filialsuche-rotenburg.html' successfully

2018-03-20 20:03:01 - [MESSAGE][PASSED] - Navigate to 'http://rc-ogrhtmlprototyp.testintern/18-1-0/filialsuche-rotenburg.html' successfully

2018-03-20 20:03:01 - [TEST_STEP][PASSED] - waitForPageLoad: Wait for page load successfully

2018-03-20 20:03:01 - [MESSAGE][WARNING] - Timeout '0' is invalid. Using default page load timeout: '30'

2018-03-20 20:03:02 - [MESSAGE][PASSED] - Wait for page load successfully

2018-03-20 20:03:02 - [TEST_STEP][PASSED] - delay: Delayed 4 second(s)

2018-03-20 20:03:06 - [MESSAGE][PASSED] - Delayed 4 second(s)

2018-03-20 20:03:06 - [TEST_STEP][PASSED] - click: Object: 'Object Repository/03/Page_Filialsuche-rotenburg - BVR HT/svg_dropdown-icons' is clicked on

2018-03-20 20:03:06 - [MESSAGE][PASSED] - Object: 'Object Repository/03/Page_Filialsuche-rotenburg - BVR HT/svg_dropdown-icons' is clicked on

2018-03-20 20:03:06 - [TEST_STEP][PASSED] - delay: Delayed 2 second(s)

2018-03-20 20:03:08 - [MESSAGE][PASSED] - Delayed 2 second(s)

2018-03-20 20:03:08 - [TEST_STEP][PASSED] - mouseOver: Object: 'Object Repository/002/Page_Filialsuche-rotenburg - BVR HT/div_Bad Hersfeld' is hovered

2018-03-20 20:03:08 - [MESSAGE][PASSED] - Object: 'Object Repository/002/Page_Filialsuche-rotenburg - BVR HT/div_Bad Hersfeld' is hovered

2018-03-20 20:03:08 - [TEST_STEP][PASSED] - delay: Delayed 2 second(s)

2018-03-20 20:03:10 - [MESSAGE][PASSED] - Delayed 2 second(s)

2018-03-20 20:03:10 - [TEST_STEP][PASSED] - click: Object: 'Object Repository/03/Page_Filialsuche-rotenburg - BVR HT/div_Bad Hersfeld' is clicked on

2018-03-20 20:03:10 - [MESSAGE][PASSED] - Object: 'Object Repository/03/Page_Filialsuche-rotenburg - BVR HT/div_Bad Hersfeld' is clicked on

2018-03-20 20:03:10 - [TEST_STEP][PASSED] - delay: Delayed 5 second(s)

2018-03-20 20:03:15 - [MESSAGE][PASSED] - Delayed 5 second(s)

2018-03-20 20:03:15 - [TEST_STEP][FAILED] - verifyElementText: Verify element text of test object 'Object Repository/OGRPrototypFilialsuche - DistanzRotenburg/01ErgebnisTest' FAILED. (Root cause: Actual text 'VR-Bankverein Bad Hersfeld-Rotenburg eG Filiale  Bad Hersfeld' and expected text 'VR-Bankverein Bad Hersfeld-Rotenburg eG Filiale Bad Hersfeld' of test object 'Object Repository/OGRPrototypFilialsuche - DistanzRotenburg/01ErgebnisTest' are NOT matched.)

2018-03-20 20:03:15 - [MESSAGE][FAILED] - Actual text 'VR-Bankverein Bad Hersfeld-Rotenburg eG Filiale  Bad Hersfeld' and expected text 'VR-Bankverein Bad Hersfeld-Rotenburg eG Filiale Bad Hersfeld' of test object 'Object Repository/OGRPrototypFilialsuche - DistanzRotenburg/01ErgebnisTest' are NOT matched.
[[ATTACHMENT|/Users/lbut/git/Katalon/Reports/Filialsuche_20_03/20180320_194128/1521572595403.png]]

2018-03-20 20:03:15 - [MESSAGE][FAILED] - Verify element text of test object 'Object Repository/OGRPrototypFilialsuche - DistanzRotenburg/01ErgebnisTest' FAILED. (Root cause: Actual text 'VR-Bankverein Bad Hersfeld-Rotenburg eG Filiale  Bad Hersfeld' and expected text 'VR-Bankverein Bad Hersfeld-Rotenburg eG Filiale Bad Hersfeld' of test object 'Object Repository/OGRPrototypFilialsuche - DistanzRotenburg/01ErgebnisTest' are NOT matched.)
[[ATTACHMENT|/Users/lbut/git/Katalon/Reports/Filialsuche_20_03/20180320_194128/1521572595602.png]]]]></system-out>
         <system-err><![CDATA[2018-03-20 20:02:57 - [TEST_CASE][FAILED] - Test Cases/Prototyp_Filialsuche (RC 18)/62_Testfall: Test Cases/Prototyp_Filialsuche (RC 18)/62_Testfall FAILED because (of) Verify element text of test object 'Object Repository/OGRPrototypFilialsuche - DistanzRotenburg/01ErgebnisTest' FAILED. (Root cause: Actual text 'VR-Bankverein Bad Hersfeld-Rotenburg eG Filiale  Bad Hersfeld' and expected text 'VR-Bankverein Bad Hersfeld-Rotenburg eG Filiale Bad Hersfeld' of test object 'Object Repository/OGRPrototypFilialsuche - DistanzRotenburg/01ErgebnisTest' are NOT matched.)]]></system-err>
      </testcase>
      <testcase name="Test Cases/Prototyp_Filialsuche (RC 18)/63_Testfall" classname="Test Cases/Prototyp_Filialsuche (RC 18)/63_Testfall" status="FAILED">
         <failure type="FAILED" message="Verify element text of test object 'Object Repository/OGRPrototypFilialsuche - DistanzRotenburg/01ErgebnisTest' FAILED. (Root cause: Actual text 'VR-Bankverein Bad Hersfeld-Rotenburg eG Filiale  Bad Hersfeld' and expected text 'VR-Bankverein Bad Hersfeld-Rotenburg eG Filiale Bad Hersfeld' of test object 'Object Repository/OGRPrototypFilialsuche - DistanzRotenburg/01ErgebnisTest' are NOT matched.)"/>
         <system-out><![CDATA[2018-03-20 20:03:15 - [TEST_CASE][FAILED] - Test Cases/Prototyp_Filialsuche (RC 18)/63_Testfall: Test Cases/Prototyp_Filialsuche (RC 18)/63_Testfall FAILED because (of) Verify element text of test object 'Object Repository/OGRPrototypFilialsuche - DistanzRotenburg/01ErgebnisTest' FAILED. (Root cause: Actual text 'VR-Bankverein Bad Hersfeld-Rotenburg eG Filiale  Bad Hersfeld' and expected text 'VR-Bankverein Bad Hersfeld-Rotenburg eG Filiale Bad Hersfeld' of test object 'Object Repository/OGRPrototypFilialsuche - DistanzRotenburg/01ErgebnisTest' are NOT matched.)

2018-03-20 20:03:15 - [TEST_STEP][PASSED] - openBrowser: Browser is opened with url: ''

2018-03-20 20:03:15 - [MESSAGE][WARNING] - A browser is already opened. Closing browser and opening a new one

2018-03-20 20:03:18 - [MESSAGE][PASSED] - Browser is opened with url: ''

2018-03-20 20:03:18 - [TEST_STEP][PASSED] - maximizeWindow: Current window maximized

2018-03-20 20:03:18 - [MESSAGE][PASSED] - Current window maximized

2018-03-20 20:03:18 - [TEST_STEP][PASSED] - deleteAllCookies: Delete all cookies successfully

2018-03-20 20:03:18 - [MESSAGE][PASSED] - Delete all cookies successfully

2018-03-20 20:03:18 - [TEST_STEP][PASSED] - navigateToUrl: Navigate to 'http://rc-ogrhtmlprototyp.testintern/18-1-0/filialsuche-rotenburg-textinput.html' successfully

2018-03-20 20:03:19 - [MESSAGE][PASSED] - Navigate to 'http://rc-ogrhtmlprototyp.testintern/18-1-0/filialsuche-rotenburg-textinput.html' successfully

2018-03-20 20:03:19 - [TEST_STEP][PASSED] - delay: Delayed 5 second(s)

2018-03-20 20:03:24 - [MESSAGE][PASSED] - Delayed 5 second(s)

2018-03-20 20:03:24 - [TEST_STEP][PASSED] - setText: Text 'Bad Hersfeld' is set on object 'Object Repository/Filialsuche_Inputtext'

2018-03-20 20:03:24 - [MESSAGE][PASSED] - Text 'Bad Hersfeld' is set on object 'Object Repository/Filialsuche_Inputtext'

2018-03-20 20:03:24 - [TEST_STEP][PASSED] - delay: Delayed 2 second(s)

2018-03-20 20:03:27 - [MESSAGE][PASSED] - Delayed 2 second(s)

2018-03-20 20:03:27 - [TEST_STEP][PASSED] - submit: The form containing object: 'Object Repository/Filialsuche_submit_button' is submitted

2018-03-20 20:03:27 - [MESSAGE][PASSED] - The form containing object: 'Object Repository/Filialsuche_submit_button' is submitted

2018-03-20 20:03:27 - [TEST_STEP][PASSED] - delay: Delayed 8 second(s)

2018-03-20 20:03:35 - [MESSAGE][PASSED] - Delayed 8 second(s)

2018-03-20 20:03:35 - [TEST_STEP][FAILED] - verifyElementText: Verify element text of test object 'Object Repository/OGRPrototypFilialsuche - DistanzRotenburg/01ErgebnisTest' FAILED. (Root cause: Actual text 'VR-Bankverein Bad Hersfeld-Rotenburg eG Filiale  Bad Hersfeld' and expected text 'VR-Bankverein Bad Hersfeld-Rotenburg eG Filiale Bad Hersfeld' of test object 'Object Repository/OGRPrototypFilialsuche - DistanzRotenburg/01ErgebnisTest' are NOT matched.)

2018-03-20 20:03:35 - [MESSAGE][FAILED] - Actual text 'VR-Bankverein Bad Hersfeld-Rotenburg eG Filiale  Bad Hersfeld' and expected text 'VR-Bankverein Bad Hersfeld-Rotenburg eG Filiale Bad Hersfeld' of test object 'Object Repository/OGRPrototypFilialsuche - DistanzRotenburg/01ErgebnisTest' are NOT matched.
[[ATTACHMENT|/Users/lbut/git/Katalon/Reports/Filialsuche_20_03/20180320_194128/1521572615128.png]]

2018-03-20 20:03:35 - [MESSAGE][FAILED] - Verify element text of test object 'Object Repository/OGRPrototypFilialsuche - DistanzRotenburg/01ErgebnisTest' FAILED. (Root cause: Actual text 'VR-Bankverein Bad Hersfeld-Rotenburg eG Filiale  Bad Hersfeld' and expected text 'VR-Bankverein Bad Hersfeld-Rotenburg eG Filiale Bad Hersfeld' of test object 'Object Repository/OGRPrototypFilialsuche - DistanzRotenburg/01ErgebnisTest' are NOT matched.)
[[ATTACHMENT|/Users/lbut/git/Katalon/Reports/Filialsuche_20_03/20180320_194128/1521572615367.png]]]]></system-out>
         <system-err><![CDATA[2018-03-20 20:03:15 - [TEST_CASE][FAILED] - Test Cases/Prototyp_Filialsuche (RC 18)/63_Testfall: Test Cases/Prototyp_Filialsuche (RC 18)/63_Testfall FAILED because (of) Verify element text of test object 'Object Repository/OGRPrototypFilialsuche - DistanzRotenburg/01ErgebnisTest' FAILED. (Root cause: Actual text 'VR-Bankverein Bad Hersfeld-Rotenburg eG Filiale  Bad Hersfeld' and expected text 'VR-Bankverein Bad Hersfeld-Rotenburg eG Filiale Bad Hersfeld' of test object 'Object Repository/OGRPrototypFilialsuche - DistanzRotenburg/01ErgebnisTest' are NOT matched.)]]></system-err>
      </testcase>
      <system-out><![CDATA[2018-03-20 19:41:54 - [TEST_SUITE][FAILED] - Filialsuche_20_03: Test Cases/Prototyp_Filialsuche (RC 18)/18_Testfall FAILED because (of) Unable to verify text 'Hauptstr. 11' is present  (Root cause: Text 'Hauptstr. 11' is not present on page )]]></system-out>
      <system-err><![CDATA[2018-03-20 19:41:54 - [TEST_SUITE][FAILED] - Filialsuche_20_03: Test Cases/Prototyp_Filialsuche (RC 18)/18_Testfall FAILED because (of) Unable to verify text 'Hauptstr. 11' is present  (Root cause: Text 'Hauptstr. 11' is not present on page )]]></system-err>
   </testsuite>
</testsuites>
