<?xml version="1.0" encoding="UTF-8"?>
<testsuites name="Prototyp GAA (RC18) 13_03_2018" time="318" tests="7" failures="3" errors="0">
   <testsuite name="Prototyp GAA (RC18) 13_03_2018" tests="7" failures="3" errors="0" time="318" timestamp="2018-03-13 10:44:50" hostname="lbut - Unitb-Dell22.Werk.UnitB.de" id="Test Suites/Prototyp GAA (RC18) 13_03_2018">
      <properties>
         <property name="deviceName" value=""/>
         <property name="devicePlatform" value=""/>
         <property name="logFolder" value="C:\\Users\\lbut\\Downloads\\Prototyp1_12_03\\Prototyp1\\Reports\\Prototyp GAA (RC18) 13_03_2018\\20180313_104446"/>
         <property name="logFiles" value="C:\\Users\\lbut\\Downloads\\Prototyp1_12_03\\Prototyp1\\Reports\\Prototyp GAA (RC18) 13_03_2018\\20180313_104446\\execution0.log"/>
         <property name="attachments" value=""/>
         <property name="hostName" value="lbut - Unitb-Dell22.Werk.UnitB.de"/>
         <property name="os" value="Windows 7 64bit"/>
         <property name="katalonVersion" value="5.3.0.1"/>
         <property name="browser" value="Firefox 58.0"/>
         <property name="hostAddress" value="192.168.134.64"/>
         <property name="sessionId" value="865858df-bb18-45ea-bf9e-0814654159a0"/>
         <property name="seleniumVersion" value="3.7.1"/>
         <property name="proxyInformation" value="ProxyInformation{proxyOption=NO_PROXY, proxyServerType=HTTP, password=, proxyServerAddress=, proxyServerPort=0}"/>
         <property name="platform" value="Windows 7"/>
      </properties>
      <testcase name="Test Cases/Prototyp_GAA_Suche (RC18)/01_Testfall" classname="Test Cases/Prototyp_GAA_Suche (RC18)/01_Testfall" status="FAILED">
         <failure type="FAILED" message="Anzahl Maps 99 ist NICHT gleich Anzahl Filialen 100"/>
         <system-out><![CDATA[2018-03-13 10:44:51 - [TEST_CASE][FAILED] - Test Cases/Prototyp_GAA_Suche (RC18)/01_Testfall: Test Cases/Prototyp_GAA_Suche (RC18)/01_Testfall FAILED because (of) Anzahl Maps 99 ist NICHT gleich Anzahl Filialen 100

2018-03-13 10:44:52 - [TEST_STEP][PASSED] - openBrowser: Browser is opened with url: ''

2018-03-13 10:45:11 - [MESSAGE][PASSED] - Browser is opened with url: ''

2018-03-13 10:45:11 - [TEST_STEP][PASSED] - deleteAllCookies: Delete all cookies successfully

2018-03-13 10:45:11 - [MESSAGE][PASSED] - Delete all cookies successfully

2018-03-13 10:45:11 - [TEST_STEP][PASSED] - maximizeWindow: Current window maximized

2018-03-13 10:45:11 - [MESSAGE][PASSED] - Current window maximized

2018-03-13 10:45:11 - [TEST_STEP][PASSED] - navigateToUrl: Navigate to 'http://rc-ogrhtmlprototyp.testintern/18-1-0/geldautomatensuche.html' successfully

2018-03-13 10:45:21 - [MESSAGE][PASSED] - Navigate to 'http://rc-ogrhtmlprototyp.testintern/18-1-0/geldautomatensuche.html' successfully

2018-03-13 10:45:21 - [TEST_STEP][PASSED] - delay: Delayed 5 second(s)

2018-03-13 10:45:26 - [MESSAGE][PASSED] - Delayed 5 second(s)

2018-03-13 10:45:26 - [TEST_STEP][PASSED] - Statement - wes1 = com.kms.katalon.core.webui.common.WebUiCommonHelper.findWebElements(com.kms.katalon.core.testobject.ObjectRepository.findTestObject(gaa_map), 5): Found 99 web elements with id: 'Object Repository/gaa_map' located by 'By.xpath: //div[@class='aps-map__custom-marker aps-map__custom-marker--is-atm']' in '5' second(s)

2018-03-13 10:45:26 - [TEST_STEP][PASSED] - Statement - wes2 = com.kms.katalon.core.webui.common.WebUiCommonHelper.findWebElements(com.kms.katalon.core.testobject.ObjectRepository.findTestObject(loc_steet_filialsuche), 5): Found 100 web elements with id: 'Object Repository/loc_steet_filialsuche' located by 'By.xpath: //div[@class='loc-street']' in '5' second(s)

2018-03-13 10:45:26 - [TEST_STEP][PASSED] - Statement - filial_maps_count = wes1.size(): null

2018-03-13 10:45:26 - [TEST_STEP][PASSED] - Statement - filial_accordeon_count = wes2.size(): null

2018-03-13 10:45:26 - [TEST_STEP][PASSED] - Statement - filial_count = 100: null

2018-03-13 10:45:26 - [TEST_STEP][PASSED] - Statement - If (filial_maps_count != filial_count): null

2018-03-13 10:45:26 - [TEST_STEP][PASSED] - comment: Anzahl Maps 99 ist NICHT gleich Anzahl Filialen 100

2018-03-13 10:45:26 - [TEST_STEP][PASSED] - closeBrowser: Browser is closed

2018-03-13 10:45:27 - [MESSAGE][PASSED] - Browser is closed

2018-03-13 10:45:27 - [TEST_STEP][PASSED] - Statement - Throw new com.kms.katalon.core.exception.StepFailedException((((Anzahl Maps  + filial_maps_count) +  ist NICHT gleich Anzahl Filialen ) + filial_count)): null]]></system-out>
         <system-err><![CDATA[2018-03-13 10:44:51 - [TEST_CASE][FAILED] - Test Cases/Prototyp_GAA_Suche (RC18)/01_Testfall: Test Cases/Prototyp_GAA_Suche (RC18)/01_Testfall FAILED because (of) Anzahl Maps 99 ist NICHT gleich Anzahl Filialen 100]]></system-err>
      </testcase>
      <testcase name="Test Cases/Prototyp_GAA_Suche (RC18)/03_Testfall" classname="Test Cases/Prototyp_GAA_Suche (RC18)/03_Testfall" status="PASSED">
         <system-out><![CDATA[2018-03-13 10:45:27 - [TEST_CASE][PASSED] - Test Cases/Prototyp_GAA_Suche (RC18)/03_Testfall: Test Cases/Prototyp_GAA_Suche (RC18)/03_Testfall

2018-03-13 10:45:27 - [TEST_STEP][PASSED] - openBrowser: Browser is opened with url: ''

2018-03-13 10:45:43 - [MESSAGE][PASSED] - Browser is opened with url: ''

2018-03-13 10:45:43 - [TEST_STEP][PASSED] - maximizeWindow: Current window maximized

2018-03-13 10:45:43 - [MESSAGE][PASSED] - Current window maximized

2018-03-13 10:45:43 - [TEST_STEP][PASSED] - deleteAllCookies: Delete all cookies successfully

2018-03-13 10:45:43 - [MESSAGE][PASSED] - Delete all cookies successfully

2018-03-13 10:45:43 - [TEST_STEP][PASSED] - navigateToUrl: Navigate to 'http://rc-ogrhtmlprototyp.testintern/18-1-0/geldautomatensuche.html' successfully

2018-03-13 10:45:49 - [MESSAGE][PASSED] - Navigate to 'http://rc-ogrhtmlprototyp.testintern/18-1-0/geldautomatensuche.html' successfully

2018-03-13 10:45:49 - [TEST_STEP][PASSED] - delay: Delayed 5 second(s)

2018-03-13 10:45:54 - [MESSAGE][PASSED] - Delayed 5 second(s)

2018-03-13 10:45:54 - [TEST_STEP][PASSED] - verifyElementNotPresent: Web element with id: 'Object Repository/Akkordeon_plus_filialsuche' located by 'By.xpath: //a[@class='acc-header acc-header--open']' is not present after '5' second(s)

2018-03-13 10:45:54 - [MESSAGE][PASSED] - Web element with id: 'Object Repository/Akkordeon_plus_filialsuche' located by 'By.xpath: //a[@class='acc-header acc-header--open']' is not present after '5' second(s)

2018-03-13 10:45:54 - [TEST_STEP][PASSED] - closeBrowser: Browser is closed

2018-03-13 10:45:55 - [MESSAGE][PASSED] - Browser is closed]]></system-out>
         <system-err><![CDATA[]]></system-err>
      </testcase>
      <testcase name="Test Cases/Prototyp_GAA_Suche (RC18)/04_Testfall" classname="Test Cases/Prototyp_GAA_Suche (RC18)/04_Testfall" status="FAILED">
         <failure type="FAILED" message="Unable to open browser with url: '' (Root cause: org.openqa.selenium.WebDriverException: Cannot create profile directory at C:\Users\lbut\AppData\Local\Temp\anonymous1520934365317webdriver-profile
Build info: version: '3.7.1', revision: '8a0099a', time: '2017-11-06T21:07:36.161Z'
System info: host: 'UNITB-DELL22', ip: '192.168.134.64', os.name: 'Windows 7', os.arch: 'amd64', os.version: '6.1', java.version: '1.8.0_102'
Driver info: driver.version: CGeckoDriver)"/>
         <system-out><![CDATA[2018-03-13 10:45:55 - [TEST_CASE][FAILED] - Test Cases/Prototyp_GAA_Suche (RC18)/04_Testfall: Test Cases/Prototyp_GAA_Suche (RC18)/04_Testfall FAILED because (of) Unable to open browser with url: '' (Root cause: org.openqa.selenium.WebDriverException: Cannot create profile directory at C:\Users\lbut\AppData\Local\Temp\anonymous1520934365317webdriver-profile
Build info: version: '3.7.1', revision: '8a0099a', time: '2017-11-06T21:07:36.161Z'
System info: host: 'UNITB-DELL22', ip: '192.168.134.64', os.name: 'Windows 7', os.arch: 'amd64', os.version: '6.1', java.version: '1.8.0_102'
Driver info: driver.version: CGeckoDriver)

2018-03-13 10:45:55 - [TEST_STEP][FAILED] - openBrowser: Unable to open browser with url: '' (Root cause: org.openqa.selenium.WebDriverException: Cannot create profile directory at C:\Users\lbut\AppData\Local\Temp\anonymous1520934365317webdriver-profile
Build info: version: '3.7.1', revision: '8a0099a', time: '2017-11-06T21:07:36.161Z'
System info: host: 'UNITB-DELL22', ip: '192.168.134.64', os.name: 'Windows 7', os.arch: 'amd64', os.version: '6.1', java.version: '1.8.0_102'
Driver info: driver.version: CGeckoDriver)

2018-03-13 10:46:05 - [MESSAGE][FAILED] - Unable to open browser with url: '' (Root cause: org.openqa.selenium.WebDriverException: Cannot create profile directory at C:\Users\lbut\AppData\Local\Temp\anonymous1520934365317webdriver-profile
Build info: version: '3.7.1', revision: '8a0099a', time: '2017-11-06T21:07:36.161Z'
System info: host: 'UNITB-DELL22', ip: '192.168.134.64', os.name: 'Windows 7', os.arch: 'amd64', os.version: '6.1', java.version: '1.8.0_102'
Driver info: driver.version: CGeckoDriver)]]></system-out>
         <system-err><![CDATA[2018-03-13 10:45:55 - [TEST_CASE][FAILED] - Test Cases/Prototyp_GAA_Suche (RC18)/04_Testfall: Test Cases/Prototyp_GAA_Suche (RC18)/04_Testfall FAILED because (of) Unable to open browser with url: '' (Root cause: org.openqa.selenium.WebDriverException: Cannot create profile directory at C:\Users\lbut\AppData\Local\Temp\anonymous1520934365317webdriver-profile
Build info: version: '3.7.1', revision: '8a0099a', time: '2017-11-06T21:07:36.161Z'
System info: host: 'UNITB-DELL22', ip: '192.168.134.64', os.name: 'Windows 7', os.arch: 'amd64', os.version: '6.1', java.version: '1.8.0_102'
Driver info: driver.version: CGeckoDriver)]]></system-err>
      </testcase>
      <testcase name="Test Cases/Prototyp_GAA_Suche (RC18)/05_Testfall" classname="Test Cases/Prototyp_GAA_Suche (RC18)/05_Testfall" status="PASSED">
         <system-out><![CDATA[2018-03-13 10:46:05 - [TEST_CASE][PASSED] - Test Cases/Prototyp_GAA_Suche (RC18)/05_Testfall: Test Cases/Prototyp_GAA_Suche (RC18)/05_Testfall

2018-03-13 10:46:05 - [TEST_STEP][PASSED] - openBrowser: Browser is opened with url: ''

2018-03-13 10:46:14 - [MESSAGE][PASSED] - Browser is opened with url: ''

2018-03-13 10:46:14 - [TEST_STEP][PASSED] - maximizeWindow: Current window maximized

2018-03-13 10:46:14 - [MESSAGE][PASSED] - Current window maximized

2018-03-13 10:46:14 - [TEST_STEP][PASSED] - deleteAllCookies: Delete all cookies successfully

2018-03-13 10:46:14 - [MESSAGE][PASSED] - Delete all cookies successfully

2018-03-13 10:46:14 - [TEST_STEP][PASSED] - navigateToUrl: Navigate to 'http://rc-ogrhtmlprototyp.testintern/18-1-0/geldautomatensuche.html' successfully

2018-03-13 10:46:45 - [MESSAGE][PASSED] - Navigate to 'http://rc-ogrhtmlprototyp.testintern/18-1-0/geldautomatensuche.html' successfully

2018-03-13 10:46:45 - [TEST_STEP][PASSED] - delay: Delayed 5 second(s)

2018-03-13 10:46:50 - [MESSAGE][PASSED] - Delayed 5 second(s)

2018-03-13 10:46:50 - [TEST_STEP][PASSED] - verifyElementNotPresent: Web element with id: 'Object Repository/Entfernung_filialsuche' located by 'By.xpath: //span[@class='loc-distance']' is not present after '5' second(s)

2018-03-13 10:46:50 - [MESSAGE][PASSED] - Web element with id: 'Object Repository/Entfernung_filialsuche' located by 'By.xpath: //span[@class='loc-distance']' is not present after '5' second(s)

2018-03-13 10:46:50 - [TEST_STEP][PASSED] - closeBrowser: Browser is closed

2018-03-13 10:46:52 - [MESSAGE][PASSED] - Browser is closed]]></system-out>
         <system-err><![CDATA[]]></system-err>
      </testcase>
      <testcase name="Test Cases/Prototyp_GAA_Suche (RC18)/06_Testfall" classname="Test Cases/Prototyp_GAA_Suche (RC18)/06_Testfall" status="FAILED">
         <failure type="FAILED" message="Anzahl Maps 71 ist NICHT gleich Anzahl Filialen 70"/>
         <system-out><![CDATA[2018-03-13 10:46:52 - [TEST_CASE][FAILED] - Test Cases/Prototyp_GAA_Suche (RC18)/06_Testfall: Test Cases/Prototyp_GAA_Suche (RC18)/06_Testfall FAILED because (of) Anzahl Maps 71 ist NICHT gleich Anzahl Filialen 70

2018-03-13 10:46:52 - [TEST_STEP][PASSED] - openBrowser: Browser is opened with url: ''

2018-03-13 10:47:10 - [MESSAGE][PASSED] - Browser is opened with url: ''

2018-03-13 10:47:10 - [TEST_STEP][PASSED] - deleteAllCookies: Delete all cookies successfully

2018-03-13 10:47:10 - [MESSAGE][PASSED] - Delete all cookies successfully

2018-03-13 10:47:10 - [TEST_STEP][PASSED] - maximizeWindow: Current window maximized

2018-03-13 10:47:10 - [MESSAGE][PASSED] - Current window maximized

2018-03-13 10:47:10 - [TEST_STEP][PASSED] - navigateToUrl: Navigate to 'http://rc-ogrhtmlprototyp.testintern/18-1-0/geldautomatensuche.html' successfully

2018-03-13 10:47:16 - [MESSAGE][PASSED] - Navigate to 'http://rc-ogrhtmlprototyp.testintern/18-1-0/geldautomatensuche.html' successfully

2018-03-13 10:47:16 - [TEST_STEP][PASSED] - delay: Delayed 5 second(s)

2018-03-13 10:47:21 - [MESSAGE][PASSED] - Delayed 5 second(s)

2018-03-13 10:47:21 - [TEST_STEP][PASSED] - click: Object: 'Object Repository/002/Page_Filialsuche-rotenburg - BVR HT/svg_dropdown-icons' is clicked on

2018-03-13 10:47:22 - [MESSAGE][PASSED] - Object: 'Object Repository/002/Page_Filialsuche-rotenburg - BVR HT/svg_dropdown-icons' is clicked on

2018-03-13 10:47:22 - [TEST_STEP][PASSED] - delay: Delayed 2 second(s)

2018-03-13 10:47:24 - [MESSAGE][PASSED] - Delayed 2 second(s)

2018-03-13 10:47:24 - [TEST_STEP][PASSED] - mouseOver: Object: 'Object Repository/Berlin_option' is hovered

2018-03-13 10:47:24 - [MESSAGE][PASSED] - Object: 'Object Repository/Berlin_option' is hovered

2018-03-13 10:47:24 - [TEST_STEP][PASSED] - delay: Delayed 2 second(s)

2018-03-13 10:47:26 - [MESSAGE][PASSED] - Delayed 2 second(s)

2018-03-13 10:47:26 - [TEST_STEP][PASSED] - click: Object: 'Object Repository/Berlin_option' is clicked on

2018-03-13 10:47:26 - [MESSAGE][PASSED] - Object: 'Object Repository/Berlin_option' is clicked on

2018-03-13 10:47:26 - [TEST_STEP][PASSED] - delay: Delayed 5 second(s)

2018-03-13 10:47:31 - [MESSAGE][PASSED] - Delayed 5 second(s)

2018-03-13 10:47:31 - [TEST_STEP][PASSED] - Statement - wes1 = com.kms.katalon.core.webui.common.WebUiCommonHelper.findWebElements(com.kms.katalon.core.testobject.ObjectRepository.findTestObject(gaa_map), 5): Found 71 web elements with id: 'Object Repository/gaa_map' located by 'By.xpath: //div[@class='aps-map__custom-marker aps-map__custom-marker--is-atm']' in '5' second(s)

2018-03-13 10:47:31 - [TEST_STEP][PASSED] - Statement - wes2 = com.kms.katalon.core.webui.common.WebUiCommonHelper.findWebElements(com.kms.katalon.core.testobject.ObjectRepository.findTestObject(loc_steet_filialsuche), 5): Found 71 web elements with id: 'Object Repository/loc_steet_filialsuche' located by 'By.xpath: //div[@class='loc-street']' in '5' second(s)

2018-03-13 10:47:31 - [TEST_STEP][PASSED] - Statement - wes3 = com.kms.katalon.core.webui.common.WebUiCommonHelper.findWebElements(com.kms.katalon.core.testobject.ObjectRepository.findTestObject(filialsuche_loc_city), 5): Finding web element with id: 'Object Repository/filialsuche_loc_city' located by 'By.xpath: /div[@class='loc-city']' in '5' second(s)

2018-03-13 10:47:36 - [TEST_STEP][PASSED] - Statement - filial_maps_count = wes1.size(): null

2018-03-13 10:47:36 - [TEST_STEP][PASSED] - Statement - filial_accordeon_count = wes2.size(): null

2018-03-13 10:47:36 - [TEST_STEP][PASSED] - Statement - filial_count = 70: null

2018-03-13 10:47:36 - [TEST_STEP][PASSED] - Statement - city_name = "Berlin": null

2018-03-13 10:47:36 - [TEST_STEP][PASSED] - Statement - If (filial_maps_count != filial_count): null

2018-03-13 10:47:36 - [TEST_STEP][PASSED] - comment: Anzahl Maps 71 ist NICHT gleich Anzahl Filialen 70

2018-03-13 10:47:36 - [TEST_STEP][PASSED] - closeBrowser: Browser is closed

2018-03-13 10:47:38 - [MESSAGE][PASSED] - Browser is closed

2018-03-13 10:47:38 - [TEST_STEP][PASSED] - Statement - Throw new com.kms.katalon.core.exception.StepFailedException((((Anzahl Maps  + filial_maps_count) +  ist NICHT gleich Anzahl Filialen ) + filial_count)): null]]></system-out>
         <system-err><![CDATA[2018-03-13 10:46:52 - [TEST_CASE][FAILED] - Test Cases/Prototyp_GAA_Suche (RC18)/06_Testfall: Test Cases/Prototyp_GAA_Suche (RC18)/06_Testfall FAILED because (of) Anzahl Maps 71 ist NICHT gleich Anzahl Filialen 70]]></system-err>
      </testcase>
      <testcase name="Test Cases/Prototyp_GAA_Suche (RC18)/15_Testfall" classname="Test Cases/Prototyp_GAA_Suche (RC18)/15_Testfall" status="PASSED">
         <system-out><![CDATA[2018-03-13 10:47:38 - [TEST_CASE][PASSED] - Test Cases/Prototyp_GAA_Suche (RC18)/15_Testfall: Test Cases/Prototyp_GAA_Suche (RC18)/15_Testfall

2018-03-13 10:47:38 - [TEST_STEP][PASSED] - openBrowser: Browser is opened with url: ''

2018-03-13 10:47:48 - [MESSAGE][PASSED] - Browser is opened with url: ''

2018-03-13 10:47:48 - [TEST_STEP][PASSED] - maximizeWindow: Current window maximized

2018-03-13 10:47:48 - [MESSAGE][PASSED] - Current window maximized

2018-03-13 10:47:48 - [TEST_STEP][PASSED] - deleteAllCookies: Delete all cookies successfully

2018-03-13 10:47:48 - [MESSAGE][PASSED] - Delete all cookies successfully

2018-03-13 10:47:48 - [TEST_STEP][PASSED] - navigateToUrl: Navigate to 'http://rc-ogrhtmlprototyp.testintern/18-1-0/geldautomatensuche.html' successfully

2018-03-13 10:47:59 - [MESSAGE][PASSED] - Navigate to 'http://rc-ogrhtmlprototyp.testintern/18-1-0/geldautomatensuche.html' successfully

2018-03-13 10:47:59 - [TEST_STEP][PASSED] - delay: Delayed 5 second(s)

2018-03-13 10:48:04 - [MESSAGE][PASSED] - Delayed 5 second(s)

2018-03-13 10:48:04 - [TEST_STEP][PASSED] - click: Object: 'Object Repository/GAA/Page_Geldautomatensuche - BVR HTML/svg_dropdown-icons' is clicked on

2018-03-13 10:48:04 - [MESSAGE][PASSED] - Object: 'Object Repository/GAA/Page_Geldautomatensuche - BVR HTML/svg_dropdown-icons' is clicked on

2018-03-13 10:48:04 - [TEST_STEP][PASSED] - delay: Delayed 2 second(s)

2018-03-13 10:48:06 - [MESSAGE][PASSED] - Delayed 2 second(s)

2018-03-13 10:48:06 - [TEST_STEP][PASSED] - mouseOver: Object: 'Object Repository/GAA/Page_Geldautomatensuche - BVR HTML/div_Berlin' is hovered

2018-03-13 10:48:06 - [MESSAGE][PASSED] - Object: 'Object Repository/GAA/Page_Geldautomatensuche - BVR HTML/div_Berlin' is hovered

2018-03-13 10:48:06 - [TEST_STEP][PASSED] - delay: Delayed 2 second(s)

2018-03-13 10:48:08 - [MESSAGE][PASSED] - Delayed 2 second(s)

2018-03-13 10:48:08 - [TEST_STEP][PASSED] - click: Object: 'Object Repository/GAA/Page_Geldautomatensuche - BVR HTML/div_Berlin' is clicked on

2018-03-13 10:48:08 - [MESSAGE][PASSED] - Object: 'Object Repository/GAA/Page_Geldautomatensuche - BVR HTML/div_Berlin' is clicked on

2018-03-13 10:48:08 - [TEST_STEP][PASSED] - delay: Delayed 2 second(s)

2018-03-13 10:48:10 - [MESSAGE][PASSED] - Delayed 2 second(s)

2018-03-13 10:48:10 - [TEST_STEP][PASSED] - click: Object: 'Object Repository/GAA/Page_Geldautomatensuche - BVR HTML (1)/span_Geldautomat Berliner Volk' is clicked on

2018-03-13 10:48:11 - [MESSAGE][PASSED] - Object: 'Object Repository/GAA/Page_Geldautomatensuche - BVR HTML (1)/span_Geldautomat Berliner Volk' is clicked on

2018-03-13 10:48:11 - [TEST_STEP][PASSED] - verifyTextPresent: Text 'Geldautomat: Berliner Volksbank eG' is present on page 

2018-03-13 10:48:15 - [MESSAGE][PASSED] - Text 'Geldautomat: Berliner Volksbank eG' is present on page 

2018-03-13 10:48:15 - [TEST_STEP][PASSED] - verifyTextPresent: Text 'Adamstr. 2' is present on page 

2018-03-13 10:48:18 - [MESSAGE][PASSED] - Text 'Adamstr. 2' is present on page 

2018-03-13 10:48:18 - [TEST_STEP][PASSED] - verifyTextPresent: Text '13595 Berlin' is present on page 

2018-03-13 10:48:22 - [MESSAGE][PASSED] - Text '13595 Berlin' is present on page 

2018-03-13 10:48:22 - [TEST_STEP][PASSED] - click: Object: 'Object Repository/GAA/Page_Geldautomatensuche - BVR HTML (1)/span_Geldautomat Berliner Volk' is clicked on

2018-03-13 10:48:22 - [MESSAGE][PASSED] - Object: 'Object Repository/GAA/Page_Geldautomatensuche - BVR HTML (1)/span_Geldautomat Berliner Volk' is clicked on

2018-03-13 10:48:22 - [TEST_STEP][PASSED] - click: Object: 'Object Repository/GAA/Page_Geldautomatensuche - BVR HTML (1)/a_2' is clicked on

2018-03-13 10:48:23 - [MESSAGE][PASSED] - Object: 'Object Repository/GAA/Page_Geldautomatensuche - BVR HTML (1)/a_2' is clicked on

2018-03-13 10:48:23 - [TEST_STEP][PASSED] - click: Object: 'Object Repository/GAA/Page_Geldautomatensuche - BVR HTML (1)/a_3' is clicked on

2018-03-13 10:48:23 - [MESSAGE][PASSED] - Object: 'Object Repository/GAA/Page_Geldautomatensuche - BVR HTML (1)/a_3' is clicked on

2018-03-13 10:48:23 - [TEST_STEP][PASSED] - click: Object: 'Object Repository/GAA/Page_Geldautomatensuche - BVR HTML (1)/a_4' is clicked on

2018-03-13 10:48:23 - [MESSAGE][PASSED] - Object: 'Object Repository/GAA/Page_Geldautomatensuche - BVR HTML (1)/a_4' is clicked on

2018-03-13 10:48:23 - [TEST_STEP][PASSED] - click: Object: 'Object Repository/GAA/Page_Geldautomatensuche - BVR HTML (1)/a_5' is clicked on

2018-03-13 10:48:24 - [MESSAGE][PASSED] - Object: 'Object Repository/GAA/Page_Geldautomatensuche - BVR HTML (1)/a_5' is clicked on

2018-03-13 10:48:24 - [TEST_STEP][PASSED] - click: Object: 'Object Repository/GAA/Page_Geldautomatensuche - BVR HTML (1)/a_6' is clicked on

2018-03-13 10:48:24 - [MESSAGE][PASSED] - Object: 'Object Repository/GAA/Page_Geldautomatensuche - BVR HTML (1)/a_6' is clicked on

2018-03-13 10:48:24 - [TEST_STEP][PASSED] - click: Object: 'Object Repository/GAA/Page_Geldautomatensuche - BVR HTML (1)/a_7' is clicked on

2018-03-13 10:48:24 - [MESSAGE][PASSED] - Object: 'Object Repository/GAA/Page_Geldautomatensuche - BVR HTML (1)/a_7' is clicked on

2018-03-13 10:48:24 - [TEST_STEP][PASSED] - click: Object: 'Object Repository/GAA/Page_Geldautomatensuche - BVR HTML (1)/a_8' is clicked on

2018-03-13 10:48:24 - [MESSAGE][PASSED] - Object: 'Object Repository/GAA/Page_Geldautomatensuche - BVR HTML (1)/a_8' is clicked on

2018-03-13 10:48:24 - [TEST_STEP][PASSED] - click: Object: 'Object Repository/GAA/Page_Geldautomatensuche - BVR HTML (1)/a_9' is clicked on

2018-03-13 10:48:25 - [MESSAGE][PASSED] - Object: 'Object Repository/GAA/Page_Geldautomatensuche - BVR HTML (1)/a_9' is clicked on

2018-03-13 10:48:25 - [TEST_STEP][PASSED] - click: Object: 'Object Repository/GAA/Page_Geldautomatensuche - BVR HTML (1)/a_10' is clicked on

2018-03-13 10:48:25 - [MESSAGE][PASSED] - Object: 'Object Repository/GAA/Page_Geldautomatensuche - BVR HTML (1)/a_10' is clicked on

2018-03-13 10:48:25 - [TEST_STEP][PASSED] - click: Object: 'Object Repository/GAA/Page_Geldautomatensuche - BVR HTML (1)/a_11' is clicked on

2018-03-13 10:48:26 - [MESSAGE][PASSED] - Object: 'Object Repository/GAA/Page_Geldautomatensuche - BVR HTML (1)/a_11' is clicked on

2018-03-13 10:48:26 - [TEST_STEP][PASSED] - click: Object: 'Object Repository/GAA/Page_Geldautomatensuche - BVR HTML (1)/a_12' is clicked on

2018-03-13 10:48:26 - [MESSAGE][PASSED] - Object: 'Object Repository/GAA/Page_Geldautomatensuche - BVR HTML (1)/a_12' is clicked on

2018-03-13 10:48:26 - [TEST_STEP][PASSED] - click: Object: 'Object Repository/GAA/Page_Geldautomatensuche - BVR HTML (1)/a_Zurck' is clicked on

2018-03-13 10:48:26 - [MESSAGE][PASSED] - Object: 'Object Repository/GAA/Page_Geldautomatensuche - BVR HTML (1)/a_Zurck' is clicked on

2018-03-13 10:48:26 - [TEST_STEP][PASSED] - click: Object: 'Object Repository/GAA/Page_Geldautomatensuche - BVR HTML (1)/a_Zurck' is clicked on

2018-03-13 10:48:26 - [MESSAGE][PASSED] - Object: 'Object Repository/GAA/Page_Geldautomatensuche - BVR HTML (1)/a_Zurck' is clicked on

2018-03-13 10:48:26 - [TEST_STEP][PASSED] - click: Object: 'Object Repository/GAA/Page_Geldautomatensuche - BVR HTML (1)/a_Zurck' is clicked on

2018-03-13 10:48:27 - [MESSAGE][PASSED] - Object: 'Object Repository/GAA/Page_Geldautomatensuche - BVR HTML (1)/a_Zurck' is clicked on

2018-03-13 10:48:27 - [TEST_STEP][PASSED] - click: Object: 'Object Repository/GAA/Page_Geldautomatensuche - BVR HTML (1)/a_Zurck' is clicked on

2018-03-13 10:48:27 - [MESSAGE][PASSED] - Object: 'Object Repository/GAA/Page_Geldautomatensuche - BVR HTML (1)/a_Zurck' is clicked on

2018-03-13 10:48:27 - [TEST_STEP][PASSED] - click: Object: 'Object Repository/GAA/Page_Geldautomatensuche - BVR HTML (1)/a_Zum Anfang' is clicked on

2018-03-13 10:48:27 - [MESSAGE][PASSED] - Object: 'Object Repository/GAA/Page_Geldautomatensuche - BVR HTML (1)/a_Zum Anfang' is clicked on

2018-03-13 10:48:27 - [TEST_STEP][PASSED] - click: Object: 'Object Repository/GAA/Page_Geldautomatensuche - BVR HTML (1)/a_Zum Ende' is clicked on

2018-03-13 10:48:27 - [MESSAGE][PASSED] - Object: 'Object Repository/GAA/Page_Geldautomatensuche - BVR HTML (1)/a_Zum Ende' is clicked on

2018-03-13 10:48:27 - [TEST_STEP][PASSED] - click: Object: 'Object Repository/GAA/Page_Geldautomatensuche - BVR HTML (1)/li_Zurck' is clicked on

2018-03-13 10:48:28 - [MESSAGE][PASSED] - Object: 'Object Repository/GAA/Page_Geldautomatensuche - BVR HTML (1)/li_Zurck' is clicked on

2018-03-13 10:48:28 - [TEST_STEP][PASSED] - click: Object: 'Object Repository/GAA/Page_Geldautomatensuche - BVR HTML (1)/a_Zurck' is clicked on

2018-03-13 10:48:28 - [MESSAGE][PASSED] - Object: 'Object Repository/GAA/Page_Geldautomatensuche - BVR HTML (1)/a_Zurck' is clicked on

2018-03-13 10:48:28 - [TEST_STEP][PASSED] - click: Object: 'Object Repository/GAA/Page_Geldautomatensuche - BVR HTML (1)/a_Zurck' is clicked on

2018-03-13 10:48:28 - [MESSAGE][PASSED] - Object: 'Object Repository/GAA/Page_Geldautomatensuche - BVR HTML (1)/a_Zurck' is clicked on

2018-03-13 10:48:28 - [TEST_STEP][PASSED] - click: Object: 'Object Repository/GAA/Page_Geldautomatensuche - BVR HTML (1)/a_Weiter' is clicked on

2018-03-13 10:48:29 - [MESSAGE][PASSED] - Object: 'Object Repository/GAA/Page_Geldautomatensuche - BVR HTML (1)/a_Weiter' is clicked on

2018-03-13 10:48:29 - [TEST_STEP][PASSED] - click: Object: 'Object Repository/GAA/Page_Geldautomatensuche - BVR HTML (1)/a_Weiter' is clicked on

2018-03-13 10:48:29 - [MESSAGE][PASSED] - Object: 'Object Repository/GAA/Page_Geldautomatensuche - BVR HTML (1)/a_Weiter' is clicked on

2018-03-13 10:48:29 - [TEST_STEP][PASSED] - click: Object: 'Object Repository/GAA/Page_Geldautomatensuche - BVR HTML (1)/a_Weiter' is clicked on

2018-03-13 10:48:29 - [MESSAGE][PASSED] - Object: 'Object Repository/GAA/Page_Geldautomatensuche - BVR HTML (1)/a_Weiter' is clicked on

2018-03-13 10:48:29 - [TEST_STEP][PASSED] - closeBrowser: Browser is closed

2018-03-13 10:48:31 - [MESSAGE][PASSED] - Browser is closed]]></system-out>
         <system-err><![CDATA[]]></system-err>
      </testcase>
      <testcase name="Test Cases/Prototyp_GAA_Suche (RC18)/16_Testfall" classname="Test Cases/Prototyp_GAA_Suche (RC18)/16_Testfall" status="PASSED">
         <system-out><![CDATA[2018-03-13 10:48:31 - [TEST_CASE][PASSED] - Test Cases/Prototyp_GAA_Suche (RC18)/16_Testfall: Test Cases/Prototyp_GAA_Suche (RC18)/16_Testfall

2018-03-13 10:48:31 - [TEST_STEP][PASSED] - openBrowser: Browser is opened with url: ''

2018-03-13 10:48:37 - [MESSAGE][PASSED] - Browser is opened with url: ''

2018-03-13 10:48:37 - [TEST_STEP][PASSED] - maximizeWindow: Current window maximized

2018-03-13 10:48:37 - [MESSAGE][PASSED] - Current window maximized

2018-03-13 10:48:37 - [TEST_STEP][PASSED] - deleteAllCookies: Delete all cookies successfully

2018-03-13 10:48:37 - [MESSAGE][PASSED] - Delete all cookies successfully

2018-03-13 10:48:37 - [TEST_STEP][PASSED] - navigateToUrl: Navigate to 'http://rc-ogrhtmlprototyp.testintern/18-1-0/geldautomatensuche.html' successfully

2018-03-13 10:48:39 - [MESSAGE][PASSED] - Navigate to 'http://rc-ogrhtmlprototyp.testintern/18-1-0/geldautomatensuche.html' successfully

2018-03-13 10:48:39 - [TEST_STEP][PASSED] - delay: Delayed 5 second(s)

2018-03-13 10:48:44 - [MESSAGE][PASSED] - Delayed 5 second(s)

2018-03-13 10:48:44 - [TEST_STEP][PASSED] - delay: Delayed 2 second(s)

2018-03-13 10:48:46 - [MESSAGE][PASSED] - Delayed 2 second(s)

2018-03-13 10:48:46 - [TEST_STEP][PASSED] - click: Object: 'Object Repository/GAA/Page_Geldautomatensuche - BVR HTML (1)/a_2' is clicked on

2018-03-13 10:48:47 - [MESSAGE][PASSED] - Object: 'Object Repository/GAA/Page_Geldautomatensuche - BVR HTML (1)/a_2' is clicked on

2018-03-13 10:48:47 - [TEST_STEP][PASSED] - click: Object: 'Object Repository/GAA/Page_Geldautomatensuche - BVR HTML (1)/a_3' is clicked on

2018-03-13 10:48:47 - [MESSAGE][PASSED] - Object: 'Object Repository/GAA/Page_Geldautomatensuche - BVR HTML (1)/a_3' is clicked on

2018-03-13 10:48:47 - [TEST_STEP][PASSED] - click: Object: 'Object Repository/GAA/Page_Geldautomatensuche - BVR HTML (1)/a_4' is clicked on

2018-03-13 10:48:47 - [MESSAGE][PASSED] - Object: 'Object Repository/GAA/Page_Geldautomatensuche - BVR HTML (1)/a_4' is clicked on

2018-03-13 10:48:47 - [TEST_STEP][PASSED] - click: Object: 'Object Repository/GAA/Page_Geldautomatensuche - BVR HTML (1)/a_5' is clicked on

2018-03-13 10:48:47 - [MESSAGE][PASSED] - Object: 'Object Repository/GAA/Page_Geldautomatensuche - BVR HTML (1)/a_5' is clicked on

2018-03-13 10:48:47 - [TEST_STEP][PASSED] - click: Object: 'Object Repository/GAA/Page_Geldautomatensuche - BVR HTML (1)/a_6' is clicked on

2018-03-13 10:48:48 - [MESSAGE][PASSED] - Object: 'Object Repository/GAA/Page_Geldautomatensuche - BVR HTML (1)/a_6' is clicked on

2018-03-13 10:48:48 - [TEST_STEP][PASSED] - click: Object: 'Object Repository/GAA/Page_Geldautomatensuche - BVR HTML (1)/a_7' is clicked on

2018-03-13 10:48:48 - [MESSAGE][PASSED] - Object: 'Object Repository/GAA/Page_Geldautomatensuche - BVR HTML (1)/a_7' is clicked on

2018-03-13 10:48:48 - [TEST_STEP][PASSED] - click: Object: 'Object Repository/GAA/Page_Geldautomatensuche - BVR HTML (1)/a_8' is clicked on

2018-03-13 10:48:48 - [MESSAGE][PASSED] - Object: 'Object Repository/GAA/Page_Geldautomatensuche - BVR HTML (1)/a_8' is clicked on

2018-03-13 10:48:48 - [TEST_STEP][PASSED] - click: Object: 'Object Repository/GAA/Page_Geldautomatensuche - BVR HTML (1)/a_9' is clicked on

2018-03-13 10:48:49 - [MESSAGE][PASSED] - Object: 'Object Repository/GAA/Page_Geldautomatensuche - BVR HTML (1)/a_9' is clicked on

2018-03-13 10:48:49 - [TEST_STEP][PASSED] - click: Object: 'Object Repository/GAA/Page_Geldautomatensuche - BVR HTML (1)/a_10' is clicked on

2018-03-13 10:48:49 - [MESSAGE][PASSED] - Object: 'Object Repository/GAA/Page_Geldautomatensuche - BVR HTML (1)/a_10' is clicked on

2018-03-13 10:48:49 - [TEST_STEP][PASSED] - click: Object: 'Object Repository/GAA/Page_Geldautomatensuche - BVR HTML (1)/a_11' is clicked on

2018-03-13 10:48:49 - [MESSAGE][PASSED] - Object: 'Object Repository/GAA/Page_Geldautomatensuche - BVR HTML (1)/a_11' is clicked on

2018-03-13 10:48:49 - [TEST_STEP][PASSED] - click: Object: 'Object Repository/GAA/Page_Geldautomatensuche - BVR HTML (1)/a_12' is clicked on

2018-03-13 10:48:49 - [MESSAGE][PASSED] - Object: 'Object Repository/GAA/Page_Geldautomatensuche - BVR HTML (1)/a_12' is clicked on

2018-03-13 10:48:49 - [TEST_STEP][PASSED] - click: Object: 'Object Repository/GAA/Page_Geldautomatensuche - BVR HTML (1)/a_Zurck' is clicked on

2018-03-13 10:48:50 - [MESSAGE][PASSED] - Object: 'Object Repository/GAA/Page_Geldautomatensuche - BVR HTML (1)/a_Zurck' is clicked on

2018-03-13 10:48:50 - [TEST_STEP][PASSED] - click: Object: 'Object Repository/GAA/Page_Geldautomatensuche - BVR HTML (1)/a_Zurck' is clicked on

2018-03-13 10:48:50 - [MESSAGE][PASSED] - Object: 'Object Repository/GAA/Page_Geldautomatensuche - BVR HTML (1)/a_Zurck' is clicked on

2018-03-13 10:48:50 - [TEST_STEP][PASSED] - click: Object: 'Object Repository/GAA/Page_Geldautomatensuche - BVR HTML (1)/a_Zurck' is clicked on

2018-03-13 10:48:50 - [MESSAGE][PASSED] - Object: 'Object Repository/GAA/Page_Geldautomatensuche - BVR HTML (1)/a_Zurck' is clicked on

2018-03-13 10:48:50 - [TEST_STEP][PASSED] - click: Object: 'Object Repository/GAA/Page_Geldautomatensuche - BVR HTML (1)/a_Zurck' is clicked on

2018-03-13 10:48:50 - [MESSAGE][PASSED] - Object: 'Object Repository/GAA/Page_Geldautomatensuche - BVR HTML (1)/a_Zurck' is clicked on

2018-03-13 10:48:50 - [TEST_STEP][PASSED] - click: Object: 'Object Repository/GAA/Page_Geldautomatensuche - BVR HTML (1)/a_Zum Anfang' is clicked on

2018-03-13 10:48:51 - [MESSAGE][PASSED] - Object: 'Object Repository/GAA/Page_Geldautomatensuche - BVR HTML (1)/a_Zum Anfang' is clicked on

2018-03-13 10:48:51 - [TEST_STEP][PASSED] - click: Object: 'Object Repository/GAA/Page_Geldautomatensuche - BVR HTML (1)/a_Zum Ende' is clicked on

2018-03-13 10:48:51 - [MESSAGE][PASSED] - Object: 'Object Repository/GAA/Page_Geldautomatensuche - BVR HTML (1)/a_Zum Ende' is clicked on

2018-03-13 10:48:51 - [TEST_STEP][PASSED] - click: Object: 'Object Repository/GAA/Page_Geldautomatensuche - BVR HTML (1)/li_Zurck' is clicked on

2018-03-13 10:48:51 - [MESSAGE][PASSED] - Object: 'Object Repository/GAA/Page_Geldautomatensuche - BVR HTML (1)/li_Zurck' is clicked on

2018-03-13 10:48:51 - [TEST_STEP][PASSED] - click: Object: 'Object Repository/GAA/Page_Geldautomatensuche - BVR HTML (1)/a_Zurck' is clicked on

2018-03-13 10:48:52 - [MESSAGE][PASSED] - Object: 'Object Repository/GAA/Page_Geldautomatensuche - BVR HTML (1)/a_Zurck' is clicked on

2018-03-13 10:48:52 - [TEST_STEP][PASSED] - click: Object: 'Object Repository/GAA/Page_Geldautomatensuche - BVR HTML (1)/a_Zurck' is clicked on

2018-03-13 10:48:52 - [MESSAGE][PASSED] - Object: 'Object Repository/GAA/Page_Geldautomatensuche - BVR HTML (1)/a_Zurck' is clicked on

2018-03-13 10:48:52 - [TEST_STEP][PASSED] - click: Object: 'Object Repository/GAA/Page_Geldautomatensuche - BVR HTML (1)/a_Weiter' is clicked on

2018-03-13 10:48:52 - [MESSAGE][PASSED] - Object: 'Object Repository/GAA/Page_Geldautomatensuche - BVR HTML (1)/a_Weiter' is clicked on

2018-03-13 10:48:52 - [TEST_STEP][PASSED] - click: Object: 'Object Repository/GAA/Page_Geldautomatensuche - BVR HTML (1)/a_Weiter' is clicked on

2018-03-13 10:48:52 - [MESSAGE][PASSED] - Object: 'Object Repository/GAA/Page_Geldautomatensuche - BVR HTML (1)/a_Weiter' is clicked on

2018-03-13 10:48:52 - [TEST_STEP][PASSED] - click: Object: 'Object Repository/GAA/Page_Geldautomatensuche - BVR HTML (1)/a_Weiter' is clicked on

2018-03-13 10:48:53 - [MESSAGE][PASSED] - Object: 'Object Repository/GAA/Page_Geldautomatensuche - BVR HTML (1)/a_Weiter' is clicked on

2018-03-13 10:48:53 - [TEST_STEP][PASSED] - closeBrowser: Browser is closed

2018-03-13 10:48:54 - [MESSAGE][PASSED] - Browser is closed]]></system-out>
         <system-err><![CDATA[]]></system-err>
      </testcase>
      <testcase name="Test Cases/Prototyp_GAA_Suche (RC18)/17_Testfall" classname="Test Cases/Prototyp_GAA_Suche (RC18)/17_Testfall" status="PASSED">
         <system-out><![CDATA[2018-03-13 10:48:54 - [TEST_CASE][PASSED] - Test Cases/Prototyp_GAA_Suche (RC18)/17_Testfall: Test Cases/Prototyp_GAA_Suche (RC18)/17_Testfall

2018-03-13 10:48:54 - [TEST_STEP][PASSED] - openBrowser: Browser is opened with url: ''

2018-03-13 10:49:05 - [MESSAGE][PASSED] - Browser is opened with url: ''

2018-03-13 10:49:05 - [TEST_STEP][PASSED] - maximizeWindow: Current window maximized

2018-03-13 10:49:05 - [MESSAGE][PASSED] - Current window maximized

2018-03-13 10:49:05 - [TEST_STEP][PASSED] - deleteAllCookies: Delete all cookies successfully

2018-03-13 10:49:05 - [MESSAGE][PASSED] - Delete all cookies successfully

2018-03-13 10:49:05 - [TEST_STEP][PASSED] - navigateToUrl: Navigate to 'http://rc-ogrhtmlprototyp.testintern/18-1-0/geldautomatensuche-bundesweit.html' successfully

2018-03-13 10:49:09 - [MESSAGE][PASSED] - Navigate to 'http://rc-ogrhtmlprototyp.testintern/18-1-0/geldautomatensuche-bundesweit.html' successfully

2018-03-13 10:49:09 - [TEST_STEP][PASSED] - click: Object: 'Object Repository/GAA18/Page_Geldautomatensuche-bundesweit (1)/span_Bargeld im Einzelhandel' is clicked on

2018-03-13 10:49:09 - [MESSAGE][PASSED] - Object: 'Object Repository/GAA18/Page_Geldautomatensuche-bundesweit (1)/span_Bargeld im Einzelhandel' is clicked on

2018-03-13 10:49:09 - [TEST_STEP][PASSED] - delay: Delayed 2 second(s)

2018-03-13 10:49:11 - [MESSAGE][PASSED] - Delayed 2 second(s)

2018-03-13 10:49:11 - [TEST_STEP][PASSED] - setText: Text 'berlin' is set on object 'Object Repository/GAA17/Page_Geldautomatensuche-bundesweit/input_city'

2018-03-13 10:49:12 - [MESSAGE][PASSED] - Text 'berlin' is set on object 'Object Repository/GAA17/Page_Geldautomatensuche-bundesweit/input_city'

2018-03-13 10:49:12 - [TEST_STEP][PASSED] - delay: Delayed 2 second(s)

2018-03-13 10:49:14 - [MESSAGE][PASSED] - Delayed 2 second(s)

2018-03-13 10:49:14 - [TEST_STEP][PASSED] - click: Object: 'Object Repository/GAA17/Page_Geldautomatensuche-bundesweit/button_Suchen' is clicked on

2018-03-13 10:49:14 - [MESSAGE][PASSED] - Object: 'Object Repository/GAA17/Page_Geldautomatensuche-bundesweit/button_Suchen' is clicked on

2018-03-13 10:49:14 - [TEST_STEP][PASSED] - delay: Delayed 2 second(s)

2018-03-13 10:49:16 - [MESSAGE][PASSED] - Delayed 2 second(s)

2018-03-13 10:49:16 - [TEST_STEP][PASSED] - click: Object: 'Object Repository/GAA17/Page_Geldautomatensuche-bundesweit/a_2' is clicked on

2018-03-13 10:49:18 - [MESSAGE][PASSED] - Object: 'Object Repository/GAA17/Page_Geldautomatensuche-bundesweit/a_2' is clicked on

2018-03-13 10:49:18 - [TEST_STEP][PASSED] - click: Object: 'Object Repository/GAA17/Page_Geldautomatensuche-bundesweit/a_3' is clicked on

2018-03-13 10:49:18 - [MESSAGE][PASSED] - Object: 'Object Repository/GAA17/Page_Geldautomatensuche-bundesweit/a_3' is clicked on

2018-03-13 10:49:18 - [TEST_STEP][PASSED] - click: Object: 'Object Repository/GAA17/Page_Geldautomatensuche-bundesweit/a_4' is clicked on

2018-03-13 10:49:19 - [MESSAGE][PASSED] - Object: 'Object Repository/GAA17/Page_Geldautomatensuche-bundesweit/a_4' is clicked on

2018-03-13 10:49:19 - [TEST_STEP][PASSED] - click: Object: 'Object Repository/GAA17/Page_Geldautomatensuche-bundesweit/a_5' is clicked on

2018-03-13 10:49:19 - [MESSAGE][PASSED] - Object: 'Object Repository/GAA17/Page_Geldautomatensuche-bundesweit/a_5' is clicked on

2018-03-13 10:49:19 - [TEST_STEP][PASSED] - click: Object: 'Object Repository/GAA17/Page_Geldautomatensuche-bundesweit/a_Zum Anfang' is clicked on

2018-03-13 10:49:19 - [MESSAGE][PASSED] - Object: 'Object Repository/GAA17/Page_Geldautomatensuche-bundesweit/a_Zum Anfang' is clicked on

2018-03-13 10:49:19 - [TEST_STEP][PASSED] - click: Object: 'Object Repository/GAA17/Page_Geldautomatensuche-bundesweit/a_Weiter' is clicked on

2018-03-13 10:49:20 - [MESSAGE][PASSED] - Object: 'Object Repository/GAA17/Page_Geldautomatensuche-bundesweit/a_Weiter' is clicked on

2018-03-13 10:49:20 - [TEST_STEP][PASSED] - click: Object: 'Object Repository/GAA17/Page_Geldautomatensuche-bundesweit/a_Weiter' is clicked on

2018-03-13 10:49:20 - [MESSAGE][PASSED] - Object: 'Object Repository/GAA17/Page_Geldautomatensuche-bundesweit/a_Weiter' is clicked on

2018-03-13 10:49:20 - [TEST_STEP][PASSED] - click: Object: 'Object Repository/GAA17/Page_Geldautomatensuche-bundesweit/a_Weiter' is clicked on

2018-03-13 10:49:20 - [MESSAGE][PASSED] - Object: 'Object Repository/GAA17/Page_Geldautomatensuche-bundesweit/a_Weiter' is clicked on

2018-03-13 10:49:20 - [TEST_STEP][PASSED] - click: Object: 'Object Repository/GAA17/Page_Geldautomatensuche-bundesweit/li_Weiter' is clicked on

2018-03-13 10:49:20 - [MESSAGE][PASSED] - Object: 'Object Repository/GAA17/Page_Geldautomatensuche-bundesweit/li_Weiter' is clicked on

2018-03-13 10:49:20 - [TEST_STEP][PASSED] - click: Object: 'Object Repository/GAA17/Page_Geldautomatensuche-bundesweit/a_Zurck' is clicked on

2018-03-13 10:49:21 - [MESSAGE][PASSED] - Object: 'Object Repository/GAA17/Page_Geldautomatensuche-bundesweit/a_Zurck' is clicked on

2018-03-13 10:49:21 - [TEST_STEP][PASSED] - click: Object: 'Object Repository/GAA17/Page_Geldautomatensuche-bundesweit/a_Zurck' is clicked on

2018-03-13 10:49:21 - [MESSAGE][PASSED] - Object: 'Object Repository/GAA17/Page_Geldautomatensuche-bundesweit/a_Zurck' is clicked on

2018-03-13 10:49:21 - [TEST_STEP][PASSED] - click: Object: 'Object Repository/GAA17/Page_Geldautomatensuche-bundesweit/a_Zurck' is clicked on

2018-03-13 10:49:21 - [MESSAGE][PASSED] - Object: 'Object Repository/GAA17/Page_Geldautomatensuche-bundesweit/a_Zurck' is clicked on

2018-03-13 10:49:21 - [TEST_STEP][PASSED] - click: Object: 'Object Repository/GAA17/Page_Geldautomatensuche-bundesweit/li_Zum Ende' is clicked on

2018-03-13 10:49:21 - [MESSAGE][PASSED] - Object: 'Object Repository/GAA17/Page_Geldautomatensuche-bundesweit/li_Zum Ende' is clicked on

2018-03-13 10:49:21 - [TEST_STEP][PASSED] - closeBrowser: Browser is closed

2018-03-13 10:49:22 - [MESSAGE][PASSED] - Browser is closed]]></system-out>
         <system-err><![CDATA[]]></system-err>
      </testcase>
      <testcase name="Test Cases/Prototyp_GAA_Suche (RC18)/18_Testfall" classname="Test Cases/Prototyp_GAA_Suche (RC18)/18_Testfall" status="PASSED">
         <system-out><![CDATA[2018-03-13 10:49:22 - [TEST_CASE][PASSED] - Test Cases/Prototyp_GAA_Suche (RC18)/18_Testfall: Test Cases/Prototyp_GAA_Suche (RC18)/18_Testfall

2018-03-13 10:49:22 - [TEST_STEP][PASSED] - openBrowser: Browser is opened with url: ''

2018-03-13 10:49:32 - [MESSAGE][PASSED] - Browser is opened with url: ''

2018-03-13 10:49:32 - [TEST_STEP][PASSED] - deleteAllCookies: Delete all cookies successfully

2018-03-13 10:49:32 - [MESSAGE][PASSED] - Delete all cookies successfully

2018-03-13 10:49:32 - [TEST_STEP][PASSED] - maximizeWindow: Current window maximized

2018-03-13 10:49:32 - [MESSAGE][PASSED] - Current window maximized

2018-03-13 10:49:32 - [TEST_STEP][PASSED] - navigateToUrl: Navigate to 'http://rc-ogrhtmlprototyp.testintern/18-1-0/geldautomatensuche.html' successfully

2018-03-13 10:49:34 - [MESSAGE][PASSED] - Navigate to 'http://rc-ogrhtmlprototyp.testintern/18-1-0/geldautomatensuche.html' successfully

2018-03-13 10:49:34 - [TEST_STEP][PASSED] - delay: Delayed 5 second(s)

2018-03-13 10:49:39 - [MESSAGE][PASSED] - Delayed 5 second(s)

2018-03-13 10:49:39 - [TEST_STEP][PASSED] - click: Object: 'Object Repository/002/Page_Filialsuche-rotenburg - BVR HT/svg_dropdown-icons' is clicked on

2018-03-13 10:49:39 - [MESSAGE][PASSED] - Object: 'Object Repository/002/Page_Filialsuche-rotenburg - BVR HT/svg_dropdown-icons' is clicked on

2018-03-13 10:49:39 - [TEST_STEP][PASSED] - delay: Delayed 2 second(s)

2018-03-13 10:49:41 - [MESSAGE][PASSED] - Delayed 2 second(s)

2018-03-13 10:49:41 - [TEST_STEP][PASSED] - mouseOver: Object: 'Object Repository/Potsdam_option' is hovered

2018-03-13 10:49:41 - [MESSAGE][PASSED] - Object: 'Object Repository/Potsdam_option' is hovered

2018-03-13 10:49:41 - [TEST_STEP][PASSED] - delay: Delayed 2 second(s)

2018-03-13 10:49:43 - [MESSAGE][PASSED] - Delayed 2 second(s)

2018-03-13 10:49:43 - [TEST_STEP][PASSED] - click: Object: 'Object Repository/Potsdam_option' is clicked on

2018-03-13 10:49:43 - [MESSAGE][PASSED] - Object: 'Object Repository/Potsdam_option' is clicked on

2018-03-13 10:49:43 - [TEST_STEP][PASSED] - delay: Delayed 5 second(s)

2018-03-13 10:49:48 - [MESSAGE][PASSED] - Delayed 5 second(s)

2018-03-13 10:49:48 - [TEST_STEP][PASSED] - Statement - wes1 = com.kms.katalon.core.webui.common.WebUiCommonHelper.findWebElements(com.kms.katalon.core.testobject.ObjectRepository.findTestObject(gaa_map), 5): Found 2 web elements with id: 'Object Repository/gaa_map' located by 'By.xpath: //div[@class='aps-map__custom-marker aps-map__custom-marker--is-atm']' in '5' second(s)

2018-03-13 10:49:48 - [TEST_STEP][PASSED] - Statement - wes2 = com.kms.katalon.core.webui.common.WebUiCommonHelper.findWebElements(com.kms.katalon.core.testobject.ObjectRepository.findTestObject(loc_steet_filialsuche), 5): Found 2 web elements with id: 'Object Repository/loc_steet_filialsuche' located by 'By.xpath: //div[@class='loc-street']' in '5' second(s)

2018-03-13 10:49:48 - [TEST_STEP][PASSED] - Statement - wes3 = com.kms.katalon.core.webui.common.WebUiCommonHelper.findWebElements(com.kms.katalon.core.testobject.ObjectRepository.findTestObject(filialsuche_loc_city), 5): Finding web element with id: 'Object Repository/filialsuche_loc_city' located by 'By.xpath: /div[@class='loc-city']' in '5' second(s)

2018-03-13 10:49:53 - [TEST_STEP][PASSED] - Statement - filial_maps_count = wes1.size(): null

2018-03-13 10:49:53 - [TEST_STEP][PASSED] - Statement - filial_accordeon_count = wes2.size(): null

2018-03-13 10:49:53 - [TEST_STEP][PASSED] - Statement - filial_count = 2: null

2018-03-13 10:49:53 - [TEST_STEP][PASSED] - Statement - city_name = "Berlin": null

2018-03-13 10:49:53 - [TEST_STEP][PASSED] - Statement - If (filial_maps_count != filial_count): null

2018-03-13 10:49:53 - [TEST_STEP][PASSED] - Statement - For ([i = 0, i < wes3.size(), (i++)]): null

2018-03-13 10:49:53 - [TEST_STEP][PASSED] - closeBrowser: Browser is closed

2018-03-13 10:49:54 - [MESSAGE][PASSED] - Browser is closed]]></system-out>
         <system-err><![CDATA[]]></system-err>
      </testcase>
      <testcase name="Test Cases/Prototyp_GAA_Suche (RC18)/19TF" classname="Test Cases/Prototyp_GAA_Suche (RC18)/19TF" status="PASSED">
         <system-out><![CDATA[2018-03-13 10:49:54 - [TEST_CASE][PASSED] - Test Cases/Prototyp_GAA_Suche (RC18)/19TF: Test Cases/Prototyp_GAA_Suche (RC18)/19TF

2018-03-13 10:49:54 - [TEST_STEP][PASSED] - openBrowser: Browser is opened with url: ''

2018-03-13 10:49:59 - [MESSAGE][PASSED] - Browser is opened with url: ''

2018-03-13 10:49:59 - [TEST_STEP][PASSED] - maximizeWindow: Current window maximized

2018-03-13 10:49:59 - [MESSAGE][PASSED] - Current window maximized

2018-03-13 10:49:59 - [TEST_STEP][PASSED] - deleteAllCookies: Delete all cookies successfully

2018-03-13 10:49:59 - [MESSAGE][PASSED] - Delete all cookies successfully

2018-03-13 10:49:59 - [TEST_STEP][PASSED] - navigateToUrl: Navigate to 'http://rc-ogrhtmlprototyp.testintern/18-1-0/geldautomatensuche-bundesweit.html' successfully

2018-03-13 10:50:01 - [MESSAGE][PASSED] - Navigate to 'http://rc-ogrhtmlprototyp.testintern/18-1-0/geldautomatensuche-bundesweit.html' successfully

2018-03-13 10:50:01 - [TEST_STEP][PASSED] - click: Object: 'Object Repository/GAA18/Page_Geldautomatensuche-bundesweit (1)/span_Bargeld im Einzelhandel' is clicked on

2018-03-13 10:50:01 - [MESSAGE][PASSED] - Object: 'Object Repository/GAA18/Page_Geldautomatensuche-bundesweit (1)/span_Bargeld im Einzelhandel' is clicked on

2018-03-13 10:50:01 - [TEST_STEP][PASSED] - delay: Delayed 2 second(s)

2018-03-13 10:50:03 - [MESSAGE][PASSED] - Delayed 2 second(s)

2018-03-13 10:50:03 - [TEST_STEP][PASSED] - setText: Text 'berlin' is set on object 'Object Repository/GAA17/Page_Geldautomatensuche-bundesweit/input_city'

2018-03-13 10:50:03 - [MESSAGE][PASSED] - Text 'berlin' is set on object 'Object Repository/GAA17/Page_Geldautomatensuche-bundesweit/input_city'

2018-03-13 10:50:03 - [TEST_STEP][PASSED] - delay: Delayed 2 second(s)

2018-03-13 10:50:05 - [MESSAGE][PASSED] - Delayed 2 second(s)

2018-03-13 10:50:05 - [TEST_STEP][PASSED] - click: Object: 'Object Repository/GAA17/Page_Geldautomatensuche-bundesweit/button_Suchen' is clicked on

2018-03-13 10:50:05 - [MESSAGE][PASSED] - Object: 'Object Repository/GAA17/Page_Geldautomatensuche-bundesweit/button_Suchen' is clicked on

2018-03-13 10:50:05 - [TEST_STEP][PASSED] - delay: Delayed 2 second(s)

2018-03-13 10:50:07 - [MESSAGE][PASSED] - Delayed 2 second(s)

2018-03-13 10:50:07 - [TEST_STEP][PASSED] - closeBrowser: Browser is closed

2018-03-13 10:50:08 - [MESSAGE][PASSED] - Browser is closed]]></system-out>
         <system-err><![CDATA[]]></system-err>
      </testcase>
      <system-out><![CDATA[2018-03-13 10:44:50 - [TEST_SUITE][FAILED] - Prototyp GAA (RC18) 13_03_2018: Test Cases/Prototyp_GAA_Suche (RC18)/01_Testfall FAILED because (of) Anzahl Maps 99 ist NICHT gleich Anzahl Filialen 100]]></system-out>
      <system-err><![CDATA[2018-03-13 10:44:50 - [TEST_SUITE][FAILED] - Prototyp GAA (RC18) 13_03_2018: Test Cases/Prototyp_GAA_Suche (RC18)/01_Testfall FAILED because (of) Anzahl Maps 99 ist NICHT gleich Anzahl Filialen 100]]></system-err>
   </testsuite>
</testsuites>
